[2024-07-04T09:35:04.721+0000] {processor.py:161} INFO - Started process (PID=78) to work on /home/airflow/.local/lib/python3.12/site-packages/airflow/example_dags/example_skip_dag.py
[2024-07-04T09:35:04.737+0000] {processor.py:830} INFO - Processing file /home/airflow/.local/lib/python3.12/site-packages/airflow/example_dags/example_skip_dag.py for tasks to queue
[2024-07-04T09:35:04.748+0000] {logging_mixin.py:188} INFO - [2024-07-04T09:35:04.747+0000] {dagbag.py:545} INFO - Filling up the DagBag from /home/airflow/.local/lib/python3.12/site-packages/airflow/example_dags/example_skip_dag.py
[2024-07-04T09:35:04.802+0000] {processor.py:840} INFO - DAG(s) 'example_skip_dag' retrieved from /home/airflow/.local/lib/python3.12/site-packages/airflow/example_dags/example_skip_dag.py
[2024-07-04T09:35:05.381+0000] {logging_mixin.py:188} INFO - [2024-07-04T09:35:05.380+0000] {dag.py:3096} INFO - Sync 1 DAGs
[2024-07-04T09:35:05.490+0000] {logging_mixin.py:188} INFO - [2024-07-04T09:35:05.490+0000] {dag.py:3954} INFO - Setting next_dagrun for example_skip_dag to 2024-07-03 00:00:00+00:00, run_after=2024-07-04 00:00:00+00:00
[2024-07-04T09:35:05.603+0000] {processor.py:183} INFO - Processing /home/airflow/.local/lib/python3.12/site-packages/airflow/example_dags/example_skip_dag.py took 0.888 seconds
[2024-07-04T09:35:36.488+0000] {processor.py:161} INFO - Started process (PID=137) to work on /home/airflow/.local/lib/python3.12/site-packages/airflow/example_dags/example_skip_dag.py
[2024-07-04T09:35:36.489+0000] {processor.py:830} INFO - Processing file /home/airflow/.local/lib/python3.12/site-packages/airflow/example_dags/example_skip_dag.py for tasks to queue
[2024-07-04T09:35:36.491+0000] {logging_mixin.py:188} INFO - [2024-07-04T09:35:36.491+0000] {dagbag.py:545} INFO - Filling up the DagBag from /home/airflow/.local/lib/python3.12/site-packages/airflow/example_dags/example_skip_dag.py
[2024-07-04T09:35:36.499+0000] {processor.py:840} INFO - DAG(s) 'example_skip_dag' retrieved from /home/airflow/.local/lib/python3.12/site-packages/airflow/example_dags/example_skip_dag.py
[2024-07-04T09:35:36.524+0000] {logging_mixin.py:188} INFO - [2024-07-04T09:35:36.524+0000] {dag.py:3096} INFO - Sync 1 DAGs
[2024-07-04T09:35:36.545+0000] {logging_mixin.py:188} INFO - [2024-07-04T09:35:36.545+0000] {dag.py:3954} INFO - Setting next_dagrun for example_skip_dag to 2024-07-03 00:00:00+00:00, run_after=2024-07-04 00:00:00+00:00
[2024-07-04T09:35:36.598+0000] {processor.py:183} INFO - Processing /home/airflow/.local/lib/python3.12/site-packages/airflow/example_dags/example_skip_dag.py took 0.116 seconds
[2024-07-04T09:36:07.102+0000] {processor.py:161} INFO - Started process (PID=196) to work on /home/airflow/.local/lib/python3.12/site-packages/airflow/example_dags/example_skip_dag.py
[2024-07-04T09:36:07.128+0000] {processor.py:830} INFO - Processing file /home/airflow/.local/lib/python3.12/site-packages/airflow/example_dags/example_skip_dag.py for tasks to queue
[2024-07-04T09:36:07.145+0000] {logging_mixin.py:188} INFO - [2024-07-04T09:36:07.141+0000] {dagbag.py:545} INFO - Filling up the DagBag from /home/airflow/.local/lib/python3.12/site-packages/airflow/example_dags/example_skip_dag.py
[2024-07-04T09:36:07.170+0000] {processor.py:840} INFO - DAG(s) 'example_skip_dag' retrieved from /home/airflow/.local/lib/python3.12/site-packages/airflow/example_dags/example_skip_dag.py
[2024-07-04T09:36:07.222+0000] {logging_mixin.py:188} INFO - [2024-07-04T09:36:07.221+0000] {dag.py:3096} INFO - Sync 1 DAGs
[2024-07-04T09:36:07.302+0000] {logging_mixin.py:188} INFO - [2024-07-04T09:36:07.302+0000] {dag.py:3954} INFO - Setting next_dagrun for example_skip_dag to 2024-07-03 00:00:00+00:00, run_after=2024-07-04 00:00:00+00:00
[2024-07-04T09:36:07.433+0000] {processor.py:183} INFO - Processing /home/airflow/.local/lib/python3.12/site-packages/airflow/example_dags/example_skip_dag.py took 0.363 seconds
[2024-07-04T09:36:37.558+0000] {processor.py:161} INFO - Started process (PID=255) to work on /home/airflow/.local/lib/python3.12/site-packages/airflow/example_dags/example_skip_dag.py
[2024-07-04T09:36:37.561+0000] {processor.py:830} INFO - Processing file /home/airflow/.local/lib/python3.12/site-packages/airflow/example_dags/example_skip_dag.py for tasks to queue
[2024-07-04T09:36:37.565+0000] {logging_mixin.py:188} INFO - [2024-07-04T09:36:37.564+0000] {dagbag.py:545} INFO - Filling up the DagBag from /home/airflow/.local/lib/python3.12/site-packages/airflow/example_dags/example_skip_dag.py
[2024-07-04T09:36:37.572+0000] {processor.py:840} INFO - DAG(s) 'example_skip_dag' retrieved from /home/airflow/.local/lib/python3.12/site-packages/airflow/example_dags/example_skip_dag.py
[2024-07-04T09:36:37.616+0000] {logging_mixin.py:188} INFO - [2024-07-04T09:36:37.615+0000] {dag.py:3096} INFO - Sync 1 DAGs
[2024-07-04T09:36:37.648+0000] {logging_mixin.py:188} INFO - [2024-07-04T09:36:37.648+0000] {dag.py:3954} INFO - Setting next_dagrun for example_skip_dag to 2024-07-03 00:00:00+00:00, run_after=2024-07-04 00:00:00+00:00
[2024-07-04T09:36:37.670+0000] {processor.py:183} INFO - Processing /home/airflow/.local/lib/python3.12/site-packages/airflow/example_dags/example_skip_dag.py took 0.118 seconds
[2024-07-04T09:37:08.180+0000] {processor.py:161} INFO - Started process (PID=314) to work on /home/airflow/.local/lib/python3.12/site-packages/airflow/example_dags/example_skip_dag.py
[2024-07-04T09:37:08.182+0000] {processor.py:830} INFO - Processing file /home/airflow/.local/lib/python3.12/site-packages/airflow/example_dags/example_skip_dag.py for tasks to queue
[2024-07-04T09:37:08.184+0000] {logging_mixin.py:188} INFO - [2024-07-04T09:37:08.184+0000] {dagbag.py:545} INFO - Filling up the DagBag from /home/airflow/.local/lib/python3.12/site-packages/airflow/example_dags/example_skip_dag.py
[2024-07-04T09:37:08.190+0000] {processor.py:840} INFO - DAG(s) 'example_skip_dag' retrieved from /home/airflow/.local/lib/python3.12/site-packages/airflow/example_dags/example_skip_dag.py
[2024-07-04T09:37:08.211+0000] {logging_mixin.py:188} INFO - [2024-07-04T09:37:08.211+0000] {dag.py:3096} INFO - Sync 1 DAGs
[2024-07-04T09:37:08.232+0000] {logging_mixin.py:188} INFO - [2024-07-04T09:37:08.232+0000] {dag.py:3954} INFO - Setting next_dagrun for example_skip_dag to 2024-07-03 00:00:00+00:00, run_after=2024-07-04 00:00:00+00:00
[2024-07-04T09:37:08.251+0000] {processor.py:183} INFO - Processing /home/airflow/.local/lib/python3.12/site-packages/airflow/example_dags/example_skip_dag.py took 0.077 seconds
[2024-07-04T09:37:38.487+0000] {processor.py:161} INFO - Started process (PID=373) to work on /home/airflow/.local/lib/python3.12/site-packages/airflow/example_dags/example_skip_dag.py
[2024-07-04T09:37:38.488+0000] {processor.py:830} INFO - Processing file /home/airflow/.local/lib/python3.12/site-packages/airflow/example_dags/example_skip_dag.py for tasks to queue
[2024-07-04T09:37:38.490+0000] {logging_mixin.py:188} INFO - [2024-07-04T09:37:38.490+0000] {dagbag.py:545} INFO - Filling up the DagBag from /home/airflow/.local/lib/python3.12/site-packages/airflow/example_dags/example_skip_dag.py
[2024-07-04T09:37:38.498+0000] {processor.py:840} INFO - DAG(s) 'example_skip_dag' retrieved from /home/airflow/.local/lib/python3.12/site-packages/airflow/example_dags/example_skip_dag.py
[2024-07-04T09:37:38.529+0000] {logging_mixin.py:188} INFO - [2024-07-04T09:37:38.529+0000] {dag.py:3096} INFO - Sync 1 DAGs
[2024-07-04T09:37:38.563+0000] {logging_mixin.py:188} INFO - [2024-07-04T09:37:38.562+0000] {dag.py:3954} INFO - Setting next_dagrun for example_skip_dag to 2024-07-03 00:00:00+00:00, run_after=2024-07-04 00:00:00+00:00
[2024-07-04T09:37:38.602+0000] {processor.py:183} INFO - Processing /home/airflow/.local/lib/python3.12/site-packages/airflow/example_dags/example_skip_dag.py took 0.120 seconds
[2024-07-04T09:38:10.007+0000] {processor.py:161} INFO - Started process (PID=432) to work on /home/airflow/.local/lib/python3.12/site-packages/airflow/example_dags/example_skip_dag.py
[2024-07-04T09:38:10.009+0000] {processor.py:830} INFO - Processing file /home/airflow/.local/lib/python3.12/site-packages/airflow/example_dags/example_skip_dag.py for tasks to queue
[2024-07-04T09:38:10.091+0000] {logging_mixin.py:188} INFO - [2024-07-04T09:38:10.088+0000] {dagbag.py:545} INFO - Filling up the DagBag from /home/airflow/.local/lib/python3.12/site-packages/airflow/example_dags/example_skip_dag.py
[2024-07-04T09:38:10.312+0000] {processor.py:840} INFO - DAG(s) 'example_skip_dag' retrieved from /home/airflow/.local/lib/python3.12/site-packages/airflow/example_dags/example_skip_dag.py
[2024-07-04T09:38:10.636+0000] {logging_mixin.py:188} INFO - [2024-07-04T09:38:10.636+0000] {dag.py:3096} INFO - Sync 1 DAGs
[2024-07-04T09:38:10.686+0000] {logging_mixin.py:188} INFO - [2024-07-04T09:38:10.686+0000] {dag.py:3954} INFO - Setting next_dagrun for example_skip_dag to 2024-07-03 00:00:00+00:00, run_after=2024-07-04 00:00:00+00:00
[2024-07-04T09:38:10.736+0000] {processor.py:183} INFO - Processing /home/airflow/.local/lib/python3.12/site-packages/airflow/example_dags/example_skip_dag.py took 1.182 seconds
[2024-07-04T09:38:41.099+0000] {processor.py:161} INFO - Started process (PID=490) to work on /home/airflow/.local/lib/python3.12/site-packages/airflow/example_dags/example_skip_dag.py
[2024-07-04T09:38:41.100+0000] {processor.py:830} INFO - Processing file /home/airflow/.local/lib/python3.12/site-packages/airflow/example_dags/example_skip_dag.py for tasks to queue
[2024-07-04T09:38:41.106+0000] {logging_mixin.py:188} INFO - [2024-07-04T09:38:41.106+0000] {dagbag.py:545} INFO - Filling up the DagBag from /home/airflow/.local/lib/python3.12/site-packages/airflow/example_dags/example_skip_dag.py
[2024-07-04T09:38:41.112+0000] {processor.py:840} INFO - DAG(s) 'example_skip_dag' retrieved from /home/airflow/.local/lib/python3.12/site-packages/airflow/example_dags/example_skip_dag.py
[2024-07-04T09:38:41.145+0000] {logging_mixin.py:188} INFO - [2024-07-04T09:38:41.145+0000] {dag.py:3096} INFO - Sync 1 DAGs
[2024-07-04T09:38:41.177+0000] {logging_mixin.py:188} INFO - [2024-07-04T09:38:41.176+0000] {dag.py:3954} INFO - Setting next_dagrun for example_skip_dag to 2024-07-03 00:00:00+00:00, run_after=2024-07-04 00:00:00+00:00
[2024-07-04T09:38:41.194+0000] {processor.py:183} INFO - Processing /home/airflow/.local/lib/python3.12/site-packages/airflow/example_dags/example_skip_dag.py took 0.101 seconds
[2024-07-04T09:39:11.927+0000] {processor.py:161} INFO - Started process (PID=549) to work on /home/airflow/.local/lib/python3.12/site-packages/airflow/example_dags/example_skip_dag.py
[2024-07-04T09:39:11.928+0000] {processor.py:830} INFO - Processing file /home/airflow/.local/lib/python3.12/site-packages/airflow/example_dags/example_skip_dag.py for tasks to queue
[2024-07-04T09:39:11.931+0000] {logging_mixin.py:188} INFO - [2024-07-04T09:39:11.930+0000] {dagbag.py:545} INFO - Filling up the DagBag from /home/airflow/.local/lib/python3.12/site-packages/airflow/example_dags/example_skip_dag.py
[2024-07-04T09:39:11.938+0000] {processor.py:840} INFO - DAG(s) 'example_skip_dag' retrieved from /home/airflow/.local/lib/python3.12/site-packages/airflow/example_dags/example_skip_dag.py
[2024-07-04T09:39:11.962+0000] {logging_mixin.py:188} INFO - [2024-07-04T09:39:11.962+0000] {dag.py:3096} INFO - Sync 1 DAGs
[2024-07-04T09:39:11.982+0000] {logging_mixin.py:188} INFO - [2024-07-04T09:39:11.982+0000] {dag.py:3954} INFO - Setting next_dagrun for example_skip_dag to 2024-07-03 00:00:00+00:00, run_after=2024-07-04 00:00:00+00:00
[2024-07-04T09:39:12.004+0000] {processor.py:183} INFO - Processing /home/airflow/.local/lib/python3.12/site-packages/airflow/example_dags/example_skip_dag.py took 0.082 seconds
[2024-07-04T09:39:42.646+0000] {processor.py:161} INFO - Started process (PID=608) to work on /home/airflow/.local/lib/python3.12/site-packages/airflow/example_dags/example_skip_dag.py
[2024-07-04T09:39:42.647+0000] {processor.py:830} INFO - Processing file /home/airflow/.local/lib/python3.12/site-packages/airflow/example_dags/example_skip_dag.py for tasks to queue
[2024-07-04T09:39:42.649+0000] {logging_mixin.py:188} INFO - [2024-07-04T09:39:42.649+0000] {dagbag.py:545} INFO - Filling up the DagBag from /home/airflow/.local/lib/python3.12/site-packages/airflow/example_dags/example_skip_dag.py
[2024-07-04T09:39:42.656+0000] {processor.py:840} INFO - DAG(s) 'example_skip_dag' retrieved from /home/airflow/.local/lib/python3.12/site-packages/airflow/example_dags/example_skip_dag.py
[2024-07-04T09:39:42.677+0000] {logging_mixin.py:188} INFO - [2024-07-04T09:39:42.677+0000] {dag.py:3096} INFO - Sync 1 DAGs
[2024-07-04T09:39:42.699+0000] {logging_mixin.py:188} INFO - [2024-07-04T09:39:42.699+0000] {dag.py:3954} INFO - Setting next_dagrun for example_skip_dag to 2024-07-03 00:00:00+00:00, run_after=2024-07-04 00:00:00+00:00
[2024-07-04T09:39:42.722+0000] {processor.py:183} INFO - Processing /home/airflow/.local/lib/python3.12/site-packages/airflow/example_dags/example_skip_dag.py took 0.081 seconds
[2024-07-04T09:40:12.977+0000] {processor.py:161} INFO - Started process (PID=667) to work on /home/airflow/.local/lib/python3.12/site-packages/airflow/example_dags/example_skip_dag.py
[2024-07-04T09:40:12.978+0000] {processor.py:830} INFO - Processing file /home/airflow/.local/lib/python3.12/site-packages/airflow/example_dags/example_skip_dag.py for tasks to queue
[2024-07-04T09:40:12.981+0000] {logging_mixin.py:188} INFO - [2024-07-04T09:40:12.980+0000] {dagbag.py:545} INFO - Filling up the DagBag from /home/airflow/.local/lib/python3.12/site-packages/airflow/example_dags/example_skip_dag.py
[2024-07-04T09:40:12.989+0000] {processor.py:840} INFO - DAG(s) 'example_skip_dag' retrieved from /home/airflow/.local/lib/python3.12/site-packages/airflow/example_dags/example_skip_dag.py
[2024-07-04T09:40:13.013+0000] {logging_mixin.py:188} INFO - [2024-07-04T09:40:13.013+0000] {dag.py:3096} INFO - Sync 1 DAGs
[2024-07-04T09:40:13.049+0000] {logging_mixin.py:188} INFO - [2024-07-04T09:40:13.049+0000] {dag.py:3954} INFO - Setting next_dagrun for example_skip_dag to 2024-07-03 00:00:00+00:00, run_after=2024-07-04 00:00:00+00:00
[2024-07-04T09:40:13.086+0000] {processor.py:183} INFO - Processing /home/airflow/.local/lib/python3.12/site-packages/airflow/example_dags/example_skip_dag.py took 0.114 seconds
[2024-07-04T09:40:43.190+0000] {processor.py:161} INFO - Started process (PID=726) to work on /home/airflow/.local/lib/python3.12/site-packages/airflow/example_dags/example_skip_dag.py
[2024-07-04T09:40:43.191+0000] {processor.py:830} INFO - Processing file /home/airflow/.local/lib/python3.12/site-packages/airflow/example_dags/example_skip_dag.py for tasks to queue
[2024-07-04T09:40:43.200+0000] {logging_mixin.py:188} INFO - [2024-07-04T09:40:43.200+0000] {dagbag.py:545} INFO - Filling up the DagBag from /home/airflow/.local/lib/python3.12/site-packages/airflow/example_dags/example_skip_dag.py
[2024-07-04T09:40:43.206+0000] {processor.py:840} INFO - DAG(s) 'example_skip_dag' retrieved from /home/airflow/.local/lib/python3.12/site-packages/airflow/example_dags/example_skip_dag.py
[2024-07-04T09:40:43.248+0000] {logging_mixin.py:188} INFO - [2024-07-04T09:40:43.248+0000] {dag.py:3096} INFO - Sync 1 DAGs
[2024-07-04T09:40:43.274+0000] {logging_mixin.py:188} INFO - [2024-07-04T09:40:43.274+0000] {dag.py:3954} INFO - Setting next_dagrun for example_skip_dag to 2024-07-03 00:00:00+00:00, run_after=2024-07-04 00:00:00+00:00
[2024-07-04T09:40:43.317+0000] {processor.py:183} INFO - Processing /home/airflow/.local/lib/python3.12/site-packages/airflow/example_dags/example_skip_dag.py took 0.133 seconds
[2024-07-04T09:41:13.546+0000] {processor.py:161} INFO - Started process (PID=786) to work on /home/airflow/.local/lib/python3.12/site-packages/airflow/example_dags/example_skip_dag.py
[2024-07-04T09:41:13.548+0000] {processor.py:830} INFO - Processing file /home/airflow/.local/lib/python3.12/site-packages/airflow/example_dags/example_skip_dag.py for tasks to queue
[2024-07-04T09:41:13.550+0000] {logging_mixin.py:188} INFO - [2024-07-04T09:41:13.549+0000] {dagbag.py:545} INFO - Filling up the DagBag from /home/airflow/.local/lib/python3.12/site-packages/airflow/example_dags/example_skip_dag.py
[2024-07-04T09:41:13.555+0000] {processor.py:840} INFO - DAG(s) 'example_skip_dag' retrieved from /home/airflow/.local/lib/python3.12/site-packages/airflow/example_dags/example_skip_dag.py
[2024-07-04T09:41:13.575+0000] {logging_mixin.py:188} INFO - [2024-07-04T09:41:13.575+0000] {dag.py:3096} INFO - Sync 1 DAGs
[2024-07-04T09:41:13.594+0000] {logging_mixin.py:188} INFO - [2024-07-04T09:41:13.594+0000] {dag.py:3954} INFO - Setting next_dagrun for example_skip_dag to 2024-07-03 00:00:00+00:00, run_after=2024-07-04 00:00:00+00:00
[2024-07-04T09:41:13.615+0000] {processor.py:183} INFO - Processing /home/airflow/.local/lib/python3.12/site-packages/airflow/example_dags/example_skip_dag.py took 0.074 seconds
[2024-07-04T09:41:43.997+0000] {processor.py:161} INFO - Started process (PID=845) to work on /home/airflow/.local/lib/python3.12/site-packages/airflow/example_dags/example_skip_dag.py
[2024-07-04T09:41:43.998+0000] {processor.py:830} INFO - Processing file /home/airflow/.local/lib/python3.12/site-packages/airflow/example_dags/example_skip_dag.py for tasks to queue
[2024-07-04T09:41:44.000+0000] {logging_mixin.py:188} INFO - [2024-07-04T09:41:44.000+0000] {dagbag.py:545} INFO - Filling up the DagBag from /home/airflow/.local/lib/python3.12/site-packages/airflow/example_dags/example_skip_dag.py
[2024-07-04T09:41:44.006+0000] {processor.py:840} INFO - DAG(s) 'example_skip_dag' retrieved from /home/airflow/.local/lib/python3.12/site-packages/airflow/example_dags/example_skip_dag.py
[2024-07-04T09:41:44.024+0000] {logging_mixin.py:188} INFO - [2024-07-04T09:41:44.024+0000] {dag.py:3096} INFO - Sync 1 DAGs
[2024-07-04T09:41:44.052+0000] {logging_mixin.py:188} INFO - [2024-07-04T09:41:44.052+0000] {dag.py:3954} INFO - Setting next_dagrun for example_skip_dag to 2024-07-03 00:00:00+00:00, run_after=2024-07-04 00:00:00+00:00
[2024-07-04T09:41:44.074+0000] {processor.py:183} INFO - Processing /home/airflow/.local/lib/python3.12/site-packages/airflow/example_dags/example_skip_dag.py took 0.082 seconds
[2024-07-04T09:42:14.257+0000] {processor.py:161} INFO - Started process (PID=903) to work on /home/airflow/.local/lib/python3.12/site-packages/airflow/example_dags/example_skip_dag.py
[2024-07-04T09:42:14.259+0000] {processor.py:830} INFO - Processing file /home/airflow/.local/lib/python3.12/site-packages/airflow/example_dags/example_skip_dag.py for tasks to queue
[2024-07-04T09:42:14.262+0000] {logging_mixin.py:188} INFO - [2024-07-04T09:42:14.262+0000] {dagbag.py:545} INFO - Filling up the DagBag from /home/airflow/.local/lib/python3.12/site-packages/airflow/example_dags/example_skip_dag.py
[2024-07-04T09:42:14.290+0000] {processor.py:840} INFO - DAG(s) 'example_skip_dag' retrieved from /home/airflow/.local/lib/python3.12/site-packages/airflow/example_dags/example_skip_dag.py
[2024-07-04T09:42:14.329+0000] {logging_mixin.py:188} INFO - [2024-07-04T09:42:14.329+0000] {dag.py:3096} INFO - Sync 1 DAGs
[2024-07-04T09:42:14.373+0000] {logging_mixin.py:188} INFO - [2024-07-04T09:42:14.372+0000] {dag.py:3954} INFO - Setting next_dagrun for example_skip_dag to 2024-07-03 00:00:00+00:00, run_after=2024-07-04 00:00:00+00:00
[2024-07-04T09:42:14.407+0000] {processor.py:183} INFO - Processing /home/airflow/.local/lib/python3.12/site-packages/airflow/example_dags/example_skip_dag.py took 0.176 seconds
[2024-07-04T09:42:44.820+0000] {processor.py:161} INFO - Started process (PID=963) to work on /home/airflow/.local/lib/python3.12/site-packages/airflow/example_dags/example_skip_dag.py
[2024-07-04T09:42:44.822+0000] {processor.py:830} INFO - Processing file /home/airflow/.local/lib/python3.12/site-packages/airflow/example_dags/example_skip_dag.py for tasks to queue
[2024-07-04T09:42:44.825+0000] {logging_mixin.py:188} INFO - [2024-07-04T09:42:44.824+0000] {dagbag.py:545} INFO - Filling up the DagBag from /home/airflow/.local/lib/python3.12/site-packages/airflow/example_dags/example_skip_dag.py
[2024-07-04T09:42:44.833+0000] {processor.py:840} INFO - DAG(s) 'example_skip_dag' retrieved from /home/airflow/.local/lib/python3.12/site-packages/airflow/example_dags/example_skip_dag.py
[2024-07-04T09:42:44.855+0000] {logging_mixin.py:188} INFO - [2024-07-04T09:42:44.855+0000] {dag.py:3096} INFO - Sync 1 DAGs
[2024-07-04T09:42:44.897+0000] {logging_mixin.py:188} INFO - [2024-07-04T09:42:44.897+0000] {dag.py:3954} INFO - Setting next_dagrun for example_skip_dag to 2024-07-03 00:00:00+00:00, run_after=2024-07-04 00:00:00+00:00
[2024-07-04T09:42:44.939+0000] {processor.py:183} INFO - Processing /home/airflow/.local/lib/python3.12/site-packages/airflow/example_dags/example_skip_dag.py took 0.126 seconds
[2024-07-04T09:43:14.985+0000] {processor.py:161} INFO - Started process (PID=1023) to work on /home/airflow/.local/lib/python3.12/site-packages/airflow/example_dags/example_skip_dag.py
[2024-07-04T09:43:14.986+0000] {processor.py:830} INFO - Processing file /home/airflow/.local/lib/python3.12/site-packages/airflow/example_dags/example_skip_dag.py for tasks to queue
[2024-07-04T09:43:14.988+0000] {logging_mixin.py:188} INFO - [2024-07-04T09:43:14.988+0000] {dagbag.py:545} INFO - Filling up the DagBag from /home/airflow/.local/lib/python3.12/site-packages/airflow/example_dags/example_skip_dag.py
[2024-07-04T09:43:14.994+0000] {processor.py:840} INFO - DAG(s) 'example_skip_dag' retrieved from /home/airflow/.local/lib/python3.12/site-packages/airflow/example_dags/example_skip_dag.py
[2024-07-04T09:43:15.024+0000] {logging_mixin.py:188} INFO - [2024-07-04T09:43:15.024+0000] {dag.py:3096} INFO - Sync 1 DAGs
[2024-07-04T09:43:15.048+0000] {logging_mixin.py:188} INFO - [2024-07-04T09:43:15.048+0000] {dag.py:3954} INFO - Setting next_dagrun for example_skip_dag to 2024-07-03 00:00:00+00:00, run_after=2024-07-04 00:00:00+00:00
[2024-07-04T09:43:15.071+0000] {processor.py:183} INFO - Processing /home/airflow/.local/lib/python3.12/site-packages/airflow/example_dags/example_skip_dag.py took 0.093 seconds
[2024-07-04T09:43:45.267+0000] {processor.py:161} INFO - Started process (PID=1081) to work on /home/airflow/.local/lib/python3.12/site-packages/airflow/example_dags/example_skip_dag.py
[2024-07-04T09:43:45.268+0000] {processor.py:830} INFO - Processing file /home/airflow/.local/lib/python3.12/site-packages/airflow/example_dags/example_skip_dag.py for tasks to queue
[2024-07-04T09:43:45.272+0000] {logging_mixin.py:188} INFO - [2024-07-04T09:43:45.272+0000] {dagbag.py:545} INFO - Filling up the DagBag from /home/airflow/.local/lib/python3.12/site-packages/airflow/example_dags/example_skip_dag.py
[2024-07-04T09:43:45.279+0000] {processor.py:840} INFO - DAG(s) 'example_skip_dag' retrieved from /home/airflow/.local/lib/python3.12/site-packages/airflow/example_dags/example_skip_dag.py
[2024-07-04T09:43:45.304+0000] {logging_mixin.py:188} INFO - [2024-07-04T09:43:45.304+0000] {dag.py:3096} INFO - Sync 1 DAGs
[2024-07-04T09:43:45.336+0000] {logging_mixin.py:188} INFO - [2024-07-04T09:43:45.336+0000] {dag.py:3954} INFO - Setting next_dagrun for example_skip_dag to 2024-07-03 00:00:00+00:00, run_after=2024-07-04 00:00:00+00:00
[2024-07-04T09:43:45.358+0000] {processor.py:183} INFO - Processing /home/airflow/.local/lib/python3.12/site-packages/airflow/example_dags/example_skip_dag.py took 0.097 seconds
[2024-07-04T09:44:16.185+0000] {processor.py:161} INFO - Started process (PID=1141) to work on /home/airflow/.local/lib/python3.12/site-packages/airflow/example_dags/example_skip_dag.py
[2024-07-04T09:44:16.187+0000] {processor.py:830} INFO - Processing file /home/airflow/.local/lib/python3.12/site-packages/airflow/example_dags/example_skip_dag.py for tasks to queue
[2024-07-04T09:44:16.189+0000] {logging_mixin.py:188} INFO - [2024-07-04T09:44:16.188+0000] {dagbag.py:545} INFO - Filling up the DagBag from /home/airflow/.local/lib/python3.12/site-packages/airflow/example_dags/example_skip_dag.py
[2024-07-04T09:44:16.206+0000] {processor.py:840} INFO - DAG(s) 'example_skip_dag' retrieved from /home/airflow/.local/lib/python3.12/site-packages/airflow/example_dags/example_skip_dag.py
[2024-07-04T09:44:16.245+0000] {logging_mixin.py:188} INFO - [2024-07-04T09:44:16.245+0000] {dag.py:3096} INFO - Sync 1 DAGs
[2024-07-04T09:44:16.284+0000] {logging_mixin.py:188} INFO - [2024-07-04T09:44:16.284+0000] {dag.py:3954} INFO - Setting next_dagrun for example_skip_dag to 2024-07-03 00:00:00+00:00, run_after=2024-07-04 00:00:00+00:00
[2024-07-04T09:44:16.315+0000] {processor.py:183} INFO - Processing /home/airflow/.local/lib/python3.12/site-packages/airflow/example_dags/example_skip_dag.py took 0.135 seconds
[2024-07-04T09:44:47.350+0000] {processor.py:161} INFO - Started process (PID=1200) to work on /home/airflow/.local/lib/python3.12/site-packages/airflow/example_dags/example_skip_dag.py
[2024-07-04T09:44:47.351+0000] {processor.py:830} INFO - Processing file /home/airflow/.local/lib/python3.12/site-packages/airflow/example_dags/example_skip_dag.py for tasks to queue
[2024-07-04T09:44:47.354+0000] {logging_mixin.py:188} INFO - [2024-07-04T09:44:47.353+0000] {dagbag.py:545} INFO - Filling up the DagBag from /home/airflow/.local/lib/python3.12/site-packages/airflow/example_dags/example_skip_dag.py
[2024-07-04T09:44:47.360+0000] {processor.py:840} INFO - DAG(s) 'example_skip_dag' retrieved from /home/airflow/.local/lib/python3.12/site-packages/airflow/example_dags/example_skip_dag.py
[2024-07-04T09:44:47.386+0000] {logging_mixin.py:188} INFO - [2024-07-04T09:44:47.386+0000] {dag.py:3096} INFO - Sync 1 DAGs
[2024-07-04T09:44:47.413+0000] {logging_mixin.py:188} INFO - [2024-07-04T09:44:47.413+0000] {dag.py:3954} INFO - Setting next_dagrun for example_skip_dag to 2024-07-03 00:00:00+00:00, run_after=2024-07-04 00:00:00+00:00
[2024-07-04T09:44:47.433+0000] {processor.py:183} INFO - Processing /home/airflow/.local/lib/python3.12/site-packages/airflow/example_dags/example_skip_dag.py took 0.089 seconds
[2024-07-04T09:45:17.664+0000] {processor.py:161} INFO - Started process (PID=1259) to work on /home/airflow/.local/lib/python3.12/site-packages/airflow/example_dags/example_skip_dag.py
[2024-07-04T09:45:17.666+0000] {processor.py:830} INFO - Processing file /home/airflow/.local/lib/python3.12/site-packages/airflow/example_dags/example_skip_dag.py for tasks to queue
[2024-07-04T09:45:17.671+0000] {logging_mixin.py:188} INFO - [2024-07-04T09:45:17.671+0000] {dagbag.py:545} INFO - Filling up the DagBag from /home/airflow/.local/lib/python3.12/site-packages/airflow/example_dags/example_skip_dag.py
[2024-07-04T09:45:17.687+0000] {processor.py:840} INFO - DAG(s) 'example_skip_dag' retrieved from /home/airflow/.local/lib/python3.12/site-packages/airflow/example_dags/example_skip_dag.py
[2024-07-04T09:45:17.734+0000] {logging_mixin.py:188} INFO - [2024-07-04T09:45:17.733+0000] {dag.py:3096} INFO - Sync 1 DAGs
[2024-07-04T09:45:17.779+0000] {logging_mixin.py:188} INFO - [2024-07-04T09:45:17.778+0000] {dag.py:3954} INFO - Setting next_dagrun for example_skip_dag to 2024-07-03 00:00:00+00:00, run_after=2024-07-04 00:00:00+00:00
[2024-07-04T09:45:17.822+0000] {processor.py:183} INFO - Processing /home/airflow/.local/lib/python3.12/site-packages/airflow/example_dags/example_skip_dag.py took 0.179 seconds
[2024-07-04T09:45:48.221+0000] {processor.py:161} INFO - Started process (PID=1318) to work on /home/airflow/.local/lib/python3.12/site-packages/airflow/example_dags/example_skip_dag.py
[2024-07-04T09:45:48.222+0000] {processor.py:830} INFO - Processing file /home/airflow/.local/lib/python3.12/site-packages/airflow/example_dags/example_skip_dag.py for tasks to queue
[2024-07-04T09:45:48.224+0000] {logging_mixin.py:188} INFO - [2024-07-04T09:45:48.223+0000] {dagbag.py:545} INFO - Filling up the DagBag from /home/airflow/.local/lib/python3.12/site-packages/airflow/example_dags/example_skip_dag.py
[2024-07-04T09:45:48.230+0000] {processor.py:840} INFO - DAG(s) 'example_skip_dag' retrieved from /home/airflow/.local/lib/python3.12/site-packages/airflow/example_dags/example_skip_dag.py
[2024-07-04T09:45:48.250+0000] {logging_mixin.py:188} INFO - [2024-07-04T09:45:48.249+0000] {dag.py:3096} INFO - Sync 1 DAGs
[2024-07-04T09:45:48.272+0000] {logging_mixin.py:188} INFO - [2024-07-04T09:45:48.272+0000] {dag.py:3954} INFO - Setting next_dagrun for example_skip_dag to 2024-07-03 00:00:00+00:00, run_after=2024-07-04 00:00:00+00:00
[2024-07-04T09:45:48.295+0000] {processor.py:183} INFO - Processing /home/airflow/.local/lib/python3.12/site-packages/airflow/example_dags/example_skip_dag.py took 0.078 seconds
[2024-07-04T09:46:18.520+0000] {processor.py:161} INFO - Started process (PID=1377) to work on /home/airflow/.local/lib/python3.12/site-packages/airflow/example_dags/example_skip_dag.py
[2024-07-04T09:46:18.521+0000] {processor.py:830} INFO - Processing file /home/airflow/.local/lib/python3.12/site-packages/airflow/example_dags/example_skip_dag.py for tasks to queue
[2024-07-04T09:46:18.523+0000] {logging_mixin.py:188} INFO - [2024-07-04T09:46:18.523+0000] {dagbag.py:545} INFO - Filling up the DagBag from /home/airflow/.local/lib/python3.12/site-packages/airflow/example_dags/example_skip_dag.py
[2024-07-04T09:46:18.529+0000] {processor.py:840} INFO - DAG(s) 'example_skip_dag' retrieved from /home/airflow/.local/lib/python3.12/site-packages/airflow/example_dags/example_skip_dag.py
[2024-07-04T09:46:18.554+0000] {logging_mixin.py:188} INFO - [2024-07-04T09:46:18.554+0000] {dag.py:3096} INFO - Sync 1 DAGs
[2024-07-04T09:46:18.582+0000] {logging_mixin.py:188} INFO - [2024-07-04T09:46:18.582+0000] {dag.py:3954} INFO - Setting next_dagrun for example_skip_dag to 2024-07-03 00:00:00+00:00, run_after=2024-07-04 00:00:00+00:00
[2024-07-04T09:46:18.610+0000] {processor.py:183} INFO - Processing /home/airflow/.local/lib/python3.12/site-packages/airflow/example_dags/example_skip_dag.py took 0.095 seconds
[2024-07-04T09:46:49.002+0000] {processor.py:161} INFO - Started process (PID=1437) to work on /home/airflow/.local/lib/python3.12/site-packages/airflow/example_dags/example_skip_dag.py
[2024-07-04T09:46:49.004+0000] {processor.py:830} INFO - Processing file /home/airflow/.local/lib/python3.12/site-packages/airflow/example_dags/example_skip_dag.py for tasks to queue
[2024-07-04T09:46:49.006+0000] {logging_mixin.py:188} INFO - [2024-07-04T09:46:49.006+0000] {dagbag.py:545} INFO - Filling up the DagBag from /home/airflow/.local/lib/python3.12/site-packages/airflow/example_dags/example_skip_dag.py
[2024-07-04T09:46:49.012+0000] {processor.py:840} INFO - DAG(s) 'example_skip_dag' retrieved from /home/airflow/.local/lib/python3.12/site-packages/airflow/example_dags/example_skip_dag.py
[2024-07-04T09:46:49.060+0000] {logging_mixin.py:188} INFO - [2024-07-04T09:46:49.060+0000] {dag.py:3096} INFO - Sync 1 DAGs
[2024-07-04T09:46:49.084+0000] {logging_mixin.py:188} INFO - [2024-07-04T09:46:49.084+0000] {dag.py:3954} INFO - Setting next_dagrun for example_skip_dag to 2024-07-03 00:00:00+00:00, run_after=2024-07-04 00:00:00+00:00
[2024-07-04T09:46:49.246+0000] {processor.py:183} INFO - Processing /home/airflow/.local/lib/python3.12/site-packages/airflow/example_dags/example_skip_dag.py took 0.248 seconds
[2024-07-04T09:47:20.303+0000] {processor.py:161} INFO - Started process (PID=1497) to work on /home/airflow/.local/lib/python3.12/site-packages/airflow/example_dags/example_skip_dag.py
[2024-07-04T09:47:20.305+0000] {processor.py:830} INFO - Processing file /home/airflow/.local/lib/python3.12/site-packages/airflow/example_dags/example_skip_dag.py for tasks to queue
[2024-07-04T09:47:20.309+0000] {logging_mixin.py:188} INFO - [2024-07-04T09:47:20.308+0000] {dagbag.py:545} INFO - Filling up the DagBag from /home/airflow/.local/lib/python3.12/site-packages/airflow/example_dags/example_skip_dag.py
[2024-07-04T09:47:20.333+0000] {processor.py:840} INFO - DAG(s) 'example_skip_dag' retrieved from /home/airflow/.local/lib/python3.12/site-packages/airflow/example_dags/example_skip_dag.py
[2024-07-04T09:47:20.374+0000] {logging_mixin.py:188} INFO - [2024-07-04T09:47:20.373+0000] {dag.py:3096} INFO - Sync 1 DAGs
[2024-07-04T09:47:20.435+0000] {logging_mixin.py:188} INFO - [2024-07-04T09:47:20.435+0000] {dag.py:3954} INFO - Setting next_dagrun for example_skip_dag to 2024-07-03 00:00:00+00:00, run_after=2024-07-04 00:00:00+00:00
[2024-07-04T09:47:20.470+0000] {processor.py:183} INFO - Processing /home/airflow/.local/lib/python3.12/site-packages/airflow/example_dags/example_skip_dag.py took 0.185 seconds
[2024-07-04T09:47:52.369+0000] {processor.py:161} INFO - Started process (PID=1556) to work on /home/airflow/.local/lib/python3.12/site-packages/airflow/example_dags/example_skip_dag.py
[2024-07-04T09:47:52.370+0000] {processor.py:830} INFO - Processing file /home/airflow/.local/lib/python3.12/site-packages/airflow/example_dags/example_skip_dag.py for tasks to queue
[2024-07-04T09:47:52.374+0000] {logging_mixin.py:188} INFO - [2024-07-04T09:47:52.373+0000] {dagbag.py:545} INFO - Filling up the DagBag from /home/airflow/.local/lib/python3.12/site-packages/airflow/example_dags/example_skip_dag.py
[2024-07-04T09:47:52.390+0000] {processor.py:840} INFO - DAG(s) 'example_skip_dag' retrieved from /home/airflow/.local/lib/python3.12/site-packages/airflow/example_dags/example_skip_dag.py
[2024-07-04T09:47:52.457+0000] {logging_mixin.py:188} INFO - [2024-07-04T09:47:52.457+0000] {dag.py:3096} INFO - Sync 1 DAGs
[2024-07-04T09:47:52.572+0000] {logging_mixin.py:188} INFO - [2024-07-04T09:47:52.572+0000] {dag.py:3954} INFO - Setting next_dagrun for example_skip_dag to 2024-07-03 00:00:00+00:00, run_after=2024-07-04 00:00:00+00:00
[2024-07-04T09:47:52.625+0000] {processor.py:183} INFO - Processing /home/airflow/.local/lib/python3.12/site-packages/airflow/example_dags/example_skip_dag.py took 0.265 seconds
[2024-07-04T09:48:22.677+0000] {processor.py:161} INFO - Started process (PID=1616) to work on /home/airflow/.local/lib/python3.12/site-packages/airflow/example_dags/example_skip_dag.py
[2024-07-04T09:48:22.679+0000] {processor.py:830} INFO - Processing file /home/airflow/.local/lib/python3.12/site-packages/airflow/example_dags/example_skip_dag.py for tasks to queue
[2024-07-04T09:48:22.681+0000] {logging_mixin.py:188} INFO - [2024-07-04T09:48:22.681+0000] {dagbag.py:545} INFO - Filling up the DagBag from /home/airflow/.local/lib/python3.12/site-packages/airflow/example_dags/example_skip_dag.py
[2024-07-04T09:48:22.687+0000] {processor.py:840} INFO - DAG(s) 'example_skip_dag' retrieved from /home/airflow/.local/lib/python3.12/site-packages/airflow/example_dags/example_skip_dag.py
[2024-07-04T09:48:22.707+0000] {logging_mixin.py:188} INFO - [2024-07-04T09:48:22.706+0000] {dag.py:3096} INFO - Sync 1 DAGs
[2024-07-04T09:48:22.747+0000] {logging_mixin.py:188} INFO - [2024-07-04T09:48:22.746+0000] {dag.py:3954} INFO - Setting next_dagrun for example_skip_dag to 2024-07-03 00:00:00+00:00, run_after=2024-07-04 00:00:00+00:00
[2024-07-04T09:48:22.918+0000] {processor.py:183} INFO - Processing /home/airflow/.local/lib/python3.12/site-packages/airflow/example_dags/example_skip_dag.py took 0.247 seconds
[2024-07-04T09:48:56.363+0000] {processor.py:161} INFO - Started process (PID=1672) to work on /home/airflow/.local/lib/python3.12/site-packages/airflow/example_dags/example_skip_dag.py
[2024-07-04T09:48:56.371+0000] {processor.py:830} INFO - Processing file /home/airflow/.local/lib/python3.12/site-packages/airflow/example_dags/example_skip_dag.py for tasks to queue
[2024-07-04T09:48:56.437+0000] {logging_mixin.py:188} INFO - [2024-07-04T09:48:56.435+0000] {dagbag.py:545} INFO - Filling up the DagBag from /home/airflow/.local/lib/python3.12/site-packages/airflow/example_dags/example_skip_dag.py
[2024-07-04T09:48:56.623+0000] {processor.py:840} INFO - DAG(s) 'example_skip_dag' retrieved from /home/airflow/.local/lib/python3.12/site-packages/airflow/example_dags/example_skip_dag.py
[2024-07-04T09:48:56.685+0000] {logging_mixin.py:188} INFO - [2024-07-04T09:48:56.684+0000] {dag.py:3096} INFO - Sync 1 DAGs
[2024-07-04T09:48:56.880+0000] {logging_mixin.py:188} INFO - [2024-07-04T09:48:56.877+0000] {dag.py:3954} INFO - Setting next_dagrun for example_skip_dag to 2024-07-03 00:00:00+00:00, run_after=2024-07-04 00:00:00+00:00
[2024-07-04T09:48:57.027+0000] {processor.py:183} INFO - Processing /home/airflow/.local/lib/python3.12/site-packages/airflow/example_dags/example_skip_dag.py took 0.723 seconds
[2024-07-04T09:49:27.623+0000] {processor.py:161} INFO - Started process (PID=1731) to work on /home/airflow/.local/lib/python3.12/site-packages/airflow/example_dags/example_skip_dag.py
[2024-07-04T09:49:27.624+0000] {processor.py:830} INFO - Processing file /home/airflow/.local/lib/python3.12/site-packages/airflow/example_dags/example_skip_dag.py for tasks to queue
[2024-07-04T09:49:27.626+0000] {logging_mixin.py:188} INFO - [2024-07-04T09:49:27.626+0000] {dagbag.py:545} INFO - Filling up the DagBag from /home/airflow/.local/lib/python3.12/site-packages/airflow/example_dags/example_skip_dag.py
[2024-07-04T09:49:27.632+0000] {processor.py:840} INFO - DAG(s) 'example_skip_dag' retrieved from /home/airflow/.local/lib/python3.12/site-packages/airflow/example_dags/example_skip_dag.py
[2024-07-04T09:49:27.651+0000] {logging_mixin.py:188} INFO - [2024-07-04T09:49:27.651+0000] {dag.py:3096} INFO - Sync 1 DAGs
[2024-07-04T09:49:27.680+0000] {logging_mixin.py:188} INFO - [2024-07-04T09:49:27.680+0000] {dag.py:3954} INFO - Setting next_dagrun for example_skip_dag to 2024-07-03 00:00:00+00:00, run_after=2024-07-04 00:00:00+00:00
[2024-07-04T09:49:27.702+0000] {processor.py:183} INFO - Processing /home/airflow/.local/lib/python3.12/site-packages/airflow/example_dags/example_skip_dag.py took 0.083 seconds
[2024-07-04T09:49:58.431+0000] {processor.py:161} INFO - Started process (PID=1792) to work on /home/airflow/.local/lib/python3.12/site-packages/airflow/example_dags/example_skip_dag.py
[2024-07-04T09:49:58.432+0000] {processor.py:830} INFO - Processing file /home/airflow/.local/lib/python3.12/site-packages/airflow/example_dags/example_skip_dag.py for tasks to queue
[2024-07-04T09:49:58.434+0000] {logging_mixin.py:188} INFO - [2024-07-04T09:49:58.434+0000] {dagbag.py:545} INFO - Filling up the DagBag from /home/airflow/.local/lib/python3.12/site-packages/airflow/example_dags/example_skip_dag.py
[2024-07-04T09:49:58.441+0000] {processor.py:840} INFO - DAG(s) 'example_skip_dag' retrieved from /home/airflow/.local/lib/python3.12/site-packages/airflow/example_dags/example_skip_dag.py
[2024-07-04T09:49:58.465+0000] {logging_mixin.py:188} INFO - [2024-07-04T09:49:58.465+0000] {dag.py:3096} INFO - Sync 1 DAGs
[2024-07-04T09:49:58.490+0000] {logging_mixin.py:188} INFO - [2024-07-04T09:49:58.490+0000] {dag.py:3954} INFO - Setting next_dagrun for example_skip_dag to 2024-07-03 00:00:00+00:00, run_after=2024-07-04 00:00:00+00:00
[2024-07-04T09:49:58.516+0000] {processor.py:183} INFO - Processing /home/airflow/.local/lib/python3.12/site-packages/airflow/example_dags/example_skip_dag.py took 0.092 seconds
[2024-07-04T09:50:29.332+0000] {processor.py:161} INFO - Started process (PID=1851) to work on /home/airflow/.local/lib/python3.12/site-packages/airflow/example_dags/example_skip_dag.py
[2024-07-04T09:50:29.334+0000] {processor.py:830} INFO - Processing file /home/airflow/.local/lib/python3.12/site-packages/airflow/example_dags/example_skip_dag.py for tasks to queue
[2024-07-04T09:50:29.337+0000] {logging_mixin.py:188} INFO - [2024-07-04T09:50:29.336+0000] {dagbag.py:545} INFO - Filling up the DagBag from /home/airflow/.local/lib/python3.12/site-packages/airflow/example_dags/example_skip_dag.py
[2024-07-04T09:50:29.348+0000] {processor.py:840} INFO - DAG(s) 'example_skip_dag' retrieved from /home/airflow/.local/lib/python3.12/site-packages/airflow/example_dags/example_skip_dag.py
[2024-07-04T09:50:29.376+0000] {logging_mixin.py:188} INFO - [2024-07-04T09:50:29.376+0000] {dag.py:3096} INFO - Sync 1 DAGs
[2024-07-04T09:50:29.405+0000] {logging_mixin.py:188} INFO - [2024-07-04T09:50:29.405+0000] {dag.py:3954} INFO - Setting next_dagrun for example_skip_dag to 2024-07-03 00:00:00+00:00, run_after=2024-07-04 00:00:00+00:00
[2024-07-04T09:50:29.431+0000] {processor.py:183} INFO - Processing /home/airflow/.local/lib/python3.12/site-packages/airflow/example_dags/example_skip_dag.py took 0.107 seconds
[2024-07-04T09:51:00.115+0000] {processor.py:161} INFO - Started process (PID=1910) to work on /home/airflow/.local/lib/python3.12/site-packages/airflow/example_dags/example_skip_dag.py
[2024-07-04T09:51:00.119+0000] {processor.py:830} INFO - Processing file /home/airflow/.local/lib/python3.12/site-packages/airflow/example_dags/example_skip_dag.py for tasks to queue
[2024-07-04T09:51:00.122+0000] {logging_mixin.py:188} INFO - [2024-07-04T09:51:00.121+0000] {dagbag.py:545} INFO - Filling up the DagBag from /home/airflow/.local/lib/python3.12/site-packages/airflow/example_dags/example_skip_dag.py
[2024-07-04T09:51:00.135+0000] {processor.py:840} INFO - DAG(s) 'example_skip_dag' retrieved from /home/airflow/.local/lib/python3.12/site-packages/airflow/example_dags/example_skip_dag.py
[2024-07-04T09:51:00.190+0000] {logging_mixin.py:188} INFO - [2024-07-04T09:51:00.189+0000] {dag.py:3096} INFO - Sync 1 DAGs
[2024-07-04T09:51:00.715+0000] {logging_mixin.py:188} INFO - [2024-07-04T09:51:00.715+0000] {dag.py:3954} INFO - Setting next_dagrun for example_skip_dag to 2024-07-03 00:00:00+00:00, run_after=2024-07-04 00:00:00+00:00
[2024-07-04T09:51:00.756+0000] {processor.py:183} INFO - Processing /home/airflow/.local/lib/python3.12/site-packages/airflow/example_dags/example_skip_dag.py took 0.647 seconds
[2024-07-04T09:51:31.972+0000] {processor.py:161} INFO - Started process (PID=1971) to work on /home/airflow/.local/lib/python3.12/site-packages/airflow/example_dags/example_skip_dag.py
[2024-07-04T09:51:31.973+0000] {processor.py:830} INFO - Processing file /home/airflow/.local/lib/python3.12/site-packages/airflow/example_dags/example_skip_dag.py for tasks to queue
[2024-07-04T09:51:31.975+0000] {logging_mixin.py:188} INFO - [2024-07-04T09:51:31.975+0000] {dagbag.py:545} INFO - Filling up the DagBag from /home/airflow/.local/lib/python3.12/site-packages/airflow/example_dags/example_skip_dag.py
[2024-07-04T09:51:31.982+0000] {processor.py:840} INFO - DAG(s) 'example_skip_dag' retrieved from /home/airflow/.local/lib/python3.12/site-packages/airflow/example_dags/example_skip_dag.py
[2024-07-04T09:51:32.008+0000] {logging_mixin.py:188} INFO - [2024-07-04T09:51:32.008+0000] {dag.py:3096} INFO - Sync 1 DAGs
[2024-07-04T09:51:32.330+0000] {logging_mixin.py:188} INFO - [2024-07-04T09:51:32.330+0000] {dag.py:3954} INFO - Setting next_dagrun for example_skip_dag to 2024-07-03 00:00:00+00:00, run_after=2024-07-04 00:00:00+00:00
[2024-07-04T09:51:32.373+0000] {processor.py:183} INFO - Processing /home/airflow/.local/lib/python3.12/site-packages/airflow/example_dags/example_skip_dag.py took 0.407 seconds
[2024-07-04T09:52:03.201+0000] {processor.py:161} INFO - Started process (PID=2030) to work on /home/airflow/.local/lib/python3.12/site-packages/airflow/example_dags/example_skip_dag.py
[2024-07-04T09:52:03.203+0000] {processor.py:830} INFO - Processing file /home/airflow/.local/lib/python3.12/site-packages/airflow/example_dags/example_skip_dag.py for tasks to queue
[2024-07-04T09:52:03.205+0000] {logging_mixin.py:188} INFO - [2024-07-04T09:52:03.205+0000] {dagbag.py:545} INFO - Filling up the DagBag from /home/airflow/.local/lib/python3.12/site-packages/airflow/example_dags/example_skip_dag.py
[2024-07-04T09:52:03.217+0000] {processor.py:840} INFO - DAG(s) 'example_skip_dag' retrieved from /home/airflow/.local/lib/python3.12/site-packages/airflow/example_dags/example_skip_dag.py
[2024-07-04T09:52:03.248+0000] {logging_mixin.py:188} INFO - [2024-07-04T09:52:03.248+0000] {dag.py:3096} INFO - Sync 1 DAGs
[2024-07-04T09:52:03.283+0000] {logging_mixin.py:188} INFO - [2024-07-04T09:52:03.283+0000] {dag.py:3954} INFO - Setting next_dagrun for example_skip_dag to 2024-07-03 00:00:00+00:00, run_after=2024-07-04 00:00:00+00:00
[2024-07-04T09:52:03.310+0000] {processor.py:183} INFO - Processing /home/airflow/.local/lib/python3.12/site-packages/airflow/example_dags/example_skip_dag.py took 0.119 seconds
[2024-07-04T09:52:33.428+0000] {processor.py:161} INFO - Started process (PID=2090) to work on /home/airflow/.local/lib/python3.12/site-packages/airflow/example_dags/example_skip_dag.py
[2024-07-04T09:52:33.429+0000] {processor.py:830} INFO - Processing file /home/airflow/.local/lib/python3.12/site-packages/airflow/example_dags/example_skip_dag.py for tasks to queue
[2024-07-04T09:52:33.431+0000] {logging_mixin.py:188} INFO - [2024-07-04T09:52:33.431+0000] {dagbag.py:545} INFO - Filling up the DagBag from /home/airflow/.local/lib/python3.12/site-packages/airflow/example_dags/example_skip_dag.py
[2024-07-04T09:52:33.438+0000] {processor.py:840} INFO - DAG(s) 'example_skip_dag' retrieved from /home/airflow/.local/lib/python3.12/site-packages/airflow/example_dags/example_skip_dag.py
[2024-07-04T09:52:33.479+0000] {logging_mixin.py:188} INFO - [2024-07-04T09:52:33.478+0000] {dag.py:3096} INFO - Sync 1 DAGs
[2024-07-04T09:52:33.518+0000] {logging_mixin.py:188} INFO - [2024-07-04T09:52:33.518+0000] {dag.py:3954} INFO - Setting next_dagrun for example_skip_dag to 2024-07-03 00:00:00+00:00, run_after=2024-07-04 00:00:00+00:00
[2024-07-04T09:52:33.553+0000] {processor.py:183} INFO - Processing /home/airflow/.local/lib/python3.12/site-packages/airflow/example_dags/example_skip_dag.py took 0.132 seconds
[2024-07-04T09:53:04.407+0000] {processor.py:161} INFO - Started process (PID=2156) to work on /home/airflow/.local/lib/python3.12/site-packages/airflow/example_dags/example_skip_dag.py
[2024-07-04T09:53:04.409+0000] {processor.py:830} INFO - Processing file /home/airflow/.local/lib/python3.12/site-packages/airflow/example_dags/example_skip_dag.py for tasks to queue
[2024-07-04T09:53:04.413+0000] {logging_mixin.py:188} INFO - [2024-07-04T09:53:04.412+0000] {dagbag.py:545} INFO - Filling up the DagBag from /home/airflow/.local/lib/python3.12/site-packages/airflow/example_dags/example_skip_dag.py
[2024-07-04T09:53:04.419+0000] {processor.py:840} INFO - DAG(s) 'example_skip_dag' retrieved from /home/airflow/.local/lib/python3.12/site-packages/airflow/example_dags/example_skip_dag.py
[2024-07-04T09:53:04.461+0000] {logging_mixin.py:188} INFO - [2024-07-04T09:53:04.461+0000] {dag.py:3096} INFO - Sync 1 DAGs
[2024-07-04T09:53:04.494+0000] {logging_mixin.py:188} INFO - [2024-07-04T09:53:04.494+0000] {dag.py:3954} INFO - Setting next_dagrun for example_skip_dag to 2024-07-03 00:00:00+00:00, run_after=2024-07-04 00:00:00+00:00
[2024-07-04T09:53:04.511+0000] {processor.py:183} INFO - Processing /home/airflow/.local/lib/python3.12/site-packages/airflow/example_dags/example_skip_dag.py took 0.113 seconds
[2024-07-04T09:53:35.322+0000] {processor.py:161} INFO - Started process (PID=2215) to work on /home/airflow/.local/lib/python3.12/site-packages/airflow/example_dags/example_skip_dag.py
[2024-07-04T09:53:35.331+0000] {processor.py:830} INFO - Processing file /home/airflow/.local/lib/python3.12/site-packages/airflow/example_dags/example_skip_dag.py for tasks to queue
[2024-07-04T09:53:35.336+0000] {logging_mixin.py:188} INFO - [2024-07-04T09:53:35.336+0000] {dagbag.py:545} INFO - Filling up the DagBag from /home/airflow/.local/lib/python3.12/site-packages/airflow/example_dags/example_skip_dag.py
[2024-07-04T09:53:35.352+0000] {processor.py:840} INFO - DAG(s) 'example_skip_dag' retrieved from /home/airflow/.local/lib/python3.12/site-packages/airflow/example_dags/example_skip_dag.py
[2024-07-04T09:53:35.402+0000] {logging_mixin.py:188} INFO - [2024-07-04T09:53:35.402+0000] {dag.py:3096} INFO - Sync 1 DAGs
[2024-07-04T09:53:35.460+0000] {logging_mixin.py:188} INFO - [2024-07-04T09:53:35.459+0000] {dag.py:3954} INFO - Setting next_dagrun for example_skip_dag to 2024-07-03 00:00:00+00:00, run_after=2024-07-04 00:00:00+00:00
[2024-07-04T09:53:35.502+0000] {processor.py:183} INFO - Processing /home/airflow/.local/lib/python3.12/site-packages/airflow/example_dags/example_skip_dag.py took 0.200 seconds
[2024-07-04T09:54:17.232+0000] {processor.py:161} INFO - Started process (PID=2282) to work on /home/airflow/.local/lib/python3.12/site-packages/airflow/example_dags/example_skip_dag.py
[2024-07-04T09:54:17.241+0000] {processor.py:830} INFO - Processing file /home/airflow/.local/lib/python3.12/site-packages/airflow/example_dags/example_skip_dag.py for tasks to queue
[2024-07-04T09:54:17.244+0000] {logging_mixin.py:188} INFO - [2024-07-04T09:54:17.243+0000] {dagbag.py:545} INFO - Filling up the DagBag from /home/airflow/.local/lib/python3.12/site-packages/airflow/example_dags/example_skip_dag.py
[2024-07-04T09:54:17.272+0000] {processor.py:840} INFO - DAG(s) 'example_skip_dag' retrieved from /home/airflow/.local/lib/python3.12/site-packages/airflow/example_dags/example_skip_dag.py
[2024-07-04T09:54:17.353+0000] {logging_mixin.py:188} INFO - [2024-07-04T09:54:17.353+0000] {dag.py:3096} INFO - Sync 1 DAGs
[2024-07-04T09:54:17.416+0000] {logging_mixin.py:188} INFO - [2024-07-04T09:54:17.415+0000] {dag.py:3954} INFO - Setting next_dagrun for example_skip_dag to 2024-07-03 00:00:00+00:00, run_after=2024-07-04 00:00:00+00:00
[2024-07-04T09:54:17.452+0000] {processor.py:183} INFO - Processing /home/airflow/.local/lib/python3.12/site-packages/airflow/example_dags/example_skip_dag.py took 0.249 seconds
[2024-07-04T09:54:47.519+0000] {processor.py:161} INFO - Started process (PID=2340) to work on /home/airflow/.local/lib/python3.12/site-packages/airflow/example_dags/example_skip_dag.py
[2024-07-04T09:54:47.521+0000] {processor.py:830} INFO - Processing file /home/airflow/.local/lib/python3.12/site-packages/airflow/example_dags/example_skip_dag.py for tasks to queue
[2024-07-04T09:54:47.522+0000] {logging_mixin.py:188} INFO - [2024-07-04T09:54:47.522+0000] {dagbag.py:545} INFO - Filling up the DagBag from /home/airflow/.local/lib/python3.12/site-packages/airflow/example_dags/example_skip_dag.py
[2024-07-04T09:54:47.529+0000] {processor.py:840} INFO - DAG(s) 'example_skip_dag' retrieved from /home/airflow/.local/lib/python3.12/site-packages/airflow/example_dags/example_skip_dag.py
[2024-07-04T09:54:47.548+0000] {logging_mixin.py:188} INFO - [2024-07-04T09:54:47.548+0000] {dag.py:3096} INFO - Sync 1 DAGs
[2024-07-04T09:54:47.569+0000] {logging_mixin.py:188} INFO - [2024-07-04T09:54:47.569+0000] {dag.py:3954} INFO - Setting next_dagrun for example_skip_dag to 2024-07-03 00:00:00+00:00, run_after=2024-07-04 00:00:00+00:00
[2024-07-04T09:54:47.592+0000] {processor.py:183} INFO - Processing /home/airflow/.local/lib/python3.12/site-packages/airflow/example_dags/example_skip_dag.py took 0.078 seconds
[2024-07-04T09:55:18.411+0000] {processor.py:161} INFO - Started process (PID=2399) to work on /home/airflow/.local/lib/python3.12/site-packages/airflow/example_dags/example_skip_dag.py
[2024-07-04T09:55:18.414+0000] {processor.py:830} INFO - Processing file /home/airflow/.local/lib/python3.12/site-packages/airflow/example_dags/example_skip_dag.py for tasks to queue
[2024-07-04T09:55:18.417+0000] {logging_mixin.py:188} INFO - [2024-07-04T09:55:18.416+0000] {dagbag.py:545} INFO - Filling up the DagBag from /home/airflow/.local/lib/python3.12/site-packages/airflow/example_dags/example_skip_dag.py
[2024-07-04T09:55:18.433+0000] {processor.py:840} INFO - DAG(s) 'example_skip_dag' retrieved from /home/airflow/.local/lib/python3.12/site-packages/airflow/example_dags/example_skip_dag.py
[2024-07-04T09:55:18.486+0000] {logging_mixin.py:188} INFO - [2024-07-04T09:55:18.486+0000] {dag.py:3096} INFO - Sync 1 DAGs
[2024-07-04T09:55:18.546+0000] {logging_mixin.py:188} INFO - [2024-07-04T09:55:18.546+0000] {dag.py:3954} INFO - Setting next_dagrun for example_skip_dag to 2024-07-03 00:00:00+00:00, run_after=2024-07-04 00:00:00+00:00
[2024-07-04T09:55:18.593+0000] {processor.py:183} INFO - Processing /home/airflow/.local/lib/python3.12/site-packages/airflow/example_dags/example_skip_dag.py took 0.199 seconds
[2024-07-04T09:55:49.341+0000] {processor.py:161} INFO - Started process (PID=2458) to work on /home/airflow/.local/lib/python3.12/site-packages/airflow/example_dags/example_skip_dag.py
[2024-07-04T09:55:49.343+0000] {processor.py:830} INFO - Processing file /home/airflow/.local/lib/python3.12/site-packages/airflow/example_dags/example_skip_dag.py for tasks to queue
[2024-07-04T09:55:49.346+0000] {logging_mixin.py:188} INFO - [2024-07-04T09:55:49.346+0000] {dagbag.py:545} INFO - Filling up the DagBag from /home/airflow/.local/lib/python3.12/site-packages/airflow/example_dags/example_skip_dag.py
[2024-07-04T09:55:49.353+0000] {processor.py:840} INFO - DAG(s) 'example_skip_dag' retrieved from /home/airflow/.local/lib/python3.12/site-packages/airflow/example_dags/example_skip_dag.py
[2024-07-04T09:55:49.378+0000] {logging_mixin.py:188} INFO - [2024-07-04T09:55:49.378+0000] {dag.py:3096} INFO - Sync 1 DAGs
[2024-07-04T09:55:49.401+0000] {logging_mixin.py:188} INFO - [2024-07-04T09:55:49.401+0000] {dag.py:3954} INFO - Setting next_dagrun for example_skip_dag to 2024-07-03 00:00:00+00:00, run_after=2024-07-04 00:00:00+00:00
[2024-07-04T09:55:49.426+0000] {processor.py:183} INFO - Processing /home/airflow/.local/lib/python3.12/site-packages/airflow/example_dags/example_skip_dag.py took 0.091 seconds
[2024-07-04T09:56:21.302+0000] {processor.py:161} INFO - Started process (PID=2517) to work on /home/airflow/.local/lib/python3.12/site-packages/airflow/example_dags/example_skip_dag.py
[2024-07-04T09:56:21.306+0000] {processor.py:830} INFO - Processing file /home/airflow/.local/lib/python3.12/site-packages/airflow/example_dags/example_skip_dag.py for tasks to queue
[2024-07-04T09:56:21.323+0000] {logging_mixin.py:188} INFO - [2024-07-04T09:56:21.323+0000] {dagbag.py:545} INFO - Filling up the DagBag from /home/airflow/.local/lib/python3.12/site-packages/airflow/example_dags/example_skip_dag.py
[2024-07-04T09:56:21.347+0000] {processor.py:840} INFO - DAG(s) 'example_skip_dag' retrieved from /home/airflow/.local/lib/python3.12/site-packages/airflow/example_dags/example_skip_dag.py
[2024-07-04T09:56:21.437+0000] {logging_mixin.py:188} INFO - [2024-07-04T09:56:21.437+0000] {dag.py:3096} INFO - Sync 1 DAGs
[2024-07-04T09:56:21.520+0000] {logging_mixin.py:188} INFO - [2024-07-04T09:56:21.519+0000] {dag.py:3954} INFO - Setting next_dagrun for example_skip_dag to 2024-07-03 00:00:00+00:00, run_after=2024-07-04 00:00:00+00:00
[2024-07-04T09:56:21.585+0000] {processor.py:183} INFO - Processing /home/airflow/.local/lib/python3.12/site-packages/airflow/example_dags/example_skip_dag.py took 0.295 seconds
[2024-07-04T09:56:51.649+0000] {processor.py:161} INFO - Started process (PID=2576) to work on /home/airflow/.local/lib/python3.12/site-packages/airflow/example_dags/example_skip_dag.py
[2024-07-04T09:56:51.650+0000] {processor.py:830} INFO - Processing file /home/airflow/.local/lib/python3.12/site-packages/airflow/example_dags/example_skip_dag.py for tasks to queue
[2024-07-04T09:56:51.653+0000] {logging_mixin.py:188} INFO - [2024-07-04T09:56:51.653+0000] {dagbag.py:545} INFO - Filling up the DagBag from /home/airflow/.local/lib/python3.12/site-packages/airflow/example_dags/example_skip_dag.py
[2024-07-04T09:56:51.660+0000] {processor.py:840} INFO - DAG(s) 'example_skip_dag' retrieved from /home/airflow/.local/lib/python3.12/site-packages/airflow/example_dags/example_skip_dag.py
[2024-07-04T09:56:51.684+0000] {logging_mixin.py:188} INFO - [2024-07-04T09:56:51.684+0000] {dag.py:3096} INFO - Sync 1 DAGs
[2024-07-04T09:56:51.719+0000] {logging_mixin.py:188} INFO - [2024-07-04T09:56:51.718+0000] {dag.py:3954} INFO - Setting next_dagrun for example_skip_dag to 2024-07-03 00:00:00+00:00, run_after=2024-07-04 00:00:00+00:00
[2024-07-04T09:56:51.742+0000] {processor.py:183} INFO - Processing /home/airflow/.local/lib/python3.12/site-packages/airflow/example_dags/example_skip_dag.py took 0.100 seconds
[2024-07-04T09:57:22.065+0000] {processor.py:161} INFO - Started process (PID=2635) to work on /home/airflow/.local/lib/python3.12/site-packages/airflow/example_dags/example_skip_dag.py
[2024-07-04T09:57:22.066+0000] {processor.py:830} INFO - Processing file /home/airflow/.local/lib/python3.12/site-packages/airflow/example_dags/example_skip_dag.py for tasks to queue
[2024-07-04T09:57:22.068+0000] {logging_mixin.py:188} INFO - [2024-07-04T09:57:22.068+0000] {dagbag.py:545} INFO - Filling up the DagBag from /home/airflow/.local/lib/python3.12/site-packages/airflow/example_dags/example_skip_dag.py
[2024-07-04T09:57:22.078+0000] {processor.py:840} INFO - DAG(s) 'example_skip_dag' retrieved from /home/airflow/.local/lib/python3.12/site-packages/airflow/example_dags/example_skip_dag.py
[2024-07-04T09:57:22.104+0000] {logging_mixin.py:188} INFO - [2024-07-04T09:57:22.104+0000] {dag.py:3096} INFO - Sync 1 DAGs
[2024-07-04T09:57:22.134+0000] {logging_mixin.py:188} INFO - [2024-07-04T09:57:22.133+0000] {dag.py:3954} INFO - Setting next_dagrun for example_skip_dag to 2024-07-03 00:00:00+00:00, run_after=2024-07-04 00:00:00+00:00
[2024-07-04T09:57:22.155+0000] {processor.py:183} INFO - Processing /home/airflow/.local/lib/python3.12/site-packages/airflow/example_dags/example_skip_dag.py took 0.100 seconds
[2024-07-04T09:57:53.254+0000] {processor.py:161} INFO - Started process (PID=2695) to work on /home/airflow/.local/lib/python3.12/site-packages/airflow/example_dags/example_skip_dag.py
[2024-07-04T09:57:53.257+0000] {processor.py:830} INFO - Processing file /home/airflow/.local/lib/python3.12/site-packages/airflow/example_dags/example_skip_dag.py for tasks to queue
[2024-07-04T09:57:53.265+0000] {logging_mixin.py:188} INFO - [2024-07-04T09:57:53.265+0000] {dagbag.py:545} INFO - Filling up the DagBag from /home/airflow/.local/lib/python3.12/site-packages/airflow/example_dags/example_skip_dag.py
[2024-07-04T09:57:53.272+0000] {processor.py:840} INFO - DAG(s) 'example_skip_dag' retrieved from /home/airflow/.local/lib/python3.12/site-packages/airflow/example_dags/example_skip_dag.py
[2024-07-04T09:57:53.323+0000] {logging_mixin.py:188} INFO - [2024-07-04T09:57:53.323+0000] {dag.py:3096} INFO - Sync 1 DAGs
[2024-07-04T09:57:53.348+0000] {logging_mixin.py:188} INFO - [2024-07-04T09:57:53.348+0000] {dag.py:3954} INFO - Setting next_dagrun for example_skip_dag to 2024-07-03 00:00:00+00:00, run_after=2024-07-04 00:00:00+00:00
[2024-07-04T09:57:53.376+0000] {processor.py:183} INFO - Processing /home/airflow/.local/lib/python3.12/site-packages/airflow/example_dags/example_skip_dag.py took 0.133 seconds
[2024-07-04T09:58:24.255+0000] {processor.py:161} INFO - Started process (PID=2756) to work on /home/airflow/.local/lib/python3.12/site-packages/airflow/example_dags/example_skip_dag.py
[2024-07-04T09:58:24.256+0000] {processor.py:830} INFO - Processing file /home/airflow/.local/lib/python3.12/site-packages/airflow/example_dags/example_skip_dag.py for tasks to queue
[2024-07-04T09:58:24.258+0000] {logging_mixin.py:188} INFO - [2024-07-04T09:58:24.258+0000] {dagbag.py:545} INFO - Filling up the DagBag from /home/airflow/.local/lib/python3.12/site-packages/airflow/example_dags/example_skip_dag.py
[2024-07-04T09:58:24.273+0000] {processor.py:840} INFO - DAG(s) 'example_skip_dag' retrieved from /home/airflow/.local/lib/python3.12/site-packages/airflow/example_dags/example_skip_dag.py
[2024-07-04T09:58:24.295+0000] {logging_mixin.py:188} INFO - [2024-07-04T09:58:24.295+0000] {dag.py:3096} INFO - Sync 1 DAGs
[2024-07-04T09:58:24.324+0000] {logging_mixin.py:188} INFO - [2024-07-04T09:58:24.324+0000] {dag.py:3954} INFO - Setting next_dagrun for example_skip_dag to 2024-07-03 00:00:00+00:00, run_after=2024-07-04 00:00:00+00:00
[2024-07-04T09:58:24.347+0000] {processor.py:183} INFO - Processing /home/airflow/.local/lib/python3.12/site-packages/airflow/example_dags/example_skip_dag.py took 0.101 seconds
[2024-07-04T09:58:55.529+0000] {processor.py:161} INFO - Started process (PID=2818) to work on /home/airflow/.local/lib/python3.12/site-packages/airflow/example_dags/example_skip_dag.py
[2024-07-04T09:58:55.531+0000] {processor.py:830} INFO - Processing file /home/airflow/.local/lib/python3.12/site-packages/airflow/example_dags/example_skip_dag.py for tasks to queue
[2024-07-04T09:58:55.533+0000] {logging_mixin.py:188} INFO - [2024-07-04T09:58:55.533+0000] {dagbag.py:545} INFO - Filling up the DagBag from /home/airflow/.local/lib/python3.12/site-packages/airflow/example_dags/example_skip_dag.py
[2024-07-04T09:58:55.542+0000] {processor.py:840} INFO - DAG(s) 'example_skip_dag' retrieved from /home/airflow/.local/lib/python3.12/site-packages/airflow/example_dags/example_skip_dag.py
[2024-07-04T09:58:55.561+0000] {logging_mixin.py:188} INFO - [2024-07-04T09:58:55.560+0000] {dag.py:3096} INFO - Sync 1 DAGs
[2024-07-04T09:58:55.581+0000] {logging_mixin.py:188} INFO - [2024-07-04T09:58:55.581+0000] {dag.py:3954} INFO - Setting next_dagrun for example_skip_dag to 2024-07-03 00:00:00+00:00, run_after=2024-07-04 00:00:00+00:00
[2024-07-04T09:58:55.602+0000] {processor.py:183} INFO - Processing /home/airflow/.local/lib/python3.12/site-packages/airflow/example_dags/example_skip_dag.py took 0.078 seconds
[2024-07-04T09:59:25.849+0000] {processor.py:161} INFO - Started process (PID=2877) to work on /home/airflow/.local/lib/python3.12/site-packages/airflow/example_dags/example_skip_dag.py
[2024-07-04T09:59:25.850+0000] {processor.py:830} INFO - Processing file /home/airflow/.local/lib/python3.12/site-packages/airflow/example_dags/example_skip_dag.py for tasks to queue
[2024-07-04T09:59:25.853+0000] {logging_mixin.py:188} INFO - [2024-07-04T09:59:25.852+0000] {dagbag.py:545} INFO - Filling up the DagBag from /home/airflow/.local/lib/python3.12/site-packages/airflow/example_dags/example_skip_dag.py
[2024-07-04T09:59:25.860+0000] {processor.py:840} INFO - DAG(s) 'example_skip_dag' retrieved from /home/airflow/.local/lib/python3.12/site-packages/airflow/example_dags/example_skip_dag.py
[2024-07-04T09:59:25.886+0000] {logging_mixin.py:188} INFO - [2024-07-04T09:59:25.886+0000] {dag.py:3096} INFO - Sync 1 DAGs
[2024-07-04T09:59:25.913+0000] {logging_mixin.py:188} INFO - [2024-07-04T09:59:25.912+0000] {dag.py:3954} INFO - Setting next_dagrun for example_skip_dag to 2024-07-03 00:00:00+00:00, run_after=2024-07-04 00:00:00+00:00
[2024-07-04T09:59:25.932+0000] {processor.py:183} INFO - Processing /home/airflow/.local/lib/python3.12/site-packages/airflow/example_dags/example_skip_dag.py took 0.089 seconds
[2024-07-04T09:59:56.155+0000] {processor.py:161} INFO - Started process (PID=2936) to work on /home/airflow/.local/lib/python3.12/site-packages/airflow/example_dags/example_skip_dag.py
[2024-07-04T09:59:56.156+0000] {processor.py:830} INFO - Processing file /home/airflow/.local/lib/python3.12/site-packages/airflow/example_dags/example_skip_dag.py for tasks to queue
[2024-07-04T09:59:56.158+0000] {logging_mixin.py:188} INFO - [2024-07-04T09:59:56.158+0000] {dagbag.py:545} INFO - Filling up the DagBag from /home/airflow/.local/lib/python3.12/site-packages/airflow/example_dags/example_skip_dag.py
[2024-07-04T09:59:56.166+0000] {processor.py:840} INFO - DAG(s) 'example_skip_dag' retrieved from /home/airflow/.local/lib/python3.12/site-packages/airflow/example_dags/example_skip_dag.py
[2024-07-04T09:59:56.199+0000] {logging_mixin.py:188} INFO - [2024-07-04T09:59:56.198+0000] {dag.py:3096} INFO - Sync 1 DAGs
[2024-07-04T09:59:56.234+0000] {logging_mixin.py:188} INFO - [2024-07-04T09:59:56.234+0000] {dag.py:3954} INFO - Setting next_dagrun for example_skip_dag to 2024-07-03 00:00:00+00:00, run_after=2024-07-04 00:00:00+00:00
[2024-07-04T09:59:56.259+0000] {processor.py:183} INFO - Processing /home/airflow/.local/lib/python3.12/site-packages/airflow/example_dags/example_skip_dag.py took 0.112 seconds
[2024-07-04T10:00:27.056+0000] {processor.py:161} INFO - Started process (PID=2995) to work on /home/airflow/.local/lib/python3.12/site-packages/airflow/example_dags/example_skip_dag.py
[2024-07-04T10:00:27.057+0000] {processor.py:830} INFO - Processing file /home/airflow/.local/lib/python3.12/site-packages/airflow/example_dags/example_skip_dag.py for tasks to queue
[2024-07-04T10:00:27.058+0000] {logging_mixin.py:188} INFO - [2024-07-04T10:00:27.058+0000] {dagbag.py:545} INFO - Filling up the DagBag from /home/airflow/.local/lib/python3.12/site-packages/airflow/example_dags/example_skip_dag.py
[2024-07-04T10:00:27.065+0000] {processor.py:840} INFO - DAG(s) 'example_skip_dag' retrieved from /home/airflow/.local/lib/python3.12/site-packages/airflow/example_dags/example_skip_dag.py
[2024-07-04T10:00:27.086+0000] {logging_mixin.py:188} INFO - [2024-07-04T10:00:27.086+0000] {dag.py:3096} INFO - Sync 1 DAGs
[2024-07-04T10:00:27.107+0000] {logging_mixin.py:188} INFO - [2024-07-04T10:00:27.107+0000] {dag.py:3954} INFO - Setting next_dagrun for example_skip_dag to 2024-07-03 00:00:00+00:00, run_after=2024-07-04 00:00:00+00:00
[2024-07-04T10:00:27.127+0000] {processor.py:183} INFO - Processing /home/airflow/.local/lib/python3.12/site-packages/airflow/example_dags/example_skip_dag.py took 0.078 seconds
[2024-07-04T10:00:57.656+0000] {processor.py:161} INFO - Started process (PID=3056) to work on /home/airflow/.local/lib/python3.12/site-packages/airflow/example_dags/example_skip_dag.py
[2024-07-04T10:00:57.657+0000] {processor.py:830} INFO - Processing file /home/airflow/.local/lib/python3.12/site-packages/airflow/example_dags/example_skip_dag.py for tasks to queue
[2024-07-04T10:00:57.660+0000] {logging_mixin.py:188} INFO - [2024-07-04T10:00:57.659+0000] {dagbag.py:545} INFO - Filling up the DagBag from /home/airflow/.local/lib/python3.12/site-packages/airflow/example_dags/example_skip_dag.py
[2024-07-04T10:00:57.667+0000] {processor.py:840} INFO - DAG(s) 'example_skip_dag' retrieved from /home/airflow/.local/lib/python3.12/site-packages/airflow/example_dags/example_skip_dag.py
[2024-07-04T10:00:57.696+0000] {logging_mixin.py:188} INFO - [2024-07-04T10:00:57.696+0000] {dag.py:3096} INFO - Sync 1 DAGs
[2024-07-04T10:00:57.729+0000] {logging_mixin.py:188} INFO - [2024-07-04T10:00:57.729+0000] {dag.py:3954} INFO - Setting next_dagrun for example_skip_dag to 2024-07-03 00:00:00+00:00, run_after=2024-07-04 00:00:00+00:00
[2024-07-04T10:00:57.747+0000] {processor.py:183} INFO - Processing /home/airflow/.local/lib/python3.12/site-packages/airflow/example_dags/example_skip_dag.py took 0.100 seconds
[2024-07-04T10:01:28.976+0000] {processor.py:161} INFO - Started process (PID=3115) to work on /home/airflow/.local/lib/python3.12/site-packages/airflow/example_dags/example_skip_dag.py
[2024-07-04T10:01:28.978+0000] {processor.py:830} INFO - Processing file /home/airflow/.local/lib/python3.12/site-packages/airflow/example_dags/example_skip_dag.py for tasks to queue
[2024-07-04T10:01:28.985+0000] {logging_mixin.py:188} INFO - [2024-07-04T10:01:28.984+0000] {dagbag.py:545} INFO - Filling up the DagBag from /home/airflow/.local/lib/python3.12/site-packages/airflow/example_dags/example_skip_dag.py
[2024-07-04T10:01:28.993+0000] {processor.py:840} INFO - DAG(s) 'example_skip_dag' retrieved from /home/airflow/.local/lib/python3.12/site-packages/airflow/example_dags/example_skip_dag.py
[2024-07-04T10:01:29.024+0000] {logging_mixin.py:188} INFO - [2024-07-04T10:01:29.023+0000] {dag.py:3096} INFO - Sync 1 DAGs
[2024-07-04T10:01:29.065+0000] {logging_mixin.py:188} INFO - [2024-07-04T10:01:29.065+0000] {dag.py:3954} INFO - Setting next_dagrun for example_skip_dag to 2024-07-03 00:00:00+00:00, run_after=2024-07-04 00:00:00+00:00
[2024-07-04T10:01:29.140+0000] {processor.py:183} INFO - Processing /home/airflow/.local/lib/python3.12/site-packages/airflow/example_dags/example_skip_dag.py took 0.171 seconds
[2024-07-04T10:02:00.109+0000] {processor.py:161} INFO - Started process (PID=3175) to work on /home/airflow/.local/lib/python3.12/site-packages/airflow/example_dags/example_skip_dag.py
[2024-07-04T10:02:00.112+0000] {processor.py:830} INFO - Processing file /home/airflow/.local/lib/python3.12/site-packages/airflow/example_dags/example_skip_dag.py for tasks to queue
[2024-07-04T10:02:00.114+0000] {logging_mixin.py:188} INFO - [2024-07-04T10:02:00.114+0000] {dagbag.py:545} INFO - Filling up the DagBag from /home/airflow/.local/lib/python3.12/site-packages/airflow/example_dags/example_skip_dag.py
[2024-07-04T10:02:00.130+0000] {processor.py:840} INFO - DAG(s) 'example_skip_dag' retrieved from /home/airflow/.local/lib/python3.12/site-packages/airflow/example_dags/example_skip_dag.py
[2024-07-04T10:02:00.166+0000] {logging_mixin.py:188} INFO - [2024-07-04T10:02:00.166+0000] {dag.py:3096} INFO - Sync 1 DAGs
[2024-07-04T10:02:00.227+0000] {logging_mixin.py:188} INFO - [2024-07-04T10:02:00.227+0000] {dag.py:3954} INFO - Setting next_dagrun for example_skip_dag to 2024-07-03 00:00:00+00:00, run_after=2024-07-04 00:00:00+00:00
[2024-07-04T10:02:00.307+0000] {processor.py:183} INFO - Processing /home/airflow/.local/lib/python3.12/site-packages/airflow/example_dags/example_skip_dag.py took 0.205 seconds
[2024-07-04T10:02:30.374+0000] {processor.py:161} INFO - Started process (PID=3234) to work on /home/airflow/.local/lib/python3.12/site-packages/airflow/example_dags/example_skip_dag.py
[2024-07-04T10:02:30.375+0000] {processor.py:830} INFO - Processing file /home/airflow/.local/lib/python3.12/site-packages/airflow/example_dags/example_skip_dag.py for tasks to queue
[2024-07-04T10:02:30.382+0000] {logging_mixin.py:188} INFO - [2024-07-04T10:02:30.381+0000] {dagbag.py:545} INFO - Filling up the DagBag from /home/airflow/.local/lib/python3.12/site-packages/airflow/example_dags/example_skip_dag.py
[2024-07-04T10:02:30.389+0000] {processor.py:840} INFO - DAG(s) 'example_skip_dag' retrieved from /home/airflow/.local/lib/python3.12/site-packages/airflow/example_dags/example_skip_dag.py
[2024-07-04T10:02:30.411+0000] {logging_mixin.py:188} INFO - [2024-07-04T10:02:30.411+0000] {dag.py:3096} INFO - Sync 1 DAGs
[2024-07-04T10:02:30.433+0000] {logging_mixin.py:188} INFO - [2024-07-04T10:02:30.433+0000] {dag.py:3954} INFO - Setting next_dagrun for example_skip_dag to 2024-07-03 00:00:00+00:00, run_after=2024-07-04 00:00:00+00:00
[2024-07-04T10:02:30.455+0000] {processor.py:183} INFO - Processing /home/airflow/.local/lib/python3.12/site-packages/airflow/example_dags/example_skip_dag.py took 0.088 seconds
[2024-07-04T10:03:00.965+0000] {processor.py:161} INFO - Started process (PID=3294) to work on /home/airflow/.local/lib/python3.12/site-packages/airflow/example_dags/example_skip_dag.py
[2024-07-04T10:03:00.966+0000] {processor.py:830} INFO - Processing file /home/airflow/.local/lib/python3.12/site-packages/airflow/example_dags/example_skip_dag.py for tasks to queue
[2024-07-04T10:03:00.970+0000] {logging_mixin.py:188} INFO - [2024-07-04T10:03:00.969+0000] {dagbag.py:545} INFO - Filling up the DagBag from /home/airflow/.local/lib/python3.12/site-packages/airflow/example_dags/example_skip_dag.py
[2024-07-04T10:03:00.977+0000] {processor.py:840} INFO - DAG(s) 'example_skip_dag' retrieved from /home/airflow/.local/lib/python3.12/site-packages/airflow/example_dags/example_skip_dag.py
[2024-07-04T10:03:01.047+0000] {logging_mixin.py:188} INFO - [2024-07-04T10:03:01.046+0000] {dag.py:3096} INFO - Sync 1 DAGs
[2024-07-04T10:03:01.106+0000] {logging_mixin.py:188} INFO - [2024-07-04T10:03:01.106+0000] {dag.py:3954} INFO - Setting next_dagrun for example_skip_dag to 2024-07-03 00:00:00+00:00, run_after=2024-07-04 00:00:00+00:00
[2024-07-04T10:03:01.141+0000] {processor.py:183} INFO - Processing /home/airflow/.local/lib/python3.12/site-packages/airflow/example_dags/example_skip_dag.py took 0.203 seconds
[2024-07-04T10:03:31.211+0000] {processor.py:161} INFO - Started process (PID=3352) to work on /home/airflow/.local/lib/python3.12/site-packages/airflow/example_dags/example_skip_dag.py
[2024-07-04T10:03:31.213+0000] {processor.py:830} INFO - Processing file /home/airflow/.local/lib/python3.12/site-packages/airflow/example_dags/example_skip_dag.py for tasks to queue
[2024-07-04T10:03:31.216+0000] {logging_mixin.py:188} INFO - [2024-07-04T10:03:31.215+0000] {dagbag.py:545} INFO - Filling up the DagBag from /home/airflow/.local/lib/python3.12/site-packages/airflow/example_dags/example_skip_dag.py
[2024-07-04T10:03:31.228+0000] {processor.py:840} INFO - DAG(s) 'example_skip_dag' retrieved from /home/airflow/.local/lib/python3.12/site-packages/airflow/example_dags/example_skip_dag.py
[2024-07-04T10:03:31.283+0000] {logging_mixin.py:188} INFO - [2024-07-04T10:03:31.283+0000] {dag.py:3096} INFO - Sync 1 DAGs
[2024-07-04T10:03:31.315+0000] {logging_mixin.py:188} INFO - [2024-07-04T10:03:31.315+0000] {dag.py:3954} INFO - Setting next_dagrun for example_skip_dag to 2024-07-03 00:00:00+00:00, run_after=2024-07-04 00:00:00+00:00
[2024-07-04T10:03:31.348+0000] {processor.py:183} INFO - Processing /home/airflow/.local/lib/python3.12/site-packages/airflow/example_dags/example_skip_dag.py took 0.144 seconds
