[2024-07-04T09:34:26.419+0000] {processor.py:161} INFO - Started process (PID=35) to work on /home/airflow/.local/lib/python3.12/site-packages/airflow/example_dags/example_sensor_decorator.py
[2024-07-04T09:34:26.435+0000] {processor.py:830} INFO - Processing file /home/airflow/.local/lib/python3.12/site-packages/airflow/example_dags/example_sensor_decorator.py for tasks to queue
[2024-07-04T09:34:26.447+0000] {logging_mixin.py:188} INFO - [2024-07-04T09:34:26.443+0000] {dagbag.py:545} INFO - Filling up the DagBag from /home/airflow/.local/lib/python3.12/site-packages/airflow/example_dags/example_sensor_decorator.py
[2024-07-04T09:34:26.468+0000] {processor.py:840} INFO - DAG(s) 'example_sensor_decorator' retrieved from /home/airflow/.local/lib/python3.12/site-packages/airflow/example_dags/example_sensor_decorator.py
[2024-07-04T09:34:27.462+0000] {logging_mixin.py:188} INFO - [2024-07-04T09:34:27.461+0000] {dag.py:3096} INFO - Sync 1 DAGs
[2024-07-04T09:34:27.726+0000] {logging_mixin.py:188} INFO - [2024-07-04T09:34:27.725+0000] {dag.py:3954} INFO - Setting next_dagrun for example_sensor_decorator to None, run_after=None
[2024-07-04T09:34:28.272+0000] {processor.py:183} INFO - Processing /home/airflow/.local/lib/python3.12/site-packages/airflow/example_dags/example_sensor_decorator.py took 1.887 seconds
[2024-07-04T09:35:10.049+0000] {processor.py:161} INFO - Started process (PID=93) to work on /home/airflow/.local/lib/python3.12/site-packages/airflow/example_dags/example_sensor_decorator.py
[2024-07-04T09:35:10.061+0000] {processor.py:830} INFO - Processing file /home/airflow/.local/lib/python3.12/site-packages/airflow/example_dags/example_sensor_decorator.py for tasks to queue
[2024-07-04T09:35:10.072+0000] {logging_mixin.py:188} INFO - [2024-07-04T09:35:10.072+0000] {dagbag.py:545} INFO - Filling up the DagBag from /home/airflow/.local/lib/python3.12/site-packages/airflow/example_dags/example_sensor_decorator.py
[2024-07-04T09:35:10.142+0000] {processor.py:840} INFO - DAG(s) 'example_sensor_decorator' retrieved from /home/airflow/.local/lib/python3.12/site-packages/airflow/example_dags/example_sensor_decorator.py
[2024-07-04T09:35:10.943+0000] {logging_mixin.py:188} INFO - [2024-07-04T09:35:10.943+0000] {dag.py:3096} INFO - Sync 1 DAGs
[2024-07-04T09:35:11.257+0000] {logging_mixin.py:188} INFO - [2024-07-04T09:35:11.255+0000] {dag.py:3954} INFO - Setting next_dagrun for example_sensor_decorator to None, run_after=None
[2024-07-04T09:35:11.472+0000] {processor.py:183} INFO - Processing /home/airflow/.local/lib/python3.12/site-packages/airflow/example_dags/example_sensor_decorator.py took 1.476 seconds
[2024-07-04T09:35:42.131+0000] {processor.py:161} INFO - Started process (PID=150) to work on /home/airflow/.local/lib/python3.12/site-packages/airflow/example_dags/example_sensor_decorator.py
[2024-07-04T09:35:42.134+0000] {processor.py:830} INFO - Processing file /home/airflow/.local/lib/python3.12/site-packages/airflow/example_dags/example_sensor_decorator.py for tasks to queue
[2024-07-04T09:35:42.136+0000] {logging_mixin.py:188} INFO - [2024-07-04T09:35:42.136+0000] {dagbag.py:545} INFO - Filling up the DagBag from /home/airflow/.local/lib/python3.12/site-packages/airflow/example_dags/example_sensor_decorator.py
[2024-07-04T09:35:42.142+0000] {processor.py:840} INFO - DAG(s) 'example_sensor_decorator' retrieved from /home/airflow/.local/lib/python3.12/site-packages/airflow/example_dags/example_sensor_decorator.py
[2024-07-04T09:35:42.159+0000] {logging_mixin.py:188} INFO - [2024-07-04T09:35:42.159+0000] {dag.py:3096} INFO - Sync 1 DAGs
[2024-07-04T09:35:42.171+0000] {logging_mixin.py:188} INFO - [2024-07-04T09:35:42.171+0000] {dag.py:3954} INFO - Setting next_dagrun for example_sensor_decorator to None, run_after=None
[2024-07-04T09:35:42.191+0000] {processor.py:183} INFO - Processing /home/airflow/.local/lib/python3.12/site-packages/airflow/example_dags/example_sensor_decorator.py took 0.065 seconds
[2024-07-04T09:36:12.449+0000] {processor.py:161} INFO - Started process (PID=209) to work on /home/airflow/.local/lib/python3.12/site-packages/airflow/example_dags/example_sensor_decorator.py
[2024-07-04T09:36:12.454+0000] {processor.py:830} INFO - Processing file /home/airflow/.local/lib/python3.12/site-packages/airflow/example_dags/example_sensor_decorator.py for tasks to queue
[2024-07-04T09:36:12.468+0000] {logging_mixin.py:188} INFO - [2024-07-04T09:36:12.462+0000] {dagbag.py:545} INFO - Filling up the DagBag from /home/airflow/.local/lib/python3.12/site-packages/airflow/example_dags/example_sensor_decorator.py
[2024-07-04T09:36:12.483+0000] {processor.py:840} INFO - DAG(s) 'example_sensor_decorator' retrieved from /home/airflow/.local/lib/python3.12/site-packages/airflow/example_dags/example_sensor_decorator.py
[2024-07-04T09:36:12.516+0000] {logging_mixin.py:188} INFO - [2024-07-04T09:36:12.515+0000] {dag.py:3096} INFO - Sync 1 DAGs
[2024-07-04T09:36:12.544+0000] {logging_mixin.py:188} INFO - [2024-07-04T09:36:12.544+0000] {dag.py:3954} INFO - Setting next_dagrun for example_sensor_decorator to None, run_after=None
[2024-07-04T09:36:12.574+0000] {processor.py:183} INFO - Processing /home/airflow/.local/lib/python3.12/site-packages/airflow/example_dags/example_sensor_decorator.py took 0.133 seconds
[2024-07-04T09:36:43.436+0000] {processor.py:161} INFO - Started process (PID=268) to work on /home/airflow/.local/lib/python3.12/site-packages/airflow/example_dags/example_sensor_decorator.py
[2024-07-04T09:36:43.437+0000] {processor.py:830} INFO - Processing file /home/airflow/.local/lib/python3.12/site-packages/airflow/example_dags/example_sensor_decorator.py for tasks to queue
[2024-07-04T09:36:43.439+0000] {logging_mixin.py:188} INFO - [2024-07-04T09:36:43.439+0000] {dagbag.py:545} INFO - Filling up the DagBag from /home/airflow/.local/lib/python3.12/site-packages/airflow/example_dags/example_sensor_decorator.py
[2024-07-04T09:36:43.445+0000] {processor.py:840} INFO - DAG(s) 'example_sensor_decorator' retrieved from /home/airflow/.local/lib/python3.12/site-packages/airflow/example_dags/example_sensor_decorator.py
[2024-07-04T09:36:43.465+0000] {logging_mixin.py:188} INFO - [2024-07-04T09:36:43.465+0000] {dag.py:3096} INFO - Sync 1 DAGs
[2024-07-04T09:36:43.478+0000] {logging_mixin.py:188} INFO - [2024-07-04T09:36:43.478+0000] {dag.py:3954} INFO - Setting next_dagrun for example_sensor_decorator to None, run_after=None
[2024-07-04T09:36:43.500+0000] {processor.py:183} INFO - Processing /home/airflow/.local/lib/python3.12/site-packages/airflow/example_dags/example_sensor_decorator.py took 0.069 seconds
[2024-07-04T09:37:13.818+0000] {processor.py:161} INFO - Started process (PID=327) to work on /home/airflow/.local/lib/python3.12/site-packages/airflow/example_dags/example_sensor_decorator.py
[2024-07-04T09:37:13.819+0000] {processor.py:830} INFO - Processing file /home/airflow/.local/lib/python3.12/site-packages/airflow/example_dags/example_sensor_decorator.py for tasks to queue
[2024-07-04T09:37:13.821+0000] {logging_mixin.py:188} INFO - [2024-07-04T09:37:13.821+0000] {dagbag.py:545} INFO - Filling up the DagBag from /home/airflow/.local/lib/python3.12/site-packages/airflow/example_dags/example_sensor_decorator.py
[2024-07-04T09:37:13.827+0000] {processor.py:840} INFO - DAG(s) 'example_sensor_decorator' retrieved from /home/airflow/.local/lib/python3.12/site-packages/airflow/example_dags/example_sensor_decorator.py
[2024-07-04T09:37:13.849+0000] {logging_mixin.py:188} INFO - [2024-07-04T09:37:13.848+0000] {dag.py:3096} INFO - Sync 1 DAGs
[2024-07-04T09:37:13.863+0000] {logging_mixin.py:188} INFO - [2024-07-04T09:37:13.862+0000] {dag.py:3954} INFO - Setting next_dagrun for example_sensor_decorator to None, run_after=None
[2024-07-04T09:37:13.884+0000] {processor.py:183} INFO - Processing /home/airflow/.local/lib/python3.12/site-packages/airflow/example_dags/example_sensor_decorator.py took 0.071 seconds
[2024-07-04T09:37:44.171+0000] {processor.py:161} INFO - Started process (PID=386) to work on /home/airflow/.local/lib/python3.12/site-packages/airflow/example_dags/example_sensor_decorator.py
[2024-07-04T09:37:44.172+0000] {processor.py:830} INFO - Processing file /home/airflow/.local/lib/python3.12/site-packages/airflow/example_dags/example_sensor_decorator.py for tasks to queue
[2024-07-04T09:37:44.175+0000] {logging_mixin.py:188} INFO - [2024-07-04T09:37:44.174+0000] {dagbag.py:545} INFO - Filling up the DagBag from /home/airflow/.local/lib/python3.12/site-packages/airflow/example_dags/example_sensor_decorator.py
[2024-07-04T09:37:44.182+0000] {processor.py:840} INFO - DAG(s) 'example_sensor_decorator' retrieved from /home/airflow/.local/lib/python3.12/site-packages/airflow/example_dags/example_sensor_decorator.py
[2024-07-04T09:37:44.205+0000] {logging_mixin.py:188} INFO - [2024-07-04T09:37:44.204+0000] {dag.py:3096} INFO - Sync 1 DAGs
[2024-07-04T09:37:44.217+0000] {logging_mixin.py:188} INFO - [2024-07-04T09:37:44.217+0000] {dag.py:3954} INFO - Setting next_dagrun for example_sensor_decorator to None, run_after=None
[2024-07-04T09:37:44.242+0000] {processor.py:183} INFO - Processing /home/airflow/.local/lib/python3.12/site-packages/airflow/example_dags/example_sensor_decorator.py took 0.076 seconds
[2024-07-04T09:38:14.570+0000] {processor.py:161} INFO - Started process (PID=445) to work on /home/airflow/.local/lib/python3.12/site-packages/airflow/example_dags/example_sensor_decorator.py
[2024-07-04T09:38:14.571+0000] {processor.py:830} INFO - Processing file /home/airflow/.local/lib/python3.12/site-packages/airflow/example_dags/example_sensor_decorator.py for tasks to queue
[2024-07-04T09:38:14.573+0000] {logging_mixin.py:188} INFO - [2024-07-04T09:38:14.573+0000] {dagbag.py:545} INFO - Filling up the DagBag from /home/airflow/.local/lib/python3.12/site-packages/airflow/example_dags/example_sensor_decorator.py
[2024-07-04T09:38:14.579+0000] {processor.py:840} INFO - DAG(s) 'example_sensor_decorator' retrieved from /home/airflow/.local/lib/python3.12/site-packages/airflow/example_dags/example_sensor_decorator.py
[2024-07-04T09:38:14.598+0000] {logging_mixin.py:188} INFO - [2024-07-04T09:38:14.598+0000] {dag.py:3096} INFO - Sync 1 DAGs
[2024-07-04T09:38:14.612+0000] {logging_mixin.py:188} INFO - [2024-07-04T09:38:14.612+0000] {dag.py:3954} INFO - Setting next_dagrun for example_sensor_decorator to None, run_after=None
[2024-07-04T09:38:14.636+0000] {processor.py:183} INFO - Processing /home/airflow/.local/lib/python3.12/site-packages/airflow/example_dags/example_sensor_decorator.py took 0.070 seconds
[2024-07-04T09:38:44.736+0000] {processor.py:161} INFO - Started process (PID=505) to work on /home/airflow/.local/lib/python3.12/site-packages/airflow/example_dags/example_sensor_decorator.py
[2024-07-04T09:38:44.737+0000] {processor.py:830} INFO - Processing file /home/airflow/.local/lib/python3.12/site-packages/airflow/example_dags/example_sensor_decorator.py for tasks to queue
[2024-07-04T09:38:44.739+0000] {logging_mixin.py:188} INFO - [2024-07-04T09:38:44.739+0000] {dagbag.py:545} INFO - Filling up the DagBag from /home/airflow/.local/lib/python3.12/site-packages/airflow/example_dags/example_sensor_decorator.py
[2024-07-04T09:38:44.751+0000] {processor.py:840} INFO - DAG(s) 'example_sensor_decorator' retrieved from /home/airflow/.local/lib/python3.12/site-packages/airflow/example_dags/example_sensor_decorator.py
[2024-07-04T09:38:44.780+0000] {logging_mixin.py:188} INFO - [2024-07-04T09:38:44.779+0000] {dag.py:3096} INFO - Sync 1 DAGs
[2024-07-04T09:38:44.793+0000] {logging_mixin.py:188} INFO - [2024-07-04T09:38:44.792+0000] {dag.py:3954} INFO - Setting next_dagrun for example_sensor_decorator to None, run_after=None
[2024-07-04T09:38:44.812+0000] {processor.py:183} INFO - Processing /home/airflow/.local/lib/python3.12/site-packages/airflow/example_dags/example_sensor_decorator.py took 0.081 seconds
[2024-07-04T09:39:15.765+0000] {processor.py:161} INFO - Started process (PID=564) to work on /home/airflow/.local/lib/python3.12/site-packages/airflow/example_dags/example_sensor_decorator.py
[2024-07-04T09:39:15.770+0000] {processor.py:830} INFO - Processing file /home/airflow/.local/lib/python3.12/site-packages/airflow/example_dags/example_sensor_decorator.py for tasks to queue
[2024-07-04T09:39:15.776+0000] {logging_mixin.py:188} INFO - [2024-07-04T09:39:15.776+0000] {dagbag.py:545} INFO - Filling up the DagBag from /home/airflow/.local/lib/python3.12/site-packages/airflow/example_dags/example_sensor_decorator.py
[2024-07-04T09:39:15.792+0000] {processor.py:840} INFO - DAG(s) 'example_sensor_decorator' retrieved from /home/airflow/.local/lib/python3.12/site-packages/airflow/example_dags/example_sensor_decorator.py
[2024-07-04T09:39:15.808+0000] {logging_mixin.py:188} INFO - [2024-07-04T09:39:15.808+0000] {dag.py:3096} INFO - Sync 1 DAGs
[2024-07-04T09:39:15.833+0000] {logging_mixin.py:188} INFO - [2024-07-04T09:39:15.833+0000] {dag.py:3954} INFO - Setting next_dagrun for example_sensor_decorator to None, run_after=None
[2024-07-04T09:39:15.866+0000] {processor.py:183} INFO - Processing /home/airflow/.local/lib/python3.12/site-packages/airflow/example_dags/example_sensor_decorator.py took 0.108 seconds
[2024-07-04T09:39:46.474+0000] {processor.py:161} INFO - Started process (PID=623) to work on /home/airflow/.local/lib/python3.12/site-packages/airflow/example_dags/example_sensor_decorator.py
[2024-07-04T09:39:46.476+0000] {processor.py:830} INFO - Processing file /home/airflow/.local/lib/python3.12/site-packages/airflow/example_dags/example_sensor_decorator.py for tasks to queue
[2024-07-04T09:39:46.477+0000] {logging_mixin.py:188} INFO - [2024-07-04T09:39:46.477+0000] {dagbag.py:545} INFO - Filling up the DagBag from /home/airflow/.local/lib/python3.12/site-packages/airflow/example_dags/example_sensor_decorator.py
[2024-07-04T09:39:46.483+0000] {processor.py:840} INFO - DAG(s) 'example_sensor_decorator' retrieved from /home/airflow/.local/lib/python3.12/site-packages/airflow/example_dags/example_sensor_decorator.py
[2024-07-04T09:39:46.501+0000] {logging_mixin.py:188} INFO - [2024-07-04T09:39:46.501+0000] {dag.py:3096} INFO - Sync 1 DAGs
[2024-07-04T09:39:46.514+0000] {logging_mixin.py:188} INFO - [2024-07-04T09:39:46.514+0000] {dag.py:3954} INFO - Setting next_dagrun for example_sensor_decorator to None, run_after=None
[2024-07-04T09:39:46.535+0000] {processor.py:183} INFO - Processing /home/airflow/.local/lib/python3.12/site-packages/airflow/example_dags/example_sensor_decorator.py took 0.065 seconds
[2024-07-04T09:40:16.684+0000] {processor.py:161} INFO - Started process (PID=680) to work on /home/airflow/.local/lib/python3.12/site-packages/airflow/example_dags/example_sensor_decorator.py
[2024-07-04T09:40:16.685+0000] {processor.py:830} INFO - Processing file /home/airflow/.local/lib/python3.12/site-packages/airflow/example_dags/example_sensor_decorator.py for tasks to queue
[2024-07-04T09:40:16.687+0000] {logging_mixin.py:188} INFO - [2024-07-04T09:40:16.687+0000] {dagbag.py:545} INFO - Filling up the DagBag from /home/airflow/.local/lib/python3.12/site-packages/airflow/example_dags/example_sensor_decorator.py
[2024-07-04T09:40:16.695+0000] {processor.py:840} INFO - DAG(s) 'example_sensor_decorator' retrieved from /home/airflow/.local/lib/python3.12/site-packages/airflow/example_dags/example_sensor_decorator.py
[2024-07-04T09:40:16.730+0000] {logging_mixin.py:188} INFO - [2024-07-04T09:40:16.730+0000] {dag.py:3096} INFO - Sync 1 DAGs
[2024-07-04T09:40:16.761+0000] {logging_mixin.py:188} INFO - [2024-07-04T09:40:16.761+0000] {dag.py:3954} INFO - Setting next_dagrun for example_sensor_decorator to None, run_after=None
[2024-07-04T09:40:16.790+0000] {processor.py:183} INFO - Processing /home/airflow/.local/lib/python3.12/site-packages/airflow/example_dags/example_sensor_decorator.py took 0.112 seconds
[2024-07-04T09:40:47.169+0000] {processor.py:161} INFO - Started process (PID=739) to work on /home/airflow/.local/lib/python3.12/site-packages/airflow/example_dags/example_sensor_decorator.py
[2024-07-04T09:40:47.170+0000] {processor.py:830} INFO - Processing file /home/airflow/.local/lib/python3.12/site-packages/airflow/example_dags/example_sensor_decorator.py for tasks to queue
[2024-07-04T09:40:47.173+0000] {logging_mixin.py:188} INFO - [2024-07-04T09:40:47.173+0000] {dagbag.py:545} INFO - Filling up the DagBag from /home/airflow/.local/lib/python3.12/site-packages/airflow/example_dags/example_sensor_decorator.py
[2024-07-04T09:40:47.181+0000] {processor.py:840} INFO - DAG(s) 'example_sensor_decorator' retrieved from /home/airflow/.local/lib/python3.12/site-packages/airflow/example_dags/example_sensor_decorator.py
[2024-07-04T09:40:47.204+0000] {logging_mixin.py:188} INFO - [2024-07-04T09:40:47.204+0000] {dag.py:3096} INFO - Sync 1 DAGs
[2024-07-04T09:40:47.217+0000] {logging_mixin.py:188} INFO - [2024-07-04T09:40:47.216+0000] {dag.py:3954} INFO - Setting next_dagrun for example_sensor_decorator to None, run_after=None
[2024-07-04T09:40:47.241+0000] {processor.py:183} INFO - Processing /home/airflow/.local/lib/python3.12/site-packages/airflow/example_dags/example_sensor_decorator.py took 0.080 seconds
[2024-07-04T09:41:17.299+0000] {processor.py:161} INFO - Started process (PID=799) to work on /home/airflow/.local/lib/python3.12/site-packages/airflow/example_dags/example_sensor_decorator.py
[2024-07-04T09:41:17.300+0000] {processor.py:830} INFO - Processing file /home/airflow/.local/lib/python3.12/site-packages/airflow/example_dags/example_sensor_decorator.py for tasks to queue
[2024-07-04T09:41:17.302+0000] {logging_mixin.py:188} INFO - [2024-07-04T09:41:17.302+0000] {dagbag.py:545} INFO - Filling up the DagBag from /home/airflow/.local/lib/python3.12/site-packages/airflow/example_dags/example_sensor_decorator.py
[2024-07-04T09:41:17.309+0000] {processor.py:840} INFO - DAG(s) 'example_sensor_decorator' retrieved from /home/airflow/.local/lib/python3.12/site-packages/airflow/example_dags/example_sensor_decorator.py
[2024-07-04T09:41:17.330+0000] {logging_mixin.py:188} INFO - [2024-07-04T09:41:17.330+0000] {dag.py:3096} INFO - Sync 1 DAGs
[2024-07-04T09:41:17.343+0000] {logging_mixin.py:188} INFO - [2024-07-04T09:41:17.342+0000] {dag.py:3954} INFO - Setting next_dagrun for example_sensor_decorator to None, run_after=None
[2024-07-04T09:41:17.364+0000] {processor.py:183} INFO - Processing /home/airflow/.local/lib/python3.12/site-packages/airflow/example_dags/example_sensor_decorator.py took 0.072 seconds
[2024-07-04T09:41:47.700+0000] {processor.py:161} INFO - Started process (PID=858) to work on /home/airflow/.local/lib/python3.12/site-packages/airflow/example_dags/example_sensor_decorator.py
[2024-07-04T09:41:47.702+0000] {processor.py:830} INFO - Processing file /home/airflow/.local/lib/python3.12/site-packages/airflow/example_dags/example_sensor_decorator.py for tasks to queue
[2024-07-04T09:41:47.704+0000] {logging_mixin.py:188} INFO - [2024-07-04T09:41:47.704+0000] {dagbag.py:545} INFO - Filling up the DagBag from /home/airflow/.local/lib/python3.12/site-packages/airflow/example_dags/example_sensor_decorator.py
[2024-07-04T09:41:47.710+0000] {processor.py:840} INFO - DAG(s) 'example_sensor_decorator' retrieved from /home/airflow/.local/lib/python3.12/site-packages/airflow/example_dags/example_sensor_decorator.py
[2024-07-04T09:41:47.731+0000] {logging_mixin.py:188} INFO - [2024-07-04T09:41:47.731+0000] {dag.py:3096} INFO - Sync 1 DAGs
[2024-07-04T09:41:47.744+0000] {logging_mixin.py:188} INFO - [2024-07-04T09:41:47.744+0000] {dag.py:3954} INFO - Setting next_dagrun for example_sensor_decorator to None, run_after=None
[2024-07-04T09:41:47.766+0000] {processor.py:183} INFO - Processing /home/airflow/.local/lib/python3.12/site-packages/airflow/example_dags/example_sensor_decorator.py took 0.072 seconds
[2024-07-04T09:42:18.292+0000] {processor.py:161} INFO - Started process (PID=916) to work on /home/airflow/.local/lib/python3.12/site-packages/airflow/example_dags/example_sensor_decorator.py
[2024-07-04T09:42:18.294+0000] {processor.py:830} INFO - Processing file /home/airflow/.local/lib/python3.12/site-packages/airflow/example_dags/example_sensor_decorator.py for tasks to queue
[2024-07-04T09:42:18.297+0000] {logging_mixin.py:188} INFO - [2024-07-04T09:42:18.296+0000] {dagbag.py:545} INFO - Filling up the DagBag from /home/airflow/.local/lib/python3.12/site-packages/airflow/example_dags/example_sensor_decorator.py
[2024-07-04T09:42:18.306+0000] {processor.py:840} INFO - DAG(s) 'example_sensor_decorator' retrieved from /home/airflow/.local/lib/python3.12/site-packages/airflow/example_dags/example_sensor_decorator.py
[2024-07-04T09:42:18.342+0000] {logging_mixin.py:188} INFO - [2024-07-04T09:42:18.342+0000] {dag.py:3096} INFO - Sync 1 DAGs
[2024-07-04T09:42:18.361+0000] {logging_mixin.py:188} INFO - [2024-07-04T09:42:18.361+0000] {dag.py:3954} INFO - Setting next_dagrun for example_sensor_decorator to None, run_after=None
[2024-07-04T09:42:18.392+0000] {processor.py:183} INFO - Processing /home/airflow/.local/lib/python3.12/site-packages/airflow/example_dags/example_sensor_decorator.py took 0.107 seconds
[2024-07-04T09:42:48.639+0000] {processor.py:161} INFO - Started process (PID=976) to work on /home/airflow/.local/lib/python3.12/site-packages/airflow/example_dags/example_sensor_decorator.py
[2024-07-04T09:42:48.643+0000] {processor.py:830} INFO - Processing file /home/airflow/.local/lib/python3.12/site-packages/airflow/example_dags/example_sensor_decorator.py for tasks to queue
[2024-07-04T09:42:48.648+0000] {logging_mixin.py:188} INFO - [2024-07-04T09:42:48.647+0000] {dagbag.py:545} INFO - Filling up the DagBag from /home/airflow/.local/lib/python3.12/site-packages/airflow/example_dags/example_sensor_decorator.py
[2024-07-04T09:42:48.668+0000] {processor.py:840} INFO - DAG(s) 'example_sensor_decorator' retrieved from /home/airflow/.local/lib/python3.12/site-packages/airflow/example_dags/example_sensor_decorator.py
[2024-07-04T09:42:48.716+0000] {logging_mixin.py:188} INFO - [2024-07-04T09:42:48.715+0000] {dag.py:3096} INFO - Sync 1 DAGs
[2024-07-04T09:42:48.733+0000] {logging_mixin.py:188} INFO - [2024-07-04T09:42:48.733+0000] {dag.py:3954} INFO - Setting next_dagrun for example_sensor_decorator to None, run_after=None
[2024-07-04T09:42:48.760+0000] {processor.py:183} INFO - Processing /home/airflow/.local/lib/python3.12/site-packages/airflow/example_dags/example_sensor_decorator.py took 0.134 seconds
[2024-07-04T09:43:19.076+0000] {processor.py:161} INFO - Started process (PID=1036) to work on /home/airflow/.local/lib/python3.12/site-packages/airflow/example_dags/example_sensor_decorator.py
[2024-07-04T09:43:19.077+0000] {processor.py:830} INFO - Processing file /home/airflow/.local/lib/python3.12/site-packages/airflow/example_dags/example_sensor_decorator.py for tasks to queue
[2024-07-04T09:43:19.079+0000] {logging_mixin.py:188} INFO - [2024-07-04T09:43:19.079+0000] {dagbag.py:545} INFO - Filling up the DagBag from /home/airflow/.local/lib/python3.12/site-packages/airflow/example_dags/example_sensor_decorator.py
[2024-07-04T09:43:19.086+0000] {processor.py:840} INFO - DAG(s) 'example_sensor_decorator' retrieved from /home/airflow/.local/lib/python3.12/site-packages/airflow/example_dags/example_sensor_decorator.py
[2024-07-04T09:43:19.107+0000] {logging_mixin.py:188} INFO - [2024-07-04T09:43:19.106+0000] {dag.py:3096} INFO - Sync 1 DAGs
[2024-07-04T09:43:19.119+0000] {logging_mixin.py:188} INFO - [2024-07-04T09:43:19.119+0000] {dag.py:3954} INFO - Setting next_dagrun for example_sensor_decorator to None, run_after=None
[2024-07-04T09:43:19.142+0000] {processor.py:183} INFO - Processing /home/airflow/.local/lib/python3.12/site-packages/airflow/example_dags/example_sensor_decorator.py took 0.073 seconds
[2024-07-04T09:43:49.246+0000] {processor.py:161} INFO - Started process (PID=1095) to work on /home/airflow/.local/lib/python3.12/site-packages/airflow/example_dags/example_sensor_decorator.py
[2024-07-04T09:43:49.247+0000] {processor.py:830} INFO - Processing file /home/airflow/.local/lib/python3.12/site-packages/airflow/example_dags/example_sensor_decorator.py for tasks to queue
[2024-07-04T09:43:49.249+0000] {logging_mixin.py:188} INFO - [2024-07-04T09:43:49.249+0000] {dagbag.py:545} INFO - Filling up the DagBag from /home/airflow/.local/lib/python3.12/site-packages/airflow/example_dags/example_sensor_decorator.py
[2024-07-04T09:43:49.259+0000] {processor.py:840} INFO - DAG(s) 'example_sensor_decorator' retrieved from /home/airflow/.local/lib/python3.12/site-packages/airflow/example_dags/example_sensor_decorator.py
[2024-07-04T09:43:49.284+0000] {logging_mixin.py:188} INFO - [2024-07-04T09:43:49.283+0000] {dag.py:3096} INFO - Sync 1 DAGs
[2024-07-04T09:43:49.299+0000] {logging_mixin.py:188} INFO - [2024-07-04T09:43:49.298+0000] {dag.py:3954} INFO - Setting next_dagrun for example_sensor_decorator to None, run_after=None
[2024-07-04T09:43:49.319+0000] {processor.py:183} INFO - Processing /home/airflow/.local/lib/python3.12/site-packages/airflow/example_dags/example_sensor_decorator.py took 0.080 seconds
[2024-07-04T09:44:20.137+0000] {processor.py:161} INFO - Started process (PID=1154) to work on /home/airflow/.local/lib/python3.12/site-packages/airflow/example_dags/example_sensor_decorator.py
[2024-07-04T09:44:20.138+0000] {processor.py:830} INFO - Processing file /home/airflow/.local/lib/python3.12/site-packages/airflow/example_dags/example_sensor_decorator.py for tasks to queue
[2024-07-04T09:44:20.141+0000] {logging_mixin.py:188} INFO - [2024-07-04T09:44:20.140+0000] {dagbag.py:545} INFO - Filling up the DagBag from /home/airflow/.local/lib/python3.12/site-packages/airflow/example_dags/example_sensor_decorator.py
[2024-07-04T09:44:20.147+0000] {processor.py:840} INFO - DAG(s) 'example_sensor_decorator' retrieved from /home/airflow/.local/lib/python3.12/site-packages/airflow/example_dags/example_sensor_decorator.py
[2024-07-04T09:44:20.173+0000] {logging_mixin.py:188} INFO - [2024-07-04T09:44:20.173+0000] {dag.py:3096} INFO - Sync 1 DAGs
[2024-07-04T09:44:20.187+0000] {logging_mixin.py:188} INFO - [2024-07-04T09:44:20.187+0000] {dag.py:3954} INFO - Setting next_dagrun for example_sensor_decorator to None, run_after=None
[2024-07-04T09:44:20.210+0000] {processor.py:183} INFO - Processing /home/airflow/.local/lib/python3.12/site-packages/airflow/example_dags/example_sensor_decorator.py took 0.081 seconds
[2024-07-04T09:44:50.316+0000] {processor.py:161} INFO - Started process (PID=1213) to work on /home/airflow/.local/lib/python3.12/site-packages/airflow/example_dags/example_sensor_decorator.py
[2024-07-04T09:44:50.317+0000] {processor.py:830} INFO - Processing file /home/airflow/.local/lib/python3.12/site-packages/airflow/example_dags/example_sensor_decorator.py for tasks to queue
[2024-07-04T09:44:50.320+0000] {logging_mixin.py:188} INFO - [2024-07-04T09:44:50.320+0000] {dagbag.py:545} INFO - Filling up the DagBag from /home/airflow/.local/lib/python3.12/site-packages/airflow/example_dags/example_sensor_decorator.py
[2024-07-04T09:44:50.328+0000] {processor.py:840} INFO - DAG(s) 'example_sensor_decorator' retrieved from /home/airflow/.local/lib/python3.12/site-packages/airflow/example_dags/example_sensor_decorator.py
[2024-07-04T09:44:50.357+0000] {logging_mixin.py:188} INFO - [2024-07-04T09:44:50.357+0000] {dag.py:3096} INFO - Sync 1 DAGs
[2024-07-04T09:44:50.375+0000] {logging_mixin.py:188} INFO - [2024-07-04T09:44:50.374+0000] {dag.py:3954} INFO - Setting next_dagrun for example_sensor_decorator to None, run_after=None
[2024-07-04T09:44:50.404+0000] {processor.py:183} INFO - Processing /home/airflow/.local/lib/python3.12/site-packages/airflow/example_dags/example_sensor_decorator.py took 0.098 seconds
[2024-07-04T09:45:21.177+0000] {processor.py:161} INFO - Started process (PID=1272) to work on /home/airflow/.local/lib/python3.12/site-packages/airflow/example_dags/example_sensor_decorator.py
[2024-07-04T09:45:21.181+0000] {processor.py:830} INFO - Processing file /home/airflow/.local/lib/python3.12/site-packages/airflow/example_dags/example_sensor_decorator.py for tasks to queue
[2024-07-04T09:45:21.186+0000] {logging_mixin.py:188} INFO - [2024-07-04T09:45:21.185+0000] {dagbag.py:545} INFO - Filling up the DagBag from /home/airflow/.local/lib/python3.12/site-packages/airflow/example_dags/example_sensor_decorator.py
[2024-07-04T09:45:21.200+0000] {processor.py:840} INFO - DAG(s) 'example_sensor_decorator' retrieved from /home/airflow/.local/lib/python3.12/site-packages/airflow/example_dags/example_sensor_decorator.py
[2024-07-04T09:45:21.248+0000] {logging_mixin.py:188} INFO - [2024-07-04T09:45:21.247+0000] {dag.py:3096} INFO - Sync 1 DAGs
[2024-07-04T09:45:21.276+0000] {logging_mixin.py:188} INFO - [2024-07-04T09:45:21.276+0000] {dag.py:3954} INFO - Setting next_dagrun for example_sensor_decorator to None, run_after=None
[2024-07-04T09:45:21.303+0000] {processor.py:183} INFO - Processing /home/airflow/.local/lib/python3.12/site-packages/airflow/example_dags/example_sensor_decorator.py took 0.136 seconds
[2024-07-04T09:45:51.878+0000] {processor.py:161} INFO - Started process (PID=1331) to work on /home/airflow/.local/lib/python3.12/site-packages/airflow/example_dags/example_sensor_decorator.py
[2024-07-04T09:45:51.879+0000] {processor.py:830} INFO - Processing file /home/airflow/.local/lib/python3.12/site-packages/airflow/example_dags/example_sensor_decorator.py for tasks to queue
[2024-07-04T09:45:51.882+0000] {logging_mixin.py:188} INFO - [2024-07-04T09:45:51.881+0000] {dagbag.py:545} INFO - Filling up the DagBag from /home/airflow/.local/lib/python3.12/site-packages/airflow/example_dags/example_sensor_decorator.py
[2024-07-04T09:45:51.891+0000] {processor.py:840} INFO - DAG(s) 'example_sensor_decorator' retrieved from /home/airflow/.local/lib/python3.12/site-packages/airflow/example_dags/example_sensor_decorator.py
[2024-07-04T09:45:51.920+0000] {logging_mixin.py:188} INFO - [2024-07-04T09:45:51.920+0000] {dag.py:3096} INFO - Sync 1 DAGs
[2024-07-04T09:45:51.936+0000] {logging_mixin.py:188} INFO - [2024-07-04T09:45:51.935+0000] {dag.py:3954} INFO - Setting next_dagrun for example_sensor_decorator to None, run_after=None
[2024-07-04T09:45:51.969+0000] {processor.py:183} INFO - Processing /home/airflow/.local/lib/python3.12/site-packages/airflow/example_dags/example_sensor_decorator.py took 0.099 seconds
[2024-07-04T09:46:22.172+0000] {processor.py:161} INFO - Started process (PID=1390) to work on /home/airflow/.local/lib/python3.12/site-packages/airflow/example_dags/example_sensor_decorator.py
[2024-07-04T09:46:22.174+0000] {processor.py:830} INFO - Processing file /home/airflow/.local/lib/python3.12/site-packages/airflow/example_dags/example_sensor_decorator.py for tasks to queue
[2024-07-04T09:46:22.175+0000] {logging_mixin.py:188} INFO - [2024-07-04T09:46:22.175+0000] {dagbag.py:545} INFO - Filling up the DagBag from /home/airflow/.local/lib/python3.12/site-packages/airflow/example_dags/example_sensor_decorator.py
[2024-07-04T09:46:22.181+0000] {processor.py:840} INFO - DAG(s) 'example_sensor_decorator' retrieved from /home/airflow/.local/lib/python3.12/site-packages/airflow/example_dags/example_sensor_decorator.py
[2024-07-04T09:46:22.199+0000] {logging_mixin.py:188} INFO - [2024-07-04T09:46:22.198+0000] {dag.py:3096} INFO - Sync 1 DAGs
[2024-07-04T09:46:22.209+0000] {logging_mixin.py:188} INFO - [2024-07-04T09:46:22.209+0000] {dag.py:3954} INFO - Setting next_dagrun for example_sensor_decorator to None, run_after=None
[2024-07-04T09:46:22.230+0000] {processor.py:183} INFO - Processing /home/airflow/.local/lib/python3.12/site-packages/airflow/example_dags/example_sensor_decorator.py took 0.063 seconds
[2024-07-04T09:46:52.970+0000] {processor.py:161} INFO - Started process (PID=1450) to work on /home/airflow/.local/lib/python3.12/site-packages/airflow/example_dags/example_sensor_decorator.py
[2024-07-04T09:46:52.972+0000] {processor.py:830} INFO - Processing file /home/airflow/.local/lib/python3.12/site-packages/airflow/example_dags/example_sensor_decorator.py for tasks to queue
[2024-07-04T09:46:52.973+0000] {logging_mixin.py:188} INFO - [2024-07-04T09:46:52.973+0000] {dagbag.py:545} INFO - Filling up the DagBag from /home/airflow/.local/lib/python3.12/site-packages/airflow/example_dags/example_sensor_decorator.py
[2024-07-04T09:46:52.979+0000] {processor.py:840} INFO - DAG(s) 'example_sensor_decorator' retrieved from /home/airflow/.local/lib/python3.12/site-packages/airflow/example_dags/example_sensor_decorator.py
[2024-07-04T09:46:53.004+0000] {logging_mixin.py:188} INFO - [2024-07-04T09:46:53.004+0000] {dag.py:3096} INFO - Sync 1 DAGs
[2024-07-04T09:46:53.057+0000] {logging_mixin.py:188} INFO - [2024-07-04T09:46:53.056+0000] {dag.py:3954} INFO - Setting next_dagrun for example_sensor_decorator to None, run_after=None
[2024-07-04T09:46:53.093+0000] {processor.py:183} INFO - Processing /home/airflow/.local/lib/python3.12/site-packages/airflow/example_dags/example_sensor_decorator.py took 0.128 seconds
[2024-07-04T09:47:23.854+0000] {processor.py:161} INFO - Started process (PID=1510) to work on /home/airflow/.local/lib/python3.12/site-packages/airflow/example_dags/example_sensor_decorator.py
[2024-07-04T09:47:23.858+0000] {processor.py:830} INFO - Processing file /home/airflow/.local/lib/python3.12/site-packages/airflow/example_dags/example_sensor_decorator.py for tasks to queue
[2024-07-04T09:47:23.862+0000] {logging_mixin.py:188} INFO - [2024-07-04T09:47:23.861+0000] {dagbag.py:545} INFO - Filling up the DagBag from /home/airflow/.local/lib/python3.12/site-packages/airflow/example_dags/example_sensor_decorator.py
[2024-07-04T09:47:23.871+0000] {processor.py:840} INFO - DAG(s) 'example_sensor_decorator' retrieved from /home/airflow/.local/lib/python3.12/site-packages/airflow/example_dags/example_sensor_decorator.py
[2024-07-04T09:47:23.895+0000] {logging_mixin.py:188} INFO - [2024-07-04T09:47:23.895+0000] {dag.py:3096} INFO - Sync 1 DAGs
[2024-07-04T09:47:23.912+0000] {logging_mixin.py:188} INFO - [2024-07-04T09:47:23.912+0000] {dag.py:3954} INFO - Setting next_dagrun for example_sensor_decorator to None, run_after=None
[2024-07-04T09:47:23.947+0000] {processor.py:183} INFO - Processing /home/airflow/.local/lib/python3.12/site-packages/airflow/example_dags/example_sensor_decorator.py took 0.100 seconds
[2024-07-04T09:47:54.604+0000] {processor.py:161} INFO - Started process (PID=1569) to work on /home/airflow/.local/lib/python3.12/site-packages/airflow/example_dags/example_sensor_decorator.py
[2024-07-04T09:47:54.605+0000] {processor.py:830} INFO - Processing file /home/airflow/.local/lib/python3.12/site-packages/airflow/example_dags/example_sensor_decorator.py for tasks to queue
[2024-07-04T09:47:54.607+0000] {logging_mixin.py:188} INFO - [2024-07-04T09:47:54.607+0000] {dagbag.py:545} INFO - Filling up the DagBag from /home/airflow/.local/lib/python3.12/site-packages/airflow/example_dags/example_sensor_decorator.py
[2024-07-04T09:47:54.613+0000] {processor.py:840} INFO - DAG(s) 'example_sensor_decorator' retrieved from /home/airflow/.local/lib/python3.12/site-packages/airflow/example_dags/example_sensor_decorator.py
[2024-07-04T09:47:54.636+0000] {logging_mixin.py:188} INFO - [2024-07-04T09:47:54.635+0000] {dag.py:3096} INFO - Sync 1 DAGs
[2024-07-04T09:47:54.648+0000] {logging_mixin.py:188} INFO - [2024-07-04T09:47:54.648+0000] {dag.py:3954} INFO - Setting next_dagrun for example_sensor_decorator to None, run_after=None
[2024-07-04T09:47:54.668+0000] {processor.py:183} INFO - Processing /home/airflow/.local/lib/python3.12/site-packages/airflow/example_dags/example_sensor_decorator.py took 0.070 seconds
[2024-07-04T09:48:25.482+0000] {processor.py:161} INFO - Started process (PID=1629) to work on /home/airflow/.local/lib/python3.12/site-packages/airflow/example_dags/example_sensor_decorator.py
[2024-07-04T09:48:25.484+0000] {processor.py:830} INFO - Processing file /home/airflow/.local/lib/python3.12/site-packages/airflow/example_dags/example_sensor_decorator.py for tasks to queue
[2024-07-04T09:48:25.486+0000] {logging_mixin.py:188} INFO - [2024-07-04T09:48:25.485+0000] {dagbag.py:545} INFO - Filling up the DagBag from /home/airflow/.local/lib/python3.12/site-packages/airflow/example_dags/example_sensor_decorator.py
[2024-07-04T09:48:25.493+0000] {processor.py:840} INFO - DAG(s) 'example_sensor_decorator' retrieved from /home/airflow/.local/lib/python3.12/site-packages/airflow/example_dags/example_sensor_decorator.py
[2024-07-04T09:48:25.521+0000] {logging_mixin.py:188} INFO - [2024-07-04T09:48:25.521+0000] {dag.py:3096} INFO - Sync 1 DAGs
[2024-07-04T09:48:25.536+0000] {logging_mixin.py:188} INFO - [2024-07-04T09:48:25.535+0000] {dag.py:3954} INFO - Setting next_dagrun for example_sensor_decorator to None, run_after=None
[2024-07-04T09:48:25.569+0000] {processor.py:183} INFO - Processing /home/airflow/.local/lib/python3.12/site-packages/airflow/example_dags/example_sensor_decorator.py took 0.094 seconds
[2024-07-04T09:48:58.640+0000] {processor.py:161} INFO - Started process (PID=1678) to work on /home/airflow/.local/lib/python3.12/site-packages/airflow/example_dags/example_sensor_decorator.py
[2024-07-04T09:48:58.656+0000] {processor.py:830} INFO - Processing file /home/airflow/.local/lib/python3.12/site-packages/airflow/example_dags/example_sensor_decorator.py for tasks to queue
[2024-07-04T09:48:58.659+0000] {logging_mixin.py:188} INFO - [2024-07-04T09:48:58.658+0000] {dagbag.py:545} INFO - Filling up the DagBag from /home/airflow/.local/lib/python3.12/site-packages/airflow/example_dags/example_sensor_decorator.py
[2024-07-04T09:48:58.683+0000] {processor.py:840} INFO - DAG(s) 'example_sensor_decorator' retrieved from /home/airflow/.local/lib/python3.12/site-packages/airflow/example_dags/example_sensor_decorator.py
[2024-07-04T09:48:58.744+0000] {logging_mixin.py:188} INFO - [2024-07-04T09:48:58.744+0000] {dag.py:3096} INFO - Sync 1 DAGs
[2024-07-04T09:48:58.787+0000] {logging_mixin.py:188} INFO - [2024-07-04T09:48:58.786+0000] {dag.py:3954} INFO - Setting next_dagrun for example_sensor_decorator to None, run_after=None
[2024-07-04T09:48:58.852+0000] {processor.py:183} INFO - Processing /home/airflow/.local/lib/python3.12/site-packages/airflow/example_dags/example_sensor_decorator.py took 0.221 seconds
[2024-07-04T09:49:29.107+0000] {processor.py:161} INFO - Started process (PID=1735) to work on /home/airflow/.local/lib/python3.12/site-packages/airflow/example_dags/example_sensor_decorator.py
[2024-07-04T09:49:29.108+0000] {processor.py:830} INFO - Processing file /home/airflow/.local/lib/python3.12/site-packages/airflow/example_dags/example_sensor_decorator.py for tasks to queue
[2024-07-04T09:49:29.110+0000] {logging_mixin.py:188} INFO - [2024-07-04T09:49:29.109+0000] {dagbag.py:545} INFO - Filling up the DagBag from /home/airflow/.local/lib/python3.12/site-packages/airflow/example_dags/example_sensor_decorator.py
[2024-07-04T09:49:29.115+0000] {processor.py:840} INFO - DAG(s) 'example_sensor_decorator' retrieved from /home/airflow/.local/lib/python3.12/site-packages/airflow/example_dags/example_sensor_decorator.py
[2024-07-04T09:49:29.134+0000] {logging_mixin.py:188} INFO - [2024-07-04T09:49:29.133+0000] {dag.py:3096} INFO - Sync 1 DAGs
[2024-07-04T09:49:29.146+0000] {logging_mixin.py:188} INFO - [2024-07-04T09:49:29.145+0000] {dag.py:3954} INFO - Setting next_dagrun for example_sensor_decorator to None, run_after=None
[2024-07-04T09:49:29.164+0000] {processor.py:183} INFO - Processing /home/airflow/.local/lib/python3.12/site-packages/airflow/example_dags/example_sensor_decorator.py took 0.062 seconds
[2024-07-04T09:49:59.551+0000] {processor.py:161} INFO - Started process (PID=1795) to work on /home/airflow/.local/lib/python3.12/site-packages/airflow/example_dags/example_sensor_decorator.py
[2024-07-04T09:49:59.552+0000] {processor.py:830} INFO - Processing file /home/airflow/.local/lib/python3.12/site-packages/airflow/example_dags/example_sensor_decorator.py for tasks to queue
[2024-07-04T09:49:59.554+0000] {logging_mixin.py:188} INFO - [2024-07-04T09:49:59.553+0000] {dagbag.py:545} INFO - Filling up the DagBag from /home/airflow/.local/lib/python3.12/site-packages/airflow/example_dags/example_sensor_decorator.py
[2024-07-04T09:49:59.559+0000] {processor.py:840} INFO - DAG(s) 'example_sensor_decorator' retrieved from /home/airflow/.local/lib/python3.12/site-packages/airflow/example_dags/example_sensor_decorator.py
[2024-07-04T09:49:59.577+0000] {logging_mixin.py:188} INFO - [2024-07-04T09:49:59.576+0000] {dag.py:3096} INFO - Sync 1 DAGs
[2024-07-04T09:49:59.589+0000] {logging_mixin.py:188} INFO - [2024-07-04T09:49:59.588+0000] {dag.py:3954} INFO - Setting next_dagrun for example_sensor_decorator to None, run_after=None
[2024-07-04T09:49:59.611+0000] {processor.py:183} INFO - Processing /home/airflow/.local/lib/python3.12/site-packages/airflow/example_dags/example_sensor_decorator.py took 0.066 seconds
[2024-07-04T09:50:30.676+0000] {processor.py:161} INFO - Started process (PID=1854) to work on /home/airflow/.local/lib/python3.12/site-packages/airflow/example_dags/example_sensor_decorator.py
[2024-07-04T09:50:30.678+0000] {processor.py:830} INFO - Processing file /home/airflow/.local/lib/python3.12/site-packages/airflow/example_dags/example_sensor_decorator.py for tasks to queue
[2024-07-04T09:50:30.683+0000] {logging_mixin.py:188} INFO - [2024-07-04T09:50:30.682+0000] {dagbag.py:545} INFO - Filling up the DagBag from /home/airflow/.local/lib/python3.12/site-packages/airflow/example_dags/example_sensor_decorator.py
[2024-07-04T09:50:30.690+0000] {processor.py:840} INFO - DAG(s) 'example_sensor_decorator' retrieved from /home/airflow/.local/lib/python3.12/site-packages/airflow/example_dags/example_sensor_decorator.py
[2024-07-04T09:50:30.715+0000] {logging_mixin.py:188} INFO - [2024-07-04T09:50:30.714+0000] {dag.py:3096} INFO - Sync 1 DAGs
[2024-07-04T09:50:30.730+0000] {logging_mixin.py:188} INFO - [2024-07-04T09:50:30.729+0000] {dag.py:3954} INFO - Setting next_dagrun for example_sensor_decorator to None, run_after=None
[2024-07-04T09:50:30.751+0000] {processor.py:183} INFO - Processing /home/airflow/.local/lib/python3.12/site-packages/airflow/example_dags/example_sensor_decorator.py took 0.082 seconds
[2024-07-04T09:51:01.038+0000] {processor.py:161} INFO - Started process (PID=1913) to work on /home/airflow/.local/lib/python3.12/site-packages/airflow/example_dags/example_sensor_decorator.py
[2024-07-04T09:51:01.050+0000] {processor.py:830} INFO - Processing file /home/airflow/.local/lib/python3.12/site-packages/airflow/example_dags/example_sensor_decorator.py for tasks to queue
[2024-07-04T09:51:01.054+0000] {logging_mixin.py:188} INFO - [2024-07-04T09:51:01.053+0000] {dagbag.py:545} INFO - Filling up the DagBag from /home/airflow/.local/lib/python3.12/site-packages/airflow/example_dags/example_sensor_decorator.py
[2024-07-04T09:51:01.074+0000] {processor.py:840} INFO - DAG(s) 'example_sensor_decorator' retrieved from /home/airflow/.local/lib/python3.12/site-packages/airflow/example_dags/example_sensor_decorator.py
[2024-07-04T09:51:01.130+0000] {logging_mixin.py:188} INFO - [2024-07-04T09:51:01.130+0000] {dag.py:3096} INFO - Sync 1 DAGs
[2024-07-04T09:51:01.324+0000] {logging_mixin.py:188} INFO - [2024-07-04T09:51:01.324+0000] {dag.py:3954} INFO - Setting next_dagrun for example_sensor_decorator to None, run_after=None
[2024-07-04T09:51:01.344+0000] {processor.py:183} INFO - Processing /home/airflow/.local/lib/python3.12/site-packages/airflow/example_dags/example_sensor_decorator.py took 0.312 seconds
[2024-07-04T09:51:32.456+0000] {processor.py:161} INFO - Started process (PID=1972) to work on /home/airflow/.local/lib/python3.12/site-packages/airflow/example_dags/example_sensor_decorator.py
[2024-07-04T09:51:32.457+0000] {processor.py:830} INFO - Processing file /home/airflow/.local/lib/python3.12/site-packages/airflow/example_dags/example_sensor_decorator.py for tasks to queue
[2024-07-04T09:51:32.461+0000] {logging_mixin.py:188} INFO - [2024-07-04T09:51:32.460+0000] {dagbag.py:545} INFO - Filling up the DagBag from /home/airflow/.local/lib/python3.12/site-packages/airflow/example_dags/example_sensor_decorator.py
[2024-07-04T09:51:32.468+0000] {processor.py:840} INFO - DAG(s) 'example_sensor_decorator' retrieved from /home/airflow/.local/lib/python3.12/site-packages/airflow/example_dags/example_sensor_decorator.py
[2024-07-04T09:51:32.493+0000] {logging_mixin.py:188} INFO - [2024-07-04T09:51:32.492+0000] {dag.py:3096} INFO - Sync 1 DAGs
[2024-07-04T09:51:32.655+0000] {logging_mixin.py:188} INFO - [2024-07-04T09:51:32.654+0000] {dag.py:3954} INFO - Setting next_dagrun for example_sensor_decorator to None, run_after=None
[2024-07-04T09:51:32.675+0000] {processor.py:183} INFO - Processing /home/airflow/.local/lib/python3.12/site-packages/airflow/example_dags/example_sensor_decorator.py took 0.226 seconds
[2024-07-04T09:52:03.358+0000] {processor.py:161} INFO - Started process (PID=2031) to work on /home/airflow/.local/lib/python3.12/site-packages/airflow/example_dags/example_sensor_decorator.py
[2024-07-04T09:52:03.360+0000] {processor.py:830} INFO - Processing file /home/airflow/.local/lib/python3.12/site-packages/airflow/example_dags/example_sensor_decorator.py for tasks to queue
[2024-07-04T09:52:03.364+0000] {logging_mixin.py:188} INFO - [2024-07-04T09:52:03.362+0000] {dagbag.py:545} INFO - Filling up the DagBag from /home/airflow/.local/lib/python3.12/site-packages/airflow/example_dags/example_sensor_decorator.py
[2024-07-04T09:52:03.383+0000] {processor.py:840} INFO - DAG(s) 'example_sensor_decorator' retrieved from /home/airflow/.local/lib/python3.12/site-packages/airflow/example_dags/example_sensor_decorator.py
[2024-07-04T09:52:03.422+0000] {logging_mixin.py:188} INFO - [2024-07-04T09:52:03.421+0000] {dag.py:3096} INFO - Sync 1 DAGs
[2024-07-04T09:52:03.440+0000] {logging_mixin.py:188} INFO - [2024-07-04T09:52:03.440+0000] {dag.py:3954} INFO - Setting next_dagrun for example_sensor_decorator to None, run_after=None
[2024-07-04T09:52:03.473+0000] {processor.py:183} INFO - Processing /home/airflow/.local/lib/python3.12/site-packages/airflow/example_dags/example_sensor_decorator.py took 0.122 seconds
[2024-07-04T09:52:33.605+0000] {processor.py:161} INFO - Started process (PID=2091) to work on /home/airflow/.local/lib/python3.12/site-packages/airflow/example_dags/example_sensor_decorator.py
[2024-07-04T09:52:33.607+0000] {processor.py:830} INFO - Processing file /home/airflow/.local/lib/python3.12/site-packages/airflow/example_dags/example_sensor_decorator.py for tasks to queue
[2024-07-04T09:52:33.611+0000] {logging_mixin.py:188} INFO - [2024-07-04T09:52:33.610+0000] {dagbag.py:545} INFO - Filling up the DagBag from /home/airflow/.local/lib/python3.12/site-packages/airflow/example_dags/example_sensor_decorator.py
[2024-07-04T09:52:33.620+0000] {processor.py:840} INFO - DAG(s) 'example_sensor_decorator' retrieved from /home/airflow/.local/lib/python3.12/site-packages/airflow/example_dags/example_sensor_decorator.py
[2024-07-04T09:52:33.649+0000] {logging_mixin.py:188} INFO - [2024-07-04T09:52:33.648+0000] {dag.py:3096} INFO - Sync 1 DAGs
[2024-07-04T09:52:33.667+0000] {logging_mixin.py:188} INFO - [2024-07-04T09:52:33.667+0000] {dag.py:3954} INFO - Setting next_dagrun for example_sensor_decorator to None, run_after=None
[2024-07-04T09:52:33.698+0000] {processor.py:183} INFO - Processing /home/airflow/.local/lib/python3.12/site-packages/airflow/example_dags/example_sensor_decorator.py took 0.102 seconds
[2024-07-04T09:53:04.138+0000] {processor.py:161} INFO - Started process (PID=2148) to work on /home/airflow/.local/lib/python3.12/site-packages/airflow/example_dags/example_sensor_decorator.py
[2024-07-04T09:53:04.140+0000] {processor.py:830} INFO - Processing file /home/airflow/.local/lib/python3.12/site-packages/airflow/example_dags/example_sensor_decorator.py for tasks to queue
[2024-07-04T09:53:04.142+0000] {logging_mixin.py:188} INFO - [2024-07-04T09:53:04.141+0000] {dagbag.py:545} INFO - Filling up the DagBag from /home/airflow/.local/lib/python3.12/site-packages/airflow/example_dags/example_sensor_decorator.py
[2024-07-04T09:53:04.147+0000] {processor.py:840} INFO - DAG(s) 'example_sensor_decorator' retrieved from /home/airflow/.local/lib/python3.12/site-packages/airflow/example_dags/example_sensor_decorator.py
[2024-07-04T09:53:04.169+0000] {logging_mixin.py:188} INFO - [2024-07-04T09:53:04.168+0000] {dag.py:3096} INFO - Sync 1 DAGs
[2024-07-04T09:53:04.183+0000] {logging_mixin.py:188} INFO - [2024-07-04T09:53:04.182+0000] {dag.py:3954} INFO - Setting next_dagrun for example_sensor_decorator to None, run_after=None
[2024-07-04T09:53:04.203+0000] {processor.py:183} INFO - Processing /home/airflow/.local/lib/python3.12/site-packages/airflow/example_dags/example_sensor_decorator.py took 0.070 seconds
[2024-07-04T09:53:34.800+0000] {processor.py:161} INFO - Started process (PID=2212) to work on /home/airflow/.local/lib/python3.12/site-packages/airflow/example_dags/example_sensor_decorator.py
[2024-07-04T09:53:34.802+0000] {processor.py:830} INFO - Processing file /home/airflow/.local/lib/python3.12/site-packages/airflow/example_dags/example_sensor_decorator.py for tasks to queue
[2024-07-04T09:53:34.805+0000] {logging_mixin.py:188} INFO - [2024-07-04T09:53:34.804+0000] {dagbag.py:545} INFO - Filling up the DagBag from /home/airflow/.local/lib/python3.12/site-packages/airflow/example_dags/example_sensor_decorator.py
[2024-07-04T09:53:34.814+0000] {processor.py:840} INFO - DAG(s) 'example_sensor_decorator' retrieved from /home/airflow/.local/lib/python3.12/site-packages/airflow/example_dags/example_sensor_decorator.py
[2024-07-04T09:53:34.844+0000] {logging_mixin.py:188} INFO - [2024-07-04T09:53:34.844+0000] {dag.py:3096} INFO - Sync 1 DAGs
[2024-07-04T09:53:34.863+0000] {logging_mixin.py:188} INFO - [2024-07-04T09:53:34.862+0000] {dag.py:3954} INFO - Setting next_dagrun for example_sensor_decorator to None, run_after=None
[2024-07-04T09:53:34.897+0000] {processor.py:183} INFO - Processing /home/airflow/.local/lib/python3.12/site-packages/airflow/example_dags/example_sensor_decorator.py took 0.107 seconds
[2024-07-04T09:54:14.467+0000] {processor.py:161} INFO - Started process (PID=2269) to work on /home/airflow/.local/lib/python3.12/site-packages/airflow/example_dags/example_sensor_decorator.py
[2024-07-04T09:54:14.483+0000] {processor.py:830} INFO - Processing file /home/airflow/.local/lib/python3.12/site-packages/airflow/example_dags/example_sensor_decorator.py for tasks to queue
[2024-07-04T09:54:14.486+0000] {logging_mixin.py:188} INFO - [2024-07-04T09:54:14.486+0000] {dagbag.py:545} INFO - Filling up the DagBag from /home/airflow/.local/lib/python3.12/site-packages/airflow/example_dags/example_sensor_decorator.py
[2024-07-04T09:54:14.509+0000] {processor.py:840} INFO - DAG(s) 'example_sensor_decorator' retrieved from /home/airflow/.local/lib/python3.12/site-packages/airflow/example_dags/example_sensor_decorator.py
[2024-07-04T09:54:14.565+0000] {logging_mixin.py:188} INFO - [2024-07-04T09:54:14.564+0000] {dag.py:3096} INFO - Sync 1 DAGs
[2024-07-04T09:54:14.585+0000] {logging_mixin.py:188} INFO - [2024-07-04T09:54:14.585+0000] {dag.py:3954} INFO - Setting next_dagrun for example_sensor_decorator to None, run_after=None
[2024-07-04T09:54:14.635+0000] {processor.py:183} INFO - Processing /home/airflow/.local/lib/python3.12/site-packages/airflow/example_dags/example_sensor_decorator.py took 0.185 seconds
[2024-07-04T09:54:45.471+0000] {processor.py:161} INFO - Started process (PID=2327) to work on /home/airflow/.local/lib/python3.12/site-packages/airflow/example_dags/example_sensor_decorator.py
[2024-07-04T09:54:45.472+0000] {processor.py:830} INFO - Processing file /home/airflow/.local/lib/python3.12/site-packages/airflow/example_dags/example_sensor_decorator.py for tasks to queue
[2024-07-04T09:54:45.475+0000] {logging_mixin.py:188} INFO - [2024-07-04T09:54:45.475+0000] {dagbag.py:545} INFO - Filling up the DagBag from /home/airflow/.local/lib/python3.12/site-packages/airflow/example_dags/example_sensor_decorator.py
[2024-07-04T09:54:45.485+0000] {processor.py:840} INFO - DAG(s) 'example_sensor_decorator' retrieved from /home/airflow/.local/lib/python3.12/site-packages/airflow/example_dags/example_sensor_decorator.py
[2024-07-04T09:54:45.523+0000] {logging_mixin.py:188} INFO - [2024-07-04T09:54:45.522+0000] {dag.py:3096} INFO - Sync 1 DAGs
[2024-07-04T09:54:45.542+0000] {logging_mixin.py:188} INFO - [2024-07-04T09:54:45.541+0000] {dag.py:3954} INFO - Setting next_dagrun for example_sensor_decorator to None, run_after=None
[2024-07-04T09:54:45.574+0000] {processor.py:183} INFO - Processing /home/airflow/.local/lib/python3.12/site-packages/airflow/example_dags/example_sensor_decorator.py took 0.111 seconds
[2024-07-04T09:55:16.090+0000] {processor.py:161} INFO - Started process (PID=2386) to work on /home/airflow/.local/lib/python3.12/site-packages/airflow/example_dags/example_sensor_decorator.py
[2024-07-04T09:55:16.091+0000] {processor.py:830} INFO - Processing file /home/airflow/.local/lib/python3.12/site-packages/airflow/example_dags/example_sensor_decorator.py for tasks to queue
[2024-07-04T09:55:16.094+0000] {logging_mixin.py:188} INFO - [2024-07-04T09:55:16.094+0000] {dagbag.py:545} INFO - Filling up the DagBag from /home/airflow/.local/lib/python3.12/site-packages/airflow/example_dags/example_sensor_decorator.py
[2024-07-04T09:55:16.104+0000] {processor.py:840} INFO - DAG(s) 'example_sensor_decorator' retrieved from /home/airflow/.local/lib/python3.12/site-packages/airflow/example_dags/example_sensor_decorator.py
[2024-07-04T09:55:16.147+0000] {logging_mixin.py:188} INFO - [2024-07-04T09:55:16.146+0000] {dag.py:3096} INFO - Sync 1 DAGs
[2024-07-04T09:55:16.167+0000] {logging_mixin.py:188} INFO - [2024-07-04T09:55:16.167+0000] {dag.py:3954} INFO - Setting next_dagrun for example_sensor_decorator to None, run_after=None
[2024-07-04T09:55:16.196+0000] {processor.py:183} INFO - Processing /home/airflow/.local/lib/python3.12/site-packages/airflow/example_dags/example_sensor_decorator.py took 0.116 seconds
[2024-07-04T09:55:46.287+0000] {processor.py:161} INFO - Started process (PID=2445) to work on /home/airflow/.local/lib/python3.12/site-packages/airflow/example_dags/example_sensor_decorator.py
[2024-07-04T09:55:46.288+0000] {processor.py:830} INFO - Processing file /home/airflow/.local/lib/python3.12/site-packages/airflow/example_dags/example_sensor_decorator.py for tasks to queue
[2024-07-04T09:55:46.290+0000] {logging_mixin.py:188} INFO - [2024-07-04T09:55:46.290+0000] {dagbag.py:545} INFO - Filling up the DagBag from /home/airflow/.local/lib/python3.12/site-packages/airflow/example_dags/example_sensor_decorator.py
[2024-07-04T09:55:46.296+0000] {processor.py:840} INFO - DAG(s) 'example_sensor_decorator' retrieved from /home/airflow/.local/lib/python3.12/site-packages/airflow/example_dags/example_sensor_decorator.py
[2024-07-04T09:55:46.315+0000] {logging_mixin.py:188} INFO - [2024-07-04T09:55:46.315+0000] {dag.py:3096} INFO - Sync 1 DAGs
[2024-07-04T09:55:46.328+0000] {logging_mixin.py:188} INFO - [2024-07-04T09:55:46.328+0000] {dag.py:3954} INFO - Setting next_dagrun for example_sensor_decorator to None, run_after=None
[2024-07-04T09:55:46.365+0000] {processor.py:183} INFO - Processing /home/airflow/.local/lib/python3.12/site-packages/airflow/example_dags/example_sensor_decorator.py took 0.083 seconds
[2024-07-04T09:56:16.588+0000] {processor.py:161} INFO - Started process (PID=2504) to work on /home/airflow/.local/lib/python3.12/site-packages/airflow/example_dags/example_sensor_decorator.py
[2024-07-04T09:56:16.590+0000] {processor.py:830} INFO - Processing file /home/airflow/.local/lib/python3.12/site-packages/airflow/example_dags/example_sensor_decorator.py for tasks to queue
[2024-07-04T09:56:16.595+0000] {logging_mixin.py:188} INFO - [2024-07-04T09:56:16.594+0000] {dagbag.py:545} INFO - Filling up the DagBag from /home/airflow/.local/lib/python3.12/site-packages/airflow/example_dags/example_sensor_decorator.py
[2024-07-04T09:56:16.608+0000] {processor.py:840} INFO - DAG(s) 'example_sensor_decorator' retrieved from /home/airflow/.local/lib/python3.12/site-packages/airflow/example_dags/example_sensor_decorator.py
[2024-07-04T09:56:16.730+0000] {logging_mixin.py:188} INFO - [2024-07-04T09:56:16.730+0000] {dag.py:3096} INFO - Sync 1 DAGs
[2024-07-04T09:56:16.775+0000] {logging_mixin.py:188} INFO - [2024-07-04T09:56:16.774+0000] {dag.py:3954} INFO - Setting next_dagrun for example_sensor_decorator to None, run_after=None
[2024-07-04T09:56:16.829+0000] {processor.py:183} INFO - Processing /home/airflow/.local/lib/python3.12/site-packages/airflow/example_dags/example_sensor_decorator.py took 0.249 seconds
[2024-07-04T09:56:47.320+0000] {processor.py:161} INFO - Started process (PID=2563) to work on /home/airflow/.local/lib/python3.12/site-packages/airflow/example_dags/example_sensor_decorator.py
[2024-07-04T09:56:47.322+0000] {processor.py:830} INFO - Processing file /home/airflow/.local/lib/python3.12/site-packages/airflow/example_dags/example_sensor_decorator.py for tasks to queue
[2024-07-04T09:56:47.325+0000] {logging_mixin.py:188} INFO - [2024-07-04T09:56:47.325+0000] {dagbag.py:545} INFO - Filling up the DagBag from /home/airflow/.local/lib/python3.12/site-packages/airflow/example_dags/example_sensor_decorator.py
[2024-07-04T09:56:47.333+0000] {processor.py:840} INFO - DAG(s) 'example_sensor_decorator' retrieved from /home/airflow/.local/lib/python3.12/site-packages/airflow/example_dags/example_sensor_decorator.py
[2024-07-04T09:56:47.354+0000] {logging_mixin.py:188} INFO - [2024-07-04T09:56:47.354+0000] {dag.py:3096} INFO - Sync 1 DAGs
[2024-07-04T09:56:47.373+0000] {logging_mixin.py:188} INFO - [2024-07-04T09:56:47.373+0000] {dag.py:3954} INFO - Setting next_dagrun for example_sensor_decorator to None, run_after=None
[2024-07-04T09:56:47.412+0000] {processor.py:183} INFO - Processing /home/airflow/.local/lib/python3.12/site-packages/airflow/example_dags/example_sensor_decorator.py took 0.100 seconds
[2024-07-04T09:57:17.692+0000] {processor.py:161} INFO - Started process (PID=2621) to work on /home/airflow/.local/lib/python3.12/site-packages/airflow/example_dags/example_sensor_decorator.py
[2024-07-04T09:57:17.695+0000] {processor.py:830} INFO - Processing file /home/airflow/.local/lib/python3.12/site-packages/airflow/example_dags/example_sensor_decorator.py for tasks to queue
[2024-07-04T09:57:17.699+0000] {logging_mixin.py:188} INFO - [2024-07-04T09:57:17.698+0000] {dagbag.py:545} INFO - Filling up the DagBag from /home/airflow/.local/lib/python3.12/site-packages/airflow/example_dags/example_sensor_decorator.py
[2024-07-04T09:57:17.719+0000] {processor.py:840} INFO - DAG(s) 'example_sensor_decorator' retrieved from /home/airflow/.local/lib/python3.12/site-packages/airflow/example_dags/example_sensor_decorator.py
[2024-07-04T09:57:17.875+0000] {logging_mixin.py:188} INFO - [2024-07-04T09:57:17.875+0000] {dag.py:3096} INFO - Sync 1 DAGs
[2024-07-04T09:57:17.959+0000] {logging_mixin.py:188} INFO - [2024-07-04T09:57:17.958+0000] {dag.py:3954} INFO - Setting next_dagrun for example_sensor_decorator to None, run_after=None
[2024-07-04T09:57:18.023+0000] {processor.py:183} INFO - Processing /home/airflow/.local/lib/python3.12/site-packages/airflow/example_dags/example_sensor_decorator.py took 0.348 seconds
[2024-07-04T09:57:48.884+0000] {processor.py:161} INFO - Started process (PID=2681) to work on /home/airflow/.local/lib/python3.12/site-packages/airflow/example_dags/example_sensor_decorator.py
[2024-07-04T09:57:48.892+0000] {processor.py:830} INFO - Processing file /home/airflow/.local/lib/python3.12/site-packages/airflow/example_dags/example_sensor_decorator.py for tasks to queue
[2024-07-04T09:57:48.900+0000] {logging_mixin.py:188} INFO - [2024-07-04T09:57:48.900+0000] {dagbag.py:545} INFO - Filling up the DagBag from /home/airflow/.local/lib/python3.12/site-packages/airflow/example_dags/example_sensor_decorator.py
[2024-07-04T09:57:48.910+0000] {processor.py:840} INFO - DAG(s) 'example_sensor_decorator' retrieved from /home/airflow/.local/lib/python3.12/site-packages/airflow/example_dags/example_sensor_decorator.py
[2024-07-04T09:57:48.959+0000] {logging_mixin.py:188} INFO - [2024-07-04T09:57:48.959+0000] {dag.py:3096} INFO - Sync 1 DAGs
[2024-07-04T09:57:48.994+0000] {logging_mixin.py:188} INFO - [2024-07-04T09:57:48.994+0000] {dag.py:3954} INFO - Setting next_dagrun for example_sensor_decorator to None, run_after=None
[2024-07-04T09:57:49.052+0000] {processor.py:183} INFO - Processing /home/airflow/.local/lib/python3.12/site-packages/airflow/example_dags/example_sensor_decorator.py took 0.174 seconds
[2024-07-04T09:58:19.485+0000] {processor.py:161} INFO - Started process (PID=2740) to work on /home/airflow/.local/lib/python3.12/site-packages/airflow/example_dags/example_sensor_decorator.py
[2024-07-04T09:58:19.488+0000] {processor.py:830} INFO - Processing file /home/airflow/.local/lib/python3.12/site-packages/airflow/example_dags/example_sensor_decorator.py for tasks to queue
[2024-07-04T09:58:19.491+0000] {logging_mixin.py:188} INFO - [2024-07-04T09:58:19.490+0000] {dagbag.py:545} INFO - Filling up the DagBag from /home/airflow/.local/lib/python3.12/site-packages/airflow/example_dags/example_sensor_decorator.py
[2024-07-04T09:58:19.499+0000] {processor.py:840} INFO - DAG(s) 'example_sensor_decorator' retrieved from /home/airflow/.local/lib/python3.12/site-packages/airflow/example_dags/example_sensor_decorator.py
[2024-07-04T09:58:19.538+0000] {logging_mixin.py:188} INFO - [2024-07-04T09:58:19.538+0000] {dag.py:3096} INFO - Sync 1 DAGs
[2024-07-04T09:58:19.576+0000] {logging_mixin.py:188} INFO - [2024-07-04T09:58:19.576+0000] {dag.py:3954} INFO - Setting next_dagrun for example_sensor_decorator to None, run_after=None
[2024-07-04T09:58:19.604+0000] {processor.py:183} INFO - Processing /home/airflow/.local/lib/python3.12/site-packages/airflow/example_dags/example_sensor_decorator.py took 0.128 seconds
[2024-07-04T09:58:49.699+0000] {processor.py:161} INFO - Started process (PID=2800) to work on /home/airflow/.local/lib/python3.12/site-packages/airflow/example_dags/example_sensor_decorator.py
[2024-07-04T09:58:49.701+0000] {processor.py:830} INFO - Processing file /home/airflow/.local/lib/python3.12/site-packages/airflow/example_dags/example_sensor_decorator.py for tasks to queue
[2024-07-04T09:58:49.702+0000] {logging_mixin.py:188} INFO - [2024-07-04T09:58:49.702+0000] {dagbag.py:545} INFO - Filling up the DagBag from /home/airflow/.local/lib/python3.12/site-packages/airflow/example_dags/example_sensor_decorator.py
[2024-07-04T09:58:49.708+0000] {processor.py:840} INFO - DAG(s) 'example_sensor_decorator' retrieved from /home/airflow/.local/lib/python3.12/site-packages/airflow/example_dags/example_sensor_decorator.py
[2024-07-04T09:58:49.730+0000] {logging_mixin.py:188} INFO - [2024-07-04T09:58:49.729+0000] {dag.py:3096} INFO - Sync 1 DAGs
[2024-07-04T09:58:49.745+0000] {logging_mixin.py:188} INFO - [2024-07-04T09:58:49.745+0000] {dag.py:3954} INFO - Setting next_dagrun for example_sensor_decorator to None, run_after=None
[2024-07-04T09:58:49.767+0000] {processor.py:183} INFO - Processing /home/airflow/.local/lib/python3.12/site-packages/airflow/example_dags/example_sensor_decorator.py took 0.073 seconds
[2024-07-04T09:59:19.902+0000] {processor.py:161} INFO - Started process (PID=2859) to work on /home/airflow/.local/lib/python3.12/site-packages/airflow/example_dags/example_sensor_decorator.py
[2024-07-04T09:59:19.903+0000] {processor.py:830} INFO - Processing file /home/airflow/.local/lib/python3.12/site-packages/airflow/example_dags/example_sensor_decorator.py for tasks to queue
[2024-07-04T09:59:19.905+0000] {logging_mixin.py:188} INFO - [2024-07-04T09:59:19.905+0000] {dagbag.py:545} INFO - Filling up the DagBag from /home/airflow/.local/lib/python3.12/site-packages/airflow/example_dags/example_sensor_decorator.py
[2024-07-04T09:59:19.915+0000] {processor.py:840} INFO - DAG(s) 'example_sensor_decorator' retrieved from /home/airflow/.local/lib/python3.12/site-packages/airflow/example_dags/example_sensor_decorator.py
[2024-07-04T09:59:19.944+0000] {logging_mixin.py:188} INFO - [2024-07-04T09:59:19.944+0000] {dag.py:3096} INFO - Sync 1 DAGs
[2024-07-04T09:59:19.960+0000] {logging_mixin.py:188} INFO - [2024-07-04T09:59:19.960+0000] {dag.py:3954} INFO - Setting next_dagrun for example_sensor_decorator to None, run_after=None
[2024-07-04T09:59:19.996+0000] {processor.py:183} INFO - Processing /home/airflow/.local/lib/python3.12/site-packages/airflow/example_dags/example_sensor_decorator.py took 0.101 seconds
[2024-07-04T09:59:50.550+0000] {processor.py:161} INFO - Started process (PID=2918) to work on /home/airflow/.local/lib/python3.12/site-packages/airflow/example_dags/example_sensor_decorator.py
[2024-07-04T09:59:50.552+0000] {processor.py:830} INFO - Processing file /home/airflow/.local/lib/python3.12/site-packages/airflow/example_dags/example_sensor_decorator.py for tasks to queue
[2024-07-04T09:59:50.554+0000] {logging_mixin.py:188} INFO - [2024-07-04T09:59:50.553+0000] {dagbag.py:545} INFO - Filling up the DagBag from /home/airflow/.local/lib/python3.12/site-packages/airflow/example_dags/example_sensor_decorator.py
[2024-07-04T09:59:50.561+0000] {processor.py:840} INFO - DAG(s) 'example_sensor_decorator' retrieved from /home/airflow/.local/lib/python3.12/site-packages/airflow/example_dags/example_sensor_decorator.py
[2024-07-04T09:59:50.580+0000] {logging_mixin.py:188} INFO - [2024-07-04T09:59:50.580+0000] {dag.py:3096} INFO - Sync 1 DAGs
[2024-07-04T09:59:50.597+0000] {logging_mixin.py:188} INFO - [2024-07-04T09:59:50.596+0000] {dag.py:3954} INFO - Setting next_dagrun for example_sensor_decorator to None, run_after=None
[2024-07-04T09:59:50.619+0000] {processor.py:183} INFO - Processing /home/airflow/.local/lib/python3.12/site-packages/airflow/example_dags/example_sensor_decorator.py took 0.075 seconds
[2024-07-04T10:00:21.009+0000] {processor.py:161} INFO - Started process (PID=2977) to work on /home/airflow/.local/lib/python3.12/site-packages/airflow/example_dags/example_sensor_decorator.py
[2024-07-04T10:00:21.023+0000] {processor.py:830} INFO - Processing file /home/airflow/.local/lib/python3.12/site-packages/airflow/example_dags/example_sensor_decorator.py for tasks to queue
[2024-07-04T10:00:21.027+0000] {logging_mixin.py:188} INFO - [2024-07-04T10:00:21.026+0000] {dagbag.py:545} INFO - Filling up the DagBag from /home/airflow/.local/lib/python3.12/site-packages/airflow/example_dags/example_sensor_decorator.py
[2024-07-04T10:00:21.058+0000] {processor.py:840} INFO - DAG(s) 'example_sensor_decorator' retrieved from /home/airflow/.local/lib/python3.12/site-packages/airflow/example_dags/example_sensor_decorator.py
[2024-07-04T10:00:21.143+0000] {logging_mixin.py:188} INFO - [2024-07-04T10:00:21.142+0000] {dag.py:3096} INFO - Sync 1 DAGs
[2024-07-04T10:00:21.200+0000] {logging_mixin.py:188} INFO - [2024-07-04T10:00:21.199+0000] {dag.py:3954} INFO - Setting next_dagrun for example_sensor_decorator to None, run_after=None
[2024-07-04T10:00:21.264+0000] {processor.py:183} INFO - Processing /home/airflow/.local/lib/python3.12/site-packages/airflow/example_dags/example_sensor_decorator.py took 0.275 seconds
[2024-07-04T10:00:52.275+0000] {processor.py:161} INFO - Started process (PID=3038) to work on /home/airflow/.local/lib/python3.12/site-packages/airflow/example_dags/example_sensor_decorator.py
[2024-07-04T10:00:52.280+0000] {processor.py:830} INFO - Processing file /home/airflow/.local/lib/python3.12/site-packages/airflow/example_dags/example_sensor_decorator.py for tasks to queue
[2024-07-04T10:00:52.292+0000] {logging_mixin.py:188} INFO - [2024-07-04T10:00:52.291+0000] {dagbag.py:545} INFO - Filling up the DagBag from /home/airflow/.local/lib/python3.12/site-packages/airflow/example_dags/example_sensor_decorator.py
[2024-07-04T10:00:52.324+0000] {processor.py:840} INFO - DAG(s) 'example_sensor_decorator' retrieved from /home/airflow/.local/lib/python3.12/site-packages/airflow/example_dags/example_sensor_decorator.py
[2024-07-04T10:00:52.376+0000] {logging_mixin.py:188} INFO - [2024-07-04T10:00:52.376+0000] {dag.py:3096} INFO - Sync 1 DAGs
[2024-07-04T10:00:52.415+0000] {logging_mixin.py:188} INFO - [2024-07-04T10:00:52.414+0000] {dag.py:3954} INFO - Setting next_dagrun for example_sensor_decorator to None, run_after=None
[2024-07-04T10:00:52.513+0000] {processor.py:183} INFO - Processing /home/airflow/.local/lib/python3.12/site-packages/airflow/example_dags/example_sensor_decorator.py took 0.247 seconds
[2024-07-04T10:01:23.280+0000] {processor.py:161} INFO - Started process (PID=3097) to work on /home/airflow/.local/lib/python3.12/site-packages/airflow/example_dags/example_sensor_decorator.py
[2024-07-04T10:01:23.282+0000] {processor.py:830} INFO - Processing file /home/airflow/.local/lib/python3.12/site-packages/airflow/example_dags/example_sensor_decorator.py for tasks to queue
[2024-07-04T10:01:23.291+0000] {logging_mixin.py:188} INFO - [2024-07-04T10:01:23.291+0000] {dagbag.py:545} INFO - Filling up the DagBag from /home/airflow/.local/lib/python3.12/site-packages/airflow/example_dags/example_sensor_decorator.py
[2024-07-04T10:01:23.298+0000] {processor.py:840} INFO - DAG(s) 'example_sensor_decorator' retrieved from /home/airflow/.local/lib/python3.12/site-packages/airflow/example_dags/example_sensor_decorator.py
[2024-07-04T10:01:23.359+0000] {logging_mixin.py:188} INFO - [2024-07-04T10:01:23.358+0000] {dag.py:3096} INFO - Sync 1 DAGs
[2024-07-04T10:01:23.388+0000] {logging_mixin.py:188} INFO - [2024-07-04T10:01:23.388+0000] {dag.py:3954} INFO - Setting next_dagrun for example_sensor_decorator to None, run_after=None
[2024-07-04T10:01:23.450+0000] {processor.py:183} INFO - Processing /home/airflow/.local/lib/python3.12/site-packages/airflow/example_dags/example_sensor_decorator.py took 0.177 seconds
[2024-07-04T10:01:54.264+0000] {processor.py:161} INFO - Started process (PID=3157) to work on /home/airflow/.local/lib/python3.12/site-packages/airflow/example_dags/example_sensor_decorator.py
[2024-07-04T10:01:54.267+0000] {processor.py:830} INFO - Processing file /home/airflow/.local/lib/python3.12/site-packages/airflow/example_dags/example_sensor_decorator.py for tasks to queue
[2024-07-04T10:01:54.276+0000] {logging_mixin.py:188} INFO - [2024-07-04T10:01:54.276+0000] {dagbag.py:545} INFO - Filling up the DagBag from /home/airflow/.local/lib/python3.12/site-packages/airflow/example_dags/example_sensor_decorator.py
[2024-07-04T10:01:54.285+0000] {processor.py:840} INFO - DAG(s) 'example_sensor_decorator' retrieved from /home/airflow/.local/lib/python3.12/site-packages/airflow/example_dags/example_sensor_decorator.py
[2024-07-04T10:01:54.349+0000] {logging_mixin.py:188} INFO - [2024-07-04T10:01:54.348+0000] {dag.py:3096} INFO - Sync 1 DAGs
[2024-07-04T10:01:54.388+0000] {logging_mixin.py:188} INFO - [2024-07-04T10:01:54.387+0000] {dag.py:3954} INFO - Setting next_dagrun for example_sensor_decorator to None, run_after=None
[2024-07-04T10:01:54.486+0000] {processor.py:183} INFO - Processing /home/airflow/.local/lib/python3.12/site-packages/airflow/example_dags/example_sensor_decorator.py took 0.228 seconds
[2024-07-04T10:02:24.861+0000] {processor.py:161} INFO - Started process (PID=3216) to work on /home/airflow/.local/lib/python3.12/site-packages/airflow/example_dags/example_sensor_decorator.py
[2024-07-04T10:02:24.862+0000] {processor.py:830} INFO - Processing file /home/airflow/.local/lib/python3.12/site-packages/airflow/example_dags/example_sensor_decorator.py for tasks to queue
[2024-07-04T10:02:24.864+0000] {logging_mixin.py:188} INFO - [2024-07-04T10:02:24.864+0000] {dagbag.py:545} INFO - Filling up the DagBag from /home/airflow/.local/lib/python3.12/site-packages/airflow/example_dags/example_sensor_decorator.py
[2024-07-04T10:02:24.870+0000] {processor.py:840} INFO - DAG(s) 'example_sensor_decorator' retrieved from /home/airflow/.local/lib/python3.12/site-packages/airflow/example_dags/example_sensor_decorator.py
[2024-07-04T10:02:24.889+0000] {logging_mixin.py:188} INFO - [2024-07-04T10:02:24.889+0000] {dag.py:3096} INFO - Sync 1 DAGs
[2024-07-04T10:02:24.903+0000] {logging_mixin.py:188} INFO - [2024-07-04T10:02:24.903+0000] {dag.py:3954} INFO - Setting next_dagrun for example_sensor_decorator to None, run_after=None
[2024-07-04T10:02:24.924+0000] {processor.py:183} INFO - Processing /home/airflow/.local/lib/python3.12/site-packages/airflow/example_dags/example_sensor_decorator.py took 0.069 seconds
[2024-07-04T10:02:55.358+0000] {processor.py:161} INFO - Started process (PID=3276) to work on /home/airflow/.local/lib/python3.12/site-packages/airflow/example_dags/example_sensor_decorator.py
[2024-07-04T10:02:55.359+0000] {processor.py:830} INFO - Processing file /home/airflow/.local/lib/python3.12/site-packages/airflow/example_dags/example_sensor_decorator.py for tasks to queue
[2024-07-04T10:02:55.361+0000] {logging_mixin.py:188} INFO - [2024-07-04T10:02:55.361+0000] {dagbag.py:545} INFO - Filling up the DagBag from /home/airflow/.local/lib/python3.12/site-packages/airflow/example_dags/example_sensor_decorator.py
[2024-07-04T10:02:55.370+0000] {processor.py:840} INFO - DAG(s) 'example_sensor_decorator' retrieved from /home/airflow/.local/lib/python3.12/site-packages/airflow/example_dags/example_sensor_decorator.py
[2024-07-04T10:02:55.394+0000] {logging_mixin.py:188} INFO - [2024-07-04T10:02:55.394+0000] {dag.py:3096} INFO - Sync 1 DAGs
[2024-07-04T10:02:55.411+0000] {logging_mixin.py:188} INFO - [2024-07-04T10:02:55.411+0000] {dag.py:3954} INFO - Setting next_dagrun for example_sensor_decorator to None, run_after=None
[2024-07-04T10:02:55.440+0000] {processor.py:183} INFO - Processing /home/airflow/.local/lib/python3.12/site-packages/airflow/example_dags/example_sensor_decorator.py took 0.088 seconds
[2024-07-04T10:03:26.104+0000] {processor.py:161} INFO - Started process (PID=3335) to work on /home/airflow/.local/lib/python3.12/site-packages/airflow/example_dags/example_sensor_decorator.py
[2024-07-04T10:03:26.106+0000] {processor.py:830} INFO - Processing file /home/airflow/.local/lib/python3.12/site-packages/airflow/example_dags/example_sensor_decorator.py for tasks to queue
[2024-07-04T10:03:26.110+0000] {logging_mixin.py:188} INFO - [2024-07-04T10:03:26.110+0000] {dagbag.py:545} INFO - Filling up the DagBag from /home/airflow/.local/lib/python3.12/site-packages/airflow/example_dags/example_sensor_decorator.py
[2024-07-04T10:03:26.124+0000] {processor.py:840} INFO - DAG(s) 'example_sensor_decorator' retrieved from /home/airflow/.local/lib/python3.12/site-packages/airflow/example_dags/example_sensor_decorator.py
[2024-07-04T10:03:26.162+0000] {logging_mixin.py:188} INFO - [2024-07-04T10:03:26.162+0000] {dag.py:3096} INFO - Sync 1 DAGs
[2024-07-04T10:03:26.187+0000] {logging_mixin.py:188} INFO - [2024-07-04T10:03:26.186+0000] {dag.py:3954} INFO - Setting next_dagrun for example_sensor_decorator to None, run_after=None
[2024-07-04T10:03:26.220+0000] {processor.py:183} INFO - Processing /home/airflow/.local/lib/python3.12/site-packages/airflow/example_dags/example_sensor_decorator.py took 0.127 seconds
[2024-07-04T10:04:00.690+0000] {processor.py:161} INFO - Started process (PID=3394) to work on /home/airflow/.local/lib/python3.12/site-packages/airflow/example_dags/example_sensor_decorator.py
[2024-07-04T10:04:00.714+0000] {processor.py:830} INFO - Processing file /home/airflow/.local/lib/python3.12/site-packages/airflow/example_dags/example_sensor_decorator.py for tasks to queue
[2024-07-04T10:04:00.725+0000] {logging_mixin.py:188} INFO - [2024-07-04T10:04:00.724+0000] {dagbag.py:545} INFO - Filling up the DagBag from /home/airflow/.local/lib/python3.12/site-packages/airflow/example_dags/example_sensor_decorator.py
[2024-07-04T10:04:00.741+0000] {processor.py:840} INFO - DAG(s) 'example_sensor_decorator' retrieved from /home/airflow/.local/lib/python3.12/site-packages/airflow/example_dags/example_sensor_decorator.py
[2024-07-04T10:04:00.844+0000] {logging_mixin.py:188} INFO - [2024-07-04T10:04:00.843+0000] {dag.py:3096} INFO - Sync 1 DAGs
[2024-07-04T10:04:00.910+0000] {logging_mixin.py:188} INFO - [2024-07-04T10:04:00.908+0000] {dag.py:3954} INFO - Setting next_dagrun for example_sensor_decorator to None, run_after=None
[2024-07-04T10:04:01.474+0000] {processor.py:183} INFO - Processing /home/airflow/.local/lib/python3.12/site-packages/airflow/example_dags/example_sensor_decorator.py took 0.791 seconds
