[2024-07-04T09:34:30.207+0000] {processor.py:161} INFO - Started process (PID=38) to work on /home/airflow/.local/lib/python3.12/site-packages/airflow/example_dags/example_branch_python_dop_operator_3.py
[2024-07-04T09:34:30.893+0000] {processor.py:830} INFO - Processing file /home/airflow/.local/lib/python3.12/site-packages/airflow/example_dags/example_branch_python_dop_operator_3.py for tasks to queue
[2024-07-04T09:34:31.686+0000] {logging_mixin.py:188} INFO - [2024-07-04T09:34:31.685+0000] {dagbag.py:545} INFO - Filling up the DagBag from /home/airflow/.local/lib/python3.12/site-packages/airflow/example_dags/example_branch_python_dop_operator_3.py
[2024-07-04T09:34:32.239+0000] {processor.py:840} INFO - DAG(s) 'example_branch_dop_operator_v3' retrieved from /home/airflow/.local/lib/python3.12/site-packages/airflow/example_dags/example_branch_python_dop_operator_3.py
[2024-07-04T09:34:34.013+0000] {logging_mixin.py:188} INFO - [2024-07-04T09:34:34.012+0000] {dag.py:3096} INFO - Sync 1 DAGs
[2024-07-04T09:34:34.525+0000] {logging_mixin.py:188} INFO - [2024-07-04T09:34:34.439+0000] {dag.py:3954} INFO - Setting next_dagrun for example_branch_dop_operator_v3 to 2024-07-04 09:33:00+00:00, run_after=2024-07-04 09:34:00+00:00
[2024-07-04T09:34:34.853+0000] {processor.py:183} INFO - Processing /home/airflow/.local/lib/python3.12/site-packages/airflow/example_dags/example_branch_python_dop_operator_3.py took 4.733 seconds
[2024-07-04T09:35:14.226+0000] {processor.py:161} INFO - Started process (PID=96) to work on /home/airflow/.local/lib/python3.12/site-packages/airflow/example_dags/example_branch_python_dop_operator_3.py
[2024-07-04T09:35:14.233+0000] {processor.py:830} INFO - Processing file /home/airflow/.local/lib/python3.12/site-packages/airflow/example_dags/example_branch_python_dop_operator_3.py for tasks to queue
[2024-07-04T09:35:14.244+0000] {logging_mixin.py:188} INFO - [2024-07-04T09:35:14.243+0000] {dagbag.py:545} INFO - Filling up the DagBag from /home/airflow/.local/lib/python3.12/site-packages/airflow/example_dags/example_branch_python_dop_operator_3.py
[2024-07-04T09:35:14.271+0000] {processor.py:840} INFO - DAG(s) 'example_branch_dop_operator_v3' retrieved from /home/airflow/.local/lib/python3.12/site-packages/airflow/example_dags/example_branch_python_dop_operator_3.py
[2024-07-04T09:35:14.416+0000] {logging_mixin.py:188} INFO - [2024-07-04T09:35:14.416+0000] {dag.py:3096} INFO - Sync 1 DAGs
[2024-07-04T09:35:14.660+0000] {logging_mixin.py:188} INFO - [2024-07-04T09:35:14.659+0000] {dag.py:3954} INFO - Setting next_dagrun for example_branch_dop_operator_v3 to 2024-07-04 09:34:00+00:00, run_after=2024-07-04 09:35:00+00:00
[2024-07-04T09:35:14.825+0000] {processor.py:183} INFO - Processing /home/airflow/.local/lib/python3.12/site-packages/airflow/example_dags/example_branch_python_dop_operator_3.py took 0.607 seconds
[2024-07-04T09:35:45.283+0000] {processor.py:161} INFO - Started process (PID=153) to work on /home/airflow/.local/lib/python3.12/site-packages/airflow/example_dags/example_branch_python_dop_operator_3.py
[2024-07-04T09:35:45.285+0000] {processor.py:830} INFO - Processing file /home/airflow/.local/lib/python3.12/site-packages/airflow/example_dags/example_branch_python_dop_operator_3.py for tasks to queue
[2024-07-04T09:35:45.289+0000] {logging_mixin.py:188} INFO - [2024-07-04T09:35:45.288+0000] {dagbag.py:545} INFO - Filling up the DagBag from /home/airflow/.local/lib/python3.12/site-packages/airflow/example_dags/example_branch_python_dop_operator_3.py
[2024-07-04T09:35:45.297+0000] {processor.py:840} INFO - DAG(s) 'example_branch_dop_operator_v3' retrieved from /home/airflow/.local/lib/python3.12/site-packages/airflow/example_dags/example_branch_python_dop_operator_3.py
[2024-07-04T09:35:45.321+0000] {logging_mixin.py:188} INFO - [2024-07-04T09:35:45.320+0000] {dag.py:3096} INFO - Sync 1 DAGs
[2024-07-04T09:35:45.363+0000] {logging_mixin.py:188} INFO - [2024-07-04T09:35:45.363+0000] {dag.py:3954} INFO - Setting next_dagrun for example_branch_dop_operator_v3 to 2024-07-04 09:34:00+00:00, run_after=2024-07-04 09:35:00+00:00
[2024-07-04T09:35:45.393+0000] {processor.py:183} INFO - Processing /home/airflow/.local/lib/python3.12/site-packages/airflow/example_dags/example_branch_python_dop_operator_3.py took 0.116 seconds
[2024-07-04T09:36:15.789+0000] {processor.py:161} INFO - Started process (PID=212) to work on /home/airflow/.local/lib/python3.12/site-packages/airflow/example_dags/example_branch_python_dop_operator_3.py
[2024-07-04T09:36:15.790+0000] {processor.py:830} INFO - Processing file /home/airflow/.local/lib/python3.12/site-packages/airflow/example_dags/example_branch_python_dop_operator_3.py for tasks to queue
[2024-07-04T09:36:15.793+0000] {logging_mixin.py:188} INFO - [2024-07-04T09:36:15.792+0000] {dagbag.py:545} INFO - Filling up the DagBag from /home/airflow/.local/lib/python3.12/site-packages/airflow/example_dags/example_branch_python_dop_operator_3.py
[2024-07-04T09:36:15.805+0000] {processor.py:840} INFO - DAG(s) 'example_branch_dop_operator_v3' retrieved from /home/airflow/.local/lib/python3.12/site-packages/airflow/example_dags/example_branch_python_dop_operator_3.py
[2024-07-04T09:36:15.839+0000] {logging_mixin.py:188} INFO - [2024-07-04T09:36:15.839+0000] {dag.py:3096} INFO - Sync 1 DAGs
[2024-07-04T09:36:15.879+0000] {logging_mixin.py:188} INFO - [2024-07-04T09:36:15.878+0000] {dag.py:3954} INFO - Setting next_dagrun for example_branch_dop_operator_v3 to 2024-07-04 09:35:00+00:00, run_after=2024-07-04 09:36:00+00:00
[2024-07-04T09:36:15.905+0000] {processor.py:183} INFO - Processing /home/airflow/.local/lib/python3.12/site-packages/airflow/example_dags/example_branch_python_dop_operator_3.py took 0.126 seconds
[2024-07-04T09:36:46.570+0000] {processor.py:161} INFO - Started process (PID=271) to work on /home/airflow/.local/lib/python3.12/site-packages/airflow/example_dags/example_branch_python_dop_operator_3.py
[2024-07-04T09:36:46.572+0000] {processor.py:830} INFO - Processing file /home/airflow/.local/lib/python3.12/site-packages/airflow/example_dags/example_branch_python_dop_operator_3.py for tasks to queue
[2024-07-04T09:36:46.574+0000] {logging_mixin.py:188} INFO - [2024-07-04T09:36:46.573+0000] {dagbag.py:545} INFO - Filling up the DagBag from /home/airflow/.local/lib/python3.12/site-packages/airflow/example_dags/example_branch_python_dop_operator_3.py
[2024-07-04T09:36:46.582+0000] {processor.py:840} INFO - DAG(s) 'example_branch_dop_operator_v3' retrieved from /home/airflow/.local/lib/python3.12/site-packages/airflow/example_dags/example_branch_python_dop_operator_3.py
[2024-07-04T09:36:46.601+0000] {logging_mixin.py:188} INFO - [2024-07-04T09:36:46.601+0000] {dag.py:3096} INFO - Sync 1 DAGs
[2024-07-04T09:36:46.624+0000] {logging_mixin.py:188} INFO - [2024-07-04T09:36:46.623+0000] {dag.py:3954} INFO - Setting next_dagrun for example_branch_dop_operator_v3 to 2024-07-04 09:35:00+00:00, run_after=2024-07-04 09:36:00+00:00
[2024-07-04T09:36:46.642+0000] {processor.py:183} INFO - Processing /home/airflow/.local/lib/python3.12/site-packages/airflow/example_dags/example_branch_python_dop_operator_3.py took 0.077 seconds
[2024-07-04T09:37:17.000+0000] {processor.py:161} INFO - Started process (PID=330) to work on /home/airflow/.local/lib/python3.12/site-packages/airflow/example_dags/example_branch_python_dop_operator_3.py
[2024-07-04T09:37:17.001+0000] {processor.py:830} INFO - Processing file /home/airflow/.local/lib/python3.12/site-packages/airflow/example_dags/example_branch_python_dop_operator_3.py for tasks to queue
[2024-07-04T09:37:17.003+0000] {logging_mixin.py:188} INFO - [2024-07-04T09:37:17.003+0000] {dagbag.py:545} INFO - Filling up the DagBag from /home/airflow/.local/lib/python3.12/site-packages/airflow/example_dags/example_branch_python_dop_operator_3.py
[2024-07-04T09:37:17.012+0000] {processor.py:840} INFO - DAG(s) 'example_branch_dop_operator_v3' retrieved from /home/airflow/.local/lib/python3.12/site-packages/airflow/example_dags/example_branch_python_dop_operator_3.py
[2024-07-04T09:37:17.033+0000] {logging_mixin.py:188} INFO - [2024-07-04T09:37:17.033+0000] {dag.py:3096} INFO - Sync 1 DAGs
[2024-07-04T09:37:17.055+0000] {logging_mixin.py:188} INFO - [2024-07-04T09:37:17.055+0000] {dag.py:3954} INFO - Setting next_dagrun for example_branch_dop_operator_v3 to 2024-07-04 09:36:00+00:00, run_after=2024-07-04 09:37:00+00:00
[2024-07-04T09:37:17.073+0000] {processor.py:183} INFO - Processing /home/airflow/.local/lib/python3.12/site-packages/airflow/example_dags/example_branch_python_dop_operator_3.py took 0.078 seconds
[2024-07-04T09:37:47.380+0000] {processor.py:161} INFO - Started process (PID=389) to work on /home/airflow/.local/lib/python3.12/site-packages/airflow/example_dags/example_branch_python_dop_operator_3.py
[2024-07-04T09:37:47.382+0000] {processor.py:830} INFO - Processing file /home/airflow/.local/lib/python3.12/site-packages/airflow/example_dags/example_branch_python_dop_operator_3.py for tasks to queue
[2024-07-04T09:37:47.384+0000] {logging_mixin.py:188} INFO - [2024-07-04T09:37:47.384+0000] {dagbag.py:545} INFO - Filling up the DagBag from /home/airflow/.local/lib/python3.12/site-packages/airflow/example_dags/example_branch_python_dop_operator_3.py
[2024-07-04T09:37:47.394+0000] {processor.py:840} INFO - DAG(s) 'example_branch_dop_operator_v3' retrieved from /home/airflow/.local/lib/python3.12/site-packages/airflow/example_dags/example_branch_python_dop_operator_3.py
[2024-07-04T09:37:47.415+0000] {logging_mixin.py:188} INFO - [2024-07-04T09:37:47.415+0000] {dag.py:3096} INFO - Sync 1 DAGs
[2024-07-04T09:37:47.454+0000] {logging_mixin.py:188} INFO - [2024-07-04T09:37:47.454+0000] {dag.py:3954} INFO - Setting next_dagrun for example_branch_dop_operator_v3 to 2024-07-04 09:36:00+00:00, run_after=2024-07-04 09:37:00+00:00
[2024-07-04T09:37:47.490+0000] {processor.py:183} INFO - Processing /home/airflow/.local/lib/python3.12/site-packages/airflow/example_dags/example_branch_python_dop_operator_3.py took 0.115 seconds
[2024-07-04T09:38:17.760+0000] {processor.py:161} INFO - Started process (PID=448) to work on /home/airflow/.local/lib/python3.12/site-packages/airflow/example_dags/example_branch_python_dop_operator_3.py
[2024-07-04T09:38:17.762+0000] {processor.py:830} INFO - Processing file /home/airflow/.local/lib/python3.12/site-packages/airflow/example_dags/example_branch_python_dop_operator_3.py for tasks to queue
[2024-07-04T09:38:17.764+0000] {logging_mixin.py:188} INFO - [2024-07-04T09:38:17.764+0000] {dagbag.py:545} INFO - Filling up the DagBag from /home/airflow/.local/lib/python3.12/site-packages/airflow/example_dags/example_branch_python_dop_operator_3.py
[2024-07-04T09:38:17.774+0000] {processor.py:840} INFO - DAG(s) 'example_branch_dop_operator_v3' retrieved from /home/airflow/.local/lib/python3.12/site-packages/airflow/example_dags/example_branch_python_dop_operator_3.py
[2024-07-04T09:38:17.795+0000] {logging_mixin.py:188} INFO - [2024-07-04T09:38:17.795+0000] {dag.py:3096} INFO - Sync 1 DAGs
[2024-07-04T09:38:17.824+0000] {logging_mixin.py:188} INFO - [2024-07-04T09:38:17.824+0000] {dag.py:3954} INFO - Setting next_dagrun for example_branch_dop_operator_v3 to 2024-07-04 09:37:00+00:00, run_after=2024-07-04 09:38:00+00:00
[2024-07-04T09:38:17.842+0000] {processor.py:183} INFO - Processing /home/airflow/.local/lib/python3.12/site-packages/airflow/example_dags/example_branch_python_dop_operator_3.py took 0.091 seconds
[2024-07-04T09:38:47.983+0000] {processor.py:161} INFO - Started process (PID=508) to work on /home/airflow/.local/lib/python3.12/site-packages/airflow/example_dags/example_branch_python_dop_operator_3.py
[2024-07-04T09:38:47.984+0000] {processor.py:830} INFO - Processing file /home/airflow/.local/lib/python3.12/site-packages/airflow/example_dags/example_branch_python_dop_operator_3.py for tasks to queue
[2024-07-04T09:38:47.986+0000] {logging_mixin.py:188} INFO - [2024-07-04T09:38:47.986+0000] {dagbag.py:545} INFO - Filling up the DagBag from /home/airflow/.local/lib/python3.12/site-packages/airflow/example_dags/example_branch_python_dop_operator_3.py
[2024-07-04T09:38:47.994+0000] {processor.py:840} INFO - DAG(s) 'example_branch_dop_operator_v3' retrieved from /home/airflow/.local/lib/python3.12/site-packages/airflow/example_dags/example_branch_python_dop_operator_3.py
[2024-07-04T09:38:48.016+0000] {logging_mixin.py:188} INFO - [2024-07-04T09:38:48.015+0000] {dag.py:3096} INFO - Sync 1 DAGs
[2024-07-04T09:38:48.038+0000] {logging_mixin.py:188} INFO - [2024-07-04T09:38:48.038+0000] {dag.py:3954} INFO - Setting next_dagrun for example_branch_dop_operator_v3 to 2024-07-04 09:37:00+00:00, run_after=2024-07-04 09:38:00+00:00
[2024-07-04T09:38:48.068+0000] {processor.py:183} INFO - Processing /home/airflow/.local/lib/python3.12/site-packages/airflow/example_dags/example_branch_python_dop_operator_3.py took 0.089 seconds
[2024-07-04T09:39:18.454+0000] {processor.py:161} INFO - Started process (PID=567) to work on /home/airflow/.local/lib/python3.12/site-packages/airflow/example_dags/example_branch_python_dop_operator_3.py
[2024-07-04T09:39:18.455+0000] {processor.py:830} INFO - Processing file /home/airflow/.local/lib/python3.12/site-packages/airflow/example_dags/example_branch_python_dop_operator_3.py for tasks to queue
[2024-07-04T09:39:18.464+0000] {logging_mixin.py:188} INFO - [2024-07-04T09:39:18.463+0000] {dagbag.py:545} INFO - Filling up the DagBag from /home/airflow/.local/lib/python3.12/site-packages/airflow/example_dags/example_branch_python_dop_operator_3.py
[2024-07-04T09:39:18.472+0000] {processor.py:840} INFO - DAG(s) 'example_branch_dop_operator_v3' retrieved from /home/airflow/.local/lib/python3.12/site-packages/airflow/example_dags/example_branch_python_dop_operator_3.py
[2024-07-04T09:39:18.532+0000] {logging_mixin.py:188} INFO - [2024-07-04T09:39:18.532+0000] {dag.py:3096} INFO - Sync 1 DAGs
[2024-07-04T09:39:18.571+0000] {logging_mixin.py:188} INFO - [2024-07-04T09:39:18.571+0000] {dag.py:3954} INFO - Setting next_dagrun for example_branch_dop_operator_v3 to 2024-07-04 09:38:00+00:00, run_after=2024-07-04 09:39:00+00:00
[2024-07-04T09:39:18.626+0000] {processor.py:183} INFO - Processing /home/airflow/.local/lib/python3.12/site-packages/airflow/example_dags/example_branch_python_dop_operator_3.py took 0.177 seconds
[2024-07-04T09:39:48.816+0000] {processor.py:161} INFO - Started process (PID=626) to work on /home/airflow/.local/lib/python3.12/site-packages/airflow/example_dags/example_branch_python_dop_operator_3.py
[2024-07-04T09:39:48.818+0000] {processor.py:830} INFO - Processing file /home/airflow/.local/lib/python3.12/site-packages/airflow/example_dags/example_branch_python_dop_operator_3.py for tasks to queue
[2024-07-04T09:39:48.827+0000] {logging_mixin.py:188} INFO - [2024-07-04T09:39:48.827+0000] {dagbag.py:545} INFO - Filling up the DagBag from /home/airflow/.local/lib/python3.12/site-packages/airflow/example_dags/example_branch_python_dop_operator_3.py
[2024-07-04T09:39:48.835+0000] {processor.py:840} INFO - DAG(s) 'example_branch_dop_operator_v3' retrieved from /home/airflow/.local/lib/python3.12/site-packages/airflow/example_dags/example_branch_python_dop_operator_3.py
[2024-07-04T09:39:48.876+0000] {logging_mixin.py:188} INFO - [2024-07-04T09:39:48.876+0000] {dag.py:3096} INFO - Sync 1 DAGs
[2024-07-04T09:39:48.924+0000] {logging_mixin.py:188} INFO - [2024-07-04T09:39:48.924+0000] {dag.py:3954} INFO - Setting next_dagrun for example_branch_dop_operator_v3 to 2024-07-04 09:38:00+00:00, run_after=2024-07-04 09:39:00+00:00
[2024-07-04T09:39:48.953+0000] {processor.py:183} INFO - Processing /home/airflow/.local/lib/python3.12/site-packages/airflow/example_dags/example_branch_python_dop_operator_3.py took 0.143 seconds
[2024-07-04T09:40:19.963+0000] {processor.py:161} INFO - Started process (PID=685) to work on /home/airflow/.local/lib/python3.12/site-packages/airflow/example_dags/example_branch_python_dop_operator_3.py
[2024-07-04T09:40:19.969+0000] {processor.py:830} INFO - Processing file /home/airflow/.local/lib/python3.12/site-packages/airflow/example_dags/example_branch_python_dop_operator_3.py for tasks to queue
[2024-07-04T09:40:19.985+0000] {logging_mixin.py:188} INFO - [2024-07-04T09:40:19.985+0000] {dagbag.py:545} INFO - Filling up the DagBag from /home/airflow/.local/lib/python3.12/site-packages/airflow/example_dags/example_branch_python_dop_operator_3.py
[2024-07-04T09:40:20.006+0000] {processor.py:840} INFO - DAG(s) 'example_branch_dop_operator_v3' retrieved from /home/airflow/.local/lib/python3.12/site-packages/airflow/example_dags/example_branch_python_dop_operator_3.py
[2024-07-04T09:40:20.034+0000] {logging_mixin.py:188} INFO - [2024-07-04T09:40:20.034+0000] {dag.py:3096} INFO - Sync 1 DAGs
[2024-07-04T09:40:20.065+0000] {logging_mixin.py:188} INFO - [2024-07-04T09:40:20.065+0000] {dag.py:3954} INFO - Setting next_dagrun for example_branch_dop_operator_v3 to 2024-07-04 09:39:00+00:00, run_after=2024-07-04 09:40:00+00:00
[2024-07-04T09:40:20.085+0000] {processor.py:183} INFO - Processing /home/airflow/.local/lib/python3.12/site-packages/airflow/example_dags/example_branch_python_dop_operator_3.py took 0.128 seconds
[2024-07-04T09:40:50.349+0000] {processor.py:161} INFO - Started process (PID=744) to work on /home/airflow/.local/lib/python3.12/site-packages/airflow/example_dags/example_branch_python_dop_operator_3.py
[2024-07-04T09:40:50.351+0000] {processor.py:830} INFO - Processing file /home/airflow/.local/lib/python3.12/site-packages/airflow/example_dags/example_branch_python_dop_operator_3.py for tasks to queue
[2024-07-04T09:40:50.354+0000] {logging_mixin.py:188} INFO - [2024-07-04T09:40:50.353+0000] {dagbag.py:545} INFO - Filling up the DagBag from /home/airflow/.local/lib/python3.12/site-packages/airflow/example_dags/example_branch_python_dop_operator_3.py
[2024-07-04T09:40:50.367+0000] {processor.py:840} INFO - DAG(s) 'example_branch_dop_operator_v3' retrieved from /home/airflow/.local/lib/python3.12/site-packages/airflow/example_dags/example_branch_python_dop_operator_3.py
[2024-07-04T09:40:50.388+0000] {logging_mixin.py:188} INFO - [2024-07-04T09:40:50.388+0000] {dag.py:3096} INFO - Sync 1 DAGs
[2024-07-04T09:40:50.421+0000] {logging_mixin.py:188} INFO - [2024-07-04T09:40:50.420+0000] {dag.py:3954} INFO - Setting next_dagrun for example_branch_dop_operator_v3 to 2024-07-04 09:39:00+00:00, run_after=2024-07-04 09:40:00+00:00
[2024-07-04T09:40:50.445+0000] {processor.py:183} INFO - Processing /home/airflow/.local/lib/python3.12/site-packages/airflow/example_dags/example_branch_python_dop_operator_3.py took 0.102 seconds
[2024-07-04T09:41:20.541+0000] {processor.py:161} INFO - Started process (PID=804) to work on /home/airflow/.local/lib/python3.12/site-packages/airflow/example_dags/example_branch_python_dop_operator_3.py
[2024-07-04T09:41:20.542+0000] {processor.py:830} INFO - Processing file /home/airflow/.local/lib/python3.12/site-packages/airflow/example_dags/example_branch_python_dop_operator_3.py for tasks to queue
[2024-07-04T09:41:20.544+0000] {logging_mixin.py:188} INFO - [2024-07-04T09:41:20.544+0000] {dagbag.py:545} INFO - Filling up the DagBag from /home/airflow/.local/lib/python3.12/site-packages/airflow/example_dags/example_branch_python_dop_operator_3.py
[2024-07-04T09:41:20.552+0000] {processor.py:840} INFO - DAG(s) 'example_branch_dop_operator_v3' retrieved from /home/airflow/.local/lib/python3.12/site-packages/airflow/example_dags/example_branch_python_dop_operator_3.py
[2024-07-04T09:41:20.569+0000] {logging_mixin.py:188} INFO - [2024-07-04T09:41:20.569+0000] {dag.py:3096} INFO - Sync 1 DAGs
[2024-07-04T09:41:20.591+0000] {logging_mixin.py:188} INFO - [2024-07-04T09:41:20.591+0000] {dag.py:3954} INFO - Setting next_dagrun for example_branch_dop_operator_v3 to 2024-07-04 09:40:00+00:00, run_after=2024-07-04 09:41:00+00:00
[2024-07-04T09:41:20.610+0000] {processor.py:183} INFO - Processing /home/airflow/.local/lib/python3.12/site-packages/airflow/example_dags/example_branch_python_dop_operator_3.py took 0.075 seconds
[2024-07-04T09:41:50.883+0000] {processor.py:161} INFO - Started process (PID=861) to work on /home/airflow/.local/lib/python3.12/site-packages/airflow/example_dags/example_branch_python_dop_operator_3.py
[2024-07-04T09:41:50.884+0000] {processor.py:830} INFO - Processing file /home/airflow/.local/lib/python3.12/site-packages/airflow/example_dags/example_branch_python_dop_operator_3.py for tasks to queue
[2024-07-04T09:41:50.886+0000] {logging_mixin.py:188} INFO - [2024-07-04T09:41:50.885+0000] {dagbag.py:545} INFO - Filling up the DagBag from /home/airflow/.local/lib/python3.12/site-packages/airflow/example_dags/example_branch_python_dop_operator_3.py
[2024-07-04T09:41:50.894+0000] {processor.py:840} INFO - DAG(s) 'example_branch_dop_operator_v3' retrieved from /home/airflow/.local/lib/python3.12/site-packages/airflow/example_dags/example_branch_python_dop_operator_3.py
[2024-07-04T09:41:50.914+0000] {logging_mixin.py:188} INFO - [2024-07-04T09:41:50.913+0000] {dag.py:3096} INFO - Sync 1 DAGs
[2024-07-04T09:41:50.936+0000] {logging_mixin.py:188} INFO - [2024-07-04T09:41:50.936+0000] {dag.py:3954} INFO - Setting next_dagrun for example_branch_dop_operator_v3 to 2024-07-04 09:40:00+00:00, run_after=2024-07-04 09:41:00+00:00
[2024-07-04T09:41:50.957+0000] {processor.py:183} INFO - Processing /home/airflow/.local/lib/python3.12/site-packages/airflow/example_dags/example_branch_python_dop_operator_3.py took 0.080 seconds
[2024-07-04T09:42:21.759+0000] {processor.py:161} INFO - Started process (PID=919) to work on /home/airflow/.local/lib/python3.12/site-packages/airflow/example_dags/example_branch_python_dop_operator_3.py
[2024-07-04T09:42:21.794+0000] {processor.py:830} INFO - Processing file /home/airflow/.local/lib/python3.12/site-packages/airflow/example_dags/example_branch_python_dop_operator_3.py for tasks to queue
[2024-07-04T09:42:21.799+0000] {logging_mixin.py:188} INFO - [2024-07-04T09:42:21.798+0000] {dagbag.py:545} INFO - Filling up the DagBag from /home/airflow/.local/lib/python3.12/site-packages/airflow/example_dags/example_branch_python_dop_operator_3.py
[2024-07-04T09:42:21.825+0000] {processor.py:840} INFO - DAG(s) 'example_branch_dop_operator_v3' retrieved from /home/airflow/.local/lib/python3.12/site-packages/airflow/example_dags/example_branch_python_dop_operator_3.py
[2024-07-04T09:42:21.950+0000] {logging_mixin.py:188} INFO - [2024-07-04T09:42:21.949+0000] {dag.py:3096} INFO - Sync 1 DAGs
[2024-07-04T09:42:22.052+0000] {logging_mixin.py:188} INFO - [2024-07-04T09:42:22.052+0000] {dag.py:3954} INFO - Setting next_dagrun for example_branch_dop_operator_v3 to 2024-07-04 09:41:00+00:00, run_after=2024-07-04 09:42:00+00:00
[2024-07-04T09:42:22.117+0000] {processor.py:183} INFO - Processing /home/airflow/.local/lib/python3.12/site-packages/airflow/example_dags/example_branch_python_dop_operator_3.py took 0.373 seconds
[2024-07-04T09:42:52.835+0000] {processor.py:161} INFO - Started process (PID=979) to work on /home/airflow/.local/lib/python3.12/site-packages/airflow/example_dags/example_branch_python_dop_operator_3.py
[2024-07-04T09:42:52.836+0000] {processor.py:830} INFO - Processing file /home/airflow/.local/lib/python3.12/site-packages/airflow/example_dags/example_branch_python_dop_operator_3.py for tasks to queue
[2024-07-04T09:42:52.838+0000] {logging_mixin.py:188} INFO - [2024-07-04T09:42:52.838+0000] {dagbag.py:545} INFO - Filling up the DagBag from /home/airflow/.local/lib/python3.12/site-packages/airflow/example_dags/example_branch_python_dop_operator_3.py
[2024-07-04T09:42:52.846+0000] {processor.py:840} INFO - DAG(s) 'example_branch_dop_operator_v3' retrieved from /home/airflow/.local/lib/python3.12/site-packages/airflow/example_dags/example_branch_python_dop_operator_3.py
[2024-07-04T09:42:52.871+0000] {logging_mixin.py:188} INFO - [2024-07-04T09:42:52.870+0000] {dag.py:3096} INFO - Sync 1 DAGs
[2024-07-04T09:42:52.907+0000] {logging_mixin.py:188} INFO - [2024-07-04T09:42:52.906+0000] {dag.py:3954} INFO - Setting next_dagrun for example_branch_dop_operator_v3 to 2024-07-04 09:41:00+00:00, run_after=2024-07-04 09:42:00+00:00
[2024-07-04T09:42:52.940+0000] {processor.py:183} INFO - Processing /home/airflow/.local/lib/python3.12/site-packages/airflow/example_dags/example_branch_python_dop_operator_3.py took 0.111 seconds
[2024-07-04T09:43:23.307+0000] {processor.py:161} INFO - Started process (PID=1039) to work on /home/airflow/.local/lib/python3.12/site-packages/airflow/example_dags/example_branch_python_dop_operator_3.py
[2024-07-04T09:43:23.308+0000] {processor.py:830} INFO - Processing file /home/airflow/.local/lib/python3.12/site-packages/airflow/example_dags/example_branch_python_dop_operator_3.py for tasks to queue
[2024-07-04T09:43:23.311+0000] {logging_mixin.py:188} INFO - [2024-07-04T09:43:23.310+0000] {dagbag.py:545} INFO - Filling up the DagBag from /home/airflow/.local/lib/python3.12/site-packages/airflow/example_dags/example_branch_python_dop_operator_3.py
[2024-07-04T09:43:23.319+0000] {processor.py:840} INFO - DAG(s) 'example_branch_dop_operator_v3' retrieved from /home/airflow/.local/lib/python3.12/site-packages/airflow/example_dags/example_branch_python_dop_operator_3.py
[2024-07-04T09:43:23.342+0000] {logging_mixin.py:188} INFO - [2024-07-04T09:43:23.341+0000] {dag.py:3096} INFO - Sync 1 DAGs
[2024-07-04T09:43:23.366+0000] {logging_mixin.py:188} INFO - [2024-07-04T09:43:23.365+0000] {dag.py:3954} INFO - Setting next_dagrun for example_branch_dop_operator_v3 to 2024-07-04 09:42:00+00:00, run_after=2024-07-04 09:43:00+00:00
[2024-07-04T09:43:23.388+0000] {processor.py:183} INFO - Processing /home/airflow/.local/lib/python3.12/site-packages/airflow/example_dags/example_branch_python_dop_operator_3.py took 0.086 seconds
[2024-07-04T09:43:53.503+0000] {processor.py:161} INFO - Started process (PID=1098) to work on /home/airflow/.local/lib/python3.12/site-packages/airflow/example_dags/example_branch_python_dop_operator_3.py
[2024-07-04T09:43:53.505+0000] {processor.py:830} INFO - Processing file /home/airflow/.local/lib/python3.12/site-packages/airflow/example_dags/example_branch_python_dop_operator_3.py for tasks to queue
[2024-07-04T09:43:53.507+0000] {logging_mixin.py:188} INFO - [2024-07-04T09:43:53.506+0000] {dagbag.py:545} INFO - Filling up the DagBag from /home/airflow/.local/lib/python3.12/site-packages/airflow/example_dags/example_branch_python_dop_operator_3.py
[2024-07-04T09:43:53.517+0000] {processor.py:840} INFO - DAG(s) 'example_branch_dop_operator_v3' retrieved from /home/airflow/.local/lib/python3.12/site-packages/airflow/example_dags/example_branch_python_dop_operator_3.py
[2024-07-04T09:43:53.536+0000] {logging_mixin.py:188} INFO - [2024-07-04T09:43:53.536+0000] {dag.py:3096} INFO - Sync 1 DAGs
[2024-07-04T09:43:53.559+0000] {logging_mixin.py:188} INFO - [2024-07-04T09:43:53.559+0000] {dag.py:3954} INFO - Setting next_dagrun for example_branch_dop_operator_v3 to 2024-07-04 09:42:00+00:00, run_after=2024-07-04 09:43:00+00:00
[2024-07-04T09:43:53.576+0000] {processor.py:183} INFO - Processing /home/airflow/.local/lib/python3.12/site-packages/airflow/example_dags/example_branch_python_dop_operator_3.py took 0.078 seconds
[2024-07-04T09:44:24.500+0000] {processor.py:161} INFO - Started process (PID=1157) to work on /home/airflow/.local/lib/python3.12/site-packages/airflow/example_dags/example_branch_python_dop_operator_3.py
[2024-07-04T09:44:24.501+0000] {processor.py:830} INFO - Processing file /home/airflow/.local/lib/python3.12/site-packages/airflow/example_dags/example_branch_python_dop_operator_3.py for tasks to queue
[2024-07-04T09:44:24.504+0000] {logging_mixin.py:188} INFO - [2024-07-04T09:44:24.503+0000] {dagbag.py:545} INFO - Filling up the DagBag from /home/airflow/.local/lib/python3.12/site-packages/airflow/example_dags/example_branch_python_dop_operator_3.py
[2024-07-04T09:44:24.513+0000] {processor.py:840} INFO - DAG(s) 'example_branch_dop_operator_v3' retrieved from /home/airflow/.local/lib/python3.12/site-packages/airflow/example_dags/example_branch_python_dop_operator_3.py
[2024-07-04T09:44:24.533+0000] {logging_mixin.py:188} INFO - [2024-07-04T09:44:24.533+0000] {dag.py:3096} INFO - Sync 1 DAGs
[2024-07-04T09:44:24.557+0000] {logging_mixin.py:188} INFO - [2024-07-04T09:44:24.556+0000] {dag.py:3954} INFO - Setting next_dagrun for example_branch_dop_operator_v3 to 2024-07-04 09:43:00+00:00, run_after=2024-07-04 09:44:00+00:00
[2024-07-04T09:44:24.576+0000] {processor.py:183} INFO - Processing /home/airflow/.local/lib/python3.12/site-packages/airflow/example_dags/example_branch_python_dop_operator_3.py took 0.081 seconds
[2024-07-04T09:44:54.629+0000] {processor.py:161} INFO - Started process (PID=1216) to work on /home/airflow/.local/lib/python3.12/site-packages/airflow/example_dags/example_branch_python_dop_operator_3.py
[2024-07-04T09:44:54.637+0000] {processor.py:830} INFO - Processing file /home/airflow/.local/lib/python3.12/site-packages/airflow/example_dags/example_branch_python_dop_operator_3.py for tasks to queue
[2024-07-04T09:44:54.644+0000] {logging_mixin.py:188} INFO - [2024-07-04T09:44:54.639+0000] {dagbag.py:545} INFO - Filling up the DagBag from /home/airflow/.local/lib/python3.12/site-packages/airflow/example_dags/example_branch_python_dop_operator_3.py
[2024-07-04T09:44:54.671+0000] {processor.py:840} INFO - DAG(s) 'example_branch_dop_operator_v3' retrieved from /home/airflow/.local/lib/python3.12/site-packages/airflow/example_dags/example_branch_python_dop_operator_3.py
[2024-07-04T09:44:54.777+0000] {logging_mixin.py:188} INFO - [2024-07-04T09:44:54.776+0000] {dag.py:3096} INFO - Sync 1 DAGs
[2024-07-04T09:44:54.851+0000] {logging_mixin.py:188} INFO - [2024-07-04T09:44:54.851+0000] {dag.py:3954} INFO - Setting next_dagrun for example_branch_dop_operator_v3 to 2024-07-04 09:43:00+00:00, run_after=2024-07-04 09:44:00+00:00
[2024-07-04T09:44:54.876+0000] {processor.py:183} INFO - Processing /home/airflow/.local/lib/python3.12/site-packages/airflow/example_dags/example_branch_python_dop_operator_3.py took 0.255 seconds
[2024-07-04T09:45:25.196+0000] {processor.py:161} INFO - Started process (PID=1275) to work on /home/airflow/.local/lib/python3.12/site-packages/airflow/example_dags/example_branch_python_dop_operator_3.py
[2024-07-04T09:45:25.206+0000] {processor.py:830} INFO - Processing file /home/airflow/.local/lib/python3.12/site-packages/airflow/example_dags/example_branch_python_dop_operator_3.py for tasks to queue
[2024-07-04T09:45:25.218+0000] {logging_mixin.py:188} INFO - [2024-07-04T09:45:25.217+0000] {dagbag.py:545} INFO - Filling up the DagBag from /home/airflow/.local/lib/python3.12/site-packages/airflow/example_dags/example_branch_python_dop_operator_3.py
[2024-07-04T09:45:25.272+0000] {processor.py:840} INFO - DAG(s) 'example_branch_dop_operator_v3' retrieved from /home/airflow/.local/lib/python3.12/site-packages/airflow/example_dags/example_branch_python_dop_operator_3.py
[2024-07-04T09:45:25.467+0000] {logging_mixin.py:188} INFO - [2024-07-04T09:45:25.457+0000] {dag.py:3096} INFO - Sync 1 DAGs
[2024-07-04T09:45:25.668+0000] {logging_mixin.py:188} INFO - [2024-07-04T09:45:25.667+0000] {dag.py:3954} INFO - Setting next_dagrun for example_branch_dop_operator_v3 to 2024-07-04 09:44:00+00:00, run_after=2024-07-04 09:45:00+00:00
[2024-07-04T09:45:25.818+0000] {processor.py:183} INFO - Processing /home/airflow/.local/lib/python3.12/site-packages/airflow/example_dags/example_branch_python_dop_operator_3.py took 0.697 seconds
[2024-07-04T09:45:56.093+0000] {processor.py:161} INFO - Started process (PID=1334) to work on /home/airflow/.local/lib/python3.12/site-packages/airflow/example_dags/example_branch_python_dop_operator_3.py
[2024-07-04T09:45:56.094+0000] {processor.py:830} INFO - Processing file /home/airflow/.local/lib/python3.12/site-packages/airflow/example_dags/example_branch_python_dop_operator_3.py for tasks to queue
[2024-07-04T09:45:56.096+0000] {logging_mixin.py:188} INFO - [2024-07-04T09:45:56.096+0000] {dagbag.py:545} INFO - Filling up the DagBag from /home/airflow/.local/lib/python3.12/site-packages/airflow/example_dags/example_branch_python_dop_operator_3.py
[2024-07-04T09:45:56.105+0000] {processor.py:840} INFO - DAG(s) 'example_branch_dop_operator_v3' retrieved from /home/airflow/.local/lib/python3.12/site-packages/airflow/example_dags/example_branch_python_dop_operator_3.py
[2024-07-04T09:45:56.133+0000] {logging_mixin.py:188} INFO - [2024-07-04T09:45:56.132+0000] {dag.py:3096} INFO - Sync 1 DAGs
[2024-07-04T09:45:56.159+0000] {logging_mixin.py:188} INFO - [2024-07-04T09:45:56.158+0000] {dag.py:3954} INFO - Setting next_dagrun for example_branch_dop_operator_v3 to 2024-07-04 09:44:00+00:00, run_after=2024-07-04 09:45:00+00:00
[2024-07-04T09:45:56.190+0000] {processor.py:183} INFO - Processing /home/airflow/.local/lib/python3.12/site-packages/airflow/example_dags/example_branch_python_dop_operator_3.py took 0.103 seconds
[2024-07-04T09:46:26.378+0000] {processor.py:161} INFO - Started process (PID=1393) to work on /home/airflow/.local/lib/python3.12/site-packages/airflow/example_dags/example_branch_python_dop_operator_3.py
[2024-07-04T09:46:26.379+0000] {processor.py:830} INFO - Processing file /home/airflow/.local/lib/python3.12/site-packages/airflow/example_dags/example_branch_python_dop_operator_3.py for tasks to queue
[2024-07-04T09:46:26.381+0000] {logging_mixin.py:188} INFO - [2024-07-04T09:46:26.380+0000] {dagbag.py:545} INFO - Filling up the DagBag from /home/airflow/.local/lib/python3.12/site-packages/airflow/example_dags/example_branch_python_dop_operator_3.py
[2024-07-04T09:46:26.396+0000] {processor.py:840} INFO - DAG(s) 'example_branch_dop_operator_v3' retrieved from /home/airflow/.local/lib/python3.12/site-packages/airflow/example_dags/example_branch_python_dop_operator_3.py
[2024-07-04T09:46:26.414+0000] {logging_mixin.py:188} INFO - [2024-07-04T09:46:26.414+0000] {dag.py:3096} INFO - Sync 1 DAGs
[2024-07-04T09:46:26.438+0000] {logging_mixin.py:188} INFO - [2024-07-04T09:46:26.438+0000] {dag.py:3954} INFO - Setting next_dagrun for example_branch_dop_operator_v3 to 2024-07-04 09:45:00+00:00, run_after=2024-07-04 09:46:00+00:00
[2024-07-04T09:46:26.456+0000] {processor.py:183} INFO - Processing /home/airflow/.local/lib/python3.12/site-packages/airflow/example_dags/example_branch_python_dop_operator_3.py took 0.083 seconds
[2024-07-04T09:46:57.225+0000] {processor.py:161} INFO - Started process (PID=1453) to work on /home/airflow/.local/lib/python3.12/site-packages/airflow/example_dags/example_branch_python_dop_operator_3.py
[2024-07-04T09:46:57.226+0000] {processor.py:830} INFO - Processing file /home/airflow/.local/lib/python3.12/site-packages/airflow/example_dags/example_branch_python_dop_operator_3.py for tasks to queue
[2024-07-04T09:46:57.228+0000] {logging_mixin.py:188} INFO - [2024-07-04T09:46:57.228+0000] {dagbag.py:545} INFO - Filling up the DagBag from /home/airflow/.local/lib/python3.12/site-packages/airflow/example_dags/example_branch_python_dop_operator_3.py
[2024-07-04T09:46:57.236+0000] {processor.py:840} INFO - DAG(s) 'example_branch_dop_operator_v3' retrieved from /home/airflow/.local/lib/python3.12/site-packages/airflow/example_dags/example_branch_python_dop_operator_3.py
[2024-07-04T09:46:57.260+0000] {logging_mixin.py:188} INFO - [2024-07-04T09:46:57.259+0000] {dag.py:3096} INFO - Sync 1 DAGs
[2024-07-04T09:46:57.284+0000] {logging_mixin.py:188} INFO - [2024-07-04T09:46:57.283+0000] {dag.py:3954} INFO - Setting next_dagrun for example_branch_dop_operator_v3 to 2024-07-04 09:45:00+00:00, run_after=2024-07-04 09:46:00+00:00
[2024-07-04T09:46:57.302+0000] {processor.py:183} INFO - Processing /home/airflow/.local/lib/python3.12/site-packages/airflow/example_dags/example_branch_python_dop_operator_3.py took 0.083 seconds
[2024-07-04T09:47:28.085+0000] {processor.py:161} INFO - Started process (PID=1513) to work on /home/airflow/.local/lib/python3.12/site-packages/airflow/example_dags/example_branch_python_dop_operator_3.py
[2024-07-04T09:47:28.086+0000] {processor.py:830} INFO - Processing file /home/airflow/.local/lib/python3.12/site-packages/airflow/example_dags/example_branch_python_dop_operator_3.py for tasks to queue
[2024-07-04T09:47:28.089+0000] {logging_mixin.py:188} INFO - [2024-07-04T09:47:28.088+0000] {dagbag.py:545} INFO - Filling up the DagBag from /home/airflow/.local/lib/python3.12/site-packages/airflow/example_dags/example_branch_python_dop_operator_3.py
[2024-07-04T09:47:28.108+0000] {processor.py:840} INFO - DAG(s) 'example_branch_dop_operator_v3' retrieved from /home/airflow/.local/lib/python3.12/site-packages/airflow/example_dags/example_branch_python_dop_operator_3.py
[2024-07-04T09:47:28.129+0000] {logging_mixin.py:188} INFO - [2024-07-04T09:47:28.129+0000] {dag.py:3096} INFO - Sync 1 DAGs
[2024-07-04T09:47:28.156+0000] {logging_mixin.py:188} INFO - [2024-07-04T09:47:28.156+0000] {dag.py:3954} INFO - Setting next_dagrun for example_branch_dop_operator_v3 to 2024-07-04 09:46:00+00:00, run_after=2024-07-04 09:47:00+00:00
[2024-07-04T09:47:28.177+0000] {processor.py:183} INFO - Processing /home/airflow/.local/lib/python3.12/site-packages/airflow/example_dags/example_branch_python_dop_operator_3.py took 0.097 seconds
[2024-07-04T09:47:58.786+0000] {processor.py:161} INFO - Started process (PID=1572) to work on /home/airflow/.local/lib/python3.12/site-packages/airflow/example_dags/example_branch_python_dop_operator_3.py
[2024-07-04T09:47:58.787+0000] {processor.py:830} INFO - Processing file /home/airflow/.local/lib/python3.12/site-packages/airflow/example_dags/example_branch_python_dop_operator_3.py for tasks to queue
[2024-07-04T09:47:58.789+0000] {logging_mixin.py:188} INFO - [2024-07-04T09:47:58.789+0000] {dagbag.py:545} INFO - Filling up the DagBag from /home/airflow/.local/lib/python3.12/site-packages/airflow/example_dags/example_branch_python_dop_operator_3.py
[2024-07-04T09:47:58.797+0000] {processor.py:840} INFO - DAG(s) 'example_branch_dop_operator_v3' retrieved from /home/airflow/.local/lib/python3.12/site-packages/airflow/example_dags/example_branch_python_dop_operator_3.py
[2024-07-04T09:47:58.815+0000] {logging_mixin.py:188} INFO - [2024-07-04T09:47:58.815+0000] {dag.py:3096} INFO - Sync 1 DAGs
[2024-07-04T09:47:58.840+0000] {logging_mixin.py:188} INFO - [2024-07-04T09:47:58.839+0000] {dag.py:3954} INFO - Setting next_dagrun for example_branch_dop_operator_v3 to 2024-07-04 09:46:00+00:00, run_after=2024-07-04 09:47:00+00:00
[2024-07-04T09:47:58.859+0000] {processor.py:183} INFO - Processing /home/airflow/.local/lib/python3.12/site-packages/airflow/example_dags/example_branch_python_dop_operator_3.py took 0.078 seconds
[2024-07-04T09:48:29.699+0000] {processor.py:161} INFO - Started process (PID=1632) to work on /home/airflow/.local/lib/python3.12/site-packages/airflow/example_dags/example_branch_python_dop_operator_3.py
[2024-07-04T09:48:29.701+0000] {processor.py:830} INFO - Processing file /home/airflow/.local/lib/python3.12/site-packages/airflow/example_dags/example_branch_python_dop_operator_3.py for tasks to queue
[2024-07-04T09:48:29.703+0000] {logging_mixin.py:188} INFO - [2024-07-04T09:48:29.702+0000] {dagbag.py:545} INFO - Filling up the DagBag from /home/airflow/.local/lib/python3.12/site-packages/airflow/example_dags/example_branch_python_dop_operator_3.py
[2024-07-04T09:48:29.712+0000] {processor.py:840} INFO - DAG(s) 'example_branch_dop_operator_v3' retrieved from /home/airflow/.local/lib/python3.12/site-packages/airflow/example_dags/example_branch_python_dop_operator_3.py
[2024-07-04T09:48:29.738+0000] {logging_mixin.py:188} INFO - [2024-07-04T09:48:29.738+0000] {dag.py:3096} INFO - Sync 1 DAGs
[2024-07-04T09:48:29.782+0000] {logging_mixin.py:188} INFO - [2024-07-04T09:48:29.782+0000] {dag.py:3954} INFO - Setting next_dagrun for example_branch_dop_operator_v3 to 2024-07-04 09:47:00+00:00, run_after=2024-07-04 09:48:00+00:00
[2024-07-04T09:48:29.805+0000] {processor.py:183} INFO - Processing /home/airflow/.local/lib/python3.12/site-packages/airflow/example_dags/example_branch_python_dop_operator_3.py took 0.113 seconds
[2024-07-04T09:49:02.592+0000] {processor.py:161} INFO - Started process (PID=1691) to work on /home/airflow/.local/lib/python3.12/site-packages/airflow/example_dags/example_branch_python_dop_operator_3.py
[2024-07-04T09:49:02.594+0000] {processor.py:830} INFO - Processing file /home/airflow/.local/lib/python3.12/site-packages/airflow/example_dags/example_branch_python_dop_operator_3.py for tasks to queue
[2024-07-04T09:49:02.597+0000] {logging_mixin.py:188} INFO - [2024-07-04T09:49:02.596+0000] {dagbag.py:545} INFO - Filling up the DagBag from /home/airflow/.local/lib/python3.12/site-packages/airflow/example_dags/example_branch_python_dop_operator_3.py
[2024-07-04T09:49:02.608+0000] {processor.py:840} INFO - DAG(s) 'example_branch_dop_operator_v3' retrieved from /home/airflow/.local/lib/python3.12/site-packages/airflow/example_dags/example_branch_python_dop_operator_3.py
[2024-07-04T09:49:02.663+0000] {logging_mixin.py:188} INFO - [2024-07-04T09:49:02.661+0000] {dag.py:3096} INFO - Sync 1 DAGs
[2024-07-04T09:49:02.709+0000] {logging_mixin.py:188} INFO - [2024-07-04T09:49:02.709+0000] {dag.py:3954} INFO - Setting next_dagrun for example_branch_dop_operator_v3 to 2024-07-04 09:48:00+00:00, run_after=2024-07-04 09:49:00+00:00
[2024-07-04T09:49:03.750+0000] {processor.py:183} INFO - Processing /home/airflow/.local/lib/python3.12/site-packages/airflow/example_dags/example_branch_python_dop_operator_3.py took 1.172 seconds
[2024-07-04T09:49:34.742+0000] {processor.py:161} INFO - Started process (PID=1757) to work on /home/airflow/.local/lib/python3.12/site-packages/airflow/example_dags/example_branch_python_dop_operator_3.py
[2024-07-04T09:49:34.751+0000] {processor.py:830} INFO - Processing file /home/airflow/.local/lib/python3.12/site-packages/airflow/example_dags/example_branch_python_dop_operator_3.py for tasks to queue
[2024-07-04T09:49:34.754+0000] {logging_mixin.py:188} INFO - [2024-07-04T09:49:34.754+0000] {dagbag.py:545} INFO - Filling up the DagBag from /home/airflow/.local/lib/python3.12/site-packages/airflow/example_dags/example_branch_python_dop_operator_3.py
[2024-07-04T09:49:34.764+0000] {processor.py:840} INFO - DAG(s) 'example_branch_dop_operator_v3' retrieved from /home/airflow/.local/lib/python3.12/site-packages/airflow/example_dags/example_branch_python_dop_operator_3.py
[2024-07-04T09:49:34.799+0000] {logging_mixin.py:188} INFO - [2024-07-04T09:49:34.799+0000] {dag.py:3096} INFO - Sync 1 DAGs
[2024-07-04T09:49:34.907+0000] {logging_mixin.py:188} INFO - [2024-07-04T09:49:34.907+0000] {dag.py:3954} INFO - Setting next_dagrun for example_branch_dop_operator_v3 to 2024-07-04 09:48:00+00:00, run_after=2024-07-04 09:49:00+00:00
[2024-07-04T09:49:35.468+0000] {processor.py:183} INFO - Processing /home/airflow/.local/lib/python3.12/site-packages/airflow/example_dags/example_branch_python_dop_operator_3.py took 0.731 seconds
[2024-07-04T09:50:06.357+0000] {processor.py:161} INFO - Started process (PID=1816) to work on /home/airflow/.local/lib/python3.12/site-packages/airflow/example_dags/example_branch_python_dop_operator_3.py
[2024-07-04T09:50:06.359+0000] {processor.py:830} INFO - Processing file /home/airflow/.local/lib/python3.12/site-packages/airflow/example_dags/example_branch_python_dop_operator_3.py for tasks to queue
[2024-07-04T09:50:06.363+0000] {logging_mixin.py:188} INFO - [2024-07-04T09:50:06.362+0000] {dagbag.py:545} INFO - Filling up the DagBag from /home/airflow/.local/lib/python3.12/site-packages/airflow/example_dags/example_branch_python_dop_operator_3.py
[2024-07-04T09:50:06.374+0000] {processor.py:840} INFO - DAG(s) 'example_branch_dop_operator_v3' retrieved from /home/airflow/.local/lib/python3.12/site-packages/airflow/example_dags/example_branch_python_dop_operator_3.py
[2024-07-04T09:50:06.406+0000] {logging_mixin.py:188} INFO - [2024-07-04T09:50:06.405+0000] {dag.py:3096} INFO - Sync 1 DAGs
[2024-07-04T09:50:06.436+0000] {logging_mixin.py:188} INFO - [2024-07-04T09:50:06.436+0000] {dag.py:3954} INFO - Setting next_dagrun for example_branch_dop_operator_v3 to 2024-07-04 09:49:00+00:00, run_after=2024-07-04 09:50:00+00:00
[2024-07-04T09:50:06.460+0000] {processor.py:183} INFO - Processing /home/airflow/.local/lib/python3.12/site-packages/airflow/example_dags/example_branch_python_dop_operator_3.py took 0.110 seconds
[2024-07-04T09:50:36.620+0000] {processor.py:161} INFO - Started process (PID=1875) to work on /home/airflow/.local/lib/python3.12/site-packages/airflow/example_dags/example_branch_python_dop_operator_3.py
[2024-07-04T09:50:36.621+0000] {processor.py:830} INFO - Processing file /home/airflow/.local/lib/python3.12/site-packages/airflow/example_dags/example_branch_python_dop_operator_3.py for tasks to queue
[2024-07-04T09:50:36.623+0000] {logging_mixin.py:188} INFO - [2024-07-04T09:50:36.623+0000] {dagbag.py:545} INFO - Filling up the DagBag from /home/airflow/.local/lib/python3.12/site-packages/airflow/example_dags/example_branch_python_dop_operator_3.py
[2024-07-04T09:50:36.633+0000] {processor.py:840} INFO - DAG(s) 'example_branch_dop_operator_v3' retrieved from /home/airflow/.local/lib/python3.12/site-packages/airflow/example_dags/example_branch_python_dop_operator_3.py
[2024-07-04T09:50:36.658+0000] {logging_mixin.py:188} INFO - [2024-07-04T09:50:36.658+0000] {dag.py:3096} INFO - Sync 1 DAGs
[2024-07-04T09:50:36.686+0000] {logging_mixin.py:188} INFO - [2024-07-04T09:50:36.686+0000] {dag.py:3954} INFO - Setting next_dagrun for example_branch_dop_operator_v3 to 2024-07-04 09:49:00+00:00, run_after=2024-07-04 09:50:00+00:00
[2024-07-04T09:50:36.705+0000] {processor.py:183} INFO - Processing /home/airflow/.local/lib/python3.12/site-packages/airflow/example_dags/example_branch_python_dop_operator_3.py took 0.091 seconds
[2024-07-04T09:51:07.002+0000] {processor.py:161} INFO - Started process (PID=1934) to work on /home/airflow/.local/lib/python3.12/site-packages/airflow/example_dags/example_branch_python_dop_operator_3.py
[2024-07-04T09:51:07.004+0000] {processor.py:830} INFO - Processing file /home/airflow/.local/lib/python3.12/site-packages/airflow/example_dags/example_branch_python_dop_operator_3.py for tasks to queue
[2024-07-04T09:51:07.006+0000] {logging_mixin.py:188} INFO - [2024-07-04T09:51:07.005+0000] {dagbag.py:545} INFO - Filling up the DagBag from /home/airflow/.local/lib/python3.12/site-packages/airflow/example_dags/example_branch_python_dop_operator_3.py
[2024-07-04T09:51:07.016+0000] {processor.py:840} INFO - DAG(s) 'example_branch_dop_operator_v3' retrieved from /home/airflow/.local/lib/python3.12/site-packages/airflow/example_dags/example_branch_python_dop_operator_3.py
[2024-07-04T09:51:07.043+0000] {logging_mixin.py:188} INFO - [2024-07-04T09:51:07.042+0000] {dag.py:3096} INFO - Sync 1 DAGs
[2024-07-04T09:51:07.081+0000] {logging_mixin.py:188} INFO - [2024-07-04T09:51:07.081+0000] {dag.py:3954} INFO - Setting next_dagrun for example_branch_dop_operator_v3 to 2024-07-04 09:50:00+00:00, run_after=2024-07-04 09:51:00+00:00
[2024-07-04T09:51:07.111+0000] {processor.py:183} INFO - Processing /home/airflow/.local/lib/python3.12/site-packages/airflow/example_dags/example_branch_python_dop_operator_3.py took 0.114 seconds
[2024-07-04T09:51:37.300+0000] {processor.py:161} INFO - Started process (PID=1993) to work on /home/airflow/.local/lib/python3.12/site-packages/airflow/example_dags/example_branch_python_dop_operator_3.py
[2024-07-04T09:51:37.301+0000] {processor.py:830} INFO - Processing file /home/airflow/.local/lib/python3.12/site-packages/airflow/example_dags/example_branch_python_dop_operator_3.py for tasks to queue
[2024-07-04T09:51:37.304+0000] {logging_mixin.py:188} INFO - [2024-07-04T09:51:37.304+0000] {dagbag.py:545} INFO - Filling up the DagBag from /home/airflow/.local/lib/python3.12/site-packages/airflow/example_dags/example_branch_python_dop_operator_3.py
[2024-07-04T09:51:37.469+0000] {processor.py:840} INFO - DAG(s) 'example_branch_dop_operator_v3' retrieved from /home/airflow/.local/lib/python3.12/site-packages/airflow/example_dags/example_branch_python_dop_operator_3.py
[2024-07-04T09:51:37.488+0000] {logging_mixin.py:188} INFO - [2024-07-04T09:51:37.487+0000] {dag.py:3096} INFO - Sync 1 DAGs
[2024-07-04T09:51:37.510+0000] {logging_mixin.py:188} INFO - [2024-07-04T09:51:37.509+0000] {dag.py:3954} INFO - Setting next_dagrun for example_branch_dop_operator_v3 to 2024-07-04 09:50:00+00:00, run_after=2024-07-04 09:51:00+00:00
[2024-07-04T09:51:37.530+0000] {processor.py:183} INFO - Processing /home/airflow/.local/lib/python3.12/site-packages/airflow/example_dags/example_branch_python_dop_operator_3.py took 0.236 seconds
[2024-07-04T09:52:07.787+0000] {processor.py:161} INFO - Started process (PID=2053) to work on /home/airflow/.local/lib/python3.12/site-packages/airflow/example_dags/example_branch_python_dop_operator_3.py
[2024-07-04T09:52:07.793+0000] {processor.py:830} INFO - Processing file /home/airflow/.local/lib/python3.12/site-packages/airflow/example_dags/example_branch_python_dop_operator_3.py for tasks to queue
[2024-07-04T09:52:07.796+0000] {logging_mixin.py:188} INFO - [2024-07-04T09:52:07.795+0000] {dagbag.py:545} INFO - Filling up the DagBag from /home/airflow/.local/lib/python3.12/site-packages/airflow/example_dags/example_branch_python_dop_operator_3.py
[2024-07-04T09:52:07.811+0000] {processor.py:840} INFO - DAG(s) 'example_branch_dop_operator_v3' retrieved from /home/airflow/.local/lib/python3.12/site-packages/airflow/example_dags/example_branch_python_dop_operator_3.py
[2024-07-04T09:52:07.849+0000] {logging_mixin.py:188} INFO - [2024-07-04T09:52:07.849+0000] {dag.py:3096} INFO - Sync 1 DAGs
[2024-07-04T09:52:07.880+0000] {logging_mixin.py:188} INFO - [2024-07-04T09:52:07.880+0000] {dag.py:3954} INFO - Setting next_dagrun for example_branch_dop_operator_v3 to 2024-07-04 09:51:00+00:00, run_after=2024-07-04 09:52:00+00:00
[2024-07-04T09:52:07.904+0000] {processor.py:183} INFO - Processing /home/airflow/.local/lib/python3.12/site-packages/airflow/example_dags/example_branch_python_dop_operator_3.py took 0.127 seconds
[2024-07-04T09:52:38.442+0000] {processor.py:161} INFO - Started process (PID=2110) to work on /home/airflow/.local/lib/python3.12/site-packages/airflow/example_dags/example_branch_python_dop_operator_3.py
[2024-07-04T09:52:38.444+0000] {processor.py:830} INFO - Processing file /home/airflow/.local/lib/python3.12/site-packages/airflow/example_dags/example_branch_python_dop_operator_3.py for tasks to queue
[2024-07-04T09:52:38.446+0000] {logging_mixin.py:188} INFO - [2024-07-04T09:52:38.446+0000] {dagbag.py:545} INFO - Filling up the DagBag from /home/airflow/.local/lib/python3.12/site-packages/airflow/example_dags/example_branch_python_dop_operator_3.py
[2024-07-04T09:52:38.454+0000] {processor.py:840} INFO - DAG(s) 'example_branch_dop_operator_v3' retrieved from /home/airflow/.local/lib/python3.12/site-packages/airflow/example_dags/example_branch_python_dop_operator_3.py
[2024-07-04T09:52:38.472+0000] {logging_mixin.py:188} INFO - [2024-07-04T09:52:38.472+0000] {dag.py:3096} INFO - Sync 1 DAGs
[2024-07-04T09:52:38.497+0000] {logging_mixin.py:188} INFO - [2024-07-04T09:52:38.496+0000] {dag.py:3954} INFO - Setting next_dagrun for example_branch_dop_operator_v3 to 2024-07-04 09:51:00+00:00, run_after=2024-07-04 09:52:00+00:00
[2024-07-04T09:52:38.517+0000] {processor.py:183} INFO - Processing /home/airflow/.local/lib/python3.12/site-packages/airflow/example_dags/example_branch_python_dop_operator_3.py took 0.081 seconds
[2024-07-04T09:53:09.101+0000] {processor.py:161} INFO - Started process (PID=2168) to work on /home/airflow/.local/lib/python3.12/site-packages/airflow/example_dags/example_branch_python_dop_operator_3.py
[2024-07-04T09:53:09.102+0000] {processor.py:830} INFO - Processing file /home/airflow/.local/lib/python3.12/site-packages/airflow/example_dags/example_branch_python_dop_operator_3.py for tasks to queue
[2024-07-04T09:53:09.104+0000] {logging_mixin.py:188} INFO - [2024-07-04T09:53:09.104+0000] {dagbag.py:545} INFO - Filling up the DagBag from /home/airflow/.local/lib/python3.12/site-packages/airflow/example_dags/example_branch_python_dop_operator_3.py
[2024-07-04T09:53:09.112+0000] {processor.py:840} INFO - DAG(s) 'example_branch_dop_operator_v3' retrieved from /home/airflow/.local/lib/python3.12/site-packages/airflow/example_dags/example_branch_python_dop_operator_3.py
[2024-07-04T09:53:09.135+0000] {logging_mixin.py:188} INFO - [2024-07-04T09:53:09.135+0000] {dag.py:3096} INFO - Sync 1 DAGs
[2024-07-04T09:53:09.159+0000] {logging_mixin.py:188} INFO - [2024-07-04T09:53:09.158+0000] {dag.py:3954} INFO - Setting next_dagrun for example_branch_dop_operator_v3 to 2024-07-04 09:52:00+00:00, run_after=2024-07-04 09:53:00+00:00
[2024-07-04T09:53:09.181+0000] {processor.py:183} INFO - Processing /home/airflow/.local/lib/python3.12/site-packages/airflow/example_dags/example_branch_python_dop_operator_3.py took 0.086 seconds
[2024-07-04T09:53:41.561+0000] {processor.py:161} INFO - Started process (PID=2227) to work on /home/airflow/.local/lib/python3.12/site-packages/airflow/example_dags/example_branch_python_dop_operator_3.py
[2024-07-04T09:53:41.563+0000] {processor.py:830} INFO - Processing file /home/airflow/.local/lib/python3.12/site-packages/airflow/example_dags/example_branch_python_dop_operator_3.py for tasks to queue
[2024-07-04T09:53:41.567+0000] {logging_mixin.py:188} INFO - [2024-07-04T09:53:41.566+0000] {dagbag.py:545} INFO - Filling up the DagBag from /home/airflow/.local/lib/python3.12/site-packages/airflow/example_dags/example_branch_python_dop_operator_3.py
[2024-07-04T09:53:41.581+0000] {processor.py:840} INFO - DAG(s) 'example_branch_dop_operator_v3' retrieved from /home/airflow/.local/lib/python3.12/site-packages/airflow/example_dags/example_branch_python_dop_operator_3.py
[2024-07-04T09:53:41.613+0000] {logging_mixin.py:188} INFO - [2024-07-04T09:53:41.612+0000] {dag.py:3096} INFO - Sync 1 DAGs
[2024-07-04T09:53:41.665+0000] {logging_mixin.py:188} INFO - [2024-07-04T09:53:41.664+0000] {dag.py:3954} INFO - Setting next_dagrun for example_branch_dop_operator_v3 to 2024-07-04 09:52:00+00:00, run_after=2024-07-04 09:53:00+00:00
[2024-07-04T09:53:41.708+0000] {processor.py:183} INFO - Processing /home/airflow/.local/lib/python3.12/site-packages/airflow/example_dags/example_branch_python_dop_operator_3.py took 0.157 seconds
[2024-07-04T09:54:15.122+0000] {processor.py:161} INFO - Started process (PID=2272) to work on /home/airflow/.local/lib/python3.12/site-packages/airflow/example_dags/example_branch_python_dop_operator_3.py
[2024-07-04T09:54:15.125+0000] {processor.py:830} INFO - Processing file /home/airflow/.local/lib/python3.12/site-packages/airflow/example_dags/example_branch_python_dop_operator_3.py for tasks to queue
[2024-07-04T09:54:15.127+0000] {logging_mixin.py:188} INFO - [2024-07-04T09:54:15.127+0000] {dagbag.py:545} INFO - Filling up the DagBag from /home/airflow/.local/lib/python3.12/site-packages/airflow/example_dags/example_branch_python_dop_operator_3.py
[2024-07-04T09:54:15.137+0000] {processor.py:840} INFO - DAG(s) 'example_branch_dop_operator_v3' retrieved from /home/airflow/.local/lib/python3.12/site-packages/airflow/example_dags/example_branch_python_dop_operator_3.py
[2024-07-04T09:54:15.169+0000] {logging_mixin.py:188} INFO - [2024-07-04T09:54:15.169+0000] {dag.py:3096} INFO - Sync 1 DAGs
[2024-07-04T09:54:15.196+0000] {logging_mixin.py:188} INFO - [2024-07-04T09:54:15.196+0000] {dag.py:3954} INFO - Setting next_dagrun for example_branch_dop_operator_v3 to 2024-07-04 09:53:00+00:00, run_after=2024-07-04 09:54:00+00:00
[2024-07-04T09:54:15.226+0000] {processor.py:183} INFO - Processing /home/airflow/.local/lib/python3.12/site-packages/airflow/example_dags/example_branch_python_dop_operator_3.py took 0.124 seconds
[2024-07-04T09:54:45.732+0000] {processor.py:161} INFO - Started process (PID=2330) to work on /home/airflow/.local/lib/python3.12/site-packages/airflow/example_dags/example_branch_python_dop_operator_3.py
[2024-07-04T09:54:45.734+0000] {processor.py:830} INFO - Processing file /home/airflow/.local/lib/python3.12/site-packages/airflow/example_dags/example_branch_python_dop_operator_3.py for tasks to queue
[2024-07-04T09:54:45.736+0000] {logging_mixin.py:188} INFO - [2024-07-04T09:54:45.735+0000] {dagbag.py:545} INFO - Filling up the DagBag from /home/airflow/.local/lib/python3.12/site-packages/airflow/example_dags/example_branch_python_dop_operator_3.py
[2024-07-04T09:54:45.746+0000] {processor.py:840} INFO - DAG(s) 'example_branch_dop_operator_v3' retrieved from /home/airflow/.local/lib/python3.12/site-packages/airflow/example_dags/example_branch_python_dop_operator_3.py
[2024-07-04T09:54:45.765+0000] {logging_mixin.py:188} INFO - [2024-07-04T09:54:45.765+0000] {dag.py:3096} INFO - Sync 1 DAGs
[2024-07-04T09:54:45.789+0000] {logging_mixin.py:188} INFO - [2024-07-04T09:54:45.788+0000] {dag.py:3954} INFO - Setting next_dagrun for example_branch_dop_operator_v3 to 2024-07-04 09:53:00+00:00, run_after=2024-07-04 09:54:00+00:00
[2024-07-04T09:54:45.807+0000] {processor.py:183} INFO - Processing /home/airflow/.local/lib/python3.12/site-packages/airflow/example_dags/example_branch_python_dop_operator_3.py took 0.081 seconds
[2024-07-04T09:55:16.461+0000] {processor.py:161} INFO - Started process (PID=2389) to work on /home/airflow/.local/lib/python3.12/site-packages/airflow/example_dags/example_branch_python_dop_operator_3.py
[2024-07-04T09:55:16.462+0000] {processor.py:830} INFO - Processing file /home/airflow/.local/lib/python3.12/site-packages/airflow/example_dags/example_branch_python_dop_operator_3.py for tasks to queue
[2024-07-04T09:55:16.466+0000] {logging_mixin.py:188} INFO - [2024-07-04T09:55:16.466+0000] {dagbag.py:545} INFO - Filling up the DagBag from /home/airflow/.local/lib/python3.12/site-packages/airflow/example_dags/example_branch_python_dop_operator_3.py
[2024-07-04T09:55:16.481+0000] {processor.py:840} INFO - DAG(s) 'example_branch_dop_operator_v3' retrieved from /home/airflow/.local/lib/python3.12/site-packages/airflow/example_dags/example_branch_python_dop_operator_3.py
[2024-07-04T09:55:16.510+0000] {logging_mixin.py:188} INFO - [2024-07-04T09:55:16.510+0000] {dag.py:3096} INFO - Sync 1 DAGs
[2024-07-04T09:55:16.551+0000] {logging_mixin.py:188} INFO - [2024-07-04T09:55:16.550+0000] {dag.py:3954} INFO - Setting next_dagrun for example_branch_dop_operator_v3 to 2024-07-04 09:54:00+00:00, run_after=2024-07-04 09:55:00+00:00
[2024-07-04T09:55:16.579+0000] {processor.py:183} INFO - Processing /home/airflow/.local/lib/python3.12/site-packages/airflow/example_dags/example_branch_python_dop_operator_3.py took 0.126 seconds
[2024-07-04T09:55:47.596+0000] {processor.py:161} INFO - Started process (PID=2448) to work on /home/airflow/.local/lib/python3.12/site-packages/airflow/example_dags/example_branch_python_dop_operator_3.py
[2024-07-04T09:55:47.599+0000] {processor.py:830} INFO - Processing file /home/airflow/.local/lib/python3.12/site-packages/airflow/example_dags/example_branch_python_dop_operator_3.py for tasks to queue
[2024-07-04T09:55:47.602+0000] {logging_mixin.py:188} INFO - [2024-07-04T09:55:47.602+0000] {dagbag.py:545} INFO - Filling up the DagBag from /home/airflow/.local/lib/python3.12/site-packages/airflow/example_dags/example_branch_python_dop_operator_3.py
[2024-07-04T09:55:47.616+0000] {processor.py:840} INFO - DAG(s) 'example_branch_dop_operator_v3' retrieved from /home/airflow/.local/lib/python3.12/site-packages/airflow/example_dags/example_branch_python_dop_operator_3.py
[2024-07-04T09:55:47.646+0000] {logging_mixin.py:188} INFO - [2024-07-04T09:55:47.645+0000] {dag.py:3096} INFO - Sync 1 DAGs
[2024-07-04T09:55:47.680+0000] {logging_mixin.py:188} INFO - [2024-07-04T09:55:47.679+0000] {dag.py:3954} INFO - Setting next_dagrun for example_branch_dop_operator_v3 to 2024-07-04 09:54:00+00:00, run_after=2024-07-04 09:55:00+00:00
[2024-07-04T09:55:47.709+0000] {processor.py:183} INFO - Processing /home/airflow/.local/lib/python3.12/site-packages/airflow/example_dags/example_branch_python_dop_operator_3.py took 0.122 seconds
[2024-07-04T09:56:18.402+0000] {processor.py:161} INFO - Started process (PID=2507) to work on /home/airflow/.local/lib/python3.12/site-packages/airflow/example_dags/example_branch_python_dop_operator_3.py
[2024-07-04T09:56:18.422+0000] {processor.py:830} INFO - Processing file /home/airflow/.local/lib/python3.12/site-packages/airflow/example_dags/example_branch_python_dop_operator_3.py for tasks to queue
[2024-07-04T09:56:18.485+0000] {logging_mixin.py:188} INFO - [2024-07-04T09:56:18.485+0000] {dagbag.py:545} INFO - Filling up the DagBag from /home/airflow/.local/lib/python3.12/site-packages/airflow/example_dags/example_branch_python_dop_operator_3.py
[2024-07-04T09:56:18.568+0000] {processor.py:840} INFO - DAG(s) 'example_branch_dop_operator_v3' retrieved from /home/airflow/.local/lib/python3.12/site-packages/airflow/example_dags/example_branch_python_dop_operator_3.py
[2024-07-04T09:56:18.684+0000] {logging_mixin.py:188} INFO - [2024-07-04T09:56:18.684+0000] {dag.py:3096} INFO - Sync 1 DAGs
[2024-07-04T09:56:18.836+0000] {logging_mixin.py:188} INFO - [2024-07-04T09:56:18.836+0000] {dag.py:3954} INFO - Setting next_dagrun for example_branch_dop_operator_v3 to 2024-07-04 09:55:00+00:00, run_after=2024-07-04 09:56:00+00:00
[2024-07-04T09:56:18.978+0000] {processor.py:183} INFO - Processing /home/airflow/.local/lib/python3.12/site-packages/airflow/example_dags/example_branch_python_dop_operator_3.py took 0.676 seconds
[2024-07-04T09:56:49.492+0000] {processor.py:161} INFO - Started process (PID=2566) to work on /home/airflow/.local/lib/python3.12/site-packages/airflow/example_dags/example_branch_python_dop_operator_3.py
[2024-07-04T09:56:49.494+0000] {processor.py:830} INFO - Processing file /home/airflow/.local/lib/python3.12/site-packages/airflow/example_dags/example_branch_python_dop_operator_3.py for tasks to queue
[2024-07-04T09:56:49.497+0000] {logging_mixin.py:188} INFO - [2024-07-04T09:56:49.496+0000] {dagbag.py:545} INFO - Filling up the DagBag from /home/airflow/.local/lib/python3.12/site-packages/airflow/example_dags/example_branch_python_dop_operator_3.py
[2024-07-04T09:56:49.512+0000] {processor.py:840} INFO - DAG(s) 'example_branch_dop_operator_v3' retrieved from /home/airflow/.local/lib/python3.12/site-packages/airflow/example_dags/example_branch_python_dop_operator_3.py
[2024-07-04T09:56:49.555+0000] {logging_mixin.py:188} INFO - [2024-07-04T09:56:49.555+0000] {dag.py:3096} INFO - Sync 1 DAGs
[2024-07-04T09:56:49.591+0000] {logging_mixin.py:188} INFO - [2024-07-04T09:56:49.591+0000] {dag.py:3954} INFO - Setting next_dagrun for example_branch_dop_operator_v3 to 2024-07-04 09:55:00+00:00, run_after=2024-07-04 09:56:00+00:00
[2024-07-04T09:56:49.620+0000] {processor.py:183} INFO - Processing /home/airflow/.local/lib/python3.12/site-packages/airflow/example_dags/example_branch_python_dop_operator_3.py took 0.138 seconds
[2024-07-04T09:57:20.176+0000] {processor.py:161} INFO - Started process (PID=2625) to work on /home/airflow/.local/lib/python3.12/site-packages/airflow/example_dags/example_branch_python_dop_operator_3.py
[2024-07-04T09:57:20.177+0000] {processor.py:830} INFO - Processing file /home/airflow/.local/lib/python3.12/site-packages/airflow/example_dags/example_branch_python_dop_operator_3.py for tasks to queue
[2024-07-04T09:57:20.181+0000] {logging_mixin.py:188} INFO - [2024-07-04T09:57:20.181+0000] {dagbag.py:545} INFO - Filling up the DagBag from /home/airflow/.local/lib/python3.12/site-packages/airflow/example_dags/example_branch_python_dop_operator_3.py
[2024-07-04T09:57:20.198+0000] {processor.py:840} INFO - DAG(s) 'example_branch_dop_operator_v3' retrieved from /home/airflow/.local/lib/python3.12/site-packages/airflow/example_dags/example_branch_python_dop_operator_3.py
[2024-07-04T09:57:20.233+0000] {logging_mixin.py:188} INFO - [2024-07-04T09:57:20.232+0000] {dag.py:3096} INFO - Sync 1 DAGs
[2024-07-04T09:57:20.287+0000] {logging_mixin.py:188} INFO - [2024-07-04T09:57:20.286+0000] {dag.py:3954} INFO - Setting next_dagrun for example_branch_dop_operator_v3 to 2024-07-04 09:56:00+00:00, run_after=2024-07-04 09:57:00+00:00
[2024-07-04T09:57:20.321+0000] {processor.py:183} INFO - Processing /home/airflow/.local/lib/python3.12/site-packages/airflow/example_dags/example_branch_python_dop_operator_3.py took 0.151 seconds
[2024-07-04T09:57:51.130+0000] {processor.py:161} INFO - Started process (PID=2685) to work on /home/airflow/.local/lib/python3.12/site-packages/airflow/example_dags/example_branch_python_dop_operator_3.py
[2024-07-04T09:57:51.131+0000] {processor.py:830} INFO - Processing file /home/airflow/.local/lib/python3.12/site-packages/airflow/example_dags/example_branch_python_dop_operator_3.py for tasks to queue
[2024-07-04T09:57:51.133+0000] {logging_mixin.py:188} INFO - [2024-07-04T09:57:51.132+0000] {dagbag.py:545} INFO - Filling up the DagBag from /home/airflow/.local/lib/python3.12/site-packages/airflow/example_dags/example_branch_python_dop_operator_3.py
[2024-07-04T09:57:51.140+0000] {processor.py:840} INFO - DAG(s) 'example_branch_dop_operator_v3' retrieved from /home/airflow/.local/lib/python3.12/site-packages/airflow/example_dags/example_branch_python_dop_operator_3.py
[2024-07-04T09:57:51.164+0000] {logging_mixin.py:188} INFO - [2024-07-04T09:57:51.164+0000] {dag.py:3096} INFO - Sync 1 DAGs
[2024-07-04T09:57:51.225+0000] {logging_mixin.py:188} INFO - [2024-07-04T09:57:51.225+0000] {dag.py:3954} INFO - Setting next_dagrun for example_branch_dop_operator_v3 to 2024-07-04 09:56:00+00:00, run_after=2024-07-04 09:57:00+00:00
[2024-07-04T09:57:51.267+0000] {processor.py:183} INFO - Processing /home/airflow/.local/lib/python3.12/site-packages/airflow/example_dags/example_branch_python_dop_operator_3.py took 0.142 seconds
[2024-07-04T09:58:21.806+0000] {processor.py:161} INFO - Started process (PID=2744) to work on /home/airflow/.local/lib/python3.12/site-packages/airflow/example_dags/example_branch_python_dop_operator_3.py
[2024-07-04T09:58:21.808+0000] {processor.py:830} INFO - Processing file /home/airflow/.local/lib/python3.12/site-packages/airflow/example_dags/example_branch_python_dop_operator_3.py for tasks to queue
[2024-07-04T09:58:21.820+0000] {logging_mixin.py:188} INFO - [2024-07-04T09:58:21.819+0000] {dagbag.py:545} INFO - Filling up the DagBag from /home/airflow/.local/lib/python3.12/site-packages/airflow/example_dags/example_branch_python_dop_operator_3.py
[2024-07-04T09:58:21.838+0000] {processor.py:840} INFO - DAG(s) 'example_branch_dop_operator_v3' retrieved from /home/airflow/.local/lib/python3.12/site-packages/airflow/example_dags/example_branch_python_dop_operator_3.py
[2024-07-04T09:58:21.879+0000] {logging_mixin.py:188} INFO - [2024-07-04T09:58:21.879+0000] {dag.py:3096} INFO - Sync 1 DAGs
[2024-07-04T09:58:21.919+0000] {logging_mixin.py:188} INFO - [2024-07-04T09:58:21.919+0000] {dag.py:3954} INFO - Setting next_dagrun for example_branch_dop_operator_v3 to 2024-07-04 09:57:00+00:00, run_after=2024-07-04 09:58:00+00:00
[2024-07-04T09:58:21.958+0000] {processor.py:183} INFO - Processing /home/airflow/.local/lib/python3.12/site-packages/airflow/example_dags/example_branch_python_dop_operator_3.py took 0.159 seconds
[2024-07-04T09:58:52.054+0000] {processor.py:161} INFO - Started process (PID=2804) to work on /home/airflow/.local/lib/python3.12/site-packages/airflow/example_dags/example_branch_python_dop_operator_3.py
[2024-07-04T09:58:52.055+0000] {processor.py:830} INFO - Processing file /home/airflow/.local/lib/python3.12/site-packages/airflow/example_dags/example_branch_python_dop_operator_3.py for tasks to queue
[2024-07-04T09:58:52.057+0000] {logging_mixin.py:188} INFO - [2024-07-04T09:58:52.057+0000] {dagbag.py:545} INFO - Filling up the DagBag from /home/airflow/.local/lib/python3.12/site-packages/airflow/example_dags/example_branch_python_dop_operator_3.py
[2024-07-04T09:58:52.065+0000] {processor.py:840} INFO - DAG(s) 'example_branch_dop_operator_v3' retrieved from /home/airflow/.local/lib/python3.12/site-packages/airflow/example_dags/example_branch_python_dop_operator_3.py
[2024-07-04T09:58:52.086+0000] {logging_mixin.py:188} INFO - [2024-07-04T09:58:52.086+0000] {dag.py:3096} INFO - Sync 1 DAGs
[2024-07-04T09:58:52.108+0000] {logging_mixin.py:188} INFO - [2024-07-04T09:58:52.108+0000] {dag.py:3954} INFO - Setting next_dagrun for example_branch_dop_operator_v3 to 2024-07-04 09:57:00+00:00, run_after=2024-07-04 09:58:00+00:00
[2024-07-04T09:58:52.126+0000] {processor.py:183} INFO - Processing /home/airflow/.local/lib/python3.12/site-packages/airflow/example_dags/example_branch_python_dop_operator_3.py took 0.077 seconds
[2024-07-04T09:59:22.170+0000] {processor.py:161} INFO - Started process (PID=2862) to work on /home/airflow/.local/lib/python3.12/site-packages/airflow/example_dags/example_branch_python_dop_operator_3.py
[2024-07-04T09:59:22.171+0000] {processor.py:830} INFO - Processing file /home/airflow/.local/lib/python3.12/site-packages/airflow/example_dags/example_branch_python_dop_operator_3.py for tasks to queue
[2024-07-04T09:59:22.173+0000] {logging_mixin.py:188} INFO - [2024-07-04T09:59:22.173+0000] {dagbag.py:545} INFO - Filling up the DagBag from /home/airflow/.local/lib/python3.12/site-packages/airflow/example_dags/example_branch_python_dop_operator_3.py
[2024-07-04T09:59:22.184+0000] {processor.py:840} INFO - DAG(s) 'example_branch_dop_operator_v3' retrieved from /home/airflow/.local/lib/python3.12/site-packages/airflow/example_dags/example_branch_python_dop_operator_3.py
[2024-07-04T09:59:22.204+0000] {logging_mixin.py:188} INFO - [2024-07-04T09:59:22.204+0000] {dag.py:3096} INFO - Sync 1 DAGs
[2024-07-04T09:59:22.228+0000] {logging_mixin.py:188} INFO - [2024-07-04T09:59:22.227+0000] {dag.py:3954} INFO - Setting next_dagrun for example_branch_dop_operator_v3 to 2024-07-04 09:58:00+00:00, run_after=2024-07-04 09:59:00+00:00
[2024-07-04T09:59:22.251+0000] {processor.py:183} INFO - Processing /home/airflow/.local/lib/python3.12/site-packages/airflow/example_dags/example_branch_python_dop_operator_3.py took 0.088 seconds
[2024-07-04T09:59:52.675+0000] {processor.py:161} INFO - Started process (PID=2922) to work on /home/airflow/.local/lib/python3.12/site-packages/airflow/example_dags/example_branch_python_dop_operator_3.py
[2024-07-04T09:59:52.676+0000] {processor.py:830} INFO - Processing file /home/airflow/.local/lib/python3.12/site-packages/airflow/example_dags/example_branch_python_dop_operator_3.py for tasks to queue
[2024-07-04T09:59:52.678+0000] {logging_mixin.py:188} INFO - [2024-07-04T09:59:52.678+0000] {dagbag.py:545} INFO - Filling up the DagBag from /home/airflow/.local/lib/python3.12/site-packages/airflow/example_dags/example_branch_python_dop_operator_3.py
[2024-07-04T09:59:52.686+0000] {processor.py:840} INFO - DAG(s) 'example_branch_dop_operator_v3' retrieved from /home/airflow/.local/lib/python3.12/site-packages/airflow/example_dags/example_branch_python_dop_operator_3.py
[2024-07-04T09:59:52.706+0000] {logging_mixin.py:188} INFO - [2024-07-04T09:59:52.706+0000] {dag.py:3096} INFO - Sync 1 DAGs
[2024-07-04T09:59:52.734+0000] {logging_mixin.py:188} INFO - [2024-07-04T09:59:52.733+0000] {dag.py:3954} INFO - Setting next_dagrun for example_branch_dop_operator_v3 to 2024-07-04 09:58:00+00:00, run_after=2024-07-04 09:59:00+00:00
[2024-07-04T09:59:52.752+0000] {processor.py:183} INFO - Processing /home/airflow/.local/lib/python3.12/site-packages/airflow/example_dags/example_branch_python_dop_operator_3.py took 0.082 seconds
[2024-07-04T10:00:22.887+0000] {processor.py:161} INFO - Started process (PID=2981) to work on /home/airflow/.local/lib/python3.12/site-packages/airflow/example_dags/example_branch_python_dop_operator_3.py
[2024-07-04T10:00:22.898+0000] {processor.py:830} INFO - Processing file /home/airflow/.local/lib/python3.12/site-packages/airflow/example_dags/example_branch_python_dop_operator_3.py for tasks to queue
[2024-07-04T10:00:22.902+0000] {logging_mixin.py:188} INFO - [2024-07-04T10:00:22.901+0000] {dagbag.py:545} INFO - Filling up the DagBag from /home/airflow/.local/lib/python3.12/site-packages/airflow/example_dags/example_branch_python_dop_operator_3.py
[2024-07-04T10:00:22.922+0000] {processor.py:840} INFO - DAG(s) 'example_branch_dop_operator_v3' retrieved from /home/airflow/.local/lib/python3.12/site-packages/airflow/example_dags/example_branch_python_dop_operator_3.py
[2024-07-04T10:00:22.969+0000] {logging_mixin.py:188} INFO - [2024-07-04T10:00:22.969+0000] {dag.py:3096} INFO - Sync 1 DAGs
[2024-07-04T10:00:23.038+0000] {logging_mixin.py:188} INFO - [2024-07-04T10:00:23.037+0000] {dag.py:3954} INFO - Setting next_dagrun for example_branch_dop_operator_v3 to 2024-07-04 09:59:00+00:00, run_after=2024-07-04 10:00:00+00:00
[2024-07-04T10:00:23.074+0000] {processor.py:183} INFO - Processing /home/airflow/.local/lib/python3.12/site-packages/airflow/example_dags/example_branch_python_dop_operator_3.py took 0.199 seconds
[2024-07-04T10:00:54.090+0000] {processor.py:161} INFO - Started process (PID=3042) to work on /home/airflow/.local/lib/python3.12/site-packages/airflow/example_dags/example_branch_python_dop_operator_3.py
[2024-07-04T10:00:54.092+0000] {processor.py:830} INFO - Processing file /home/airflow/.local/lib/python3.12/site-packages/airflow/example_dags/example_branch_python_dop_operator_3.py for tasks to queue
[2024-07-04T10:00:54.094+0000] {logging_mixin.py:188} INFO - [2024-07-04T10:00:54.093+0000] {dagbag.py:545} INFO - Filling up the DagBag from /home/airflow/.local/lib/python3.12/site-packages/airflow/example_dags/example_branch_python_dop_operator_3.py
[2024-07-04T10:00:54.122+0000] {processor.py:840} INFO - DAG(s) 'example_branch_dop_operator_v3' retrieved from /home/airflow/.local/lib/python3.12/site-packages/airflow/example_dags/example_branch_python_dop_operator_3.py
[2024-07-04T10:00:54.156+0000] {logging_mixin.py:188} INFO - [2024-07-04T10:00:54.156+0000] {dag.py:3096} INFO - Sync 1 DAGs
[2024-07-04T10:00:54.220+0000] {logging_mixin.py:188} INFO - [2024-07-04T10:00:54.219+0000] {dag.py:3954} INFO - Setting next_dagrun for example_branch_dop_operator_v3 to 2024-07-04 09:59:00+00:00, run_after=2024-07-04 10:00:00+00:00
[2024-07-04T10:00:54.287+0000] {processor.py:183} INFO - Processing /home/airflow/.local/lib/python3.12/site-packages/airflow/example_dags/example_branch_python_dop_operator_3.py took 0.206 seconds
[2024-07-04T10:01:24.695+0000] {processor.py:161} INFO - Started process (PID=3101) to work on /home/airflow/.local/lib/python3.12/site-packages/airflow/example_dags/example_branch_python_dop_operator_3.py
[2024-07-04T10:01:24.696+0000] {processor.py:830} INFO - Processing file /home/airflow/.local/lib/python3.12/site-packages/airflow/example_dags/example_branch_python_dop_operator_3.py for tasks to queue
[2024-07-04T10:01:24.699+0000] {logging_mixin.py:188} INFO - [2024-07-04T10:01:24.698+0000] {dagbag.py:545} INFO - Filling up the DagBag from /home/airflow/.local/lib/python3.12/site-packages/airflow/example_dags/example_branch_python_dop_operator_3.py
[2024-07-04T10:01:24.718+0000] {processor.py:840} INFO - DAG(s) 'example_branch_dop_operator_v3' retrieved from /home/airflow/.local/lib/python3.12/site-packages/airflow/example_dags/example_branch_python_dop_operator_3.py
[2024-07-04T10:01:24.770+0000] {logging_mixin.py:188} INFO - [2024-07-04T10:01:24.770+0000] {dag.py:3096} INFO - Sync 1 DAGs
[2024-07-04T10:01:24.853+0000] {logging_mixin.py:188} INFO - [2024-07-04T10:01:24.853+0000] {dag.py:3954} INFO - Setting next_dagrun for example_branch_dop_operator_v3 to 2024-07-04 10:00:00+00:00, run_after=2024-07-04 10:01:00+00:00
[2024-07-04T10:01:24.920+0000] {processor.py:183} INFO - Processing /home/airflow/.local/lib/python3.12/site-packages/airflow/example_dags/example_branch_python_dop_operator_3.py took 0.232 seconds
[2024-07-04T10:01:55.676+0000] {processor.py:161} INFO - Started process (PID=3161) to work on /home/airflow/.local/lib/python3.12/site-packages/airflow/example_dags/example_branch_python_dop_operator_3.py
[2024-07-04T10:01:55.677+0000] {processor.py:830} INFO - Processing file /home/airflow/.local/lib/python3.12/site-packages/airflow/example_dags/example_branch_python_dop_operator_3.py for tasks to queue
[2024-07-04T10:01:55.679+0000] {logging_mixin.py:188} INFO - [2024-07-04T10:01:55.679+0000] {dagbag.py:545} INFO - Filling up the DagBag from /home/airflow/.local/lib/python3.12/site-packages/airflow/example_dags/example_branch_python_dop_operator_3.py
[2024-07-04T10:01:55.690+0000] {processor.py:840} INFO - DAG(s) 'example_branch_dop_operator_v3' retrieved from /home/airflow/.local/lib/python3.12/site-packages/airflow/example_dags/example_branch_python_dop_operator_3.py
[2024-07-04T10:01:55.708+0000] {logging_mixin.py:188} INFO - [2024-07-04T10:01:55.708+0000] {dag.py:3096} INFO - Sync 1 DAGs
[2024-07-04T10:01:55.731+0000] {logging_mixin.py:188} INFO - [2024-07-04T10:01:55.731+0000] {dag.py:3954} INFO - Setting next_dagrun for example_branch_dop_operator_v3 to 2024-07-04 10:00:00+00:00, run_after=2024-07-04 10:01:00+00:00
[2024-07-04T10:01:55.749+0000] {processor.py:183} INFO - Processing /home/airflow/.local/lib/python3.12/site-packages/airflow/example_dags/example_branch_python_dop_operator_3.py took 0.078 seconds
[2024-07-04T10:02:26.102+0000] {processor.py:161} INFO - Started process (PID=3220) to work on /home/airflow/.local/lib/python3.12/site-packages/airflow/example_dags/example_branch_python_dop_operator_3.py
[2024-07-04T10:02:26.104+0000] {processor.py:830} INFO - Processing file /home/airflow/.local/lib/python3.12/site-packages/airflow/example_dags/example_branch_python_dop_operator_3.py for tasks to queue
[2024-07-04T10:02:26.106+0000] {logging_mixin.py:188} INFO - [2024-07-04T10:02:26.105+0000] {dagbag.py:545} INFO - Filling up the DagBag from /home/airflow/.local/lib/python3.12/site-packages/airflow/example_dags/example_branch_python_dop_operator_3.py
[2024-07-04T10:02:26.114+0000] {processor.py:840} INFO - DAG(s) 'example_branch_dop_operator_v3' retrieved from /home/airflow/.local/lib/python3.12/site-packages/airflow/example_dags/example_branch_python_dop_operator_3.py
[2024-07-04T10:02:26.133+0000] {logging_mixin.py:188} INFO - [2024-07-04T10:02:26.133+0000] {dag.py:3096} INFO - Sync 1 DAGs
[2024-07-04T10:02:26.159+0000] {logging_mixin.py:188} INFO - [2024-07-04T10:02:26.159+0000] {dag.py:3954} INFO - Setting next_dagrun for example_branch_dop_operator_v3 to 2024-07-04 10:01:00+00:00, run_after=2024-07-04 10:02:00+00:00
[2024-07-04T10:02:26.177+0000] {processor.py:183} INFO - Processing /home/airflow/.local/lib/python3.12/site-packages/airflow/example_dags/example_branch_python_dop_operator_3.py took 0.080 seconds
[2024-07-04T10:02:56.622+0000] {processor.py:161} INFO - Started process (PID=3280) to work on /home/airflow/.local/lib/python3.12/site-packages/airflow/example_dags/example_branch_python_dop_operator_3.py
[2024-07-04T10:02:56.623+0000] {processor.py:830} INFO - Processing file /home/airflow/.local/lib/python3.12/site-packages/airflow/example_dags/example_branch_python_dop_operator_3.py for tasks to queue
[2024-07-04T10:02:56.625+0000] {logging_mixin.py:188} INFO - [2024-07-04T10:02:56.625+0000] {dagbag.py:545} INFO - Filling up the DagBag from /home/airflow/.local/lib/python3.12/site-packages/airflow/example_dags/example_branch_python_dop_operator_3.py
[2024-07-04T10:02:56.643+0000] {processor.py:840} INFO - DAG(s) 'example_branch_dop_operator_v3' retrieved from /home/airflow/.local/lib/python3.12/site-packages/airflow/example_dags/example_branch_python_dop_operator_3.py
[2024-07-04T10:02:56.667+0000] {logging_mixin.py:188} INFO - [2024-07-04T10:02:56.666+0000] {dag.py:3096} INFO - Sync 1 DAGs
[2024-07-04T10:02:56.699+0000] {logging_mixin.py:188} INFO - [2024-07-04T10:02:56.698+0000] {dag.py:3954} INFO - Setting next_dagrun for example_branch_dop_operator_v3 to 2024-07-04 10:01:00+00:00, run_after=2024-07-04 10:02:00+00:00
[2024-07-04T10:02:56.721+0000] {processor.py:183} INFO - Processing /home/airflow/.local/lib/python3.12/site-packages/airflow/example_dags/example_branch_python_dop_operator_3.py took 0.105 seconds
[2024-07-04T10:03:27.554+0000] {processor.py:161} INFO - Started process (PID=3339) to work on /home/airflow/.local/lib/python3.12/site-packages/airflow/example_dags/example_branch_python_dop_operator_3.py
[2024-07-04T10:03:27.555+0000] {processor.py:830} INFO - Processing file /home/airflow/.local/lib/python3.12/site-packages/airflow/example_dags/example_branch_python_dop_operator_3.py for tasks to queue
[2024-07-04T10:03:27.558+0000] {logging_mixin.py:188} INFO - [2024-07-04T10:03:27.558+0000] {dagbag.py:545} INFO - Filling up the DagBag from /home/airflow/.local/lib/python3.12/site-packages/airflow/example_dags/example_branch_python_dop_operator_3.py
[2024-07-04T10:03:27.574+0000] {processor.py:840} INFO - DAG(s) 'example_branch_dop_operator_v3' retrieved from /home/airflow/.local/lib/python3.12/site-packages/airflow/example_dags/example_branch_python_dop_operator_3.py
[2024-07-04T10:03:27.607+0000] {logging_mixin.py:188} INFO - [2024-07-04T10:03:27.607+0000] {dag.py:3096} INFO - Sync 1 DAGs
[2024-07-04T10:03:27.664+0000] {logging_mixin.py:188} INFO - [2024-07-04T10:03:27.663+0000] {dag.py:3954} INFO - Setting next_dagrun for example_branch_dop_operator_v3 to 2024-07-04 10:02:00+00:00, run_after=2024-07-04 10:03:00+00:00
[2024-07-04T10:03:27.706+0000] {processor.py:183} INFO - Processing /home/airflow/.local/lib/python3.12/site-packages/airflow/example_dags/example_branch_python_dop_operator_3.py took 0.162 seconds
[2024-07-04T10:04:03.992+0000] {processor.py:161} INFO - Started process (PID=3398) to work on /home/airflow/.local/lib/python3.12/site-packages/airflow/example_dags/example_branch_python_dop_operator_3.py
[2024-07-04T10:04:04.055+0000] {processor.py:830} INFO - Processing file /home/airflow/.local/lib/python3.12/site-packages/airflow/example_dags/example_branch_python_dop_operator_3.py for tasks to queue
[2024-07-04T10:04:04.135+0000] {logging_mixin.py:188} INFO - [2024-07-04T10:04:04.133+0000] {dagbag.py:545} INFO - Filling up the DagBag from /home/airflow/.local/lib/python3.12/site-packages/airflow/example_dags/example_branch_python_dop_operator_3.py
[2024-07-04T10:04:04.457+0000] {processor.py:840} INFO - DAG(s) 'example_branch_dop_operator_v3' retrieved from /home/airflow/.local/lib/python3.12/site-packages/airflow/example_dags/example_branch_python_dop_operator_3.py
