[2024-07-04T09:35:01.927+0000] {processor.py:161} INFO - Started process (PID=73) to work on /home/airflow/.local/lib/python3.12/site-packages/airflow/example_dags/example_sensors.py
[2024-07-04T09:35:01.929+0000] {processor.py:830} INFO - Processing file /home/airflow/.local/lib/python3.12/site-packages/airflow/example_dags/example_sensors.py for tasks to queue
[2024-07-04T09:35:01.956+0000] {logging_mixin.py:188} INFO - [2024-07-04T09:35:01.955+0000] {dagbag.py:545} INFO - Filling up the DagBag from /home/airflow/.local/lib/python3.12/site-packages/airflow/example_dags/example_sensors.py
[2024-07-04T09:35:02.001+0000] {processor.py:840} INFO - DAG(s) 'example_sensors' retrieved from /home/airflow/.local/lib/python3.12/site-packages/airflow/example_dags/example_sensors.py
[2024-07-04T09:35:02.600+0000] {logging_mixin.py:188} INFO - [2024-07-04T09:35:02.600+0000] {dag.py:3096} INFO - Sync 1 DAGs
[2024-07-04T09:35:02.621+0000] {logging_mixin.py:188} INFO - [2024-07-04T09:35:02.620+0000] {dag.py:3954} INFO - Setting next_dagrun for example_sensors to None, run_after=None
[2024-07-04T09:35:02.673+0000] {processor.py:183} INFO - Processing /home/airflow/.local/lib/python3.12/site-packages/airflow/example_dags/example_sensors.py took 0.767 seconds
[2024-07-04T09:35:33.229+0000] {processor.py:161} INFO - Started process (PID=132) to work on /home/airflow/.local/lib/python3.12/site-packages/airflow/example_dags/example_sensors.py
[2024-07-04T09:35:33.231+0000] {processor.py:830} INFO - Processing file /home/airflow/.local/lib/python3.12/site-packages/airflow/example_dags/example_sensors.py for tasks to queue
[2024-07-04T09:35:33.233+0000] {logging_mixin.py:188} INFO - [2024-07-04T09:35:33.232+0000] {dagbag.py:545} INFO - Filling up the DagBag from /home/airflow/.local/lib/python3.12/site-packages/airflow/example_dags/example_sensors.py
[2024-07-04T09:35:33.242+0000] {processor.py:840} INFO - DAG(s) 'example_sensors' retrieved from /home/airflow/.local/lib/python3.12/site-packages/airflow/example_dags/example_sensors.py
[2024-07-04T09:35:33.277+0000] {logging_mixin.py:188} INFO - [2024-07-04T09:35:33.276+0000] {dag.py:3096} INFO - Sync 1 DAGs
[2024-07-04T09:35:33.294+0000] {logging_mixin.py:188} INFO - [2024-07-04T09:35:33.294+0000] {dag.py:3954} INFO - Setting next_dagrun for example_sensors to None, run_after=None
[2024-07-04T09:35:33.319+0000] {processor.py:183} INFO - Processing /home/airflow/.local/lib/python3.12/site-packages/airflow/example_dags/example_sensors.py took 0.098 seconds
[2024-07-04T09:36:03.502+0000] {processor.py:161} INFO - Started process (PID=191) to work on /home/airflow/.local/lib/python3.12/site-packages/airflow/example_dags/example_sensors.py
[2024-07-04T09:36:03.503+0000] {processor.py:830} INFO - Processing file /home/airflow/.local/lib/python3.12/site-packages/airflow/example_dags/example_sensors.py for tasks to queue
[2024-07-04T09:36:03.507+0000] {logging_mixin.py:188} INFO - [2024-07-04T09:36:03.507+0000] {dagbag.py:545} INFO - Filling up the DagBag from /home/airflow/.local/lib/python3.12/site-packages/airflow/example_dags/example_sensors.py
[2024-07-04T09:36:03.520+0000] {processor.py:840} INFO - DAG(s) 'example_sensors' retrieved from /home/airflow/.local/lib/python3.12/site-packages/airflow/example_dags/example_sensors.py
[2024-07-04T09:36:03.552+0000] {logging_mixin.py:188} INFO - [2024-07-04T09:36:03.551+0000] {dag.py:3096} INFO - Sync 1 DAGs
[2024-07-04T09:36:03.567+0000] {logging_mixin.py:188} INFO - [2024-07-04T09:36:03.567+0000] {dag.py:3954} INFO - Setting next_dagrun for example_sensors to None, run_after=None
[2024-07-04T09:36:03.589+0000] {processor.py:183} INFO - Processing /home/airflow/.local/lib/python3.12/site-packages/airflow/example_dags/example_sensors.py took 0.098 seconds
[2024-07-04T09:36:35.144+0000] {processor.py:161} INFO - Started process (PID=250) to work on /home/airflow/.local/lib/python3.12/site-packages/airflow/example_dags/example_sensors.py
[2024-07-04T09:36:35.145+0000] {processor.py:830} INFO - Processing file /home/airflow/.local/lib/python3.12/site-packages/airflow/example_dags/example_sensors.py for tasks to queue
[2024-07-04T09:36:35.148+0000] {logging_mixin.py:188} INFO - [2024-07-04T09:36:35.148+0000] {dagbag.py:545} INFO - Filling up the DagBag from /home/airflow/.local/lib/python3.12/site-packages/airflow/example_dags/example_sensors.py
[2024-07-04T09:36:35.158+0000] {processor.py:840} INFO - DAG(s) 'example_sensors' retrieved from /home/airflow/.local/lib/python3.12/site-packages/airflow/example_dags/example_sensors.py
[2024-07-04T09:36:35.185+0000] {logging_mixin.py:188} INFO - [2024-07-04T09:36:35.185+0000] {dag.py:3096} INFO - Sync 1 DAGs
[2024-07-04T09:36:35.199+0000] {logging_mixin.py:188} INFO - [2024-07-04T09:36:35.199+0000] {dag.py:3954} INFO - Setting next_dagrun for example_sensors to None, run_after=None
[2024-07-04T09:36:35.224+0000] {processor.py:183} INFO - Processing /home/airflow/.local/lib/python3.12/site-packages/airflow/example_dags/example_sensors.py took 0.087 seconds
[2024-07-04T09:37:05.744+0000] {processor.py:161} INFO - Started process (PID=307) to work on /home/airflow/.local/lib/python3.12/site-packages/airflow/example_dags/example_sensors.py
[2024-07-04T09:37:05.746+0000] {processor.py:830} INFO - Processing file /home/airflow/.local/lib/python3.12/site-packages/airflow/example_dags/example_sensors.py for tasks to queue
[2024-07-04T09:37:05.748+0000] {logging_mixin.py:188} INFO - [2024-07-04T09:37:05.748+0000] {dagbag.py:545} INFO - Filling up the DagBag from /home/airflow/.local/lib/python3.12/site-packages/airflow/example_dags/example_sensors.py
[2024-07-04T09:37:05.756+0000] {processor.py:840} INFO - DAG(s) 'example_sensors' retrieved from /home/airflow/.local/lib/python3.12/site-packages/airflow/example_dags/example_sensors.py
[2024-07-04T09:37:05.781+0000] {logging_mixin.py:188} INFO - [2024-07-04T09:37:05.780+0000] {dag.py:3096} INFO - Sync 1 DAGs
[2024-07-04T09:37:05.792+0000] {logging_mixin.py:188} INFO - [2024-07-04T09:37:05.792+0000] {dag.py:3954} INFO - Setting next_dagrun for example_sensors to None, run_after=None
[2024-07-04T09:37:05.813+0000] {processor.py:183} INFO - Processing /home/airflow/.local/lib/python3.12/site-packages/airflow/example_dags/example_sensors.py took 0.074 seconds
[2024-07-04T09:37:36.436+0000] {processor.py:161} INFO - Started process (PID=366) to work on /home/airflow/.local/lib/python3.12/site-packages/airflow/example_dags/example_sensors.py
[2024-07-04T09:37:36.442+0000] {processor.py:830} INFO - Processing file /home/airflow/.local/lib/python3.12/site-packages/airflow/example_dags/example_sensors.py for tasks to queue
[2024-07-04T09:37:36.446+0000] {logging_mixin.py:188} INFO - [2024-07-04T09:37:36.445+0000] {dagbag.py:545} INFO - Filling up the DagBag from /home/airflow/.local/lib/python3.12/site-packages/airflow/example_dags/example_sensors.py
[2024-07-04T09:37:36.468+0000] {processor.py:840} INFO - DAG(s) 'example_sensors' retrieved from /home/airflow/.local/lib/python3.12/site-packages/airflow/example_dags/example_sensors.py
[2024-07-04T09:37:36.531+0000] {logging_mixin.py:188} INFO - [2024-07-04T09:37:36.531+0000] {dag.py:3096} INFO - Sync 1 DAGs
[2024-07-04T09:37:36.561+0000] {logging_mixin.py:188} INFO - [2024-07-04T09:37:36.561+0000] {dag.py:3954} INFO - Setting next_dagrun for example_sensors to None, run_after=None
[2024-07-04T09:37:36.616+0000] {processor.py:183} INFO - Processing /home/airflow/.local/lib/python3.12/site-packages/airflow/example_dags/example_sensors.py took 0.186 seconds
[2024-07-04T09:38:07.597+0000] {processor.py:161} INFO - Started process (PID=425) to work on /home/airflow/.local/lib/python3.12/site-packages/airflow/example_dags/example_sensors.py
[2024-07-04T09:38:07.606+0000] {processor.py:830} INFO - Processing file /home/airflow/.local/lib/python3.12/site-packages/airflow/example_dags/example_sensors.py for tasks to queue
[2024-07-04T09:38:07.616+0000] {logging_mixin.py:188} INFO - [2024-07-04T09:38:07.616+0000] {dagbag.py:545} INFO - Filling up the DagBag from /home/airflow/.local/lib/python3.12/site-packages/airflow/example_dags/example_sensors.py
[2024-07-04T09:38:07.642+0000] {processor.py:840} INFO - DAG(s) 'example_sensors' retrieved from /home/airflow/.local/lib/python3.12/site-packages/airflow/example_dags/example_sensors.py
[2024-07-04T09:38:07.715+0000] {logging_mixin.py:188} INFO - [2024-07-04T09:38:07.714+0000] {dag.py:3096} INFO - Sync 1 DAGs
[2024-07-04T09:38:07.769+0000] {logging_mixin.py:188} INFO - [2024-07-04T09:38:07.768+0000] {dag.py:3954} INFO - Setting next_dagrun for example_sensors to None, run_after=None
[2024-07-04T09:38:07.887+0000] {processor.py:183} INFO - Processing /home/airflow/.local/lib/python3.12/site-packages/airflow/example_dags/example_sensors.py took 0.303 seconds
[2024-07-04T09:38:38.852+0000] {processor.py:161} INFO - Started process (PID=485) to work on /home/airflow/.local/lib/python3.12/site-packages/airflow/example_dags/example_sensors.py
[2024-07-04T09:38:38.853+0000] {processor.py:830} INFO - Processing file /home/airflow/.local/lib/python3.12/site-packages/airflow/example_dags/example_sensors.py for tasks to queue
[2024-07-04T09:38:38.855+0000] {logging_mixin.py:188} INFO - [2024-07-04T09:38:38.855+0000] {dagbag.py:545} INFO - Filling up the DagBag from /home/airflow/.local/lib/python3.12/site-packages/airflow/example_dags/example_sensors.py
[2024-07-04T09:38:38.864+0000] {processor.py:840} INFO - DAG(s) 'example_sensors' retrieved from /home/airflow/.local/lib/python3.12/site-packages/airflow/example_dags/example_sensors.py
[2024-07-04T09:38:38.887+0000] {logging_mixin.py:188} INFO - [2024-07-04T09:38:38.887+0000] {dag.py:3096} INFO - Sync 1 DAGs
[2024-07-04T09:38:38.899+0000] {logging_mixin.py:188} INFO - [2024-07-04T09:38:38.899+0000] {dag.py:3954} INFO - Setting next_dagrun for example_sensors to None, run_after=None
[2024-07-04T09:38:38.919+0000] {processor.py:183} INFO - Processing /home/airflow/.local/lib/python3.12/site-packages/airflow/example_dags/example_sensors.py took 0.071 seconds
[2024-07-04T09:39:09.137+0000] {processor.py:161} INFO - Started process (PID=544) to work on /home/airflow/.local/lib/python3.12/site-packages/airflow/example_dags/example_sensors.py
[2024-07-04T09:39:09.139+0000] {processor.py:830} INFO - Processing file /home/airflow/.local/lib/python3.12/site-packages/airflow/example_dags/example_sensors.py for tasks to queue
[2024-07-04T09:39:09.141+0000] {logging_mixin.py:188} INFO - [2024-07-04T09:39:09.141+0000] {dagbag.py:545} INFO - Filling up the DagBag from /home/airflow/.local/lib/python3.12/site-packages/airflow/example_dags/example_sensors.py
[2024-07-04T09:39:09.152+0000] {processor.py:840} INFO - DAG(s) 'example_sensors' retrieved from /home/airflow/.local/lib/python3.12/site-packages/airflow/example_dags/example_sensors.py
[2024-07-04T09:39:09.179+0000] {logging_mixin.py:188} INFO - [2024-07-04T09:39:09.179+0000] {dag.py:3096} INFO - Sync 1 DAGs
[2024-07-04T09:39:09.197+0000] {logging_mixin.py:188} INFO - [2024-07-04T09:39:09.197+0000] {dag.py:3954} INFO - Setting next_dagrun for example_sensors to None, run_after=None
[2024-07-04T09:39:09.225+0000] {processor.py:183} INFO - Processing /home/airflow/.local/lib/python3.12/site-packages/airflow/example_dags/example_sensors.py took 0.094 seconds
[2024-07-04T09:39:39.390+0000] {processor.py:161} INFO - Started process (PID=603) to work on /home/airflow/.local/lib/python3.12/site-packages/airflow/example_dags/example_sensors.py
[2024-07-04T09:39:39.391+0000] {processor.py:830} INFO - Processing file /home/airflow/.local/lib/python3.12/site-packages/airflow/example_dags/example_sensors.py for tasks to queue
[2024-07-04T09:39:39.393+0000] {logging_mixin.py:188} INFO - [2024-07-04T09:39:39.393+0000] {dagbag.py:545} INFO - Filling up the DagBag from /home/airflow/.local/lib/python3.12/site-packages/airflow/example_dags/example_sensors.py
[2024-07-04T09:39:39.402+0000] {processor.py:840} INFO - DAG(s) 'example_sensors' retrieved from /home/airflow/.local/lib/python3.12/site-packages/airflow/example_dags/example_sensors.py
[2024-07-04T09:39:39.425+0000] {logging_mixin.py:188} INFO - [2024-07-04T09:39:39.425+0000] {dag.py:3096} INFO - Sync 1 DAGs
[2024-07-04T09:39:39.438+0000] {logging_mixin.py:188} INFO - [2024-07-04T09:39:39.438+0000] {dag.py:3954} INFO - Setting next_dagrun for example_sensors to None, run_after=None
[2024-07-04T09:39:39.458+0000] {processor.py:183} INFO - Processing /home/airflow/.local/lib/python3.12/site-packages/airflow/example_dags/example_sensors.py took 0.073 seconds
[2024-07-04T09:40:09.751+0000] {processor.py:161} INFO - Started process (PID=662) to work on /home/airflow/.local/lib/python3.12/site-packages/airflow/example_dags/example_sensors.py
[2024-07-04T09:40:09.752+0000] {processor.py:830} INFO - Processing file /home/airflow/.local/lib/python3.12/site-packages/airflow/example_dags/example_sensors.py for tasks to queue
[2024-07-04T09:40:09.754+0000] {logging_mixin.py:188} INFO - [2024-07-04T09:40:09.754+0000] {dagbag.py:545} INFO - Filling up the DagBag from /home/airflow/.local/lib/python3.12/site-packages/airflow/example_dags/example_sensors.py
[2024-07-04T09:40:09.764+0000] {processor.py:840} INFO - DAG(s) 'example_sensors' retrieved from /home/airflow/.local/lib/python3.12/site-packages/airflow/example_dags/example_sensors.py
[2024-07-04T09:40:09.786+0000] {logging_mixin.py:188} INFO - [2024-07-04T09:40:09.786+0000] {dag.py:3096} INFO - Sync 1 DAGs
[2024-07-04T09:40:09.797+0000] {logging_mixin.py:188} INFO - [2024-07-04T09:40:09.797+0000] {dag.py:3954} INFO - Setting next_dagrun for example_sensors to None, run_after=None
[2024-07-04T09:40:09.814+0000] {processor.py:183} INFO - Processing /home/airflow/.local/lib/python3.12/site-packages/airflow/example_dags/example_sensors.py took 0.068 seconds
[2024-07-04T09:40:40.038+0000] {processor.py:161} INFO - Started process (PID=721) to work on /home/airflow/.local/lib/python3.12/site-packages/airflow/example_dags/example_sensors.py
[2024-07-04T09:40:40.040+0000] {processor.py:830} INFO - Processing file /home/airflow/.local/lib/python3.12/site-packages/airflow/example_dags/example_sensors.py for tasks to queue
[2024-07-04T09:40:40.042+0000] {logging_mixin.py:188} INFO - [2024-07-04T09:40:40.041+0000] {dagbag.py:545} INFO - Filling up the DagBag from /home/airflow/.local/lib/python3.12/site-packages/airflow/example_dags/example_sensors.py
[2024-07-04T09:40:40.050+0000] {processor.py:840} INFO - DAG(s) 'example_sensors' retrieved from /home/airflow/.local/lib/python3.12/site-packages/airflow/example_dags/example_sensors.py
[2024-07-04T09:40:40.074+0000] {logging_mixin.py:188} INFO - [2024-07-04T09:40:40.074+0000] {dag.py:3096} INFO - Sync 1 DAGs
[2024-07-04T09:40:40.086+0000] {logging_mixin.py:188} INFO - [2024-07-04T09:40:40.086+0000] {dag.py:3954} INFO - Setting next_dagrun for example_sensors to None, run_after=None
[2024-07-04T09:40:40.107+0000] {processor.py:183} INFO - Processing /home/airflow/.local/lib/python3.12/site-packages/airflow/example_dags/example_sensors.py took 0.073 seconds
[2024-07-04T09:41:10.269+0000] {processor.py:161} INFO - Started process (PID=781) to work on /home/airflow/.local/lib/python3.12/site-packages/airflow/example_dags/example_sensors.py
[2024-07-04T09:41:10.271+0000] {processor.py:830} INFO - Processing file /home/airflow/.local/lib/python3.12/site-packages/airflow/example_dags/example_sensors.py for tasks to queue
[2024-07-04T09:41:10.273+0000] {logging_mixin.py:188} INFO - [2024-07-04T09:41:10.272+0000] {dagbag.py:545} INFO - Filling up the DagBag from /home/airflow/.local/lib/python3.12/site-packages/airflow/example_dags/example_sensors.py
[2024-07-04T09:41:10.281+0000] {processor.py:840} INFO - DAG(s) 'example_sensors' retrieved from /home/airflow/.local/lib/python3.12/site-packages/airflow/example_dags/example_sensors.py
[2024-07-04T09:41:10.305+0000] {logging_mixin.py:188} INFO - [2024-07-04T09:41:10.305+0000] {dag.py:3096} INFO - Sync 1 DAGs
[2024-07-04T09:41:10.320+0000] {logging_mixin.py:188} INFO - [2024-07-04T09:41:10.320+0000] {dag.py:3954} INFO - Setting next_dagrun for example_sensors to None, run_after=None
[2024-07-04T09:41:10.341+0000] {processor.py:183} INFO - Processing /home/airflow/.local/lib/python3.12/site-packages/airflow/example_dags/example_sensors.py took 0.077 seconds
[2024-07-04T09:41:40.759+0000] {processor.py:161} INFO - Started process (PID=840) to work on /home/airflow/.local/lib/python3.12/site-packages/airflow/example_dags/example_sensors.py
[2024-07-04T09:41:40.760+0000] {processor.py:830} INFO - Processing file /home/airflow/.local/lib/python3.12/site-packages/airflow/example_dags/example_sensors.py for tasks to queue
[2024-07-04T09:41:40.762+0000] {logging_mixin.py:188} INFO - [2024-07-04T09:41:40.761+0000] {dagbag.py:545} INFO - Filling up the DagBag from /home/airflow/.local/lib/python3.12/site-packages/airflow/example_dags/example_sensors.py
[2024-07-04T09:41:40.770+0000] {processor.py:840} INFO - DAG(s) 'example_sensors' retrieved from /home/airflow/.local/lib/python3.12/site-packages/airflow/example_dags/example_sensors.py
[2024-07-04T09:41:40.794+0000] {logging_mixin.py:188} INFO - [2024-07-04T09:41:40.794+0000] {dag.py:3096} INFO - Sync 1 DAGs
[2024-07-04T09:41:40.806+0000] {logging_mixin.py:188} INFO - [2024-07-04T09:41:40.806+0000] {dag.py:3954} INFO - Setting next_dagrun for example_sensors to None, run_after=None
[2024-07-04T09:41:40.826+0000] {processor.py:183} INFO - Processing /home/airflow/.local/lib/python3.12/site-packages/airflow/example_dags/example_sensors.py took 0.072 seconds
[2024-07-04T09:42:11.449+0000] {processor.py:161} INFO - Started process (PID=898) to work on /home/airflow/.local/lib/python3.12/site-packages/airflow/example_dags/example_sensors.py
[2024-07-04T09:42:11.452+0000] {processor.py:830} INFO - Processing file /home/airflow/.local/lib/python3.12/site-packages/airflow/example_dags/example_sensors.py for tasks to queue
[2024-07-04T09:42:11.455+0000] {logging_mixin.py:188} INFO - [2024-07-04T09:42:11.455+0000] {dagbag.py:545} INFO - Filling up the DagBag from /home/airflow/.local/lib/python3.12/site-packages/airflow/example_dags/example_sensors.py
[2024-07-04T09:42:11.474+0000] {processor.py:840} INFO - DAG(s) 'example_sensors' retrieved from /home/airflow/.local/lib/python3.12/site-packages/airflow/example_dags/example_sensors.py
[2024-07-04T09:42:11.529+0000] {logging_mixin.py:188} INFO - [2024-07-04T09:42:11.528+0000] {dag.py:3096} INFO - Sync 1 DAGs
[2024-07-04T09:42:11.553+0000] {logging_mixin.py:188} INFO - [2024-07-04T09:42:11.553+0000] {dag.py:3954} INFO - Setting next_dagrun for example_sensors to None, run_after=None
[2024-07-04T09:42:11.591+0000] {processor.py:183} INFO - Processing /home/airflow/.local/lib/python3.12/site-packages/airflow/example_dags/example_sensors.py took 0.149 seconds
[2024-07-04T09:42:42.242+0000] {processor.py:161} INFO - Started process (PID=958) to work on /home/airflow/.local/lib/python3.12/site-packages/airflow/example_dags/example_sensors.py
[2024-07-04T09:42:42.244+0000] {processor.py:830} INFO - Processing file /home/airflow/.local/lib/python3.12/site-packages/airflow/example_dags/example_sensors.py for tasks to queue
[2024-07-04T09:42:42.248+0000] {logging_mixin.py:188} INFO - [2024-07-04T09:42:42.248+0000] {dagbag.py:545} INFO - Filling up the DagBag from /home/airflow/.local/lib/python3.12/site-packages/airflow/example_dags/example_sensors.py
[2024-07-04T09:42:42.274+0000] {processor.py:840} INFO - DAG(s) 'example_sensors' retrieved from /home/airflow/.local/lib/python3.12/site-packages/airflow/example_dags/example_sensors.py
[2024-07-04T09:42:42.348+0000] {logging_mixin.py:188} INFO - [2024-07-04T09:42:42.347+0000] {dag.py:3096} INFO - Sync 1 DAGs
[2024-07-04T09:42:42.407+0000] {logging_mixin.py:188} INFO - [2024-07-04T09:42:42.406+0000] {dag.py:3954} INFO - Setting next_dagrun for example_sensors to None, run_after=None
[2024-07-04T09:42:42.485+0000] {processor.py:183} INFO - Processing /home/airflow/.local/lib/python3.12/site-packages/airflow/example_dags/example_sensors.py took 0.255 seconds
[2024-07-04T09:43:12.597+0000] {processor.py:161} INFO - Started process (PID=1018) to work on /home/airflow/.local/lib/python3.12/site-packages/airflow/example_dags/example_sensors.py
[2024-07-04T09:43:12.598+0000] {processor.py:830} INFO - Processing file /home/airflow/.local/lib/python3.12/site-packages/airflow/example_dags/example_sensors.py for tasks to queue
[2024-07-04T09:43:12.601+0000] {logging_mixin.py:188} INFO - [2024-07-04T09:43:12.601+0000] {dagbag.py:545} INFO - Filling up the DagBag from /home/airflow/.local/lib/python3.12/site-packages/airflow/example_dags/example_sensors.py
[2024-07-04T09:43:12.616+0000] {processor.py:840} INFO - DAG(s) 'example_sensors' retrieved from /home/airflow/.local/lib/python3.12/site-packages/airflow/example_dags/example_sensors.py
[2024-07-04T09:43:12.654+0000] {logging_mixin.py:188} INFO - [2024-07-04T09:43:12.653+0000] {dag.py:3096} INFO - Sync 1 DAGs
[2024-07-04T09:43:12.673+0000] {logging_mixin.py:188} INFO - [2024-07-04T09:43:12.673+0000] {dag.py:3954} INFO - Setting next_dagrun for example_sensors to None, run_after=None
[2024-07-04T09:43:12.693+0000] {processor.py:183} INFO - Processing /home/airflow/.local/lib/python3.12/site-packages/airflow/example_dags/example_sensors.py took 0.102 seconds
[2024-07-04T09:43:42.862+0000] {processor.py:161} INFO - Started process (PID=1077) to work on /home/airflow/.local/lib/python3.12/site-packages/airflow/example_dags/example_sensors.py
[2024-07-04T09:43:42.864+0000] {processor.py:830} INFO - Processing file /home/airflow/.local/lib/python3.12/site-packages/airflow/example_dags/example_sensors.py for tasks to queue
[2024-07-04T09:43:42.867+0000] {logging_mixin.py:188} INFO - [2024-07-04T09:43:42.866+0000] {dagbag.py:545} INFO - Filling up the DagBag from /home/airflow/.local/lib/python3.12/site-packages/airflow/example_dags/example_sensors.py
[2024-07-04T09:43:42.903+0000] {processor.py:840} INFO - DAG(s) 'example_sensors' retrieved from /home/airflow/.local/lib/python3.12/site-packages/airflow/example_dags/example_sensors.py
[2024-07-04T09:43:42.975+0000] {logging_mixin.py:188} INFO - [2024-07-04T09:43:42.975+0000] {dag.py:3096} INFO - Sync 1 DAGs
[2024-07-04T09:43:43.018+0000] {logging_mixin.py:188} INFO - [2024-07-04T09:43:43.018+0000] {dag.py:3954} INFO - Setting next_dagrun for example_sensors to None, run_after=None
[2024-07-04T09:43:43.082+0000] {processor.py:183} INFO - Processing /home/airflow/.local/lib/python3.12/site-packages/airflow/example_dags/example_sensors.py took 0.236 seconds
[2024-07-04T09:44:13.819+0000] {processor.py:161} INFO - Started process (PID=1136) to work on /home/airflow/.local/lib/python3.12/site-packages/airflow/example_dags/example_sensors.py
[2024-07-04T09:44:13.820+0000] {processor.py:830} INFO - Processing file /home/airflow/.local/lib/python3.12/site-packages/airflow/example_dags/example_sensors.py for tasks to queue
[2024-07-04T09:44:13.823+0000] {logging_mixin.py:188} INFO - [2024-07-04T09:44:13.822+0000] {dagbag.py:545} INFO - Filling up the DagBag from /home/airflow/.local/lib/python3.12/site-packages/airflow/example_dags/example_sensors.py
[2024-07-04T09:44:13.834+0000] {processor.py:840} INFO - DAG(s) 'example_sensors' retrieved from /home/airflow/.local/lib/python3.12/site-packages/airflow/example_dags/example_sensors.py
[2024-07-04T09:44:13.858+0000] {logging_mixin.py:188} INFO - [2024-07-04T09:44:13.858+0000] {dag.py:3096} INFO - Sync 1 DAGs
[2024-07-04T09:44:13.870+0000] {logging_mixin.py:188} INFO - [2024-07-04T09:44:13.870+0000] {dag.py:3954} INFO - Setting next_dagrun for example_sensors to None, run_after=None
[2024-07-04T09:44:13.926+0000] {processor.py:183} INFO - Processing /home/airflow/.local/lib/python3.12/site-packages/airflow/example_dags/example_sensors.py took 0.116 seconds
[2024-07-04T09:44:44.086+0000] {processor.py:161} INFO - Started process (PID=1195) to work on /home/airflow/.local/lib/python3.12/site-packages/airflow/example_dags/example_sensors.py
[2024-07-04T09:44:44.088+0000] {processor.py:830} INFO - Processing file /home/airflow/.local/lib/python3.12/site-packages/airflow/example_dags/example_sensors.py for tasks to queue
[2024-07-04T09:44:44.090+0000] {logging_mixin.py:188} INFO - [2024-07-04T09:44:44.090+0000] {dagbag.py:545} INFO - Filling up the DagBag from /home/airflow/.local/lib/python3.12/site-packages/airflow/example_dags/example_sensors.py
[2024-07-04T09:44:44.100+0000] {processor.py:840} INFO - DAG(s) 'example_sensors' retrieved from /home/airflow/.local/lib/python3.12/site-packages/airflow/example_dags/example_sensors.py
[2024-07-04T09:44:44.131+0000] {logging_mixin.py:188} INFO - [2024-07-04T09:44:44.130+0000] {dag.py:3096} INFO - Sync 1 DAGs
[2024-07-04T09:44:44.151+0000] {logging_mixin.py:188} INFO - [2024-07-04T09:44:44.151+0000] {dag.py:3954} INFO - Setting next_dagrun for example_sensors to None, run_after=None
[2024-07-04T09:44:44.184+0000] {processor.py:183} INFO - Processing /home/airflow/.local/lib/python3.12/site-packages/airflow/example_dags/example_sensors.py took 0.104 seconds
[2024-07-04T09:45:14.544+0000] {processor.py:161} INFO - Started process (PID=1254) to work on /home/airflow/.local/lib/python3.12/site-packages/airflow/example_dags/example_sensors.py
[2024-07-04T09:45:14.545+0000] {processor.py:830} INFO - Processing file /home/airflow/.local/lib/python3.12/site-packages/airflow/example_dags/example_sensors.py for tasks to queue
[2024-07-04T09:45:14.550+0000] {logging_mixin.py:188} INFO - [2024-07-04T09:45:14.550+0000] {dagbag.py:545} INFO - Filling up the DagBag from /home/airflow/.local/lib/python3.12/site-packages/airflow/example_dags/example_sensors.py
[2024-07-04T09:45:14.574+0000] {processor.py:840} INFO - DAG(s) 'example_sensors' retrieved from /home/airflow/.local/lib/python3.12/site-packages/airflow/example_dags/example_sensors.py
[2024-07-04T09:45:14.659+0000] {logging_mixin.py:188} INFO - [2024-07-04T09:45:14.658+0000] {dag.py:3096} INFO - Sync 1 DAGs
[2024-07-04T09:45:14.719+0000] {logging_mixin.py:188} INFO - [2024-07-04T09:45:14.718+0000] {dag.py:3954} INFO - Setting next_dagrun for example_sensors to None, run_after=None
[2024-07-04T09:45:14.829+0000] {processor.py:183} INFO - Processing /home/airflow/.local/lib/python3.12/site-packages/airflow/example_dags/example_sensors.py took 0.297 seconds
[2024-07-04T09:45:44.968+0000] {processor.py:161} INFO - Started process (PID=1313) to work on /home/airflow/.local/lib/python3.12/site-packages/airflow/example_dags/example_sensors.py
[2024-07-04T09:45:44.969+0000] {processor.py:830} INFO - Processing file /home/airflow/.local/lib/python3.12/site-packages/airflow/example_dags/example_sensors.py for tasks to queue
[2024-07-04T09:45:44.971+0000] {logging_mixin.py:188} INFO - [2024-07-04T09:45:44.971+0000] {dagbag.py:545} INFO - Filling up the DagBag from /home/airflow/.local/lib/python3.12/site-packages/airflow/example_dags/example_sensors.py
[2024-07-04T09:45:44.979+0000] {processor.py:840} INFO - DAG(s) 'example_sensors' retrieved from /home/airflow/.local/lib/python3.12/site-packages/airflow/example_dags/example_sensors.py
[2024-07-04T09:45:45.003+0000] {logging_mixin.py:188} INFO - [2024-07-04T09:45:45.003+0000] {dag.py:3096} INFO - Sync 1 DAGs
[2024-07-04T09:45:45.015+0000] {logging_mixin.py:188} INFO - [2024-07-04T09:45:45.015+0000] {dag.py:3954} INFO - Setting next_dagrun for example_sensors to None, run_after=None
[2024-07-04T09:45:45.037+0000] {processor.py:183} INFO - Processing /home/airflow/.local/lib/python3.12/site-packages/airflow/example_dags/example_sensors.py took 0.074 seconds
[2024-07-04T09:46:15.265+0000] {processor.py:161} INFO - Started process (PID=1372) to work on /home/airflow/.local/lib/python3.12/site-packages/airflow/example_dags/example_sensors.py
[2024-07-04T09:46:15.266+0000] {processor.py:830} INFO - Processing file /home/airflow/.local/lib/python3.12/site-packages/airflow/example_dags/example_sensors.py for tasks to queue
[2024-07-04T09:46:15.269+0000] {logging_mixin.py:188} INFO - [2024-07-04T09:46:15.269+0000] {dagbag.py:545} INFO - Filling up the DagBag from /home/airflow/.local/lib/python3.12/site-packages/airflow/example_dags/example_sensors.py
[2024-07-04T09:46:15.278+0000] {processor.py:840} INFO - DAG(s) 'example_sensors' retrieved from /home/airflow/.local/lib/python3.12/site-packages/airflow/example_dags/example_sensors.py
[2024-07-04T09:46:15.304+0000] {logging_mixin.py:188} INFO - [2024-07-04T09:46:15.303+0000] {dag.py:3096} INFO - Sync 1 DAGs
[2024-07-04T09:46:15.320+0000] {logging_mixin.py:188} INFO - [2024-07-04T09:46:15.320+0000] {dag.py:3954} INFO - Setting next_dagrun for example_sensors to None, run_after=None
[2024-07-04T09:46:15.347+0000] {processor.py:183} INFO - Processing /home/airflow/.local/lib/python3.12/site-packages/airflow/example_dags/example_sensors.py took 0.088 seconds
[2024-07-04T09:46:45.655+0000] {processor.py:161} INFO - Started process (PID=1432) to work on /home/airflow/.local/lib/python3.12/site-packages/airflow/example_dags/example_sensors.py
[2024-07-04T09:46:45.657+0000] {processor.py:830} INFO - Processing file /home/airflow/.local/lib/python3.12/site-packages/airflow/example_dags/example_sensors.py for tasks to queue
[2024-07-04T09:46:45.659+0000] {logging_mixin.py:188} INFO - [2024-07-04T09:46:45.659+0000] {dagbag.py:545} INFO - Filling up the DagBag from /home/airflow/.local/lib/python3.12/site-packages/airflow/example_dags/example_sensors.py
[2024-07-04T09:46:45.675+0000] {processor.py:840} INFO - DAG(s) 'example_sensors' retrieved from /home/airflow/.local/lib/python3.12/site-packages/airflow/example_dags/example_sensors.py
[2024-07-04T09:46:45.709+0000] {logging_mixin.py:188} INFO - [2024-07-04T09:46:45.709+0000] {dag.py:3096} INFO - Sync 1 DAGs
[2024-07-04T09:46:45.729+0000] {logging_mixin.py:188} INFO - [2024-07-04T09:46:45.728+0000] {dag.py:3954} INFO - Setting next_dagrun for example_sensors to None, run_after=None
[2024-07-04T09:46:45.763+0000] {processor.py:183} INFO - Processing /home/airflow/.local/lib/python3.12/site-packages/airflow/example_dags/example_sensors.py took 0.117 seconds
[2024-07-04T09:47:19.719+0000] {processor.py:161} INFO - Started process (PID=1492) to work on /home/airflow/.local/lib/python3.12/site-packages/airflow/example_dags/example_sensors.py
[2024-07-04T09:47:19.721+0000] {processor.py:830} INFO - Processing file /home/airflow/.local/lib/python3.12/site-packages/airflow/example_dags/example_sensors.py for tasks to queue
[2024-07-04T09:47:19.726+0000] {logging_mixin.py:188} INFO - [2024-07-04T09:47:19.725+0000] {dagbag.py:545} INFO - Filling up the DagBag from /home/airflow/.local/lib/python3.12/site-packages/airflow/example_dags/example_sensors.py
[2024-07-04T09:47:19.747+0000] {processor.py:840} INFO - DAG(s) 'example_sensors' retrieved from /home/airflow/.local/lib/python3.12/site-packages/airflow/example_dags/example_sensors.py
[2024-07-04T09:47:19.794+0000] {logging_mixin.py:188} INFO - [2024-07-04T09:47:19.793+0000] {dag.py:3096} INFO - Sync 1 DAGs
[2024-07-04T09:47:19.814+0000] {logging_mixin.py:188} INFO - [2024-07-04T09:47:19.814+0000] {dag.py:3954} INFO - Setting next_dagrun for example_sensors to None, run_after=None
[2024-07-04T09:47:19.854+0000] {processor.py:183} INFO - Processing /home/airflow/.local/lib/python3.12/site-packages/airflow/example_dags/example_sensors.py took 0.147 seconds
[2024-07-04T09:47:51.665+0000] {processor.py:161} INFO - Started process (PID=1551) to work on /home/airflow/.local/lib/python3.12/site-packages/airflow/example_dags/example_sensors.py
[2024-07-04T09:47:51.673+0000] {processor.py:830} INFO - Processing file /home/airflow/.local/lib/python3.12/site-packages/airflow/example_dags/example_sensors.py for tasks to queue
[2024-07-04T09:47:51.681+0000] {logging_mixin.py:188} INFO - [2024-07-04T09:47:51.680+0000] {dagbag.py:545} INFO - Filling up the DagBag from /home/airflow/.local/lib/python3.12/site-packages/airflow/example_dags/example_sensors.py
[2024-07-04T09:47:51.705+0000] {processor.py:840} INFO - DAG(s) 'example_sensors' retrieved from /home/airflow/.local/lib/python3.12/site-packages/airflow/example_dags/example_sensors.py
[2024-07-04T09:47:51.759+0000] {logging_mixin.py:188} INFO - [2024-07-04T09:47:51.759+0000] {dag.py:3096} INFO - Sync 1 DAGs
[2024-07-04T09:47:51.787+0000] {logging_mixin.py:188} INFO - [2024-07-04T09:47:51.787+0000] {dag.py:3954} INFO - Setting next_dagrun for example_sensors to None, run_after=None
[2024-07-04T09:47:51.826+0000] {processor.py:183} INFO - Processing /home/airflow/.local/lib/python3.12/site-packages/airflow/example_dags/example_sensors.py took 0.167 seconds
[2024-07-04T09:48:22.349+0000] {processor.py:161} INFO - Started process (PID=1611) to work on /home/airflow/.local/lib/python3.12/site-packages/airflow/example_dags/example_sensors.py
[2024-07-04T09:48:22.351+0000] {processor.py:830} INFO - Processing file /home/airflow/.local/lib/python3.12/site-packages/airflow/example_dags/example_sensors.py for tasks to queue
[2024-07-04T09:48:22.353+0000] {logging_mixin.py:188} INFO - [2024-07-04T09:48:22.352+0000] {dagbag.py:545} INFO - Filling up the DagBag from /home/airflow/.local/lib/python3.12/site-packages/airflow/example_dags/example_sensors.py
[2024-07-04T09:48:22.361+0000] {processor.py:840} INFO - DAG(s) 'example_sensors' retrieved from /home/airflow/.local/lib/python3.12/site-packages/airflow/example_dags/example_sensors.py
[2024-07-04T09:48:22.392+0000] {logging_mixin.py:188} INFO - [2024-07-04T09:48:22.391+0000] {dag.py:3096} INFO - Sync 1 DAGs
[2024-07-04T09:48:22.404+0000] {logging_mixin.py:188} INFO - [2024-07-04T09:48:22.403+0000] {dag.py:3954} INFO - Setting next_dagrun for example_sensors to None, run_after=None
[2024-07-04T09:48:22.421+0000] {processor.py:183} INFO - Processing /home/airflow/.local/lib/python3.12/site-packages/airflow/example_dags/example_sensors.py took 0.078 seconds
[2024-07-04T09:48:53.767+0000] {processor.py:161} INFO - Started process (PID=1668) to work on /home/airflow/.local/lib/python3.12/site-packages/airflow/example_dags/example_sensors.py
[2024-07-04T09:48:53.772+0000] {processor.py:830} INFO - Processing file /home/airflow/.local/lib/python3.12/site-packages/airflow/example_dags/example_sensors.py for tasks to queue
[2024-07-04T09:48:53.778+0000] {logging_mixin.py:188} INFO - [2024-07-04T09:48:53.777+0000] {dagbag.py:545} INFO - Filling up the DagBag from /home/airflow/.local/lib/python3.12/site-packages/airflow/example_dags/example_sensors.py
[2024-07-04T09:48:53.808+0000] {processor.py:840} INFO - DAG(s) 'example_sensors' retrieved from /home/airflow/.local/lib/python3.12/site-packages/airflow/example_dags/example_sensors.py
[2024-07-04T09:48:53.857+0000] {logging_mixin.py:188} INFO - [2024-07-04T09:48:53.856+0000] {dag.py:3096} INFO - Sync 1 DAGs
[2024-07-04T09:48:53.888+0000] {logging_mixin.py:188} INFO - [2024-07-04T09:48:53.888+0000] {dag.py:3954} INFO - Setting next_dagrun for example_sensors to None, run_after=None
[2024-07-04T09:48:53.965+0000] {processor.py:183} INFO - Processing /home/airflow/.local/lib/python3.12/site-packages/airflow/example_dags/example_sensors.py took 0.209 seconds
[2024-07-04T09:49:24.393+0000] {processor.py:161} INFO - Started process (PID=1726) to work on /home/airflow/.local/lib/python3.12/site-packages/airflow/example_dags/example_sensors.py
[2024-07-04T09:49:24.396+0000] {processor.py:830} INFO - Processing file /home/airflow/.local/lib/python3.12/site-packages/airflow/example_dags/example_sensors.py for tasks to queue
[2024-07-04T09:49:24.398+0000] {logging_mixin.py:188} INFO - [2024-07-04T09:49:24.398+0000] {dagbag.py:545} INFO - Filling up the DagBag from /home/airflow/.local/lib/python3.12/site-packages/airflow/example_dags/example_sensors.py
[2024-07-04T09:49:24.407+0000] {processor.py:840} INFO - DAG(s) 'example_sensors' retrieved from /home/airflow/.local/lib/python3.12/site-packages/airflow/example_dags/example_sensors.py
[2024-07-04T09:49:24.432+0000] {logging_mixin.py:188} INFO - [2024-07-04T09:49:24.431+0000] {dag.py:3096} INFO - Sync 1 DAGs
[2024-07-04T09:49:24.445+0000] {logging_mixin.py:188} INFO - [2024-07-04T09:49:24.445+0000] {dag.py:3954} INFO - Setting next_dagrun for example_sensors to None, run_after=None
[2024-07-04T09:49:24.464+0000] {processor.py:183} INFO - Processing /home/airflow/.local/lib/python3.12/site-packages/airflow/example_dags/example_sensors.py took 0.077 seconds
[2024-07-04T09:49:55.033+0000] {processor.py:161} INFO - Started process (PID=1786) to work on /home/airflow/.local/lib/python3.12/site-packages/airflow/example_dags/example_sensors.py
[2024-07-04T09:49:55.039+0000] {processor.py:830} INFO - Processing file /home/airflow/.local/lib/python3.12/site-packages/airflow/example_dags/example_sensors.py for tasks to queue
[2024-07-04T09:49:55.042+0000] {logging_mixin.py:188} INFO - [2024-07-04T09:49:55.042+0000] {dagbag.py:545} INFO - Filling up the DagBag from /home/airflow/.local/lib/python3.12/site-packages/airflow/example_dags/example_sensors.py
[2024-07-04T09:49:55.061+0000] {processor.py:840} INFO - DAG(s) 'example_sensors' retrieved from /home/airflow/.local/lib/python3.12/site-packages/airflow/example_dags/example_sensors.py
[2024-07-04T09:49:55.105+0000] {logging_mixin.py:188} INFO - [2024-07-04T09:49:55.104+0000] {dag.py:3096} INFO - Sync 1 DAGs
[2024-07-04T09:49:55.136+0000] {logging_mixin.py:188} INFO - [2024-07-04T09:49:55.135+0000] {dag.py:3954} INFO - Setting next_dagrun for example_sensors to None, run_after=None
[2024-07-04T09:49:55.174+0000] {processor.py:183} INFO - Processing /home/airflow/.local/lib/python3.12/site-packages/airflow/example_dags/example_sensors.py took 0.147 seconds
[2024-07-04T09:50:25.975+0000] {processor.py:161} INFO - Started process (PID=1845) to work on /home/airflow/.local/lib/python3.12/site-packages/airflow/example_dags/example_sensors.py
[2024-07-04T09:50:25.976+0000] {processor.py:830} INFO - Processing file /home/airflow/.local/lib/python3.12/site-packages/airflow/example_dags/example_sensors.py for tasks to queue
[2024-07-04T09:50:25.978+0000] {logging_mixin.py:188} INFO - [2024-07-04T09:50:25.978+0000] {dagbag.py:545} INFO - Filling up the DagBag from /home/airflow/.local/lib/python3.12/site-packages/airflow/example_dags/example_sensors.py
[2024-07-04T09:50:25.987+0000] {processor.py:840} INFO - DAG(s) 'example_sensors' retrieved from /home/airflow/.local/lib/python3.12/site-packages/airflow/example_dags/example_sensors.py
[2024-07-04T09:50:26.010+0000] {logging_mixin.py:188} INFO - [2024-07-04T09:50:26.010+0000] {dag.py:3096} INFO - Sync 1 DAGs
[2024-07-04T09:50:26.022+0000] {logging_mixin.py:188} INFO - [2024-07-04T09:50:26.022+0000] {dag.py:3954} INFO - Setting next_dagrun for example_sensors to None, run_after=None
[2024-07-04T09:50:26.040+0000] {processor.py:183} INFO - Processing /home/airflow/.local/lib/python3.12/site-packages/airflow/example_dags/example_sensors.py took 0.070 seconds
[2024-07-04T09:50:56.337+0000] {processor.py:161} INFO - Started process (PID=1904) to work on /home/airflow/.local/lib/python3.12/site-packages/airflow/example_dags/example_sensors.py
[2024-07-04T09:50:56.338+0000] {processor.py:830} INFO - Processing file /home/airflow/.local/lib/python3.12/site-packages/airflow/example_dags/example_sensors.py for tasks to queue
[2024-07-04T09:50:56.342+0000] {logging_mixin.py:188} INFO - [2024-07-04T09:50:56.341+0000] {dagbag.py:545} INFO - Filling up the DagBag from /home/airflow/.local/lib/python3.12/site-packages/airflow/example_dags/example_sensors.py
[2024-07-04T09:50:56.360+0000] {processor.py:840} INFO - DAG(s) 'example_sensors' retrieved from /home/airflow/.local/lib/python3.12/site-packages/airflow/example_dags/example_sensors.py
[2024-07-04T09:50:56.411+0000] {logging_mixin.py:188} INFO - [2024-07-04T09:50:56.410+0000] {dag.py:3096} INFO - Sync 1 DAGs
[2024-07-04T09:50:56.580+0000] {logging_mixin.py:188} INFO - [2024-07-04T09:50:56.579+0000] {dag.py:3954} INFO - Setting next_dagrun for example_sensors to None, run_after=None
[2024-07-04T09:50:56.601+0000] {processor.py:183} INFO - Processing /home/airflow/.local/lib/python3.12/site-packages/airflow/example_dags/example_sensors.py took 0.271 seconds
[2024-07-04T09:51:26.754+0000] {processor.py:161} INFO - Started process (PID=1963) to work on /home/airflow/.local/lib/python3.12/site-packages/airflow/example_dags/example_sensors.py
[2024-07-04T09:51:26.755+0000] {processor.py:830} INFO - Processing file /home/airflow/.local/lib/python3.12/site-packages/airflow/example_dags/example_sensors.py for tasks to queue
[2024-07-04T09:51:26.757+0000] {logging_mixin.py:188} INFO - [2024-07-04T09:51:26.757+0000] {dagbag.py:545} INFO - Filling up the DagBag from /home/airflow/.local/lib/python3.12/site-packages/airflow/example_dags/example_sensors.py
[2024-07-04T09:51:26.769+0000] {processor.py:840} INFO - DAG(s) 'example_sensors' retrieved from /home/airflow/.local/lib/python3.12/site-packages/airflow/example_dags/example_sensors.py
[2024-07-04T09:51:26.799+0000] {logging_mixin.py:188} INFO - [2024-07-04T09:51:26.799+0000] {dag.py:3096} INFO - Sync 1 DAGs
[2024-07-04T09:51:26.963+0000] {logging_mixin.py:188} INFO - [2024-07-04T09:51:26.963+0000] {dag.py:3954} INFO - Setting next_dagrun for example_sensors to None, run_after=None
[2024-07-04T09:51:26.984+0000] {processor.py:183} INFO - Processing /home/airflow/.local/lib/python3.12/site-packages/airflow/example_dags/example_sensors.py took 0.235 seconds
[2024-07-04T09:51:57.280+0000] {processor.py:161} INFO - Started process (PID=2022) to work on /home/airflow/.local/lib/python3.12/site-packages/airflow/example_dags/example_sensors.py
[2024-07-04T09:51:57.281+0000] {processor.py:830} INFO - Processing file /home/airflow/.local/lib/python3.12/site-packages/airflow/example_dags/example_sensors.py for tasks to queue
[2024-07-04T09:51:57.283+0000] {logging_mixin.py:188} INFO - [2024-07-04T09:51:57.283+0000] {dagbag.py:545} INFO - Filling up the DagBag from /home/airflow/.local/lib/python3.12/site-packages/airflow/example_dags/example_sensors.py
[2024-07-04T09:51:57.292+0000] {processor.py:840} INFO - DAG(s) 'example_sensors' retrieved from /home/airflow/.local/lib/python3.12/site-packages/airflow/example_dags/example_sensors.py
[2024-07-04T09:51:57.317+0000] {logging_mixin.py:188} INFO - [2024-07-04T09:51:57.317+0000] {dag.py:3096} INFO - Sync 1 DAGs
[2024-07-04T09:51:57.330+0000] {logging_mixin.py:188} INFO - [2024-07-04T09:51:57.330+0000] {dag.py:3954} INFO - Setting next_dagrun for example_sensors to None, run_after=None
[2024-07-04T09:51:57.350+0000] {processor.py:183} INFO - Processing /home/airflow/.local/lib/python3.12/site-packages/airflow/example_dags/example_sensors.py took 0.076 seconds
[2024-07-04T09:52:27.874+0000] {processor.py:161} INFO - Started process (PID=2082) to work on /home/airflow/.local/lib/python3.12/site-packages/airflow/example_dags/example_sensors.py
[2024-07-04T09:52:27.875+0000] {processor.py:830} INFO - Processing file /home/airflow/.local/lib/python3.12/site-packages/airflow/example_dags/example_sensors.py for tasks to queue
[2024-07-04T09:52:27.877+0000] {logging_mixin.py:188} INFO - [2024-07-04T09:52:27.876+0000] {dagbag.py:545} INFO - Filling up the DagBag from /home/airflow/.local/lib/python3.12/site-packages/airflow/example_dags/example_sensors.py
[2024-07-04T09:52:27.885+0000] {processor.py:840} INFO - DAG(s) 'example_sensors' retrieved from /home/airflow/.local/lib/python3.12/site-packages/airflow/example_dags/example_sensors.py
[2024-07-04T09:52:27.909+0000] {logging_mixin.py:188} INFO - [2024-07-04T09:52:27.909+0000] {dag.py:3096} INFO - Sync 1 DAGs
[2024-07-04T09:52:27.921+0000] {logging_mixin.py:188} INFO - [2024-07-04T09:52:27.921+0000] {dag.py:3954} INFO - Setting next_dagrun for example_sensors to None, run_after=None
[2024-07-04T09:52:27.942+0000] {processor.py:183} INFO - Processing /home/airflow/.local/lib/python3.12/site-packages/airflow/example_dags/example_sensors.py took 0.073 seconds
[2024-07-04T09:52:58.748+0000] {processor.py:161} INFO - Started process (PID=2141) to work on /home/airflow/.local/lib/python3.12/site-packages/airflow/example_dags/example_sensors.py
[2024-07-04T09:52:58.750+0000] {processor.py:830} INFO - Processing file /home/airflow/.local/lib/python3.12/site-packages/airflow/example_dags/example_sensors.py for tasks to queue
[2024-07-04T09:52:58.752+0000] {logging_mixin.py:188} INFO - [2024-07-04T09:52:58.752+0000] {dagbag.py:545} INFO - Filling up the DagBag from /home/airflow/.local/lib/python3.12/site-packages/airflow/example_dags/example_sensors.py
[2024-07-04T09:52:58.761+0000] {processor.py:840} INFO - DAG(s) 'example_sensors' retrieved from /home/airflow/.local/lib/python3.12/site-packages/airflow/example_dags/example_sensors.py
[2024-07-04T09:52:58.788+0000] {logging_mixin.py:188} INFO - [2024-07-04T09:52:58.787+0000] {dag.py:3096} INFO - Sync 1 DAGs
[2024-07-04T09:52:58.800+0000] {logging_mixin.py:188} INFO - [2024-07-04T09:52:58.800+0000] {dag.py:3954} INFO - Setting next_dagrun for example_sensors to None, run_after=None
[2024-07-04T09:52:58.825+0000] {processor.py:183} INFO - Processing /home/airflow/.local/lib/python3.12/site-packages/airflow/example_dags/example_sensors.py took 0.083 seconds
[2024-07-04T09:53:29.584+0000] {processor.py:161} INFO - Started process (PID=2199) to work on /home/airflow/.local/lib/python3.12/site-packages/airflow/example_dags/example_sensors.py
[2024-07-04T09:53:29.585+0000] {processor.py:830} INFO - Processing file /home/airflow/.local/lib/python3.12/site-packages/airflow/example_dags/example_sensors.py for tasks to queue
[2024-07-04T09:53:29.588+0000] {logging_mixin.py:188} INFO - [2024-07-04T09:53:29.587+0000] {dagbag.py:545} INFO - Filling up the DagBag from /home/airflow/.local/lib/python3.12/site-packages/airflow/example_dags/example_sensors.py
[2024-07-04T09:53:29.597+0000] {processor.py:840} INFO - DAG(s) 'example_sensors' retrieved from /home/airflow/.local/lib/python3.12/site-packages/airflow/example_dags/example_sensors.py
[2024-07-04T09:53:29.628+0000] {logging_mixin.py:188} INFO - [2024-07-04T09:53:29.628+0000] {dag.py:3096} INFO - Sync 1 DAGs
[2024-07-04T09:53:29.643+0000] {logging_mixin.py:188} INFO - [2024-07-04T09:53:29.643+0000] {dag.py:3954} INFO - Setting next_dagrun for example_sensors to None, run_after=None
[2024-07-04T09:53:29.665+0000] {processor.py:183} INFO - Processing /home/airflow/.local/lib/python3.12/site-packages/airflow/example_dags/example_sensors.py took 0.088 seconds
[2024-07-04T09:54:12.987+0000] {processor.py:161} INFO - Started process (PID=2264) to work on /home/airflow/.local/lib/python3.12/site-packages/airflow/example_dags/example_sensors.py
[2024-07-04T09:54:13.023+0000] {processor.py:830} INFO - Processing file /home/airflow/.local/lib/python3.12/site-packages/airflow/example_dags/example_sensors.py for tasks to queue
[2024-07-04T09:54:13.035+0000] {logging_mixin.py:188} INFO - [2024-07-04T09:54:13.034+0000] {dagbag.py:545} INFO - Filling up the DagBag from /home/airflow/.local/lib/python3.12/site-packages/airflow/example_dags/example_sensors.py
[2024-07-04T09:54:13.123+0000] {processor.py:840} INFO - DAG(s) 'example_sensors' retrieved from /home/airflow/.local/lib/python3.12/site-packages/airflow/example_dags/example_sensors.py
[2024-07-04T09:54:13.240+0000] {logging_mixin.py:188} INFO - [2024-07-04T09:54:13.239+0000] {dag.py:3096} INFO - Sync 1 DAGs
[2024-07-04T09:54:13.352+0000] {logging_mixin.py:188} INFO - [2024-07-04T09:54:13.351+0000] {dag.py:3954} INFO - Setting next_dagrun for example_sensors to None, run_after=None
[2024-07-04T09:54:13.474+0000] {processor.py:183} INFO - Processing /home/airflow/.local/lib/python3.12/site-packages/airflow/example_dags/example_sensors.py took 0.519 seconds
[2024-07-04T09:54:44.147+0000] {processor.py:161} INFO - Started process (PID=2322) to work on /home/airflow/.local/lib/python3.12/site-packages/airflow/example_dags/example_sensors.py
[2024-07-04T09:54:44.149+0000] {processor.py:830} INFO - Processing file /home/airflow/.local/lib/python3.12/site-packages/airflow/example_dags/example_sensors.py for tasks to queue
[2024-07-04T09:54:44.160+0000] {logging_mixin.py:188} INFO - [2024-07-04T09:54:44.160+0000] {dagbag.py:545} INFO - Filling up the DagBag from /home/airflow/.local/lib/python3.12/site-packages/airflow/example_dags/example_sensors.py
[2024-07-04T09:54:44.186+0000] {processor.py:840} INFO - DAG(s) 'example_sensors' retrieved from /home/airflow/.local/lib/python3.12/site-packages/airflow/example_dags/example_sensors.py
[2024-07-04T09:54:44.275+0000] {logging_mixin.py:188} INFO - [2024-07-04T09:54:44.274+0000] {dag.py:3096} INFO - Sync 1 DAGs
[2024-07-04T09:54:44.299+0000] {logging_mixin.py:188} INFO - [2024-07-04T09:54:44.299+0000] {dag.py:3954} INFO - Setting next_dagrun for example_sensors to None, run_after=None
[2024-07-04T09:54:44.346+0000] {processor.py:183} INFO - Processing /home/airflow/.local/lib/python3.12/site-packages/airflow/example_dags/example_sensors.py took 0.249 seconds
[2024-07-04T09:55:14.894+0000] {processor.py:161} INFO - Started process (PID=2383) to work on /home/airflow/.local/lib/python3.12/site-packages/airflow/example_dags/example_sensors.py
[2024-07-04T09:55:14.896+0000] {processor.py:830} INFO - Processing file /home/airflow/.local/lib/python3.12/site-packages/airflow/example_dags/example_sensors.py for tasks to queue
[2024-07-04T09:55:14.899+0000] {logging_mixin.py:188} INFO - [2024-07-04T09:55:14.899+0000] {dagbag.py:545} INFO - Filling up the DagBag from /home/airflow/.local/lib/python3.12/site-packages/airflow/example_dags/example_sensors.py
[2024-07-04T09:55:14.913+0000] {processor.py:840} INFO - DAG(s) 'example_sensors' retrieved from /home/airflow/.local/lib/python3.12/site-packages/airflow/example_dags/example_sensors.py
[2024-07-04T09:55:14.956+0000] {logging_mixin.py:188} INFO - [2024-07-04T09:55:14.956+0000] {dag.py:3096} INFO - Sync 1 DAGs
[2024-07-04T09:55:14.976+0000] {logging_mixin.py:188} INFO - [2024-07-04T09:55:14.976+0000] {dag.py:3954} INFO - Setting next_dagrun for example_sensors to None, run_after=None
[2024-07-04T09:55:15.008+0000] {processor.py:183} INFO - Processing /home/airflow/.local/lib/python3.12/site-packages/airflow/example_dags/example_sensors.py took 0.123 seconds
[2024-07-04T09:55:45.155+0000] {processor.py:161} INFO - Started process (PID=2442) to work on /home/airflow/.local/lib/python3.12/site-packages/airflow/example_dags/example_sensors.py
[2024-07-04T09:55:45.156+0000] {processor.py:830} INFO - Processing file /home/airflow/.local/lib/python3.12/site-packages/airflow/example_dags/example_sensors.py for tasks to queue
[2024-07-04T09:55:45.158+0000] {logging_mixin.py:188} INFO - [2024-07-04T09:55:45.158+0000] {dagbag.py:545} INFO - Filling up the DagBag from /home/airflow/.local/lib/python3.12/site-packages/airflow/example_dags/example_sensors.py
[2024-07-04T09:55:45.170+0000] {processor.py:840} INFO - DAG(s) 'example_sensors' retrieved from /home/airflow/.local/lib/python3.12/site-packages/airflow/example_dags/example_sensors.py
[2024-07-04T09:55:45.196+0000] {logging_mixin.py:188} INFO - [2024-07-04T09:55:45.196+0000] {dag.py:3096} INFO - Sync 1 DAGs
[2024-07-04T09:55:45.210+0000] {logging_mixin.py:188} INFO - [2024-07-04T09:55:45.210+0000] {dag.py:3954} INFO - Setting next_dagrun for example_sensors to None, run_after=None
[2024-07-04T09:55:45.232+0000] {processor.py:183} INFO - Processing /home/airflow/.local/lib/python3.12/site-packages/airflow/example_dags/example_sensors.py took 0.083 seconds
[2024-07-04T09:56:16.268+0000] {processor.py:161} INFO - Started process (PID=2501) to work on /home/airflow/.local/lib/python3.12/site-packages/airflow/example_dags/example_sensors.py
[2024-07-04T09:56:16.270+0000] {processor.py:830} INFO - Processing file /home/airflow/.local/lib/python3.12/site-packages/airflow/example_dags/example_sensors.py for tasks to queue
[2024-07-04T09:56:16.274+0000] {logging_mixin.py:188} INFO - [2024-07-04T09:56:16.273+0000] {dagbag.py:545} INFO - Filling up the DagBag from /home/airflow/.local/lib/python3.12/site-packages/airflow/example_dags/example_sensors.py
[2024-07-04T09:56:16.301+0000] {processor.py:840} INFO - DAG(s) 'example_sensors' retrieved from /home/airflow/.local/lib/python3.12/site-packages/airflow/example_dags/example_sensors.py
[2024-07-04T09:56:16.384+0000] {logging_mixin.py:188} INFO - [2024-07-04T09:56:16.384+0000] {dag.py:3096} INFO - Sync 1 DAGs
[2024-07-04T09:56:16.421+0000] {logging_mixin.py:188} INFO - [2024-07-04T09:56:16.420+0000] {dag.py:3954} INFO - Setting next_dagrun for example_sensors to None, run_after=None
[2024-07-04T09:56:16.454+0000] {processor.py:183} INFO - Processing /home/airflow/.local/lib/python3.12/site-packages/airflow/example_dags/example_sensors.py took 0.208 seconds
[2024-07-04T09:56:46.633+0000] {processor.py:161} INFO - Started process (PID=2560) to work on /home/airflow/.local/lib/python3.12/site-packages/airflow/example_dags/example_sensors.py
[2024-07-04T09:56:46.659+0000] {processor.py:830} INFO - Processing file /home/airflow/.local/lib/python3.12/site-packages/airflow/example_dags/example_sensors.py for tasks to queue
[2024-07-04T09:56:46.661+0000] {logging_mixin.py:188} INFO - [2024-07-04T09:56:46.661+0000] {dagbag.py:545} INFO - Filling up the DagBag from /home/airflow/.local/lib/python3.12/site-packages/airflow/example_dags/example_sensors.py
[2024-07-04T09:56:46.683+0000] {processor.py:840} INFO - DAG(s) 'example_sensors' retrieved from /home/airflow/.local/lib/python3.12/site-packages/airflow/example_dags/example_sensors.py
[2024-07-04T09:56:46.834+0000] {logging_mixin.py:188} INFO - [2024-07-04T09:56:46.834+0000] {dag.py:3096} INFO - Sync 1 DAGs
[2024-07-04T09:56:46.871+0000] {logging_mixin.py:188} INFO - [2024-07-04T09:56:46.870+0000] {dag.py:3954} INFO - Setting next_dagrun for example_sensors to None, run_after=None
[2024-07-04T09:56:46.992+0000] {processor.py:183} INFO - Processing /home/airflow/.local/lib/python3.12/site-packages/airflow/example_dags/example_sensors.py took 0.376 seconds
[2024-07-04T09:57:17.357+0000] {processor.py:161} INFO - Started process (PID=2619) to work on /home/airflow/.local/lib/python3.12/site-packages/airflow/example_dags/example_sensors.py
[2024-07-04T09:57:17.360+0000] {processor.py:830} INFO - Processing file /home/airflow/.local/lib/python3.12/site-packages/airflow/example_dags/example_sensors.py for tasks to queue
[2024-07-04T09:57:17.363+0000] {logging_mixin.py:188} INFO - [2024-07-04T09:57:17.363+0000] {dagbag.py:545} INFO - Filling up the DagBag from /home/airflow/.local/lib/python3.12/site-packages/airflow/example_dags/example_sensors.py
[2024-07-04T09:57:17.373+0000] {processor.py:840} INFO - DAG(s) 'example_sensors' retrieved from /home/airflow/.local/lib/python3.12/site-packages/airflow/example_dags/example_sensors.py
[2024-07-04T09:57:17.410+0000] {logging_mixin.py:188} INFO - [2024-07-04T09:57:17.410+0000] {dag.py:3096} INFO - Sync 1 DAGs
[2024-07-04T09:57:17.452+0000] {logging_mixin.py:188} INFO - [2024-07-04T09:57:17.451+0000] {dag.py:3954} INFO - Setting next_dagrun for example_sensors to None, run_after=None
[2024-07-04T09:57:17.523+0000] {processor.py:183} INFO - Processing /home/airflow/.local/lib/python3.12/site-packages/airflow/example_dags/example_sensors.py took 0.172 seconds
[2024-07-04T09:57:47.809+0000] {processor.py:161} INFO - Started process (PID=2679) to work on /home/airflow/.local/lib/python3.12/site-packages/airflow/example_dags/example_sensors.py
[2024-07-04T09:57:47.810+0000] {processor.py:830} INFO - Processing file /home/airflow/.local/lib/python3.12/site-packages/airflow/example_dags/example_sensors.py for tasks to queue
[2024-07-04T09:57:47.812+0000] {logging_mixin.py:188} INFO - [2024-07-04T09:57:47.812+0000] {dagbag.py:545} INFO - Filling up the DagBag from /home/airflow/.local/lib/python3.12/site-packages/airflow/example_dags/example_sensors.py
[2024-07-04T09:57:47.821+0000] {processor.py:840} INFO - DAG(s) 'example_sensors' retrieved from /home/airflow/.local/lib/python3.12/site-packages/airflow/example_dags/example_sensors.py
[2024-07-04T09:57:47.852+0000] {logging_mixin.py:188} INFO - [2024-07-04T09:57:47.852+0000] {dag.py:3096} INFO - Sync 1 DAGs
[2024-07-04T09:57:47.864+0000] {logging_mixin.py:188} INFO - [2024-07-04T09:57:47.864+0000] {dag.py:3954} INFO - Setting next_dagrun for example_sensors to None, run_after=None
[2024-07-04T09:57:47.882+0000] {processor.py:183} INFO - Processing /home/airflow/.local/lib/python3.12/site-packages/airflow/example_dags/example_sensors.py took 0.080 seconds
[2024-07-04T09:58:18.408+0000] {processor.py:161} INFO - Started process (PID=2738) to work on /home/airflow/.local/lib/python3.12/site-packages/airflow/example_dags/example_sensors.py
[2024-07-04T09:58:18.410+0000] {processor.py:830} INFO - Processing file /home/airflow/.local/lib/python3.12/site-packages/airflow/example_dags/example_sensors.py for tasks to queue
[2024-07-04T09:58:18.412+0000] {logging_mixin.py:188} INFO - [2024-07-04T09:58:18.412+0000] {dagbag.py:545} INFO - Filling up the DagBag from /home/airflow/.local/lib/python3.12/site-packages/airflow/example_dags/example_sensors.py
[2024-07-04T09:58:18.424+0000] {processor.py:840} INFO - DAG(s) 'example_sensors' retrieved from /home/airflow/.local/lib/python3.12/site-packages/airflow/example_dags/example_sensors.py
[2024-07-04T09:58:18.465+0000] {logging_mixin.py:188} INFO - [2024-07-04T09:58:18.465+0000] {dag.py:3096} INFO - Sync 1 DAGs
[2024-07-04T09:58:18.485+0000] {logging_mixin.py:188} INFO - [2024-07-04T09:58:18.485+0000] {dag.py:3954} INFO - Setting next_dagrun for example_sensors to None, run_after=None
[2024-07-04T09:58:18.514+0000] {processor.py:183} INFO - Processing /home/airflow/.local/lib/python3.12/site-packages/airflow/example_dags/example_sensors.py took 0.115 seconds
[2024-07-04T09:58:48.575+0000] {processor.py:161} INFO - Started process (PID=2798) to work on /home/airflow/.local/lib/python3.12/site-packages/airflow/example_dags/example_sensors.py
[2024-07-04T09:58:48.578+0000] {processor.py:830} INFO - Processing file /home/airflow/.local/lib/python3.12/site-packages/airflow/example_dags/example_sensors.py for tasks to queue
[2024-07-04T09:58:48.581+0000] {logging_mixin.py:188} INFO - [2024-07-04T09:58:48.580+0000] {dagbag.py:545} INFO - Filling up the DagBag from /home/airflow/.local/lib/python3.12/site-packages/airflow/example_dags/example_sensors.py
[2024-07-04T09:58:48.593+0000] {processor.py:840} INFO - DAG(s) 'example_sensors' retrieved from /home/airflow/.local/lib/python3.12/site-packages/airflow/example_dags/example_sensors.py
[2024-07-04T09:58:48.616+0000] {logging_mixin.py:188} INFO - [2024-07-04T09:58:48.616+0000] {dag.py:3096} INFO - Sync 1 DAGs
[2024-07-04T09:58:48.629+0000] {logging_mixin.py:188} INFO - [2024-07-04T09:58:48.628+0000] {dag.py:3954} INFO - Setting next_dagrun for example_sensors to None, run_after=None
[2024-07-04T09:58:48.651+0000] {processor.py:183} INFO - Processing /home/airflow/.local/lib/python3.12/site-packages/airflow/example_dags/example_sensors.py took 0.084 seconds
[2024-07-04T09:59:18.816+0000] {processor.py:161} INFO - Started process (PID=2857) to work on /home/airflow/.local/lib/python3.12/site-packages/airflow/example_dags/example_sensors.py
[2024-07-04T09:59:18.820+0000] {processor.py:830} INFO - Processing file /home/airflow/.local/lib/python3.12/site-packages/airflow/example_dags/example_sensors.py for tasks to queue
[2024-07-04T09:59:18.826+0000] {logging_mixin.py:188} INFO - [2024-07-04T09:59:18.826+0000] {dagbag.py:545} INFO - Filling up the DagBag from /home/airflow/.local/lib/python3.12/site-packages/airflow/example_dags/example_sensors.py
[2024-07-04T09:59:18.843+0000] {processor.py:840} INFO - DAG(s) 'example_sensors' retrieved from /home/airflow/.local/lib/python3.12/site-packages/airflow/example_dags/example_sensors.py
[2024-07-04T09:59:18.886+0000] {logging_mixin.py:188} INFO - [2024-07-04T09:59:18.886+0000] {dag.py:3096} INFO - Sync 1 DAGs
[2024-07-04T09:59:18.907+0000] {logging_mixin.py:188} INFO - [2024-07-04T09:59:18.907+0000] {dag.py:3954} INFO - Setting next_dagrun for example_sensors to None, run_after=None
[2024-07-04T09:59:18.932+0000] {processor.py:183} INFO - Processing /home/airflow/.local/lib/python3.12/site-packages/airflow/example_dags/example_sensors.py took 0.122 seconds
[2024-07-04T09:59:49.494+0000] {processor.py:161} INFO - Started process (PID=2916) to work on /home/airflow/.local/lib/python3.12/site-packages/airflow/example_dags/example_sensors.py
[2024-07-04T09:59:49.495+0000] {processor.py:830} INFO - Processing file /home/airflow/.local/lib/python3.12/site-packages/airflow/example_dags/example_sensors.py for tasks to queue
[2024-07-04T09:59:49.498+0000] {logging_mixin.py:188} INFO - [2024-07-04T09:59:49.497+0000] {dagbag.py:545} INFO - Filling up the DagBag from /home/airflow/.local/lib/python3.12/site-packages/airflow/example_dags/example_sensors.py
[2024-07-04T09:59:49.511+0000] {processor.py:840} INFO - DAG(s) 'example_sensors' retrieved from /home/airflow/.local/lib/python3.12/site-packages/airflow/example_dags/example_sensors.py
[2024-07-04T09:59:49.543+0000] {logging_mixin.py:188} INFO - [2024-07-04T09:59:49.543+0000] {dag.py:3096} INFO - Sync 1 DAGs
[2024-07-04T09:59:49.556+0000] {logging_mixin.py:188} INFO - [2024-07-04T09:59:49.555+0000] {dag.py:3954} INFO - Setting next_dagrun for example_sensors to None, run_after=None
[2024-07-04T09:59:49.575+0000] {processor.py:183} INFO - Processing /home/airflow/.local/lib/python3.12/site-packages/airflow/example_dags/example_sensors.py took 0.088 seconds
[2024-07-04T10:00:19.823+0000] {processor.py:161} INFO - Started process (PID=2975) to work on /home/airflow/.local/lib/python3.12/site-packages/airflow/example_dags/example_sensors.py
[2024-07-04T10:00:19.824+0000] {processor.py:830} INFO - Processing file /home/airflow/.local/lib/python3.12/site-packages/airflow/example_dags/example_sensors.py for tasks to queue
[2024-07-04T10:00:19.827+0000] {logging_mixin.py:188} INFO - [2024-07-04T10:00:19.826+0000] {dagbag.py:545} INFO - Filling up the DagBag from /home/airflow/.local/lib/python3.12/site-packages/airflow/example_dags/example_sensors.py
[2024-07-04T10:00:19.842+0000] {processor.py:840} INFO - DAG(s) 'example_sensors' retrieved from /home/airflow/.local/lib/python3.12/site-packages/airflow/example_dags/example_sensors.py
[2024-07-04T10:00:19.880+0000] {logging_mixin.py:188} INFO - [2024-07-04T10:00:19.880+0000] {dag.py:3096} INFO - Sync 1 DAGs
[2024-07-04T10:00:19.896+0000] {logging_mixin.py:188} INFO - [2024-07-04T10:00:19.895+0000] {dag.py:3954} INFO - Setting next_dagrun for example_sensors to None, run_after=None
[2024-07-04T10:00:19.919+0000] {processor.py:183} INFO - Processing /home/airflow/.local/lib/python3.12/site-packages/airflow/example_dags/example_sensors.py took 0.108 seconds
[2024-07-04T10:00:50.852+0000] {processor.py:161} INFO - Started process (PID=3036) to work on /home/airflow/.local/lib/python3.12/site-packages/airflow/example_dags/example_sensors.py
[2024-07-04T10:00:50.854+0000] {processor.py:830} INFO - Processing file /home/airflow/.local/lib/python3.12/site-packages/airflow/example_dags/example_sensors.py for tasks to queue
[2024-07-04T10:00:50.870+0000] {logging_mixin.py:188} INFO - [2024-07-04T10:00:50.869+0000] {dagbag.py:545} INFO - Filling up the DagBag from /home/airflow/.local/lib/python3.12/site-packages/airflow/example_dags/example_sensors.py
[2024-07-04T10:00:50.925+0000] {processor.py:840} INFO - DAG(s) 'example_sensors' retrieved from /home/airflow/.local/lib/python3.12/site-packages/airflow/example_dags/example_sensors.py
[2024-07-04T10:00:51.060+0000] {logging_mixin.py:188} INFO - [2024-07-04T10:00:51.059+0000] {dag.py:3096} INFO - Sync 1 DAGs
[2024-07-04T10:00:51.114+0000] {logging_mixin.py:188} INFO - [2024-07-04T10:00:51.113+0000] {dag.py:3954} INFO - Setting next_dagrun for example_sensors to None, run_after=None
[2024-07-04T10:00:51.198+0000] {processor.py:183} INFO - Processing /home/airflow/.local/lib/python3.12/site-packages/airflow/example_dags/example_sensors.py took 0.379 seconds
[2024-07-04T10:01:21.979+0000] {processor.py:161} INFO - Started process (PID=3095) to work on /home/airflow/.local/lib/python3.12/site-packages/airflow/example_dags/example_sensors.py
[2024-07-04T10:01:21.990+0000] {processor.py:830} INFO - Processing file /home/airflow/.local/lib/python3.12/site-packages/airflow/example_dags/example_sensors.py for tasks to queue
[2024-07-04T10:01:21.994+0000] {logging_mixin.py:188} INFO - [2024-07-04T10:01:21.993+0000] {dagbag.py:545} INFO - Filling up the DagBag from /home/airflow/.local/lib/python3.12/site-packages/airflow/example_dags/example_sensors.py
[2024-07-04T10:01:22.034+0000] {processor.py:840} INFO - DAG(s) 'example_sensors' retrieved from /home/airflow/.local/lib/python3.12/site-packages/airflow/example_dags/example_sensors.py
[2024-07-04T10:01:22.158+0000] {logging_mixin.py:188} INFO - [2024-07-04T10:01:22.158+0000] {dag.py:3096} INFO - Sync 1 DAGs
[2024-07-04T10:01:22.194+0000] {logging_mixin.py:188} INFO - [2024-07-04T10:01:22.194+0000] {dag.py:3954} INFO - Setting next_dagrun for example_sensors to None, run_after=None
[2024-07-04T10:01:22.243+0000] {processor.py:183} INFO - Processing /home/airflow/.local/lib/python3.12/site-packages/airflow/example_dags/example_sensors.py took 0.273 seconds
[2024-07-04T10:01:53.165+0000] {processor.py:161} INFO - Started process (PID=3155) to work on /home/airflow/.local/lib/python3.12/site-packages/airflow/example_dags/example_sensors.py
[2024-07-04T10:01:53.166+0000] {processor.py:830} INFO - Processing file /home/airflow/.local/lib/python3.12/site-packages/airflow/example_dags/example_sensors.py for tasks to queue
[2024-07-04T10:01:53.168+0000] {logging_mixin.py:188} INFO - [2024-07-04T10:01:53.168+0000] {dagbag.py:545} INFO - Filling up the DagBag from /home/airflow/.local/lib/python3.12/site-packages/airflow/example_dags/example_sensors.py
[2024-07-04T10:01:53.176+0000] {processor.py:840} INFO - DAG(s) 'example_sensors' retrieved from /home/airflow/.local/lib/python3.12/site-packages/airflow/example_dags/example_sensors.py
[2024-07-04T10:01:53.198+0000] {logging_mixin.py:188} INFO - [2024-07-04T10:01:53.198+0000] {dag.py:3096} INFO - Sync 1 DAGs
[2024-07-04T10:01:53.212+0000] {logging_mixin.py:188} INFO - [2024-07-04T10:01:53.212+0000] {dag.py:3954} INFO - Setting next_dagrun for example_sensors to None, run_after=None
[2024-07-04T10:01:53.241+0000] {processor.py:183} INFO - Processing /home/airflow/.local/lib/python3.12/site-packages/airflow/example_dags/example_sensors.py took 0.082 seconds
[2024-07-04T10:02:23.739+0000] {processor.py:161} INFO - Started process (PID=3214) to work on /home/airflow/.local/lib/python3.12/site-packages/airflow/example_dags/example_sensors.py
[2024-07-04T10:02:23.741+0000] {processor.py:830} INFO - Processing file /home/airflow/.local/lib/python3.12/site-packages/airflow/example_dags/example_sensors.py for tasks to queue
[2024-07-04T10:02:23.743+0000] {logging_mixin.py:188} INFO - [2024-07-04T10:02:23.743+0000] {dagbag.py:545} INFO - Filling up the DagBag from /home/airflow/.local/lib/python3.12/site-packages/airflow/example_dags/example_sensors.py
[2024-07-04T10:02:23.754+0000] {processor.py:840} INFO - DAG(s) 'example_sensors' retrieved from /home/airflow/.local/lib/python3.12/site-packages/airflow/example_dags/example_sensors.py
[2024-07-04T10:02:23.786+0000] {logging_mixin.py:188} INFO - [2024-07-04T10:02:23.786+0000] {dag.py:3096} INFO - Sync 1 DAGs
[2024-07-04T10:02:23.798+0000] {logging_mixin.py:188} INFO - [2024-07-04T10:02:23.798+0000] {dag.py:3954} INFO - Setting next_dagrun for example_sensors to None, run_after=None
[2024-07-04T10:02:23.819+0000] {processor.py:183} INFO - Processing /home/airflow/.local/lib/python3.12/site-packages/airflow/example_dags/example_sensors.py took 0.088 seconds
[2024-07-04T10:02:54.272+0000] {processor.py:161} INFO - Started process (PID=3274) to work on /home/airflow/.local/lib/python3.12/site-packages/airflow/example_dags/example_sensors.py
[2024-07-04T10:02:54.273+0000] {processor.py:830} INFO - Processing file /home/airflow/.local/lib/python3.12/site-packages/airflow/example_dags/example_sensors.py for tasks to queue
[2024-07-04T10:02:54.275+0000] {logging_mixin.py:188} INFO - [2024-07-04T10:02:54.275+0000] {dagbag.py:545} INFO - Filling up the DagBag from /home/airflow/.local/lib/python3.12/site-packages/airflow/example_dags/example_sensors.py
[2024-07-04T10:02:54.285+0000] {processor.py:840} INFO - DAG(s) 'example_sensors' retrieved from /home/airflow/.local/lib/python3.12/site-packages/airflow/example_dags/example_sensors.py
[2024-07-04T10:02:54.316+0000] {logging_mixin.py:188} INFO - [2024-07-04T10:02:54.315+0000] {dag.py:3096} INFO - Sync 1 DAGs
[2024-07-04T10:02:54.337+0000] {logging_mixin.py:188} INFO - [2024-07-04T10:02:54.336+0000] {dag.py:3954} INFO - Setting next_dagrun for example_sensors to None, run_after=None
[2024-07-04T10:02:54.362+0000] {processor.py:183} INFO - Processing /home/airflow/.local/lib/python3.12/site-packages/airflow/example_dags/example_sensors.py took 0.095 seconds
[2024-07-04T10:03:24.848+0000] {processor.py:161} INFO - Started process (PID=3333) to work on /home/airflow/.local/lib/python3.12/site-packages/airflow/example_dags/example_sensors.py
[2024-07-04T10:03:24.850+0000] {processor.py:830} INFO - Processing file /home/airflow/.local/lib/python3.12/site-packages/airflow/example_dags/example_sensors.py for tasks to queue
[2024-07-04T10:03:24.853+0000] {logging_mixin.py:188} INFO - [2024-07-04T10:03:24.852+0000] {dagbag.py:545} INFO - Filling up the DagBag from /home/airflow/.local/lib/python3.12/site-packages/airflow/example_dags/example_sensors.py
[2024-07-04T10:03:24.871+0000] {processor.py:840} INFO - DAG(s) 'example_sensors' retrieved from /home/airflow/.local/lib/python3.12/site-packages/airflow/example_dags/example_sensors.py
[2024-07-04T10:03:24.931+0000] {logging_mixin.py:188} INFO - [2024-07-04T10:03:24.930+0000] {dag.py:3096} INFO - Sync 1 DAGs
[2024-07-04T10:03:24.970+0000] {logging_mixin.py:188} INFO - [2024-07-04T10:03:24.969+0000] {dag.py:3954} INFO - Setting next_dagrun for example_sensors to None, run_after=None
[2024-07-04T10:03:25.035+0000] {processor.py:183} INFO - Processing /home/airflow/.local/lib/python3.12/site-packages/airflow/example_dags/example_sensors.py took 0.197 seconds
[2024-07-04T10:03:56.181+0000] {processor.py:161} INFO - Started process (PID=3392) to work on /home/airflow/.local/lib/python3.12/site-packages/airflow/example_dags/example_sensors.py
[2024-07-04T10:03:56.207+0000] {processor.py:830} INFO - Processing file /home/airflow/.local/lib/python3.12/site-packages/airflow/example_dags/example_sensors.py for tasks to queue
[2024-07-04T10:03:56.503+0000] {logging_mixin.py:188} INFO - [2024-07-04T10:03:56.449+0000] {dagbag.py:545} INFO - Filling up the DagBag from /home/airflow/.local/lib/python3.12/site-packages/airflow/example_dags/example_sensors.py
[2024-07-04T10:03:57.115+0000] {processor.py:840} INFO - DAG(s) 'example_sensors' retrieved from /home/airflow/.local/lib/python3.12/site-packages/airflow/example_dags/example_sensors.py
[2024-07-04T10:03:59.227+0000] {logging_mixin.py:188} INFO - [2024-07-04T10:03:59.226+0000] {dag.py:3096} INFO - Sync 1 DAGs
[2024-07-04T10:03:59.652+0000] {logging_mixin.py:188} INFO - [2024-07-04T10:03:59.652+0000] {dag.py:3954} INFO - Setting next_dagrun for example_sensors to None, run_after=None
[2024-07-04T10:04:00.006+0000] {processor.py:183} INFO - Processing /home/airflow/.local/lib/python3.12/site-packages/airflow/example_dags/example_sensors.py took 4.151 seconds
