[2024-07-04T09:34:38.508+0000] {processor.py:161} INFO - Started process (PID=42) to work on /home/airflow/.local/lib/python3.12/site-packages/airflow/example_dags/example_setup_teardown.py
[2024-07-04T09:34:38.614+0000] {processor.py:830} INFO - Processing file /home/airflow/.local/lib/python3.12/site-packages/airflow/example_dags/example_setup_teardown.py for tasks to queue
[2024-07-04T09:34:38.642+0000] {logging_mixin.py:188} INFO - [2024-07-04T09:34:38.642+0000] {dagbag.py:545} INFO - Filling up the DagBag from /home/airflow/.local/lib/python3.12/site-packages/airflow/example_dags/example_setup_teardown.py
[2024-07-04T09:34:38.766+0000] {processor.py:840} INFO - DAG(s) 'example_setup_teardown' retrieved from /home/airflow/.local/lib/python3.12/site-packages/airflow/example_dags/example_setup_teardown.py
[2024-07-04T09:34:43.362+0000] {logging_mixin.py:188} INFO - [2024-07-04T09:34:43.360+0000] {dag.py:3096} INFO - Sync 1 DAGs
[2024-07-04T09:34:43.561+0000] {logging_mixin.py:188} INFO - [2024-07-04T09:34:43.561+0000] {dag.py:3954} INFO - Setting next_dagrun for example_setup_teardown to 2024-07-03 00:00:00+00:00, run_after=2024-07-04 00:00:00+00:00
[2024-07-04T09:34:43.726+0000] {processor.py:183} INFO - Processing /home/airflow/.local/lib/python3.12/site-packages/airflow/example_dags/example_setup_teardown.py took 5.242 seconds
[2024-07-04T09:35:16.076+0000] {processor.py:161} INFO - Started process (PID=100) to work on /home/airflow/.local/lib/python3.12/site-packages/airflow/example_dags/example_setup_teardown.py
[2024-07-04T09:35:16.077+0000] {processor.py:830} INFO - Processing file /home/airflow/.local/lib/python3.12/site-packages/airflow/example_dags/example_setup_teardown.py for tasks to queue
[2024-07-04T09:35:16.079+0000] {logging_mixin.py:188} INFO - [2024-07-04T09:35:16.079+0000] {dagbag.py:545} INFO - Filling up the DagBag from /home/airflow/.local/lib/python3.12/site-packages/airflow/example_dags/example_setup_teardown.py
[2024-07-04T09:35:16.087+0000] {processor.py:840} INFO - DAG(s) 'example_setup_teardown' retrieved from /home/airflow/.local/lib/python3.12/site-packages/airflow/example_dags/example_setup_teardown.py
[2024-07-04T09:35:16.109+0000] {logging_mixin.py:188} INFO - [2024-07-04T09:35:16.109+0000] {dag.py:3096} INFO - Sync 1 DAGs
[2024-07-04T09:35:16.131+0000] {logging_mixin.py:188} INFO - [2024-07-04T09:35:16.130+0000] {dag.py:3954} INFO - Setting next_dagrun for example_setup_teardown to 2024-07-03 00:00:00+00:00, run_after=2024-07-04 00:00:00+00:00
[2024-07-04T09:35:16.150+0000] {processor.py:183} INFO - Processing /home/airflow/.local/lib/python3.12/site-packages/airflow/example_dags/example_setup_teardown.py took 0.081 seconds
[2024-07-04T09:35:47.015+0000] {processor.py:161} INFO - Started process (PID=157) to work on /home/airflow/.local/lib/python3.12/site-packages/airflow/example_dags/example_setup_teardown.py
[2024-07-04T09:35:47.016+0000] {processor.py:830} INFO - Processing file /home/airflow/.local/lib/python3.12/site-packages/airflow/example_dags/example_setup_teardown.py for tasks to queue
[2024-07-04T09:35:47.018+0000] {logging_mixin.py:188} INFO - [2024-07-04T09:35:47.018+0000] {dagbag.py:545} INFO - Filling up the DagBag from /home/airflow/.local/lib/python3.12/site-packages/airflow/example_dags/example_setup_teardown.py
[2024-07-04T09:35:47.036+0000] {processor.py:840} INFO - DAG(s) 'example_setup_teardown' retrieved from /home/airflow/.local/lib/python3.12/site-packages/airflow/example_dags/example_setup_teardown.py
[2024-07-04T09:35:47.070+0000] {logging_mixin.py:188} INFO - [2024-07-04T09:35:47.069+0000] {dag.py:3096} INFO - Sync 1 DAGs
[2024-07-04T09:35:47.124+0000] {logging_mixin.py:188} INFO - [2024-07-04T09:35:47.123+0000] {dag.py:3954} INFO - Setting next_dagrun for example_setup_teardown to 2024-07-03 00:00:00+00:00, run_after=2024-07-04 00:00:00+00:00
[2024-07-04T09:35:47.172+0000] {processor.py:183} INFO - Processing /home/airflow/.local/lib/python3.12/site-packages/airflow/example_dags/example_setup_teardown.py took 0.162 seconds
[2024-07-04T09:36:19.652+0000] {processor.py:161} INFO - Started process (PID=216) to work on /home/airflow/.local/lib/python3.12/site-packages/airflow/example_dags/example_setup_teardown.py
[2024-07-04T09:36:19.670+0000] {processor.py:830} INFO - Processing file /home/airflow/.local/lib/python3.12/site-packages/airflow/example_dags/example_setup_teardown.py for tasks to queue
[2024-07-04T09:36:19.672+0000] {logging_mixin.py:188} INFO - [2024-07-04T09:36:19.672+0000] {dagbag.py:545} INFO - Filling up the DagBag from /home/airflow/.local/lib/python3.12/site-packages/airflow/example_dags/example_setup_teardown.py
[2024-07-04T09:36:19.692+0000] {processor.py:840} INFO - DAG(s) 'example_setup_teardown' retrieved from /home/airflow/.local/lib/python3.12/site-packages/airflow/example_dags/example_setup_teardown.py
[2024-07-04T09:36:20.156+0000] {logging_mixin.py:188} INFO - [2024-07-04T09:36:20.156+0000] {dag.py:3096} INFO - Sync 1 DAGs
[2024-07-04T09:36:20.507+0000] {logging_mixin.py:188} INFO - [2024-07-04T09:36:20.507+0000] {dag.py:3954} INFO - Setting next_dagrun for example_setup_teardown to 2024-07-03 00:00:00+00:00, run_after=2024-07-04 00:00:00+00:00
[2024-07-04T09:36:20.860+0000] {processor.py:183} INFO - Processing /home/airflow/.local/lib/python3.12/site-packages/airflow/example_dags/example_setup_teardown.py took 1.214 seconds
[2024-07-04T09:36:51.743+0000] {processor.py:161} INFO - Started process (PID=274) to work on /home/airflow/.local/lib/python3.12/site-packages/airflow/example_dags/example_setup_teardown.py
[2024-07-04T09:36:51.745+0000] {processor.py:830} INFO - Processing file /home/airflow/.local/lib/python3.12/site-packages/airflow/example_dags/example_setup_teardown.py for tasks to queue
[2024-07-04T09:36:51.746+0000] {logging_mixin.py:188} INFO - [2024-07-04T09:36:51.746+0000] {dagbag.py:545} INFO - Filling up the DagBag from /home/airflow/.local/lib/python3.12/site-packages/airflow/example_dags/example_setup_teardown.py
[2024-07-04T09:36:51.753+0000] {processor.py:840} INFO - DAG(s) 'example_setup_teardown' retrieved from /home/airflow/.local/lib/python3.12/site-packages/airflow/example_dags/example_setup_teardown.py
[2024-07-04T09:36:51.775+0000] {logging_mixin.py:188} INFO - [2024-07-04T09:36:51.775+0000] {dag.py:3096} INFO - Sync 1 DAGs
[2024-07-04T09:36:51.799+0000] {logging_mixin.py:188} INFO - [2024-07-04T09:36:51.798+0000] {dag.py:3954} INFO - Setting next_dagrun for example_setup_teardown to 2024-07-03 00:00:00+00:00, run_after=2024-07-04 00:00:00+00:00
[2024-07-04T09:36:51.818+0000] {processor.py:183} INFO - Processing /home/airflow/.local/lib/python3.12/site-packages/airflow/example_dags/example_setup_teardown.py took 0.080 seconds
[2024-07-04T09:37:22.176+0000] {processor.py:161} INFO - Started process (PID=333) to work on /home/airflow/.local/lib/python3.12/site-packages/airflow/example_dags/example_setup_teardown.py
[2024-07-04T09:37:22.177+0000] {processor.py:830} INFO - Processing file /home/airflow/.local/lib/python3.12/site-packages/airflow/example_dags/example_setup_teardown.py for tasks to queue
[2024-07-04T09:37:22.179+0000] {logging_mixin.py:188} INFO - [2024-07-04T09:37:22.179+0000] {dagbag.py:545} INFO - Filling up the DagBag from /home/airflow/.local/lib/python3.12/site-packages/airflow/example_dags/example_setup_teardown.py
[2024-07-04T09:37:22.186+0000] {processor.py:840} INFO - DAG(s) 'example_setup_teardown' retrieved from /home/airflow/.local/lib/python3.12/site-packages/airflow/example_dags/example_setup_teardown.py
[2024-07-04T09:37:22.210+0000] {logging_mixin.py:188} INFO - [2024-07-04T09:37:22.210+0000] {dag.py:3096} INFO - Sync 1 DAGs
[2024-07-04T09:37:22.234+0000] {logging_mixin.py:188} INFO - [2024-07-04T09:37:22.234+0000] {dag.py:3954} INFO - Setting next_dagrun for example_setup_teardown to 2024-07-03 00:00:00+00:00, run_after=2024-07-04 00:00:00+00:00
[2024-07-04T09:37:22.251+0000] {processor.py:183} INFO - Processing /home/airflow/.local/lib/python3.12/site-packages/airflow/example_dags/example_setup_teardown.py took 0.082 seconds
[2024-07-04T09:37:52.605+0000] {processor.py:161} INFO - Started process (PID=392) to work on /home/airflow/.local/lib/python3.12/site-packages/airflow/example_dags/example_setup_teardown.py
[2024-07-04T09:37:52.608+0000] {processor.py:830} INFO - Processing file /home/airflow/.local/lib/python3.12/site-packages/airflow/example_dags/example_setup_teardown.py for tasks to queue
[2024-07-04T09:37:52.610+0000] {logging_mixin.py:188} INFO - [2024-07-04T09:37:52.609+0000] {dagbag.py:545} INFO - Filling up the DagBag from /home/airflow/.local/lib/python3.12/site-packages/airflow/example_dags/example_setup_teardown.py
[2024-07-04T09:37:52.623+0000] {processor.py:840} INFO - DAG(s) 'example_setup_teardown' retrieved from /home/airflow/.local/lib/python3.12/site-packages/airflow/example_dags/example_setup_teardown.py
[2024-07-04T09:37:52.645+0000] {logging_mixin.py:188} INFO - [2024-07-04T09:37:52.645+0000] {dag.py:3096} INFO - Sync 1 DAGs
[2024-07-04T09:37:52.671+0000] {logging_mixin.py:188} INFO - [2024-07-04T09:37:52.671+0000] {dag.py:3954} INFO - Setting next_dagrun for example_setup_teardown to 2024-07-03 00:00:00+00:00, run_after=2024-07-04 00:00:00+00:00
[2024-07-04T09:37:52.696+0000] {processor.py:183} INFO - Processing /home/airflow/.local/lib/python3.12/site-packages/airflow/example_dags/example_setup_teardown.py took 0.097 seconds
[2024-07-04T09:38:22.950+0000] {processor.py:161} INFO - Started process (PID=451) to work on /home/airflow/.local/lib/python3.12/site-packages/airflow/example_dags/example_setup_teardown.py
[2024-07-04T09:38:22.951+0000] {processor.py:830} INFO - Processing file /home/airflow/.local/lib/python3.12/site-packages/airflow/example_dags/example_setup_teardown.py for tasks to queue
[2024-07-04T09:38:22.953+0000] {logging_mixin.py:188} INFO - [2024-07-04T09:38:22.953+0000] {dagbag.py:545} INFO - Filling up the DagBag from /home/airflow/.local/lib/python3.12/site-packages/airflow/example_dags/example_setup_teardown.py
[2024-07-04T09:38:22.962+0000] {processor.py:840} INFO - DAG(s) 'example_setup_teardown' retrieved from /home/airflow/.local/lib/python3.12/site-packages/airflow/example_dags/example_setup_teardown.py
[2024-07-04T09:38:22.983+0000] {logging_mixin.py:188} INFO - [2024-07-04T09:38:22.983+0000] {dag.py:3096} INFO - Sync 1 DAGs
[2024-07-04T09:38:23.005+0000] {logging_mixin.py:188} INFO - [2024-07-04T09:38:23.005+0000] {dag.py:3954} INFO - Setting next_dagrun for example_setup_teardown to 2024-07-03 00:00:00+00:00, run_after=2024-07-04 00:00:00+00:00
[2024-07-04T09:38:23.028+0000] {processor.py:183} INFO - Processing /home/airflow/.local/lib/python3.12/site-packages/airflow/example_dags/example_setup_teardown.py took 0.083 seconds
[2024-07-04T09:38:53.155+0000] {processor.py:161} INFO - Started process (PID=511) to work on /home/airflow/.local/lib/python3.12/site-packages/airflow/example_dags/example_setup_teardown.py
[2024-07-04T09:38:53.156+0000] {processor.py:830} INFO - Processing file /home/airflow/.local/lib/python3.12/site-packages/airflow/example_dags/example_setup_teardown.py for tasks to queue
[2024-07-04T09:38:53.158+0000] {logging_mixin.py:188} INFO - [2024-07-04T09:38:53.158+0000] {dagbag.py:545} INFO - Filling up the DagBag from /home/airflow/.local/lib/python3.12/site-packages/airflow/example_dags/example_setup_teardown.py
[2024-07-04T09:38:53.164+0000] {processor.py:840} INFO - DAG(s) 'example_setup_teardown' retrieved from /home/airflow/.local/lib/python3.12/site-packages/airflow/example_dags/example_setup_teardown.py
[2024-07-04T09:38:53.183+0000] {logging_mixin.py:188} INFO - [2024-07-04T09:38:53.183+0000] {dag.py:3096} INFO - Sync 1 DAGs
[2024-07-04T09:38:53.210+0000] {logging_mixin.py:188} INFO - [2024-07-04T09:38:53.209+0000] {dag.py:3954} INFO - Setting next_dagrun for example_setup_teardown to 2024-07-03 00:00:00+00:00, run_after=2024-07-04 00:00:00+00:00
[2024-07-04T09:38:53.231+0000] {processor.py:183} INFO - Processing /home/airflow/.local/lib/python3.12/site-packages/airflow/example_dags/example_setup_teardown.py took 0.081 seconds
[2024-07-04T09:39:23.903+0000] {processor.py:161} INFO - Started process (PID=570) to work on /home/airflow/.local/lib/python3.12/site-packages/airflow/example_dags/example_setup_teardown.py
[2024-07-04T09:39:23.904+0000] {processor.py:830} INFO - Processing file /home/airflow/.local/lib/python3.12/site-packages/airflow/example_dags/example_setup_teardown.py for tasks to queue
[2024-07-04T09:39:23.906+0000] {logging_mixin.py:188} INFO - [2024-07-04T09:39:23.906+0000] {dagbag.py:545} INFO - Filling up the DagBag from /home/airflow/.local/lib/python3.12/site-packages/airflow/example_dags/example_setup_teardown.py
[2024-07-04T09:39:23.912+0000] {processor.py:840} INFO - DAG(s) 'example_setup_teardown' retrieved from /home/airflow/.local/lib/python3.12/site-packages/airflow/example_dags/example_setup_teardown.py
[2024-07-04T09:39:23.930+0000] {logging_mixin.py:188} INFO - [2024-07-04T09:39:23.930+0000] {dag.py:3096} INFO - Sync 1 DAGs
[2024-07-04T09:39:23.950+0000] {logging_mixin.py:188} INFO - [2024-07-04T09:39:23.950+0000] {dag.py:3954} INFO - Setting next_dagrun for example_setup_teardown to 2024-07-03 00:00:00+00:00, run_after=2024-07-04 00:00:00+00:00
[2024-07-04T09:39:23.968+0000] {processor.py:183} INFO - Processing /home/airflow/.local/lib/python3.12/site-packages/airflow/example_dags/example_setup_teardown.py took 0.070 seconds
[2024-07-04T09:39:54.121+0000] {processor.py:161} INFO - Started process (PID=629) to work on /home/airflow/.local/lib/python3.12/site-packages/airflow/example_dags/example_setup_teardown.py
[2024-07-04T09:39:54.122+0000] {processor.py:830} INFO - Processing file /home/airflow/.local/lib/python3.12/site-packages/airflow/example_dags/example_setup_teardown.py for tasks to queue
[2024-07-04T09:39:54.124+0000] {logging_mixin.py:188} INFO - [2024-07-04T09:39:54.124+0000] {dagbag.py:545} INFO - Filling up the DagBag from /home/airflow/.local/lib/python3.12/site-packages/airflow/example_dags/example_setup_teardown.py
[2024-07-04T09:39:54.130+0000] {processor.py:840} INFO - DAG(s) 'example_setup_teardown' retrieved from /home/airflow/.local/lib/python3.12/site-packages/airflow/example_dags/example_setup_teardown.py
[2024-07-04T09:39:54.149+0000] {logging_mixin.py:188} INFO - [2024-07-04T09:39:54.149+0000] {dag.py:3096} INFO - Sync 1 DAGs
[2024-07-04T09:39:54.174+0000] {logging_mixin.py:188} INFO - [2024-07-04T09:39:54.173+0000] {dag.py:3954} INFO - Setting next_dagrun for example_setup_teardown to 2024-07-03 00:00:00+00:00, run_after=2024-07-04 00:00:00+00:00
[2024-07-04T09:39:54.194+0000] {processor.py:183} INFO - Processing /home/airflow/.local/lib/python3.12/site-packages/airflow/example_dags/example_setup_teardown.py took 0.078 seconds
[2024-07-04T09:40:24.245+0000] {processor.py:161} INFO - Started process (PID=688) to work on /home/airflow/.local/lib/python3.12/site-packages/airflow/example_dags/example_setup_teardown.py
[2024-07-04T09:40:24.246+0000] {processor.py:830} INFO - Processing file /home/airflow/.local/lib/python3.12/site-packages/airflow/example_dags/example_setup_teardown.py for tasks to queue
[2024-07-04T09:40:24.248+0000] {logging_mixin.py:188} INFO - [2024-07-04T09:40:24.248+0000] {dagbag.py:545} INFO - Filling up the DagBag from /home/airflow/.local/lib/python3.12/site-packages/airflow/example_dags/example_setup_teardown.py
[2024-07-04T09:40:24.256+0000] {processor.py:840} INFO - DAG(s) 'example_setup_teardown' retrieved from /home/airflow/.local/lib/python3.12/site-packages/airflow/example_dags/example_setup_teardown.py
[2024-07-04T09:40:24.283+0000] {logging_mixin.py:188} INFO - [2024-07-04T09:40:24.282+0000] {dag.py:3096} INFO - Sync 1 DAGs
[2024-07-04T09:40:24.311+0000] {logging_mixin.py:188} INFO - [2024-07-04T09:40:24.311+0000] {dag.py:3954} INFO - Setting next_dagrun for example_setup_teardown to 2024-07-03 00:00:00+00:00, run_after=2024-07-04 00:00:00+00:00
[2024-07-04T09:40:24.332+0000] {processor.py:183} INFO - Processing /home/airflow/.local/lib/python3.12/site-packages/airflow/example_dags/example_setup_teardown.py took 0.093 seconds
[2024-07-04T09:40:54.515+0000] {processor.py:161} INFO - Started process (PID=747) to work on /home/airflow/.local/lib/python3.12/site-packages/airflow/example_dags/example_setup_teardown.py
[2024-07-04T09:40:54.516+0000] {processor.py:830} INFO - Processing file /home/airflow/.local/lib/python3.12/site-packages/airflow/example_dags/example_setup_teardown.py for tasks to queue
[2024-07-04T09:40:54.518+0000] {logging_mixin.py:188} INFO - [2024-07-04T09:40:54.518+0000] {dagbag.py:545} INFO - Filling up the DagBag from /home/airflow/.local/lib/python3.12/site-packages/airflow/example_dags/example_setup_teardown.py
[2024-07-04T09:40:54.526+0000] {processor.py:840} INFO - DAG(s) 'example_setup_teardown' retrieved from /home/airflow/.local/lib/python3.12/site-packages/airflow/example_dags/example_setup_teardown.py
[2024-07-04T09:40:54.546+0000] {logging_mixin.py:188} INFO - [2024-07-04T09:40:54.545+0000] {dag.py:3096} INFO - Sync 1 DAGs
[2024-07-04T09:40:54.569+0000] {logging_mixin.py:188} INFO - [2024-07-04T09:40:54.569+0000] {dag.py:3954} INFO - Setting next_dagrun for example_setup_teardown to 2024-07-03 00:00:00+00:00, run_after=2024-07-04 00:00:00+00:00
[2024-07-04T09:40:54.588+0000] {processor.py:183} INFO - Processing /home/airflow/.local/lib/python3.12/site-packages/airflow/example_dags/example_setup_teardown.py took 0.080 seconds
[2024-07-04T09:41:24.699+0000] {processor.py:161} INFO - Started process (PID=807) to work on /home/airflow/.local/lib/python3.12/site-packages/airflow/example_dags/example_setup_teardown.py
[2024-07-04T09:41:24.700+0000] {processor.py:830} INFO - Processing file /home/airflow/.local/lib/python3.12/site-packages/airflow/example_dags/example_setup_teardown.py for tasks to queue
[2024-07-04T09:41:24.702+0000] {logging_mixin.py:188} INFO - [2024-07-04T09:41:24.701+0000] {dagbag.py:545} INFO - Filling up the DagBag from /home/airflow/.local/lib/python3.12/site-packages/airflow/example_dags/example_setup_teardown.py
[2024-07-04T09:41:24.709+0000] {processor.py:840} INFO - DAG(s) 'example_setup_teardown' retrieved from /home/airflow/.local/lib/python3.12/site-packages/airflow/example_dags/example_setup_teardown.py
[2024-07-04T09:41:24.729+0000] {logging_mixin.py:188} INFO - [2024-07-04T09:41:24.729+0000] {dag.py:3096} INFO - Sync 1 DAGs
[2024-07-04T09:41:24.751+0000] {logging_mixin.py:188} INFO - [2024-07-04T09:41:24.750+0000] {dag.py:3954} INFO - Setting next_dagrun for example_setup_teardown to 2024-07-03 00:00:00+00:00, run_after=2024-07-04 00:00:00+00:00
[2024-07-04T09:41:24.776+0000] {processor.py:183} INFO - Processing /home/airflow/.local/lib/python3.12/site-packages/airflow/example_dags/example_setup_teardown.py took 0.082 seconds
[2024-07-04T09:41:55.074+0000] {processor.py:161} INFO - Started process (PID=866) to work on /home/airflow/.local/lib/python3.12/site-packages/airflow/example_dags/example_setup_teardown.py
[2024-07-04T09:41:55.075+0000] {processor.py:830} INFO - Processing file /home/airflow/.local/lib/python3.12/site-packages/airflow/example_dags/example_setup_teardown.py for tasks to queue
[2024-07-04T09:41:55.077+0000] {logging_mixin.py:188} INFO - [2024-07-04T09:41:55.076+0000] {dagbag.py:545} INFO - Filling up the DagBag from /home/airflow/.local/lib/python3.12/site-packages/airflow/example_dags/example_setup_teardown.py
[2024-07-04T09:41:55.083+0000] {processor.py:840} INFO - DAG(s) 'example_setup_teardown' retrieved from /home/airflow/.local/lib/python3.12/site-packages/airflow/example_dags/example_setup_teardown.py
[2024-07-04T09:41:55.103+0000] {logging_mixin.py:188} INFO - [2024-07-04T09:41:55.102+0000] {dag.py:3096} INFO - Sync 1 DAGs
[2024-07-04T09:41:55.125+0000] {logging_mixin.py:188} INFO - [2024-07-04T09:41:55.124+0000] {dag.py:3954} INFO - Setting next_dagrun for example_setup_teardown to 2024-07-03 00:00:00+00:00, run_after=2024-07-04 00:00:00+00:00
[2024-07-04T09:41:55.147+0000] {processor.py:183} INFO - Processing /home/airflow/.local/lib/python3.12/site-packages/airflow/example_dags/example_setup_teardown.py took 0.079 seconds
[2024-07-04T09:42:25.849+0000] {processor.py:161} INFO - Started process (PID=924) to work on /home/airflow/.local/lib/python3.12/site-packages/airflow/example_dags/example_setup_teardown.py
[2024-07-04T09:42:25.857+0000] {processor.py:830} INFO - Processing file /home/airflow/.local/lib/python3.12/site-packages/airflow/example_dags/example_setup_teardown.py for tasks to queue
[2024-07-04T09:42:25.896+0000] {logging_mixin.py:188} INFO - [2024-07-04T09:42:25.894+0000] {dagbag.py:545} INFO - Filling up the DagBag from /home/airflow/.local/lib/python3.12/site-packages/airflow/example_dags/example_setup_teardown.py
[2024-07-04T09:42:25.966+0000] {processor.py:840} INFO - DAG(s) 'example_setup_teardown' retrieved from /home/airflow/.local/lib/python3.12/site-packages/airflow/example_dags/example_setup_teardown.py
[2024-07-04T09:42:26.131+0000] {logging_mixin.py:188} INFO - [2024-07-04T09:42:26.130+0000] {dag.py:3096} INFO - Sync 1 DAGs
[2024-07-04T09:42:26.311+0000] {logging_mixin.py:188} INFO - [2024-07-04T09:42:26.310+0000] {dag.py:3954} INFO - Setting next_dagrun for example_setup_teardown to 2024-07-03 00:00:00+00:00, run_after=2024-07-04 00:00:00+00:00
[2024-07-04T09:42:26.539+0000] {processor.py:183} INFO - Processing /home/airflow/.local/lib/python3.12/site-packages/airflow/example_dags/example_setup_teardown.py took 0.923 seconds
[2024-07-04T09:42:57.039+0000] {processor.py:161} INFO - Started process (PID=982) to work on /home/airflow/.local/lib/python3.12/site-packages/airflow/example_dags/example_setup_teardown.py
[2024-07-04T09:42:57.041+0000] {processor.py:830} INFO - Processing file /home/airflow/.local/lib/python3.12/site-packages/airflow/example_dags/example_setup_teardown.py for tasks to queue
[2024-07-04T09:42:57.044+0000] {logging_mixin.py:188} INFO - [2024-07-04T09:42:57.044+0000] {dagbag.py:545} INFO - Filling up the DagBag from /home/airflow/.local/lib/python3.12/site-packages/airflow/example_dags/example_setup_teardown.py
[2024-07-04T09:42:57.052+0000] {processor.py:840} INFO - DAG(s) 'example_setup_teardown' retrieved from /home/airflow/.local/lib/python3.12/site-packages/airflow/example_dags/example_setup_teardown.py
[2024-07-04T09:42:57.074+0000] {logging_mixin.py:188} INFO - [2024-07-04T09:42:57.074+0000] {dag.py:3096} INFO - Sync 1 DAGs
[2024-07-04T09:42:57.113+0000] {logging_mixin.py:188} INFO - [2024-07-04T09:42:57.113+0000] {dag.py:3954} INFO - Setting next_dagrun for example_setup_teardown to 2024-07-03 00:00:00+00:00, run_after=2024-07-04 00:00:00+00:00
[2024-07-04T09:42:57.156+0000] {processor.py:183} INFO - Processing /home/airflow/.local/lib/python3.12/site-packages/airflow/example_dags/example_setup_teardown.py took 0.125 seconds
[2024-07-04T09:43:27.484+0000] {processor.py:161} INFO - Started process (PID=1042) to work on /home/airflow/.local/lib/python3.12/site-packages/airflow/example_dags/example_setup_teardown.py
[2024-07-04T09:43:27.486+0000] {processor.py:830} INFO - Processing file /home/airflow/.local/lib/python3.12/site-packages/airflow/example_dags/example_setup_teardown.py for tasks to queue
[2024-07-04T09:43:27.488+0000] {logging_mixin.py:188} INFO - [2024-07-04T09:43:27.488+0000] {dagbag.py:545} INFO - Filling up the DagBag from /home/airflow/.local/lib/python3.12/site-packages/airflow/example_dags/example_setup_teardown.py
[2024-07-04T09:43:27.494+0000] {processor.py:840} INFO - DAG(s) 'example_setup_teardown' retrieved from /home/airflow/.local/lib/python3.12/site-packages/airflow/example_dags/example_setup_teardown.py
[2024-07-04T09:43:27.515+0000] {logging_mixin.py:188} INFO - [2024-07-04T09:43:27.515+0000] {dag.py:3096} INFO - Sync 1 DAGs
[2024-07-04T09:43:27.549+0000] {logging_mixin.py:188} INFO - [2024-07-04T09:43:27.548+0000] {dag.py:3954} INFO - Setting next_dagrun for example_setup_teardown to 2024-07-03 00:00:00+00:00, run_after=2024-07-04 00:00:00+00:00
[2024-07-04T09:43:27.578+0000] {processor.py:183} INFO - Processing /home/airflow/.local/lib/python3.12/site-packages/airflow/example_dags/example_setup_teardown.py took 0.099 seconds
[2024-07-04T09:43:57.671+0000] {processor.py:161} INFO - Started process (PID=1101) to work on /home/airflow/.local/lib/python3.12/site-packages/airflow/example_dags/example_setup_teardown.py
[2024-07-04T09:43:57.672+0000] {processor.py:830} INFO - Processing file /home/airflow/.local/lib/python3.12/site-packages/airflow/example_dags/example_setup_teardown.py for tasks to queue
[2024-07-04T09:43:57.674+0000] {logging_mixin.py:188} INFO - [2024-07-04T09:43:57.674+0000] {dagbag.py:545} INFO - Filling up the DagBag from /home/airflow/.local/lib/python3.12/site-packages/airflow/example_dags/example_setup_teardown.py
[2024-07-04T09:43:57.680+0000] {processor.py:840} INFO - DAG(s) 'example_setup_teardown' retrieved from /home/airflow/.local/lib/python3.12/site-packages/airflow/example_dags/example_setup_teardown.py
[2024-07-04T09:43:57.699+0000] {logging_mixin.py:188} INFO - [2024-07-04T09:43:57.699+0000] {dag.py:3096} INFO - Sync 1 DAGs
[2024-07-04T09:43:57.729+0000] {logging_mixin.py:188} INFO - [2024-07-04T09:43:57.729+0000] {dag.py:3954} INFO - Setting next_dagrun for example_setup_teardown to 2024-07-03 00:00:00+00:00, run_after=2024-07-04 00:00:00+00:00
[2024-07-04T09:43:57.764+0000] {processor.py:183} INFO - Processing /home/airflow/.local/lib/python3.12/site-packages/airflow/example_dags/example_setup_teardown.py took 0.099 seconds
[2024-07-04T09:44:28.695+0000] {processor.py:161} INFO - Started process (PID=1160) to work on /home/airflow/.local/lib/python3.12/site-packages/airflow/example_dags/example_setup_teardown.py
[2024-07-04T09:44:28.696+0000] {processor.py:830} INFO - Processing file /home/airflow/.local/lib/python3.12/site-packages/airflow/example_dags/example_setup_teardown.py for tasks to queue
[2024-07-04T09:44:28.698+0000] {logging_mixin.py:188} INFO - [2024-07-04T09:44:28.697+0000] {dagbag.py:545} INFO - Filling up the DagBag from /home/airflow/.local/lib/python3.12/site-packages/airflow/example_dags/example_setup_teardown.py
[2024-07-04T09:44:28.705+0000] {processor.py:840} INFO - DAG(s) 'example_setup_teardown' retrieved from /home/airflow/.local/lib/python3.12/site-packages/airflow/example_dags/example_setup_teardown.py
[2024-07-04T09:44:28.726+0000] {logging_mixin.py:188} INFO - [2024-07-04T09:44:28.726+0000] {dag.py:3096} INFO - Sync 1 DAGs
[2024-07-04T09:44:28.747+0000] {logging_mixin.py:188} INFO - [2024-07-04T09:44:28.747+0000] {dag.py:3954} INFO - Setting next_dagrun for example_setup_teardown to 2024-07-03 00:00:00+00:00, run_after=2024-07-04 00:00:00+00:00
[2024-07-04T09:44:28.773+0000] {processor.py:183} INFO - Processing /home/airflow/.local/lib/python3.12/site-packages/airflow/example_dags/example_setup_teardown.py took 0.083 seconds
[2024-07-04T09:44:59.010+0000] {processor.py:161} INFO - Started process (PID=1219) to work on /home/airflow/.local/lib/python3.12/site-packages/airflow/example_dags/example_setup_teardown.py
[2024-07-04T09:44:59.011+0000] {processor.py:830} INFO - Processing file /home/airflow/.local/lib/python3.12/site-packages/airflow/example_dags/example_setup_teardown.py for tasks to queue
[2024-07-04T09:44:59.013+0000] {logging_mixin.py:188} INFO - [2024-07-04T09:44:59.013+0000] {dagbag.py:545} INFO - Filling up the DagBag from /home/airflow/.local/lib/python3.12/site-packages/airflow/example_dags/example_setup_teardown.py
[2024-07-04T09:44:59.020+0000] {processor.py:840} INFO - DAG(s) 'example_setup_teardown' retrieved from /home/airflow/.local/lib/python3.12/site-packages/airflow/example_dags/example_setup_teardown.py
[2024-07-04T09:44:59.040+0000] {logging_mixin.py:188} INFO - [2024-07-04T09:44:59.040+0000] {dag.py:3096} INFO - Sync 1 DAGs
[2024-07-04T09:44:59.065+0000] {logging_mixin.py:188} INFO - [2024-07-04T09:44:59.065+0000] {dag.py:3954} INFO - Setting next_dagrun for example_setup_teardown to 2024-07-03 00:00:00+00:00, run_after=2024-07-04 00:00:00+00:00
[2024-07-04T09:44:59.086+0000] {processor.py:183} INFO - Processing /home/airflow/.local/lib/python3.12/site-packages/airflow/example_dags/example_setup_teardown.py took 0.081 seconds
[2024-07-04T09:45:29.289+0000] {processor.py:161} INFO - Started process (PID=1278) to work on /home/airflow/.local/lib/python3.12/site-packages/airflow/example_dags/example_setup_teardown.py
[2024-07-04T09:45:29.291+0000] {processor.py:830} INFO - Processing file /home/airflow/.local/lib/python3.12/site-packages/airflow/example_dags/example_setup_teardown.py for tasks to queue
[2024-07-04T09:45:29.294+0000] {logging_mixin.py:188} INFO - [2024-07-04T09:45:29.294+0000] {dagbag.py:545} INFO - Filling up the DagBag from /home/airflow/.local/lib/python3.12/site-packages/airflow/example_dags/example_setup_teardown.py
[2024-07-04T09:45:29.303+0000] {processor.py:840} INFO - DAG(s) 'example_setup_teardown' retrieved from /home/airflow/.local/lib/python3.12/site-packages/airflow/example_dags/example_setup_teardown.py
[2024-07-04T09:45:29.329+0000] {logging_mixin.py:188} INFO - [2024-07-04T09:45:29.328+0000] {dag.py:3096} INFO - Sync 1 DAGs
[2024-07-04T09:45:29.353+0000] {logging_mixin.py:188} INFO - [2024-07-04T09:45:29.353+0000] {dag.py:3954} INFO - Setting next_dagrun for example_setup_teardown to 2024-07-03 00:00:00+00:00, run_after=2024-07-04 00:00:00+00:00
[2024-07-04T09:45:29.378+0000] {processor.py:183} INFO - Processing /home/airflow/.local/lib/python3.12/site-packages/airflow/example_dags/example_setup_teardown.py took 0.095 seconds
[2024-07-04T09:46:00.290+0000] {processor.py:161} INFO - Started process (PID=1337) to work on /home/airflow/.local/lib/python3.12/site-packages/airflow/example_dags/example_setup_teardown.py
[2024-07-04T09:46:00.291+0000] {processor.py:830} INFO - Processing file /home/airflow/.local/lib/python3.12/site-packages/airflow/example_dags/example_setup_teardown.py for tasks to queue
[2024-07-04T09:46:00.294+0000] {logging_mixin.py:188} INFO - [2024-07-04T09:46:00.294+0000] {dagbag.py:545} INFO - Filling up the DagBag from /home/airflow/.local/lib/python3.12/site-packages/airflow/example_dags/example_setup_teardown.py
[2024-07-04T09:46:00.308+0000] {processor.py:840} INFO - DAG(s) 'example_setup_teardown' retrieved from /home/airflow/.local/lib/python3.12/site-packages/airflow/example_dags/example_setup_teardown.py
[2024-07-04T09:46:00.333+0000] {logging_mixin.py:188} INFO - [2024-07-04T09:46:00.333+0000] {dag.py:3096} INFO - Sync 1 DAGs
[2024-07-04T09:46:00.360+0000] {logging_mixin.py:188} INFO - [2024-07-04T09:46:00.360+0000] {dag.py:3954} INFO - Setting next_dagrun for example_setup_teardown to 2024-07-03 00:00:00+00:00, run_after=2024-07-04 00:00:00+00:00
[2024-07-04T09:46:00.414+0000] {processor.py:183} INFO - Processing /home/airflow/.local/lib/python3.12/site-packages/airflow/example_dags/example_setup_teardown.py took 0.134 seconds
[2024-07-04T09:46:30.548+0000] {processor.py:161} INFO - Started process (PID=1396) to work on /home/airflow/.local/lib/python3.12/site-packages/airflow/example_dags/example_setup_teardown.py
[2024-07-04T09:46:30.549+0000] {processor.py:830} INFO - Processing file /home/airflow/.local/lib/python3.12/site-packages/airflow/example_dags/example_setup_teardown.py for tasks to queue
[2024-07-04T09:46:30.550+0000] {logging_mixin.py:188} INFO - [2024-07-04T09:46:30.550+0000] {dagbag.py:545} INFO - Filling up the DagBag from /home/airflow/.local/lib/python3.12/site-packages/airflow/example_dags/example_setup_teardown.py
[2024-07-04T09:46:30.557+0000] {processor.py:840} INFO - DAG(s) 'example_setup_teardown' retrieved from /home/airflow/.local/lib/python3.12/site-packages/airflow/example_dags/example_setup_teardown.py
[2024-07-04T09:46:30.575+0000] {logging_mixin.py:188} INFO - [2024-07-04T09:46:30.575+0000] {dag.py:3096} INFO - Sync 1 DAGs
[2024-07-04T09:46:30.595+0000] {logging_mixin.py:188} INFO - [2024-07-04T09:46:30.595+0000] {dag.py:3954} INFO - Setting next_dagrun for example_setup_teardown to 2024-07-03 00:00:00+00:00, run_after=2024-07-04 00:00:00+00:00
[2024-07-04T09:46:30.616+0000] {processor.py:183} INFO - Processing /home/airflow/.local/lib/python3.12/site-packages/airflow/example_dags/example_setup_teardown.py took 0.073 seconds
[2024-07-04T09:47:01.398+0000] {processor.py:161} INFO - Started process (PID=1463) to work on /home/airflow/.local/lib/python3.12/site-packages/airflow/example_dags/example_setup_teardown.py
[2024-07-04T09:47:01.400+0000] {processor.py:830} INFO - Processing file /home/airflow/.local/lib/python3.12/site-packages/airflow/example_dags/example_setup_teardown.py for tasks to queue
[2024-07-04T09:47:01.401+0000] {logging_mixin.py:188} INFO - [2024-07-04T09:47:01.401+0000] {dagbag.py:545} INFO - Filling up the DagBag from /home/airflow/.local/lib/python3.12/site-packages/airflow/example_dags/example_setup_teardown.py
[2024-07-04T09:47:01.407+0000] {processor.py:840} INFO - DAG(s) 'example_setup_teardown' retrieved from /home/airflow/.local/lib/python3.12/site-packages/airflow/example_dags/example_setup_teardown.py
[2024-07-04T09:47:01.428+0000] {logging_mixin.py:188} INFO - [2024-07-04T09:47:01.428+0000] {dag.py:3096} INFO - Sync 1 DAGs
[2024-07-04T09:47:01.448+0000] {logging_mixin.py:188} INFO - [2024-07-04T09:47:01.448+0000] {dag.py:3954} INFO - Setting next_dagrun for example_setup_teardown to 2024-07-03 00:00:00+00:00, run_after=2024-07-04 00:00:00+00:00
[2024-07-04T09:47:01.468+0000] {processor.py:183} INFO - Processing /home/airflow/.local/lib/python3.12/site-packages/airflow/example_dags/example_setup_teardown.py took 0.075 seconds
[2024-07-04T09:47:32.351+0000] {processor.py:161} INFO - Started process (PID=1522) to work on /home/airflow/.local/lib/python3.12/site-packages/airflow/example_dags/example_setup_teardown.py
[2024-07-04T09:47:32.360+0000] {processor.py:830} INFO - Processing file /home/airflow/.local/lib/python3.12/site-packages/airflow/example_dags/example_setup_teardown.py for tasks to queue
[2024-07-04T09:47:32.363+0000] {logging_mixin.py:188} INFO - [2024-07-04T09:47:32.362+0000] {dagbag.py:545} INFO - Filling up the DagBag from /home/airflow/.local/lib/python3.12/site-packages/airflow/example_dags/example_setup_teardown.py
[2024-07-04T09:47:32.377+0000] {processor.py:840} INFO - DAG(s) 'example_setup_teardown' retrieved from /home/airflow/.local/lib/python3.12/site-packages/airflow/example_dags/example_setup_teardown.py
[2024-07-04T09:47:32.419+0000] {logging_mixin.py:188} INFO - [2024-07-04T09:47:32.419+0000] {dag.py:3096} INFO - Sync 1 DAGs
[2024-07-04T09:47:32.451+0000] {logging_mixin.py:188} INFO - [2024-07-04T09:47:32.450+0000] {dag.py:3954} INFO - Setting next_dagrun for example_setup_teardown to 2024-07-03 00:00:00+00:00, run_after=2024-07-04 00:00:00+00:00
[2024-07-04T09:47:32.531+0000] {processor.py:183} INFO - Processing /home/airflow/.local/lib/python3.12/site-packages/airflow/example_dags/example_setup_teardown.py took 0.198 seconds
[2024-07-04T09:48:02.983+0000] {processor.py:161} INFO - Started process (PID=1582) to work on /home/airflow/.local/lib/python3.12/site-packages/airflow/example_dags/example_setup_teardown.py
[2024-07-04T09:48:02.984+0000] {processor.py:830} INFO - Processing file /home/airflow/.local/lib/python3.12/site-packages/airflow/example_dags/example_setup_teardown.py for tasks to queue
[2024-07-04T09:48:02.986+0000] {logging_mixin.py:188} INFO - [2024-07-04T09:48:02.986+0000] {dagbag.py:545} INFO - Filling up the DagBag from /home/airflow/.local/lib/python3.12/site-packages/airflow/example_dags/example_setup_teardown.py
[2024-07-04T09:48:02.993+0000] {processor.py:840} INFO - DAG(s) 'example_setup_teardown' retrieved from /home/airflow/.local/lib/python3.12/site-packages/airflow/example_dags/example_setup_teardown.py
[2024-07-04T09:48:03.016+0000] {logging_mixin.py:188} INFO - [2024-07-04T09:48:03.016+0000] {dag.py:3096} INFO - Sync 1 DAGs
[2024-07-04T09:48:03.038+0000] {logging_mixin.py:188} INFO - [2024-07-04T09:48:03.038+0000] {dag.py:3954} INFO - Setting next_dagrun for example_setup_teardown to 2024-07-03 00:00:00+00:00, run_after=2024-07-04 00:00:00+00:00
[2024-07-04T09:48:03.057+0000] {processor.py:183} INFO - Processing /home/airflow/.local/lib/python3.12/site-packages/airflow/example_dags/example_setup_teardown.py took 0.080 seconds
[2024-07-04T09:48:33.365+0000] {processor.py:161} INFO - Started process (PID=1641) to work on /home/airflow/.local/lib/python3.12/site-packages/airflow/example_dags/example_setup_teardown.py
[2024-07-04T09:48:33.367+0000] {processor.py:830} INFO - Processing file /home/airflow/.local/lib/python3.12/site-packages/airflow/example_dags/example_setup_teardown.py for tasks to queue
[2024-07-04T09:48:33.370+0000] {logging_mixin.py:188} INFO - [2024-07-04T09:48:33.369+0000] {dagbag.py:545} INFO - Filling up the DagBag from /home/airflow/.local/lib/python3.12/site-packages/airflow/example_dags/example_setup_teardown.py
[2024-07-04T09:48:33.383+0000] {processor.py:840} INFO - DAG(s) 'example_setup_teardown' retrieved from /home/airflow/.local/lib/python3.12/site-packages/airflow/example_dags/example_setup_teardown.py
[2024-07-04T09:48:33.427+0000] {logging_mixin.py:188} INFO - [2024-07-04T09:48:33.426+0000] {dag.py:3096} INFO - Sync 1 DAGs
[2024-07-04T09:48:33.457+0000] {logging_mixin.py:188} INFO - [2024-07-04T09:48:33.457+0000] {dag.py:3954} INFO - Setting next_dagrun for example_setup_teardown to 2024-07-03 00:00:00+00:00, run_after=2024-07-04 00:00:00+00:00
[2024-07-04T09:48:33.499+0000] {processor.py:183} INFO - Processing /home/airflow/.local/lib/python3.12/site-packages/airflow/example_dags/example_setup_teardown.py took 0.143 seconds
[2024-07-04T09:49:04.033+0000] {processor.py:161} INFO - Started process (PID=1700) to work on /home/airflow/.local/lib/python3.12/site-packages/airflow/example_dags/example_setup_teardown.py
[2024-07-04T09:49:04.046+0000] {processor.py:830} INFO - Processing file /home/airflow/.local/lib/python3.12/site-packages/airflow/example_dags/example_setup_teardown.py for tasks to queue
[2024-07-04T09:49:04.050+0000] {logging_mixin.py:188} INFO - [2024-07-04T09:49:04.049+0000] {dagbag.py:545} INFO - Filling up the DagBag from /home/airflow/.local/lib/python3.12/site-packages/airflow/example_dags/example_setup_teardown.py
[2024-07-04T09:49:04.059+0000] {processor.py:840} INFO - DAG(s) 'example_setup_teardown' retrieved from /home/airflow/.local/lib/python3.12/site-packages/airflow/example_dags/example_setup_teardown.py
[2024-07-04T09:49:04.132+0000] {logging_mixin.py:188} INFO - [2024-07-04T09:49:04.131+0000] {dag.py:3096} INFO - Sync 1 DAGs
[2024-07-04T09:49:04.192+0000] {logging_mixin.py:188} INFO - [2024-07-04T09:49:04.191+0000] {dag.py:3954} INFO - Setting next_dagrun for example_setup_teardown to 2024-07-03 00:00:00+00:00, run_after=2024-07-04 00:00:00+00:00
[2024-07-04T09:49:04.237+0000] {processor.py:183} INFO - Processing /home/airflow/.local/lib/python3.12/site-packages/airflow/example_dags/example_setup_teardown.py took 0.220 seconds
[2024-07-04T09:49:35.598+0000] {processor.py:161} INFO - Started process (PID=1760) to work on /home/airflow/.local/lib/python3.12/site-packages/airflow/example_dags/example_setup_teardown.py
[2024-07-04T09:49:35.600+0000] {processor.py:830} INFO - Processing file /home/airflow/.local/lib/python3.12/site-packages/airflow/example_dags/example_setup_teardown.py for tasks to queue
[2024-07-04T09:49:35.603+0000] {logging_mixin.py:188} INFO - [2024-07-04T09:49:35.602+0000] {dagbag.py:545} INFO - Filling up the DagBag from /home/airflow/.local/lib/python3.12/site-packages/airflow/example_dags/example_setup_teardown.py
[2024-07-04T09:49:35.611+0000] {processor.py:840} INFO - DAG(s) 'example_setup_teardown' retrieved from /home/airflow/.local/lib/python3.12/site-packages/airflow/example_dags/example_setup_teardown.py
[2024-07-04T09:49:35.661+0000] {logging_mixin.py:188} INFO - [2024-07-04T09:49:35.661+0000] {dag.py:3096} INFO - Sync 1 DAGs
[2024-07-04T09:49:35.968+0000] {logging_mixin.py:188} INFO - [2024-07-04T09:49:35.967+0000] {dag.py:3954} INFO - Setting next_dagrun for example_setup_teardown to 2024-07-03 00:00:00+00:00, run_after=2024-07-04 00:00:00+00:00
[2024-07-04T09:49:35.987+0000] {processor.py:183} INFO - Processing /home/airflow/.local/lib/python3.12/site-packages/airflow/example_dags/example_setup_teardown.py took 0.396 seconds
[2024-07-04T09:50:06.552+0000] {processor.py:161} INFO - Started process (PID=1819) to work on /home/airflow/.local/lib/python3.12/site-packages/airflow/example_dags/example_setup_teardown.py
[2024-07-04T09:50:06.554+0000] {processor.py:830} INFO - Processing file /home/airflow/.local/lib/python3.12/site-packages/airflow/example_dags/example_setup_teardown.py for tasks to queue
[2024-07-04T09:50:06.556+0000] {logging_mixin.py:188} INFO - [2024-07-04T09:50:06.556+0000] {dagbag.py:545} INFO - Filling up the DagBag from /home/airflow/.local/lib/python3.12/site-packages/airflow/example_dags/example_setup_teardown.py
[2024-07-04T09:50:06.568+0000] {processor.py:840} INFO - DAG(s) 'example_setup_teardown' retrieved from /home/airflow/.local/lib/python3.12/site-packages/airflow/example_dags/example_setup_teardown.py
[2024-07-04T09:50:06.597+0000] {logging_mixin.py:188} INFO - [2024-07-04T09:50:06.597+0000] {dag.py:3096} INFO - Sync 1 DAGs
[2024-07-04T09:50:06.635+0000] {logging_mixin.py:188} INFO - [2024-07-04T09:50:06.635+0000] {dag.py:3954} INFO - Setting next_dagrun for example_setup_teardown to 2024-07-03 00:00:00+00:00, run_after=2024-07-04 00:00:00+00:00
[2024-07-04T09:50:06.659+0000] {processor.py:183} INFO - Processing /home/airflow/.local/lib/python3.12/site-packages/airflow/example_dags/example_setup_teardown.py took 0.116 seconds
[2024-07-04T09:50:36.739+0000] {processor.py:161} INFO - Started process (PID=1877) to work on /home/airflow/.local/lib/python3.12/site-packages/airflow/example_dags/example_setup_teardown.py
[2024-07-04T09:50:36.741+0000] {processor.py:830} INFO - Processing file /home/airflow/.local/lib/python3.12/site-packages/airflow/example_dags/example_setup_teardown.py for tasks to queue
[2024-07-04T09:50:36.743+0000] {logging_mixin.py:188} INFO - [2024-07-04T09:50:36.742+0000] {dagbag.py:545} INFO - Filling up the DagBag from /home/airflow/.local/lib/python3.12/site-packages/airflow/example_dags/example_setup_teardown.py
[2024-07-04T09:50:36.751+0000] {processor.py:840} INFO - DAG(s) 'example_setup_teardown' retrieved from /home/airflow/.local/lib/python3.12/site-packages/airflow/example_dags/example_setup_teardown.py
[2024-07-04T09:50:36.777+0000] {logging_mixin.py:188} INFO - [2024-07-04T09:50:36.777+0000] {dag.py:3096} INFO - Sync 1 DAGs
[2024-07-04T09:50:36.804+0000] {logging_mixin.py:188} INFO - [2024-07-04T09:50:36.804+0000] {dag.py:3954} INFO - Setting next_dagrun for example_setup_teardown to 2024-07-03 00:00:00+00:00, run_after=2024-07-04 00:00:00+00:00
[2024-07-04T09:50:36.827+0000] {processor.py:183} INFO - Processing /home/airflow/.local/lib/python3.12/site-packages/airflow/example_dags/example_setup_teardown.py took 0.094 seconds
[2024-07-04T09:51:07.225+0000] {processor.py:161} INFO - Started process (PID=1937) to work on /home/airflow/.local/lib/python3.12/site-packages/airflow/example_dags/example_setup_teardown.py
[2024-07-04T09:51:07.227+0000] {processor.py:830} INFO - Processing file /home/airflow/.local/lib/python3.12/site-packages/airflow/example_dags/example_setup_teardown.py for tasks to queue
[2024-07-04T09:51:07.230+0000] {logging_mixin.py:188} INFO - [2024-07-04T09:51:07.229+0000] {dagbag.py:545} INFO - Filling up the DagBag from /home/airflow/.local/lib/python3.12/site-packages/airflow/example_dags/example_setup_teardown.py
[2024-07-04T09:51:07.238+0000] {processor.py:840} INFO - DAG(s) 'example_setup_teardown' retrieved from /home/airflow/.local/lib/python3.12/site-packages/airflow/example_dags/example_setup_teardown.py
[2024-07-04T09:51:07.260+0000] {logging_mixin.py:188} INFO - [2024-07-04T09:51:07.260+0000] {dag.py:3096} INFO - Sync 1 DAGs
[2024-07-04T09:51:07.287+0000] {logging_mixin.py:188} INFO - [2024-07-04T09:51:07.287+0000] {dag.py:3954} INFO - Setting next_dagrun for example_setup_teardown to 2024-07-03 00:00:00+00:00, run_after=2024-07-04 00:00:00+00:00
[2024-07-04T09:51:07.307+0000] {processor.py:183} INFO - Processing /home/airflow/.local/lib/python3.12/site-packages/airflow/example_dags/example_setup_teardown.py took 0.093 seconds
[2024-07-04T09:51:37.603+0000] {processor.py:161} INFO - Started process (PID=1996) to work on /home/airflow/.local/lib/python3.12/site-packages/airflow/example_dags/example_setup_teardown.py
[2024-07-04T09:51:37.605+0000] {processor.py:830} INFO - Processing file /home/airflow/.local/lib/python3.12/site-packages/airflow/example_dags/example_setup_teardown.py for tasks to queue
[2024-07-04T09:51:37.607+0000] {logging_mixin.py:188} INFO - [2024-07-04T09:51:37.607+0000] {dagbag.py:545} INFO - Filling up the DagBag from /home/airflow/.local/lib/python3.12/site-packages/airflow/example_dags/example_setup_teardown.py
[2024-07-04T09:51:37.615+0000] {processor.py:840} INFO - DAG(s) 'example_setup_teardown' retrieved from /home/airflow/.local/lib/python3.12/site-packages/airflow/example_dags/example_setup_teardown.py
[2024-07-04T09:51:37.634+0000] {logging_mixin.py:188} INFO - [2024-07-04T09:51:37.634+0000] {dag.py:3096} INFO - Sync 1 DAGs
[2024-07-04T09:51:37.655+0000] {logging_mixin.py:188} INFO - [2024-07-04T09:51:37.655+0000] {dag.py:3954} INFO - Setting next_dagrun for example_setup_teardown to 2024-07-03 00:00:00+00:00, run_after=2024-07-04 00:00:00+00:00
[2024-07-04T09:51:37.676+0000] {processor.py:183} INFO - Processing /home/airflow/.local/lib/python3.12/site-packages/airflow/example_dags/example_setup_teardown.py took 0.078 seconds
[2024-07-04T09:52:08.115+0000] {processor.py:161} INFO - Started process (PID=2056) to work on /home/airflow/.local/lib/python3.12/site-packages/airflow/example_dags/example_setup_teardown.py
[2024-07-04T09:52:08.122+0000] {processor.py:830} INFO - Processing file /home/airflow/.local/lib/python3.12/site-packages/airflow/example_dags/example_setup_teardown.py for tasks to queue
[2024-07-04T09:52:08.132+0000] {logging_mixin.py:188} INFO - [2024-07-04T09:52:08.131+0000] {dagbag.py:545} INFO - Filling up the DagBag from /home/airflow/.local/lib/python3.12/site-packages/airflow/example_dags/example_setup_teardown.py
[2024-07-04T09:52:08.157+0000] {processor.py:840} INFO - DAG(s) 'example_setup_teardown' retrieved from /home/airflow/.local/lib/python3.12/site-packages/airflow/example_dags/example_setup_teardown.py
[2024-07-04T09:52:08.205+0000] {logging_mixin.py:188} INFO - [2024-07-04T09:52:08.204+0000] {dag.py:3096} INFO - Sync 1 DAGs
[2024-07-04T09:52:08.256+0000] {logging_mixin.py:188} INFO - [2024-07-04T09:52:08.256+0000] {dag.py:3954} INFO - Setting next_dagrun for example_setup_teardown to 2024-07-03 00:00:00+00:00, run_after=2024-07-04 00:00:00+00:00
[2024-07-04T09:52:08.277+0000] {processor.py:183} INFO - Processing /home/airflow/.local/lib/python3.12/site-packages/airflow/example_dags/example_setup_teardown.py took 0.174 seconds
[2024-07-04T09:52:38.596+0000] {processor.py:161} INFO - Started process (PID=2113) to work on /home/airflow/.local/lib/python3.12/site-packages/airflow/example_dags/example_setup_teardown.py
[2024-07-04T09:52:38.598+0000] {processor.py:830} INFO - Processing file /home/airflow/.local/lib/python3.12/site-packages/airflow/example_dags/example_setup_teardown.py for tasks to queue
[2024-07-04T09:52:38.600+0000] {logging_mixin.py:188} INFO - [2024-07-04T09:52:38.599+0000] {dagbag.py:545} INFO - Filling up the DagBag from /home/airflow/.local/lib/python3.12/site-packages/airflow/example_dags/example_setup_teardown.py
[2024-07-04T09:52:38.606+0000] {processor.py:840} INFO - DAG(s) 'example_setup_teardown' retrieved from /home/airflow/.local/lib/python3.12/site-packages/airflow/example_dags/example_setup_teardown.py
[2024-07-04T09:52:38.631+0000] {logging_mixin.py:188} INFO - [2024-07-04T09:52:38.630+0000] {dag.py:3096} INFO - Sync 1 DAGs
[2024-07-04T09:52:38.674+0000] {logging_mixin.py:188} INFO - [2024-07-04T09:52:38.674+0000] {dag.py:3954} INFO - Setting next_dagrun for example_setup_teardown to 2024-07-03 00:00:00+00:00, run_after=2024-07-04 00:00:00+00:00
[2024-07-04T09:52:38.710+0000] {processor.py:183} INFO - Processing /home/airflow/.local/lib/python3.12/site-packages/airflow/example_dags/example_setup_teardown.py took 0.121 seconds
[2024-07-04T09:53:09.251+0000] {processor.py:161} INFO - Started process (PID=2171) to work on /home/airflow/.local/lib/python3.12/site-packages/airflow/example_dags/example_setup_teardown.py
[2024-07-04T09:53:09.253+0000] {processor.py:830} INFO - Processing file /home/airflow/.local/lib/python3.12/site-packages/airflow/example_dags/example_setup_teardown.py for tasks to queue
[2024-07-04T09:53:09.255+0000] {logging_mixin.py:188} INFO - [2024-07-04T09:53:09.255+0000] {dagbag.py:545} INFO - Filling up the DagBag from /home/airflow/.local/lib/python3.12/site-packages/airflow/example_dags/example_setup_teardown.py
[2024-07-04T09:53:09.261+0000] {processor.py:840} INFO - DAG(s) 'example_setup_teardown' retrieved from /home/airflow/.local/lib/python3.12/site-packages/airflow/example_dags/example_setup_teardown.py
[2024-07-04T09:53:09.284+0000] {logging_mixin.py:188} INFO - [2024-07-04T09:53:09.284+0000] {dag.py:3096} INFO - Sync 1 DAGs
[2024-07-04T09:53:09.305+0000] {logging_mixin.py:188} INFO - [2024-07-04T09:53:09.305+0000] {dag.py:3954} INFO - Setting next_dagrun for example_setup_teardown to 2024-07-03 00:00:00+00:00, run_after=2024-07-04 00:00:00+00:00
[2024-07-04T09:53:09.328+0000] {processor.py:183} INFO - Processing /home/airflow/.local/lib/python3.12/site-packages/airflow/example_dags/example_setup_teardown.py took 0.086 seconds
[2024-07-04T09:53:42.262+0000] {processor.py:161} INFO - Started process (PID=2230) to work on /home/airflow/.local/lib/python3.12/site-packages/airflow/example_dags/example_setup_teardown.py
[2024-07-04T09:53:42.264+0000] {processor.py:830} INFO - Processing file /home/airflow/.local/lib/python3.12/site-packages/airflow/example_dags/example_setup_teardown.py for tasks to queue
[2024-07-04T09:53:42.269+0000] {logging_mixin.py:188} INFO - [2024-07-04T09:53:42.268+0000] {dagbag.py:545} INFO - Filling up the DagBag from /home/airflow/.local/lib/python3.12/site-packages/airflow/example_dags/example_setup_teardown.py
[2024-07-04T09:53:42.308+0000] {processor.py:840} INFO - DAG(s) 'example_setup_teardown' retrieved from /home/airflow/.local/lib/python3.12/site-packages/airflow/example_dags/example_setup_teardown.py
[2024-07-04T09:53:42.409+0000] {logging_mixin.py:188} INFO - [2024-07-04T09:53:42.407+0000] {dag.py:3096} INFO - Sync 1 DAGs
[2024-07-04T09:53:42.574+0000] {logging_mixin.py:188} INFO - [2024-07-04T09:53:42.574+0000] {dag.py:3954} INFO - Setting next_dagrun for example_setup_teardown to 2024-07-03 00:00:00+00:00, run_after=2024-07-04 00:00:00+00:00
[2024-07-04T09:53:42.665+0000] {processor.py:183} INFO - Processing /home/airflow/.local/lib/python3.12/site-packages/airflow/example_dags/example_setup_teardown.py took 0.463 seconds
[2024-07-04T09:54:15.856+0000] {processor.py:161} INFO - Started process (PID=2275) to work on /home/airflow/.local/lib/python3.12/site-packages/airflow/example_dags/example_setup_teardown.py
[2024-07-04T09:54:15.860+0000] {processor.py:830} INFO - Processing file /home/airflow/.local/lib/python3.12/site-packages/airflow/example_dags/example_setup_teardown.py for tasks to queue
[2024-07-04T09:54:15.863+0000] {logging_mixin.py:188} INFO - [2024-07-04T09:54:15.863+0000] {dagbag.py:545} INFO - Filling up the DagBag from /home/airflow/.local/lib/python3.12/site-packages/airflow/example_dags/example_setup_teardown.py
[2024-07-04T09:54:15.874+0000] {processor.py:840} INFO - DAG(s) 'example_setup_teardown' retrieved from /home/airflow/.local/lib/python3.12/site-packages/airflow/example_dags/example_setup_teardown.py
[2024-07-04T09:54:15.905+0000] {logging_mixin.py:188} INFO - [2024-07-04T09:54:15.905+0000] {dag.py:3096} INFO - Sync 1 DAGs
[2024-07-04T09:54:15.936+0000] {logging_mixin.py:188} INFO - [2024-07-04T09:54:15.936+0000] {dag.py:3954} INFO - Setting next_dagrun for example_setup_teardown to 2024-07-03 00:00:00+00:00, run_after=2024-07-04 00:00:00+00:00
[2024-07-04T09:54:15.974+0000] {processor.py:183} INFO - Processing /home/airflow/.local/lib/python3.12/site-packages/airflow/example_dags/example_setup_teardown.py took 0.125 seconds
[2024-07-04T09:54:46.975+0000] {processor.py:161} INFO - Started process (PID=2333) to work on /home/airflow/.local/lib/python3.12/site-packages/airflow/example_dags/example_setup_teardown.py
[2024-07-04T09:54:46.977+0000] {processor.py:830} INFO - Processing file /home/airflow/.local/lib/python3.12/site-packages/airflow/example_dags/example_setup_teardown.py for tasks to queue
[2024-07-04T09:54:46.978+0000] {logging_mixin.py:188} INFO - [2024-07-04T09:54:46.978+0000] {dagbag.py:545} INFO - Filling up the DagBag from /home/airflow/.local/lib/python3.12/site-packages/airflow/example_dags/example_setup_teardown.py
[2024-07-04T09:54:46.984+0000] {processor.py:840} INFO - DAG(s) 'example_setup_teardown' retrieved from /home/airflow/.local/lib/python3.12/site-packages/airflow/example_dags/example_setup_teardown.py
[2024-07-04T09:54:47.005+0000] {logging_mixin.py:188} INFO - [2024-07-04T09:54:47.005+0000] {dag.py:3096} INFO - Sync 1 DAGs
[2024-07-04T09:54:47.027+0000] {logging_mixin.py:188} INFO - [2024-07-04T09:54:47.027+0000] {dag.py:3954} INFO - Setting next_dagrun for example_setup_teardown to 2024-07-03 00:00:00+00:00, run_after=2024-07-04 00:00:00+00:00
[2024-07-04T09:54:47.047+0000] {processor.py:183} INFO - Processing /home/airflow/.local/lib/python3.12/site-packages/airflow/example_dags/example_setup_teardown.py took 0.078 seconds
[2024-07-04T09:55:17.833+0000] {processor.py:161} INFO - Started process (PID=2392) to work on /home/airflow/.local/lib/python3.12/site-packages/airflow/example_dags/example_setup_teardown.py
[2024-07-04T09:55:17.834+0000] {processor.py:830} INFO - Processing file /home/airflow/.local/lib/python3.12/site-packages/airflow/example_dags/example_setup_teardown.py for tasks to queue
[2024-07-04T09:55:17.836+0000] {logging_mixin.py:188} INFO - [2024-07-04T09:55:17.836+0000] {dagbag.py:545} INFO - Filling up the DagBag from /home/airflow/.local/lib/python3.12/site-packages/airflow/example_dags/example_setup_teardown.py
[2024-07-04T09:55:17.847+0000] {processor.py:840} INFO - DAG(s) 'example_setup_teardown' retrieved from /home/airflow/.local/lib/python3.12/site-packages/airflow/example_dags/example_setup_teardown.py
[2024-07-04T09:55:17.883+0000] {logging_mixin.py:188} INFO - [2024-07-04T09:55:17.883+0000] {dag.py:3096} INFO - Sync 1 DAGs
[2024-07-04T09:55:17.910+0000] {logging_mixin.py:188} INFO - [2024-07-04T09:55:17.909+0000] {dag.py:3954} INFO - Setting next_dagrun for example_setup_teardown to 2024-07-03 00:00:00+00:00, run_after=2024-07-04 00:00:00+00:00
[2024-07-04T09:55:17.933+0000] {processor.py:183} INFO - Processing /home/airflow/.local/lib/python3.12/site-packages/airflow/example_dags/example_setup_teardown.py took 0.105 seconds
[2024-07-04T09:55:48.865+0000] {processor.py:161} INFO - Started process (PID=2451) to work on /home/airflow/.local/lib/python3.12/site-packages/airflow/example_dags/example_setup_teardown.py
[2024-07-04T09:55:48.867+0000] {processor.py:830} INFO - Processing file /home/airflow/.local/lib/python3.12/site-packages/airflow/example_dags/example_setup_teardown.py for tasks to queue
[2024-07-04T09:55:48.868+0000] {logging_mixin.py:188} INFO - [2024-07-04T09:55:48.868+0000] {dagbag.py:545} INFO - Filling up the DagBag from /home/airflow/.local/lib/python3.12/site-packages/airflow/example_dags/example_setup_teardown.py
[2024-07-04T09:55:48.875+0000] {processor.py:840} INFO - DAG(s) 'example_setup_teardown' retrieved from /home/airflow/.local/lib/python3.12/site-packages/airflow/example_dags/example_setup_teardown.py
[2024-07-04T09:55:48.896+0000] {logging_mixin.py:188} INFO - [2024-07-04T09:55:48.896+0000] {dag.py:3096} INFO - Sync 1 DAGs
[2024-07-04T09:55:48.923+0000] {logging_mixin.py:188} INFO - [2024-07-04T09:55:48.923+0000] {dag.py:3954} INFO - Setting next_dagrun for example_setup_teardown to 2024-07-03 00:00:00+00:00, run_after=2024-07-04 00:00:00+00:00
[2024-07-04T09:55:48.942+0000] {processor.py:183} INFO - Processing /home/airflow/.local/lib/python3.12/site-packages/airflow/example_dags/example_setup_teardown.py took 0.083 seconds
[2024-07-04T09:56:19.635+0000] {processor.py:161} INFO - Started process (PID=2510) to work on /home/airflow/.local/lib/python3.12/site-packages/airflow/example_dags/example_setup_teardown.py
[2024-07-04T09:56:19.637+0000] {processor.py:830} INFO - Processing file /home/airflow/.local/lib/python3.12/site-packages/airflow/example_dags/example_setup_teardown.py for tasks to queue
[2024-07-04T09:56:19.644+0000] {logging_mixin.py:188} INFO - [2024-07-04T09:56:19.643+0000] {dagbag.py:545} INFO - Filling up the DagBag from /home/airflow/.local/lib/python3.12/site-packages/airflow/example_dags/example_setup_teardown.py
[2024-07-04T09:56:19.677+0000] {processor.py:840} INFO - DAG(s) 'example_setup_teardown' retrieved from /home/airflow/.local/lib/python3.12/site-packages/airflow/example_dags/example_setup_teardown.py
[2024-07-04T09:56:19.742+0000] {logging_mixin.py:188} INFO - [2024-07-04T09:56:19.742+0000] {dag.py:3096} INFO - Sync 1 DAGs
[2024-07-04T09:56:19.822+0000] {logging_mixin.py:188} INFO - [2024-07-04T09:56:19.822+0000] {dag.py:3954} INFO - Setting next_dagrun for example_setup_teardown to 2024-07-03 00:00:00+00:00, run_after=2024-07-04 00:00:00+00:00
[2024-07-04T09:56:19.896+0000] {processor.py:183} INFO - Processing /home/airflow/.local/lib/python3.12/site-packages/airflow/example_dags/example_setup_teardown.py took 0.286 seconds
[2024-07-04T09:56:50.009+0000] {processor.py:161} INFO - Started process (PID=2569) to work on /home/airflow/.local/lib/python3.12/site-packages/airflow/example_dags/example_setup_teardown.py
[2024-07-04T09:56:50.010+0000] {processor.py:830} INFO - Processing file /home/airflow/.local/lib/python3.12/site-packages/airflow/example_dags/example_setup_teardown.py for tasks to queue
[2024-07-04T09:56:50.013+0000] {logging_mixin.py:188} INFO - [2024-07-04T09:56:50.012+0000] {dagbag.py:545} INFO - Filling up the DagBag from /home/airflow/.local/lib/python3.12/site-packages/airflow/example_dags/example_setup_teardown.py
[2024-07-04T09:56:50.020+0000] {processor.py:840} INFO - DAG(s) 'example_setup_teardown' retrieved from /home/airflow/.local/lib/python3.12/site-packages/airflow/example_dags/example_setup_teardown.py
[2024-07-04T09:56:50.044+0000] {logging_mixin.py:188} INFO - [2024-07-04T09:56:50.043+0000] {dag.py:3096} INFO - Sync 1 DAGs
[2024-07-04T09:56:50.066+0000] {logging_mixin.py:188} INFO - [2024-07-04T09:56:50.066+0000] {dag.py:3954} INFO - Setting next_dagrun for example_setup_teardown to 2024-07-03 00:00:00+00:00, run_after=2024-07-04 00:00:00+00:00
[2024-07-04T09:56:50.090+0000] {processor.py:183} INFO - Processing /home/airflow/.local/lib/python3.12/site-packages/airflow/example_dags/example_setup_teardown.py took 0.087 seconds
[2024-07-04T09:57:20.538+0000] {processor.py:161} INFO - Started process (PID=2628) to work on /home/airflow/.local/lib/python3.12/site-packages/airflow/example_dags/example_setup_teardown.py
[2024-07-04T09:57:20.540+0000] {processor.py:830} INFO - Processing file /home/airflow/.local/lib/python3.12/site-packages/airflow/example_dags/example_setup_teardown.py for tasks to queue
[2024-07-04T09:57:20.542+0000] {logging_mixin.py:188} INFO - [2024-07-04T09:57:20.542+0000] {dagbag.py:545} INFO - Filling up the DagBag from /home/airflow/.local/lib/python3.12/site-packages/airflow/example_dags/example_setup_teardown.py
[2024-07-04T09:57:20.550+0000] {processor.py:840} INFO - DAG(s) 'example_setup_teardown' retrieved from /home/airflow/.local/lib/python3.12/site-packages/airflow/example_dags/example_setup_teardown.py
[2024-07-04T09:57:20.570+0000] {logging_mixin.py:188} INFO - [2024-07-04T09:57:20.570+0000] {dag.py:3096} INFO - Sync 1 DAGs
[2024-07-04T09:57:20.605+0000] {logging_mixin.py:188} INFO - [2024-07-04T09:57:20.604+0000] {dag.py:3954} INFO - Setting next_dagrun for example_setup_teardown to 2024-07-03 00:00:00+00:00, run_after=2024-07-04 00:00:00+00:00
[2024-07-04T09:57:20.627+0000] {processor.py:183} INFO - Processing /home/airflow/.local/lib/python3.12/site-packages/airflow/example_dags/example_setup_teardown.py took 0.094 seconds
[2024-07-04T09:57:51.519+0000] {processor.py:161} INFO - Started process (PID=2688) to work on /home/airflow/.local/lib/python3.12/site-packages/airflow/example_dags/example_setup_teardown.py
[2024-07-04T09:57:51.520+0000] {processor.py:830} INFO - Processing file /home/airflow/.local/lib/python3.12/site-packages/airflow/example_dags/example_setup_teardown.py for tasks to queue
[2024-07-04T09:57:51.522+0000] {logging_mixin.py:188} INFO - [2024-07-04T09:57:51.521+0000] {dagbag.py:545} INFO - Filling up the DagBag from /home/airflow/.local/lib/python3.12/site-packages/airflow/example_dags/example_setup_teardown.py
[2024-07-04T09:57:51.530+0000] {processor.py:840} INFO - DAG(s) 'example_setup_teardown' retrieved from /home/airflow/.local/lib/python3.12/site-packages/airflow/example_dags/example_setup_teardown.py
[2024-07-04T09:57:51.549+0000] {logging_mixin.py:188} INFO - [2024-07-04T09:57:51.549+0000] {dag.py:3096} INFO - Sync 1 DAGs
[2024-07-04T09:57:51.574+0000] {logging_mixin.py:188} INFO - [2024-07-04T09:57:51.573+0000] {dag.py:3954} INFO - Setting next_dagrun for example_setup_teardown to 2024-07-03 00:00:00+00:00, run_after=2024-07-04 00:00:00+00:00
[2024-07-04T09:57:51.592+0000] {processor.py:183} INFO - Processing /home/airflow/.local/lib/python3.12/site-packages/airflow/example_dags/example_setup_teardown.py took 0.079 seconds
[2024-07-04T09:58:22.167+0000] {processor.py:161} INFO - Started process (PID=2747) to work on /home/airflow/.local/lib/python3.12/site-packages/airflow/example_dags/example_setup_teardown.py
[2024-07-04T09:58:22.168+0000] {processor.py:830} INFO - Processing file /home/airflow/.local/lib/python3.12/site-packages/airflow/example_dags/example_setup_teardown.py for tasks to queue
[2024-07-04T09:58:22.178+0000] {logging_mixin.py:188} INFO - [2024-07-04T09:58:22.178+0000] {dagbag.py:545} INFO - Filling up the DagBag from /home/airflow/.local/lib/python3.12/site-packages/airflow/example_dags/example_setup_teardown.py
[2024-07-04T09:58:22.184+0000] {processor.py:840} INFO - DAG(s) 'example_setup_teardown' retrieved from /home/airflow/.local/lib/python3.12/site-packages/airflow/example_dags/example_setup_teardown.py
[2024-07-04T09:58:22.228+0000] {logging_mixin.py:188} INFO - [2024-07-04T09:58:22.228+0000] {dag.py:3096} INFO - Sync 1 DAGs
[2024-07-04T09:58:22.272+0000] {logging_mixin.py:188} INFO - [2024-07-04T09:58:22.272+0000] {dag.py:3954} INFO - Setting next_dagrun for example_setup_teardown to 2024-07-03 00:00:00+00:00, run_after=2024-07-04 00:00:00+00:00
[2024-07-04T09:58:22.300+0000] {processor.py:183} INFO - Processing /home/airflow/.local/lib/python3.12/site-packages/airflow/example_dags/example_setup_teardown.py took 0.140 seconds
[2024-07-04T09:58:52.484+0000] {processor.py:161} INFO - Started process (PID=2807) to work on /home/airflow/.local/lib/python3.12/site-packages/airflow/example_dags/example_setup_teardown.py
[2024-07-04T09:58:52.486+0000] {processor.py:830} INFO - Processing file /home/airflow/.local/lib/python3.12/site-packages/airflow/example_dags/example_setup_teardown.py for tasks to queue
[2024-07-04T09:58:52.487+0000] {logging_mixin.py:188} INFO - [2024-07-04T09:58:52.487+0000] {dagbag.py:545} INFO - Filling up the DagBag from /home/airflow/.local/lib/python3.12/site-packages/airflow/example_dags/example_setup_teardown.py
[2024-07-04T09:58:52.493+0000] {processor.py:840} INFO - DAG(s) 'example_setup_teardown' retrieved from /home/airflow/.local/lib/python3.12/site-packages/airflow/example_dags/example_setup_teardown.py
[2024-07-04T09:58:52.513+0000] {logging_mixin.py:188} INFO - [2024-07-04T09:58:52.513+0000] {dag.py:3096} INFO - Sync 1 DAGs
[2024-07-04T09:58:52.534+0000] {logging_mixin.py:188} INFO - [2024-07-04T09:58:52.534+0000] {dag.py:3954} INFO - Setting next_dagrun for example_setup_teardown to 2024-07-03 00:00:00+00:00, run_after=2024-07-04 00:00:00+00:00
[2024-07-04T09:58:52.554+0000] {processor.py:183} INFO - Processing /home/airflow/.local/lib/python3.12/site-packages/airflow/example_dags/example_setup_teardown.py took 0.075 seconds
[2024-07-04T09:59:22.615+0000] {processor.py:161} INFO - Started process (PID=2866) to work on /home/airflow/.local/lib/python3.12/site-packages/airflow/example_dags/example_setup_teardown.py
[2024-07-04T09:59:22.616+0000] {processor.py:830} INFO - Processing file /home/airflow/.local/lib/python3.12/site-packages/airflow/example_dags/example_setup_teardown.py for tasks to queue
[2024-07-04T09:59:22.618+0000] {logging_mixin.py:188} INFO - [2024-07-04T09:59:22.617+0000] {dagbag.py:545} INFO - Filling up the DagBag from /home/airflow/.local/lib/python3.12/site-packages/airflow/example_dags/example_setup_teardown.py
[2024-07-04T09:59:22.626+0000] {processor.py:840} INFO - DAG(s) 'example_setup_teardown' retrieved from /home/airflow/.local/lib/python3.12/site-packages/airflow/example_dags/example_setup_teardown.py
[2024-07-04T09:59:22.649+0000] {logging_mixin.py:188} INFO - [2024-07-04T09:59:22.649+0000] {dag.py:3096} INFO - Sync 1 DAGs
[2024-07-04T09:59:22.677+0000] {logging_mixin.py:188} INFO - [2024-07-04T09:59:22.677+0000] {dag.py:3954} INFO - Setting next_dagrun for example_setup_teardown to 2024-07-03 00:00:00+00:00, run_after=2024-07-04 00:00:00+00:00
[2024-07-04T09:59:22.698+0000] {processor.py:183} INFO - Processing /home/airflow/.local/lib/python3.12/site-packages/airflow/example_dags/example_setup_teardown.py took 0.089 seconds
[2024-07-04T09:59:52.907+0000] {processor.py:161} INFO - Started process (PID=2925) to work on /home/airflow/.local/lib/python3.12/site-packages/airflow/example_dags/example_setup_teardown.py
[2024-07-04T09:59:52.908+0000] {processor.py:830} INFO - Processing file /home/airflow/.local/lib/python3.12/site-packages/airflow/example_dags/example_setup_teardown.py for tasks to queue
[2024-07-04T09:59:52.910+0000] {logging_mixin.py:188} INFO - [2024-07-04T09:59:52.910+0000] {dagbag.py:545} INFO - Filling up the DagBag from /home/airflow/.local/lib/python3.12/site-packages/airflow/example_dags/example_setup_teardown.py
[2024-07-04T09:59:52.918+0000] {processor.py:840} INFO - DAG(s) 'example_setup_teardown' retrieved from /home/airflow/.local/lib/python3.12/site-packages/airflow/example_dags/example_setup_teardown.py
[2024-07-04T09:59:52.940+0000] {logging_mixin.py:188} INFO - [2024-07-04T09:59:52.940+0000] {dag.py:3096} INFO - Sync 1 DAGs
[2024-07-04T09:59:52.965+0000] {logging_mixin.py:188} INFO - [2024-07-04T09:59:52.965+0000] {dag.py:3954} INFO - Setting next_dagrun for example_setup_teardown to 2024-07-03 00:00:00+00:00, run_after=2024-07-04 00:00:00+00:00
[2024-07-04T09:59:52.986+0000] {processor.py:183} INFO - Processing /home/airflow/.local/lib/python3.12/site-packages/airflow/example_dags/example_setup_teardown.py took 0.085 seconds
[2024-07-04T10:00:23.397+0000] {processor.py:161} INFO - Started process (PID=2984) to work on /home/airflow/.local/lib/python3.12/site-packages/airflow/example_dags/example_setup_teardown.py
[2024-07-04T10:00:23.399+0000] {processor.py:830} INFO - Processing file /home/airflow/.local/lib/python3.12/site-packages/airflow/example_dags/example_setup_teardown.py for tasks to queue
[2024-07-04T10:00:23.402+0000] {logging_mixin.py:188} INFO - [2024-07-04T10:00:23.401+0000] {dagbag.py:545} INFO - Filling up the DagBag from /home/airflow/.local/lib/python3.12/site-packages/airflow/example_dags/example_setup_teardown.py
[2024-07-04T10:00:23.411+0000] {processor.py:840} INFO - DAG(s) 'example_setup_teardown' retrieved from /home/airflow/.local/lib/python3.12/site-packages/airflow/example_dags/example_setup_teardown.py
[2024-07-04T10:00:23.438+0000] {logging_mixin.py:188} INFO - [2024-07-04T10:00:23.438+0000] {dag.py:3096} INFO - Sync 1 DAGs
[2024-07-04T10:00:23.465+0000] {logging_mixin.py:188} INFO - [2024-07-04T10:00:23.465+0000] {dag.py:3954} INFO - Setting next_dagrun for example_setup_teardown to 2024-07-03 00:00:00+00:00, run_after=2024-07-04 00:00:00+00:00
[2024-07-04T10:00:23.492+0000] {processor.py:183} INFO - Processing /home/airflow/.local/lib/python3.12/site-packages/airflow/example_dags/example_setup_teardown.py took 0.104 seconds
[2024-07-04T10:00:54.723+0000] {processor.py:161} INFO - Started process (PID=3045) to work on /home/airflow/.local/lib/python3.12/site-packages/airflow/example_dags/example_setup_teardown.py
[2024-07-04T10:00:54.725+0000] {processor.py:830} INFO - Processing file /home/airflow/.local/lib/python3.12/site-packages/airflow/example_dags/example_setup_teardown.py for tasks to queue
[2024-07-04T10:00:54.727+0000] {logging_mixin.py:188} INFO - [2024-07-04T10:00:54.727+0000] {dagbag.py:545} INFO - Filling up the DagBag from /home/airflow/.local/lib/python3.12/site-packages/airflow/example_dags/example_setup_teardown.py
[2024-07-04T10:00:54.737+0000] {processor.py:840} INFO - DAG(s) 'example_setup_teardown' retrieved from /home/airflow/.local/lib/python3.12/site-packages/airflow/example_dags/example_setup_teardown.py
[2024-07-04T10:00:54.763+0000] {logging_mixin.py:188} INFO - [2024-07-04T10:00:54.763+0000] {dag.py:3096} INFO - Sync 1 DAGs
[2024-07-04T10:00:54.798+0000] {logging_mixin.py:188} INFO - [2024-07-04T10:00:54.798+0000] {dag.py:3954} INFO - Setting next_dagrun for example_setup_teardown to 2024-07-03 00:00:00+00:00, run_after=2024-07-04 00:00:00+00:00
[2024-07-04T10:00:54.830+0000] {processor.py:183} INFO - Processing /home/airflow/.local/lib/python3.12/site-packages/airflow/example_dags/example_setup_teardown.py took 0.114 seconds
[2024-07-04T10:01:25.079+0000] {processor.py:161} INFO - Started process (PID=3104) to work on /home/airflow/.local/lib/python3.12/site-packages/airflow/example_dags/example_setup_teardown.py
[2024-07-04T10:01:25.086+0000] {processor.py:830} INFO - Processing file /home/airflow/.local/lib/python3.12/site-packages/airflow/example_dags/example_setup_teardown.py for tasks to queue
[2024-07-04T10:01:25.098+0000] {logging_mixin.py:188} INFO - [2024-07-04T10:01:25.097+0000] {dagbag.py:545} INFO - Filling up the DagBag from /home/airflow/.local/lib/python3.12/site-packages/airflow/example_dags/example_setup_teardown.py
[2024-07-04T10:01:25.120+0000] {processor.py:840} INFO - DAG(s) 'example_setup_teardown' retrieved from /home/airflow/.local/lib/python3.12/site-packages/airflow/example_dags/example_setup_teardown.py
[2024-07-04T10:01:25.168+0000] {logging_mixin.py:188} INFO - [2024-07-04T10:01:25.168+0000] {dag.py:3096} INFO - Sync 1 DAGs
[2024-07-04T10:01:25.231+0000] {logging_mixin.py:188} INFO - [2024-07-04T10:01:25.231+0000] {dag.py:3954} INFO - Setting next_dagrun for example_setup_teardown to 2024-07-03 00:00:00+00:00, run_after=2024-07-04 00:00:00+00:00
[2024-07-04T10:01:25.287+0000] {processor.py:183} INFO - Processing /home/airflow/.local/lib/python3.12/site-packages/airflow/example_dags/example_setup_teardown.py took 0.226 seconds
[2024-07-04T10:01:56.023+0000] {processor.py:161} INFO - Started process (PID=3164) to work on /home/airflow/.local/lib/python3.12/site-packages/airflow/example_dags/example_setup_teardown.py
[2024-07-04T10:01:56.024+0000] {processor.py:830} INFO - Processing file /home/airflow/.local/lib/python3.12/site-packages/airflow/example_dags/example_setup_teardown.py for tasks to queue
[2024-07-04T10:01:56.027+0000] {logging_mixin.py:188} INFO - [2024-07-04T10:01:56.026+0000] {dagbag.py:545} INFO - Filling up the DagBag from /home/airflow/.local/lib/python3.12/site-packages/airflow/example_dags/example_setup_teardown.py
[2024-07-04T10:01:56.036+0000] {processor.py:840} INFO - DAG(s) 'example_setup_teardown' retrieved from /home/airflow/.local/lib/python3.12/site-packages/airflow/example_dags/example_setup_teardown.py
[2024-07-04T10:01:56.063+0000] {logging_mixin.py:188} INFO - [2024-07-04T10:01:56.062+0000] {dag.py:3096} INFO - Sync 1 DAGs
[2024-07-04T10:01:56.098+0000] {logging_mixin.py:188} INFO - [2024-07-04T10:01:56.098+0000] {dag.py:3954} INFO - Setting next_dagrun for example_setup_teardown to 2024-07-03 00:00:00+00:00, run_after=2024-07-04 00:00:00+00:00
[2024-07-04T10:01:56.149+0000] {processor.py:183} INFO - Processing /home/airflow/.local/lib/python3.12/site-packages/airflow/example_dags/example_setup_teardown.py took 0.133 seconds
[2024-07-04T10:02:26.266+0000] {processor.py:161} INFO - Started process (PID=3223) to work on /home/airflow/.local/lib/python3.12/site-packages/airflow/example_dags/example_setup_teardown.py
[2024-07-04T10:02:26.267+0000] {processor.py:830} INFO - Processing file /home/airflow/.local/lib/python3.12/site-packages/airflow/example_dags/example_setup_teardown.py for tasks to queue
[2024-07-04T10:02:26.269+0000] {logging_mixin.py:188} INFO - [2024-07-04T10:02:26.269+0000] {dagbag.py:545} INFO - Filling up the DagBag from /home/airflow/.local/lib/python3.12/site-packages/airflow/example_dags/example_setup_teardown.py
[2024-07-04T10:02:26.276+0000] {processor.py:840} INFO - DAG(s) 'example_setup_teardown' retrieved from /home/airflow/.local/lib/python3.12/site-packages/airflow/example_dags/example_setup_teardown.py
[2024-07-04T10:02:26.295+0000] {logging_mixin.py:188} INFO - [2024-07-04T10:02:26.294+0000] {dag.py:3096} INFO - Sync 1 DAGs
[2024-07-04T10:02:26.319+0000] {logging_mixin.py:188} INFO - [2024-07-04T10:02:26.318+0000] {dag.py:3954} INFO - Setting next_dagrun for example_setup_teardown to 2024-07-03 00:00:00+00:00, run_after=2024-07-04 00:00:00+00:00
[2024-07-04T10:02:26.341+0000] {processor.py:183} INFO - Processing /home/airflow/.local/lib/python3.12/site-packages/airflow/example_dags/example_setup_teardown.py took 0.081 seconds
[2024-07-04T10:02:56.829+0000] {processor.py:161} INFO - Started process (PID=3283) to work on /home/airflow/.local/lib/python3.12/site-packages/airflow/example_dags/example_setup_teardown.py
[2024-07-04T10:02:56.832+0000] {processor.py:830} INFO - Processing file /home/airflow/.local/lib/python3.12/site-packages/airflow/example_dags/example_setup_teardown.py for tasks to queue
[2024-07-04T10:02:56.838+0000] {logging_mixin.py:188} INFO - [2024-07-04T10:02:56.838+0000] {dagbag.py:545} INFO - Filling up the DagBag from /home/airflow/.local/lib/python3.12/site-packages/airflow/example_dags/example_setup_teardown.py
[2024-07-04T10:02:56.853+0000] {processor.py:840} INFO - DAG(s) 'example_setup_teardown' retrieved from /home/airflow/.local/lib/python3.12/site-packages/airflow/example_dags/example_setup_teardown.py
[2024-07-04T10:02:56.902+0000] {logging_mixin.py:188} INFO - [2024-07-04T10:02:56.902+0000] {dag.py:3096} INFO - Sync 1 DAGs
[2024-07-04T10:02:56.938+0000] {logging_mixin.py:188} INFO - [2024-07-04T10:02:56.938+0000] {dag.py:3954} INFO - Setting next_dagrun for example_setup_teardown to 2024-07-03 00:00:00+00:00, run_after=2024-07-04 00:00:00+00:00
[2024-07-04T10:02:56.962+0000] {processor.py:183} INFO - Processing /home/airflow/.local/lib/python3.12/site-packages/airflow/example_dags/example_setup_teardown.py took 0.143 seconds
[2024-07-04T10:03:27.849+0000] {processor.py:161} INFO - Started process (PID=3342) to work on /home/airflow/.local/lib/python3.12/site-packages/airflow/example_dags/example_setup_teardown.py
[2024-07-04T10:03:27.851+0000] {processor.py:830} INFO - Processing file /home/airflow/.local/lib/python3.12/site-packages/airflow/example_dags/example_setup_teardown.py for tasks to queue
[2024-07-04T10:03:27.855+0000] {logging_mixin.py:188} INFO - [2024-07-04T10:03:27.854+0000] {dagbag.py:545} INFO - Filling up the DagBag from /home/airflow/.local/lib/python3.12/site-packages/airflow/example_dags/example_setup_teardown.py
[2024-07-04T10:03:27.866+0000] {processor.py:840} INFO - DAG(s) 'example_setup_teardown' retrieved from /home/airflow/.local/lib/python3.12/site-packages/airflow/example_dags/example_setup_teardown.py
[2024-07-04T10:03:27.901+0000] {logging_mixin.py:188} INFO - [2024-07-04T10:03:27.901+0000] {dag.py:3096} INFO - Sync 1 DAGs
[2024-07-04T10:03:27.946+0000] {logging_mixin.py:188} INFO - [2024-07-04T10:03:27.945+0000] {dag.py:3954} INFO - Setting next_dagrun for example_setup_teardown to 2024-07-03 00:00:00+00:00, run_after=2024-07-04 00:00:00+00:00
[2024-07-04T10:03:27.987+0000] {processor.py:183} INFO - Processing /home/airflow/.local/lib/python3.12/site-packages/airflow/example_dags/example_setup_teardown.py took 0.148 seconds
