[2024-07-04T09:34:23.932+0000] {processor.py:161} INFO - Started process (PID=33) to work on /home/airflow/.local/lib/python3.12/site-packages/airflow/example_dags/example_python_operator.py
[2024-07-04T09:34:23.935+0000] {processor.py:830} INFO - Processing file /home/airflow/.local/lib/python3.12/site-packages/airflow/example_dags/example_python_operator.py for tasks to queue
[2024-07-04T09:34:23.947+0000] {logging_mixin.py:188} INFO - [2024-07-04T09:34:23.946+0000] {dagbag.py:545} INFO - Filling up the DagBag from /home/airflow/.local/lib/python3.12/site-packages/airflow/example_dags/example_python_operator.py
[2024-07-04T09:34:24.458+0000] {processor.py:840} INFO - DAG(s) 'example_python_operator' retrieved from /home/airflow/.local/lib/python3.12/site-packages/airflow/example_dags/example_python_operator.py
[2024-07-04T09:34:25.894+0000] {logging_mixin.py:188} INFO - [2024-07-04T09:34:25.894+0000] {dag.py:3096} INFO - Sync 1 DAGs
[2024-07-04T09:34:25.988+0000] {logging_mixin.py:188} INFO - [2024-07-04T09:34:25.969+0000] {dag.py:3954} INFO - Setting next_dagrun for example_python_operator to None, run_after=None
[2024-07-04T09:34:26.218+0000] {processor.py:183} INFO - Processing /home/airflow/.local/lib/python3.12/site-packages/airflow/example_dags/example_python_operator.py took 2.382 seconds
[2024-07-04T09:35:08.315+0000] {processor.py:161} INFO - Started process (PID=90) to work on /home/airflow/.local/lib/python3.12/site-packages/airflow/example_dags/example_python_operator.py
[2024-07-04T09:35:08.335+0000] {processor.py:830} INFO - Processing file /home/airflow/.local/lib/python3.12/site-packages/airflow/example_dags/example_python_operator.py for tasks to queue
[2024-07-04T09:35:08.337+0000] {logging_mixin.py:188} INFO - [2024-07-04T09:35:08.337+0000] {dagbag.py:545} INFO - Filling up the DagBag from /home/airflow/.local/lib/python3.12/site-packages/airflow/example_dags/example_python_operator.py
[2024-07-04T09:35:08.374+0000] {processor.py:840} INFO - DAG(s) 'example_python_operator' retrieved from /home/airflow/.local/lib/python3.12/site-packages/airflow/example_dags/example_python_operator.py
[2024-07-04T09:35:08.487+0000] {logging_mixin.py:188} INFO - [2024-07-04T09:35:08.486+0000] {dag.py:3096} INFO - Sync 1 DAGs
[2024-07-04T09:35:08.558+0000] {logging_mixin.py:188} INFO - [2024-07-04T09:35:08.551+0000] {dag.py:3954} INFO - Setting next_dagrun for example_python_operator to None, run_after=None
[2024-07-04T09:35:08.701+0000] {processor.py:183} INFO - Processing /home/airflow/.local/lib/python3.12/site-packages/airflow/example_dags/example_python_operator.py took 0.392 seconds
[2024-07-04T09:35:38.985+0000] {processor.py:161} INFO - Started process (PID=148) to work on /home/airflow/.local/lib/python3.12/site-packages/airflow/example_dags/example_python_operator.py
[2024-07-04T09:35:38.986+0000] {processor.py:830} INFO - Processing file /home/airflow/.local/lib/python3.12/site-packages/airflow/example_dags/example_python_operator.py for tasks to queue
[2024-07-04T09:35:38.988+0000] {logging_mixin.py:188} INFO - [2024-07-04T09:35:38.988+0000] {dagbag.py:545} INFO - Filling up the DagBag from /home/airflow/.local/lib/python3.12/site-packages/airflow/example_dags/example_python_operator.py
[2024-07-04T09:35:39.004+0000] {processor.py:840} INFO - DAG(s) 'example_python_operator' retrieved from /home/airflow/.local/lib/python3.12/site-packages/airflow/example_dags/example_python_operator.py
[2024-07-04T09:35:39.036+0000] {logging_mixin.py:188} INFO - [2024-07-04T09:35:39.036+0000] {dag.py:3096} INFO - Sync 1 DAGs
[2024-07-04T09:35:39.051+0000] {logging_mixin.py:188} INFO - [2024-07-04T09:35:39.051+0000] {dag.py:3954} INFO - Setting next_dagrun for example_python_operator to None, run_after=None
[2024-07-04T09:35:39.081+0000] {processor.py:183} INFO - Processing /home/airflow/.local/lib/python3.12/site-packages/airflow/example_dags/example_python_operator.py took 0.101 seconds
[2024-07-04T09:36:09.182+0000] {processor.py:161} INFO - Started process (PID=207) to work on /home/airflow/.local/lib/python3.12/site-packages/airflow/example_dags/example_python_operator.py
[2024-07-04T09:36:09.192+0000] {processor.py:830} INFO - Processing file /home/airflow/.local/lib/python3.12/site-packages/airflow/example_dags/example_python_operator.py for tasks to queue
[2024-07-04T09:36:09.199+0000] {logging_mixin.py:188} INFO - [2024-07-04T09:36:09.198+0000] {dagbag.py:545} INFO - Filling up the DagBag from /home/airflow/.local/lib/python3.12/site-packages/airflow/example_dags/example_python_operator.py
[2024-07-04T09:36:09.222+0000] {processor.py:840} INFO - DAG(s) 'example_python_operator' retrieved from /home/airflow/.local/lib/python3.12/site-packages/airflow/example_dags/example_python_operator.py
[2024-07-04T09:36:09.272+0000] {logging_mixin.py:188} INFO - [2024-07-04T09:36:09.271+0000] {dag.py:3096} INFO - Sync 1 DAGs
[2024-07-04T09:36:09.295+0000] {logging_mixin.py:188} INFO - [2024-07-04T09:36:09.295+0000] {dag.py:3954} INFO - Setting next_dagrun for example_python_operator to None, run_after=None
[2024-07-04T09:36:09.335+0000] {processor.py:183} INFO - Processing /home/airflow/.local/lib/python3.12/site-packages/airflow/example_dags/example_python_operator.py took 0.162 seconds
[2024-07-04T09:36:40.215+0000] {processor.py:161} INFO - Started process (PID=266) to work on /home/airflow/.local/lib/python3.12/site-packages/airflow/example_dags/example_python_operator.py
[2024-07-04T09:36:40.217+0000] {processor.py:830} INFO - Processing file /home/airflow/.local/lib/python3.12/site-packages/airflow/example_dags/example_python_operator.py for tasks to queue
[2024-07-04T09:36:40.219+0000] {logging_mixin.py:188} INFO - [2024-07-04T09:36:40.219+0000] {dagbag.py:545} INFO - Filling up the DagBag from /home/airflow/.local/lib/python3.12/site-packages/airflow/example_dags/example_python_operator.py
[2024-07-04T09:36:40.243+0000] {processor.py:840} INFO - DAG(s) 'example_python_operator' retrieved from /home/airflow/.local/lib/python3.12/site-packages/airflow/example_dags/example_python_operator.py
[2024-07-04T09:36:40.289+0000] {logging_mixin.py:188} INFO - [2024-07-04T09:36:40.289+0000] {dag.py:3096} INFO - Sync 1 DAGs
[2024-07-04T09:36:40.318+0000] {logging_mixin.py:188} INFO - [2024-07-04T09:36:40.317+0000] {dag.py:3954} INFO - Setting next_dagrun for example_python_operator to None, run_after=None
[2024-07-04T09:36:40.372+0000] {processor.py:183} INFO - Processing /home/airflow/.local/lib/python3.12/site-packages/airflow/example_dags/example_python_operator.py took 0.164 seconds
[2024-07-04T09:37:10.687+0000] {processor.py:161} INFO - Started process (PID=325) to work on /home/airflow/.local/lib/python3.12/site-packages/airflow/example_dags/example_python_operator.py
[2024-07-04T09:37:10.689+0000] {processor.py:830} INFO - Processing file /home/airflow/.local/lib/python3.12/site-packages/airflow/example_dags/example_python_operator.py for tasks to queue
[2024-07-04T09:37:10.692+0000] {logging_mixin.py:188} INFO - [2024-07-04T09:37:10.691+0000] {dagbag.py:545} INFO - Filling up the DagBag from /home/airflow/.local/lib/python3.12/site-packages/airflow/example_dags/example_python_operator.py
[2024-07-04T09:37:10.704+0000] {processor.py:840} INFO - DAG(s) 'example_python_operator' retrieved from /home/airflow/.local/lib/python3.12/site-packages/airflow/example_dags/example_python_operator.py
[2024-07-04T09:37:10.729+0000] {logging_mixin.py:188} INFO - [2024-07-04T09:37:10.729+0000] {dag.py:3096} INFO - Sync 1 DAGs
[2024-07-04T09:37:10.744+0000] {logging_mixin.py:188} INFO - [2024-07-04T09:37:10.744+0000] {dag.py:3954} INFO - Setting next_dagrun for example_python_operator to None, run_after=None
[2024-07-04T09:37:10.766+0000] {processor.py:183} INFO - Processing /home/airflow/.local/lib/python3.12/site-packages/airflow/example_dags/example_python_operator.py took 0.087 seconds
[2024-07-04T09:37:41.027+0000] {processor.py:161} INFO - Started process (PID=384) to work on /home/airflow/.local/lib/python3.12/site-packages/airflow/example_dags/example_python_operator.py
[2024-07-04T09:37:41.028+0000] {processor.py:830} INFO - Processing file /home/airflow/.local/lib/python3.12/site-packages/airflow/example_dags/example_python_operator.py for tasks to queue
[2024-07-04T09:37:41.030+0000] {logging_mixin.py:188} INFO - [2024-07-04T09:37:41.030+0000] {dagbag.py:545} INFO - Filling up the DagBag from /home/airflow/.local/lib/python3.12/site-packages/airflow/example_dags/example_python_operator.py
[2024-07-04T09:37:41.047+0000] {processor.py:840} INFO - DAG(s) 'example_python_operator' retrieved from /home/airflow/.local/lib/python3.12/site-packages/airflow/example_dags/example_python_operator.py
[2024-07-04T09:37:41.077+0000] {logging_mixin.py:188} INFO - [2024-07-04T09:37:41.077+0000] {dag.py:3096} INFO - Sync 1 DAGs
[2024-07-04T09:37:41.094+0000] {logging_mixin.py:188} INFO - [2024-07-04T09:37:41.093+0000] {dag.py:3954} INFO - Setting next_dagrun for example_python_operator to None, run_after=None
[2024-07-04T09:37:41.117+0000] {processor.py:183} INFO - Processing /home/airflow/.local/lib/python3.12/site-packages/airflow/example_dags/example_python_operator.py took 0.096 seconds
[2024-07-04T09:38:11.571+0000] {processor.py:161} INFO - Started process (PID=443) to work on /home/airflow/.local/lib/python3.12/site-packages/airflow/example_dags/example_python_operator.py
[2024-07-04T09:38:11.595+0000] {processor.py:830} INFO - Processing file /home/airflow/.local/lib/python3.12/site-packages/airflow/example_dags/example_python_operator.py for tasks to queue
[2024-07-04T09:38:11.599+0000] {logging_mixin.py:188} INFO - [2024-07-04T09:38:11.598+0000] {dagbag.py:545} INFO - Filling up the DagBag from /home/airflow/.local/lib/python3.12/site-packages/airflow/example_dags/example_python_operator.py
[2024-07-04T09:38:11.649+0000] {processor.py:840} INFO - DAG(s) 'example_python_operator' retrieved from /home/airflow/.local/lib/python3.12/site-packages/airflow/example_dags/example_python_operator.py
[2024-07-04T09:38:11.747+0000] {logging_mixin.py:188} INFO - [2024-07-04T09:38:11.747+0000] {dag.py:3096} INFO - Sync 1 DAGs
[2024-07-04T09:38:11.788+0000] {logging_mixin.py:188} INFO - [2024-07-04T09:38:11.787+0000] {dag.py:3954} INFO - Setting next_dagrun for example_python_operator to None, run_after=None
[2024-07-04T09:38:11.865+0000] {processor.py:183} INFO - Processing /home/airflow/.local/lib/python3.12/site-packages/airflow/example_dags/example_python_operator.py took 0.299 seconds
[2024-07-04T09:38:42.462+0000] {processor.py:161} INFO - Started process (PID=503) to work on /home/airflow/.local/lib/python3.12/site-packages/airflow/example_dags/example_python_operator.py
[2024-07-04T09:38:42.479+0000] {processor.py:830} INFO - Processing file /home/airflow/.local/lib/python3.12/site-packages/airflow/example_dags/example_python_operator.py for tasks to queue
[2024-07-04T09:38:42.482+0000] {logging_mixin.py:188} INFO - [2024-07-04T09:38:42.481+0000] {dagbag.py:545} INFO - Filling up the DagBag from /home/airflow/.local/lib/python3.12/site-packages/airflow/example_dags/example_python_operator.py
[2024-07-04T09:38:42.502+0000] {processor.py:840} INFO - DAG(s) 'example_python_operator' retrieved from /home/airflow/.local/lib/python3.12/site-packages/airflow/example_dags/example_python_operator.py
[2024-07-04T09:38:42.528+0000] {logging_mixin.py:188} INFO - [2024-07-04T09:38:42.528+0000] {dag.py:3096} INFO - Sync 1 DAGs
[2024-07-04T09:38:42.542+0000] {logging_mixin.py:188} INFO - [2024-07-04T09:38:42.542+0000] {dag.py:3954} INFO - Setting next_dagrun for example_python_operator to None, run_after=None
[2024-07-04T09:38:42.564+0000] {processor.py:183} INFO - Processing /home/airflow/.local/lib/python3.12/site-packages/airflow/example_dags/example_python_operator.py took 0.117 seconds
[2024-07-04T09:39:13.427+0000] {processor.py:161} INFO - Started process (PID=560) to work on /home/airflow/.local/lib/python3.12/site-packages/airflow/example_dags/example_python_operator.py
[2024-07-04T09:39:13.429+0000] {processor.py:830} INFO - Processing file /home/airflow/.local/lib/python3.12/site-packages/airflow/example_dags/example_python_operator.py for tasks to queue
[2024-07-04T09:39:13.430+0000] {logging_mixin.py:188} INFO - [2024-07-04T09:39:13.430+0000] {dagbag.py:545} INFO - Filling up the DagBag from /home/airflow/.local/lib/python3.12/site-packages/airflow/example_dags/example_python_operator.py
[2024-07-04T09:39:13.441+0000] {processor.py:840} INFO - DAG(s) 'example_python_operator' retrieved from /home/airflow/.local/lib/python3.12/site-packages/airflow/example_dags/example_python_operator.py
[2024-07-04T09:39:13.463+0000] {logging_mixin.py:188} INFO - [2024-07-04T09:39:13.463+0000] {dag.py:3096} INFO - Sync 1 DAGs
[2024-07-04T09:39:13.476+0000] {logging_mixin.py:188} INFO - [2024-07-04T09:39:13.476+0000] {dag.py:3954} INFO - Setting next_dagrun for example_python_operator to None, run_after=None
[2024-07-04T09:39:13.503+0000] {processor.py:183} INFO - Processing /home/airflow/.local/lib/python3.12/site-packages/airflow/example_dags/example_python_operator.py took 0.081 seconds
[2024-07-04T09:39:44.253+0000] {processor.py:161} INFO - Started process (PID=619) to work on /home/airflow/.local/lib/python3.12/site-packages/airflow/example_dags/example_python_operator.py
[2024-07-04T09:39:44.254+0000] {processor.py:830} INFO - Processing file /home/airflow/.local/lib/python3.12/site-packages/airflow/example_dags/example_python_operator.py for tasks to queue
[2024-07-04T09:39:44.256+0000] {logging_mixin.py:188} INFO - [2024-07-04T09:39:44.255+0000] {dagbag.py:545} INFO - Filling up the DagBag from /home/airflow/.local/lib/python3.12/site-packages/airflow/example_dags/example_python_operator.py
[2024-07-04T09:39:44.270+0000] {processor.py:840} INFO - DAG(s) 'example_python_operator' retrieved from /home/airflow/.local/lib/python3.12/site-packages/airflow/example_dags/example_python_operator.py
[2024-07-04T09:39:44.292+0000] {logging_mixin.py:188} INFO - [2024-07-04T09:39:44.292+0000] {dag.py:3096} INFO - Sync 1 DAGs
[2024-07-04T09:39:44.319+0000] {logging_mixin.py:188} INFO - [2024-07-04T09:39:44.319+0000] {dag.py:3954} INFO - Setting next_dagrun for example_python_operator to None, run_after=None
[2024-07-04T09:39:44.354+0000] {processor.py:183} INFO - Processing /home/airflow/.local/lib/python3.12/site-packages/airflow/example_dags/example_python_operator.py took 0.107 seconds
[2024-07-04T09:40:14.570+0000] {processor.py:161} INFO - Started process (PID=678) to work on /home/airflow/.local/lib/python3.12/site-packages/airflow/example_dags/example_python_operator.py
[2024-07-04T09:40:14.571+0000] {processor.py:830} INFO - Processing file /home/airflow/.local/lib/python3.12/site-packages/airflow/example_dags/example_python_operator.py for tasks to queue
[2024-07-04T09:40:14.573+0000] {logging_mixin.py:188} INFO - [2024-07-04T09:40:14.573+0000] {dagbag.py:545} INFO - Filling up the DagBag from /home/airflow/.local/lib/python3.12/site-packages/airflow/example_dags/example_python_operator.py
[2024-07-04T09:40:14.583+0000] {processor.py:840} INFO - DAG(s) 'example_python_operator' retrieved from /home/airflow/.local/lib/python3.12/site-packages/airflow/example_dags/example_python_operator.py
[2024-07-04T09:40:14.603+0000] {logging_mixin.py:188} INFO - [2024-07-04T09:40:14.602+0000] {dag.py:3096} INFO - Sync 1 DAGs
[2024-07-04T09:40:14.616+0000] {logging_mixin.py:188} INFO - [2024-07-04T09:40:14.616+0000] {dag.py:3954} INFO - Setting next_dagrun for example_python_operator to None, run_after=None
[2024-07-04T09:40:14.636+0000] {processor.py:183} INFO - Processing /home/airflow/.local/lib/python3.12/site-packages/airflow/example_dags/example_python_operator.py took 0.071 seconds
[2024-07-04T09:40:45.009+0000] {processor.py:161} INFO - Started process (PID=737) to work on /home/airflow/.local/lib/python3.12/site-packages/airflow/example_dags/example_python_operator.py
[2024-07-04T09:40:45.014+0000] {processor.py:830} INFO - Processing file /home/airflow/.local/lib/python3.12/site-packages/airflow/example_dags/example_python_operator.py for tasks to queue
[2024-07-04T09:40:45.017+0000] {logging_mixin.py:188} INFO - [2024-07-04T09:40:45.016+0000] {dagbag.py:545} INFO - Filling up the DagBag from /home/airflow/.local/lib/python3.12/site-packages/airflow/example_dags/example_python_operator.py
[2024-07-04T09:40:45.035+0000] {processor.py:840} INFO - DAG(s) 'example_python_operator' retrieved from /home/airflow/.local/lib/python3.12/site-packages/airflow/example_dags/example_python_operator.py
[2024-07-04T09:40:45.067+0000] {logging_mixin.py:188} INFO - [2024-07-04T09:40:45.067+0000] {dag.py:3096} INFO - Sync 1 DAGs
[2024-07-04T09:40:45.084+0000] {logging_mixin.py:188} INFO - [2024-07-04T09:40:45.084+0000] {dag.py:3954} INFO - Setting next_dagrun for example_python_operator to None, run_after=None
[2024-07-04T09:40:45.108+0000] {processor.py:183} INFO - Processing /home/airflow/.local/lib/python3.12/site-packages/airflow/example_dags/example_python_operator.py took 0.115 seconds
[2024-07-04T09:41:15.169+0000] {processor.py:161} INFO - Started process (PID=797) to work on /home/airflow/.local/lib/python3.12/site-packages/airflow/example_dags/example_python_operator.py
[2024-07-04T09:41:15.172+0000] {processor.py:830} INFO - Processing file /home/airflow/.local/lib/python3.12/site-packages/airflow/example_dags/example_python_operator.py for tasks to queue
[2024-07-04T09:41:15.174+0000] {logging_mixin.py:188} INFO - [2024-07-04T09:41:15.173+0000] {dagbag.py:545} INFO - Filling up the DagBag from /home/airflow/.local/lib/python3.12/site-packages/airflow/example_dags/example_python_operator.py
[2024-07-04T09:41:15.188+0000] {processor.py:840} INFO - DAG(s) 'example_python_operator' retrieved from /home/airflow/.local/lib/python3.12/site-packages/airflow/example_dags/example_python_operator.py
[2024-07-04T09:41:15.209+0000] {logging_mixin.py:188} INFO - [2024-07-04T09:41:15.209+0000] {dag.py:3096} INFO - Sync 1 DAGs
[2024-07-04T09:41:15.221+0000] {logging_mixin.py:188} INFO - [2024-07-04T09:41:15.221+0000] {dag.py:3954} INFO - Setting next_dagrun for example_python_operator to None, run_after=None
[2024-07-04T09:41:15.243+0000] {processor.py:183} INFO - Processing /home/airflow/.local/lib/python3.12/site-packages/airflow/example_dags/example_python_operator.py took 0.081 seconds
[2024-07-04T09:41:45.573+0000] {processor.py:161} INFO - Started process (PID=856) to work on /home/airflow/.local/lib/python3.12/site-packages/airflow/example_dags/example_python_operator.py
[2024-07-04T09:41:45.574+0000] {processor.py:830} INFO - Processing file /home/airflow/.local/lib/python3.12/site-packages/airflow/example_dags/example_python_operator.py for tasks to queue
[2024-07-04T09:41:45.579+0000] {logging_mixin.py:188} INFO - [2024-07-04T09:41:45.578+0000] {dagbag.py:545} INFO - Filling up the DagBag from /home/airflow/.local/lib/python3.12/site-packages/airflow/example_dags/example_python_operator.py
[2024-07-04T09:41:45.590+0000] {processor.py:840} INFO - DAG(s) 'example_python_operator' retrieved from /home/airflow/.local/lib/python3.12/site-packages/airflow/example_dags/example_python_operator.py
[2024-07-04T09:41:45.615+0000] {logging_mixin.py:188} INFO - [2024-07-04T09:41:45.615+0000] {dag.py:3096} INFO - Sync 1 DAGs
[2024-07-04T09:41:45.627+0000] {logging_mixin.py:188} INFO - [2024-07-04T09:41:45.627+0000] {dag.py:3954} INFO - Setting next_dagrun for example_python_operator to None, run_after=None
[2024-07-04T09:41:45.648+0000] {processor.py:183} INFO - Processing /home/airflow/.local/lib/python3.12/site-packages/airflow/example_dags/example_python_operator.py took 0.080 seconds
[2024-07-04T09:42:16.121+0000] {processor.py:161} INFO - Started process (PID=914) to work on /home/airflow/.local/lib/python3.12/site-packages/airflow/example_dags/example_python_operator.py
[2024-07-04T09:42:16.123+0000] {processor.py:830} INFO - Processing file /home/airflow/.local/lib/python3.12/site-packages/airflow/example_dags/example_python_operator.py for tasks to queue
[2024-07-04T09:42:16.126+0000] {logging_mixin.py:188} INFO - [2024-07-04T09:42:16.126+0000] {dagbag.py:545} INFO - Filling up the DagBag from /home/airflow/.local/lib/python3.12/site-packages/airflow/example_dags/example_python_operator.py
[2024-07-04T09:42:16.147+0000] {processor.py:840} INFO - DAG(s) 'example_python_operator' retrieved from /home/airflow/.local/lib/python3.12/site-packages/airflow/example_dags/example_python_operator.py
[2024-07-04T09:42:16.178+0000] {logging_mixin.py:188} INFO - [2024-07-04T09:42:16.178+0000] {dag.py:3096} INFO - Sync 1 DAGs
[2024-07-04T09:42:16.198+0000] {logging_mixin.py:188} INFO - [2024-07-04T09:42:16.198+0000] {dag.py:3954} INFO - Setting next_dagrun for example_python_operator to None, run_after=None
[2024-07-04T09:42:16.225+0000] {processor.py:183} INFO - Processing /home/airflow/.local/lib/python3.12/site-packages/airflow/example_dags/example_python_operator.py took 0.111 seconds
[2024-07-04T09:42:46.446+0000] {processor.py:161} INFO - Started process (PID=974) to work on /home/airflow/.local/lib/python3.12/site-packages/airflow/example_dags/example_python_operator.py
[2024-07-04T09:42:46.448+0000] {processor.py:830} INFO - Processing file /home/airflow/.local/lib/python3.12/site-packages/airflow/example_dags/example_python_operator.py for tasks to queue
[2024-07-04T09:42:46.450+0000] {logging_mixin.py:188} INFO - [2024-07-04T09:42:46.450+0000] {dagbag.py:545} INFO - Filling up the DagBag from /home/airflow/.local/lib/python3.12/site-packages/airflow/example_dags/example_python_operator.py
[2024-07-04T09:42:46.473+0000] {processor.py:840} INFO - DAG(s) 'example_python_operator' retrieved from /home/airflow/.local/lib/python3.12/site-packages/airflow/example_dags/example_python_operator.py
[2024-07-04T09:42:46.509+0000] {logging_mixin.py:188} INFO - [2024-07-04T09:42:46.508+0000] {dag.py:3096} INFO - Sync 1 DAGs
[2024-07-04T09:42:46.533+0000] {logging_mixin.py:188} INFO - [2024-07-04T09:42:46.533+0000] {dag.py:3954} INFO - Setting next_dagrun for example_python_operator to None, run_after=None
[2024-07-04T09:42:46.556+0000] {processor.py:183} INFO - Processing /home/airflow/.local/lib/python3.12/site-packages/airflow/example_dags/example_python_operator.py took 0.118 seconds
[2024-07-04T09:43:16.890+0000] {processor.py:161} INFO - Started process (PID=1034) to work on /home/airflow/.local/lib/python3.12/site-packages/airflow/example_dags/example_python_operator.py
[2024-07-04T09:43:16.893+0000] {processor.py:830} INFO - Processing file /home/airflow/.local/lib/python3.12/site-packages/airflow/example_dags/example_python_operator.py for tasks to queue
[2024-07-04T09:43:16.898+0000] {logging_mixin.py:188} INFO - [2024-07-04T09:43:16.897+0000] {dagbag.py:545} INFO - Filling up the DagBag from /home/airflow/.local/lib/python3.12/site-packages/airflow/example_dags/example_python_operator.py
[2024-07-04T09:43:16.924+0000] {processor.py:840} INFO - DAG(s) 'example_python_operator' retrieved from /home/airflow/.local/lib/python3.12/site-packages/airflow/example_dags/example_python_operator.py
[2024-07-04T09:43:16.970+0000] {logging_mixin.py:188} INFO - [2024-07-04T09:43:16.968+0000] {dag.py:3096} INFO - Sync 1 DAGs
[2024-07-04T09:43:16.998+0000] {logging_mixin.py:188} INFO - [2024-07-04T09:43:16.997+0000] {dag.py:3954} INFO - Setting next_dagrun for example_python_operator to None, run_after=None
[2024-07-04T09:43:17.023+0000] {processor.py:183} INFO - Processing /home/airflow/.local/lib/python3.12/site-packages/airflow/example_dags/example_python_operator.py took 0.139 seconds
[2024-07-04T09:43:47.087+0000] {processor.py:161} INFO - Started process (PID=1093) to work on /home/airflow/.local/lib/python3.12/site-packages/airflow/example_dags/example_python_operator.py
[2024-07-04T09:43:47.090+0000] {processor.py:830} INFO - Processing file /home/airflow/.local/lib/python3.12/site-packages/airflow/example_dags/example_python_operator.py for tasks to queue
[2024-07-04T09:43:47.093+0000] {logging_mixin.py:188} INFO - [2024-07-04T09:43:47.093+0000] {dagbag.py:545} INFO - Filling up the DagBag from /home/airflow/.local/lib/python3.12/site-packages/airflow/example_dags/example_python_operator.py
[2024-07-04T09:43:47.113+0000] {processor.py:840} INFO - DAG(s) 'example_python_operator' retrieved from /home/airflow/.local/lib/python3.12/site-packages/airflow/example_dags/example_python_operator.py
[2024-07-04T09:43:47.159+0000] {logging_mixin.py:188} INFO - [2024-07-04T09:43:47.159+0000] {dag.py:3096} INFO - Sync 1 DAGs
[2024-07-04T09:43:47.181+0000] {logging_mixin.py:188} INFO - [2024-07-04T09:43:47.181+0000] {dag.py:3954} INFO - Setting next_dagrun for example_python_operator to None, run_after=None
[2024-07-04T09:43:47.208+0000] {processor.py:183} INFO - Processing /home/airflow/.local/lib/python3.12/site-packages/airflow/example_dags/example_python_operator.py took 0.129 seconds
[2024-07-04T09:44:17.993+0000] {processor.py:161} INFO - Started process (PID=1152) to work on /home/airflow/.local/lib/python3.12/site-packages/airflow/example_dags/example_python_operator.py
[2024-07-04T09:44:17.994+0000] {processor.py:830} INFO - Processing file /home/airflow/.local/lib/python3.12/site-packages/airflow/example_dags/example_python_operator.py for tasks to queue
[2024-07-04T09:44:17.996+0000] {logging_mixin.py:188} INFO - [2024-07-04T09:44:17.996+0000] {dagbag.py:545} INFO - Filling up the DagBag from /home/airflow/.local/lib/python3.12/site-packages/airflow/example_dags/example_python_operator.py
[2024-07-04T09:44:18.007+0000] {processor.py:840} INFO - DAG(s) 'example_python_operator' retrieved from /home/airflow/.local/lib/python3.12/site-packages/airflow/example_dags/example_python_operator.py
[2024-07-04T09:44:18.036+0000] {logging_mixin.py:188} INFO - [2024-07-04T09:44:18.036+0000] {dag.py:3096} INFO - Sync 1 DAGs
[2024-07-04T09:44:18.056+0000] {logging_mixin.py:188} INFO - [2024-07-04T09:44:18.056+0000] {dag.py:3954} INFO - Setting next_dagrun for example_python_operator to None, run_after=None
[2024-07-04T09:44:18.082+0000] {processor.py:183} INFO - Processing /home/airflow/.local/lib/python3.12/site-packages/airflow/example_dags/example_python_operator.py took 0.094 seconds
[2024-07-04T09:44:49.032+0000] {processor.py:161} INFO - Started process (PID=1211) to work on /home/airflow/.local/lib/python3.12/site-packages/airflow/example_dags/example_python_operator.py
[2024-07-04T09:44:49.034+0000] {processor.py:830} INFO - Processing file /home/airflow/.local/lib/python3.12/site-packages/airflow/example_dags/example_python_operator.py for tasks to queue
[2024-07-04T09:44:49.038+0000] {logging_mixin.py:188} INFO - [2024-07-04T09:44:49.037+0000] {dagbag.py:545} INFO - Filling up the DagBag from /home/airflow/.local/lib/python3.12/site-packages/airflow/example_dags/example_python_operator.py
[2024-07-04T09:44:49.065+0000] {processor.py:840} INFO - DAG(s) 'example_python_operator' retrieved from /home/airflow/.local/lib/python3.12/site-packages/airflow/example_dags/example_python_operator.py
[2024-07-04T09:44:49.123+0000] {logging_mixin.py:188} INFO - [2024-07-04T09:44:49.123+0000] {dag.py:3096} INFO - Sync 1 DAGs
[2024-07-04T09:44:49.141+0000] {logging_mixin.py:188} INFO - [2024-07-04T09:44:49.141+0000] {dag.py:3954} INFO - Setting next_dagrun for example_python_operator to None, run_after=None
[2024-07-04T09:44:49.164+0000] {processor.py:183} INFO - Processing /home/airflow/.local/lib/python3.12/site-packages/airflow/example_dags/example_python_operator.py took 0.139 seconds
[2024-07-04T09:45:19.882+0000] {processor.py:161} INFO - Started process (PID=1270) to work on /home/airflow/.local/lib/python3.12/site-packages/airflow/example_dags/example_python_operator.py
[2024-07-04T09:45:19.885+0000] {processor.py:830} INFO - Processing file /home/airflow/.local/lib/python3.12/site-packages/airflow/example_dags/example_python_operator.py for tasks to queue
[2024-07-04T09:45:19.892+0000] {logging_mixin.py:188} INFO - [2024-07-04T09:45:19.892+0000] {dagbag.py:545} INFO - Filling up the DagBag from /home/airflow/.local/lib/python3.12/site-packages/airflow/example_dags/example_python_operator.py
[2024-07-04T09:45:19.933+0000] {processor.py:840} INFO - DAG(s) 'example_python_operator' retrieved from /home/airflow/.local/lib/python3.12/site-packages/airflow/example_dags/example_python_operator.py
[2024-07-04T09:45:19.994+0000] {logging_mixin.py:188} INFO - [2024-07-04T09:45:19.993+0000] {dag.py:3096} INFO - Sync 1 DAGs
[2024-07-04T09:45:20.022+0000] {logging_mixin.py:188} INFO - [2024-07-04T09:45:20.021+0000] {dag.py:3954} INFO - Setting next_dagrun for example_python_operator to None, run_after=None
[2024-07-04T09:45:20.075+0000] {processor.py:183} INFO - Processing /home/airflow/.local/lib/python3.12/site-packages/airflow/example_dags/example_python_operator.py took 0.203 seconds
[2024-07-04T09:45:50.745+0000] {processor.py:161} INFO - Started process (PID=1329) to work on /home/airflow/.local/lib/python3.12/site-packages/airflow/example_dags/example_python_operator.py
[2024-07-04T09:45:50.746+0000] {processor.py:830} INFO - Processing file /home/airflow/.local/lib/python3.12/site-packages/airflow/example_dags/example_python_operator.py for tasks to queue
[2024-07-04T09:45:50.749+0000] {logging_mixin.py:188} INFO - [2024-07-04T09:45:50.748+0000] {dagbag.py:545} INFO - Filling up the DagBag from /home/airflow/.local/lib/python3.12/site-packages/airflow/example_dags/example_python_operator.py
[2024-07-04T09:45:50.761+0000] {processor.py:840} INFO - DAG(s) 'example_python_operator' retrieved from /home/airflow/.local/lib/python3.12/site-packages/airflow/example_dags/example_python_operator.py
[2024-07-04T09:45:50.783+0000] {logging_mixin.py:188} INFO - [2024-07-04T09:45:50.783+0000] {dag.py:3096} INFO - Sync 1 DAGs
[2024-07-04T09:45:50.795+0000] {logging_mixin.py:188} INFO - [2024-07-04T09:45:50.795+0000] {dag.py:3954} INFO - Setting next_dagrun for example_python_operator to None, run_after=None
[2024-07-04T09:45:50.827+0000] {processor.py:183} INFO - Processing /home/airflow/.local/lib/python3.12/site-packages/airflow/example_dags/example_python_operator.py took 0.087 seconds
[2024-07-04T09:46:21.054+0000] {processor.py:161} INFO - Started process (PID=1388) to work on /home/airflow/.local/lib/python3.12/site-packages/airflow/example_dags/example_python_operator.py
[2024-07-04T09:46:21.055+0000] {processor.py:830} INFO - Processing file /home/airflow/.local/lib/python3.12/site-packages/airflow/example_dags/example_python_operator.py for tasks to queue
[2024-07-04T09:46:21.057+0000] {logging_mixin.py:188} INFO - [2024-07-04T09:46:21.057+0000] {dagbag.py:545} INFO - Filling up the DagBag from /home/airflow/.local/lib/python3.12/site-packages/airflow/example_dags/example_python_operator.py
[2024-07-04T09:46:21.069+0000] {processor.py:840} INFO - DAG(s) 'example_python_operator' retrieved from /home/airflow/.local/lib/python3.12/site-packages/airflow/example_dags/example_python_operator.py
[2024-07-04T09:46:21.089+0000] {logging_mixin.py:188} INFO - [2024-07-04T09:46:21.089+0000] {dag.py:3096} INFO - Sync 1 DAGs
[2024-07-04T09:46:21.103+0000] {logging_mixin.py:188} INFO - [2024-07-04T09:46:21.103+0000] {dag.py:3954} INFO - Setting next_dagrun for example_python_operator to None, run_after=None
[2024-07-04T09:46:21.126+0000] {processor.py:183} INFO - Processing /home/airflow/.local/lib/python3.12/site-packages/airflow/example_dags/example_python_operator.py took 0.079 seconds
[2024-07-04T09:46:51.822+0000] {processor.py:161} INFO - Started process (PID=1448) to work on /home/airflow/.local/lib/python3.12/site-packages/airflow/example_dags/example_python_operator.py
[2024-07-04T09:46:51.823+0000] {processor.py:830} INFO - Processing file /home/airflow/.local/lib/python3.12/site-packages/airflow/example_dags/example_python_operator.py for tasks to queue
[2024-07-04T09:46:51.825+0000] {logging_mixin.py:188} INFO - [2024-07-04T09:46:51.825+0000] {dagbag.py:545} INFO - Filling up the DagBag from /home/airflow/.local/lib/python3.12/site-packages/airflow/example_dags/example_python_operator.py
[2024-07-04T09:46:51.835+0000] {processor.py:840} INFO - DAG(s) 'example_python_operator' retrieved from /home/airflow/.local/lib/python3.12/site-packages/airflow/example_dags/example_python_operator.py
[2024-07-04T09:46:51.861+0000] {logging_mixin.py:188} INFO - [2024-07-04T09:46:51.861+0000] {dag.py:3096} INFO - Sync 1 DAGs
[2024-07-04T09:46:51.887+0000] {logging_mixin.py:188} INFO - [2024-07-04T09:46:51.886+0000] {dag.py:3954} INFO - Setting next_dagrun for example_python_operator to None, run_after=None
[2024-07-04T09:46:51.917+0000] {processor.py:183} INFO - Processing /home/airflow/.local/lib/python3.12/site-packages/airflow/example_dags/example_python_operator.py took 0.108 seconds
[2024-07-04T09:47:22.477+0000] {processor.py:161} INFO - Started process (PID=1508) to work on /home/airflow/.local/lib/python3.12/site-packages/airflow/example_dags/example_python_operator.py
[2024-07-04T09:47:22.490+0000] {processor.py:830} INFO - Processing file /home/airflow/.local/lib/python3.12/site-packages/airflow/example_dags/example_python_operator.py for tasks to queue
[2024-07-04T09:47:22.502+0000] {logging_mixin.py:188} INFO - [2024-07-04T09:47:22.502+0000] {dagbag.py:545} INFO - Filling up the DagBag from /home/airflow/.local/lib/python3.12/site-packages/airflow/example_dags/example_python_operator.py
[2024-07-04T09:47:22.580+0000] {processor.py:840} INFO - DAG(s) 'example_python_operator' retrieved from /home/airflow/.local/lib/python3.12/site-packages/airflow/example_dags/example_python_operator.py
[2024-07-04T09:47:22.710+0000] {logging_mixin.py:188} INFO - [2024-07-04T09:47:22.708+0000] {dag.py:3096} INFO - Sync 1 DAGs
[2024-07-04T09:47:22.734+0000] {logging_mixin.py:188} INFO - [2024-07-04T09:47:22.733+0000] {dag.py:3954} INFO - Setting next_dagrun for example_python_operator to None, run_after=None
[2024-07-04T09:47:22.777+0000] {processor.py:183} INFO - Processing /home/airflow/.local/lib/python3.12/site-packages/airflow/example_dags/example_python_operator.py took 0.324 seconds
[2024-07-04T09:47:53.329+0000] {processor.py:161} INFO - Started process (PID=1565) to work on /home/airflow/.local/lib/python3.12/site-packages/airflow/example_dags/example_python_operator.py
[2024-07-04T09:47:53.331+0000] {processor.py:830} INFO - Processing file /home/airflow/.local/lib/python3.12/site-packages/airflow/example_dags/example_python_operator.py for tasks to queue
[2024-07-04T09:47:53.334+0000] {logging_mixin.py:188} INFO - [2024-07-04T09:47:53.334+0000] {dagbag.py:545} INFO - Filling up the DagBag from /home/airflow/.local/lib/python3.12/site-packages/airflow/example_dags/example_python_operator.py
[2024-07-04T09:47:53.357+0000] {processor.py:840} INFO - DAG(s) 'example_python_operator' retrieved from /home/airflow/.local/lib/python3.12/site-packages/airflow/example_dags/example_python_operator.py
[2024-07-04T09:47:53.398+0000] {logging_mixin.py:188} INFO - [2024-07-04T09:47:53.397+0000] {dag.py:3096} INFO - Sync 1 DAGs
[2024-07-04T09:47:53.426+0000] {logging_mixin.py:188} INFO - [2024-07-04T09:47:53.425+0000] {dag.py:3954} INFO - Setting next_dagrun for example_python_operator to None, run_after=None
[2024-07-04T09:47:53.467+0000] {processor.py:183} INFO - Processing /home/airflow/.local/lib/python3.12/site-packages/airflow/example_dags/example_python_operator.py took 0.145 seconds
[2024-07-04T09:48:24.199+0000] {processor.py:161} INFO - Started process (PID=1624) to work on /home/airflow/.local/lib/python3.12/site-packages/airflow/example_dags/example_python_operator.py
[2024-07-04T09:48:24.208+0000] {processor.py:830} INFO - Processing file /home/airflow/.local/lib/python3.12/site-packages/airflow/example_dags/example_python_operator.py for tasks to queue
[2024-07-04T09:48:24.209+0000] {logging_mixin.py:188} INFO - [2024-07-04T09:48:24.209+0000] {dagbag.py:545} INFO - Filling up the DagBag from /home/airflow/.local/lib/python3.12/site-packages/airflow/example_dags/example_python_operator.py
[2024-07-04T09:48:24.245+0000] {processor.py:840} INFO - DAG(s) 'example_python_operator' retrieved from /home/airflow/.local/lib/python3.12/site-packages/airflow/example_dags/example_python_operator.py
[2024-07-04T09:48:24.280+0000] {logging_mixin.py:188} INFO - [2024-07-04T09:48:24.280+0000] {dag.py:3096} INFO - Sync 1 DAGs
[2024-07-04T09:48:24.313+0000] {logging_mixin.py:188} INFO - [2024-07-04T09:48:24.313+0000] {dag.py:3954} INFO - Setting next_dagrun for example_python_operator to None, run_after=None
[2024-07-04T09:48:24.349+0000] {processor.py:183} INFO - Processing /home/airflow/.local/lib/python3.12/site-packages/airflow/example_dags/example_python_operator.py took 0.168 seconds
[2024-07-04T09:48:57.897+0000] {processor.py:161} INFO - Started process (PID=1675) to work on /home/airflow/.local/lib/python3.12/site-packages/airflow/example_dags/example_python_operator.py
[2024-07-04T09:48:57.900+0000] {processor.py:830} INFO - Processing file /home/airflow/.local/lib/python3.12/site-packages/airflow/example_dags/example_python_operator.py for tasks to queue
[2024-07-04T09:48:57.903+0000] {logging_mixin.py:188} INFO - [2024-07-04T09:48:57.903+0000] {dagbag.py:545} INFO - Filling up the DagBag from /home/airflow/.local/lib/python3.12/site-packages/airflow/example_dags/example_python_operator.py
[2024-07-04T09:48:57.955+0000] {processor.py:840} INFO - DAG(s) 'example_python_operator' retrieved from /home/airflow/.local/lib/python3.12/site-packages/airflow/example_dags/example_python_operator.py
[2024-07-04T09:48:58.026+0000] {logging_mixin.py:188} INFO - [2024-07-04T09:48:58.026+0000] {dag.py:3096} INFO - Sync 1 DAGs
[2024-07-04T09:48:58.068+0000] {logging_mixin.py:188} INFO - [2024-07-04T09:48:58.067+0000] {dag.py:3954} INFO - Setting next_dagrun for example_python_operator to None, run_after=None
[2024-07-04T09:48:58.155+0000] {processor.py:183} INFO - Processing /home/airflow/.local/lib/python3.12/site-packages/airflow/example_dags/example_python_operator.py took 0.275 seconds
[2024-07-04T09:49:28.989+0000] {processor.py:161} INFO - Started process (PID=1733) to work on /home/airflow/.local/lib/python3.12/site-packages/airflow/example_dags/example_python_operator.py
[2024-07-04T09:49:28.990+0000] {processor.py:830} INFO - Processing file /home/airflow/.local/lib/python3.12/site-packages/airflow/example_dags/example_python_operator.py for tasks to queue
[2024-07-04T09:49:28.992+0000] {logging_mixin.py:188} INFO - [2024-07-04T09:49:28.992+0000] {dagbag.py:545} INFO - Filling up the DagBag from /home/airflow/.local/lib/python3.12/site-packages/airflow/example_dags/example_python_operator.py
[2024-07-04T09:49:29.006+0000] {processor.py:840} INFO - DAG(s) 'example_python_operator' retrieved from /home/airflow/.local/lib/python3.12/site-packages/airflow/example_dags/example_python_operator.py
[2024-07-04T09:49:29.034+0000] {logging_mixin.py:188} INFO - [2024-07-04T09:49:29.034+0000] {dag.py:3096} INFO - Sync 1 DAGs
[2024-07-04T09:49:29.048+0000] {logging_mixin.py:188} INFO - [2024-07-04T09:49:29.047+0000] {dag.py:3954} INFO - Setting next_dagrun for example_python_operator to None, run_after=None
[2024-07-04T09:49:29.075+0000] {processor.py:183} INFO - Processing /home/airflow/.local/lib/python3.12/site-packages/airflow/example_dags/example_python_operator.py took 0.092 seconds
[2024-07-04T09:49:59.443+0000] {processor.py:161} INFO - Started process (PID=1793) to work on /home/airflow/.local/lib/python3.12/site-packages/airflow/example_dags/example_python_operator.py
[2024-07-04T09:49:59.446+0000] {processor.py:830} INFO - Processing file /home/airflow/.local/lib/python3.12/site-packages/airflow/example_dags/example_python_operator.py for tasks to queue
[2024-07-04T09:49:59.448+0000] {logging_mixin.py:188} INFO - [2024-07-04T09:49:59.448+0000] {dagbag.py:545} INFO - Filling up the DagBag from /home/airflow/.local/lib/python3.12/site-packages/airflow/example_dags/example_python_operator.py
[2024-07-04T09:49:59.458+0000] {processor.py:840} INFO - DAG(s) 'example_python_operator' retrieved from /home/airflow/.local/lib/python3.12/site-packages/airflow/example_dags/example_python_operator.py
[2024-07-04T09:49:59.480+0000] {logging_mixin.py:188} INFO - [2024-07-04T09:49:59.480+0000] {dag.py:3096} INFO - Sync 1 DAGs
[2024-07-04T09:49:59.491+0000] {logging_mixin.py:188} INFO - [2024-07-04T09:49:59.491+0000] {dag.py:3954} INFO - Setting next_dagrun for example_python_operator to None, run_after=None
[2024-07-04T09:49:59.514+0000] {processor.py:183} INFO - Processing /home/airflow/.local/lib/python3.12/site-packages/airflow/example_dags/example_python_operator.py took 0.076 seconds
[2024-07-04T09:50:30.521+0000] {processor.py:161} INFO - Started process (PID=1852) to work on /home/airflow/.local/lib/python3.12/site-packages/airflow/example_dags/example_python_operator.py
[2024-07-04T09:50:30.523+0000] {processor.py:830} INFO - Processing file /home/airflow/.local/lib/python3.12/site-packages/airflow/example_dags/example_python_operator.py for tasks to queue
[2024-07-04T09:50:30.527+0000] {logging_mixin.py:188} INFO - [2024-07-04T09:50:30.526+0000] {dagbag.py:545} INFO - Filling up the DagBag from /home/airflow/.local/lib/python3.12/site-packages/airflow/example_dags/example_python_operator.py
[2024-07-04T09:50:30.557+0000] {processor.py:840} INFO - DAG(s) 'example_python_operator' retrieved from /home/airflow/.local/lib/python3.12/site-packages/airflow/example_dags/example_python_operator.py
[2024-07-04T09:50:30.604+0000] {logging_mixin.py:188} INFO - [2024-07-04T09:50:30.603+0000] {dag.py:3096} INFO - Sync 1 DAGs
[2024-07-04T09:50:30.622+0000] {logging_mixin.py:188} INFO - [2024-07-04T09:50:30.622+0000] {dag.py:3954} INFO - Setting next_dagrun for example_python_operator to None, run_after=None
[2024-07-04T09:50:30.655+0000] {processor.py:183} INFO - Processing /home/airflow/.local/lib/python3.12/site-packages/airflow/example_dags/example_python_operator.py took 0.149 seconds
[2024-07-04T09:51:00.695+0000] {processor.py:161} INFO - Started process (PID=1911) to work on /home/airflow/.local/lib/python3.12/site-packages/airflow/example_dags/example_python_operator.py
[2024-07-04T09:51:00.709+0000] {processor.py:830} INFO - Processing file /home/airflow/.local/lib/python3.12/site-packages/airflow/example_dags/example_python_operator.py for tasks to queue
[2024-07-04T09:51:00.716+0000] {logging_mixin.py:188} INFO - [2024-07-04T09:51:00.715+0000] {dagbag.py:545} INFO - Filling up the DagBag from /home/airflow/.local/lib/python3.12/site-packages/airflow/example_dags/example_python_operator.py
[2024-07-04T09:51:00.742+0000] {processor.py:840} INFO - DAG(s) 'example_python_operator' retrieved from /home/airflow/.local/lib/python3.12/site-packages/airflow/example_dags/example_python_operator.py
[2024-07-04T09:51:00.795+0000] {logging_mixin.py:188} INFO - [2024-07-04T09:51:00.795+0000] {dag.py:3096} INFO - Sync 1 DAGs
[2024-07-04T09:51:00.950+0000] {logging_mixin.py:188} INFO - [2024-07-04T09:51:00.950+0000] {dag.py:3954} INFO - Setting next_dagrun for example_python_operator to None, run_after=None
[2024-07-04T09:51:00.980+0000] {processor.py:183} INFO - Processing /home/airflow/.local/lib/python3.12/site-packages/airflow/example_dags/example_python_operator.py took 0.292 seconds
[2024-07-04T09:51:31.328+0000] {processor.py:161} INFO - Started process (PID=1968) to work on /home/airflow/.local/lib/python3.12/site-packages/airflow/example_dags/example_python_operator.py
[2024-07-04T09:51:31.330+0000] {processor.py:830} INFO - Processing file /home/airflow/.local/lib/python3.12/site-packages/airflow/example_dags/example_python_operator.py for tasks to queue
[2024-07-04T09:51:31.331+0000] {logging_mixin.py:188} INFO - [2024-07-04T09:51:31.331+0000] {dagbag.py:545} INFO - Filling up the DagBag from /home/airflow/.local/lib/python3.12/site-packages/airflow/example_dags/example_python_operator.py
[2024-07-04T09:51:31.341+0000] {processor.py:840} INFO - DAG(s) 'example_python_operator' retrieved from /home/airflow/.local/lib/python3.12/site-packages/airflow/example_dags/example_python_operator.py
[2024-07-04T09:51:31.367+0000] {logging_mixin.py:188} INFO - [2024-07-04T09:51:31.366+0000] {dag.py:3096} INFO - Sync 1 DAGs
[2024-07-04T09:51:31.548+0000] {logging_mixin.py:188} INFO - [2024-07-04T09:51:31.548+0000] {dag.py:3954} INFO - Setting next_dagrun for example_python_operator to None, run_after=None
[2024-07-04T09:51:31.574+0000] {processor.py:183} INFO - Processing /home/airflow/.local/lib/python3.12/site-packages/airflow/example_dags/example_python_operator.py took 0.252 seconds
[2024-07-04T09:52:02.514+0000] {processor.py:161} INFO - Started process (PID=2027) to work on /home/airflow/.local/lib/python3.12/site-packages/airflow/example_dags/example_python_operator.py
[2024-07-04T09:52:02.521+0000] {processor.py:830} INFO - Processing file /home/airflow/.local/lib/python3.12/site-packages/airflow/example_dags/example_python_operator.py for tasks to queue
[2024-07-04T09:52:02.526+0000] {logging_mixin.py:188} INFO - [2024-07-04T09:52:02.525+0000] {dagbag.py:545} INFO - Filling up the DagBag from /home/airflow/.local/lib/python3.12/site-packages/airflow/example_dags/example_python_operator.py
[2024-07-04T09:52:02.571+0000] {processor.py:840} INFO - DAG(s) 'example_python_operator' retrieved from /home/airflow/.local/lib/python3.12/site-packages/airflow/example_dags/example_python_operator.py
[2024-07-04T09:52:02.663+0000] {logging_mixin.py:188} INFO - [2024-07-04T09:52:02.663+0000] {dag.py:3096} INFO - Sync 1 DAGs
[2024-07-04T09:52:02.728+0000] {logging_mixin.py:188} INFO - [2024-07-04T09:52:02.727+0000] {dag.py:3954} INFO - Setting next_dagrun for example_python_operator to None, run_after=None
[2024-07-04T09:52:02.775+0000] {processor.py:183} INFO - Processing /home/airflow/.local/lib/python3.12/site-packages/airflow/example_dags/example_python_operator.py took 0.291 seconds
[2024-07-04T09:52:33.251+0000] {processor.py:161} INFO - Started process (PID=2087) to work on /home/airflow/.local/lib/python3.12/site-packages/airflow/example_dags/example_python_operator.py
[2024-07-04T09:52:33.253+0000] {processor.py:830} INFO - Processing file /home/airflow/.local/lib/python3.12/site-packages/airflow/example_dags/example_python_operator.py for tasks to queue
[2024-07-04T09:52:33.255+0000] {logging_mixin.py:188} INFO - [2024-07-04T09:52:33.254+0000] {dagbag.py:545} INFO - Filling up the DagBag from /home/airflow/.local/lib/python3.12/site-packages/airflow/example_dags/example_python_operator.py
[2024-07-04T09:52:33.275+0000] {processor.py:840} INFO - DAG(s) 'example_python_operator' retrieved from /home/airflow/.local/lib/python3.12/site-packages/airflow/example_dags/example_python_operator.py
[2024-07-04T09:52:33.333+0000] {logging_mixin.py:188} INFO - [2024-07-04T09:52:33.333+0000] {dag.py:3096} INFO - Sync 1 DAGs
[2024-07-04T09:52:33.360+0000] {logging_mixin.py:188} INFO - [2024-07-04T09:52:33.360+0000] {dag.py:3954} INFO - Setting next_dagrun for example_python_operator to None, run_after=None
[2024-07-04T09:52:33.389+0000] {processor.py:183} INFO - Processing /home/airflow/.local/lib/python3.12/site-packages/airflow/example_dags/example_python_operator.py took 0.147 seconds
[2024-07-04T09:53:04.026+0000] {processor.py:161} INFO - Started process (PID=2146) to work on /home/airflow/.local/lib/python3.12/site-packages/airflow/example_dags/example_python_operator.py
[2024-07-04T09:53:04.027+0000] {processor.py:830} INFO - Processing file /home/airflow/.local/lib/python3.12/site-packages/airflow/example_dags/example_python_operator.py for tasks to queue
[2024-07-04T09:53:04.028+0000] {logging_mixin.py:188} INFO - [2024-07-04T09:53:04.028+0000] {dagbag.py:545} INFO - Filling up the DagBag from /home/airflow/.local/lib/python3.12/site-packages/airflow/example_dags/example_python_operator.py
[2024-07-04T09:53:04.038+0000] {processor.py:840} INFO - DAG(s) 'example_python_operator' retrieved from /home/airflow/.local/lib/python3.12/site-packages/airflow/example_dags/example_python_operator.py
[2024-07-04T09:53:04.061+0000] {logging_mixin.py:188} INFO - [2024-07-04T09:53:04.061+0000] {dag.py:3096} INFO - Sync 1 DAGs
[2024-07-04T09:53:04.074+0000] {logging_mixin.py:188} INFO - [2024-07-04T09:53:04.073+0000] {dag.py:3954} INFO - Setting next_dagrun for example_python_operator to None, run_after=None
[2024-07-04T09:53:04.100+0000] {processor.py:183} INFO - Processing /home/airflow/.local/lib/python3.12/site-packages/airflow/example_dags/example_python_operator.py took 0.080 seconds
[2024-07-04T09:53:34.511+0000] {processor.py:161} INFO - Started process (PID=2204) to work on /home/airflow/.local/lib/python3.12/site-packages/airflow/example_dags/example_python_operator.py
[2024-07-04T09:53:34.513+0000] {processor.py:830} INFO - Processing file /home/airflow/.local/lib/python3.12/site-packages/airflow/example_dags/example_python_operator.py for tasks to queue
[2024-07-04T09:53:34.518+0000] {logging_mixin.py:188} INFO - [2024-07-04T09:53:34.518+0000] {dagbag.py:545} INFO - Filling up the DagBag from /home/airflow/.local/lib/python3.12/site-packages/airflow/example_dags/example_python_operator.py
[2024-07-04T09:53:34.551+0000] {processor.py:840} INFO - DAG(s) 'example_python_operator' retrieved from /home/airflow/.local/lib/python3.12/site-packages/airflow/example_dags/example_python_operator.py
[2024-07-04T09:53:34.615+0000] {logging_mixin.py:188} INFO - [2024-07-04T09:53:34.615+0000] {dag.py:3096} INFO - Sync 1 DAGs
[2024-07-04T09:53:34.652+0000] {logging_mixin.py:188} INFO - [2024-07-04T09:53:34.651+0000] {dag.py:3954} INFO - Setting next_dagrun for example_python_operator to None, run_after=None
[2024-07-04T09:53:34.734+0000] {processor.py:183} INFO - Processing /home/airflow/.local/lib/python3.12/site-packages/airflow/example_dags/example_python_operator.py took 0.240 seconds
[2024-07-04T09:54:14.026+0000] {processor.py:161} INFO - Started process (PID=2267) to work on /home/airflow/.local/lib/python3.12/site-packages/airflow/example_dags/example_python_operator.py
[2024-07-04T09:54:14.028+0000] {processor.py:830} INFO - Processing file /home/airflow/.local/lib/python3.12/site-packages/airflow/example_dags/example_python_operator.py for tasks to queue
[2024-07-04T09:54:14.031+0000] {logging_mixin.py:188} INFO - [2024-07-04T09:54:14.031+0000] {dagbag.py:545} INFO - Filling up the DagBag from /home/airflow/.local/lib/python3.12/site-packages/airflow/example_dags/example_python_operator.py
[2024-07-04T09:54:14.126+0000] {processor.py:840} INFO - DAG(s) 'example_python_operator' retrieved from /home/airflow/.local/lib/python3.12/site-packages/airflow/example_dags/example_python_operator.py
[2024-07-04T09:54:14.212+0000] {logging_mixin.py:188} INFO - [2024-07-04T09:54:14.212+0000] {dag.py:3096} INFO - Sync 1 DAGs
[2024-07-04T09:54:14.240+0000] {logging_mixin.py:188} INFO - [2024-07-04T09:54:14.240+0000] {dag.py:3954} INFO - Setting next_dagrun for example_python_operator to None, run_after=None
[2024-07-04T09:54:14.354+0000] {processor.py:183} INFO - Processing /home/airflow/.local/lib/python3.12/site-packages/airflow/example_dags/example_python_operator.py took 0.337 seconds
[2024-07-04T09:54:44.435+0000] {processor.py:161} INFO - Started process (PID=2325) to work on /home/airflow/.local/lib/python3.12/site-packages/airflow/example_dags/example_python_operator.py
[2024-07-04T09:54:44.436+0000] {processor.py:830} INFO - Processing file /home/airflow/.local/lib/python3.12/site-packages/airflow/example_dags/example_python_operator.py for tasks to queue
[2024-07-04T09:54:44.439+0000] {logging_mixin.py:188} INFO - [2024-07-04T09:54:44.438+0000] {dagbag.py:545} INFO - Filling up the DagBag from /home/airflow/.local/lib/python3.12/site-packages/airflow/example_dags/example_python_operator.py
[2024-07-04T09:54:44.450+0000] {processor.py:840} INFO - DAG(s) 'example_python_operator' retrieved from /home/airflow/.local/lib/python3.12/site-packages/airflow/example_dags/example_python_operator.py
[2024-07-04T09:54:44.472+0000] {logging_mixin.py:188} INFO - [2024-07-04T09:54:44.472+0000] {dag.py:3096} INFO - Sync 1 DAGs
[2024-07-04T09:54:44.484+0000] {logging_mixin.py:188} INFO - [2024-07-04T09:54:44.484+0000] {dag.py:3954} INFO - Setting next_dagrun for example_python_operator to None, run_after=None
[2024-07-04T09:54:44.502+0000] {processor.py:183} INFO - Processing /home/airflow/.local/lib/python3.12/site-packages/airflow/example_dags/example_python_operator.py took 0.073 seconds
[2024-07-04T09:55:14.789+0000] {processor.py:161} INFO - Started process (PID=2382) to work on /home/airflow/.local/lib/python3.12/site-packages/airflow/example_dags/example_python_operator.py
[2024-07-04T09:55:14.791+0000] {processor.py:830} INFO - Processing file /home/airflow/.local/lib/python3.12/site-packages/airflow/example_dags/example_python_operator.py for tasks to queue
[2024-07-04T09:55:14.795+0000] {logging_mixin.py:188} INFO - [2024-07-04T09:55:14.794+0000] {dagbag.py:545} INFO - Filling up the DagBag from /home/airflow/.local/lib/python3.12/site-packages/airflow/example_dags/example_python_operator.py
[2024-07-04T09:55:14.814+0000] {processor.py:840} INFO - DAG(s) 'example_python_operator' retrieved from /home/airflow/.local/lib/python3.12/site-packages/airflow/example_dags/example_python_operator.py
[2024-07-04T09:55:14.860+0000] {logging_mixin.py:188} INFO - [2024-07-04T09:55:14.860+0000] {dag.py:3096} INFO - Sync 1 DAGs
[2024-07-04T09:55:14.887+0000] {logging_mixin.py:188} INFO - [2024-07-04T09:55:14.886+0000] {dag.py:3954} INFO - Setting next_dagrun for example_python_operator to None, run_after=None
[2024-07-04T09:55:14.916+0000] {processor.py:183} INFO - Processing /home/airflow/.local/lib/python3.12/site-packages/airflow/example_dags/example_python_operator.py took 0.136 seconds
[2024-07-04T09:55:45.035+0000] {processor.py:161} INFO - Started process (PID=2441) to work on /home/airflow/.local/lib/python3.12/site-packages/airflow/example_dags/example_python_operator.py
[2024-07-04T09:55:45.037+0000] {processor.py:830} INFO - Processing file /home/airflow/.local/lib/python3.12/site-packages/airflow/example_dags/example_python_operator.py for tasks to queue
[2024-07-04T09:55:45.040+0000] {logging_mixin.py:188} INFO - [2024-07-04T09:55:45.040+0000] {dagbag.py:545} INFO - Filling up the DagBag from /home/airflow/.local/lib/python3.12/site-packages/airflow/example_dags/example_python_operator.py
[2024-07-04T09:55:45.051+0000] {processor.py:840} INFO - DAG(s) 'example_python_operator' retrieved from /home/airflow/.local/lib/python3.12/site-packages/airflow/example_dags/example_python_operator.py
[2024-07-04T09:55:45.075+0000] {logging_mixin.py:188} INFO - [2024-07-04T09:55:45.075+0000] {dag.py:3096} INFO - Sync 1 DAGs
[2024-07-04T09:55:45.090+0000] {logging_mixin.py:188} INFO - [2024-07-04T09:55:45.090+0000] {dag.py:3954} INFO - Setting next_dagrun for example_python_operator to None, run_after=None
[2024-07-04T09:55:45.113+0000] {processor.py:183} INFO - Processing /home/airflow/.local/lib/python3.12/site-packages/airflow/example_dags/example_python_operator.py took 0.083 seconds
[2024-07-04T09:56:16.045+0000] {processor.py:161} INFO - Started process (PID=2500) to work on /home/airflow/.local/lib/python3.12/site-packages/airflow/example_dags/example_python_operator.py
[2024-07-04T09:56:16.048+0000] {processor.py:830} INFO - Processing file /home/airflow/.local/lib/python3.12/site-packages/airflow/example_dags/example_python_operator.py for tasks to queue
[2024-07-04T09:56:16.073+0000] {logging_mixin.py:188} INFO - [2024-07-04T09:56:16.053+0000] {dagbag.py:545} INFO - Filling up the DagBag from /home/airflow/.local/lib/python3.12/site-packages/airflow/example_dags/example_python_operator.py
[2024-07-04T09:56:16.138+0000] {processor.py:840} INFO - DAG(s) 'example_python_operator' retrieved from /home/airflow/.local/lib/python3.12/site-packages/airflow/example_dags/example_python_operator.py
[2024-07-04T09:56:16.187+0000] {logging_mixin.py:188} INFO - [2024-07-04T09:56:16.187+0000] {dag.py:3096} INFO - Sync 1 DAGs
[2024-07-04T09:56:16.212+0000] {logging_mixin.py:188} INFO - [2024-07-04T09:56:16.212+0000] {dag.py:3954} INFO - Setting next_dagrun for example_python_operator to None, run_after=None
[2024-07-04T09:56:16.267+0000] {processor.py:183} INFO - Processing /home/airflow/.local/lib/python3.12/site-packages/airflow/example_dags/example_python_operator.py took 0.233 seconds
[2024-07-04T09:56:46.400+0000] {processor.py:161} INFO - Started process (PID=2559) to work on /home/airflow/.local/lib/python3.12/site-packages/airflow/example_dags/example_python_operator.py
[2024-07-04T09:56:46.406+0000] {processor.py:830} INFO - Processing file /home/airflow/.local/lib/python3.12/site-packages/airflow/example_dags/example_python_operator.py for tasks to queue
[2024-07-04T09:56:46.408+0000] {logging_mixin.py:188} INFO - [2024-07-04T09:56:46.408+0000] {dagbag.py:545} INFO - Filling up the DagBag from /home/airflow/.local/lib/python3.12/site-packages/airflow/example_dags/example_python_operator.py
[2024-07-04T09:56:46.439+0000] {processor.py:840} INFO - DAG(s) 'example_python_operator' retrieved from /home/airflow/.local/lib/python3.12/site-packages/airflow/example_dags/example_python_operator.py
[2024-07-04T09:56:46.483+0000] {logging_mixin.py:188} INFO - [2024-07-04T09:56:46.483+0000] {dag.py:3096} INFO - Sync 1 DAGs
[2024-07-04T09:56:46.509+0000] {logging_mixin.py:188} INFO - [2024-07-04T09:56:46.508+0000] {dag.py:3954} INFO - Setting next_dagrun for example_python_operator to None, run_after=None
[2024-07-04T09:56:46.642+0000] {processor.py:183} INFO - Processing /home/airflow/.local/lib/python3.12/site-packages/airflow/example_dags/example_python_operator.py took 0.248 seconds
[2024-07-04T09:57:17.235+0000] {processor.py:161} INFO - Started process (PID=2618) to work on /home/airflow/.local/lib/python3.12/site-packages/airflow/example_dags/example_python_operator.py
[2024-07-04T09:57:17.243+0000] {processor.py:830} INFO - Processing file /home/airflow/.local/lib/python3.12/site-packages/airflow/example_dags/example_python_operator.py for tasks to queue
[2024-07-04T09:57:17.249+0000] {logging_mixin.py:188} INFO - [2024-07-04T09:57:17.248+0000] {dagbag.py:545} INFO - Filling up the DagBag from /home/airflow/.local/lib/python3.12/site-packages/airflow/example_dags/example_python_operator.py
[2024-07-04T09:57:17.288+0000] {processor.py:840} INFO - DAG(s) 'example_python_operator' retrieved from /home/airflow/.local/lib/python3.12/site-packages/airflow/example_dags/example_python_operator.py
[2024-07-04T09:57:17.401+0000] {logging_mixin.py:188} INFO - [2024-07-04T09:57:17.401+0000] {dag.py:3096} INFO - Sync 1 DAGs
[2024-07-04T09:57:17.499+0000] {logging_mixin.py:188} INFO - [2024-07-04T09:57:17.499+0000] {dag.py:3954} INFO - Setting next_dagrun for example_python_operator to None, run_after=None
[2024-07-04T09:57:17.586+0000] {processor.py:183} INFO - Processing /home/airflow/.local/lib/python3.12/site-packages/airflow/example_dags/example_python_operator.py took 0.371 seconds
[2024-07-04T09:57:47.745+0000] {processor.py:161} INFO - Started process (PID=2678) to work on /home/airflow/.local/lib/python3.12/site-packages/airflow/example_dags/example_python_operator.py
[2024-07-04T09:57:47.746+0000] {processor.py:830} INFO - Processing file /home/airflow/.local/lib/python3.12/site-packages/airflow/example_dags/example_python_operator.py for tasks to queue
[2024-07-04T09:57:47.747+0000] {logging_mixin.py:188} INFO - [2024-07-04T09:57:47.747+0000] {dagbag.py:545} INFO - Filling up the DagBag from /home/airflow/.local/lib/python3.12/site-packages/airflow/example_dags/example_python_operator.py
[2024-07-04T09:57:47.759+0000] {processor.py:840} INFO - DAG(s) 'example_python_operator' retrieved from /home/airflow/.local/lib/python3.12/site-packages/airflow/example_dags/example_python_operator.py
[2024-07-04T09:57:47.782+0000] {logging_mixin.py:188} INFO - [2024-07-04T09:57:47.782+0000] {dag.py:3096} INFO - Sync 1 DAGs
[2024-07-04T09:57:47.799+0000] {logging_mixin.py:188} INFO - [2024-07-04T09:57:47.799+0000] {dag.py:3954} INFO - Setting next_dagrun for example_python_operator to None, run_after=None
[2024-07-04T09:57:47.819+0000] {processor.py:183} INFO - Processing /home/airflow/.local/lib/python3.12/site-packages/airflow/example_dags/example_python_operator.py took 0.079 seconds
[2024-07-04T09:58:18.308+0000] {processor.py:161} INFO - Started process (PID=2737) to work on /home/airflow/.local/lib/python3.12/site-packages/airflow/example_dags/example_python_operator.py
[2024-07-04T09:58:18.310+0000] {processor.py:830} INFO - Processing file /home/airflow/.local/lib/python3.12/site-packages/airflow/example_dags/example_python_operator.py for tasks to queue
[2024-07-04T09:58:18.315+0000] {logging_mixin.py:188} INFO - [2024-07-04T09:58:18.315+0000] {dagbag.py:545} INFO - Filling up the DagBag from /home/airflow/.local/lib/python3.12/site-packages/airflow/example_dags/example_python_operator.py
[2024-07-04T09:58:18.333+0000] {processor.py:840} INFO - DAG(s) 'example_python_operator' retrieved from /home/airflow/.local/lib/python3.12/site-packages/airflow/example_dags/example_python_operator.py
[2024-07-04T09:58:18.365+0000] {logging_mixin.py:188} INFO - [2024-07-04T09:58:18.364+0000] {dag.py:3096} INFO - Sync 1 DAGs
[2024-07-04T09:58:18.388+0000] {logging_mixin.py:188} INFO - [2024-07-04T09:58:18.388+0000] {dag.py:3954} INFO - Setting next_dagrun for example_python_operator to None, run_after=None
[2024-07-04T09:58:18.416+0000] {processor.py:183} INFO - Processing /home/airflow/.local/lib/python3.12/site-packages/airflow/example_dags/example_python_operator.py took 0.120 seconds
[2024-07-04T09:58:48.495+0000] {processor.py:161} INFO - Started process (PID=2797) to work on /home/airflow/.local/lib/python3.12/site-packages/airflow/example_dags/example_python_operator.py
[2024-07-04T09:58:48.496+0000] {processor.py:830} INFO - Processing file /home/airflow/.local/lib/python3.12/site-packages/airflow/example_dags/example_python_operator.py for tasks to queue
[2024-07-04T09:58:48.498+0000] {logging_mixin.py:188} INFO - [2024-07-04T09:58:48.498+0000] {dagbag.py:545} INFO - Filling up the DagBag from /home/airflow/.local/lib/python3.12/site-packages/airflow/example_dags/example_python_operator.py
[2024-07-04T09:58:48.508+0000] {processor.py:840} INFO - DAG(s) 'example_python_operator' retrieved from /home/airflow/.local/lib/python3.12/site-packages/airflow/example_dags/example_python_operator.py
[2024-07-04T09:58:48.537+0000] {logging_mixin.py:188} INFO - [2024-07-04T09:58:48.536+0000] {dag.py:3096} INFO - Sync 1 DAGs
[2024-07-04T09:58:48.555+0000] {logging_mixin.py:188} INFO - [2024-07-04T09:58:48.554+0000] {dag.py:3954} INFO - Setting next_dagrun for example_python_operator to None, run_after=None
[2024-07-04T09:58:48.581+0000] {processor.py:183} INFO - Processing /home/airflow/.local/lib/python3.12/site-packages/airflow/example_dags/example_python_operator.py took 0.091 seconds
[2024-07-04T09:59:18.746+0000] {processor.py:161} INFO - Started process (PID=2856) to work on /home/airflow/.local/lib/python3.12/site-packages/airflow/example_dags/example_python_operator.py
[2024-07-04T09:59:18.747+0000] {processor.py:830} INFO - Processing file /home/airflow/.local/lib/python3.12/site-packages/airflow/example_dags/example_python_operator.py for tasks to queue
[2024-07-04T09:59:18.749+0000] {logging_mixin.py:188} INFO - [2024-07-04T09:59:18.749+0000] {dagbag.py:545} INFO - Filling up the DagBag from /home/airflow/.local/lib/python3.12/site-packages/airflow/example_dags/example_python_operator.py
[2024-07-04T09:59:18.759+0000] {processor.py:840} INFO - DAG(s) 'example_python_operator' retrieved from /home/airflow/.local/lib/python3.12/site-packages/airflow/example_dags/example_python_operator.py
[2024-07-04T09:59:18.787+0000] {logging_mixin.py:188} INFO - [2024-07-04T09:59:18.787+0000] {dag.py:3096} INFO - Sync 1 DAGs
[2024-07-04T09:59:18.807+0000] {logging_mixin.py:188} INFO - [2024-07-04T09:59:18.807+0000] {dag.py:3954} INFO - Setting next_dagrun for example_python_operator to None, run_after=None
[2024-07-04T09:59:18.841+0000] {processor.py:183} INFO - Processing /home/airflow/.local/lib/python3.12/site-packages/airflow/example_dags/example_python_operator.py took 0.099 seconds
[2024-07-04T09:59:49.420+0000] {processor.py:161} INFO - Started process (PID=2915) to work on /home/airflow/.local/lib/python3.12/site-packages/airflow/example_dags/example_python_operator.py
[2024-07-04T09:59:49.422+0000] {processor.py:830} INFO - Processing file /home/airflow/.local/lib/python3.12/site-packages/airflow/example_dags/example_python_operator.py for tasks to queue
[2024-07-04T09:59:49.424+0000] {logging_mixin.py:188} INFO - [2024-07-04T09:59:49.423+0000] {dagbag.py:545} INFO - Filling up the DagBag from /home/airflow/.local/lib/python3.12/site-packages/airflow/example_dags/example_python_operator.py
[2024-07-04T09:59:49.435+0000] {processor.py:840} INFO - DAG(s) 'example_python_operator' retrieved from /home/airflow/.local/lib/python3.12/site-packages/airflow/example_dags/example_python_operator.py
[2024-07-04T09:59:49.457+0000] {logging_mixin.py:188} INFO - [2024-07-04T09:59:49.456+0000] {dag.py:3096} INFO - Sync 1 DAGs
[2024-07-04T09:59:49.472+0000] {logging_mixin.py:188} INFO - [2024-07-04T09:59:49.471+0000] {dag.py:3954} INFO - Setting next_dagrun for example_python_operator to None, run_after=None
[2024-07-04T09:59:49.497+0000] {processor.py:183} INFO - Processing /home/airflow/.local/lib/python3.12/site-packages/airflow/example_dags/example_python_operator.py took 0.084 seconds
[2024-07-04T10:00:19.740+0000] {processor.py:161} INFO - Started process (PID=2974) to work on /home/airflow/.local/lib/python3.12/site-packages/airflow/example_dags/example_python_operator.py
[2024-07-04T10:00:19.742+0000] {processor.py:830} INFO - Processing file /home/airflow/.local/lib/python3.12/site-packages/airflow/example_dags/example_python_operator.py for tasks to queue
[2024-07-04T10:00:19.744+0000] {logging_mixin.py:188} INFO - [2024-07-04T10:00:19.744+0000] {dagbag.py:545} INFO - Filling up the DagBag from /home/airflow/.local/lib/python3.12/site-packages/airflow/example_dags/example_python_operator.py
[2024-07-04T10:00:19.755+0000] {processor.py:840} INFO - DAG(s) 'example_python_operator' retrieved from /home/airflow/.local/lib/python3.12/site-packages/airflow/example_dags/example_python_operator.py
[2024-07-04T10:00:19.788+0000] {logging_mixin.py:188} INFO - [2024-07-04T10:00:19.787+0000] {dag.py:3096} INFO - Sync 1 DAGs
[2024-07-04T10:00:19.804+0000] {logging_mixin.py:188} INFO - [2024-07-04T10:00:19.804+0000] {dag.py:3954} INFO - Setting next_dagrun for example_python_operator to None, run_after=None
[2024-07-04T10:00:19.839+0000] {processor.py:183} INFO - Processing /home/airflow/.local/lib/python3.12/site-packages/airflow/example_dags/example_python_operator.py took 0.103 seconds
[2024-07-04T10:00:50.851+0000] {processor.py:161} INFO - Started process (PID=3035) to work on /home/airflow/.local/lib/python3.12/site-packages/airflow/example_dags/example_python_operator.py
[2024-07-04T10:00:50.863+0000] {processor.py:830} INFO - Processing file /home/airflow/.local/lib/python3.12/site-packages/airflow/example_dags/example_python_operator.py for tasks to queue
[2024-07-04T10:00:50.869+0000] {logging_mixin.py:188} INFO - [2024-07-04T10:00:50.868+0000] {dagbag.py:545} INFO - Filling up the DagBag from /home/airflow/.local/lib/python3.12/site-packages/airflow/example_dags/example_python_operator.py
[2024-07-04T10:00:50.923+0000] {processor.py:840} INFO - DAG(s) 'example_python_operator' retrieved from /home/airflow/.local/lib/python3.12/site-packages/airflow/example_dags/example_python_operator.py
[2024-07-04T10:00:51.023+0000] {logging_mixin.py:188} INFO - [2024-07-04T10:00:51.023+0000] {dag.py:3096} INFO - Sync 1 DAGs
[2024-07-04T10:00:51.066+0000] {logging_mixin.py:188} INFO - [2024-07-04T10:00:51.066+0000] {dag.py:3954} INFO - Setting next_dagrun for example_python_operator to None, run_after=None
[2024-07-04T10:00:51.147+0000] {processor.py:183} INFO - Processing /home/airflow/.local/lib/python3.12/site-packages/airflow/example_dags/example_python_operator.py took 0.316 seconds
[2024-07-04T10:01:21.964+0000] {processor.py:161} INFO - Started process (PID=3094) to work on /home/airflow/.local/lib/python3.12/site-packages/airflow/example_dags/example_python_operator.py
[2024-07-04T10:01:21.966+0000] {processor.py:830} INFO - Processing file /home/airflow/.local/lib/python3.12/site-packages/airflow/example_dags/example_python_operator.py for tasks to queue
[2024-07-04T10:01:21.977+0000] {logging_mixin.py:188} INFO - [2024-07-04T10:01:21.976+0000] {dagbag.py:545} INFO - Filling up the DagBag from /home/airflow/.local/lib/python3.12/site-packages/airflow/example_dags/example_python_operator.py
[2024-07-04T10:01:22.020+0000] {processor.py:840} INFO - DAG(s) 'example_python_operator' retrieved from /home/airflow/.local/lib/python3.12/site-packages/airflow/example_dags/example_python_operator.py
[2024-07-04T10:01:22.120+0000] {logging_mixin.py:188} INFO - [2024-07-04T10:01:22.108+0000] {dag.py:3096} INFO - Sync 1 DAGs
[2024-07-04T10:01:22.155+0000] {logging_mixin.py:188} INFO - [2024-07-04T10:01:22.155+0000] {dag.py:3954} INFO - Setting next_dagrun for example_python_operator to None, run_after=None
[2024-07-04T10:01:22.216+0000] {processor.py:183} INFO - Processing /home/airflow/.local/lib/python3.12/site-packages/airflow/example_dags/example_python_operator.py took 0.260 seconds
[2024-07-04T10:01:53.161+0000] {processor.py:161} INFO - Started process (PID=3154) to work on /home/airflow/.local/lib/python3.12/site-packages/airflow/example_dags/example_python_operator.py
[2024-07-04T10:01:53.163+0000] {processor.py:830} INFO - Processing file /home/airflow/.local/lib/python3.12/site-packages/airflow/example_dags/example_python_operator.py for tasks to queue
[2024-07-04T10:01:53.165+0000] {logging_mixin.py:188} INFO - [2024-07-04T10:01:53.164+0000] {dagbag.py:545} INFO - Filling up the DagBag from /home/airflow/.local/lib/python3.12/site-packages/airflow/example_dags/example_python_operator.py
[2024-07-04T10:01:53.174+0000] {processor.py:840} INFO - DAG(s) 'example_python_operator' retrieved from /home/airflow/.local/lib/python3.12/site-packages/airflow/example_dags/example_python_operator.py
[2024-07-04T10:01:53.195+0000] {logging_mixin.py:188} INFO - [2024-07-04T10:01:53.195+0000] {dag.py:3096} INFO - Sync 1 DAGs
[2024-07-04T10:01:53.207+0000] {logging_mixin.py:188} INFO - [2024-07-04T10:01:53.207+0000] {dag.py:3954} INFO - Setting next_dagrun for example_python_operator to None, run_after=None
[2024-07-04T10:01:53.236+0000] {processor.py:183} INFO - Processing /home/airflow/.local/lib/python3.12/site-packages/airflow/example_dags/example_python_operator.py took 0.081 seconds
[2024-07-04T10:02:23.737+0000] {processor.py:161} INFO - Started process (PID=3213) to work on /home/airflow/.local/lib/python3.12/site-packages/airflow/example_dags/example_python_operator.py
[2024-07-04T10:02:23.739+0000] {processor.py:830} INFO - Processing file /home/airflow/.local/lib/python3.12/site-packages/airflow/example_dags/example_python_operator.py for tasks to queue
[2024-07-04T10:02:23.742+0000] {logging_mixin.py:188} INFO - [2024-07-04T10:02:23.741+0000] {dagbag.py:545} INFO - Filling up the DagBag from /home/airflow/.local/lib/python3.12/site-packages/airflow/example_dags/example_python_operator.py
[2024-07-04T10:02:23.754+0000] {processor.py:840} INFO - DAG(s) 'example_python_operator' retrieved from /home/airflow/.local/lib/python3.12/site-packages/airflow/example_dags/example_python_operator.py
[2024-07-04T10:02:23.779+0000] {logging_mixin.py:188} INFO - [2024-07-04T10:02:23.779+0000] {dag.py:3096} INFO - Sync 1 DAGs
[2024-07-04T10:02:23.792+0000] {logging_mixin.py:188} INFO - [2024-07-04T10:02:23.791+0000] {dag.py:3954} INFO - Setting next_dagrun for example_python_operator to None, run_after=None
[2024-07-04T10:02:23.812+0000] {processor.py:183} INFO - Processing /home/airflow/.local/lib/python3.12/site-packages/airflow/example_dags/example_python_operator.py took 0.085 seconds
[2024-07-04T10:02:54.270+0000] {processor.py:161} INFO - Started process (PID=3273) to work on /home/airflow/.local/lib/python3.12/site-packages/airflow/example_dags/example_python_operator.py
[2024-07-04T10:02:54.272+0000] {processor.py:830} INFO - Processing file /home/airflow/.local/lib/python3.12/site-packages/airflow/example_dags/example_python_operator.py for tasks to queue
[2024-07-04T10:02:54.274+0000] {logging_mixin.py:188} INFO - [2024-07-04T10:02:54.273+0000] {dagbag.py:545} INFO - Filling up the DagBag from /home/airflow/.local/lib/python3.12/site-packages/airflow/example_dags/example_python_operator.py
[2024-07-04T10:02:54.286+0000] {processor.py:840} INFO - DAG(s) 'example_python_operator' retrieved from /home/airflow/.local/lib/python3.12/site-packages/airflow/example_dags/example_python_operator.py
[2024-07-04T10:02:54.315+0000] {logging_mixin.py:188} INFO - [2024-07-04T10:02:54.315+0000] {dag.py:3096} INFO - Sync 1 DAGs
[2024-07-04T10:02:54.335+0000] {logging_mixin.py:188} INFO - [2024-07-04T10:02:54.330+0000] {dag.py:3954} INFO - Setting next_dagrun for example_python_operator to None, run_after=None
[2024-07-04T10:02:54.362+0000] {processor.py:183} INFO - Processing /home/airflow/.local/lib/python3.12/site-packages/airflow/example_dags/example_python_operator.py took 0.098 seconds
[2024-07-04T10:03:24.834+0000] {processor.py:161} INFO - Started process (PID=3332) to work on /home/airflow/.local/lib/python3.12/site-packages/airflow/example_dags/example_python_operator.py
[2024-07-04T10:03:24.835+0000] {processor.py:830} INFO - Processing file /home/airflow/.local/lib/python3.12/site-packages/airflow/example_dags/example_python_operator.py for tasks to queue
[2024-07-04T10:03:24.840+0000] {logging_mixin.py:188} INFO - [2024-07-04T10:03:24.839+0000] {dagbag.py:545} INFO - Filling up the DagBag from /home/airflow/.local/lib/python3.12/site-packages/airflow/example_dags/example_python_operator.py
[2024-07-04T10:03:24.860+0000] {processor.py:840} INFO - DAG(s) 'example_python_operator' retrieved from /home/airflow/.local/lib/python3.12/site-packages/airflow/example_dags/example_python_operator.py
[2024-07-04T10:03:24.911+0000] {logging_mixin.py:188} INFO - [2024-07-04T10:03:24.911+0000] {dag.py:3096} INFO - Sync 1 DAGs
[2024-07-04T10:03:24.950+0000] {logging_mixin.py:188} INFO - [2024-07-04T10:03:24.949+0000] {dag.py:3954} INFO - Setting next_dagrun for example_python_operator to None, run_after=None
[2024-07-04T10:03:25.009+0000] {processor.py:183} INFO - Processing /home/airflow/.local/lib/python3.12/site-packages/airflow/example_dags/example_python_operator.py took 0.188 seconds
[2024-07-04T10:03:56.112+0000] {processor.py:161} INFO - Started process (PID=3391) to work on /home/airflow/.local/lib/python3.12/site-packages/airflow/example_dags/example_python_operator.py
[2024-07-04T10:03:56.217+0000] {processor.py:830} INFO - Processing file /home/airflow/.local/lib/python3.12/site-packages/airflow/example_dags/example_python_operator.py for tasks to queue
[2024-07-04T10:03:56.447+0000] {logging_mixin.py:188} INFO - [2024-07-04T10:03:56.446+0000] {dagbag.py:545} INFO - Filling up the DagBag from /home/airflow/.local/lib/python3.12/site-packages/airflow/example_dags/example_python_operator.py
[2024-07-04T10:03:57.568+0000] {processor.py:840} INFO - DAG(s) 'example_python_operator' retrieved from /home/airflow/.local/lib/python3.12/site-packages/airflow/example_dags/example_python_operator.py
[2024-07-04T10:03:59.162+0000] {logging_mixin.py:188} INFO - [2024-07-04T10:03:59.161+0000] {dag.py:3096} INFO - Sync 1 DAGs
[2024-07-04T10:03:59.586+0000] {logging_mixin.py:188} INFO - [2024-07-04T10:03:59.586+0000] {dag.py:3954} INFO - Setting next_dagrun for example_python_operator to None, run_after=None
[2024-07-04T10:03:59.945+0000] {processor.py:183} INFO - Processing /home/airflow/.local/lib/python3.12/site-packages/airflow/example_dags/example_python_operator.py took 4.282 seconds
