[2024-07-04T09:35:01.572+0000] {processor.py:161} INFO - Started process (PID=72) to work on /home/airflow/.local/lib/python3.12/site-packages/airflow/example_dags/example_display_name.py
[2024-07-04T09:35:01.574+0000] {processor.py:830} INFO - Processing file /home/airflow/.local/lib/python3.12/site-packages/airflow/example_dags/example_display_name.py for tasks to queue
[2024-07-04T09:35:01.589+0000] {logging_mixin.py:188} INFO - [2024-07-04T09:35:01.588+0000] {dagbag.py:545} INFO - Filling up the DagBag from /home/airflow/.local/lib/python3.12/site-packages/airflow/example_dags/example_display_name.py
[2024-07-04T09:35:01.602+0000] {processor.py:840} INFO - DAG(s) 'example_display_name' retrieved from /home/airflow/.local/lib/python3.12/site-packages/airflow/example_dags/example_display_name.py
[2024-07-04T09:35:02.115+0000] {logging_mixin.py:188} INFO - [2024-07-04T09:35:02.115+0000] {dag.py:3096} INFO - Sync 1 DAGs
[2024-07-04T09:35:02.138+0000] {logging_mixin.py:188} INFO - [2024-07-04T09:35:02.138+0000] {dag.py:3954} INFO - Setting next_dagrun for example_display_name to None, run_after=None
[2024-07-04T09:35:02.334+0000] {processor.py:183} INFO - Processing /home/airflow/.local/lib/python3.12/site-packages/airflow/example_dags/example_display_name.py took 0.804 seconds
[2024-07-04T09:35:33.222+0000] {processor.py:161} INFO - Started process (PID=131) to work on /home/airflow/.local/lib/python3.12/site-packages/airflow/example_dags/example_display_name.py
[2024-07-04T09:35:33.224+0000] {processor.py:830} INFO - Processing file /home/airflow/.local/lib/python3.12/site-packages/airflow/example_dags/example_display_name.py for tasks to queue
[2024-07-04T09:35:33.227+0000] {logging_mixin.py:188} INFO - [2024-07-04T09:35:33.227+0000] {dagbag.py:545} INFO - Filling up the DagBag from /home/airflow/.local/lib/python3.12/site-packages/airflow/example_dags/example_display_name.py
[2024-07-04T09:35:33.235+0000] {processor.py:840} INFO - DAG(s) 'example_display_name' retrieved from /home/airflow/.local/lib/python3.12/site-packages/airflow/example_dags/example_display_name.py
[2024-07-04T09:35:33.259+0000] {logging_mixin.py:188} INFO - [2024-07-04T09:35:33.258+0000] {dag.py:3096} INFO - Sync 1 DAGs
[2024-07-04T09:35:33.278+0000] {logging_mixin.py:188} INFO - [2024-07-04T09:35:33.278+0000] {dag.py:3954} INFO - Setting next_dagrun for example_display_name to None, run_after=None
[2024-07-04T09:35:33.312+0000] {processor.py:183} INFO - Processing /home/airflow/.local/lib/python3.12/site-packages/airflow/example_dags/example_display_name.py took 0.097 seconds
[2024-07-04T09:36:03.498+0000] {processor.py:161} INFO - Started process (PID=190) to work on /home/airflow/.local/lib/python3.12/site-packages/airflow/example_dags/example_display_name.py
[2024-07-04T09:36:03.500+0000] {processor.py:830} INFO - Processing file /home/airflow/.local/lib/python3.12/site-packages/airflow/example_dags/example_display_name.py for tasks to queue
[2024-07-04T09:36:03.502+0000] {logging_mixin.py:188} INFO - [2024-07-04T09:36:03.502+0000] {dagbag.py:545} INFO - Filling up the DagBag from /home/airflow/.local/lib/python3.12/site-packages/airflow/example_dags/example_display_name.py
[2024-07-04T09:36:03.509+0000] {processor.py:840} INFO - DAG(s) 'example_display_name' retrieved from /home/airflow/.local/lib/python3.12/site-packages/airflow/example_dags/example_display_name.py
[2024-07-04T09:36:03.531+0000] {logging_mixin.py:188} INFO - [2024-07-04T09:36:03.531+0000] {dag.py:3096} INFO - Sync 1 DAGs
[2024-07-04T09:36:03.548+0000] {logging_mixin.py:188} INFO - [2024-07-04T09:36:03.548+0000] {dag.py:3954} INFO - Setting next_dagrun for example_display_name to None, run_after=None
[2024-07-04T09:36:03.575+0000] {processor.py:183} INFO - Processing /home/airflow/.local/lib/python3.12/site-packages/airflow/example_dags/example_display_name.py took 0.099 seconds
[2024-07-04T09:36:35.015+0000] {processor.py:161} INFO - Started process (PID=249) to work on /home/airflow/.local/lib/python3.12/site-packages/airflow/example_dags/example_display_name.py
[2024-07-04T09:36:35.016+0000] {processor.py:830} INFO - Processing file /home/airflow/.local/lib/python3.12/site-packages/airflow/example_dags/example_display_name.py for tasks to queue
[2024-07-04T09:36:35.018+0000] {logging_mixin.py:188} INFO - [2024-07-04T09:36:35.018+0000] {dagbag.py:545} INFO - Filling up the DagBag from /home/airflow/.local/lib/python3.12/site-packages/airflow/example_dags/example_display_name.py
[2024-07-04T09:36:35.024+0000] {processor.py:840} INFO - DAG(s) 'example_display_name' retrieved from /home/airflow/.local/lib/python3.12/site-packages/airflow/example_dags/example_display_name.py
[2024-07-04T09:36:35.052+0000] {logging_mixin.py:188} INFO - [2024-07-04T09:36:35.051+0000] {dag.py:3096} INFO - Sync 1 DAGs
[2024-07-04T09:36:35.068+0000] {logging_mixin.py:188} INFO - [2024-07-04T09:36:35.067+0000] {dag.py:3954} INFO - Setting next_dagrun for example_display_name to None, run_after=None
[2024-07-04T09:36:35.090+0000] {processor.py:183} INFO - Processing /home/airflow/.local/lib/python3.12/site-packages/airflow/example_dags/example_display_name.py took 0.083 seconds
[2024-07-04T09:37:05.658+0000] {processor.py:161} INFO - Started process (PID=306) to work on /home/airflow/.local/lib/python3.12/site-packages/airflow/example_dags/example_display_name.py
[2024-07-04T09:37:05.660+0000] {processor.py:830} INFO - Processing file /home/airflow/.local/lib/python3.12/site-packages/airflow/example_dags/example_display_name.py for tasks to queue
[2024-07-04T09:37:05.662+0000] {logging_mixin.py:188} INFO - [2024-07-04T09:37:05.662+0000] {dagbag.py:545} INFO - Filling up the DagBag from /home/airflow/.local/lib/python3.12/site-packages/airflow/example_dags/example_display_name.py
[2024-07-04T09:37:05.667+0000] {processor.py:840} INFO - DAG(s) 'example_display_name' retrieved from /home/airflow/.local/lib/python3.12/site-packages/airflow/example_dags/example_display_name.py
[2024-07-04T09:37:05.690+0000] {logging_mixin.py:188} INFO - [2024-07-04T09:37:05.690+0000] {dag.py:3096} INFO - Sync 1 DAGs
[2024-07-04T09:37:05.704+0000] {logging_mixin.py:188} INFO - [2024-07-04T09:37:05.704+0000] {dag.py:3954} INFO - Setting next_dagrun for example_display_name to None, run_after=None
[2024-07-04T09:37:05.723+0000] {processor.py:183} INFO - Processing /home/airflow/.local/lib/python3.12/site-packages/airflow/example_dags/example_display_name.py took 0.071 seconds
[2024-07-04T09:37:36.329+0000] {processor.py:161} INFO - Started process (PID=365) to work on /home/airflow/.local/lib/python3.12/site-packages/airflow/example_dags/example_display_name.py
[2024-07-04T09:37:36.330+0000] {processor.py:830} INFO - Processing file /home/airflow/.local/lib/python3.12/site-packages/airflow/example_dags/example_display_name.py for tasks to queue
[2024-07-04T09:37:36.332+0000] {logging_mixin.py:188} INFO - [2024-07-04T09:37:36.331+0000] {dagbag.py:545} INFO - Filling up the DagBag from /home/airflow/.local/lib/python3.12/site-packages/airflow/example_dags/example_display_name.py
[2024-07-04T09:37:36.338+0000] {processor.py:840} INFO - DAG(s) 'example_display_name' retrieved from /home/airflow/.local/lib/python3.12/site-packages/airflow/example_dags/example_display_name.py
[2024-07-04T09:37:36.357+0000] {logging_mixin.py:188} INFO - [2024-07-04T09:37:36.356+0000] {dag.py:3096} INFO - Sync 1 DAGs
[2024-07-04T09:37:36.370+0000] {logging_mixin.py:188} INFO - [2024-07-04T09:37:36.370+0000] {dag.py:3954} INFO - Setting next_dagrun for example_display_name to None, run_after=None
[2024-07-04T09:37:36.390+0000] {processor.py:183} INFO - Processing /home/airflow/.local/lib/python3.12/site-packages/airflow/example_dags/example_display_name.py took 0.067 seconds
[2024-07-04T09:38:07.483+0000] {processor.py:161} INFO - Started process (PID=424) to work on /home/airflow/.local/lib/python3.12/site-packages/airflow/example_dags/example_display_name.py
[2024-07-04T09:38:07.484+0000] {processor.py:830} INFO - Processing file /home/airflow/.local/lib/python3.12/site-packages/airflow/example_dags/example_display_name.py for tasks to queue
[2024-07-04T09:38:07.486+0000] {logging_mixin.py:188} INFO - [2024-07-04T09:38:07.486+0000] {dagbag.py:545} INFO - Filling up the DagBag from /home/airflow/.local/lib/python3.12/site-packages/airflow/example_dags/example_display_name.py
[2024-07-04T09:38:07.492+0000] {processor.py:840} INFO - DAG(s) 'example_display_name' retrieved from /home/airflow/.local/lib/python3.12/site-packages/airflow/example_dags/example_display_name.py
[2024-07-04T09:38:07.510+0000] {logging_mixin.py:188} INFO - [2024-07-04T09:38:07.510+0000] {dag.py:3096} INFO - Sync 1 DAGs
[2024-07-04T09:38:07.523+0000] {logging_mixin.py:188} INFO - [2024-07-04T09:38:07.522+0000] {dag.py:3954} INFO - Setting next_dagrun for example_display_name to None, run_after=None
[2024-07-04T09:38:07.541+0000] {processor.py:183} INFO - Processing /home/airflow/.local/lib/python3.12/site-packages/airflow/example_dags/example_display_name.py took 0.063 seconds
[2024-07-04T09:38:37.721+0000] {processor.py:161} INFO - Started process (PID=483) to work on /home/airflow/.local/lib/python3.12/site-packages/airflow/example_dags/example_display_name.py
[2024-07-04T09:38:37.723+0000] {processor.py:830} INFO - Processing file /home/airflow/.local/lib/python3.12/site-packages/airflow/example_dags/example_display_name.py for tasks to queue
[2024-07-04T09:38:37.725+0000] {logging_mixin.py:188} INFO - [2024-07-04T09:38:37.725+0000] {dagbag.py:545} INFO - Filling up the DagBag from /home/airflow/.local/lib/python3.12/site-packages/airflow/example_dags/example_display_name.py
[2024-07-04T09:38:37.733+0000] {processor.py:840} INFO - DAG(s) 'example_display_name' retrieved from /home/airflow/.local/lib/python3.12/site-packages/airflow/example_dags/example_display_name.py
[2024-07-04T09:38:37.755+0000] {logging_mixin.py:188} INFO - [2024-07-04T09:38:37.755+0000] {dag.py:3096} INFO - Sync 1 DAGs
[2024-07-04T09:38:37.776+0000] {logging_mixin.py:188} INFO - [2024-07-04T09:38:37.776+0000] {dag.py:3954} INFO - Setting next_dagrun for example_display_name to None, run_after=None
[2024-07-04T09:38:37.810+0000] {processor.py:183} INFO - Processing /home/airflow/.local/lib/python3.12/site-packages/airflow/example_dags/example_display_name.py took 0.095 seconds
[2024-07-04T09:39:07.984+0000] {processor.py:161} INFO - Started process (PID=542) to work on /home/airflow/.local/lib/python3.12/site-packages/airflow/example_dags/example_display_name.py
[2024-07-04T09:39:07.985+0000] {processor.py:830} INFO - Processing file /home/airflow/.local/lib/python3.12/site-packages/airflow/example_dags/example_display_name.py for tasks to queue
[2024-07-04T09:39:07.987+0000] {logging_mixin.py:188} INFO - [2024-07-04T09:39:07.987+0000] {dagbag.py:545} INFO - Filling up the DagBag from /home/airflow/.local/lib/python3.12/site-packages/airflow/example_dags/example_display_name.py
[2024-07-04T09:39:07.994+0000] {processor.py:840} INFO - DAG(s) 'example_display_name' retrieved from /home/airflow/.local/lib/python3.12/site-packages/airflow/example_dags/example_display_name.py
[2024-07-04T09:39:08.018+0000] {logging_mixin.py:188} INFO - [2024-07-04T09:39:08.017+0000] {dag.py:3096} INFO - Sync 1 DAGs
[2024-07-04T09:39:08.038+0000] {logging_mixin.py:188} INFO - [2024-07-04T09:39:08.038+0000] {dag.py:3954} INFO - Setting next_dagrun for example_display_name to None, run_after=None
[2024-07-04T09:39:08.073+0000] {processor.py:183} INFO - Processing /home/airflow/.local/lib/python3.12/site-packages/airflow/example_dags/example_display_name.py took 0.096 seconds
[2024-07-04T09:39:38.280+0000] {processor.py:161} INFO - Started process (PID=601) to work on /home/airflow/.local/lib/python3.12/site-packages/airflow/example_dags/example_display_name.py
[2024-07-04T09:39:38.282+0000] {processor.py:830} INFO - Processing file /home/airflow/.local/lib/python3.12/site-packages/airflow/example_dags/example_display_name.py for tasks to queue
[2024-07-04T09:39:38.284+0000] {logging_mixin.py:188} INFO - [2024-07-04T09:39:38.284+0000] {dagbag.py:545} INFO - Filling up the DagBag from /home/airflow/.local/lib/python3.12/site-packages/airflow/example_dags/example_display_name.py
[2024-07-04T09:39:38.291+0000] {processor.py:840} INFO - DAG(s) 'example_display_name' retrieved from /home/airflow/.local/lib/python3.12/site-packages/airflow/example_dags/example_display_name.py
[2024-07-04T09:39:38.311+0000] {logging_mixin.py:188} INFO - [2024-07-04T09:39:38.311+0000] {dag.py:3096} INFO - Sync 1 DAGs
[2024-07-04T09:39:38.323+0000] {logging_mixin.py:188} INFO - [2024-07-04T09:39:38.323+0000] {dag.py:3954} INFO - Setting next_dagrun for example_display_name to None, run_after=None
[2024-07-04T09:39:38.344+0000] {processor.py:183} INFO - Processing /home/airflow/.local/lib/python3.12/site-packages/airflow/example_dags/example_display_name.py took 0.068 seconds
[2024-07-04T09:40:08.637+0000] {processor.py:161} INFO - Started process (PID=660) to work on /home/airflow/.local/lib/python3.12/site-packages/airflow/example_dags/example_display_name.py
[2024-07-04T09:40:08.638+0000] {processor.py:830} INFO - Processing file /home/airflow/.local/lib/python3.12/site-packages/airflow/example_dags/example_display_name.py for tasks to queue
[2024-07-04T09:40:08.640+0000] {logging_mixin.py:188} INFO - [2024-07-04T09:40:08.639+0000] {dagbag.py:545} INFO - Filling up the DagBag from /home/airflow/.local/lib/python3.12/site-packages/airflow/example_dags/example_display_name.py
[2024-07-04T09:40:08.645+0000] {processor.py:840} INFO - DAG(s) 'example_display_name' retrieved from /home/airflow/.local/lib/python3.12/site-packages/airflow/example_dags/example_display_name.py
[2024-07-04T09:40:08.663+0000] {logging_mixin.py:188} INFO - [2024-07-04T09:40:08.663+0000] {dag.py:3096} INFO - Sync 1 DAGs
[2024-07-04T09:40:08.674+0000] {logging_mixin.py:188} INFO - [2024-07-04T09:40:08.674+0000] {dag.py:3954} INFO - Setting next_dagrun for example_display_name to None, run_after=None
[2024-07-04T09:40:08.695+0000] {processor.py:183} INFO - Processing /home/airflow/.local/lib/python3.12/site-packages/airflow/example_dags/example_display_name.py took 0.063 seconds
[2024-07-04T09:40:38.926+0000] {processor.py:161} INFO - Started process (PID=719) to work on /home/airflow/.local/lib/python3.12/site-packages/airflow/example_dags/example_display_name.py
[2024-07-04T09:40:38.927+0000] {processor.py:830} INFO - Processing file /home/airflow/.local/lib/python3.12/site-packages/airflow/example_dags/example_display_name.py for tasks to queue
[2024-07-04T09:40:38.930+0000] {logging_mixin.py:188} INFO - [2024-07-04T09:40:38.929+0000] {dagbag.py:545} INFO - Filling up the DagBag from /home/airflow/.local/lib/python3.12/site-packages/airflow/example_dags/example_display_name.py
[2024-07-04T09:40:38.937+0000] {processor.py:840} INFO - DAG(s) 'example_display_name' retrieved from /home/airflow/.local/lib/python3.12/site-packages/airflow/example_dags/example_display_name.py
[2024-07-04T09:40:38.956+0000] {logging_mixin.py:188} INFO - [2024-07-04T09:40:38.956+0000] {dag.py:3096} INFO - Sync 1 DAGs
[2024-07-04T09:40:38.969+0000] {logging_mixin.py:188} INFO - [2024-07-04T09:40:38.969+0000] {dag.py:3954} INFO - Setting next_dagrun for example_display_name to None, run_after=None
[2024-07-04T09:40:38.993+0000] {processor.py:183} INFO - Processing /home/airflow/.local/lib/python3.12/site-packages/airflow/example_dags/example_display_name.py took 0.073 seconds
[2024-07-04T09:41:09.159+0000] {processor.py:161} INFO - Started process (PID=779) to work on /home/airflow/.local/lib/python3.12/site-packages/airflow/example_dags/example_display_name.py
[2024-07-04T09:41:09.161+0000] {processor.py:830} INFO - Processing file /home/airflow/.local/lib/python3.12/site-packages/airflow/example_dags/example_display_name.py for tasks to queue
[2024-07-04T09:41:09.163+0000] {logging_mixin.py:188} INFO - [2024-07-04T09:41:09.162+0000] {dagbag.py:545} INFO - Filling up the DagBag from /home/airflow/.local/lib/python3.12/site-packages/airflow/example_dags/example_display_name.py
[2024-07-04T09:41:09.171+0000] {processor.py:840} INFO - DAG(s) 'example_display_name' retrieved from /home/airflow/.local/lib/python3.12/site-packages/airflow/example_dags/example_display_name.py
[2024-07-04T09:41:09.193+0000] {logging_mixin.py:188} INFO - [2024-07-04T09:41:09.193+0000] {dag.py:3096} INFO - Sync 1 DAGs
[2024-07-04T09:41:09.208+0000] {logging_mixin.py:188} INFO - [2024-07-04T09:41:09.208+0000] {dag.py:3954} INFO - Setting next_dagrun for example_display_name to None, run_after=None
[2024-07-04T09:41:09.228+0000] {processor.py:183} INFO - Processing /home/airflow/.local/lib/python3.12/site-packages/airflow/example_dags/example_display_name.py took 0.075 seconds
[2024-07-04T09:41:39.702+0000] {processor.py:161} INFO - Started process (PID=839) to work on /home/airflow/.local/lib/python3.12/site-packages/airflow/example_dags/example_display_name.py
[2024-07-04T09:41:39.704+0000] {processor.py:830} INFO - Processing file /home/airflow/.local/lib/python3.12/site-packages/airflow/example_dags/example_display_name.py for tasks to queue
[2024-07-04T09:41:39.706+0000] {logging_mixin.py:188} INFO - [2024-07-04T09:41:39.705+0000] {dagbag.py:545} INFO - Filling up the DagBag from /home/airflow/.local/lib/python3.12/site-packages/airflow/example_dags/example_display_name.py
[2024-07-04T09:41:39.711+0000] {processor.py:840} INFO - DAG(s) 'example_display_name' retrieved from /home/airflow/.local/lib/python3.12/site-packages/airflow/example_dags/example_display_name.py
[2024-07-04T09:41:39.729+0000] {logging_mixin.py:188} INFO - [2024-07-04T09:41:39.728+0000] {dag.py:3096} INFO - Sync 1 DAGs
[2024-07-04T09:41:39.741+0000] {logging_mixin.py:188} INFO - [2024-07-04T09:41:39.741+0000] {dag.py:3954} INFO - Setting next_dagrun for example_display_name to None, run_after=None
[2024-07-04T09:41:39.760+0000] {processor.py:183} INFO - Processing /home/airflow/.local/lib/python3.12/site-packages/airflow/example_dags/example_display_name.py took 0.064 seconds
[2024-07-04T09:42:10.328+0000] {processor.py:161} INFO - Started process (PID=897) to work on /home/airflow/.local/lib/python3.12/site-packages/airflow/example_dags/example_display_name.py
[2024-07-04T09:42:10.329+0000] {processor.py:830} INFO - Processing file /home/airflow/.local/lib/python3.12/site-packages/airflow/example_dags/example_display_name.py for tasks to queue
[2024-07-04T09:42:10.332+0000] {logging_mixin.py:188} INFO - [2024-07-04T09:42:10.332+0000] {dagbag.py:545} INFO - Filling up the DagBag from /home/airflow/.local/lib/python3.12/site-packages/airflow/example_dags/example_display_name.py
[2024-07-04T09:42:10.338+0000] {processor.py:840} INFO - DAG(s) 'example_display_name' retrieved from /home/airflow/.local/lib/python3.12/site-packages/airflow/example_dags/example_display_name.py
[2024-07-04T09:42:10.367+0000] {logging_mixin.py:188} INFO - [2024-07-04T09:42:10.367+0000] {dag.py:3096} INFO - Sync 1 DAGs
[2024-07-04T09:42:10.382+0000] {logging_mixin.py:188} INFO - [2024-07-04T09:42:10.381+0000] {dag.py:3954} INFO - Setting next_dagrun for example_display_name to None, run_after=None
[2024-07-04T09:42:10.406+0000] {processor.py:183} INFO - Processing /home/airflow/.local/lib/python3.12/site-packages/airflow/example_dags/example_display_name.py took 0.083 seconds
[2024-07-04T09:42:40.914+0000] {processor.py:161} INFO - Started process (PID=957) to work on /home/airflow/.local/lib/python3.12/site-packages/airflow/example_dags/example_display_name.py
[2024-07-04T09:42:40.915+0000] {processor.py:830} INFO - Processing file /home/airflow/.local/lib/python3.12/site-packages/airflow/example_dags/example_display_name.py for tasks to queue
[2024-07-04T09:42:40.917+0000] {logging_mixin.py:188} INFO - [2024-07-04T09:42:40.917+0000] {dagbag.py:545} INFO - Filling up the DagBag from /home/airflow/.local/lib/python3.12/site-packages/airflow/example_dags/example_display_name.py
[2024-07-04T09:42:40.931+0000] {processor.py:840} INFO - DAG(s) 'example_display_name' retrieved from /home/airflow/.local/lib/python3.12/site-packages/airflow/example_dags/example_display_name.py
[2024-07-04T09:42:40.986+0000] {logging_mixin.py:188} INFO - [2024-07-04T09:42:40.986+0000] {dag.py:3096} INFO - Sync 1 DAGs
[2024-07-04T09:42:41.019+0000] {logging_mixin.py:188} INFO - [2024-07-04T09:42:41.018+0000] {dag.py:3954} INFO - Setting next_dagrun for example_display_name to None, run_after=None
[2024-07-04T09:42:41.115+0000] {processor.py:183} INFO - Processing /home/airflow/.local/lib/python3.12/site-packages/airflow/example_dags/example_display_name.py took 0.220 seconds
[2024-07-04T09:43:11.176+0000] {processor.py:161} INFO - Started process (PID=1016) to work on /home/airflow/.local/lib/python3.12/site-packages/airflow/example_dags/example_display_name.py
[2024-07-04T09:43:11.183+0000] {processor.py:830} INFO - Processing file /home/airflow/.local/lib/python3.12/site-packages/airflow/example_dags/example_display_name.py for tasks to queue
[2024-07-04T09:43:11.193+0000] {logging_mixin.py:188} INFO - [2024-07-04T09:43:11.192+0000] {dagbag.py:545} INFO - Filling up the DagBag from /home/airflow/.local/lib/python3.12/site-packages/airflow/example_dags/example_display_name.py
[2024-07-04T09:43:11.200+0000] {processor.py:840} INFO - DAG(s) 'example_display_name' retrieved from /home/airflow/.local/lib/python3.12/site-packages/airflow/example_dags/example_display_name.py
[2024-07-04T09:43:11.264+0000] {logging_mixin.py:188} INFO - [2024-07-04T09:43:11.264+0000] {dag.py:3096} INFO - Sync 1 DAGs
[2024-07-04T09:43:11.312+0000] {logging_mixin.py:188} INFO - [2024-07-04T09:43:11.312+0000] {dag.py:3954} INFO - Setting next_dagrun for example_display_name to None, run_after=None
[2024-07-04T09:43:11.363+0000] {processor.py:183} INFO - Processing /home/airflow/.local/lib/python3.12/site-packages/airflow/example_dags/example_display_name.py took 0.194 seconds
[2024-07-04T09:43:42.646+0000] {processor.py:161} INFO - Started process (PID=1076) to work on /home/airflow/.local/lib/python3.12/site-packages/airflow/example_dags/example_display_name.py
[2024-07-04T09:43:42.653+0000] {processor.py:830} INFO - Processing file /home/airflow/.local/lib/python3.12/site-packages/airflow/example_dags/example_display_name.py for tasks to queue
[2024-07-04T09:43:42.657+0000] {logging_mixin.py:188} INFO - [2024-07-04T09:43:42.656+0000] {dagbag.py:545} INFO - Filling up the DagBag from /home/airflow/.local/lib/python3.12/site-packages/airflow/example_dags/example_display_name.py
[2024-07-04T09:43:42.678+0000] {processor.py:840} INFO - DAG(s) 'example_display_name' retrieved from /home/airflow/.local/lib/python3.12/site-packages/airflow/example_dags/example_display_name.py
[2024-07-04T09:43:42.737+0000] {logging_mixin.py:188} INFO - [2024-07-04T09:43:42.737+0000] {dag.py:3096} INFO - Sync 1 DAGs
[2024-07-04T09:43:42.771+0000] {logging_mixin.py:188} INFO - [2024-07-04T09:43:42.771+0000] {dag.py:3954} INFO - Setting next_dagrun for example_display_name to None, run_after=None
[2024-07-04T09:43:42.836+0000] {processor.py:183} INFO - Processing /home/airflow/.local/lib/python3.12/site-packages/airflow/example_dags/example_display_name.py took 0.204 seconds
[2024-07-04T09:44:13.711+0000] {processor.py:161} INFO - Started process (PID=1135) to work on /home/airflow/.local/lib/python3.12/site-packages/airflow/example_dags/example_display_name.py
[2024-07-04T09:44:13.712+0000] {processor.py:830} INFO - Processing file /home/airflow/.local/lib/python3.12/site-packages/airflow/example_dags/example_display_name.py for tasks to queue
[2024-07-04T09:44:13.715+0000] {logging_mixin.py:188} INFO - [2024-07-04T09:44:13.715+0000] {dagbag.py:545} INFO - Filling up the DagBag from /home/airflow/.local/lib/python3.12/site-packages/airflow/example_dags/example_display_name.py
[2024-07-04T09:44:13.724+0000] {processor.py:840} INFO - DAG(s) 'example_display_name' retrieved from /home/airflow/.local/lib/python3.12/site-packages/airflow/example_dags/example_display_name.py
[2024-07-04T09:44:13.742+0000] {logging_mixin.py:188} INFO - [2024-07-04T09:44:13.742+0000] {dag.py:3096} INFO - Sync 1 DAGs
[2024-07-04T09:44:13.757+0000] {logging_mixin.py:188} INFO - [2024-07-04T09:44:13.756+0000] {dag.py:3954} INFO - Setting next_dagrun for example_display_name to None, run_after=None
[2024-07-04T09:44:13.780+0000] {processor.py:183} INFO - Processing /home/airflow/.local/lib/python3.12/site-packages/airflow/example_dags/example_display_name.py took 0.075 seconds
[2024-07-04T09:44:43.994+0000] {processor.py:161} INFO - Started process (PID=1194) to work on /home/airflow/.local/lib/python3.12/site-packages/airflow/example_dags/example_display_name.py
[2024-07-04T09:44:43.995+0000] {processor.py:830} INFO - Processing file /home/airflow/.local/lib/python3.12/site-packages/airflow/example_dags/example_display_name.py for tasks to queue
[2024-07-04T09:44:43.997+0000] {logging_mixin.py:188} INFO - [2024-07-04T09:44:43.997+0000] {dagbag.py:545} INFO - Filling up the DagBag from /home/airflow/.local/lib/python3.12/site-packages/airflow/example_dags/example_display_name.py
[2024-07-04T09:44:44.003+0000] {processor.py:840} INFO - DAG(s) 'example_display_name' retrieved from /home/airflow/.local/lib/python3.12/site-packages/airflow/example_dags/example_display_name.py
[2024-07-04T09:44:44.022+0000] {logging_mixin.py:188} INFO - [2024-07-04T09:44:44.022+0000] {dag.py:3096} INFO - Sync 1 DAGs
[2024-07-04T09:44:44.033+0000] {logging_mixin.py:188} INFO - [2024-07-04T09:44:44.033+0000] {dag.py:3954} INFO - Setting next_dagrun for example_display_name to None, run_after=None
[2024-07-04T09:44:44.051+0000] {processor.py:183} INFO - Processing /home/airflow/.local/lib/python3.12/site-packages/airflow/example_dags/example_display_name.py took 0.063 seconds
[2024-07-04T09:45:14.213+0000] {processor.py:161} INFO - Started process (PID=1253) to work on /home/airflow/.local/lib/python3.12/site-packages/airflow/example_dags/example_display_name.py
[2024-07-04T09:45:14.215+0000] {processor.py:830} INFO - Processing file /home/airflow/.local/lib/python3.12/site-packages/airflow/example_dags/example_display_name.py for tasks to queue
[2024-07-04T09:45:14.218+0000] {logging_mixin.py:188} INFO - [2024-07-04T09:45:14.218+0000] {dagbag.py:545} INFO - Filling up the DagBag from /home/airflow/.local/lib/python3.12/site-packages/airflow/example_dags/example_display_name.py
[2024-07-04T09:45:14.234+0000] {processor.py:840} INFO - DAG(s) 'example_display_name' retrieved from /home/airflow/.local/lib/python3.12/site-packages/airflow/example_dags/example_display_name.py
[2024-07-04T09:45:14.315+0000] {logging_mixin.py:188} INFO - [2024-07-04T09:45:14.315+0000] {dag.py:3096} INFO - Sync 1 DAGs
[2024-07-04T09:45:14.383+0000] {logging_mixin.py:188} INFO - [2024-07-04T09:45:14.375+0000] {dag.py:3954} INFO - Setting next_dagrun for example_display_name to None, run_after=None
[2024-07-04T09:45:14.463+0000] {processor.py:183} INFO - Processing /home/airflow/.local/lib/python3.12/site-packages/airflow/example_dags/example_display_name.py took 0.260 seconds
[2024-07-04T09:45:44.768+0000] {processor.py:161} INFO - Started process (PID=1312) to work on /home/airflow/.local/lib/python3.12/site-packages/airflow/example_dags/example_display_name.py
[2024-07-04T09:45:44.770+0000] {processor.py:830} INFO - Processing file /home/airflow/.local/lib/python3.12/site-packages/airflow/example_dags/example_display_name.py for tasks to queue
[2024-07-04T09:45:44.772+0000] {logging_mixin.py:188} INFO - [2024-07-04T09:45:44.772+0000] {dagbag.py:545} INFO - Filling up the DagBag from /home/airflow/.local/lib/python3.12/site-packages/airflow/example_dags/example_display_name.py
[2024-07-04T09:45:44.779+0000] {processor.py:840} INFO - DAG(s) 'example_display_name' retrieved from /home/airflow/.local/lib/python3.12/site-packages/airflow/example_dags/example_display_name.py
[2024-07-04T09:45:44.809+0000] {logging_mixin.py:188} INFO - [2024-07-04T09:45:44.808+0000] {dag.py:3096} INFO - Sync 1 DAGs
[2024-07-04T09:45:44.824+0000] {logging_mixin.py:188} INFO - [2024-07-04T09:45:44.823+0000] {dag.py:3954} INFO - Setting next_dagrun for example_display_name to None, run_after=None
[2024-07-04T09:45:44.848+0000] {processor.py:183} INFO - Processing /home/airflow/.local/lib/python3.12/site-packages/airflow/example_dags/example_display_name.py took 0.089 seconds
[2024-07-04T09:46:15.163+0000] {processor.py:161} INFO - Started process (PID=1371) to work on /home/airflow/.local/lib/python3.12/site-packages/airflow/example_dags/example_display_name.py
[2024-07-04T09:46:15.165+0000] {processor.py:830} INFO - Processing file /home/airflow/.local/lib/python3.12/site-packages/airflow/example_dags/example_display_name.py for tasks to queue
[2024-07-04T09:46:15.167+0000] {logging_mixin.py:188} INFO - [2024-07-04T09:46:15.167+0000] {dagbag.py:545} INFO - Filling up the DagBag from /home/airflow/.local/lib/python3.12/site-packages/airflow/example_dags/example_display_name.py
[2024-07-04T09:46:15.172+0000] {processor.py:840} INFO - DAG(s) 'example_display_name' retrieved from /home/airflow/.local/lib/python3.12/site-packages/airflow/example_dags/example_display_name.py
[2024-07-04T09:46:15.190+0000] {logging_mixin.py:188} INFO - [2024-07-04T09:46:15.190+0000] {dag.py:3096} INFO - Sync 1 DAGs
[2024-07-04T09:46:15.203+0000] {logging_mixin.py:188} INFO - [2024-07-04T09:46:15.203+0000] {dag.py:3954} INFO - Setting next_dagrun for example_display_name to None, run_after=None
[2024-07-04T09:46:15.223+0000] {processor.py:183} INFO - Processing /home/airflow/.local/lib/python3.12/site-packages/airflow/example_dags/example_display_name.py took 0.065 seconds
[2024-07-04T09:46:45.536+0000] {processor.py:161} INFO - Started process (PID=1431) to work on /home/airflow/.local/lib/python3.12/site-packages/airflow/example_dags/example_display_name.py
[2024-07-04T09:46:45.540+0000] {processor.py:830} INFO - Processing file /home/airflow/.local/lib/python3.12/site-packages/airflow/example_dags/example_display_name.py for tasks to queue
[2024-07-04T09:46:45.543+0000] {logging_mixin.py:188} INFO - [2024-07-04T09:46:45.543+0000] {dagbag.py:545} INFO - Filling up the DagBag from /home/airflow/.local/lib/python3.12/site-packages/airflow/example_dags/example_display_name.py
[2024-07-04T09:46:45.551+0000] {processor.py:840} INFO - DAG(s) 'example_display_name' retrieved from /home/airflow/.local/lib/python3.12/site-packages/airflow/example_dags/example_display_name.py
[2024-07-04T09:46:45.571+0000] {logging_mixin.py:188} INFO - [2024-07-04T09:46:45.570+0000] {dag.py:3096} INFO - Sync 1 DAGs
[2024-07-04T09:46:45.583+0000] {logging_mixin.py:188} INFO - [2024-07-04T09:46:45.583+0000] {dag.py:3954} INFO - Setting next_dagrun for example_display_name to None, run_after=None
[2024-07-04T09:46:45.606+0000] {processor.py:183} INFO - Processing /home/airflow/.local/lib/python3.12/site-packages/airflow/example_dags/example_display_name.py took 0.076 seconds
[2024-07-04T09:47:19.668+0000] {processor.py:161} INFO - Started process (PID=1491) to work on /home/airflow/.local/lib/python3.12/site-packages/airflow/example_dags/example_display_name.py
[2024-07-04T09:47:19.671+0000] {processor.py:830} INFO - Processing file /home/airflow/.local/lib/python3.12/site-packages/airflow/example_dags/example_display_name.py for tasks to queue
[2024-07-04T09:47:19.676+0000] {logging_mixin.py:188} INFO - [2024-07-04T09:47:19.675+0000] {dagbag.py:545} INFO - Filling up the DagBag from /home/airflow/.local/lib/python3.12/site-packages/airflow/example_dags/example_display_name.py
[2024-07-04T09:47:19.694+0000] {processor.py:840} INFO - DAG(s) 'example_display_name' retrieved from /home/airflow/.local/lib/python3.12/site-packages/airflow/example_dags/example_display_name.py
[2024-07-04T09:47:19.749+0000] {logging_mixin.py:188} INFO - [2024-07-04T09:47:19.749+0000] {dag.py:3096} INFO - Sync 1 DAGs
[2024-07-04T09:47:19.778+0000] {logging_mixin.py:188} INFO - [2024-07-04T09:47:19.778+0000] {dag.py:3954} INFO - Setting next_dagrun for example_display_name to None, run_after=None
[2024-07-04T09:47:19.809+0000] {processor.py:183} INFO - Processing /home/airflow/.local/lib/python3.12/site-packages/airflow/example_dags/example_display_name.py took 0.153 seconds
[2024-07-04T09:47:51.523+0000] {processor.py:161} INFO - Started process (PID=1550) to work on /home/airflow/.local/lib/python3.12/site-packages/airflow/example_dags/example_display_name.py
[2024-07-04T09:47:51.525+0000] {processor.py:830} INFO - Processing file /home/airflow/.local/lib/python3.12/site-packages/airflow/example_dags/example_display_name.py for tasks to queue
[2024-07-04T09:47:51.531+0000] {logging_mixin.py:188} INFO - [2024-07-04T09:47:51.530+0000] {dagbag.py:545} INFO - Filling up the DagBag from /home/airflow/.local/lib/python3.12/site-packages/airflow/example_dags/example_display_name.py
[2024-07-04T09:47:51.543+0000] {processor.py:840} INFO - DAG(s) 'example_display_name' retrieved from /home/airflow/.local/lib/python3.12/site-packages/airflow/example_dags/example_display_name.py
[2024-07-04T09:47:51.602+0000] {logging_mixin.py:188} INFO - [2024-07-04T09:47:51.601+0000] {dag.py:3096} INFO - Sync 1 DAGs
[2024-07-04T09:47:51.632+0000] {logging_mixin.py:188} INFO - [2024-07-04T09:47:51.631+0000] {dag.py:3954} INFO - Setting next_dagrun for example_display_name to None, run_after=None
[2024-07-04T09:47:51.673+0000] {processor.py:183} INFO - Processing /home/airflow/.local/lib/python3.12/site-packages/airflow/example_dags/example_display_name.py took 0.156 seconds
[2024-07-04T09:48:22.258+0000] {processor.py:161} INFO - Started process (PID=1610) to work on /home/airflow/.local/lib/python3.12/site-packages/airflow/example_dags/example_display_name.py
[2024-07-04T09:48:22.259+0000] {processor.py:830} INFO - Processing file /home/airflow/.local/lib/python3.12/site-packages/airflow/example_dags/example_display_name.py for tasks to queue
[2024-07-04T09:48:22.261+0000] {logging_mixin.py:188} INFO - [2024-07-04T09:48:22.260+0000] {dagbag.py:545} INFO - Filling up the DagBag from /home/airflow/.local/lib/python3.12/site-packages/airflow/example_dags/example_display_name.py
[2024-07-04T09:48:22.266+0000] {processor.py:840} INFO - DAG(s) 'example_display_name' retrieved from /home/airflow/.local/lib/python3.12/site-packages/airflow/example_dags/example_display_name.py
[2024-07-04T09:48:22.283+0000] {logging_mixin.py:188} INFO - [2024-07-04T09:48:22.283+0000] {dag.py:3096} INFO - Sync 1 DAGs
[2024-07-04T09:48:22.297+0000] {logging_mixin.py:188} INFO - [2024-07-04T09:48:22.296+0000] {dag.py:3954} INFO - Setting next_dagrun for example_display_name to None, run_after=None
[2024-07-04T09:48:22.315+0000] {processor.py:183} INFO - Processing /home/airflow/.local/lib/python3.12/site-packages/airflow/example_dags/example_display_name.py took 0.063 seconds
[2024-07-04T09:48:53.511+0000] {processor.py:161} INFO - Started process (PID=1667) to work on /home/airflow/.local/lib/python3.12/site-packages/airflow/example_dags/example_display_name.py
[2024-07-04T09:48:53.514+0000] {processor.py:830} INFO - Processing file /home/airflow/.local/lib/python3.12/site-packages/airflow/example_dags/example_display_name.py for tasks to queue
[2024-07-04T09:48:53.527+0000] {logging_mixin.py:188} INFO - [2024-07-04T09:48:53.527+0000] {dagbag.py:545} INFO - Filling up the DagBag from /home/airflow/.local/lib/python3.12/site-packages/airflow/example_dags/example_display_name.py
[2024-07-04T09:48:53.553+0000] {processor.py:840} INFO - DAG(s) 'example_display_name' retrieved from /home/airflow/.local/lib/python3.12/site-packages/airflow/example_dags/example_display_name.py
[2024-07-04T09:48:53.608+0000] {logging_mixin.py:188} INFO - [2024-07-04T09:48:53.607+0000] {dag.py:3096} INFO - Sync 1 DAGs
[2024-07-04T09:48:53.641+0000] {logging_mixin.py:188} INFO - [2024-07-04T09:48:53.641+0000] {dag.py:3954} INFO - Setting next_dagrun for example_display_name to None, run_after=None
[2024-07-04T09:48:53.691+0000] {processor.py:183} INFO - Processing /home/airflow/.local/lib/python3.12/site-packages/airflow/example_dags/example_display_name.py took 0.201 seconds
[2024-07-04T09:49:24.390+0000] {processor.py:161} INFO - Started process (PID=1725) to work on /home/airflow/.local/lib/python3.12/site-packages/airflow/example_dags/example_display_name.py
[2024-07-04T09:49:24.391+0000] {processor.py:830} INFO - Processing file /home/airflow/.local/lib/python3.12/site-packages/airflow/example_dags/example_display_name.py for tasks to queue
[2024-07-04T09:49:24.392+0000] {logging_mixin.py:188} INFO - [2024-07-04T09:49:24.392+0000] {dagbag.py:545} INFO - Filling up the DagBag from /home/airflow/.local/lib/python3.12/site-packages/airflow/example_dags/example_display_name.py
[2024-07-04T09:49:24.400+0000] {processor.py:840} INFO - DAG(s) 'example_display_name' retrieved from /home/airflow/.local/lib/python3.12/site-packages/airflow/example_dags/example_display_name.py
[2024-07-04T09:49:24.417+0000] {logging_mixin.py:188} INFO - [2024-07-04T09:49:24.417+0000] {dag.py:3096} INFO - Sync 1 DAGs
[2024-07-04T09:49:24.428+0000] {logging_mixin.py:188} INFO - [2024-07-04T09:49:24.428+0000] {dag.py:3954} INFO - Setting next_dagrun for example_display_name to None, run_after=None
[2024-07-04T09:49:24.462+0000] {processor.py:183} INFO - Processing /home/airflow/.local/lib/python3.12/site-packages/airflow/example_dags/example_display_name.py took 0.077 seconds
[2024-07-04T09:49:55.022+0000] {processor.py:161} INFO - Started process (PID=1785) to work on /home/airflow/.local/lib/python3.12/site-packages/airflow/example_dags/example_display_name.py
[2024-07-04T09:49:55.024+0000] {processor.py:830} INFO - Processing file /home/airflow/.local/lib/python3.12/site-packages/airflow/example_dags/example_display_name.py for tasks to queue
[2024-07-04T09:49:55.032+0000] {logging_mixin.py:188} INFO - [2024-07-04T09:49:55.026+0000] {dagbag.py:545} INFO - Filling up the DagBag from /home/airflow/.local/lib/python3.12/site-packages/airflow/example_dags/example_display_name.py
[2024-07-04T09:49:55.038+0000] {processor.py:840} INFO - DAG(s) 'example_display_name' retrieved from /home/airflow/.local/lib/python3.12/site-packages/airflow/example_dags/example_display_name.py
[2024-07-04T09:49:55.075+0000] {logging_mixin.py:188} INFO - [2024-07-04T09:49:55.074+0000] {dag.py:3096} INFO - Sync 1 DAGs
[2024-07-04T09:49:55.104+0000] {logging_mixin.py:188} INFO - [2024-07-04T09:49:55.104+0000] {dag.py:3954} INFO - Setting next_dagrun for example_display_name to None, run_after=None
[2024-07-04T09:49:55.154+0000] {processor.py:183} INFO - Processing /home/airflow/.local/lib/python3.12/site-packages/airflow/example_dags/example_display_name.py took 0.137 seconds
[2024-07-04T09:50:25.976+0000] {processor.py:161} INFO - Started process (PID=1844) to work on /home/airflow/.local/lib/python3.12/site-packages/airflow/example_dags/example_display_name.py
[2024-07-04T09:50:25.977+0000] {processor.py:830} INFO - Processing file /home/airflow/.local/lib/python3.12/site-packages/airflow/example_dags/example_display_name.py for tasks to queue
[2024-07-04T09:50:25.978+0000] {logging_mixin.py:188} INFO - [2024-07-04T09:50:25.978+0000] {dagbag.py:545} INFO - Filling up the DagBag from /home/airflow/.local/lib/python3.12/site-packages/airflow/example_dags/example_display_name.py
[2024-07-04T09:50:25.984+0000] {processor.py:840} INFO - DAG(s) 'example_display_name' retrieved from /home/airflow/.local/lib/python3.12/site-packages/airflow/example_dags/example_display_name.py
[2024-07-04T09:50:26.002+0000] {logging_mixin.py:188} INFO - [2024-07-04T09:50:26.002+0000] {dag.py:3096} INFO - Sync 1 DAGs
[2024-07-04T09:50:26.137+0000] {logging_mixin.py:188} INFO - [2024-07-04T09:50:26.137+0000] {dag.py:3954} INFO - Setting next_dagrun for example_display_name to None, run_after=None
[2024-07-04T09:50:26.154+0000] {processor.py:183} INFO - Processing /home/airflow/.local/lib/python3.12/site-packages/airflow/example_dags/example_display_name.py took 0.183 seconds
[2024-07-04T09:50:56.334+0000] {processor.py:161} INFO - Started process (PID=1903) to work on /home/airflow/.local/lib/python3.12/site-packages/airflow/example_dags/example_display_name.py
[2024-07-04T09:50:56.335+0000] {processor.py:830} INFO - Processing file /home/airflow/.local/lib/python3.12/site-packages/airflow/example_dags/example_display_name.py for tasks to queue
[2024-07-04T09:50:56.337+0000] {logging_mixin.py:188} INFO - [2024-07-04T09:50:56.337+0000] {dagbag.py:545} INFO - Filling up the DagBag from /home/airflow/.local/lib/python3.12/site-packages/airflow/example_dags/example_display_name.py
[2024-07-04T09:50:56.345+0000] {processor.py:840} INFO - DAG(s) 'example_display_name' retrieved from /home/airflow/.local/lib/python3.12/site-packages/airflow/example_dags/example_display_name.py
[2024-07-04T09:50:56.376+0000] {logging_mixin.py:188} INFO - [2024-07-04T09:50:56.376+0000] {dag.py:3096} INFO - Sync 1 DAGs
[2024-07-04T09:50:56.395+0000] {logging_mixin.py:188} INFO - [2024-07-04T09:50:56.395+0000] {dag.py:3954} INFO - Setting next_dagrun for example_display_name to None, run_after=None
[2024-07-04T09:50:56.567+0000] {processor.py:183} INFO - Processing /home/airflow/.local/lib/python3.12/site-packages/airflow/example_dags/example_display_name.py took 0.241 seconds
[2024-07-04T09:51:26.645+0000] {processor.py:161} INFO - Started process (PID=1962) to work on /home/airflow/.local/lib/python3.12/site-packages/airflow/example_dags/example_display_name.py
[2024-07-04T09:51:26.646+0000] {processor.py:830} INFO - Processing file /home/airflow/.local/lib/python3.12/site-packages/airflow/example_dags/example_display_name.py for tasks to queue
[2024-07-04T09:51:26.649+0000] {logging_mixin.py:188} INFO - [2024-07-04T09:51:26.648+0000] {dagbag.py:545} INFO - Filling up the DagBag from /home/airflow/.local/lib/python3.12/site-packages/airflow/example_dags/example_display_name.py
[2024-07-04T09:51:26.655+0000] {processor.py:840} INFO - DAG(s) 'example_display_name' retrieved from /home/airflow/.local/lib/python3.12/site-packages/airflow/example_dags/example_display_name.py
[2024-07-04T09:51:26.675+0000] {logging_mixin.py:188} INFO - [2024-07-04T09:51:26.674+0000] {dag.py:3096} INFO - Sync 1 DAGs
[2024-07-04T09:51:26.695+0000] {logging_mixin.py:188} INFO - [2024-07-04T09:51:26.695+0000] {dag.py:3954} INFO - Setting next_dagrun for example_display_name to None, run_after=None
[2024-07-04T09:51:26.717+0000] {processor.py:183} INFO - Processing /home/airflow/.local/lib/python3.12/site-packages/airflow/example_dags/example_display_name.py took 0.079 seconds
[2024-07-04T09:51:57.184+0000] {processor.py:161} INFO - Started process (PID=2021) to work on /home/airflow/.local/lib/python3.12/site-packages/airflow/example_dags/example_display_name.py
[2024-07-04T09:51:57.184+0000] {processor.py:830} INFO - Processing file /home/airflow/.local/lib/python3.12/site-packages/airflow/example_dags/example_display_name.py for tasks to queue
[2024-07-04T09:51:57.186+0000] {logging_mixin.py:188} INFO - [2024-07-04T09:51:57.186+0000] {dagbag.py:545} INFO - Filling up the DagBag from /home/airflow/.local/lib/python3.12/site-packages/airflow/example_dags/example_display_name.py
[2024-07-04T09:51:57.192+0000] {processor.py:840} INFO - DAG(s) 'example_display_name' retrieved from /home/airflow/.local/lib/python3.12/site-packages/airflow/example_dags/example_display_name.py
[2024-07-04T09:51:57.209+0000] {logging_mixin.py:188} INFO - [2024-07-04T09:51:57.209+0000] {dag.py:3096} INFO - Sync 1 DAGs
[2024-07-04T09:51:57.222+0000] {logging_mixin.py:188} INFO - [2024-07-04T09:51:57.221+0000] {dag.py:3954} INFO - Setting next_dagrun for example_display_name to None, run_after=None
[2024-07-04T09:51:57.241+0000] {processor.py:183} INFO - Processing /home/airflow/.local/lib/python3.12/site-packages/airflow/example_dags/example_display_name.py took 0.063 seconds
[2024-07-04T09:52:27.773+0000] {processor.py:161} INFO - Started process (PID=2081) to work on /home/airflow/.local/lib/python3.12/site-packages/airflow/example_dags/example_display_name.py
[2024-07-04T09:52:27.774+0000] {processor.py:830} INFO - Processing file /home/airflow/.local/lib/python3.12/site-packages/airflow/example_dags/example_display_name.py for tasks to queue
[2024-07-04T09:52:27.776+0000] {logging_mixin.py:188} INFO - [2024-07-04T09:52:27.776+0000] {dagbag.py:545} INFO - Filling up the DagBag from /home/airflow/.local/lib/python3.12/site-packages/airflow/example_dags/example_display_name.py
[2024-07-04T09:52:27.781+0000] {processor.py:840} INFO - DAG(s) 'example_display_name' retrieved from /home/airflow/.local/lib/python3.12/site-packages/airflow/example_dags/example_display_name.py
[2024-07-04T09:52:27.799+0000] {logging_mixin.py:188} INFO - [2024-07-04T09:52:27.799+0000] {dag.py:3096} INFO - Sync 1 DAGs
[2024-07-04T09:52:27.811+0000] {logging_mixin.py:188} INFO - [2024-07-04T09:52:27.811+0000] {dag.py:3954} INFO - Setting next_dagrun for example_display_name to None, run_after=None
[2024-07-04T09:52:27.832+0000] {processor.py:183} INFO - Processing /home/airflow/.local/lib/python3.12/site-packages/airflow/example_dags/example_display_name.py took 0.063 seconds
[2024-07-04T09:52:58.647+0000] {processor.py:161} INFO - Started process (PID=2140) to work on /home/airflow/.local/lib/python3.12/site-packages/airflow/example_dags/example_display_name.py
[2024-07-04T09:52:58.649+0000] {processor.py:830} INFO - Processing file /home/airflow/.local/lib/python3.12/site-packages/airflow/example_dags/example_display_name.py for tasks to queue
[2024-07-04T09:52:58.651+0000] {logging_mixin.py:188} INFO - [2024-07-04T09:52:58.651+0000] {dagbag.py:545} INFO - Filling up the DagBag from /home/airflow/.local/lib/python3.12/site-packages/airflow/example_dags/example_display_name.py
[2024-07-04T09:52:58.656+0000] {processor.py:840} INFO - DAG(s) 'example_display_name' retrieved from /home/airflow/.local/lib/python3.12/site-packages/airflow/example_dags/example_display_name.py
[2024-07-04T09:52:58.676+0000] {logging_mixin.py:188} INFO - [2024-07-04T09:52:58.676+0000] {dag.py:3096} INFO - Sync 1 DAGs
[2024-07-04T09:52:58.689+0000] {logging_mixin.py:188} INFO - [2024-07-04T09:52:58.688+0000] {dag.py:3954} INFO - Setting next_dagrun for example_display_name to None, run_after=None
[2024-07-04T09:52:58.706+0000] {processor.py:183} INFO - Processing /home/airflow/.local/lib/python3.12/site-packages/airflow/example_dags/example_display_name.py took 0.064 seconds
[2024-07-04T09:53:29.376+0000] {processor.py:161} INFO - Started process (PID=2198) to work on /home/airflow/.local/lib/python3.12/site-packages/airflow/example_dags/example_display_name.py
[2024-07-04T09:53:29.389+0000] {processor.py:830} INFO - Processing file /home/airflow/.local/lib/python3.12/site-packages/airflow/example_dags/example_display_name.py for tasks to queue
[2024-07-04T09:53:29.395+0000] {logging_mixin.py:188} INFO - [2024-07-04T09:53:29.394+0000] {dagbag.py:545} INFO - Filling up the DagBag from /home/airflow/.local/lib/python3.12/site-packages/airflow/example_dags/example_display_name.py
[2024-07-04T09:53:29.401+0000] {processor.py:840} INFO - DAG(s) 'example_display_name' retrieved from /home/airflow/.local/lib/python3.12/site-packages/airflow/example_dags/example_display_name.py
[2024-07-04T09:53:29.448+0000] {logging_mixin.py:188} INFO - [2024-07-04T09:53:29.448+0000] {dag.py:3096} INFO - Sync 1 DAGs
[2024-07-04T09:53:29.484+0000] {logging_mixin.py:188} INFO - [2024-07-04T09:53:29.483+0000] {dag.py:3954} INFO - Setting next_dagrun for example_display_name to None, run_after=None
[2024-07-04T09:53:29.530+0000] {processor.py:183} INFO - Processing /home/airflow/.local/lib/python3.12/site-packages/airflow/example_dags/example_display_name.py took 0.164 seconds
[2024-07-04T09:54:04.125+0000] {processor.py:161} INFO - Started process (PID=2257) to work on /home/airflow/.local/lib/python3.12/site-packages/airflow/example_dags/example_display_name.py
[2024-07-04T09:54:04.791+0000] {processor.py:830} INFO - Processing file /home/airflow/.local/lib/python3.12/site-packages/airflow/example_dags/example_display_name.py for tasks to queue
[2024-07-04T09:54:05.672+0000] {logging_mixin.py:188} INFO - [2024-07-04T09:54:05.626+0000] {dagbag.py:545} INFO - Filling up the DagBag from /home/airflow/.local/lib/python3.12/site-packages/airflow/example_dags/example_display_name.py
[2024-07-04T09:54:07.860+0000] {processor.py:840} INFO - DAG(s) 'example_display_name' retrieved from /home/airflow/.local/lib/python3.12/site-packages/airflow/example_dags/example_display_name.py
[2024-07-04T09:54:11.684+0000] {logging_mixin.py:188} INFO - [2024-07-04T09:54:11.683+0000] {dag.py:3096} INFO - Sync 1 DAGs
[2024-07-04T09:54:12.292+0000] {logging_mixin.py:188} INFO - [2024-07-04T09:54:12.291+0000] {dag.py:3954} INFO - Setting next_dagrun for example_display_name to None, run_after=None
[2024-07-04T09:54:12.436+0000] {processor.py:183} INFO - Processing /home/airflow/.local/lib/python3.12/site-packages/airflow/example_dags/example_display_name.py took 8.770 seconds
[2024-07-04T09:54:42.981+0000] {processor.py:161} INFO - Started process (PID=2316) to work on /home/airflow/.local/lib/python3.12/site-packages/airflow/example_dags/example_display_name.py
[2024-07-04T09:54:42.983+0000] {processor.py:830} INFO - Processing file /home/airflow/.local/lib/python3.12/site-packages/airflow/example_dags/example_display_name.py for tasks to queue
[2024-07-04T09:54:42.985+0000] {logging_mixin.py:188} INFO - [2024-07-04T09:54:42.985+0000] {dagbag.py:545} INFO - Filling up the DagBag from /home/airflow/.local/lib/python3.12/site-packages/airflow/example_dags/example_display_name.py
[2024-07-04T09:54:42.994+0000] {processor.py:840} INFO - DAG(s) 'example_display_name' retrieved from /home/airflow/.local/lib/python3.12/site-packages/airflow/example_dags/example_display_name.py
[2024-07-04T09:54:43.019+0000] {logging_mixin.py:188} INFO - [2024-07-04T09:54:43.019+0000] {dag.py:3096} INFO - Sync 1 DAGs
[2024-07-04T09:54:43.032+0000] {logging_mixin.py:188} INFO - [2024-07-04T09:54:43.031+0000] {dag.py:3954} INFO - Setting next_dagrun for example_display_name to None, run_after=None
[2024-07-04T09:54:43.053+0000] {processor.py:183} INFO - Processing /home/airflow/.local/lib/python3.12/site-packages/airflow/example_dags/example_display_name.py took 0.077 seconds
[2024-07-04T09:55:13.599+0000] {processor.py:161} INFO - Started process (PID=2380) to work on /home/airflow/.local/lib/python3.12/site-packages/airflow/example_dags/example_display_name.py
[2024-07-04T09:55:13.601+0000] {processor.py:830} INFO - Processing file /home/airflow/.local/lib/python3.12/site-packages/airflow/example_dags/example_display_name.py for tasks to queue
[2024-07-04T09:55:13.604+0000] {logging_mixin.py:188} INFO - [2024-07-04T09:55:13.603+0000] {dagbag.py:545} INFO - Filling up the DagBag from /home/airflow/.local/lib/python3.12/site-packages/airflow/example_dags/example_display_name.py
[2024-07-04T09:55:13.614+0000] {processor.py:840} INFO - DAG(s) 'example_display_name' retrieved from /home/airflow/.local/lib/python3.12/site-packages/airflow/example_dags/example_display_name.py
[2024-07-04T09:55:13.648+0000] {logging_mixin.py:188} INFO - [2024-07-04T09:55:13.648+0000] {dag.py:3096} INFO - Sync 1 DAGs
[2024-07-04T09:55:13.671+0000] {logging_mixin.py:188} INFO - [2024-07-04T09:55:13.671+0000] {dag.py:3954} INFO - Setting next_dagrun for example_display_name to None, run_after=None
[2024-07-04T09:55:13.701+0000] {processor.py:183} INFO - Processing /home/airflow/.local/lib/python3.12/site-packages/airflow/example_dags/example_display_name.py took 0.112 seconds
[2024-07-04T09:55:43.804+0000] {processor.py:161} INFO - Started process (PID=2439) to work on /home/airflow/.local/lib/python3.12/site-packages/airflow/example_dags/example_display_name.py
[2024-07-04T09:55:43.805+0000] {processor.py:830} INFO - Processing file /home/airflow/.local/lib/python3.12/site-packages/airflow/example_dags/example_display_name.py for tasks to queue
[2024-07-04T09:55:43.807+0000] {logging_mixin.py:188} INFO - [2024-07-04T09:55:43.807+0000] {dagbag.py:545} INFO - Filling up the DagBag from /home/airflow/.local/lib/python3.12/site-packages/airflow/example_dags/example_display_name.py
[2024-07-04T09:55:43.812+0000] {processor.py:840} INFO - DAG(s) 'example_display_name' retrieved from /home/airflow/.local/lib/python3.12/site-packages/airflow/example_dags/example_display_name.py
[2024-07-04T09:55:43.836+0000] {logging_mixin.py:188} INFO - [2024-07-04T09:55:43.836+0000] {dag.py:3096} INFO - Sync 1 DAGs
[2024-07-04T09:55:43.848+0000] {logging_mixin.py:188} INFO - [2024-07-04T09:55:43.848+0000] {dag.py:3954} INFO - Setting next_dagrun for example_display_name to None, run_after=None
[2024-07-04T09:55:43.869+0000] {processor.py:183} INFO - Processing /home/airflow/.local/lib/python3.12/site-packages/airflow/example_dags/example_display_name.py took 0.071 seconds
[2024-07-04T09:56:14.752+0000] {processor.py:161} INFO - Started process (PID=2498) to work on /home/airflow/.local/lib/python3.12/site-packages/airflow/example_dags/example_display_name.py
[2024-07-04T09:56:14.753+0000] {processor.py:830} INFO - Processing file /home/airflow/.local/lib/python3.12/site-packages/airflow/example_dags/example_display_name.py for tasks to queue
[2024-07-04T09:56:14.755+0000] {logging_mixin.py:188} INFO - [2024-07-04T09:56:14.755+0000] {dagbag.py:545} INFO - Filling up the DagBag from /home/airflow/.local/lib/python3.12/site-packages/airflow/example_dags/example_display_name.py
[2024-07-04T09:56:14.767+0000] {processor.py:840} INFO - DAG(s) 'example_display_name' retrieved from /home/airflow/.local/lib/python3.12/site-packages/airflow/example_dags/example_display_name.py
[2024-07-04T09:56:14.873+0000] {logging_mixin.py:188} INFO - [2024-07-04T09:56:14.873+0000] {dag.py:3096} INFO - Sync 1 DAGs
[2024-07-04T09:56:14.910+0000] {logging_mixin.py:188} INFO - [2024-07-04T09:56:14.910+0000] {dag.py:3954} INFO - Setting next_dagrun for example_display_name to None, run_after=None
[2024-07-04T09:56:14.955+0000] {processor.py:183} INFO - Processing /home/airflow/.local/lib/python3.12/site-packages/airflow/example_dags/example_display_name.py took 0.210 seconds
[2024-07-04T09:56:45.065+0000] {processor.py:161} INFO - Started process (PID=2557) to work on /home/airflow/.local/lib/python3.12/site-packages/airflow/example_dags/example_display_name.py
[2024-07-04T09:56:45.067+0000] {processor.py:830} INFO - Processing file /home/airflow/.local/lib/python3.12/site-packages/airflow/example_dags/example_display_name.py for tasks to queue
[2024-07-04T09:56:45.073+0000] {logging_mixin.py:188} INFO - [2024-07-04T09:56:45.073+0000] {dagbag.py:545} INFO - Filling up the DagBag from /home/airflow/.local/lib/python3.12/site-packages/airflow/example_dags/example_display_name.py
[2024-07-04T09:56:45.089+0000] {processor.py:840} INFO - DAG(s) 'example_display_name' retrieved from /home/airflow/.local/lib/python3.12/site-packages/airflow/example_dags/example_display_name.py
[2024-07-04T09:56:45.126+0000] {logging_mixin.py:188} INFO - [2024-07-04T09:56:45.125+0000] {dag.py:3096} INFO - Sync 1 DAGs
[2024-07-04T09:56:45.139+0000] {logging_mixin.py:188} INFO - [2024-07-04T09:56:45.138+0000] {dag.py:3954} INFO - Setting next_dagrun for example_display_name to None, run_after=None
[2024-07-04T09:56:45.158+0000] {processor.py:183} INFO - Processing /home/airflow/.local/lib/python3.12/site-packages/airflow/example_dags/example_display_name.py took 0.098 seconds
[2024-07-04T09:57:15.936+0000] {processor.py:161} INFO - Started process (PID=2616) to work on /home/airflow/.local/lib/python3.12/site-packages/airflow/example_dags/example_display_name.py
[2024-07-04T09:57:15.950+0000] {processor.py:830} INFO - Processing file /home/airflow/.local/lib/python3.12/site-packages/airflow/example_dags/example_display_name.py for tasks to queue
[2024-07-04T09:57:15.956+0000] {logging_mixin.py:188} INFO - [2024-07-04T09:57:15.955+0000] {dagbag.py:545} INFO - Filling up the DagBag from /home/airflow/.local/lib/python3.12/site-packages/airflow/example_dags/example_display_name.py
[2024-07-04T09:57:15.981+0000] {processor.py:840} INFO - DAG(s) 'example_display_name' retrieved from /home/airflow/.local/lib/python3.12/site-packages/airflow/example_dags/example_display_name.py
[2024-07-04T09:57:16.046+0000] {logging_mixin.py:188} INFO - [2024-07-04T09:57:16.046+0000] {dag.py:3096} INFO - Sync 1 DAGs
[2024-07-04T09:57:16.084+0000] {logging_mixin.py:188} INFO - [2024-07-04T09:57:16.084+0000] {dag.py:3954} INFO - Setting next_dagrun for example_display_name to None, run_after=None
[2024-07-04T09:57:16.155+0000] {processor.py:183} INFO - Processing /home/airflow/.local/lib/python3.12/site-packages/airflow/example_dags/example_display_name.py took 0.226 seconds
[2024-07-04T09:57:46.619+0000] {processor.py:161} INFO - Started process (PID=2676) to work on /home/airflow/.local/lib/python3.12/site-packages/airflow/example_dags/example_display_name.py
[2024-07-04T09:57:46.620+0000] {processor.py:830} INFO - Processing file /home/airflow/.local/lib/python3.12/site-packages/airflow/example_dags/example_display_name.py for tasks to queue
[2024-07-04T09:57:46.622+0000] {logging_mixin.py:188} INFO - [2024-07-04T09:57:46.622+0000] {dagbag.py:545} INFO - Filling up the DagBag from /home/airflow/.local/lib/python3.12/site-packages/airflow/example_dags/example_display_name.py
[2024-07-04T09:57:46.627+0000] {processor.py:840} INFO - DAG(s) 'example_display_name' retrieved from /home/airflow/.local/lib/python3.12/site-packages/airflow/example_dags/example_display_name.py
[2024-07-04T09:57:46.647+0000] {logging_mixin.py:188} INFO - [2024-07-04T09:57:46.647+0000] {dag.py:3096} INFO - Sync 1 DAGs
[2024-07-04T09:57:46.659+0000] {logging_mixin.py:188} INFO - [2024-07-04T09:57:46.659+0000] {dag.py:3954} INFO - Setting next_dagrun for example_display_name to None, run_after=None
[2024-07-04T09:57:46.678+0000] {processor.py:183} INFO - Processing /home/airflow/.local/lib/python3.12/site-packages/airflow/example_dags/example_display_name.py took 0.064 seconds
[2024-07-04T09:58:17.146+0000] {processor.py:161} INFO - Started process (PID=2735) to work on /home/airflow/.local/lib/python3.12/site-packages/airflow/example_dags/example_display_name.py
[2024-07-04T09:58:17.147+0000] {processor.py:830} INFO - Processing file /home/airflow/.local/lib/python3.12/site-packages/airflow/example_dags/example_display_name.py for tasks to queue
[2024-07-04T09:58:17.148+0000] {logging_mixin.py:188} INFO - [2024-07-04T09:58:17.148+0000] {dagbag.py:545} INFO - Filling up the DagBag from /home/airflow/.local/lib/python3.12/site-packages/airflow/example_dags/example_display_name.py
[2024-07-04T09:58:17.155+0000] {processor.py:840} INFO - DAG(s) 'example_display_name' retrieved from /home/airflow/.local/lib/python3.12/site-packages/airflow/example_dags/example_display_name.py
[2024-07-04T09:58:17.185+0000] {logging_mixin.py:188} INFO - [2024-07-04T09:58:17.185+0000] {dag.py:3096} INFO - Sync 1 DAGs
[2024-07-04T09:58:17.204+0000] {logging_mixin.py:188} INFO - [2024-07-04T09:58:17.204+0000] {dag.py:3954} INFO - Setting next_dagrun for example_display_name to None, run_after=None
[2024-07-04T09:58:17.226+0000] {processor.py:183} INFO - Processing /home/airflow/.local/lib/python3.12/site-packages/airflow/example_dags/example_display_name.py took 0.085 seconds
[2024-07-04T09:58:47.363+0000] {processor.py:161} INFO - Started process (PID=2795) to work on /home/airflow/.local/lib/python3.12/site-packages/airflow/example_dags/example_display_name.py
[2024-07-04T09:58:47.366+0000] {processor.py:830} INFO - Processing file /home/airflow/.local/lib/python3.12/site-packages/airflow/example_dags/example_display_name.py for tasks to queue
[2024-07-04T09:58:47.370+0000] {logging_mixin.py:188} INFO - [2024-07-04T09:58:47.369+0000] {dagbag.py:545} INFO - Filling up the DagBag from /home/airflow/.local/lib/python3.12/site-packages/airflow/example_dags/example_display_name.py
[2024-07-04T09:58:47.377+0000] {processor.py:840} INFO - DAG(s) 'example_display_name' retrieved from /home/airflow/.local/lib/python3.12/site-packages/airflow/example_dags/example_display_name.py
[2024-07-04T09:58:47.397+0000] {logging_mixin.py:188} INFO - [2024-07-04T09:58:47.396+0000] {dag.py:3096} INFO - Sync 1 DAGs
[2024-07-04T09:58:47.415+0000] {logging_mixin.py:188} INFO - [2024-07-04T09:58:47.414+0000] {dag.py:3954} INFO - Setting next_dagrun for example_display_name to None, run_after=None
[2024-07-04T09:58:47.436+0000] {processor.py:183} INFO - Processing /home/airflow/.local/lib/python3.12/site-packages/airflow/example_dags/example_display_name.py took 0.081 seconds
[2024-07-04T09:59:17.623+0000] {processor.py:161} INFO - Started process (PID=2854) to work on /home/airflow/.local/lib/python3.12/site-packages/airflow/example_dags/example_display_name.py
[2024-07-04T09:59:17.624+0000] {processor.py:830} INFO - Processing file /home/airflow/.local/lib/python3.12/site-packages/airflow/example_dags/example_display_name.py for tasks to queue
[2024-07-04T09:59:17.626+0000] {logging_mixin.py:188} INFO - [2024-07-04T09:59:17.625+0000] {dagbag.py:545} INFO - Filling up the DagBag from /home/airflow/.local/lib/python3.12/site-packages/airflow/example_dags/example_display_name.py
[2024-07-04T09:59:17.631+0000] {processor.py:840} INFO - DAG(s) 'example_display_name' retrieved from /home/airflow/.local/lib/python3.12/site-packages/airflow/example_dags/example_display_name.py
[2024-07-04T09:59:17.649+0000] {logging_mixin.py:188} INFO - [2024-07-04T09:59:17.648+0000] {dag.py:3096} INFO - Sync 1 DAGs
[2024-07-04T09:59:17.666+0000] {logging_mixin.py:188} INFO - [2024-07-04T09:59:17.666+0000] {dag.py:3954} INFO - Setting next_dagrun for example_display_name to None, run_after=None
[2024-07-04T09:59:17.688+0000] {processor.py:183} INFO - Processing /home/airflow/.local/lib/python3.12/site-packages/airflow/example_dags/example_display_name.py took 0.073 seconds
[2024-07-04T09:59:48.247+0000] {processor.py:161} INFO - Started process (PID=2913) to work on /home/airflow/.local/lib/python3.12/site-packages/airflow/example_dags/example_display_name.py
[2024-07-04T09:59:48.250+0000] {processor.py:830} INFO - Processing file /home/airflow/.local/lib/python3.12/site-packages/airflow/example_dags/example_display_name.py for tasks to queue
[2024-07-04T09:59:48.254+0000] {logging_mixin.py:188} INFO - [2024-07-04T09:59:48.254+0000] {dagbag.py:545} INFO - Filling up the DagBag from /home/airflow/.local/lib/python3.12/site-packages/airflow/example_dags/example_display_name.py
[2024-07-04T09:59:48.261+0000] {processor.py:840} INFO - DAG(s) 'example_display_name' retrieved from /home/airflow/.local/lib/python3.12/site-packages/airflow/example_dags/example_display_name.py
[2024-07-04T09:59:48.290+0000] {logging_mixin.py:188} INFO - [2024-07-04T09:59:48.290+0000] {dag.py:3096} INFO - Sync 1 DAGs
[2024-07-04T09:59:48.317+0000] {logging_mixin.py:188} INFO - [2024-07-04T09:59:48.316+0000] {dag.py:3954} INFO - Setting next_dagrun for example_display_name to None, run_after=None
[2024-07-04T09:59:48.353+0000] {processor.py:183} INFO - Processing /home/airflow/.local/lib/python3.12/site-packages/airflow/example_dags/example_display_name.py took 0.111 seconds
[2024-07-04T10:00:18.599+0000] {processor.py:161} INFO - Started process (PID=2972) to work on /home/airflow/.local/lib/python3.12/site-packages/airflow/example_dags/example_display_name.py
[2024-07-04T10:00:18.601+0000] {processor.py:830} INFO - Processing file /home/airflow/.local/lib/python3.12/site-packages/airflow/example_dags/example_display_name.py for tasks to queue
[2024-07-04T10:00:18.605+0000] {logging_mixin.py:188} INFO - [2024-07-04T10:00:18.604+0000] {dagbag.py:545} INFO - Filling up the DagBag from /home/airflow/.local/lib/python3.12/site-packages/airflow/example_dags/example_display_name.py
[2024-07-04T10:00:18.613+0000] {processor.py:840} INFO - DAG(s) 'example_display_name' retrieved from /home/airflow/.local/lib/python3.12/site-packages/airflow/example_dags/example_display_name.py
[2024-07-04T10:00:18.642+0000] {logging_mixin.py:188} INFO - [2024-07-04T10:00:18.641+0000] {dag.py:3096} INFO - Sync 1 DAGs
[2024-07-04T10:00:18.657+0000] {logging_mixin.py:188} INFO - [2024-07-04T10:00:18.656+0000] {dag.py:3954} INFO - Setting next_dagrun for example_display_name to None, run_after=None
[2024-07-04T10:00:18.680+0000] {processor.py:183} INFO - Processing /home/airflow/.local/lib/python3.12/site-packages/airflow/example_dags/example_display_name.py took 0.095 seconds
[2024-07-04T10:00:49.873+0000] {processor.py:161} INFO - Started process (PID=3033) to work on /home/airflow/.local/lib/python3.12/site-packages/airflow/example_dags/example_display_name.py
[2024-07-04T10:00:49.941+0000] {processor.py:830} INFO - Processing file /home/airflow/.local/lib/python3.12/site-packages/airflow/example_dags/example_display_name.py for tasks to queue
[2024-07-04T10:00:49.969+0000] {logging_mixin.py:188} INFO - [2024-07-04T10:00:49.969+0000] {dagbag.py:545} INFO - Filling up the DagBag from /home/airflow/.local/lib/python3.12/site-packages/airflow/example_dags/example_display_name.py
[2024-07-04T10:00:50.043+0000] {processor.py:840} INFO - DAG(s) 'example_display_name' retrieved from /home/airflow/.local/lib/python3.12/site-packages/airflow/example_dags/example_display_name.py
[2024-07-04T10:00:50.178+0000] {logging_mixin.py:188} INFO - [2024-07-04T10:00:50.178+0000] {dag.py:3096} INFO - Sync 1 DAGs
[2024-07-04T10:00:50.233+0000] {logging_mixin.py:188} INFO - [2024-07-04T10:00:50.233+0000] {dag.py:3954} INFO - Setting next_dagrun for example_display_name to None, run_after=None
[2024-07-04T10:00:50.348+0000] {processor.py:183} INFO - Processing /home/airflow/.local/lib/python3.12/site-packages/airflow/example_dags/example_display_name.py took 0.651 seconds
[2024-07-04T10:01:20.608+0000] {processor.py:161} INFO - Started process (PID=3092) to work on /home/airflow/.local/lib/python3.12/site-packages/airflow/example_dags/example_display_name.py
[2024-07-04T10:01:20.611+0000] {processor.py:830} INFO - Processing file /home/airflow/.local/lib/python3.12/site-packages/airflow/example_dags/example_display_name.py for tasks to queue
[2024-07-04T10:01:20.621+0000] {logging_mixin.py:188} INFO - [2024-07-04T10:01:20.621+0000] {dagbag.py:545} INFO - Filling up the DagBag from /home/airflow/.local/lib/python3.12/site-packages/airflow/example_dags/example_display_name.py
[2024-07-04T10:01:20.635+0000] {processor.py:840} INFO - DAG(s) 'example_display_name' retrieved from /home/airflow/.local/lib/python3.12/site-packages/airflow/example_dags/example_display_name.py
[2024-07-04T10:01:20.688+0000] {logging_mixin.py:188} INFO - [2024-07-04T10:01:20.688+0000] {dag.py:3096} INFO - Sync 1 DAGs
[2024-07-04T10:01:20.772+0000] {logging_mixin.py:188} INFO - [2024-07-04T10:01:20.771+0000] {dag.py:3954} INFO - Setting next_dagrun for example_display_name to None, run_after=None
[2024-07-04T10:01:20.860+0000] {processor.py:183} INFO - Processing /home/airflow/.local/lib/python3.12/site-packages/airflow/example_dags/example_display_name.py took 0.258 seconds
[2024-07-04T10:01:50.965+0000] {processor.py:161} INFO - Started process (PID=3152) to work on /home/airflow/.local/lib/python3.12/site-packages/airflow/example_dags/example_display_name.py
[2024-07-04T10:01:50.967+0000] {processor.py:830} INFO - Processing file /home/airflow/.local/lib/python3.12/site-packages/airflow/example_dags/example_display_name.py for tasks to queue
[2024-07-04T10:01:50.971+0000] {logging_mixin.py:188} INFO - [2024-07-04T10:01:50.971+0000] {dagbag.py:545} INFO - Filling up the DagBag from /home/airflow/.local/lib/python3.12/site-packages/airflow/example_dags/example_display_name.py
[2024-07-04T10:01:50.981+0000] {processor.py:840} INFO - DAG(s) 'example_display_name' retrieved from /home/airflow/.local/lib/python3.12/site-packages/airflow/example_dags/example_display_name.py
[2024-07-04T10:01:51.022+0000] {logging_mixin.py:188} INFO - [2024-07-04T10:01:51.022+0000] {dag.py:3096} INFO - Sync 1 DAGs
[2024-07-04T10:01:51.055+0000] {logging_mixin.py:188} INFO - [2024-07-04T10:01:51.055+0000] {dag.py:3954} INFO - Setting next_dagrun for example_display_name to None, run_after=None
[2024-07-04T10:01:51.089+0000] {processor.py:183} INFO - Processing /home/airflow/.local/lib/python3.12/site-packages/airflow/example_dags/example_display_name.py took 0.132 seconds
[2024-07-04T10:02:21.669+0000] {processor.py:161} INFO - Started process (PID=3212) to work on /home/airflow/.local/lib/python3.12/site-packages/airflow/example_dags/example_display_name.py
[2024-07-04T10:02:21.672+0000] {processor.py:830} INFO - Processing file /home/airflow/.local/lib/python3.12/site-packages/airflow/example_dags/example_display_name.py for tasks to queue
[2024-07-04T10:02:21.674+0000] {logging_mixin.py:188} INFO - [2024-07-04T10:02:21.674+0000] {dagbag.py:545} INFO - Filling up the DagBag from /home/airflow/.local/lib/python3.12/site-packages/airflow/example_dags/example_display_name.py
[2024-07-04T10:02:21.687+0000] {processor.py:840} INFO - DAG(s) 'example_display_name' retrieved from /home/airflow/.local/lib/python3.12/site-packages/airflow/example_dags/example_display_name.py
[2024-07-04T10:02:21.707+0000] {logging_mixin.py:188} INFO - [2024-07-04T10:02:21.706+0000] {dag.py:3096} INFO - Sync 1 DAGs
[2024-07-04T10:02:21.718+0000] {logging_mixin.py:188} INFO - [2024-07-04T10:02:21.718+0000] {dag.py:3954} INFO - Setting next_dagrun for example_display_name to None, run_after=None
[2024-07-04T10:02:21.744+0000] {processor.py:183} INFO - Processing /home/airflow/.local/lib/python3.12/site-packages/airflow/example_dags/example_display_name.py took 0.082 seconds
[2024-07-04T10:02:52.202+0000] {processor.py:161} INFO - Started process (PID=3272) to work on /home/airflow/.local/lib/python3.12/site-packages/airflow/example_dags/example_display_name.py
[2024-07-04T10:02:52.204+0000] {processor.py:830} INFO - Processing file /home/airflow/.local/lib/python3.12/site-packages/airflow/example_dags/example_display_name.py for tasks to queue
[2024-07-04T10:02:52.208+0000] {logging_mixin.py:188} INFO - [2024-07-04T10:02:52.208+0000] {dagbag.py:545} INFO - Filling up the DagBag from /home/airflow/.local/lib/python3.12/site-packages/airflow/example_dags/example_display_name.py
[2024-07-04T10:02:52.225+0000] {processor.py:840} INFO - DAG(s) 'example_display_name' retrieved from /home/airflow/.local/lib/python3.12/site-packages/airflow/example_dags/example_display_name.py
[2024-07-04T10:02:52.253+0000] {logging_mixin.py:188} INFO - [2024-07-04T10:02:52.253+0000] {dag.py:3096} INFO - Sync 1 DAGs
[2024-07-04T10:02:52.268+0000] {logging_mixin.py:188} INFO - [2024-07-04T10:02:52.268+0000] {dag.py:3954} INFO - Setting next_dagrun for example_display_name to None, run_after=None
[2024-07-04T10:02:52.295+0000] {processor.py:183} INFO - Processing /home/airflow/.local/lib/python3.12/site-packages/airflow/example_dags/example_display_name.py took 0.102 seconds
[2024-07-04T10:03:22.732+0000] {processor.py:161} INFO - Started process (PID=3331) to work on /home/airflow/.local/lib/python3.12/site-packages/airflow/example_dags/example_display_name.py
[2024-07-04T10:03:22.735+0000] {processor.py:830} INFO - Processing file /home/airflow/.local/lib/python3.12/site-packages/airflow/example_dags/example_display_name.py for tasks to queue
[2024-07-04T10:03:22.737+0000] {logging_mixin.py:188} INFO - [2024-07-04T10:03:22.737+0000] {dagbag.py:545} INFO - Filling up the DagBag from /home/airflow/.local/lib/python3.12/site-packages/airflow/example_dags/example_display_name.py
[2024-07-04T10:03:22.748+0000] {processor.py:840} INFO - DAG(s) 'example_display_name' retrieved from /home/airflow/.local/lib/python3.12/site-packages/airflow/example_dags/example_display_name.py
[2024-07-04T10:03:22.770+0000] {logging_mixin.py:188} INFO - [2024-07-04T10:03:22.770+0000] {dag.py:3096} INFO - Sync 1 DAGs
[2024-07-04T10:03:22.783+0000] {logging_mixin.py:188} INFO - [2024-07-04T10:03:22.782+0000] {dag.py:3954} INFO - Setting next_dagrun for example_display_name to None, run_after=None
[2024-07-04T10:03:22.802+0000] {processor.py:183} INFO - Processing /home/airflow/.local/lib/python3.12/site-packages/airflow/example_dags/example_display_name.py took 0.077 seconds
[2024-07-04T10:03:53.228+0000] {processor.py:161} INFO - Started process (PID=3390) to work on /home/airflow/.local/lib/python3.12/site-packages/airflow/example_dags/example_display_name.py
[2024-07-04T10:03:53.232+0000] {processor.py:830} INFO - Processing file /home/airflow/.local/lib/python3.12/site-packages/airflow/example_dags/example_display_name.py for tasks to queue
[2024-07-04T10:03:53.238+0000] {logging_mixin.py:188} INFO - [2024-07-04T10:03:53.237+0000] {dagbag.py:545} INFO - Filling up the DagBag from /home/airflow/.local/lib/python3.12/site-packages/airflow/example_dags/example_display_name.py
[2024-07-04T10:03:53.248+0000] {processor.py:840} INFO - DAG(s) 'example_display_name' retrieved from /home/airflow/.local/lib/python3.12/site-packages/airflow/example_dags/example_display_name.py
[2024-07-04T10:03:53.285+0000] {logging_mixin.py:188} INFO - [2024-07-04T10:03:53.282+0000] {dag.py:3096} INFO - Sync 1 DAGs
[2024-07-04T10:03:53.312+0000] {logging_mixin.py:188} INFO - [2024-07-04T10:03:53.311+0000] {dag.py:3954} INFO - Setting next_dagrun for example_display_name to None, run_after=None
[2024-07-04T10:03:53.351+0000] {processor.py:183} INFO - Processing /home/airflow/.local/lib/python3.12/site-packages/airflow/example_dags/example_display_name.py took 0.131 seconds
