[2024-07-04T09:34:35.055+0000] {processor.py:161} INFO - Started process (PID=40) to work on /home/airflow/.local/lib/python3.12/site-packages/airflow/example_dags/example_bash_operator.py
[2024-07-04T09:34:35.070+0000] {processor.py:830} INFO - Processing file /home/airflow/.local/lib/python3.12/site-packages/airflow/example_dags/example_bash_operator.py for tasks to queue
[2024-07-04T09:34:35.084+0000] {logging_mixin.py:188} INFO - [2024-07-04T09:34:35.083+0000] {dagbag.py:545} INFO - Filling up the DagBag from /home/airflow/.local/lib/python3.12/site-packages/airflow/example_dags/example_bash_operator.py
[2024-07-04T09:34:35.262+0000] {processor.py:840} INFO - DAG(s) 'example_bash_operator' retrieved from /home/airflow/.local/lib/python3.12/site-packages/airflow/example_dags/example_bash_operator.py
[2024-07-04T09:34:36.891+0000] {logging_mixin.py:188} INFO - [2024-07-04T09:34:36.890+0000] {dag.py:3096} INFO - Sync 1 DAGs
[2024-07-04T09:34:37.474+0000] {logging_mixin.py:188} INFO - [2024-07-04T09:34:37.474+0000] {dag.py:3954} INFO - Setting next_dagrun for example_bash_operator to 2024-07-03 00:00:00+00:00, run_after=2024-07-04 00:00:00+00:00
[2024-07-04T09:34:37.888+0000] {processor.py:183} INFO - Processing /home/airflow/.local/lib/python3.12/site-packages/airflow/example_dags/example_bash_operator.py took 2.897 seconds
[2024-07-04T09:35:15.432+0000] {processor.py:161} INFO - Started process (PID=98) to work on /home/airflow/.local/lib/python3.12/site-packages/airflow/example_dags/example_bash_operator.py
[2024-07-04T09:35:15.444+0000] {processor.py:830} INFO - Processing file /home/airflow/.local/lib/python3.12/site-packages/airflow/example_dags/example_bash_operator.py for tasks to queue
[2024-07-04T09:35:15.446+0000] {logging_mixin.py:188} INFO - [2024-07-04T09:35:15.446+0000] {dagbag.py:545} INFO - Filling up the DagBag from /home/airflow/.local/lib/python3.12/site-packages/airflow/example_dags/example_bash_operator.py
[2024-07-04T09:35:15.471+0000] {processor.py:840} INFO - DAG(s) 'example_bash_operator' retrieved from /home/airflow/.local/lib/python3.12/site-packages/airflow/example_dags/example_bash_operator.py
[2024-07-04T09:35:15.546+0000] {logging_mixin.py:188} INFO - [2024-07-04T09:35:15.546+0000] {dag.py:3096} INFO - Sync 1 DAGs
[2024-07-04T09:35:15.644+0000] {logging_mixin.py:188} INFO - [2024-07-04T09:35:15.633+0000] {dag.py:3954} INFO - Setting next_dagrun for example_bash_operator to 2024-07-03 00:00:00+00:00, run_after=2024-07-04 00:00:00+00:00
[2024-07-04T09:35:15.713+0000] {processor.py:183} INFO - Processing /home/airflow/.local/lib/python3.12/site-packages/airflow/example_dags/example_bash_operator.py took 0.289 seconds
[2024-07-04T09:35:46.444+0000] {processor.py:161} INFO - Started process (PID=155) to work on /home/airflow/.local/lib/python3.12/site-packages/airflow/example_dags/example_bash_operator.py
[2024-07-04T09:35:46.453+0000] {processor.py:830} INFO - Processing file /home/airflow/.local/lib/python3.12/site-packages/airflow/example_dags/example_bash_operator.py for tasks to queue
[2024-07-04T09:35:46.467+0000] {logging_mixin.py:188} INFO - [2024-07-04T09:35:46.462+0000] {dagbag.py:545} INFO - Filling up the DagBag from /home/airflow/.local/lib/python3.12/site-packages/airflow/example_dags/example_bash_operator.py
[2024-07-04T09:35:46.678+0000] {processor.py:840} INFO - DAG(s) 'example_bash_operator' retrieved from /home/airflow/.local/lib/python3.12/site-packages/airflow/example_dags/example_bash_operator.py
[2024-07-04T09:35:46.847+0000] {logging_mixin.py:188} INFO - [2024-07-04T09:35:46.847+0000] {dag.py:3096} INFO - Sync 1 DAGs
[2024-07-04T09:35:46.916+0000] {logging_mixin.py:188} INFO - [2024-07-04T09:35:46.916+0000] {dag.py:3954} INFO - Setting next_dagrun for example_bash_operator to 2024-07-03 00:00:00+00:00, run_after=2024-07-04 00:00:00+00:00
[2024-07-04T09:35:46.963+0000] {processor.py:183} INFO - Processing /home/airflow/.local/lib/python3.12/site-packages/airflow/example_dags/example_bash_operator.py took 0.525 seconds
[2024-07-04T09:36:18.017+0000] {processor.py:161} INFO - Started process (PID=214) to work on /home/airflow/.local/lib/python3.12/site-packages/airflow/example_dags/example_bash_operator.py
[2024-07-04T09:36:18.029+0000] {processor.py:830} INFO - Processing file /home/airflow/.local/lib/python3.12/site-packages/airflow/example_dags/example_bash_operator.py for tasks to queue
[2024-07-04T09:36:18.034+0000] {logging_mixin.py:188} INFO - [2024-07-04T09:36:18.034+0000] {dagbag.py:545} INFO - Filling up the DagBag from /home/airflow/.local/lib/python3.12/site-packages/airflow/example_dags/example_bash_operator.py
[2024-07-04T09:36:18.151+0000] {processor.py:840} INFO - DAG(s) 'example_bash_operator' retrieved from /home/airflow/.local/lib/python3.12/site-packages/airflow/example_dags/example_bash_operator.py
[2024-07-04T09:36:18.271+0000] {logging_mixin.py:188} INFO - [2024-07-04T09:36:18.271+0000] {dag.py:3096} INFO - Sync 1 DAGs
[2024-07-04T09:36:18.620+0000] {logging_mixin.py:188} INFO - [2024-07-04T09:36:18.567+0000] {dag.py:3954} INFO - Setting next_dagrun for example_bash_operator to 2024-07-03 00:00:00+00:00, run_after=2024-07-04 00:00:00+00:00
[2024-07-04T09:36:19.533+0000] {processor.py:183} INFO - Processing /home/airflow/.local/lib/python3.12/site-packages/airflow/example_dags/example_bash_operator.py took 1.524 seconds
[2024-07-04T09:36:49.701+0000] {processor.py:161} INFO - Started process (PID=273) to work on /home/airflow/.local/lib/python3.12/site-packages/airflow/example_dags/example_bash_operator.py
[2024-07-04T09:36:49.702+0000] {processor.py:830} INFO - Processing file /home/airflow/.local/lib/python3.12/site-packages/airflow/example_dags/example_bash_operator.py for tasks to queue
[2024-07-04T09:36:49.704+0000] {logging_mixin.py:188} INFO - [2024-07-04T09:36:49.704+0000] {dagbag.py:545} INFO - Filling up the DagBag from /home/airflow/.local/lib/python3.12/site-packages/airflow/example_dags/example_bash_operator.py
[2024-07-04T09:36:49.715+0000] {processor.py:840} INFO - DAG(s) 'example_bash_operator' retrieved from /home/airflow/.local/lib/python3.12/site-packages/airflow/example_dags/example_bash_operator.py
[2024-07-04T09:36:49.745+0000] {logging_mixin.py:188} INFO - [2024-07-04T09:36:49.745+0000] {dag.py:3096} INFO - Sync 1 DAGs
[2024-07-04T09:36:49.771+0000] {logging_mixin.py:188} INFO - [2024-07-04T09:36:49.771+0000] {dag.py:3954} INFO - Setting next_dagrun for example_bash_operator to 2024-07-03 00:00:00+00:00, run_after=2024-07-04 00:00:00+00:00
[2024-07-04T09:36:49.798+0000] {processor.py:183} INFO - Processing /home/airflow/.local/lib/python3.12/site-packages/airflow/example_dags/example_bash_operator.py took 0.102 seconds
[2024-07-04T09:37:20.132+0000] {processor.py:161} INFO - Started process (PID=332) to work on /home/airflow/.local/lib/python3.12/site-packages/airflow/example_dags/example_bash_operator.py
[2024-07-04T09:37:20.133+0000] {processor.py:830} INFO - Processing file /home/airflow/.local/lib/python3.12/site-packages/airflow/example_dags/example_bash_operator.py for tasks to queue
[2024-07-04T09:37:20.135+0000] {logging_mixin.py:188} INFO - [2024-07-04T09:37:20.135+0000] {dagbag.py:545} INFO - Filling up the DagBag from /home/airflow/.local/lib/python3.12/site-packages/airflow/example_dags/example_bash_operator.py
[2024-07-04T09:37:20.146+0000] {processor.py:840} INFO - DAG(s) 'example_bash_operator' retrieved from /home/airflow/.local/lib/python3.12/site-packages/airflow/example_dags/example_bash_operator.py
[2024-07-04T09:37:20.173+0000] {logging_mixin.py:188} INFO - [2024-07-04T09:37:20.172+0000] {dag.py:3096} INFO - Sync 1 DAGs
[2024-07-04T09:37:20.193+0000] {logging_mixin.py:188} INFO - [2024-07-04T09:37:20.193+0000] {dag.py:3954} INFO - Setting next_dagrun for example_bash_operator to 2024-07-03 00:00:00+00:00, run_after=2024-07-04 00:00:00+00:00
[2024-07-04T09:37:20.215+0000] {processor.py:183} INFO - Processing /home/airflow/.local/lib/python3.12/site-packages/airflow/example_dags/example_bash_operator.py took 0.088 seconds
[2024-07-04T09:37:50.541+0000] {processor.py:161} INFO - Started process (PID=391) to work on /home/airflow/.local/lib/python3.12/site-packages/airflow/example_dags/example_bash_operator.py
[2024-07-04T09:37:50.542+0000] {processor.py:830} INFO - Processing file /home/airflow/.local/lib/python3.12/site-packages/airflow/example_dags/example_bash_operator.py for tasks to queue
[2024-07-04T09:37:50.544+0000] {logging_mixin.py:188} INFO - [2024-07-04T09:37:50.544+0000] {dagbag.py:545} INFO - Filling up the DagBag from /home/airflow/.local/lib/python3.12/site-packages/airflow/example_dags/example_bash_operator.py
[2024-07-04T09:37:50.558+0000] {processor.py:840} INFO - DAG(s) 'example_bash_operator' retrieved from /home/airflow/.local/lib/python3.12/site-packages/airflow/example_dags/example_bash_operator.py
[2024-07-04T09:37:50.589+0000] {logging_mixin.py:188} INFO - [2024-07-04T09:37:50.588+0000] {dag.py:3096} INFO - Sync 1 DAGs
[2024-07-04T09:37:50.610+0000] {logging_mixin.py:188} INFO - [2024-07-04T09:37:50.610+0000] {dag.py:3954} INFO - Setting next_dagrun for example_bash_operator to 2024-07-03 00:00:00+00:00, run_after=2024-07-04 00:00:00+00:00
[2024-07-04T09:37:50.633+0000] {processor.py:183} INFO - Processing /home/airflow/.local/lib/python3.12/site-packages/airflow/example_dags/example_bash_operator.py took 0.098 seconds
[2024-07-04T09:38:20.898+0000] {processor.py:161} INFO - Started process (PID=450) to work on /home/airflow/.local/lib/python3.12/site-packages/airflow/example_dags/example_bash_operator.py
[2024-07-04T09:38:20.900+0000] {processor.py:830} INFO - Processing file /home/airflow/.local/lib/python3.12/site-packages/airflow/example_dags/example_bash_operator.py for tasks to queue
[2024-07-04T09:38:20.902+0000] {logging_mixin.py:188} INFO - [2024-07-04T09:38:20.902+0000] {dagbag.py:545} INFO - Filling up the DagBag from /home/airflow/.local/lib/python3.12/site-packages/airflow/example_dags/example_bash_operator.py
[2024-07-04T09:38:20.918+0000] {processor.py:840} INFO - DAG(s) 'example_bash_operator' retrieved from /home/airflow/.local/lib/python3.12/site-packages/airflow/example_dags/example_bash_operator.py
[2024-07-04T09:38:20.947+0000] {logging_mixin.py:188} INFO - [2024-07-04T09:38:20.946+0000] {dag.py:3096} INFO - Sync 1 DAGs
[2024-07-04T09:38:20.969+0000] {logging_mixin.py:188} INFO - [2024-07-04T09:38:20.969+0000] {dag.py:3954} INFO - Setting next_dagrun for example_bash_operator to 2024-07-03 00:00:00+00:00, run_after=2024-07-04 00:00:00+00:00
[2024-07-04T09:38:20.992+0000] {processor.py:183} INFO - Processing /home/airflow/.local/lib/python3.12/site-packages/airflow/example_dags/example_bash_operator.py took 0.101 seconds
[2024-07-04T09:38:51.143+0000] {processor.py:161} INFO - Started process (PID=510) to work on /home/airflow/.local/lib/python3.12/site-packages/airflow/example_dags/example_bash_operator.py
[2024-07-04T09:38:51.144+0000] {processor.py:830} INFO - Processing file /home/airflow/.local/lib/python3.12/site-packages/airflow/example_dags/example_bash_operator.py for tasks to queue
[2024-07-04T09:38:51.145+0000] {logging_mixin.py:188} INFO - [2024-07-04T09:38:51.145+0000] {dagbag.py:545} INFO - Filling up the DagBag from /home/airflow/.local/lib/python3.12/site-packages/airflow/example_dags/example_bash_operator.py
[2024-07-04T09:38:51.155+0000] {processor.py:840} INFO - DAG(s) 'example_bash_operator' retrieved from /home/airflow/.local/lib/python3.12/site-packages/airflow/example_dags/example_bash_operator.py
[2024-07-04T09:38:51.180+0000] {logging_mixin.py:188} INFO - [2024-07-04T09:38:51.180+0000] {dag.py:3096} INFO - Sync 1 DAGs
[2024-07-04T09:38:51.200+0000] {logging_mixin.py:188} INFO - [2024-07-04T09:38:51.200+0000] {dag.py:3954} INFO - Setting next_dagrun for example_bash_operator to 2024-07-03 00:00:00+00:00, run_after=2024-07-04 00:00:00+00:00
[2024-07-04T09:38:51.218+0000] {processor.py:183} INFO - Processing /home/airflow/.local/lib/python3.12/site-packages/airflow/example_dags/example_bash_operator.py took 0.082 seconds
[2024-07-04T09:39:21.694+0000] {processor.py:161} INFO - Started process (PID=569) to work on /home/airflow/.local/lib/python3.12/site-packages/airflow/example_dags/example_bash_operator.py
[2024-07-04T09:39:21.695+0000] {processor.py:830} INFO - Processing file /home/airflow/.local/lib/python3.12/site-packages/airflow/example_dags/example_bash_operator.py for tasks to queue
[2024-07-04T09:39:21.697+0000] {logging_mixin.py:188} INFO - [2024-07-04T09:39:21.697+0000] {dagbag.py:545} INFO - Filling up the DagBag from /home/airflow/.local/lib/python3.12/site-packages/airflow/example_dags/example_bash_operator.py
[2024-07-04T09:39:21.711+0000] {processor.py:840} INFO - DAG(s) 'example_bash_operator' retrieved from /home/airflow/.local/lib/python3.12/site-packages/airflow/example_dags/example_bash_operator.py
[2024-07-04T09:39:21.742+0000] {logging_mixin.py:188} INFO - [2024-07-04T09:39:21.741+0000] {dag.py:3096} INFO - Sync 1 DAGs
[2024-07-04T09:39:21.763+0000] {logging_mixin.py:188} INFO - [2024-07-04T09:39:21.763+0000] {dag.py:3954} INFO - Setting next_dagrun for example_bash_operator to 2024-07-03 00:00:00+00:00, run_after=2024-07-04 00:00:00+00:00
[2024-07-04T09:39:21.787+0000] {processor.py:183} INFO - Processing /home/airflow/.local/lib/python3.12/site-packages/airflow/example_dags/example_bash_operator.py took 0.101 seconds
[2024-07-04T09:39:52.031+0000] {processor.py:161} INFO - Started process (PID=628) to work on /home/airflow/.local/lib/python3.12/site-packages/airflow/example_dags/example_bash_operator.py
[2024-07-04T09:39:52.032+0000] {processor.py:830} INFO - Processing file /home/airflow/.local/lib/python3.12/site-packages/airflow/example_dags/example_bash_operator.py for tasks to queue
[2024-07-04T09:39:52.034+0000] {logging_mixin.py:188} INFO - [2024-07-04T09:39:52.033+0000] {dagbag.py:545} INFO - Filling up the DagBag from /home/airflow/.local/lib/python3.12/site-packages/airflow/example_dags/example_bash_operator.py
[2024-07-04T09:39:52.044+0000] {processor.py:840} INFO - DAG(s) 'example_bash_operator' retrieved from /home/airflow/.local/lib/python3.12/site-packages/airflow/example_dags/example_bash_operator.py
[2024-07-04T09:39:52.069+0000] {logging_mixin.py:188} INFO - [2024-07-04T09:39:52.069+0000] {dag.py:3096} INFO - Sync 1 DAGs
[2024-07-04T09:39:52.089+0000] {logging_mixin.py:188} INFO - [2024-07-04T09:39:52.089+0000] {dag.py:3954} INFO - Setting next_dagrun for example_bash_operator to 2024-07-03 00:00:00+00:00, run_after=2024-07-04 00:00:00+00:00
[2024-07-04T09:39:52.110+0000] {processor.py:183} INFO - Processing /home/airflow/.local/lib/python3.12/site-packages/airflow/example_dags/example_bash_operator.py took 0.084 seconds
[2024-07-04T09:40:22.239+0000] {processor.py:161} INFO - Started process (PID=687) to work on /home/airflow/.local/lib/python3.12/site-packages/airflow/example_dags/example_bash_operator.py
[2024-07-04T09:40:22.241+0000] {processor.py:830} INFO - Processing file /home/airflow/.local/lib/python3.12/site-packages/airflow/example_dags/example_bash_operator.py for tasks to queue
[2024-07-04T09:40:22.244+0000] {logging_mixin.py:188} INFO - [2024-07-04T09:40:22.243+0000] {dagbag.py:545} INFO - Filling up the DagBag from /home/airflow/.local/lib/python3.12/site-packages/airflow/example_dags/example_bash_operator.py
[2024-07-04T09:40:22.283+0000] {processor.py:840} INFO - DAG(s) 'example_bash_operator' retrieved from /home/airflow/.local/lib/python3.12/site-packages/airflow/example_dags/example_bash_operator.py
[2024-07-04T09:40:22.360+0000] {logging_mixin.py:188} INFO - [2024-07-04T09:40:22.360+0000] {dag.py:3096} INFO - Sync 1 DAGs
[2024-07-04T09:40:22.410+0000] {logging_mixin.py:188} INFO - [2024-07-04T09:40:22.409+0000] {dag.py:3954} INFO - Setting next_dagrun for example_bash_operator to 2024-07-03 00:00:00+00:00, run_after=2024-07-04 00:00:00+00:00
[2024-07-04T09:40:22.448+0000] {processor.py:183} INFO - Processing /home/airflow/.local/lib/python3.12/site-packages/airflow/example_dags/example_bash_operator.py took 0.232 seconds
[2024-07-04T09:40:52.494+0000] {processor.py:161} INFO - Started process (PID=746) to work on /home/airflow/.local/lib/python3.12/site-packages/airflow/example_dags/example_bash_operator.py
[2024-07-04T09:40:52.495+0000] {processor.py:830} INFO - Processing file /home/airflow/.local/lib/python3.12/site-packages/airflow/example_dags/example_bash_operator.py for tasks to queue
[2024-07-04T09:40:52.497+0000] {logging_mixin.py:188} INFO - [2024-07-04T09:40:52.497+0000] {dagbag.py:545} INFO - Filling up the DagBag from /home/airflow/.local/lib/python3.12/site-packages/airflow/example_dags/example_bash_operator.py
[2024-07-04T09:40:52.509+0000] {processor.py:840} INFO - DAG(s) 'example_bash_operator' retrieved from /home/airflow/.local/lib/python3.12/site-packages/airflow/example_dags/example_bash_operator.py
[2024-07-04T09:40:52.540+0000] {logging_mixin.py:188} INFO - [2024-07-04T09:40:52.540+0000] {dag.py:3096} INFO - Sync 1 DAGs
[2024-07-04T09:40:52.560+0000] {logging_mixin.py:188} INFO - [2024-07-04T09:40:52.560+0000] {dag.py:3954} INFO - Setting next_dagrun for example_bash_operator to 2024-07-03 00:00:00+00:00, run_after=2024-07-04 00:00:00+00:00
[2024-07-04T09:40:52.582+0000] {processor.py:183} INFO - Processing /home/airflow/.local/lib/python3.12/site-packages/airflow/example_dags/example_bash_operator.py took 0.093 seconds
[2024-07-04T09:41:22.669+0000] {processor.py:161} INFO - Started process (PID=806) to work on /home/airflow/.local/lib/python3.12/site-packages/airflow/example_dags/example_bash_operator.py
[2024-07-04T09:41:22.670+0000] {processor.py:830} INFO - Processing file /home/airflow/.local/lib/python3.12/site-packages/airflow/example_dags/example_bash_operator.py for tasks to queue
[2024-07-04T09:41:22.672+0000] {logging_mixin.py:188} INFO - [2024-07-04T09:41:22.671+0000] {dagbag.py:545} INFO - Filling up the DagBag from /home/airflow/.local/lib/python3.12/site-packages/airflow/example_dags/example_bash_operator.py
[2024-07-04T09:41:22.682+0000] {processor.py:840} INFO - DAG(s) 'example_bash_operator' retrieved from /home/airflow/.local/lib/python3.12/site-packages/airflow/example_dags/example_bash_operator.py
[2024-07-04T09:41:22.712+0000] {logging_mixin.py:188} INFO - [2024-07-04T09:41:22.711+0000] {dag.py:3096} INFO - Sync 1 DAGs
[2024-07-04T09:41:22.734+0000] {logging_mixin.py:188} INFO - [2024-07-04T09:41:22.733+0000] {dag.py:3954} INFO - Setting next_dagrun for example_bash_operator to 2024-07-03 00:00:00+00:00, run_after=2024-07-04 00:00:00+00:00
[2024-07-04T09:41:22.755+0000] {processor.py:183} INFO - Processing /home/airflow/.local/lib/python3.12/site-packages/airflow/example_dags/example_bash_operator.py took 0.091 seconds
[2024-07-04T09:41:53.049+0000] {processor.py:161} INFO - Started process (PID=865) to work on /home/airflow/.local/lib/python3.12/site-packages/airflow/example_dags/example_bash_operator.py
[2024-07-04T09:41:53.050+0000] {processor.py:830} INFO - Processing file /home/airflow/.local/lib/python3.12/site-packages/airflow/example_dags/example_bash_operator.py for tasks to queue
[2024-07-04T09:41:53.052+0000] {logging_mixin.py:188} INFO - [2024-07-04T09:41:53.051+0000] {dagbag.py:545} INFO - Filling up the DagBag from /home/airflow/.local/lib/python3.12/site-packages/airflow/example_dags/example_bash_operator.py
[2024-07-04T09:41:53.062+0000] {processor.py:840} INFO - DAG(s) 'example_bash_operator' retrieved from /home/airflow/.local/lib/python3.12/site-packages/airflow/example_dags/example_bash_operator.py
[2024-07-04T09:41:53.089+0000] {logging_mixin.py:188} INFO - [2024-07-04T09:41:53.089+0000] {dag.py:3096} INFO - Sync 1 DAGs
[2024-07-04T09:41:53.110+0000] {logging_mixin.py:188} INFO - [2024-07-04T09:41:53.109+0000] {dag.py:3954} INFO - Setting next_dagrun for example_bash_operator to 2024-07-03 00:00:00+00:00, run_after=2024-07-04 00:00:00+00:00
[2024-07-04T09:41:53.129+0000] {processor.py:183} INFO - Processing /home/airflow/.local/lib/python3.12/site-packages/airflow/example_dags/example_bash_operator.py took 0.085 seconds
[2024-07-04T09:42:23.190+0000] {processor.py:161} INFO - Started process (PID=923) to work on /home/airflow/.local/lib/python3.12/site-packages/airflow/example_dags/example_bash_operator.py
[2024-07-04T09:42:23.193+0000] {processor.py:830} INFO - Processing file /home/airflow/.local/lib/python3.12/site-packages/airflow/example_dags/example_bash_operator.py for tasks to queue
[2024-07-04T09:42:23.197+0000] {logging_mixin.py:188} INFO - [2024-07-04T09:42:23.197+0000] {dagbag.py:545} INFO - Filling up the DagBag from /home/airflow/.local/lib/python3.12/site-packages/airflow/example_dags/example_bash_operator.py
[2024-07-04T09:42:23.219+0000] {processor.py:840} INFO - DAG(s) 'example_bash_operator' retrieved from /home/airflow/.local/lib/python3.12/site-packages/airflow/example_dags/example_bash_operator.py
[2024-07-04T09:42:23.261+0000] {logging_mixin.py:188} INFO - [2024-07-04T09:42:23.261+0000] {dag.py:3096} INFO - Sync 1 DAGs
[2024-07-04T09:42:23.292+0000] {logging_mixin.py:188} INFO - [2024-07-04T09:42:23.292+0000] {dag.py:3954} INFO - Setting next_dagrun for example_bash_operator to 2024-07-03 00:00:00+00:00, run_after=2024-07-04 00:00:00+00:00
[2024-07-04T09:42:23.317+0000] {processor.py:183} INFO - Processing /home/airflow/.local/lib/python3.12/site-packages/airflow/example_dags/example_bash_operator.py took 0.137 seconds
[2024-07-04T09:42:53.980+0000] {processor.py:161} INFO - Started process (PID=981) to work on /home/airflow/.local/lib/python3.12/site-packages/airflow/example_dags/example_bash_operator.py
[2024-07-04T09:42:53.981+0000] {processor.py:830} INFO - Processing file /home/airflow/.local/lib/python3.12/site-packages/airflow/example_dags/example_bash_operator.py for tasks to queue
[2024-07-04T09:42:53.983+0000] {logging_mixin.py:188} INFO - [2024-07-04T09:42:53.983+0000] {dagbag.py:545} INFO - Filling up the DagBag from /home/airflow/.local/lib/python3.12/site-packages/airflow/example_dags/example_bash_operator.py
[2024-07-04T09:42:53.996+0000] {processor.py:840} INFO - DAG(s) 'example_bash_operator' retrieved from /home/airflow/.local/lib/python3.12/site-packages/airflow/example_dags/example_bash_operator.py
[2024-07-04T09:42:54.028+0000] {logging_mixin.py:188} INFO - [2024-07-04T09:42:54.027+0000] {dag.py:3096} INFO - Sync 1 DAGs
[2024-07-04T09:42:54.056+0000] {logging_mixin.py:188} INFO - [2024-07-04T09:42:54.056+0000] {dag.py:3954} INFO - Setting next_dagrun for example_bash_operator to 2024-07-03 00:00:00+00:00, run_after=2024-07-04 00:00:00+00:00
[2024-07-04T09:42:54.079+0000] {processor.py:183} INFO - Processing /home/airflow/.local/lib/python3.12/site-packages/airflow/example_dags/example_bash_operator.py took 0.104 seconds
[2024-07-04T09:43:24.447+0000] {processor.py:161} INFO - Started process (PID=1041) to work on /home/airflow/.local/lib/python3.12/site-packages/airflow/example_dags/example_bash_operator.py
[2024-07-04T09:43:24.449+0000] {processor.py:830} INFO - Processing file /home/airflow/.local/lib/python3.12/site-packages/airflow/example_dags/example_bash_operator.py for tasks to queue
[2024-07-04T09:43:24.456+0000] {logging_mixin.py:188} INFO - [2024-07-04T09:43:24.456+0000] {dagbag.py:545} INFO - Filling up the DagBag from /home/airflow/.local/lib/python3.12/site-packages/airflow/example_dags/example_bash_operator.py
[2024-07-04T09:43:24.475+0000] {processor.py:840} INFO - DAG(s) 'example_bash_operator' retrieved from /home/airflow/.local/lib/python3.12/site-packages/airflow/example_dags/example_bash_operator.py
[2024-07-04T09:43:24.506+0000] {logging_mixin.py:188} INFO - [2024-07-04T09:43:24.505+0000] {dag.py:3096} INFO - Sync 1 DAGs
[2024-07-04T09:43:24.544+0000] {logging_mixin.py:188} INFO - [2024-07-04T09:43:24.544+0000] {dag.py:3954} INFO - Setting next_dagrun for example_bash_operator to 2024-07-03 00:00:00+00:00, run_after=2024-07-04 00:00:00+00:00
[2024-07-04T09:43:24.573+0000] {processor.py:183} INFO - Processing /home/airflow/.local/lib/python3.12/site-packages/airflow/example_dags/example_bash_operator.py took 0.130 seconds
[2024-07-04T09:43:54.629+0000] {processor.py:161} INFO - Started process (PID=1100) to work on /home/airflow/.local/lib/python3.12/site-packages/airflow/example_dags/example_bash_operator.py
[2024-07-04T09:43:54.631+0000] {processor.py:830} INFO - Processing file /home/airflow/.local/lib/python3.12/site-packages/airflow/example_dags/example_bash_operator.py for tasks to queue
[2024-07-04T09:43:54.634+0000] {logging_mixin.py:188} INFO - [2024-07-04T09:43:54.633+0000] {dagbag.py:545} INFO - Filling up the DagBag from /home/airflow/.local/lib/python3.12/site-packages/airflow/example_dags/example_bash_operator.py
[2024-07-04T09:43:54.657+0000] {processor.py:840} INFO - DAG(s) 'example_bash_operator' retrieved from /home/airflow/.local/lib/python3.12/site-packages/airflow/example_dags/example_bash_operator.py
[2024-07-04T09:43:54.694+0000] {logging_mixin.py:188} INFO - [2024-07-04T09:43:54.693+0000] {dag.py:3096} INFO - Sync 1 DAGs
[2024-07-04T09:43:54.718+0000] {logging_mixin.py:188} INFO - [2024-07-04T09:43:54.718+0000] {dag.py:3954} INFO - Setting next_dagrun for example_bash_operator to 2024-07-03 00:00:00+00:00, run_after=2024-07-04 00:00:00+00:00
[2024-07-04T09:43:54.737+0000] {processor.py:183} INFO - Processing /home/airflow/.local/lib/python3.12/site-packages/airflow/example_dags/example_bash_operator.py took 0.120 seconds
[2024-07-04T09:44:25.620+0000] {processor.py:161} INFO - Started process (PID=1159) to work on /home/airflow/.local/lib/python3.12/site-packages/airflow/example_dags/example_bash_operator.py
[2024-07-04T09:44:25.622+0000] {processor.py:830} INFO - Processing file /home/airflow/.local/lib/python3.12/site-packages/airflow/example_dags/example_bash_operator.py for tasks to queue
[2024-07-04T09:44:25.625+0000] {logging_mixin.py:188} INFO - [2024-07-04T09:44:25.624+0000] {dagbag.py:545} INFO - Filling up the DagBag from /home/airflow/.local/lib/python3.12/site-packages/airflow/example_dags/example_bash_operator.py
[2024-07-04T09:44:25.637+0000] {processor.py:840} INFO - DAG(s) 'example_bash_operator' retrieved from /home/airflow/.local/lib/python3.12/site-packages/airflow/example_dags/example_bash_operator.py
[2024-07-04T09:44:25.669+0000] {logging_mixin.py:188} INFO - [2024-07-04T09:44:25.668+0000] {dag.py:3096} INFO - Sync 1 DAGs
[2024-07-04T09:44:25.690+0000] {logging_mixin.py:188} INFO - [2024-07-04T09:44:25.690+0000] {dag.py:3954} INFO - Setting next_dagrun for example_bash_operator to 2024-07-03 00:00:00+00:00, run_after=2024-07-04 00:00:00+00:00
[2024-07-04T09:44:25.713+0000] {processor.py:183} INFO - Processing /home/airflow/.local/lib/python3.12/site-packages/airflow/example_dags/example_bash_operator.py took 0.100 seconds
[2024-07-04T09:44:55.926+0000] {processor.py:161} INFO - Started process (PID=1218) to work on /home/airflow/.local/lib/python3.12/site-packages/airflow/example_dags/example_bash_operator.py
[2024-07-04T09:44:55.927+0000] {processor.py:830} INFO - Processing file /home/airflow/.local/lib/python3.12/site-packages/airflow/example_dags/example_bash_operator.py for tasks to queue
[2024-07-04T09:44:55.930+0000] {logging_mixin.py:188} INFO - [2024-07-04T09:44:55.930+0000] {dagbag.py:545} INFO - Filling up the DagBag from /home/airflow/.local/lib/python3.12/site-packages/airflow/example_dags/example_bash_operator.py
[2024-07-04T09:44:55.944+0000] {processor.py:840} INFO - DAG(s) 'example_bash_operator' retrieved from /home/airflow/.local/lib/python3.12/site-packages/airflow/example_dags/example_bash_operator.py
[2024-07-04T09:44:55.992+0000] {logging_mixin.py:188} INFO - [2024-07-04T09:44:55.992+0000] {dag.py:3096} INFO - Sync 1 DAGs
[2024-07-04T09:44:56.034+0000] {logging_mixin.py:188} INFO - [2024-07-04T09:44:56.034+0000] {dag.py:3954} INFO - Setting next_dagrun for example_bash_operator to 2024-07-03 00:00:00+00:00, run_after=2024-07-04 00:00:00+00:00
[2024-07-04T09:44:56.064+0000] {processor.py:183} INFO - Processing /home/airflow/.local/lib/python3.12/site-packages/airflow/example_dags/example_bash_operator.py took 0.144 seconds
[2024-07-04T09:45:26.937+0000] {processor.py:161} INFO - Started process (PID=1277) to work on /home/airflow/.local/lib/python3.12/site-packages/airflow/example_dags/example_bash_operator.py
[2024-07-04T09:45:26.956+0000] {processor.py:830} INFO - Processing file /home/airflow/.local/lib/python3.12/site-packages/airflow/example_dags/example_bash_operator.py for tasks to queue
[2024-07-04T09:45:26.959+0000] {logging_mixin.py:188} INFO - [2024-07-04T09:45:26.959+0000] {dagbag.py:545} INFO - Filling up the DagBag from /home/airflow/.local/lib/python3.12/site-packages/airflow/example_dags/example_bash_operator.py
[2024-07-04T09:45:26.983+0000] {processor.py:840} INFO - DAG(s) 'example_bash_operator' retrieved from /home/airflow/.local/lib/python3.12/site-packages/airflow/example_dags/example_bash_operator.py
[2024-07-04T09:45:27.103+0000] {logging_mixin.py:188} INFO - [2024-07-04T09:45:27.103+0000] {dag.py:3096} INFO - Sync 1 DAGs
[2024-07-04T09:45:27.160+0000] {logging_mixin.py:188} INFO - [2024-07-04T09:45:27.160+0000] {dag.py:3954} INFO - Setting next_dagrun for example_bash_operator to 2024-07-03 00:00:00+00:00, run_after=2024-07-04 00:00:00+00:00
[2024-07-04T09:45:27.218+0000] {processor.py:183} INFO - Processing /home/airflow/.local/lib/python3.12/site-packages/airflow/example_dags/example_bash_operator.py took 0.316 seconds
[2024-07-04T09:45:57.263+0000] {processor.py:161} INFO - Started process (PID=1336) to work on /home/airflow/.local/lib/python3.12/site-packages/airflow/example_dags/example_bash_operator.py
[2024-07-04T09:45:57.264+0000] {processor.py:830} INFO - Processing file /home/airflow/.local/lib/python3.12/site-packages/airflow/example_dags/example_bash_operator.py for tasks to queue
[2024-07-04T09:45:57.266+0000] {logging_mixin.py:188} INFO - [2024-07-04T09:45:57.266+0000] {dagbag.py:545} INFO - Filling up the DagBag from /home/airflow/.local/lib/python3.12/site-packages/airflow/example_dags/example_bash_operator.py
[2024-07-04T09:45:57.276+0000] {processor.py:840} INFO - DAG(s) 'example_bash_operator' retrieved from /home/airflow/.local/lib/python3.12/site-packages/airflow/example_dags/example_bash_operator.py
[2024-07-04T09:45:57.304+0000] {logging_mixin.py:188} INFO - [2024-07-04T09:45:57.303+0000] {dag.py:3096} INFO - Sync 1 DAGs
[2024-07-04T09:45:57.326+0000] {logging_mixin.py:188} INFO - [2024-07-04T09:45:57.326+0000] {dag.py:3954} INFO - Setting next_dagrun for example_bash_operator to 2024-07-03 00:00:00+00:00, run_after=2024-07-04 00:00:00+00:00
[2024-07-04T09:45:57.347+0000] {processor.py:183} INFO - Processing /home/airflow/.local/lib/python3.12/site-packages/airflow/example_dags/example_bash_operator.py took 0.089 seconds
[2024-07-04T09:46:27.498+0000] {processor.py:161} INFO - Started process (PID=1395) to work on /home/airflow/.local/lib/python3.12/site-packages/airflow/example_dags/example_bash_operator.py
[2024-07-04T09:46:27.499+0000] {processor.py:830} INFO - Processing file /home/airflow/.local/lib/python3.12/site-packages/airflow/example_dags/example_bash_operator.py for tasks to queue
[2024-07-04T09:46:27.501+0000] {logging_mixin.py:188} INFO - [2024-07-04T09:46:27.500+0000] {dagbag.py:545} INFO - Filling up the DagBag from /home/airflow/.local/lib/python3.12/site-packages/airflow/example_dags/example_bash_operator.py
[2024-07-04T09:46:27.511+0000] {processor.py:840} INFO - DAG(s) 'example_bash_operator' retrieved from /home/airflow/.local/lib/python3.12/site-packages/airflow/example_dags/example_bash_operator.py
[2024-07-04T09:46:27.537+0000] {logging_mixin.py:188} INFO - [2024-07-04T09:46:27.537+0000] {dag.py:3096} INFO - Sync 1 DAGs
[2024-07-04T09:46:27.558+0000] {logging_mixin.py:188} INFO - [2024-07-04T09:46:27.558+0000] {dag.py:3954} INFO - Setting next_dagrun for example_bash_operator to 2024-07-03 00:00:00+00:00, run_after=2024-07-04 00:00:00+00:00
[2024-07-04T09:46:27.579+0000] {processor.py:183} INFO - Processing /home/airflow/.local/lib/python3.12/site-packages/airflow/example_dags/example_bash_operator.py took 0.087 seconds
[2024-07-04T09:46:58.346+0000] {processor.py:161} INFO - Started process (PID=1455) to work on /home/airflow/.local/lib/python3.12/site-packages/airflow/example_dags/example_bash_operator.py
[2024-07-04T09:46:58.348+0000] {processor.py:830} INFO - Processing file /home/airflow/.local/lib/python3.12/site-packages/airflow/example_dags/example_bash_operator.py for tasks to queue
[2024-07-04T09:46:58.350+0000] {logging_mixin.py:188} INFO - [2024-07-04T09:46:58.350+0000] {dagbag.py:545} INFO - Filling up the DagBag from /home/airflow/.local/lib/python3.12/site-packages/airflow/example_dags/example_bash_operator.py
[2024-07-04T09:46:58.361+0000] {processor.py:840} INFO - DAG(s) 'example_bash_operator' retrieved from /home/airflow/.local/lib/python3.12/site-packages/airflow/example_dags/example_bash_operator.py
[2024-07-04T09:46:58.387+0000] {logging_mixin.py:188} INFO - [2024-07-04T09:46:58.386+0000] {dag.py:3096} INFO - Sync 1 DAGs
[2024-07-04T09:46:58.408+0000] {logging_mixin.py:188} INFO - [2024-07-04T09:46:58.408+0000] {dag.py:3954} INFO - Setting next_dagrun for example_bash_operator to 2024-07-03 00:00:00+00:00, run_after=2024-07-04 00:00:00+00:00
[2024-07-04T09:46:58.428+0000] {processor.py:183} INFO - Processing /home/airflow/.local/lib/python3.12/site-packages/airflow/example_dags/example_bash_operator.py took 0.087 seconds
[2024-07-04T09:47:29.239+0000] {processor.py:161} INFO - Started process (PID=1515) to work on /home/airflow/.local/lib/python3.12/site-packages/airflow/example_dags/example_bash_operator.py
[2024-07-04T09:47:29.240+0000] {processor.py:830} INFO - Processing file /home/airflow/.local/lib/python3.12/site-packages/airflow/example_dags/example_bash_operator.py for tasks to queue
[2024-07-04T09:47:29.242+0000] {logging_mixin.py:188} INFO - [2024-07-04T09:47:29.242+0000] {dagbag.py:545} INFO - Filling up the DagBag from /home/airflow/.local/lib/python3.12/site-packages/airflow/example_dags/example_bash_operator.py
[2024-07-04T09:47:29.252+0000] {processor.py:840} INFO - DAG(s) 'example_bash_operator' retrieved from /home/airflow/.local/lib/python3.12/site-packages/airflow/example_dags/example_bash_operator.py
[2024-07-04T09:47:29.277+0000] {logging_mixin.py:188} INFO - [2024-07-04T09:47:29.277+0000] {dag.py:3096} INFO - Sync 1 DAGs
[2024-07-04T09:47:29.297+0000] {logging_mixin.py:188} INFO - [2024-07-04T09:47:29.296+0000] {dag.py:3954} INFO - Setting next_dagrun for example_bash_operator to 2024-07-03 00:00:00+00:00, run_after=2024-07-04 00:00:00+00:00
[2024-07-04T09:47:29.318+0000] {processor.py:183} INFO - Processing /home/airflow/.local/lib/python3.12/site-packages/airflow/example_dags/example_bash_operator.py took 0.084 seconds
[2024-07-04T09:47:59.920+0000] {processor.py:161} INFO - Started process (PID=1574) to work on /home/airflow/.local/lib/python3.12/site-packages/airflow/example_dags/example_bash_operator.py
[2024-07-04T09:47:59.921+0000] {processor.py:830} INFO - Processing file /home/airflow/.local/lib/python3.12/site-packages/airflow/example_dags/example_bash_operator.py for tasks to queue
[2024-07-04T09:47:59.929+0000] {logging_mixin.py:188} INFO - [2024-07-04T09:47:59.928+0000] {dagbag.py:545} INFO - Filling up the DagBag from /home/airflow/.local/lib/python3.12/site-packages/airflow/example_dags/example_bash_operator.py
[2024-07-04T09:47:59.940+0000] {processor.py:840} INFO - DAG(s) 'example_bash_operator' retrieved from /home/airflow/.local/lib/python3.12/site-packages/airflow/example_dags/example_bash_operator.py
[2024-07-04T09:47:59.973+0000] {logging_mixin.py:188} INFO - [2024-07-04T09:47:59.973+0000] {dag.py:3096} INFO - Sync 1 DAGs
[2024-07-04T09:47:59.993+0000] {logging_mixin.py:188} INFO - [2024-07-04T09:47:59.993+0000] {dag.py:3954} INFO - Setting next_dagrun for example_bash_operator to 2024-07-03 00:00:00+00:00, run_after=2024-07-04 00:00:00+00:00
[2024-07-04T09:48:00.015+0000] {processor.py:183} INFO - Processing /home/airflow/.local/lib/python3.12/site-packages/airflow/example_dags/example_bash_operator.py took 0.102 seconds
[2024-07-04T09:48:30.878+0000] {processor.py:161} INFO - Started process (PID=1634) to work on /home/airflow/.local/lib/python3.12/site-packages/airflow/example_dags/example_bash_operator.py
[2024-07-04T09:48:30.882+0000] {processor.py:830} INFO - Processing file /home/airflow/.local/lib/python3.12/site-packages/airflow/example_dags/example_bash_operator.py for tasks to queue
[2024-07-04T09:48:30.886+0000] {logging_mixin.py:188} INFO - [2024-07-04T09:48:30.885+0000] {dagbag.py:545} INFO - Filling up the DagBag from /home/airflow/.local/lib/python3.12/site-packages/airflow/example_dags/example_bash_operator.py
[2024-07-04T09:48:30.932+0000] {processor.py:840} INFO - DAG(s) 'example_bash_operator' retrieved from /home/airflow/.local/lib/python3.12/site-packages/airflow/example_dags/example_bash_operator.py
[2024-07-04T09:48:31.020+0000] {logging_mixin.py:188} INFO - [2024-07-04T09:48:31.019+0000] {dag.py:3096} INFO - Sync 1 DAGs
[2024-07-04T09:48:31.090+0000] {logging_mixin.py:188} INFO - [2024-07-04T09:48:31.090+0000] {dag.py:3954} INFO - Setting next_dagrun for example_bash_operator to 2024-07-03 00:00:00+00:00, run_after=2024-07-04 00:00:00+00:00
[2024-07-04T09:48:31.155+0000] {processor.py:183} INFO - Processing /home/airflow/.local/lib/python3.12/site-packages/airflow/example_dags/example_bash_operator.py took 0.291 seconds
[2024-07-04T09:49:03.894+0000] {processor.py:161} INFO - Started process (PID=1699) to work on /home/airflow/.local/lib/python3.12/site-packages/airflow/example_dags/example_bash_operator.py
[2024-07-04T09:49:03.911+0000] {processor.py:830} INFO - Processing file /home/airflow/.local/lib/python3.12/site-packages/airflow/example_dags/example_bash_operator.py for tasks to queue
[2024-07-04T09:49:03.920+0000] {logging_mixin.py:188} INFO - [2024-07-04T09:49:03.919+0000] {dagbag.py:545} INFO - Filling up the DagBag from /home/airflow/.local/lib/python3.12/site-packages/airflow/example_dags/example_bash_operator.py
[2024-07-04T09:49:03.979+0000] {processor.py:840} INFO - DAG(s) 'example_bash_operator' retrieved from /home/airflow/.local/lib/python3.12/site-packages/airflow/example_dags/example_bash_operator.py
[2024-07-04T09:49:04.027+0000] {logging_mixin.py:188} INFO - [2024-07-04T09:49:04.027+0000] {dag.py:3096} INFO - Sync 1 DAGs
[2024-07-04T09:49:04.085+0000] {logging_mixin.py:188} INFO - [2024-07-04T09:49:04.085+0000] {dag.py:3954} INFO - Setting next_dagrun for example_bash_operator to 2024-07-03 00:00:00+00:00, run_after=2024-07-04 00:00:00+00:00
[2024-07-04T09:49:04.150+0000] {processor.py:183} INFO - Processing /home/airflow/.local/lib/python3.12/site-packages/airflow/example_dags/example_bash_operator.py took 0.264 seconds
[2024-07-04T09:49:35.551+0000] {processor.py:161} INFO - Started process (PID=1759) to work on /home/airflow/.local/lib/python3.12/site-packages/airflow/example_dags/example_bash_operator.py
[2024-07-04T09:49:35.552+0000] {processor.py:830} INFO - Processing file /home/airflow/.local/lib/python3.12/site-packages/airflow/example_dags/example_bash_operator.py for tasks to queue
[2024-07-04T09:49:35.559+0000] {logging_mixin.py:188} INFO - [2024-07-04T09:49:35.559+0000] {dagbag.py:545} INFO - Filling up the DagBag from /home/airflow/.local/lib/python3.12/site-packages/airflow/example_dags/example_bash_operator.py
[2024-07-04T09:49:35.582+0000] {processor.py:840} INFO - DAG(s) 'example_bash_operator' retrieved from /home/airflow/.local/lib/python3.12/site-packages/airflow/example_dags/example_bash_operator.py
[2024-07-04T09:49:35.632+0000] {logging_mixin.py:188} INFO - [2024-07-04T09:49:35.632+0000] {dag.py:3096} INFO - Sync 1 DAGs
[2024-07-04T09:49:35.855+0000] {logging_mixin.py:188} INFO - [2024-07-04T09:49:35.855+0000] {dag.py:3954} INFO - Setting next_dagrun for example_bash_operator to 2024-07-03 00:00:00+00:00, run_after=2024-07-04 00:00:00+00:00
[2024-07-04T09:49:35.895+0000] {processor.py:183} INFO - Processing /home/airflow/.local/lib/python3.12/site-packages/airflow/example_dags/example_bash_operator.py took 0.349 seconds
[2024-07-04T09:50:06.499+0000] {processor.py:161} INFO - Started process (PID=1818) to work on /home/airflow/.local/lib/python3.12/site-packages/airflow/example_dags/example_bash_operator.py
[2024-07-04T09:50:06.501+0000] {processor.py:830} INFO - Processing file /home/airflow/.local/lib/python3.12/site-packages/airflow/example_dags/example_bash_operator.py for tasks to queue
[2024-07-04T09:50:06.503+0000] {logging_mixin.py:188} INFO - [2024-07-04T09:50:06.503+0000] {dagbag.py:545} INFO - Filling up the DagBag from /home/airflow/.local/lib/python3.12/site-packages/airflow/example_dags/example_bash_operator.py
[2024-07-04T09:50:06.538+0000] {processor.py:840} INFO - DAG(s) 'example_bash_operator' retrieved from /home/airflow/.local/lib/python3.12/site-packages/airflow/example_dags/example_bash_operator.py
[2024-07-04T09:50:06.596+0000] {logging_mixin.py:188} INFO - [2024-07-04T09:50:06.596+0000] {dag.py:3096} INFO - Sync 1 DAGs
[2024-07-04T09:50:06.632+0000] {logging_mixin.py:188} INFO - [2024-07-04T09:50:06.631+0000] {dag.py:3954} INFO - Setting next_dagrun for example_bash_operator to 2024-07-03 00:00:00+00:00, run_after=2024-07-04 00:00:00+00:00
[2024-07-04T09:50:06.804+0000] {processor.py:183} INFO - Processing /home/airflow/.local/lib/python3.12/site-packages/airflow/example_dags/example_bash_operator.py took 0.313 seconds
[2024-07-04T09:50:36.872+0000] {processor.py:161} INFO - Started process (PID=1878) to work on /home/airflow/.local/lib/python3.12/site-packages/airflow/example_dags/example_bash_operator.py
[2024-07-04T09:50:36.874+0000] {processor.py:830} INFO - Processing file /home/airflow/.local/lib/python3.12/site-packages/airflow/example_dags/example_bash_operator.py for tasks to queue
[2024-07-04T09:50:36.876+0000] {logging_mixin.py:188} INFO - [2024-07-04T09:50:36.875+0000] {dagbag.py:545} INFO - Filling up the DagBag from /home/airflow/.local/lib/python3.12/site-packages/airflow/example_dags/example_bash_operator.py
[2024-07-04T09:50:36.886+0000] {processor.py:840} INFO - DAG(s) 'example_bash_operator' retrieved from /home/airflow/.local/lib/python3.12/site-packages/airflow/example_dags/example_bash_operator.py
[2024-07-04T09:50:36.913+0000] {logging_mixin.py:188} INFO - [2024-07-04T09:50:36.913+0000] {dag.py:3096} INFO - Sync 1 DAGs
[2024-07-04T09:50:36.937+0000] {logging_mixin.py:188} INFO - [2024-07-04T09:50:36.936+0000] {dag.py:3954} INFO - Setting next_dagrun for example_bash_operator to 2024-07-03 00:00:00+00:00, run_after=2024-07-04 00:00:00+00:00
[2024-07-04T09:50:36.956+0000] {processor.py:183} INFO - Processing /home/airflow/.local/lib/python3.12/site-packages/airflow/example_dags/example_bash_operator.py took 0.090 seconds
[2024-07-04T09:51:07.153+0000] {processor.py:161} INFO - Started process (PID=1936) to work on /home/airflow/.local/lib/python3.12/site-packages/airflow/example_dags/example_bash_operator.py
[2024-07-04T09:51:07.155+0000] {processor.py:830} INFO - Processing file /home/airflow/.local/lib/python3.12/site-packages/airflow/example_dags/example_bash_operator.py for tasks to queue
[2024-07-04T09:51:07.158+0000] {logging_mixin.py:188} INFO - [2024-07-04T09:51:07.157+0000] {dagbag.py:545} INFO - Filling up the DagBag from /home/airflow/.local/lib/python3.12/site-packages/airflow/example_dags/example_bash_operator.py
[2024-07-04T09:51:07.189+0000] {processor.py:840} INFO - DAG(s) 'example_bash_operator' retrieved from /home/airflow/.local/lib/python3.12/site-packages/airflow/example_dags/example_bash_operator.py
[2024-07-04T09:51:07.228+0000] {logging_mixin.py:188} INFO - [2024-07-04T09:51:07.227+0000] {dag.py:3096} INFO - Sync 1 DAGs
[2024-07-04T09:51:07.256+0000] {logging_mixin.py:188} INFO - [2024-07-04T09:51:07.255+0000] {dag.py:3954} INFO - Setting next_dagrun for example_bash_operator to 2024-07-03 00:00:00+00:00, run_after=2024-07-04 00:00:00+00:00
[2024-07-04T09:51:07.274+0000] {processor.py:183} INFO - Processing /home/airflow/.local/lib/python3.12/site-packages/airflow/example_dags/example_bash_operator.py took 0.129 seconds
[2024-07-04T09:51:37.586+0000] {processor.py:161} INFO - Started process (PID=1995) to work on /home/airflow/.local/lib/python3.12/site-packages/airflow/example_dags/example_bash_operator.py
[2024-07-04T09:51:37.587+0000] {processor.py:830} INFO - Processing file /home/airflow/.local/lib/python3.12/site-packages/airflow/example_dags/example_bash_operator.py for tasks to queue
[2024-07-04T09:51:37.589+0000] {logging_mixin.py:188} INFO - [2024-07-04T09:51:37.589+0000] {dagbag.py:545} INFO - Filling up the DagBag from /home/airflow/.local/lib/python3.12/site-packages/airflow/example_dags/example_bash_operator.py
[2024-07-04T09:51:37.601+0000] {processor.py:840} INFO - DAG(s) 'example_bash_operator' retrieved from /home/airflow/.local/lib/python3.12/site-packages/airflow/example_dags/example_bash_operator.py
[2024-07-04T09:51:37.630+0000] {logging_mixin.py:188} INFO - [2024-07-04T09:51:37.629+0000] {dag.py:3096} INFO - Sync 1 DAGs
[2024-07-04T09:51:37.652+0000] {logging_mixin.py:188} INFO - [2024-07-04T09:51:37.652+0000] {dag.py:3954} INFO - Setting next_dagrun for example_bash_operator to 2024-07-03 00:00:00+00:00, run_after=2024-07-04 00:00:00+00:00
[2024-07-04T09:51:37.673+0000] {processor.py:183} INFO - Processing /home/airflow/.local/lib/python3.12/site-packages/airflow/example_dags/example_bash_operator.py took 0.093 seconds
[2024-07-04T09:52:07.946+0000] {processor.py:161} INFO - Started process (PID=2055) to work on /home/airflow/.local/lib/python3.12/site-packages/airflow/example_dags/example_bash_operator.py
[2024-07-04T09:52:07.948+0000] {processor.py:830} INFO - Processing file /home/airflow/.local/lib/python3.12/site-packages/airflow/example_dags/example_bash_operator.py for tasks to queue
[2024-07-04T09:52:07.950+0000] {logging_mixin.py:188} INFO - [2024-07-04T09:52:07.950+0000] {dagbag.py:545} INFO - Filling up the DagBag from /home/airflow/.local/lib/python3.12/site-packages/airflow/example_dags/example_bash_operator.py
[2024-07-04T09:52:07.962+0000] {processor.py:840} INFO - DAG(s) 'example_bash_operator' retrieved from /home/airflow/.local/lib/python3.12/site-packages/airflow/example_dags/example_bash_operator.py
[2024-07-04T09:52:08.004+0000] {logging_mixin.py:188} INFO - [2024-07-04T09:52:08.004+0000] {dag.py:3096} INFO - Sync 1 DAGs
[2024-07-04T09:52:08.036+0000] {logging_mixin.py:188} INFO - [2024-07-04T09:52:08.036+0000] {dag.py:3954} INFO - Setting next_dagrun for example_bash_operator to 2024-07-03 00:00:00+00:00, run_after=2024-07-04 00:00:00+00:00
[2024-07-04T09:52:08.064+0000] {processor.py:183} INFO - Processing /home/airflow/.local/lib/python3.12/site-packages/airflow/example_dags/example_bash_operator.py took 0.124 seconds
[2024-07-04T09:52:38.554+0000] {processor.py:161} INFO - Started process (PID=2112) to work on /home/airflow/.local/lib/python3.12/site-packages/airflow/example_dags/example_bash_operator.py
[2024-07-04T09:52:38.555+0000] {processor.py:830} INFO - Processing file /home/airflow/.local/lib/python3.12/site-packages/airflow/example_dags/example_bash_operator.py for tasks to queue
[2024-07-04T09:52:38.559+0000] {logging_mixin.py:188} INFO - [2024-07-04T09:52:38.558+0000] {dagbag.py:545} INFO - Filling up the DagBag from /home/airflow/.local/lib/python3.12/site-packages/airflow/example_dags/example_bash_operator.py
[2024-07-04T09:52:38.574+0000] {processor.py:840} INFO - DAG(s) 'example_bash_operator' retrieved from /home/airflow/.local/lib/python3.12/site-packages/airflow/example_dags/example_bash_operator.py
[2024-07-04T09:52:38.607+0000] {logging_mixin.py:188} INFO - [2024-07-04T09:52:38.607+0000] {dag.py:3096} INFO - Sync 1 DAGs
[2024-07-04T09:52:38.637+0000] {logging_mixin.py:188} INFO - [2024-07-04T09:52:38.637+0000] {dag.py:3954} INFO - Setting next_dagrun for example_bash_operator to 2024-07-03 00:00:00+00:00, run_after=2024-07-04 00:00:00+00:00
[2024-07-04T09:52:38.665+0000] {processor.py:183} INFO - Processing /home/airflow/.local/lib/python3.12/site-packages/airflow/example_dags/example_bash_operator.py took 0.118 seconds
[2024-07-04T09:53:09.224+0000] {processor.py:161} INFO - Started process (PID=2170) to work on /home/airflow/.local/lib/python3.12/site-packages/airflow/example_dags/example_bash_operator.py
[2024-07-04T09:53:09.225+0000] {processor.py:830} INFO - Processing file /home/airflow/.local/lib/python3.12/site-packages/airflow/example_dags/example_bash_operator.py for tasks to queue
[2024-07-04T09:53:09.228+0000] {logging_mixin.py:188} INFO - [2024-07-04T09:53:09.227+0000] {dagbag.py:545} INFO - Filling up the DagBag from /home/airflow/.local/lib/python3.12/site-packages/airflow/example_dags/example_bash_operator.py
[2024-07-04T09:53:09.240+0000] {processor.py:840} INFO - DAG(s) 'example_bash_operator' retrieved from /home/airflow/.local/lib/python3.12/site-packages/airflow/example_dags/example_bash_operator.py
[2024-07-04T09:53:09.269+0000] {logging_mixin.py:188} INFO - [2024-07-04T09:53:09.269+0000] {dag.py:3096} INFO - Sync 1 DAGs
[2024-07-04T09:53:09.293+0000] {logging_mixin.py:188} INFO - [2024-07-04T09:53:09.293+0000] {dag.py:3954} INFO - Setting next_dagrun for example_bash_operator to 2024-07-03 00:00:00+00:00, run_after=2024-07-04 00:00:00+00:00
[2024-07-04T09:53:09.324+0000] {processor.py:183} INFO - Processing /home/airflow/.local/lib/python3.12/site-packages/airflow/example_dags/example_bash_operator.py took 0.106 seconds
[2024-07-04T09:53:41.797+0000] {processor.py:161} INFO - Started process (PID=2229) to work on /home/airflow/.local/lib/python3.12/site-packages/airflow/example_dags/example_bash_operator.py
[2024-07-04T09:53:41.809+0000] {processor.py:830} INFO - Processing file /home/airflow/.local/lib/python3.12/site-packages/airflow/example_dags/example_bash_operator.py for tasks to queue
[2024-07-04T09:53:41.813+0000] {logging_mixin.py:188} INFO - [2024-07-04T09:53:41.812+0000] {dagbag.py:545} INFO - Filling up the DagBag from /home/airflow/.local/lib/python3.12/site-packages/airflow/example_dags/example_bash_operator.py
[2024-07-04T09:53:41.858+0000] {processor.py:840} INFO - DAG(s) 'example_bash_operator' retrieved from /home/airflow/.local/lib/python3.12/site-packages/airflow/example_dags/example_bash_operator.py
[2024-07-04T09:53:41.951+0000] {logging_mixin.py:188} INFO - [2024-07-04T09:53:41.950+0000] {dag.py:3096} INFO - Sync 1 DAGs
[2024-07-04T09:53:42.032+0000] {logging_mixin.py:188} INFO - [2024-07-04T09:53:42.032+0000] {dag.py:3954} INFO - Setting next_dagrun for example_bash_operator to 2024-07-03 00:00:00+00:00, run_after=2024-07-04 00:00:00+00:00
[2024-07-04T09:53:42.090+0000] {processor.py:183} INFO - Processing /home/airflow/.local/lib/python3.12/site-packages/airflow/example_dags/example_bash_operator.py took 0.306 seconds
[2024-07-04T09:54:15.318+0000] {processor.py:161} INFO - Started process (PID=2274) to work on /home/airflow/.local/lib/python3.12/site-packages/airflow/example_dags/example_bash_operator.py
[2024-07-04T09:54:15.342+0000] {processor.py:830} INFO - Processing file /home/airflow/.local/lib/python3.12/site-packages/airflow/example_dags/example_bash_operator.py for tasks to queue
[2024-07-04T09:54:15.347+0000] {logging_mixin.py:188} INFO - [2024-07-04T09:54:15.346+0000] {dagbag.py:545} INFO - Filling up the DagBag from /home/airflow/.local/lib/python3.12/site-packages/airflow/example_dags/example_bash_operator.py
[2024-07-04T09:54:15.394+0000] {processor.py:840} INFO - DAG(s) 'example_bash_operator' retrieved from /home/airflow/.local/lib/python3.12/site-packages/airflow/example_dags/example_bash_operator.py
[2024-07-04T09:54:15.510+0000] {logging_mixin.py:188} INFO - [2024-07-04T09:54:15.510+0000] {dag.py:3096} INFO - Sync 1 DAGs
[2024-07-04T09:54:15.657+0000] {logging_mixin.py:188} INFO - [2024-07-04T09:54:15.656+0000] {dag.py:3954} INFO - Setting next_dagrun for example_bash_operator to 2024-07-03 00:00:00+00:00, run_after=2024-07-04 00:00:00+00:00
[2024-07-04T09:54:15.725+0000] {processor.py:183} INFO - Processing /home/airflow/.local/lib/python3.12/site-packages/airflow/example_dags/example_bash_operator.py took 0.415 seconds
[2024-07-04T09:54:45.849+0000] {processor.py:161} INFO - Started process (PID=2332) to work on /home/airflow/.local/lib/python3.12/site-packages/airflow/example_dags/example_bash_operator.py
[2024-07-04T09:54:45.850+0000] {processor.py:830} INFO - Processing file /home/airflow/.local/lib/python3.12/site-packages/airflow/example_dags/example_bash_operator.py for tasks to queue
[2024-07-04T09:54:45.852+0000] {logging_mixin.py:188} INFO - [2024-07-04T09:54:45.851+0000] {dagbag.py:545} INFO - Filling up the DagBag from /home/airflow/.local/lib/python3.12/site-packages/airflow/example_dags/example_bash_operator.py
[2024-07-04T09:54:45.863+0000] {processor.py:840} INFO - DAG(s) 'example_bash_operator' retrieved from /home/airflow/.local/lib/python3.12/site-packages/airflow/example_dags/example_bash_operator.py
[2024-07-04T09:54:45.889+0000] {logging_mixin.py:188} INFO - [2024-07-04T09:54:45.889+0000] {dag.py:3096} INFO - Sync 1 DAGs
[2024-07-04T09:54:45.914+0000] {logging_mixin.py:188} INFO - [2024-07-04T09:54:45.913+0000] {dag.py:3954} INFO - Setting next_dagrun for example_bash_operator to 2024-07-03 00:00:00+00:00, run_after=2024-07-04 00:00:00+00:00
[2024-07-04T09:54:45.932+0000] {processor.py:183} INFO - Processing /home/airflow/.local/lib/python3.12/site-packages/airflow/example_dags/example_bash_operator.py took 0.089 seconds
[2024-07-04T09:55:16.655+0000] {processor.py:161} INFO - Started process (PID=2391) to work on /home/airflow/.local/lib/python3.12/site-packages/airflow/example_dags/example_bash_operator.py
[2024-07-04T09:55:16.657+0000] {processor.py:830} INFO - Processing file /home/airflow/.local/lib/python3.12/site-packages/airflow/example_dags/example_bash_operator.py for tasks to queue
[2024-07-04T09:55:16.660+0000] {logging_mixin.py:188} INFO - [2024-07-04T09:55:16.660+0000] {dagbag.py:545} INFO - Filling up the DagBag from /home/airflow/.local/lib/python3.12/site-packages/airflow/example_dags/example_bash_operator.py
[2024-07-04T09:55:16.678+0000] {processor.py:840} INFO - DAG(s) 'example_bash_operator' retrieved from /home/airflow/.local/lib/python3.12/site-packages/airflow/example_dags/example_bash_operator.py
[2024-07-04T09:55:16.715+0000] {logging_mixin.py:188} INFO - [2024-07-04T09:55:16.715+0000] {dag.py:3096} INFO - Sync 1 DAGs
[2024-07-04T09:55:16.746+0000] {logging_mixin.py:188} INFO - [2024-07-04T09:55:16.746+0000] {dag.py:3954} INFO - Setting next_dagrun for example_bash_operator to 2024-07-03 00:00:00+00:00, run_after=2024-07-04 00:00:00+00:00
[2024-07-04T09:55:16.783+0000] {processor.py:183} INFO - Processing /home/airflow/.local/lib/python3.12/site-packages/airflow/example_dags/example_bash_operator.py took 0.136 seconds
[2024-07-04T09:55:47.753+0000] {processor.py:161} INFO - Started process (PID=2450) to work on /home/airflow/.local/lib/python3.12/site-packages/airflow/example_dags/example_bash_operator.py
[2024-07-04T09:55:47.755+0000] {processor.py:830} INFO - Processing file /home/airflow/.local/lib/python3.12/site-packages/airflow/example_dags/example_bash_operator.py for tasks to queue
[2024-07-04T09:55:47.758+0000] {logging_mixin.py:188} INFO - [2024-07-04T09:55:47.757+0000] {dagbag.py:545} INFO - Filling up the DagBag from /home/airflow/.local/lib/python3.12/site-packages/airflow/example_dags/example_bash_operator.py
[2024-07-04T09:55:47.775+0000] {processor.py:840} INFO - DAG(s) 'example_bash_operator' retrieved from /home/airflow/.local/lib/python3.12/site-packages/airflow/example_dags/example_bash_operator.py
[2024-07-04T09:55:47.814+0000] {logging_mixin.py:188} INFO - [2024-07-04T09:55:47.813+0000] {dag.py:3096} INFO - Sync 1 DAGs
[2024-07-04T09:55:47.857+0000] {logging_mixin.py:188} INFO - [2024-07-04T09:55:47.857+0000] {dag.py:3954} INFO - Setting next_dagrun for example_bash_operator to 2024-07-03 00:00:00+00:00, run_after=2024-07-04 00:00:00+00:00
[2024-07-04T09:55:47.899+0000] {processor.py:183} INFO - Processing /home/airflow/.local/lib/python3.12/site-packages/airflow/example_dags/example_bash_operator.py took 0.154 seconds
[2024-07-04T09:56:19.265+0000] {processor.py:161} INFO - Started process (PID=2509) to work on /home/airflow/.local/lib/python3.12/site-packages/airflow/example_dags/example_bash_operator.py
[2024-07-04T09:56:19.267+0000] {processor.py:830} INFO - Processing file /home/airflow/.local/lib/python3.12/site-packages/airflow/example_dags/example_bash_operator.py for tasks to queue
[2024-07-04T09:56:19.297+0000] {logging_mixin.py:188} INFO - [2024-07-04T09:56:19.296+0000] {dagbag.py:545} INFO - Filling up the DagBag from /home/airflow/.local/lib/python3.12/site-packages/airflow/example_dags/example_bash_operator.py
[2024-07-04T09:56:19.353+0000] {processor.py:840} INFO - DAG(s) 'example_bash_operator' retrieved from /home/airflow/.local/lib/python3.12/site-packages/airflow/example_dags/example_bash_operator.py
[2024-07-04T09:56:19.537+0000] {logging_mixin.py:188} INFO - [2024-07-04T09:56:19.519+0000] {dag.py:3096} INFO - Sync 1 DAGs
[2024-07-04T09:56:19.667+0000] {logging_mixin.py:188} INFO - [2024-07-04T09:56:19.667+0000] {dag.py:3954} INFO - Setting next_dagrun for example_bash_operator to 2024-07-03 00:00:00+00:00, run_after=2024-07-04 00:00:00+00:00
[2024-07-04T09:56:19.731+0000] {processor.py:183} INFO - Processing /home/airflow/.local/lib/python3.12/site-packages/airflow/example_dags/example_bash_operator.py took 0.494 seconds
[2024-07-04T09:56:49.843+0000] {processor.py:161} INFO - Started process (PID=2568) to work on /home/airflow/.local/lib/python3.12/site-packages/airflow/example_dags/example_bash_operator.py
[2024-07-04T09:56:49.845+0000] {processor.py:830} INFO - Processing file /home/airflow/.local/lib/python3.12/site-packages/airflow/example_dags/example_bash_operator.py for tasks to queue
[2024-07-04T09:56:49.849+0000] {logging_mixin.py:188} INFO - [2024-07-04T09:56:49.848+0000] {dagbag.py:545} INFO - Filling up the DagBag from /home/airflow/.local/lib/python3.12/site-packages/airflow/example_dags/example_bash_operator.py
[2024-07-04T09:56:49.862+0000] {processor.py:840} INFO - DAG(s) 'example_bash_operator' retrieved from /home/airflow/.local/lib/python3.12/site-packages/airflow/example_dags/example_bash_operator.py
[2024-07-04T09:56:49.896+0000] {logging_mixin.py:188} INFO - [2024-07-04T09:56:49.896+0000] {dag.py:3096} INFO - Sync 1 DAGs
[2024-07-04T09:56:49.930+0000] {logging_mixin.py:188} INFO - [2024-07-04T09:56:49.930+0000] {dag.py:3954} INFO - Setting next_dagrun for example_bash_operator to 2024-07-03 00:00:00+00:00, run_after=2024-07-04 00:00:00+00:00
[2024-07-04T09:56:49.952+0000] {processor.py:183} INFO - Processing /home/airflow/.local/lib/python3.12/site-packages/airflow/example_dags/example_bash_operator.py took 0.116 seconds
[2024-07-04T09:57:20.429+0000] {processor.py:161} INFO - Started process (PID=2627) to work on /home/airflow/.local/lib/python3.12/site-packages/airflow/example_dags/example_bash_operator.py
[2024-07-04T09:57:20.436+0000] {processor.py:830} INFO - Processing file /home/airflow/.local/lib/python3.12/site-packages/airflow/example_dags/example_bash_operator.py for tasks to queue
[2024-07-04T09:57:20.438+0000] {logging_mixin.py:188} INFO - [2024-07-04T09:57:20.438+0000] {dagbag.py:545} INFO - Filling up the DagBag from /home/airflow/.local/lib/python3.12/site-packages/airflow/example_dags/example_bash_operator.py
[2024-07-04T09:57:20.469+0000] {processor.py:840} INFO - DAG(s) 'example_bash_operator' retrieved from /home/airflow/.local/lib/python3.12/site-packages/airflow/example_dags/example_bash_operator.py
[2024-07-04T09:57:20.551+0000] {logging_mixin.py:188} INFO - [2024-07-04T09:57:20.551+0000] {dag.py:3096} INFO - Sync 1 DAGs
[2024-07-04T09:57:20.630+0000] {logging_mixin.py:188} INFO - [2024-07-04T09:57:20.630+0000] {dag.py:3954} INFO - Setting next_dagrun for example_bash_operator to 2024-07-03 00:00:00+00:00, run_after=2024-07-04 00:00:00+00:00
[2024-07-04T09:57:20.667+0000] {processor.py:183} INFO - Processing /home/airflow/.local/lib/python3.12/site-packages/airflow/example_dags/example_bash_operator.py took 0.256 seconds
[2024-07-04T09:57:51.333+0000] {processor.py:161} INFO - Started process (PID=2687) to work on /home/airflow/.local/lib/python3.12/site-packages/airflow/example_dags/example_bash_operator.py
[2024-07-04T09:57:51.334+0000] {processor.py:830} INFO - Processing file /home/airflow/.local/lib/python3.12/site-packages/airflow/example_dags/example_bash_operator.py for tasks to queue
[2024-07-04T09:57:51.337+0000] {logging_mixin.py:188} INFO - [2024-07-04T09:57:51.337+0000] {dagbag.py:545} INFO - Filling up the DagBag from /home/airflow/.local/lib/python3.12/site-packages/airflow/example_dags/example_bash_operator.py
[2024-07-04T09:57:51.369+0000] {processor.py:840} INFO - DAG(s) 'example_bash_operator' retrieved from /home/airflow/.local/lib/python3.12/site-packages/airflow/example_dags/example_bash_operator.py
[2024-07-04T09:57:51.409+0000] {logging_mixin.py:188} INFO - [2024-07-04T09:57:51.409+0000] {dag.py:3096} INFO - Sync 1 DAGs
[2024-07-04T09:57:51.447+0000] {logging_mixin.py:188} INFO - [2024-07-04T09:57:51.446+0000] {dag.py:3954} INFO - Setting next_dagrun for example_bash_operator to 2024-07-03 00:00:00+00:00, run_after=2024-07-04 00:00:00+00:00
[2024-07-04T09:57:51.491+0000] {processor.py:183} INFO - Processing /home/airflow/.local/lib/python3.12/site-packages/airflow/example_dags/example_bash_operator.py took 0.163 seconds
[2024-07-04T09:58:22.028+0000] {processor.py:161} INFO - Started process (PID=2746) to work on /home/airflow/.local/lib/python3.12/site-packages/airflow/example_dags/example_bash_operator.py
[2024-07-04T09:58:22.030+0000] {processor.py:830} INFO - Processing file /home/airflow/.local/lib/python3.12/site-packages/airflow/example_dags/example_bash_operator.py for tasks to queue
[2024-07-04T09:58:22.032+0000] {logging_mixin.py:188} INFO - [2024-07-04T09:58:22.032+0000] {dagbag.py:545} INFO - Filling up the DagBag from /home/airflow/.local/lib/python3.12/site-packages/airflow/example_dags/example_bash_operator.py
[2024-07-04T09:58:22.045+0000] {processor.py:840} INFO - DAG(s) 'example_bash_operator' retrieved from /home/airflow/.local/lib/python3.12/site-packages/airflow/example_dags/example_bash_operator.py
[2024-07-04T09:58:22.077+0000] {logging_mixin.py:188} INFO - [2024-07-04T09:58:22.077+0000] {dag.py:3096} INFO - Sync 1 DAGs
[2024-07-04T09:58:22.107+0000] {logging_mixin.py:188} INFO - [2024-07-04T09:58:22.107+0000] {dag.py:3954} INFO - Setting next_dagrun for example_bash_operator to 2024-07-03 00:00:00+00:00, run_after=2024-07-04 00:00:00+00:00
[2024-07-04T09:58:22.133+0000] {processor.py:183} INFO - Processing /home/airflow/.local/lib/python3.12/site-packages/airflow/example_dags/example_bash_operator.py took 0.111 seconds
[2024-07-04T09:58:52.204+0000] {processor.py:161} INFO - Started process (PID=2805) to work on /home/airflow/.local/lib/python3.12/site-packages/airflow/example_dags/example_bash_operator.py
[2024-07-04T09:58:52.205+0000] {processor.py:830} INFO - Processing file /home/airflow/.local/lib/python3.12/site-packages/airflow/example_dags/example_bash_operator.py for tasks to queue
[2024-07-04T09:58:52.207+0000] {logging_mixin.py:188} INFO - [2024-07-04T09:58:52.207+0000] {dagbag.py:545} INFO - Filling up the DagBag from /home/airflow/.local/lib/python3.12/site-packages/airflow/example_dags/example_bash_operator.py
[2024-07-04T09:58:52.217+0000] {processor.py:840} INFO - DAG(s) 'example_bash_operator' retrieved from /home/airflow/.local/lib/python3.12/site-packages/airflow/example_dags/example_bash_operator.py
[2024-07-04T09:58:52.244+0000] {logging_mixin.py:188} INFO - [2024-07-04T09:58:52.244+0000] {dag.py:3096} INFO - Sync 1 DAGs
[2024-07-04T09:58:52.265+0000] {logging_mixin.py:188} INFO - [2024-07-04T09:58:52.265+0000] {dag.py:3954} INFO - Setting next_dagrun for example_bash_operator to 2024-07-03 00:00:00+00:00, run_after=2024-07-04 00:00:00+00:00
[2024-07-04T09:58:52.285+0000] {processor.py:183} INFO - Processing /home/airflow/.local/lib/python3.12/site-packages/airflow/example_dags/example_bash_operator.py took 0.087 seconds
[2024-07-04T09:59:22.462+0000] {processor.py:161} INFO - Started process (PID=2864) to work on /home/airflow/.local/lib/python3.12/site-packages/airflow/example_dags/example_bash_operator.py
[2024-07-04T09:59:22.463+0000] {processor.py:830} INFO - Processing file /home/airflow/.local/lib/python3.12/site-packages/airflow/example_dags/example_bash_operator.py for tasks to queue
[2024-07-04T09:59:22.466+0000] {logging_mixin.py:188} INFO - [2024-07-04T09:59:22.466+0000] {dagbag.py:545} INFO - Filling up the DagBag from /home/airflow/.local/lib/python3.12/site-packages/airflow/example_dags/example_bash_operator.py
[2024-07-04T09:59:22.484+0000] {processor.py:840} INFO - DAG(s) 'example_bash_operator' retrieved from /home/airflow/.local/lib/python3.12/site-packages/airflow/example_dags/example_bash_operator.py
[2024-07-04T09:59:22.522+0000] {logging_mixin.py:188} INFO - [2024-07-04T09:59:22.521+0000] {dag.py:3096} INFO - Sync 1 DAGs
[2024-07-04T09:59:22.548+0000] {logging_mixin.py:188} INFO - [2024-07-04T09:59:22.547+0000] {dag.py:3954} INFO - Setting next_dagrun for example_bash_operator to 2024-07-03 00:00:00+00:00, run_after=2024-07-04 00:00:00+00:00
[2024-07-04T09:59:22.568+0000] {processor.py:183} INFO - Processing /home/airflow/.local/lib/python3.12/site-packages/airflow/example_dags/example_bash_operator.py took 0.114 seconds
[2024-07-04T09:59:52.786+0000] {processor.py:161} INFO - Started process (PID=2923) to work on /home/airflow/.local/lib/python3.12/site-packages/airflow/example_dags/example_bash_operator.py
[2024-07-04T09:59:52.787+0000] {processor.py:830} INFO - Processing file /home/airflow/.local/lib/python3.12/site-packages/airflow/example_dags/example_bash_operator.py for tasks to queue
[2024-07-04T09:59:52.790+0000] {logging_mixin.py:188} INFO - [2024-07-04T09:59:52.789+0000] {dagbag.py:545} INFO - Filling up the DagBag from /home/airflow/.local/lib/python3.12/site-packages/airflow/example_dags/example_bash_operator.py
[2024-07-04T09:59:52.801+0000] {processor.py:840} INFO - DAG(s) 'example_bash_operator' retrieved from /home/airflow/.local/lib/python3.12/site-packages/airflow/example_dags/example_bash_operator.py
[2024-07-04T09:59:52.832+0000] {logging_mixin.py:188} INFO - [2024-07-04T09:59:52.832+0000] {dag.py:3096} INFO - Sync 1 DAGs
[2024-07-04T09:59:52.854+0000] {logging_mixin.py:188} INFO - [2024-07-04T09:59:52.854+0000] {dag.py:3954} INFO - Setting next_dagrun for example_bash_operator to 2024-07-03 00:00:00+00:00, run_after=2024-07-04 00:00:00+00:00
[2024-07-04T09:59:52.871+0000] {processor.py:183} INFO - Processing /home/airflow/.local/lib/python3.12/site-packages/airflow/example_dags/example_bash_operator.py took 0.091 seconds
[2024-07-04T10:00:23.150+0000] {processor.py:161} INFO - Started process (PID=2983) to work on /home/airflow/.local/lib/python3.12/site-packages/airflow/example_dags/example_bash_operator.py
[2024-07-04T10:00:23.151+0000] {processor.py:830} INFO - Processing file /home/airflow/.local/lib/python3.12/site-packages/airflow/example_dags/example_bash_operator.py for tasks to queue
[2024-07-04T10:00:23.154+0000] {logging_mixin.py:188} INFO - [2024-07-04T10:00:23.154+0000] {dagbag.py:545} INFO - Filling up the DagBag from /home/airflow/.local/lib/python3.12/site-packages/airflow/example_dags/example_bash_operator.py
[2024-07-04T10:00:23.176+0000] {processor.py:840} INFO - DAG(s) 'example_bash_operator' retrieved from /home/airflow/.local/lib/python3.12/site-packages/airflow/example_dags/example_bash_operator.py
[2024-07-04T10:00:23.226+0000] {logging_mixin.py:188} INFO - [2024-07-04T10:00:23.225+0000] {dag.py:3096} INFO - Sync 1 DAGs
[2024-07-04T10:00:23.282+0000] {logging_mixin.py:188} INFO - [2024-07-04T10:00:23.281+0000] {dag.py:3954} INFO - Setting next_dagrun for example_bash_operator to 2024-07-03 00:00:00+00:00, run_after=2024-07-04 00:00:00+00:00
[2024-07-04T10:00:23.321+0000] {processor.py:183} INFO - Processing /home/airflow/.local/lib/python3.12/site-packages/airflow/example_dags/example_bash_operator.py took 0.179 seconds
[2024-07-04T10:00:54.387+0000] {processor.py:161} INFO - Started process (PID=3044) to work on /home/airflow/.local/lib/python3.12/site-packages/airflow/example_dags/example_bash_operator.py
[2024-07-04T10:00:54.391+0000] {processor.py:830} INFO - Processing file /home/airflow/.local/lib/python3.12/site-packages/airflow/example_dags/example_bash_operator.py for tasks to queue
[2024-07-04T10:00:54.396+0000] {logging_mixin.py:188} INFO - [2024-07-04T10:00:54.395+0000] {dagbag.py:545} INFO - Filling up the DagBag from /home/airflow/.local/lib/python3.12/site-packages/airflow/example_dags/example_bash_operator.py
[2024-07-04T10:00:54.428+0000] {processor.py:840} INFO - DAG(s) 'example_bash_operator' retrieved from /home/airflow/.local/lib/python3.12/site-packages/airflow/example_dags/example_bash_operator.py
[2024-07-04T10:00:54.563+0000] {logging_mixin.py:188} INFO - [2024-07-04T10:00:54.563+0000] {dag.py:3096} INFO - Sync 1 DAGs
[2024-07-04T10:00:54.638+0000] {logging_mixin.py:188} INFO - [2024-07-04T10:00:54.638+0000] {dag.py:3954} INFO - Setting next_dagrun for example_bash_operator to 2024-07-03 00:00:00+00:00, run_after=2024-07-04 00:00:00+00:00
[2024-07-04T10:00:54.672+0000] {processor.py:183} INFO - Processing /home/airflow/.local/lib/python3.12/site-packages/airflow/example_dags/example_bash_operator.py took 0.294 seconds
[2024-07-04T10:01:24.990+0000] {processor.py:161} INFO - Started process (PID=3103) to work on /home/airflow/.local/lib/python3.12/site-packages/airflow/example_dags/example_bash_operator.py
[2024-07-04T10:01:25.004+0000] {processor.py:830} INFO - Processing file /home/airflow/.local/lib/python3.12/site-packages/airflow/example_dags/example_bash_operator.py for tasks to queue
[2024-07-04T10:01:25.007+0000] {logging_mixin.py:188} INFO - [2024-07-04T10:01:25.006+0000] {dagbag.py:545} INFO - Filling up the DagBag from /home/airflow/.local/lib/python3.12/site-packages/airflow/example_dags/example_bash_operator.py
[2024-07-04T10:01:25.025+0000] {processor.py:840} INFO - DAG(s) 'example_bash_operator' retrieved from /home/airflow/.local/lib/python3.12/site-packages/airflow/example_dags/example_bash_operator.py
[2024-07-04T10:01:25.076+0000] {logging_mixin.py:188} INFO - [2024-07-04T10:01:25.076+0000] {dag.py:3096} INFO - Sync 1 DAGs
[2024-07-04T10:01:25.118+0000] {logging_mixin.py:188} INFO - [2024-07-04T10:01:25.117+0000] {dag.py:3954} INFO - Setting next_dagrun for example_bash_operator to 2024-07-03 00:00:00+00:00, run_after=2024-07-04 00:00:00+00:00
[2024-07-04T10:01:25.164+0000] {processor.py:183} INFO - Processing /home/airflow/.local/lib/python3.12/site-packages/airflow/example_dags/example_bash_operator.py took 0.187 seconds
[2024-07-04T10:01:55.869+0000] {processor.py:161} INFO - Started process (PID=3163) to work on /home/airflow/.local/lib/python3.12/site-packages/airflow/example_dags/example_bash_operator.py
[2024-07-04T10:01:55.871+0000] {processor.py:830} INFO - Processing file /home/airflow/.local/lib/python3.12/site-packages/airflow/example_dags/example_bash_operator.py for tasks to queue
[2024-07-04T10:01:55.875+0000] {logging_mixin.py:188} INFO - [2024-07-04T10:01:55.875+0000] {dagbag.py:545} INFO - Filling up the DagBag from /home/airflow/.local/lib/python3.12/site-packages/airflow/example_dags/example_bash_operator.py
[2024-07-04T10:01:55.897+0000] {processor.py:840} INFO - DAG(s) 'example_bash_operator' retrieved from /home/airflow/.local/lib/python3.12/site-packages/airflow/example_dags/example_bash_operator.py
[2024-07-04T10:01:55.999+0000] {logging_mixin.py:188} INFO - [2024-07-04T10:01:55.999+0000] {dag.py:3096} INFO - Sync 1 DAGs
[2024-07-04T10:01:56.075+0000] {logging_mixin.py:188} INFO - [2024-07-04T10:01:56.075+0000] {dag.py:3954} INFO - Setting next_dagrun for example_bash_operator to 2024-07-03 00:00:00+00:00, run_after=2024-07-04 00:00:00+00:00
[2024-07-04T10:01:56.138+0000] {processor.py:183} INFO - Processing /home/airflow/.local/lib/python3.12/site-packages/airflow/example_dags/example_bash_operator.py took 0.275 seconds
[2024-07-04T10:02:26.216+0000] {processor.py:161} INFO - Started process (PID=3222) to work on /home/airflow/.local/lib/python3.12/site-packages/airflow/example_dags/example_bash_operator.py
[2024-07-04T10:02:26.217+0000] {processor.py:830} INFO - Processing file /home/airflow/.local/lib/python3.12/site-packages/airflow/example_dags/example_bash_operator.py for tasks to queue
[2024-07-04T10:02:26.219+0000] {logging_mixin.py:188} INFO - [2024-07-04T10:02:26.219+0000] {dagbag.py:545} INFO - Filling up the DagBag from /home/airflow/.local/lib/python3.12/site-packages/airflow/example_dags/example_bash_operator.py
[2024-07-04T10:02:26.235+0000] {processor.py:840} INFO - DAG(s) 'example_bash_operator' retrieved from /home/airflow/.local/lib/python3.12/site-packages/airflow/example_dags/example_bash_operator.py
[2024-07-04T10:02:26.263+0000] {logging_mixin.py:188} INFO - [2024-07-04T10:02:26.263+0000] {dag.py:3096} INFO - Sync 1 DAGs
[2024-07-04T10:02:26.285+0000] {logging_mixin.py:188} INFO - [2024-07-04T10:02:26.285+0000] {dag.py:3954} INFO - Setting next_dagrun for example_bash_operator to 2024-07-03 00:00:00+00:00, run_after=2024-07-04 00:00:00+00:00
[2024-07-04T10:02:26.303+0000] {processor.py:183} INFO - Processing /home/airflow/.local/lib/python3.12/site-packages/airflow/example_dags/example_bash_operator.py took 0.093 seconds
[2024-07-04T10:02:56.763+0000] {processor.py:161} INFO - Started process (PID=3282) to work on /home/airflow/.local/lib/python3.12/site-packages/airflow/example_dags/example_bash_operator.py
[2024-07-04T10:02:56.765+0000] {processor.py:830} INFO - Processing file /home/airflow/.local/lib/python3.12/site-packages/airflow/example_dags/example_bash_operator.py for tasks to queue
[2024-07-04T10:02:56.767+0000] {logging_mixin.py:188} INFO - [2024-07-04T10:02:56.767+0000] {dagbag.py:545} INFO - Filling up the DagBag from /home/airflow/.local/lib/python3.12/site-packages/airflow/example_dags/example_bash_operator.py
[2024-07-04T10:02:56.778+0000] {processor.py:840} INFO - DAG(s) 'example_bash_operator' retrieved from /home/airflow/.local/lib/python3.12/site-packages/airflow/example_dags/example_bash_operator.py
[2024-07-04T10:02:56.808+0000] {logging_mixin.py:188} INFO - [2024-07-04T10:02:56.807+0000] {dag.py:3096} INFO - Sync 1 DAGs
[2024-07-04T10:02:56.858+0000] {logging_mixin.py:188} INFO - [2024-07-04T10:02:56.858+0000] {dag.py:3954} INFO - Setting next_dagrun for example_bash_operator to 2024-07-03 00:00:00+00:00, run_after=2024-07-04 00:00:00+00:00
[2024-07-04T10:02:56.901+0000] {processor.py:183} INFO - Processing /home/airflow/.local/lib/python3.12/site-packages/airflow/example_dags/example_bash_operator.py took 0.144 seconds
[2024-07-04T10:03:27.760+0000] {processor.py:161} INFO - Started process (PID=3341) to work on /home/airflow/.local/lib/python3.12/site-packages/airflow/example_dags/example_bash_operator.py
[2024-07-04T10:03:27.762+0000] {processor.py:830} INFO - Processing file /home/airflow/.local/lib/python3.12/site-packages/airflow/example_dags/example_bash_operator.py for tasks to queue
[2024-07-04T10:03:27.764+0000] {logging_mixin.py:188} INFO - [2024-07-04T10:03:27.764+0000] {dagbag.py:545} INFO - Filling up the DagBag from /home/airflow/.local/lib/python3.12/site-packages/airflow/example_dags/example_bash_operator.py
[2024-07-04T10:03:27.783+0000] {processor.py:840} INFO - DAG(s) 'example_bash_operator' retrieved from /home/airflow/.local/lib/python3.12/site-packages/airflow/example_dags/example_bash_operator.py
[2024-07-04T10:03:27.838+0000] {logging_mixin.py:188} INFO - [2024-07-04T10:03:27.837+0000] {dag.py:3096} INFO - Sync 1 DAGs
[2024-07-04T10:03:27.880+0000] {logging_mixin.py:188} INFO - [2024-07-04T10:03:27.879+0000] {dag.py:3954} INFO - Setting next_dagrun for example_bash_operator to 2024-07-03 00:00:00+00:00, run_after=2024-07-04 00:00:00+00:00
[2024-07-04T10:03:27.914+0000] {processor.py:183} INFO - Processing /home/airflow/.local/lib/python3.12/site-packages/airflow/example_dags/example_bash_operator.py took 0.162 seconds
