[2024-07-04T09:34:48.424+0000] {processor.py:161} INFO - Started process (PID=49) to work on /home/airflow/.local/lib/python3.12/site-packages/airflow/example_dags/example_short_circuit_decorator.py
[2024-07-04T09:34:48.446+0000] {processor.py:830} INFO - Processing file /home/airflow/.local/lib/python3.12/site-packages/airflow/example_dags/example_short_circuit_decorator.py for tasks to queue
[2024-07-04T09:34:48.457+0000] {logging_mixin.py:188} INFO - [2024-07-04T09:34:48.456+0000] {dagbag.py:545} INFO - Filling up the DagBag from /home/airflow/.local/lib/python3.12/site-packages/airflow/example_dags/example_short_circuit_decorator.py
[2024-07-04T09:34:48.492+0000] {processor.py:840} INFO - DAG(s) 'example_short_circuit_decorator' retrieved from /home/airflow/.local/lib/python3.12/site-packages/airflow/example_dags/example_short_circuit_decorator.py
[2024-07-04T09:34:49.328+0000] {logging_mixin.py:188} INFO - [2024-07-04T09:34:49.327+0000] {dag.py:3096} INFO - Sync 1 DAGs
[2024-07-04T09:34:49.515+0000] {logging_mixin.py:188} INFO - [2024-07-04T09:34:49.514+0000] {dag.py:3954} INFO - Setting next_dagrun for example_short_circuit_decorator to 2024-07-03 00:00:00+00:00, run_after=2024-07-04 00:00:00+00:00
[2024-07-04T09:34:49.657+0000] {processor.py:183} INFO - Processing /home/airflow/.local/lib/python3.12/site-packages/airflow/example_dags/example_short_circuit_decorator.py took 1.239 seconds
[2024-07-04T09:35:19.993+0000] {processor.py:161} INFO - Started process (PID=107) to work on /home/airflow/.local/lib/python3.12/site-packages/airflow/example_dags/example_short_circuit_decorator.py
[2024-07-04T09:35:19.994+0000] {processor.py:830} INFO - Processing file /home/airflow/.local/lib/python3.12/site-packages/airflow/example_dags/example_short_circuit_decorator.py for tasks to queue
[2024-07-04T09:35:19.996+0000] {logging_mixin.py:188} INFO - [2024-07-04T09:35:19.996+0000] {dagbag.py:545} INFO - Filling up the DagBag from /home/airflow/.local/lib/python3.12/site-packages/airflow/example_dags/example_short_circuit_decorator.py
[2024-07-04T09:35:20.005+0000] {processor.py:840} INFO - DAG(s) 'example_short_circuit_decorator' retrieved from /home/airflow/.local/lib/python3.12/site-packages/airflow/example_dags/example_short_circuit_decorator.py
[2024-07-04T09:35:20.029+0000] {logging_mixin.py:188} INFO - [2024-07-04T09:35:20.029+0000] {dag.py:3096} INFO - Sync 1 DAGs
[2024-07-04T09:35:20.054+0000] {logging_mixin.py:188} INFO - [2024-07-04T09:35:20.054+0000] {dag.py:3954} INFO - Setting next_dagrun for example_short_circuit_decorator to 2024-07-03 00:00:00+00:00, run_after=2024-07-04 00:00:00+00:00
[2024-07-04T09:35:20.075+0000] {processor.py:183} INFO - Processing /home/airflow/.local/lib/python3.12/site-packages/airflow/example_dags/example_short_circuit_decorator.py took 0.088 seconds
[2024-07-04T09:35:50.371+0000] {processor.py:161} INFO - Started process (PID=166) to work on /home/airflow/.local/lib/python3.12/site-packages/airflow/example_dags/example_short_circuit_decorator.py
[2024-07-04T09:35:50.373+0000] {processor.py:830} INFO - Processing file /home/airflow/.local/lib/python3.12/site-packages/airflow/example_dags/example_short_circuit_decorator.py for tasks to queue
[2024-07-04T09:35:50.375+0000] {logging_mixin.py:188} INFO - [2024-07-04T09:35:50.375+0000] {dagbag.py:545} INFO - Filling up the DagBag from /home/airflow/.local/lib/python3.12/site-packages/airflow/example_dags/example_short_circuit_decorator.py
[2024-07-04T09:35:50.386+0000] {processor.py:840} INFO - DAG(s) 'example_short_circuit_decorator' retrieved from /home/airflow/.local/lib/python3.12/site-packages/airflow/example_dags/example_short_circuit_decorator.py
[2024-07-04T09:35:50.409+0000] {logging_mixin.py:188} INFO - [2024-07-04T09:35:50.409+0000] {dag.py:3096} INFO - Sync 1 DAGs
[2024-07-04T09:35:50.432+0000] {logging_mixin.py:188} INFO - [2024-07-04T09:35:50.432+0000] {dag.py:3954} INFO - Setting next_dagrun for example_short_circuit_decorator to 2024-07-03 00:00:00+00:00, run_after=2024-07-04 00:00:00+00:00
[2024-07-04T09:35:50.455+0000] {processor.py:183} INFO - Processing /home/airflow/.local/lib/python3.12/site-packages/airflow/example_dags/example_short_circuit_decorator.py took 0.090 seconds
[2024-07-04T09:36:24.711+0000] {processor.py:161} INFO - Started process (PID=223) to work on /home/airflow/.local/lib/python3.12/site-packages/airflow/example_dags/example_short_circuit_decorator.py
[2024-07-04T09:36:24.730+0000] {processor.py:830} INFO - Processing file /home/airflow/.local/lib/python3.12/site-packages/airflow/example_dags/example_short_circuit_decorator.py for tasks to queue
[2024-07-04T09:36:24.750+0000] {logging_mixin.py:188} INFO - [2024-07-04T09:36:24.750+0000] {dagbag.py:545} INFO - Filling up the DagBag from /home/airflow/.local/lib/python3.12/site-packages/airflow/example_dags/example_short_circuit_decorator.py
[2024-07-04T09:36:24.782+0000] {processor.py:840} INFO - DAG(s) 'example_short_circuit_decorator' retrieved from /home/airflow/.local/lib/python3.12/site-packages/airflow/example_dags/example_short_circuit_decorator.py
[2024-07-04T09:36:25.076+0000] {logging_mixin.py:188} INFO - [2024-07-04T09:36:25.076+0000] {dag.py:3096} INFO - Sync 1 DAGs
[2024-07-04T09:36:26.345+0000] {logging_mixin.py:188} INFO - [2024-07-04T09:36:26.344+0000] {dag.py:3954} INFO - Setting next_dagrun for example_short_circuit_decorator to 2024-07-03 00:00:00+00:00, run_after=2024-07-04 00:00:00+00:00
[2024-07-04T09:36:26.663+0000] {processor.py:183} INFO - Processing /home/airflow/.local/lib/python3.12/site-packages/airflow/example_dags/example_short_circuit_decorator.py took 1.966 seconds
[2024-07-04T09:36:57.656+0000] {processor.py:161} INFO - Started process (PID=282) to work on /home/airflow/.local/lib/python3.12/site-packages/airflow/example_dags/example_short_circuit_decorator.py
[2024-07-04T09:36:57.658+0000] {processor.py:830} INFO - Processing file /home/airflow/.local/lib/python3.12/site-packages/airflow/example_dags/example_short_circuit_decorator.py for tasks to queue
[2024-07-04T09:36:57.675+0000] {logging_mixin.py:188} INFO - [2024-07-04T09:36:57.674+0000] {dagbag.py:545} INFO - Filling up the DagBag from /home/airflow/.local/lib/python3.12/site-packages/airflow/example_dags/example_short_circuit_decorator.py
[2024-07-04T09:36:57.727+0000] {processor.py:840} INFO - DAG(s) 'example_short_circuit_decorator' retrieved from /home/airflow/.local/lib/python3.12/site-packages/airflow/example_dags/example_short_circuit_decorator.py
[2024-07-04T09:36:57.814+0000] {logging_mixin.py:188} INFO - [2024-07-04T09:36:57.814+0000] {dag.py:3096} INFO - Sync 1 DAGs
[2024-07-04T09:36:57.871+0000] {logging_mixin.py:188} INFO - [2024-07-04T09:36:57.871+0000] {dag.py:3954} INFO - Setting next_dagrun for example_short_circuit_decorator to 2024-07-03 00:00:00+00:00, run_after=2024-07-04 00:00:00+00:00
[2024-07-04T09:36:57.923+0000] {processor.py:183} INFO - Processing /home/airflow/.local/lib/python3.12/site-packages/airflow/example_dags/example_short_circuit_decorator.py took 0.298 seconds
[2024-07-04T09:37:28.829+0000] {processor.py:161} INFO - Started process (PID=341) to work on /home/airflow/.local/lib/python3.12/site-packages/airflow/example_dags/example_short_circuit_decorator.py
[2024-07-04T09:37:28.830+0000] {processor.py:830} INFO - Processing file /home/airflow/.local/lib/python3.12/site-packages/airflow/example_dags/example_short_circuit_decorator.py for tasks to queue
[2024-07-04T09:37:28.833+0000] {logging_mixin.py:188} INFO - [2024-07-04T09:37:28.832+0000] {dagbag.py:545} INFO - Filling up the DagBag from /home/airflow/.local/lib/python3.12/site-packages/airflow/example_dags/example_short_circuit_decorator.py
[2024-07-04T09:37:28.843+0000] {processor.py:840} INFO - DAG(s) 'example_short_circuit_decorator' retrieved from /home/airflow/.local/lib/python3.12/site-packages/airflow/example_dags/example_short_circuit_decorator.py
[2024-07-04T09:37:28.870+0000] {logging_mixin.py:188} INFO - [2024-07-04T09:37:28.870+0000] {dag.py:3096} INFO - Sync 1 DAGs
[2024-07-04T09:37:28.893+0000] {logging_mixin.py:188} INFO - [2024-07-04T09:37:28.893+0000] {dag.py:3954} INFO - Setting next_dagrun for example_short_circuit_decorator to 2024-07-03 00:00:00+00:00, run_after=2024-07-04 00:00:00+00:00
[2024-07-04T09:37:28.912+0000] {processor.py:183} INFO - Processing /home/airflow/.local/lib/python3.12/site-packages/airflow/example_dags/example_short_circuit_decorator.py took 0.092 seconds
[2024-07-04T09:37:59.253+0000] {processor.py:161} INFO - Started process (PID=400) to work on /home/airflow/.local/lib/python3.12/site-packages/airflow/example_dags/example_short_circuit_decorator.py
[2024-07-04T09:37:59.255+0000] {processor.py:830} INFO - Processing file /home/airflow/.local/lib/python3.12/site-packages/airflow/example_dags/example_short_circuit_decorator.py for tasks to queue
[2024-07-04T09:37:59.257+0000] {logging_mixin.py:188} INFO - [2024-07-04T09:37:59.256+0000] {dagbag.py:545} INFO - Filling up the DagBag from /home/airflow/.local/lib/python3.12/site-packages/airflow/example_dags/example_short_circuit_decorator.py
[2024-07-04T09:37:59.267+0000] {processor.py:840} INFO - DAG(s) 'example_short_circuit_decorator' retrieved from /home/airflow/.local/lib/python3.12/site-packages/airflow/example_dags/example_short_circuit_decorator.py
[2024-07-04T09:37:59.292+0000] {logging_mixin.py:188} INFO - [2024-07-04T09:37:59.292+0000] {dag.py:3096} INFO - Sync 1 DAGs
[2024-07-04T09:37:59.315+0000] {logging_mixin.py:188} INFO - [2024-07-04T09:37:59.314+0000] {dag.py:3954} INFO - Setting next_dagrun for example_short_circuit_decorator to 2024-07-03 00:00:00+00:00, run_after=2024-07-04 00:00:00+00:00
[2024-07-04T09:37:59.334+0000] {processor.py:183} INFO - Processing /home/airflow/.local/lib/python3.12/site-packages/airflow/example_dags/example_short_circuit_decorator.py took 0.087 seconds
[2024-07-04T09:38:29.592+0000] {processor.py:161} INFO - Started process (PID=466) to work on /home/airflow/.local/lib/python3.12/site-packages/airflow/example_dags/example_short_circuit_decorator.py
[2024-07-04T09:38:29.593+0000] {processor.py:830} INFO - Processing file /home/airflow/.local/lib/python3.12/site-packages/airflow/example_dags/example_short_circuit_decorator.py for tasks to queue
[2024-07-04T09:38:29.596+0000] {logging_mixin.py:188} INFO - [2024-07-04T09:38:29.595+0000] {dagbag.py:545} INFO - Filling up the DagBag from /home/airflow/.local/lib/python3.12/site-packages/airflow/example_dags/example_short_circuit_decorator.py
[2024-07-04T09:38:29.608+0000] {processor.py:840} INFO - DAG(s) 'example_short_circuit_decorator' retrieved from /home/airflow/.local/lib/python3.12/site-packages/airflow/example_dags/example_short_circuit_decorator.py
[2024-07-04T09:38:29.637+0000] {logging_mixin.py:188} INFO - [2024-07-04T09:38:29.637+0000] {dag.py:3096} INFO - Sync 1 DAGs
[2024-07-04T09:38:29.661+0000] {logging_mixin.py:188} INFO - [2024-07-04T09:38:29.661+0000] {dag.py:3954} INFO - Setting next_dagrun for example_short_circuit_decorator to 2024-07-03 00:00:00+00:00, run_after=2024-07-04 00:00:00+00:00
[2024-07-04T09:38:29.705+0000] {processor.py:183} INFO - Processing /home/airflow/.local/lib/python3.12/site-packages/airflow/example_dags/example_short_circuit_decorator.py took 0.122 seconds
[2024-07-04T09:38:59.925+0000] {processor.py:161} INFO - Started process (PID=525) to work on /home/airflow/.local/lib/python3.12/site-packages/airflow/example_dags/example_short_circuit_decorator.py
[2024-07-04T09:38:59.926+0000] {processor.py:830} INFO - Processing file /home/airflow/.local/lib/python3.12/site-packages/airflow/example_dags/example_short_circuit_decorator.py for tasks to queue
[2024-07-04T09:38:59.929+0000] {logging_mixin.py:188} INFO - [2024-07-04T09:38:59.929+0000] {dagbag.py:545} INFO - Filling up the DagBag from /home/airflow/.local/lib/python3.12/site-packages/airflow/example_dags/example_short_circuit_decorator.py
[2024-07-04T09:38:59.941+0000] {processor.py:840} INFO - DAG(s) 'example_short_circuit_decorator' retrieved from /home/airflow/.local/lib/python3.12/site-packages/airflow/example_dags/example_short_circuit_decorator.py
[2024-07-04T09:38:59.968+0000] {logging_mixin.py:188} INFO - [2024-07-04T09:38:59.968+0000] {dag.py:3096} INFO - Sync 1 DAGs
[2024-07-04T09:38:59.998+0000] {logging_mixin.py:188} INFO - [2024-07-04T09:38:59.997+0000] {dag.py:3954} INFO - Setting next_dagrun for example_short_circuit_decorator to 2024-07-03 00:00:00+00:00, run_after=2024-07-04 00:00:00+00:00
[2024-07-04T09:39:00.033+0000] {processor.py:183} INFO - Processing /home/airflow/.local/lib/python3.12/site-packages/airflow/example_dags/example_short_circuit_decorator.py took 0.115 seconds
[2024-07-04T09:39:30.354+0000] {processor.py:161} INFO - Started process (PID=584) to work on /home/airflow/.local/lib/python3.12/site-packages/airflow/example_dags/example_short_circuit_decorator.py
[2024-07-04T09:39:30.356+0000] {processor.py:830} INFO - Processing file /home/airflow/.local/lib/python3.12/site-packages/airflow/example_dags/example_short_circuit_decorator.py for tasks to queue
[2024-07-04T09:39:30.357+0000] {logging_mixin.py:188} INFO - [2024-07-04T09:39:30.357+0000] {dagbag.py:545} INFO - Filling up the DagBag from /home/airflow/.local/lib/python3.12/site-packages/airflow/example_dags/example_short_circuit_decorator.py
[2024-07-04T09:39:30.367+0000] {processor.py:840} INFO - DAG(s) 'example_short_circuit_decorator' retrieved from /home/airflow/.local/lib/python3.12/site-packages/airflow/example_dags/example_short_circuit_decorator.py
[2024-07-04T09:39:30.392+0000] {logging_mixin.py:188} INFO - [2024-07-04T09:39:30.391+0000] {dag.py:3096} INFO - Sync 1 DAGs
[2024-07-04T09:39:30.411+0000] {logging_mixin.py:188} INFO - [2024-07-04T09:39:30.411+0000] {dag.py:3954} INFO - Setting next_dagrun for example_short_circuit_decorator to 2024-07-03 00:00:00+00:00, run_after=2024-07-04 00:00:00+00:00
[2024-07-04T09:39:30.428+0000] {processor.py:183} INFO - Processing /home/airflow/.local/lib/python3.12/site-packages/airflow/example_dags/example_short_circuit_decorator.py took 0.079 seconds
[2024-07-04T09:40:00.527+0000] {processor.py:161} INFO - Started process (PID=643) to work on /home/airflow/.local/lib/python3.12/site-packages/airflow/example_dags/example_short_circuit_decorator.py
[2024-07-04T09:40:00.528+0000] {processor.py:830} INFO - Processing file /home/airflow/.local/lib/python3.12/site-packages/airflow/example_dags/example_short_circuit_decorator.py for tasks to queue
[2024-07-04T09:40:00.530+0000] {logging_mixin.py:188} INFO - [2024-07-04T09:40:00.529+0000] {dagbag.py:545} INFO - Filling up the DagBag from /home/airflow/.local/lib/python3.12/site-packages/airflow/example_dags/example_short_circuit_decorator.py
[2024-07-04T09:40:00.538+0000] {processor.py:840} INFO - DAG(s) 'example_short_circuit_decorator' retrieved from /home/airflow/.local/lib/python3.12/site-packages/airflow/example_dags/example_short_circuit_decorator.py
[2024-07-04T09:40:00.559+0000] {logging_mixin.py:188} INFO - [2024-07-04T09:40:00.559+0000] {dag.py:3096} INFO - Sync 1 DAGs
[2024-07-04T09:40:00.578+0000] {logging_mixin.py:188} INFO - [2024-07-04T09:40:00.578+0000] {dag.py:3954} INFO - Setting next_dagrun for example_short_circuit_decorator to 2024-07-03 00:00:00+00:00, run_after=2024-07-04 00:00:00+00:00
[2024-07-04T09:40:00.596+0000] {processor.py:183} INFO - Processing /home/airflow/.local/lib/python3.12/site-packages/airflow/example_dags/example_short_circuit_decorator.py took 0.074 seconds
[2024-07-04T09:40:30.867+0000] {processor.py:161} INFO - Started process (PID=702) to work on /home/airflow/.local/lib/python3.12/site-packages/airflow/example_dags/example_short_circuit_decorator.py
[2024-07-04T09:40:30.868+0000] {processor.py:830} INFO - Processing file /home/airflow/.local/lib/python3.12/site-packages/airflow/example_dags/example_short_circuit_decorator.py for tasks to queue
[2024-07-04T09:40:30.870+0000] {logging_mixin.py:188} INFO - [2024-07-04T09:40:30.870+0000] {dagbag.py:545} INFO - Filling up the DagBag from /home/airflow/.local/lib/python3.12/site-packages/airflow/example_dags/example_short_circuit_decorator.py
[2024-07-04T09:40:30.884+0000] {processor.py:840} INFO - DAG(s) 'example_short_circuit_decorator' retrieved from /home/airflow/.local/lib/python3.12/site-packages/airflow/example_dags/example_short_circuit_decorator.py
[2024-07-04T09:40:30.913+0000] {logging_mixin.py:188} INFO - [2024-07-04T09:40:30.913+0000] {dag.py:3096} INFO - Sync 1 DAGs
[2024-07-04T09:40:30.939+0000] {logging_mixin.py:188} INFO - [2024-07-04T09:40:30.938+0000] {dag.py:3954} INFO - Setting next_dagrun for example_short_circuit_decorator to 2024-07-03 00:00:00+00:00, run_after=2024-07-04 00:00:00+00:00
[2024-07-04T09:40:30.968+0000] {processor.py:183} INFO - Processing /home/airflow/.local/lib/python3.12/site-packages/airflow/example_dags/example_short_circuit_decorator.py took 0.111 seconds
[2024-07-04T09:41:01.176+0000] {processor.py:161} INFO - Started process (PID=762) to work on /home/airflow/.local/lib/python3.12/site-packages/airflow/example_dags/example_short_circuit_decorator.py
[2024-07-04T09:41:01.178+0000] {processor.py:830} INFO - Processing file /home/airflow/.local/lib/python3.12/site-packages/airflow/example_dags/example_short_circuit_decorator.py for tasks to queue
[2024-07-04T09:41:01.180+0000] {logging_mixin.py:188} INFO - [2024-07-04T09:41:01.180+0000] {dagbag.py:545} INFO - Filling up the DagBag from /home/airflow/.local/lib/python3.12/site-packages/airflow/example_dags/example_short_circuit_decorator.py
[2024-07-04T09:41:01.193+0000] {processor.py:840} INFO - DAG(s) 'example_short_circuit_decorator' retrieved from /home/airflow/.local/lib/python3.12/site-packages/airflow/example_dags/example_short_circuit_decorator.py
[2024-07-04T09:41:01.224+0000] {logging_mixin.py:188} INFO - [2024-07-04T09:41:01.223+0000] {dag.py:3096} INFO - Sync 1 DAGs
[2024-07-04T09:41:01.256+0000] {logging_mixin.py:188} INFO - [2024-07-04T09:41:01.256+0000] {dag.py:3954} INFO - Setting next_dagrun for example_short_circuit_decorator to 2024-07-03 00:00:00+00:00, run_after=2024-07-04 00:00:00+00:00
[2024-07-04T09:41:01.281+0000] {processor.py:183} INFO - Processing /home/airflow/.local/lib/python3.12/site-packages/airflow/example_dags/example_short_circuit_decorator.py took 0.111 seconds
[2024-07-04T09:41:31.585+0000] {processor.py:161} INFO - Started process (PID=821) to work on /home/airflow/.local/lib/python3.12/site-packages/airflow/example_dags/example_short_circuit_decorator.py
[2024-07-04T09:41:31.586+0000] {processor.py:830} INFO - Processing file /home/airflow/.local/lib/python3.12/site-packages/airflow/example_dags/example_short_circuit_decorator.py for tasks to queue
[2024-07-04T09:41:31.588+0000] {logging_mixin.py:188} INFO - [2024-07-04T09:41:31.588+0000] {dagbag.py:545} INFO - Filling up the DagBag from /home/airflow/.local/lib/python3.12/site-packages/airflow/example_dags/example_short_circuit_decorator.py
[2024-07-04T09:41:31.597+0000] {processor.py:840} INFO - DAG(s) 'example_short_circuit_decorator' retrieved from /home/airflow/.local/lib/python3.12/site-packages/airflow/example_dags/example_short_circuit_decorator.py
[2024-07-04T09:41:31.631+0000] {logging_mixin.py:188} INFO - [2024-07-04T09:41:31.631+0000] {dag.py:3096} INFO - Sync 1 DAGs
[2024-07-04T09:41:31.678+0000] {logging_mixin.py:188} INFO - [2024-07-04T09:41:31.678+0000] {dag.py:3954} INFO - Setting next_dagrun for example_short_circuit_decorator to 2024-07-03 00:00:00+00:00, run_after=2024-07-04 00:00:00+00:00
[2024-07-04T09:41:31.734+0000] {processor.py:183} INFO - Processing /home/airflow/.local/lib/python3.12/site-packages/airflow/example_dags/example_short_circuit_decorator.py took 0.154 seconds
[2024-07-04T09:42:01.902+0000] {processor.py:161} INFO - Started process (PID=879) to work on /home/airflow/.local/lib/python3.12/site-packages/airflow/example_dags/example_short_circuit_decorator.py
[2024-07-04T09:42:01.918+0000] {processor.py:830} INFO - Processing file /home/airflow/.local/lib/python3.12/site-packages/airflow/example_dags/example_short_circuit_decorator.py for tasks to queue
[2024-07-04T09:42:01.923+0000] {logging_mixin.py:188} INFO - [2024-07-04T09:42:01.923+0000] {dagbag.py:545} INFO - Filling up the DagBag from /home/airflow/.local/lib/python3.12/site-packages/airflow/example_dags/example_short_circuit_decorator.py
[2024-07-04T09:42:02.017+0000] {processor.py:840} INFO - DAG(s) 'example_short_circuit_decorator' retrieved from /home/airflow/.local/lib/python3.12/site-packages/airflow/example_dags/example_short_circuit_decorator.py
[2024-07-04T09:42:02.297+0000] {logging_mixin.py:188} INFO - [2024-07-04T09:42:02.297+0000] {dag.py:3096} INFO - Sync 1 DAGs
[2024-07-04T09:42:03.217+0000] {logging_mixin.py:188} INFO - [2024-07-04T09:42:03.217+0000] {dag.py:3954} INFO - Setting next_dagrun for example_short_circuit_decorator to 2024-07-03 00:00:00+00:00, run_after=2024-07-04 00:00:00+00:00
[2024-07-04T09:42:03.291+0000] {processor.py:183} INFO - Processing /home/airflow/.local/lib/python3.12/site-packages/airflow/example_dags/example_short_circuit_decorator.py took 1.433 seconds
[2024-07-04T09:42:34.239+0000] {processor.py:161} INFO - Started process (PID=939) to work on /home/airflow/.local/lib/python3.12/site-packages/airflow/example_dags/example_short_circuit_decorator.py
[2024-07-04T09:42:34.243+0000] {processor.py:830} INFO - Processing file /home/airflow/.local/lib/python3.12/site-packages/airflow/example_dags/example_short_circuit_decorator.py for tasks to queue
[2024-07-04T09:42:34.246+0000] {logging_mixin.py:188} INFO - [2024-07-04T09:42:34.246+0000] {dagbag.py:545} INFO - Filling up the DagBag from /home/airflow/.local/lib/python3.12/site-packages/airflow/example_dags/example_short_circuit_decorator.py
[2024-07-04T09:42:34.264+0000] {processor.py:840} INFO - DAG(s) 'example_short_circuit_decorator' retrieved from /home/airflow/.local/lib/python3.12/site-packages/airflow/example_dags/example_short_circuit_decorator.py
[2024-07-04T09:42:34.323+0000] {logging_mixin.py:188} INFO - [2024-07-04T09:42:34.323+0000] {dag.py:3096} INFO - Sync 1 DAGs
[2024-07-04T09:42:34.383+0000] {logging_mixin.py:188} INFO - [2024-07-04T09:42:34.383+0000] {dag.py:3954} INFO - Setting next_dagrun for example_short_circuit_decorator to 2024-07-03 00:00:00+00:00, run_after=2024-07-04 00:00:00+00:00
[2024-07-04T09:42:34.438+0000] {processor.py:183} INFO - Processing /home/airflow/.local/lib/python3.12/site-packages/airflow/example_dags/example_short_circuit_decorator.py took 0.206 seconds
[2024-07-04T09:43:04.875+0000] {processor.py:161} INFO - Started process (PID=999) to work on /home/airflow/.local/lib/python3.12/site-packages/airflow/example_dags/example_short_circuit_decorator.py
[2024-07-04T09:43:04.876+0000] {processor.py:830} INFO - Processing file /home/airflow/.local/lib/python3.12/site-packages/airflow/example_dags/example_short_circuit_decorator.py for tasks to queue
[2024-07-04T09:43:04.878+0000] {logging_mixin.py:188} INFO - [2024-07-04T09:43:04.877+0000] {dagbag.py:545} INFO - Filling up the DagBag from /home/airflow/.local/lib/python3.12/site-packages/airflow/example_dags/example_short_circuit_decorator.py
[2024-07-04T09:43:04.887+0000] {processor.py:840} INFO - DAG(s) 'example_short_circuit_decorator' retrieved from /home/airflow/.local/lib/python3.12/site-packages/airflow/example_dags/example_short_circuit_decorator.py
[2024-07-04T09:43:04.912+0000] {logging_mixin.py:188} INFO - [2024-07-04T09:43:04.912+0000] {dag.py:3096} INFO - Sync 1 DAGs
[2024-07-04T09:43:04.937+0000] {logging_mixin.py:188} INFO - [2024-07-04T09:43:04.937+0000] {dag.py:3954} INFO - Setting next_dagrun for example_short_circuit_decorator to 2024-07-03 00:00:00+00:00, run_after=2024-07-04 00:00:00+00:00
[2024-07-04T09:43:04.958+0000] {processor.py:183} INFO - Processing /home/airflow/.local/lib/python3.12/site-packages/airflow/example_dags/example_short_circuit_decorator.py took 0.089 seconds
[2024-07-04T09:43:35.324+0000] {processor.py:161} INFO - Started process (PID=1058) to work on /home/airflow/.local/lib/python3.12/site-packages/airflow/example_dags/example_short_circuit_decorator.py
[2024-07-04T09:43:35.326+0000] {processor.py:830} INFO - Processing file /home/airflow/.local/lib/python3.12/site-packages/airflow/example_dags/example_short_circuit_decorator.py for tasks to queue
[2024-07-04T09:43:35.328+0000] {logging_mixin.py:188} INFO - [2024-07-04T09:43:35.327+0000] {dagbag.py:545} INFO - Filling up the DagBag from /home/airflow/.local/lib/python3.12/site-packages/airflow/example_dags/example_short_circuit_decorator.py
[2024-07-04T09:43:35.338+0000] {processor.py:840} INFO - DAG(s) 'example_short_circuit_decorator' retrieved from /home/airflow/.local/lib/python3.12/site-packages/airflow/example_dags/example_short_circuit_decorator.py
[2024-07-04T09:43:35.368+0000] {logging_mixin.py:188} INFO - [2024-07-04T09:43:35.367+0000] {dag.py:3096} INFO - Sync 1 DAGs
[2024-07-04T09:43:35.403+0000] {logging_mixin.py:188} INFO - [2024-07-04T09:43:35.403+0000] {dag.py:3954} INFO - Setting next_dagrun for example_short_circuit_decorator to 2024-07-03 00:00:00+00:00, run_after=2024-07-04 00:00:00+00:00
[2024-07-04T09:43:35.424+0000] {processor.py:183} INFO - Processing /home/airflow/.local/lib/python3.12/site-packages/airflow/example_dags/example_short_circuit_decorator.py took 0.106 seconds
[2024-07-04T09:44:05.702+0000] {processor.py:161} INFO - Started process (PID=1117) to work on /home/airflow/.local/lib/python3.12/site-packages/airflow/example_dags/example_short_circuit_decorator.py
[2024-07-04T09:44:05.704+0000] {processor.py:830} INFO - Processing file /home/airflow/.local/lib/python3.12/site-packages/airflow/example_dags/example_short_circuit_decorator.py for tasks to queue
[2024-07-04T09:44:05.706+0000] {logging_mixin.py:188} INFO - [2024-07-04T09:44:05.706+0000] {dagbag.py:545} INFO - Filling up the DagBag from /home/airflow/.local/lib/python3.12/site-packages/airflow/example_dags/example_short_circuit_decorator.py
[2024-07-04T09:44:05.717+0000] {processor.py:840} INFO - DAG(s) 'example_short_circuit_decorator' retrieved from /home/airflow/.local/lib/python3.12/site-packages/airflow/example_dags/example_short_circuit_decorator.py
[2024-07-04T09:44:05.743+0000] {logging_mixin.py:188} INFO - [2024-07-04T09:44:05.743+0000] {dag.py:3096} INFO - Sync 1 DAGs
[2024-07-04T09:44:05.763+0000] {logging_mixin.py:188} INFO - [2024-07-04T09:44:05.763+0000] {dag.py:3954} INFO - Setting next_dagrun for example_short_circuit_decorator to 2024-07-03 00:00:00+00:00, run_after=2024-07-04 00:00:00+00:00
[2024-07-04T09:44:05.786+0000] {processor.py:183} INFO - Processing /home/airflow/.local/lib/python3.12/site-packages/airflow/example_dags/example_short_circuit_decorator.py took 0.092 seconds
[2024-07-04T09:44:36.747+0000] {processor.py:161} INFO - Started process (PID=1176) to work on /home/airflow/.local/lib/python3.12/site-packages/airflow/example_dags/example_short_circuit_decorator.py
[2024-07-04T09:44:36.749+0000] {processor.py:830} INFO - Processing file /home/airflow/.local/lib/python3.12/site-packages/airflow/example_dags/example_short_circuit_decorator.py for tasks to queue
[2024-07-04T09:44:36.751+0000] {logging_mixin.py:188} INFO - [2024-07-04T09:44:36.751+0000] {dagbag.py:545} INFO - Filling up the DagBag from /home/airflow/.local/lib/python3.12/site-packages/airflow/example_dags/example_short_circuit_decorator.py
[2024-07-04T09:44:36.760+0000] {processor.py:840} INFO - DAG(s) 'example_short_circuit_decorator' retrieved from /home/airflow/.local/lib/python3.12/site-packages/airflow/example_dags/example_short_circuit_decorator.py
[2024-07-04T09:44:36.782+0000] {logging_mixin.py:188} INFO - [2024-07-04T09:44:36.782+0000] {dag.py:3096} INFO - Sync 1 DAGs
[2024-07-04T09:44:36.811+0000] {logging_mixin.py:188} INFO - [2024-07-04T09:44:36.811+0000] {dag.py:3954} INFO - Setting next_dagrun for example_short_circuit_decorator to 2024-07-03 00:00:00+00:00, run_after=2024-07-04 00:00:00+00:00
[2024-07-04T09:44:36.832+0000] {processor.py:183} INFO - Processing /home/airflow/.local/lib/python3.12/site-packages/airflow/example_dags/example_short_circuit_decorator.py took 0.090 seconds
[2024-07-04T09:45:07.016+0000] {processor.py:161} INFO - Started process (PID=1235) to work on /home/airflow/.local/lib/python3.12/site-packages/airflow/example_dags/example_short_circuit_decorator.py
[2024-07-04T09:45:07.017+0000] {processor.py:830} INFO - Processing file /home/airflow/.local/lib/python3.12/site-packages/airflow/example_dags/example_short_circuit_decorator.py for tasks to queue
[2024-07-04T09:45:07.020+0000] {logging_mixin.py:188} INFO - [2024-07-04T09:45:07.019+0000] {dagbag.py:545} INFO - Filling up the DagBag from /home/airflow/.local/lib/python3.12/site-packages/airflow/example_dags/example_short_circuit_decorator.py
[2024-07-04T09:45:07.029+0000] {processor.py:840} INFO - DAG(s) 'example_short_circuit_decorator' retrieved from /home/airflow/.local/lib/python3.12/site-packages/airflow/example_dags/example_short_circuit_decorator.py
[2024-07-04T09:45:07.054+0000] {logging_mixin.py:188} INFO - [2024-07-04T09:45:07.054+0000] {dag.py:3096} INFO - Sync 1 DAGs
[2024-07-04T09:45:07.082+0000] {logging_mixin.py:188} INFO - [2024-07-04T09:45:07.082+0000] {dag.py:3954} INFO - Setting next_dagrun for example_short_circuit_decorator to 2024-07-03 00:00:00+00:00, run_after=2024-07-04 00:00:00+00:00
[2024-07-04T09:45:07.102+0000] {processor.py:183} INFO - Processing /home/airflow/.local/lib/python3.12/site-packages/airflow/example_dags/example_short_circuit_decorator.py took 0.092 seconds
[2024-07-04T09:45:37.449+0000] {processor.py:161} INFO - Started process (PID=1294) to work on /home/airflow/.local/lib/python3.12/site-packages/airflow/example_dags/example_short_circuit_decorator.py
[2024-07-04T09:45:37.451+0000] {processor.py:830} INFO - Processing file /home/airflow/.local/lib/python3.12/site-packages/airflow/example_dags/example_short_circuit_decorator.py for tasks to queue
[2024-07-04T09:45:37.455+0000] {logging_mixin.py:188} INFO - [2024-07-04T09:45:37.454+0000] {dagbag.py:545} INFO - Filling up the DagBag from /home/airflow/.local/lib/python3.12/site-packages/airflow/example_dags/example_short_circuit_decorator.py
[2024-07-04T09:45:37.467+0000] {processor.py:840} INFO - DAG(s) 'example_short_circuit_decorator' retrieved from /home/airflow/.local/lib/python3.12/site-packages/airflow/example_dags/example_short_circuit_decorator.py
[2024-07-04T09:45:37.493+0000] {logging_mixin.py:188} INFO - [2024-07-04T09:45:37.493+0000] {dag.py:3096} INFO - Sync 1 DAGs
[2024-07-04T09:45:37.516+0000] {logging_mixin.py:188} INFO - [2024-07-04T09:45:37.515+0000] {dag.py:3954} INFO - Setting next_dagrun for example_short_circuit_decorator to 2024-07-03 00:00:00+00:00, run_after=2024-07-04 00:00:00+00:00
[2024-07-04T09:45:37.535+0000] {processor.py:183} INFO - Processing /home/airflow/.local/lib/python3.12/site-packages/airflow/example_dags/example_short_circuit_decorator.py took 0.094 seconds
[2024-07-04T09:46:08.024+0000] {processor.py:161} INFO - Started process (PID=1353) to work on /home/airflow/.local/lib/python3.12/site-packages/airflow/example_dags/example_short_circuit_decorator.py
[2024-07-04T09:46:08.026+0000] {processor.py:830} INFO - Processing file /home/airflow/.local/lib/python3.12/site-packages/airflow/example_dags/example_short_circuit_decorator.py for tasks to queue
[2024-07-04T09:46:08.028+0000] {logging_mixin.py:188} INFO - [2024-07-04T09:46:08.028+0000] {dagbag.py:545} INFO - Filling up the DagBag from /home/airflow/.local/lib/python3.12/site-packages/airflow/example_dags/example_short_circuit_decorator.py
[2024-07-04T09:46:08.038+0000] {processor.py:840} INFO - DAG(s) 'example_short_circuit_decorator' retrieved from /home/airflow/.local/lib/python3.12/site-packages/airflow/example_dags/example_short_circuit_decorator.py
[2024-07-04T09:46:08.070+0000] {logging_mixin.py:188} INFO - [2024-07-04T09:46:08.069+0000] {dag.py:3096} INFO - Sync 1 DAGs
[2024-07-04T09:46:08.097+0000] {logging_mixin.py:188} INFO - [2024-07-04T09:46:08.097+0000] {dag.py:3954} INFO - Setting next_dagrun for example_short_circuit_decorator to 2024-07-03 00:00:00+00:00, run_after=2024-07-04 00:00:00+00:00
[2024-07-04T09:46:08.121+0000] {processor.py:183} INFO - Processing /home/airflow/.local/lib/python3.12/site-packages/airflow/example_dags/example_short_circuit_decorator.py took 0.104 seconds
[2024-07-04T09:46:38.400+0000] {processor.py:161} INFO - Started process (PID=1413) to work on /home/airflow/.local/lib/python3.12/site-packages/airflow/example_dags/example_short_circuit_decorator.py
[2024-07-04T09:46:38.401+0000] {processor.py:830} INFO - Processing file /home/airflow/.local/lib/python3.12/site-packages/airflow/example_dags/example_short_circuit_decorator.py for tasks to queue
[2024-07-04T09:46:38.403+0000] {logging_mixin.py:188} INFO - [2024-07-04T09:46:38.403+0000] {dagbag.py:545} INFO - Filling up the DagBag from /home/airflow/.local/lib/python3.12/site-packages/airflow/example_dags/example_short_circuit_decorator.py
[2024-07-04T09:46:38.412+0000] {processor.py:840} INFO - DAG(s) 'example_short_circuit_decorator' retrieved from /home/airflow/.local/lib/python3.12/site-packages/airflow/example_dags/example_short_circuit_decorator.py
[2024-07-04T09:46:38.443+0000] {logging_mixin.py:188} INFO - [2024-07-04T09:46:38.443+0000] {dag.py:3096} INFO - Sync 1 DAGs
[2024-07-04T09:46:38.475+0000] {logging_mixin.py:188} INFO - [2024-07-04T09:46:38.474+0000] {dag.py:3954} INFO - Setting next_dagrun for example_short_circuit_decorator to 2024-07-03 00:00:00+00:00, run_after=2024-07-04 00:00:00+00:00
[2024-07-04T09:46:38.497+0000] {processor.py:183} INFO - Processing /home/airflow/.local/lib/python3.12/site-packages/airflow/example_dags/example_short_circuit_decorator.py took 0.103 seconds
[2024-07-04T09:47:09.151+0000] {processor.py:161} INFO - Started process (PID=1471) to work on /home/airflow/.local/lib/python3.12/site-packages/airflow/example_dags/example_short_circuit_decorator.py
[2024-07-04T09:47:09.154+0000] {processor.py:830} INFO - Processing file /home/airflow/.local/lib/python3.12/site-packages/airflow/example_dags/example_short_circuit_decorator.py for tasks to queue
[2024-07-04T09:47:09.159+0000] {logging_mixin.py:188} INFO - [2024-07-04T09:47:09.158+0000] {dagbag.py:545} INFO - Filling up the DagBag from /home/airflow/.local/lib/python3.12/site-packages/airflow/example_dags/example_short_circuit_decorator.py
[2024-07-04T09:47:09.184+0000] {processor.py:840} INFO - DAG(s) 'example_short_circuit_decorator' retrieved from /home/airflow/.local/lib/python3.12/site-packages/airflow/example_dags/example_short_circuit_decorator.py
[2024-07-04T09:47:09.285+0000] {logging_mixin.py:188} INFO - [2024-07-04T09:47:09.284+0000] {dag.py:3096} INFO - Sync 1 DAGs
[2024-07-04T09:47:09.372+0000] {logging_mixin.py:188} INFO - [2024-07-04T09:47:09.371+0000] {dag.py:3954} INFO - Setting next_dagrun for example_short_circuit_decorator to 2024-07-03 00:00:00+00:00, run_after=2024-07-04 00:00:00+00:00
[2024-07-04T09:47:09.427+0000] {processor.py:183} INFO - Processing /home/airflow/.local/lib/python3.12/site-packages/airflow/example_dags/example_short_circuit_decorator.py took 0.318 seconds
[2024-07-04T09:47:39.668+0000] {processor.py:161} INFO - Started process (PID=1530) to work on /home/airflow/.local/lib/python3.12/site-packages/airflow/example_dags/example_short_circuit_decorator.py
[2024-07-04T09:47:39.682+0000] {processor.py:830} INFO - Processing file /home/airflow/.local/lib/python3.12/site-packages/airflow/example_dags/example_short_circuit_decorator.py for tasks to queue
[2024-07-04T09:47:39.701+0000] {logging_mixin.py:188} INFO - [2024-07-04T09:47:39.694+0000] {dagbag.py:545} INFO - Filling up the DagBag from /home/airflow/.local/lib/python3.12/site-packages/airflow/example_dags/example_short_circuit_decorator.py
[2024-07-04T09:47:39.736+0000] {processor.py:840} INFO - DAG(s) 'example_short_circuit_decorator' retrieved from /home/airflow/.local/lib/python3.12/site-packages/airflow/example_dags/example_short_circuit_decorator.py
[2024-07-04T09:47:39.844+0000] {logging_mixin.py:188} INFO - [2024-07-04T09:47:39.844+0000] {dag.py:3096} INFO - Sync 1 DAGs
[2024-07-04T09:47:39.933+0000] {logging_mixin.py:188} INFO - [2024-07-04T09:47:39.932+0000] {dag.py:3954} INFO - Setting next_dagrun for example_short_circuit_decorator to 2024-07-03 00:00:00+00:00, run_after=2024-07-04 00:00:00+00:00
[2024-07-04T09:47:40.016+0000] {processor.py:183} INFO - Processing /home/airflow/.local/lib/python3.12/site-packages/airflow/example_dags/example_short_circuit_decorator.py took 0.356 seconds
[2024-07-04T09:48:10.132+0000] {processor.py:161} INFO - Started process (PID=1590) to work on /home/airflow/.local/lib/python3.12/site-packages/airflow/example_dags/example_short_circuit_decorator.py
[2024-07-04T09:48:10.133+0000] {processor.py:830} INFO - Processing file /home/airflow/.local/lib/python3.12/site-packages/airflow/example_dags/example_short_circuit_decorator.py for tasks to queue
[2024-07-04T09:48:10.136+0000] {logging_mixin.py:188} INFO - [2024-07-04T09:48:10.135+0000] {dagbag.py:545} INFO - Filling up the DagBag from /home/airflow/.local/lib/python3.12/site-packages/airflow/example_dags/example_short_circuit_decorator.py
[2024-07-04T09:48:10.149+0000] {processor.py:840} INFO - DAG(s) 'example_short_circuit_decorator' retrieved from /home/airflow/.local/lib/python3.12/site-packages/airflow/example_dags/example_short_circuit_decorator.py
[2024-07-04T09:48:10.181+0000] {logging_mixin.py:188} INFO - [2024-07-04T09:48:10.181+0000] {dag.py:3096} INFO - Sync 1 DAGs
[2024-07-04T09:48:10.207+0000] {logging_mixin.py:188} INFO - [2024-07-04T09:48:10.207+0000] {dag.py:3954} INFO - Setting next_dagrun for example_short_circuit_decorator to 2024-07-03 00:00:00+00:00, run_after=2024-07-04 00:00:00+00:00
[2024-07-04T09:48:10.237+0000] {processor.py:183} INFO - Processing /home/airflow/.local/lib/python3.12/site-packages/airflow/example_dags/example_short_circuit_decorator.py took 0.111 seconds
[2024-07-04T09:48:40.705+0000] {processor.py:161} INFO - Started process (PID=1649) to work on /home/airflow/.local/lib/python3.12/site-packages/airflow/example_dags/example_short_circuit_decorator.py
[2024-07-04T09:48:40.706+0000] {processor.py:830} INFO - Processing file /home/airflow/.local/lib/python3.12/site-packages/airflow/example_dags/example_short_circuit_decorator.py for tasks to queue
[2024-07-04T09:48:40.708+0000] {logging_mixin.py:188} INFO - [2024-07-04T09:48:40.707+0000] {dagbag.py:545} INFO - Filling up the DagBag from /home/airflow/.local/lib/python3.12/site-packages/airflow/example_dags/example_short_circuit_decorator.py
[2024-07-04T09:48:40.716+0000] {processor.py:840} INFO - DAG(s) 'example_short_circuit_decorator' retrieved from /home/airflow/.local/lib/python3.12/site-packages/airflow/example_dags/example_short_circuit_decorator.py
[2024-07-04T09:48:40.744+0000] {logging_mixin.py:188} INFO - [2024-07-04T09:48:40.744+0000] {dag.py:3096} INFO - Sync 1 DAGs
[2024-07-04T09:48:40.775+0000] {logging_mixin.py:188} INFO - [2024-07-04T09:48:40.775+0000] {dag.py:3954} INFO - Setting next_dagrun for example_short_circuit_decorator to 2024-07-03 00:00:00+00:00, run_after=2024-07-04 00:00:00+00:00
[2024-07-04T09:48:40.798+0000] {processor.py:183} INFO - Processing /home/airflow/.local/lib/python3.12/site-packages/airflow/example_dags/example_short_circuit_decorator.py took 0.098 seconds
[2024-07-04T09:49:11.647+0000] {processor.py:161} INFO - Started process (PID=1708) to work on /home/airflow/.local/lib/python3.12/site-packages/airflow/example_dags/example_short_circuit_decorator.py
[2024-07-04T09:49:11.649+0000] {processor.py:830} INFO - Processing file /home/airflow/.local/lib/python3.12/site-packages/airflow/example_dags/example_short_circuit_decorator.py for tasks to queue
[2024-07-04T09:49:11.650+0000] {logging_mixin.py:188} INFO - [2024-07-04T09:49:11.650+0000] {dagbag.py:545} INFO - Filling up the DagBag from /home/airflow/.local/lib/python3.12/site-packages/airflow/example_dags/example_short_circuit_decorator.py
[2024-07-04T09:49:11.659+0000] {processor.py:840} INFO - DAG(s) 'example_short_circuit_decorator' retrieved from /home/airflow/.local/lib/python3.12/site-packages/airflow/example_dags/example_short_circuit_decorator.py
[2024-07-04T09:49:11.680+0000] {logging_mixin.py:188} INFO - [2024-07-04T09:49:11.680+0000] {dag.py:3096} INFO - Sync 1 DAGs
[2024-07-04T09:49:11.699+0000] {logging_mixin.py:188} INFO - [2024-07-04T09:49:11.698+0000] {dag.py:3954} INFO - Setting next_dagrun for example_short_circuit_decorator to 2024-07-03 00:00:00+00:00, run_after=2024-07-04 00:00:00+00:00
[2024-07-04T09:49:11.716+0000] {processor.py:183} INFO - Processing /home/airflow/.local/lib/python3.12/site-packages/airflow/example_dags/example_short_circuit_decorator.py took 0.074 seconds
[2024-07-04T09:49:42.712+0000] {processor.py:161} INFO - Started process (PID=1768) to work on /home/airflow/.local/lib/python3.12/site-packages/airflow/example_dags/example_short_circuit_decorator.py
[2024-07-04T09:49:42.713+0000] {processor.py:830} INFO - Processing file /home/airflow/.local/lib/python3.12/site-packages/airflow/example_dags/example_short_circuit_decorator.py for tasks to queue
[2024-07-04T09:49:42.715+0000] {logging_mixin.py:188} INFO - [2024-07-04T09:49:42.714+0000] {dagbag.py:545} INFO - Filling up the DagBag from /home/airflow/.local/lib/python3.12/site-packages/airflow/example_dags/example_short_circuit_decorator.py
[2024-07-04T09:49:42.724+0000] {processor.py:840} INFO - DAG(s) 'example_short_circuit_decorator' retrieved from /home/airflow/.local/lib/python3.12/site-packages/airflow/example_dags/example_short_circuit_decorator.py
[2024-07-04T09:49:42.747+0000] {logging_mixin.py:188} INFO - [2024-07-04T09:49:42.747+0000] {dag.py:3096} INFO - Sync 1 DAGs
[2024-07-04T09:49:42.923+0000] {logging_mixin.py:188} INFO - [2024-07-04T09:49:42.923+0000] {dag.py:3954} INFO - Setting next_dagrun for example_short_circuit_decorator to 2024-07-03 00:00:00+00:00, run_after=2024-07-04 00:00:00+00:00
[2024-07-04T09:49:42.942+0000] {processor.py:183} INFO - Processing /home/airflow/.local/lib/python3.12/site-packages/airflow/example_dags/example_short_circuit_decorator.py took 0.235 seconds
[2024-07-04T09:50:13.166+0000] {processor.py:161} INFO - Started process (PID=1826) to work on /home/airflow/.local/lib/python3.12/site-packages/airflow/example_dags/example_short_circuit_decorator.py
[2024-07-04T09:50:13.167+0000] {processor.py:830} INFO - Processing file /home/airflow/.local/lib/python3.12/site-packages/airflow/example_dags/example_short_circuit_decorator.py for tasks to queue
[2024-07-04T09:50:13.170+0000] {logging_mixin.py:188} INFO - [2024-07-04T09:50:13.170+0000] {dagbag.py:545} INFO - Filling up the DagBag from /home/airflow/.local/lib/python3.12/site-packages/airflow/example_dags/example_short_circuit_decorator.py
[2024-07-04T09:50:13.185+0000] {processor.py:840} INFO - DAG(s) 'example_short_circuit_decorator' retrieved from /home/airflow/.local/lib/python3.12/site-packages/airflow/example_dags/example_short_circuit_decorator.py
[2024-07-04T09:50:13.226+0000] {logging_mixin.py:188} INFO - [2024-07-04T09:50:13.225+0000] {dag.py:3096} INFO - Sync 1 DAGs
[2024-07-04T09:50:13.445+0000] {logging_mixin.py:188} INFO - [2024-07-04T09:50:13.445+0000] {dag.py:3954} INFO - Setting next_dagrun for example_short_circuit_decorator to 2024-07-03 00:00:00+00:00, run_after=2024-07-04 00:00:00+00:00
[2024-07-04T09:50:13.471+0000] {processor.py:183} INFO - Processing /home/airflow/.local/lib/python3.12/site-packages/airflow/example_dags/example_short_circuit_decorator.py took 0.318 seconds
[2024-07-04T09:50:44.433+0000] {processor.py:161} INFO - Started process (PID=1886) to work on /home/airflow/.local/lib/python3.12/site-packages/airflow/example_dags/example_short_circuit_decorator.py
[2024-07-04T09:50:44.436+0000] {processor.py:830} INFO - Processing file /home/airflow/.local/lib/python3.12/site-packages/airflow/example_dags/example_short_circuit_decorator.py for tasks to queue
[2024-07-04T09:50:44.451+0000] {logging_mixin.py:188} INFO - [2024-07-04T09:50:44.451+0000] {dagbag.py:545} INFO - Filling up the DagBag from /home/airflow/.local/lib/python3.12/site-packages/airflow/example_dags/example_short_circuit_decorator.py
[2024-07-04T09:50:44.460+0000] {processor.py:840} INFO - DAG(s) 'example_short_circuit_decorator' retrieved from /home/airflow/.local/lib/python3.12/site-packages/airflow/example_dags/example_short_circuit_decorator.py
[2024-07-04T09:50:44.530+0000] {logging_mixin.py:188} INFO - [2024-07-04T09:50:44.530+0000] {dag.py:3096} INFO - Sync 1 DAGs
[2024-07-04T09:50:44.576+0000] {logging_mixin.py:188} INFO - [2024-07-04T09:50:44.575+0000] {dag.py:3954} INFO - Setting next_dagrun for example_short_circuit_decorator to 2024-07-03 00:00:00+00:00, run_after=2024-07-04 00:00:00+00:00
[2024-07-04T09:50:44.768+0000] {processor.py:183} INFO - Processing /home/airflow/.local/lib/python3.12/site-packages/airflow/example_dags/example_short_circuit_decorator.py took 0.341 seconds
[2024-07-04T09:51:15.781+0000] {processor.py:161} INFO - Started process (PID=1945) to work on /home/airflow/.local/lib/python3.12/site-packages/airflow/example_dags/example_short_circuit_decorator.py
[2024-07-04T09:51:15.797+0000] {processor.py:830} INFO - Processing file /home/airflow/.local/lib/python3.12/site-packages/airflow/example_dags/example_short_circuit_decorator.py for tasks to queue
[2024-07-04T09:51:15.799+0000] {logging_mixin.py:188} INFO - [2024-07-04T09:51:15.799+0000] {dagbag.py:545} INFO - Filling up the DagBag from /home/airflow/.local/lib/python3.12/site-packages/airflow/example_dags/example_short_circuit_decorator.py
[2024-07-04T09:51:15.817+0000] {processor.py:840} INFO - DAG(s) 'example_short_circuit_decorator' retrieved from /home/airflow/.local/lib/python3.12/site-packages/airflow/example_dags/example_short_circuit_decorator.py
[2024-07-04T09:51:15.858+0000] {logging_mixin.py:188} INFO - [2024-07-04T09:51:15.858+0000] {dag.py:3096} INFO - Sync 1 DAGs
[2024-07-04T09:51:15.899+0000] {logging_mixin.py:188} INFO - [2024-07-04T09:51:15.899+0000] {dag.py:3954} INFO - Setting next_dagrun for example_short_circuit_decorator to 2024-07-03 00:00:00+00:00, run_after=2024-07-04 00:00:00+00:00
[2024-07-04T09:51:15.942+0000] {processor.py:183} INFO - Processing /home/airflow/.local/lib/python3.12/site-packages/airflow/example_dags/example_short_circuit_decorator.py took 0.167 seconds
[2024-07-04T09:51:46.030+0000] {processor.py:161} INFO - Started process (PID=2003) to work on /home/airflow/.local/lib/python3.12/site-packages/airflow/example_dags/example_short_circuit_decorator.py
[2024-07-04T09:51:46.031+0000] {processor.py:830} INFO - Processing file /home/airflow/.local/lib/python3.12/site-packages/airflow/example_dags/example_short_circuit_decorator.py for tasks to queue
[2024-07-04T09:51:46.033+0000] {logging_mixin.py:188} INFO - [2024-07-04T09:51:46.033+0000] {dagbag.py:545} INFO - Filling up the DagBag from /home/airflow/.local/lib/python3.12/site-packages/airflow/example_dags/example_short_circuit_decorator.py
[2024-07-04T09:51:46.041+0000] {processor.py:840} INFO - DAG(s) 'example_short_circuit_decorator' retrieved from /home/airflow/.local/lib/python3.12/site-packages/airflow/example_dags/example_short_circuit_decorator.py
[2024-07-04T09:51:46.062+0000] {logging_mixin.py:188} INFO - [2024-07-04T09:51:46.062+0000] {dag.py:3096} INFO - Sync 1 DAGs
[2024-07-04T09:51:46.083+0000] {logging_mixin.py:188} INFO - [2024-07-04T09:51:46.082+0000] {dag.py:3954} INFO - Setting next_dagrun for example_short_circuit_decorator to 2024-07-03 00:00:00+00:00, run_after=2024-07-04 00:00:00+00:00
[2024-07-04T09:51:46.103+0000] {processor.py:183} INFO - Processing /home/airflow/.local/lib/python3.12/site-packages/airflow/example_dags/example_short_circuit_decorator.py took 0.078 seconds
[2024-07-04T09:52:16.662+0000] {processor.py:161} INFO - Started process (PID=2063) to work on /home/airflow/.local/lib/python3.12/site-packages/airflow/example_dags/example_short_circuit_decorator.py
[2024-07-04T09:52:16.663+0000] {processor.py:830} INFO - Processing file /home/airflow/.local/lib/python3.12/site-packages/airflow/example_dags/example_short_circuit_decorator.py for tasks to queue
[2024-07-04T09:52:16.667+0000] {logging_mixin.py:188} INFO - [2024-07-04T09:52:16.666+0000] {dagbag.py:545} INFO - Filling up the DagBag from /home/airflow/.local/lib/python3.12/site-packages/airflow/example_dags/example_short_circuit_decorator.py
[2024-07-04T09:52:16.680+0000] {processor.py:840} INFO - DAG(s) 'example_short_circuit_decorator' retrieved from /home/airflow/.local/lib/python3.12/site-packages/airflow/example_dags/example_short_circuit_decorator.py
[2024-07-04T09:52:16.738+0000] {logging_mixin.py:188} INFO - [2024-07-04T09:52:16.737+0000] {dag.py:3096} INFO - Sync 1 DAGs
[2024-07-04T09:52:16.786+0000] {logging_mixin.py:188} INFO - [2024-07-04T09:52:16.786+0000] {dag.py:3954} INFO - Setting next_dagrun for example_short_circuit_decorator to 2024-07-03 00:00:00+00:00, run_after=2024-07-04 00:00:00+00:00
[2024-07-04T09:52:16.837+0000] {processor.py:183} INFO - Processing /home/airflow/.local/lib/python3.12/site-packages/airflow/example_dags/example_short_circuit_decorator.py took 0.183 seconds
[2024-07-04T09:52:47.679+0000] {processor.py:161} INFO - Started process (PID=2122) to work on /home/airflow/.local/lib/python3.12/site-packages/airflow/example_dags/example_short_circuit_decorator.py
[2024-07-04T09:52:47.682+0000] {processor.py:830} INFO - Processing file /home/airflow/.local/lib/python3.12/site-packages/airflow/example_dags/example_short_circuit_decorator.py for tasks to queue
[2024-07-04T09:52:47.695+0000] {logging_mixin.py:188} INFO - [2024-07-04T09:52:47.695+0000] {dagbag.py:545} INFO - Filling up the DagBag from /home/airflow/.local/lib/python3.12/site-packages/airflow/example_dags/example_short_circuit_decorator.py
[2024-07-04T09:52:47.733+0000] {processor.py:840} INFO - DAG(s) 'example_short_circuit_decorator' retrieved from /home/airflow/.local/lib/python3.12/site-packages/airflow/example_dags/example_short_circuit_decorator.py
[2024-07-04T09:52:47.843+0000] {logging_mixin.py:188} INFO - [2024-07-04T09:52:47.842+0000] {dag.py:3096} INFO - Sync 1 DAGs
[2024-07-04T09:52:47.915+0000] {logging_mixin.py:188} INFO - [2024-07-04T09:52:47.914+0000] {dag.py:3954} INFO - Setting next_dagrun for example_short_circuit_decorator to 2024-07-03 00:00:00+00:00, run_after=2024-07-04 00:00:00+00:00
[2024-07-04T09:52:48.004+0000] {processor.py:183} INFO - Processing /home/airflow/.local/lib/python3.12/site-packages/airflow/example_dags/example_short_circuit_decorator.py took 0.336 seconds
[2024-07-04T09:53:19.033+0000] {processor.py:161} INFO - Started process (PID=2180) to work on /home/airflow/.local/lib/python3.12/site-packages/airflow/example_dags/example_short_circuit_decorator.py
[2024-07-04T09:53:19.034+0000] {processor.py:830} INFO - Processing file /home/airflow/.local/lib/python3.12/site-packages/airflow/example_dags/example_short_circuit_decorator.py for tasks to queue
[2024-07-04T09:53:19.036+0000] {logging_mixin.py:188} INFO - [2024-07-04T09:53:19.036+0000] {dagbag.py:545} INFO - Filling up the DagBag from /home/airflow/.local/lib/python3.12/site-packages/airflow/example_dags/example_short_circuit_decorator.py
[2024-07-04T09:53:19.046+0000] {processor.py:840} INFO - DAG(s) 'example_short_circuit_decorator' retrieved from /home/airflow/.local/lib/python3.12/site-packages/airflow/example_dags/example_short_circuit_decorator.py
[2024-07-04T09:53:19.069+0000] {logging_mixin.py:188} INFO - [2024-07-04T09:53:19.069+0000] {dag.py:3096} INFO - Sync 1 DAGs
[2024-07-04T09:53:19.094+0000] {logging_mixin.py:188} INFO - [2024-07-04T09:53:19.094+0000] {dag.py:3954} INFO - Setting next_dagrun for example_short_circuit_decorator to 2024-07-03 00:00:00+00:00, run_after=2024-07-04 00:00:00+00:00
[2024-07-04T09:53:19.115+0000] {processor.py:183} INFO - Processing /home/airflow/.local/lib/python3.12/site-packages/airflow/example_dags/example_short_circuit_decorator.py took 0.087 seconds
[2024-07-04T09:53:50.857+0000] {processor.py:161} INFO - Started process (PID=2239) to work on /home/airflow/.local/lib/python3.12/site-packages/airflow/example_dags/example_short_circuit_decorator.py
[2024-07-04T09:53:50.896+0000] {processor.py:830} INFO - Processing file /home/airflow/.local/lib/python3.12/site-packages/airflow/example_dags/example_short_circuit_decorator.py for tasks to queue
[2024-07-04T09:53:51.771+0000] {logging_mixin.py:188} INFO - [2024-07-04T09:53:51.751+0000] {dagbag.py:545} INFO - Filling up the DagBag from /home/airflow/.local/lib/python3.12/site-packages/airflow/example_dags/example_short_circuit_decorator.py
[2024-07-04T09:53:52.156+0000] {processor.py:840} INFO - DAG(s) 'example_short_circuit_decorator' retrieved from /home/airflow/.local/lib/python3.12/site-packages/airflow/example_dags/example_short_circuit_decorator.py
[2024-07-04T09:53:52.335+0000] {logging_mixin.py:188} INFO - [2024-07-04T09:53:52.335+0000] {dag.py:3096} INFO - Sync 1 DAGs
[2024-07-04T09:53:52.508+0000] {logging_mixin.py:188} INFO - [2024-07-04T09:53:52.499+0000] {dag.py:3954} INFO - Setting next_dagrun for example_short_circuit_decorator to 2024-07-03 00:00:00+00:00, run_after=2024-07-04 00:00:00+00:00
[2024-07-04T09:53:52.589+0000] {processor.py:183} INFO - Processing /home/airflow/.local/lib/python3.12/site-packages/airflow/example_dags/example_short_circuit_decorator.py took 2.362 seconds
[2024-07-04T09:54:22.745+0000] {processor.py:161} INFO - Started process (PID=2298) to work on /home/airflow/.local/lib/python3.12/site-packages/airflow/example_dags/example_short_circuit_decorator.py
[2024-07-04T09:54:22.748+0000] {processor.py:830} INFO - Processing file /home/airflow/.local/lib/python3.12/site-packages/airflow/example_dags/example_short_circuit_decorator.py for tasks to queue
[2024-07-04T09:54:22.756+0000] {logging_mixin.py:188} INFO - [2024-07-04T09:54:22.751+0000] {dagbag.py:545} INFO - Filling up the DagBag from /home/airflow/.local/lib/python3.12/site-packages/airflow/example_dags/example_short_circuit_decorator.py
[2024-07-04T09:54:22.779+0000] {processor.py:840} INFO - DAG(s) 'example_short_circuit_decorator' retrieved from /home/airflow/.local/lib/python3.12/site-packages/airflow/example_dags/example_short_circuit_decorator.py
[2024-07-04T09:54:22.829+0000] {logging_mixin.py:188} INFO - [2024-07-04T09:54:22.828+0000] {dag.py:3096} INFO - Sync 1 DAGs
[2024-07-04T09:54:22.870+0000] {logging_mixin.py:188} INFO - [2024-07-04T09:54:22.869+0000] {dag.py:3954} INFO - Setting next_dagrun for example_short_circuit_decorator to 2024-07-03 00:00:00+00:00, run_after=2024-07-04 00:00:00+00:00
[2024-07-04T09:54:22.911+0000] {processor.py:183} INFO - Processing /home/airflow/.local/lib/python3.12/site-packages/airflow/example_dags/example_short_circuit_decorator.py took 0.172 seconds
[2024-07-04T09:54:53.416+0000] {processor.py:161} INFO - Started process (PID=2356) to work on /home/airflow/.local/lib/python3.12/site-packages/airflow/example_dags/example_short_circuit_decorator.py
[2024-07-04T09:54:53.418+0000] {processor.py:830} INFO - Processing file /home/airflow/.local/lib/python3.12/site-packages/airflow/example_dags/example_short_circuit_decorator.py for tasks to queue
[2024-07-04T09:54:53.422+0000] {logging_mixin.py:188} INFO - [2024-07-04T09:54:53.422+0000] {dagbag.py:545} INFO - Filling up the DagBag from /home/airflow/.local/lib/python3.12/site-packages/airflow/example_dags/example_short_circuit_decorator.py
[2024-07-04T09:54:53.441+0000] {processor.py:840} INFO - DAG(s) 'example_short_circuit_decorator' retrieved from /home/airflow/.local/lib/python3.12/site-packages/airflow/example_dags/example_short_circuit_decorator.py
[2024-07-04T09:54:53.620+0000] {logging_mixin.py:188} INFO - [2024-07-04T09:54:53.620+0000] {dag.py:3096} INFO - Sync 1 DAGs
[2024-07-04T09:54:53.779+0000] {logging_mixin.py:188} INFO - [2024-07-04T09:54:53.779+0000] {dag.py:3954} INFO - Setting next_dagrun for example_short_circuit_decorator to 2024-07-03 00:00:00+00:00, run_after=2024-07-04 00:00:00+00:00
[2024-07-04T09:54:53.840+0000] {processor.py:183} INFO - Processing /home/airflow/.local/lib/python3.12/site-packages/airflow/example_dags/example_short_circuit_decorator.py took 0.429 seconds
[2024-07-04T09:55:24.170+0000] {processor.py:161} INFO - Started process (PID=2415) to work on /home/airflow/.local/lib/python3.12/site-packages/airflow/example_dags/example_short_circuit_decorator.py
[2024-07-04T09:55:24.172+0000] {processor.py:830} INFO - Processing file /home/airflow/.local/lib/python3.12/site-packages/airflow/example_dags/example_short_circuit_decorator.py for tasks to queue
[2024-07-04T09:55:24.174+0000] {logging_mixin.py:188} INFO - [2024-07-04T09:55:24.174+0000] {dagbag.py:545} INFO - Filling up the DagBag from /home/airflow/.local/lib/python3.12/site-packages/airflow/example_dags/example_short_circuit_decorator.py
[2024-07-04T09:55:24.186+0000] {processor.py:840} INFO - DAG(s) 'example_short_circuit_decorator' retrieved from /home/airflow/.local/lib/python3.12/site-packages/airflow/example_dags/example_short_circuit_decorator.py
[2024-07-04T09:55:24.211+0000] {logging_mixin.py:188} INFO - [2024-07-04T09:55:24.210+0000] {dag.py:3096} INFO - Sync 1 DAGs
[2024-07-04T09:55:24.232+0000] {logging_mixin.py:188} INFO - [2024-07-04T09:55:24.232+0000] {dag.py:3954} INFO - Setting next_dagrun for example_short_circuit_decorator to 2024-07-03 00:00:00+00:00, run_after=2024-07-04 00:00:00+00:00
[2024-07-04T09:55:24.256+0000] {processor.py:183} INFO - Processing /home/airflow/.local/lib/python3.12/site-packages/airflow/example_dags/example_short_circuit_decorator.py took 0.092 seconds
[2024-07-04T09:55:54.598+0000] {processor.py:161} INFO - Started process (PID=2472) to work on /home/airflow/.local/lib/python3.12/site-packages/airflow/example_dags/example_short_circuit_decorator.py
[2024-07-04T09:55:54.600+0000] {processor.py:830} INFO - Processing file /home/airflow/.local/lib/python3.12/site-packages/airflow/example_dags/example_short_circuit_decorator.py for tasks to queue
[2024-07-04T09:55:54.602+0000] {logging_mixin.py:188} INFO - [2024-07-04T09:55:54.602+0000] {dagbag.py:545} INFO - Filling up the DagBag from /home/airflow/.local/lib/python3.12/site-packages/airflow/example_dags/example_short_circuit_decorator.py
[2024-07-04T09:55:54.617+0000] {processor.py:840} INFO - DAG(s) 'example_short_circuit_decorator' retrieved from /home/airflow/.local/lib/python3.12/site-packages/airflow/example_dags/example_short_circuit_decorator.py
[2024-07-04T09:55:54.649+0000] {logging_mixin.py:188} INFO - [2024-07-04T09:55:54.649+0000] {dag.py:3096} INFO - Sync 1 DAGs
[2024-07-04T09:55:54.686+0000] {logging_mixin.py:188} INFO - [2024-07-04T09:55:54.686+0000] {dag.py:3954} INFO - Setting next_dagrun for example_short_circuit_decorator to 2024-07-03 00:00:00+00:00, run_after=2024-07-04 00:00:00+00:00
[2024-07-04T09:55:54.720+0000] {processor.py:183} INFO - Processing /home/airflow/.local/lib/python3.12/site-packages/airflow/example_dags/example_short_circuit_decorator.py took 0.129 seconds
[2024-07-04T09:56:24.796+0000] {processor.py:161} INFO - Started process (PID=2531) to work on /home/airflow/.local/lib/python3.12/site-packages/airflow/example_dags/example_short_circuit_decorator.py
[2024-07-04T09:56:24.798+0000] {processor.py:830} INFO - Processing file /home/airflow/.local/lib/python3.12/site-packages/airflow/example_dags/example_short_circuit_decorator.py for tasks to queue
[2024-07-04T09:56:24.801+0000] {logging_mixin.py:188} INFO - [2024-07-04T09:56:24.800+0000] {dagbag.py:545} INFO - Filling up the DagBag from /home/airflow/.local/lib/python3.12/site-packages/airflow/example_dags/example_short_circuit_decorator.py
[2024-07-04T09:56:24.821+0000] {processor.py:840} INFO - DAG(s) 'example_short_circuit_decorator' retrieved from /home/airflow/.local/lib/python3.12/site-packages/airflow/example_dags/example_short_circuit_decorator.py
[2024-07-04T09:56:24.860+0000] {logging_mixin.py:188} INFO - [2024-07-04T09:56:24.859+0000] {dag.py:3096} INFO - Sync 1 DAGs
[2024-07-04T09:56:24.910+0000] {logging_mixin.py:188} INFO - [2024-07-04T09:56:24.909+0000] {dag.py:3954} INFO - Setting next_dagrun for example_short_circuit_decorator to 2024-07-03 00:00:00+00:00, run_after=2024-07-04 00:00:00+00:00
[2024-07-04T09:56:24.933+0000] {processor.py:183} INFO - Processing /home/airflow/.local/lib/python3.12/site-packages/airflow/example_dags/example_short_circuit_decorator.py took 0.148 seconds
[2024-07-04T09:56:55.433+0000] {processor.py:161} INFO - Started process (PID=2590) to work on /home/airflow/.local/lib/python3.12/site-packages/airflow/example_dags/example_short_circuit_decorator.py
[2024-07-04T09:56:55.434+0000] {processor.py:830} INFO - Processing file /home/airflow/.local/lib/python3.12/site-packages/airflow/example_dags/example_short_circuit_decorator.py for tasks to queue
[2024-07-04T09:56:55.436+0000] {logging_mixin.py:188} INFO - [2024-07-04T09:56:55.436+0000] {dagbag.py:545} INFO - Filling up the DagBag from /home/airflow/.local/lib/python3.12/site-packages/airflow/example_dags/example_short_circuit_decorator.py
[2024-07-04T09:56:55.444+0000] {processor.py:840} INFO - DAG(s) 'example_short_circuit_decorator' retrieved from /home/airflow/.local/lib/python3.12/site-packages/airflow/example_dags/example_short_circuit_decorator.py
[2024-07-04T09:56:55.471+0000] {logging_mixin.py:188} INFO - [2024-07-04T09:56:55.471+0000] {dag.py:3096} INFO - Sync 1 DAGs
[2024-07-04T09:56:55.493+0000] {logging_mixin.py:188} INFO - [2024-07-04T09:56:55.493+0000] {dag.py:3954} INFO - Setting next_dagrun for example_short_circuit_decorator to 2024-07-03 00:00:00+00:00, run_after=2024-07-04 00:00:00+00:00
[2024-07-04T09:56:55.515+0000] {processor.py:183} INFO - Processing /home/airflow/.local/lib/python3.12/site-packages/airflow/example_dags/example_short_circuit_decorator.py took 0.088 seconds
[2024-07-04T09:57:26.009+0000] {processor.py:161} INFO - Started process (PID=2649) to work on /home/airflow/.local/lib/python3.12/site-packages/airflow/example_dags/example_short_circuit_decorator.py
[2024-07-04T09:57:26.010+0000] {processor.py:830} INFO - Processing file /home/airflow/.local/lib/python3.12/site-packages/airflow/example_dags/example_short_circuit_decorator.py for tasks to queue
[2024-07-04T09:57:26.013+0000] {logging_mixin.py:188} INFO - [2024-07-04T09:57:26.013+0000] {dagbag.py:545} INFO - Filling up the DagBag from /home/airflow/.local/lib/python3.12/site-packages/airflow/example_dags/example_short_circuit_decorator.py
[2024-07-04T09:57:26.036+0000] {processor.py:840} INFO - DAG(s) 'example_short_circuit_decorator' retrieved from /home/airflow/.local/lib/python3.12/site-packages/airflow/example_dags/example_short_circuit_decorator.py
[2024-07-04T09:57:26.067+0000] {logging_mixin.py:188} INFO - [2024-07-04T09:57:26.067+0000] {dag.py:3096} INFO - Sync 1 DAGs
[2024-07-04T09:57:26.097+0000] {logging_mixin.py:188} INFO - [2024-07-04T09:57:26.097+0000] {dag.py:3954} INFO - Setting next_dagrun for example_short_circuit_decorator to 2024-07-03 00:00:00+00:00, run_after=2024-07-04 00:00:00+00:00
[2024-07-04T09:57:26.116+0000] {processor.py:183} INFO - Processing /home/airflow/.local/lib/python3.12/site-packages/airflow/example_dags/example_short_circuit_decorator.py took 0.115 seconds
[2024-07-04T09:57:56.898+0000] {processor.py:161} INFO - Started process (PID=2709) to work on /home/airflow/.local/lib/python3.12/site-packages/airflow/example_dags/example_short_circuit_decorator.py
[2024-07-04T09:57:56.899+0000] {processor.py:830} INFO - Processing file /home/airflow/.local/lib/python3.12/site-packages/airflow/example_dags/example_short_circuit_decorator.py for tasks to queue
[2024-07-04T09:57:56.902+0000] {logging_mixin.py:188} INFO - [2024-07-04T09:57:56.901+0000] {dagbag.py:545} INFO - Filling up the DagBag from /home/airflow/.local/lib/python3.12/site-packages/airflow/example_dags/example_short_circuit_decorator.py
[2024-07-04T09:57:56.912+0000] {processor.py:840} INFO - DAG(s) 'example_short_circuit_decorator' retrieved from /home/airflow/.local/lib/python3.12/site-packages/airflow/example_dags/example_short_circuit_decorator.py
[2024-07-04T09:57:56.937+0000] {logging_mixin.py:188} INFO - [2024-07-04T09:57:56.937+0000] {dag.py:3096} INFO - Sync 1 DAGs
[2024-07-04T09:57:56.969+0000] {logging_mixin.py:188} INFO - [2024-07-04T09:57:56.968+0000] {dag.py:3954} INFO - Setting next_dagrun for example_short_circuit_decorator to 2024-07-03 00:00:00+00:00, run_after=2024-07-04 00:00:00+00:00
[2024-07-04T09:57:56.990+0000] {processor.py:183} INFO - Processing /home/airflow/.local/lib/python3.12/site-packages/airflow/example_dags/example_short_circuit_decorator.py took 0.103 seconds
[2024-07-04T09:58:27.145+0000] {processor.py:161} INFO - Started process (PID=2768) to work on /home/airflow/.local/lib/python3.12/site-packages/airflow/example_dags/example_short_circuit_decorator.py
[2024-07-04T09:58:27.147+0000] {processor.py:830} INFO - Processing file /home/airflow/.local/lib/python3.12/site-packages/airflow/example_dags/example_short_circuit_decorator.py for tasks to queue
[2024-07-04T09:58:27.153+0000] {logging_mixin.py:188} INFO - [2024-07-04T09:58:27.153+0000] {dagbag.py:545} INFO - Filling up the DagBag from /home/airflow/.local/lib/python3.12/site-packages/airflow/example_dags/example_short_circuit_decorator.py
[2024-07-04T09:58:27.164+0000] {processor.py:840} INFO - DAG(s) 'example_short_circuit_decorator' retrieved from /home/airflow/.local/lib/python3.12/site-packages/airflow/example_dags/example_short_circuit_decorator.py
[2024-07-04T09:58:27.213+0000] {logging_mixin.py:188} INFO - [2024-07-04T09:58:27.212+0000] {dag.py:3096} INFO - Sync 1 DAGs
[2024-07-04T09:58:27.256+0000] {logging_mixin.py:188} INFO - [2024-07-04T09:58:27.256+0000] {dag.py:3954} INFO - Setting next_dagrun for example_short_circuit_decorator to 2024-07-03 00:00:00+00:00, run_after=2024-07-04 00:00:00+00:00
[2024-07-04T09:58:27.290+0000] {processor.py:183} INFO - Processing /home/airflow/.local/lib/python3.12/site-packages/airflow/example_dags/example_short_circuit_decorator.py took 0.150 seconds
[2024-07-04T09:58:57.346+0000] {processor.py:161} INFO - Started process (PID=2828) to work on /home/airflow/.local/lib/python3.12/site-packages/airflow/example_dags/example_short_circuit_decorator.py
[2024-07-04T09:58:57.347+0000] {processor.py:830} INFO - Processing file /home/airflow/.local/lib/python3.12/site-packages/airflow/example_dags/example_short_circuit_decorator.py for tasks to queue
[2024-07-04T09:58:57.348+0000] {logging_mixin.py:188} INFO - [2024-07-04T09:58:57.348+0000] {dagbag.py:545} INFO - Filling up the DagBag from /home/airflow/.local/lib/python3.12/site-packages/airflow/example_dags/example_short_circuit_decorator.py
[2024-07-04T09:58:57.357+0000] {processor.py:840} INFO - DAG(s) 'example_short_circuit_decorator' retrieved from /home/airflow/.local/lib/python3.12/site-packages/airflow/example_dags/example_short_circuit_decorator.py
[2024-07-04T09:58:57.386+0000] {logging_mixin.py:188} INFO - [2024-07-04T09:58:57.386+0000] {dag.py:3096} INFO - Sync 1 DAGs
[2024-07-04T09:58:57.405+0000] {logging_mixin.py:188} INFO - [2024-07-04T09:58:57.405+0000] {dag.py:3954} INFO - Setting next_dagrun for example_short_circuit_decorator to 2024-07-03 00:00:00+00:00, run_after=2024-07-04 00:00:00+00:00
[2024-07-04T09:58:57.434+0000] {processor.py:183} INFO - Processing /home/airflow/.local/lib/python3.12/site-packages/airflow/example_dags/example_short_circuit_decorator.py took 0.094 seconds
[2024-07-04T09:59:27.526+0000] {processor.py:161} INFO - Started process (PID=2887) to work on /home/airflow/.local/lib/python3.12/site-packages/airflow/example_dags/example_short_circuit_decorator.py
[2024-07-04T09:59:27.534+0000] {processor.py:830} INFO - Processing file /home/airflow/.local/lib/python3.12/site-packages/airflow/example_dags/example_short_circuit_decorator.py for tasks to queue
[2024-07-04T09:59:27.537+0000] {logging_mixin.py:188} INFO - [2024-07-04T09:59:27.536+0000] {dagbag.py:545} INFO - Filling up the DagBag from /home/airflow/.local/lib/python3.12/site-packages/airflow/example_dags/example_short_circuit_decorator.py
[2024-07-04T09:59:27.558+0000] {processor.py:840} INFO - DAG(s) 'example_short_circuit_decorator' retrieved from /home/airflow/.local/lib/python3.12/site-packages/airflow/example_dags/example_short_circuit_decorator.py
[2024-07-04T09:59:27.617+0000] {logging_mixin.py:188} INFO - [2024-07-04T09:59:27.617+0000] {dag.py:3096} INFO - Sync 1 DAGs
[2024-07-04T09:59:27.659+0000] {logging_mixin.py:188} INFO - [2024-07-04T09:59:27.658+0000] {dag.py:3954} INFO - Setting next_dagrun for example_short_circuit_decorator to 2024-07-03 00:00:00+00:00, run_after=2024-07-04 00:00:00+00:00
[2024-07-04T09:59:27.699+0000] {processor.py:183} INFO - Processing /home/airflow/.local/lib/python3.12/site-packages/airflow/example_dags/example_short_circuit_decorator.py took 0.179 seconds
[2024-07-04T09:59:57.755+0000] {processor.py:161} INFO - Started process (PID=2946) to work on /home/airflow/.local/lib/python3.12/site-packages/airflow/example_dags/example_short_circuit_decorator.py
[2024-07-04T09:59:57.756+0000] {processor.py:830} INFO - Processing file /home/airflow/.local/lib/python3.12/site-packages/airflow/example_dags/example_short_circuit_decorator.py for tasks to queue
[2024-07-04T09:59:57.758+0000] {logging_mixin.py:188} INFO - [2024-07-04T09:59:57.757+0000] {dagbag.py:545} INFO - Filling up the DagBag from /home/airflow/.local/lib/python3.12/site-packages/airflow/example_dags/example_short_circuit_decorator.py
[2024-07-04T09:59:57.767+0000] {processor.py:840} INFO - DAG(s) 'example_short_circuit_decorator' retrieved from /home/airflow/.local/lib/python3.12/site-packages/airflow/example_dags/example_short_circuit_decorator.py
[2024-07-04T09:59:57.789+0000] {logging_mixin.py:188} INFO - [2024-07-04T09:59:57.788+0000] {dag.py:3096} INFO - Sync 1 DAGs
[2024-07-04T09:59:57.810+0000] {logging_mixin.py:188} INFO - [2024-07-04T09:59:57.809+0000] {dag.py:3954} INFO - Setting next_dagrun for example_short_circuit_decorator to 2024-07-03 00:00:00+00:00, run_after=2024-07-04 00:00:00+00:00
[2024-07-04T09:59:57.829+0000] {processor.py:183} INFO - Processing /home/airflow/.local/lib/python3.12/site-packages/airflow/example_dags/example_short_circuit_decorator.py took 0.079 seconds
[2024-07-04T10:00:28.793+0000] {processor.py:161} INFO - Started process (PID=3005) to work on /home/airflow/.local/lib/python3.12/site-packages/airflow/example_dags/example_short_circuit_decorator.py
[2024-07-04T10:00:28.794+0000] {processor.py:830} INFO - Processing file /home/airflow/.local/lib/python3.12/site-packages/airflow/example_dags/example_short_circuit_decorator.py for tasks to queue
[2024-07-04T10:00:28.797+0000] {logging_mixin.py:188} INFO - [2024-07-04T10:00:28.797+0000] {dagbag.py:545} INFO - Filling up the DagBag from /home/airflow/.local/lib/python3.12/site-packages/airflow/example_dags/example_short_circuit_decorator.py
[2024-07-04T10:00:28.816+0000] {processor.py:840} INFO - DAG(s) 'example_short_circuit_decorator' retrieved from /home/airflow/.local/lib/python3.12/site-packages/airflow/example_dags/example_short_circuit_decorator.py
[2024-07-04T10:00:28.848+0000] {logging_mixin.py:188} INFO - [2024-07-04T10:00:28.848+0000] {dag.py:3096} INFO - Sync 1 DAGs
[2024-07-04T10:00:28.883+0000] {logging_mixin.py:188} INFO - [2024-07-04T10:00:28.883+0000] {dag.py:3954} INFO - Setting next_dagrun for example_short_circuit_decorator to 2024-07-03 00:00:00+00:00, run_after=2024-07-04 00:00:00+00:00
[2024-07-04T10:00:28.910+0000] {processor.py:183} INFO - Processing /home/airflow/.local/lib/python3.12/site-packages/airflow/example_dags/example_short_circuit_decorator.py took 0.127 seconds
[2024-07-04T10:00:59.196+0000] {processor.py:161} INFO - Started process (PID=3066) to work on /home/airflow/.local/lib/python3.12/site-packages/airflow/example_dags/example_short_circuit_decorator.py
[2024-07-04T10:00:59.197+0000] {processor.py:830} INFO - Processing file /home/airflow/.local/lib/python3.12/site-packages/airflow/example_dags/example_short_circuit_decorator.py for tasks to queue
[2024-07-04T10:00:59.199+0000] {logging_mixin.py:188} INFO - [2024-07-04T10:00:59.198+0000] {dagbag.py:545} INFO - Filling up the DagBag from /home/airflow/.local/lib/python3.12/site-packages/airflow/example_dags/example_short_circuit_decorator.py
[2024-07-04T10:00:59.209+0000] {processor.py:840} INFO - DAG(s) 'example_short_circuit_decorator' retrieved from /home/airflow/.local/lib/python3.12/site-packages/airflow/example_dags/example_short_circuit_decorator.py
[2024-07-04T10:00:59.240+0000] {logging_mixin.py:188} INFO - [2024-07-04T10:00:59.239+0000] {dag.py:3096} INFO - Sync 1 DAGs
[2024-07-04T10:00:59.266+0000] {logging_mixin.py:188} INFO - [2024-07-04T10:00:59.265+0000] {dag.py:3954} INFO - Setting next_dagrun for example_short_circuit_decorator to 2024-07-03 00:00:00+00:00, run_after=2024-07-04 00:00:00+00:00
[2024-07-04T10:00:59.287+0000] {processor.py:183} INFO - Processing /home/airflow/.local/lib/python3.12/site-packages/airflow/example_dags/example_short_circuit_decorator.py took 0.098 seconds
[2024-07-04T10:01:30.560+0000] {processor.py:161} INFO - Started process (PID=3125) to work on /home/airflow/.local/lib/python3.12/site-packages/airflow/example_dags/example_short_circuit_decorator.py
[2024-07-04T10:01:30.562+0000] {processor.py:830} INFO - Processing file /home/airflow/.local/lib/python3.12/site-packages/airflow/example_dags/example_short_circuit_decorator.py for tasks to queue
[2024-07-04T10:01:30.565+0000] {logging_mixin.py:188} INFO - [2024-07-04T10:01:30.564+0000] {dagbag.py:545} INFO - Filling up the DagBag from /home/airflow/.local/lib/python3.12/site-packages/airflow/example_dags/example_short_circuit_decorator.py
[2024-07-04T10:01:30.585+0000] {processor.py:840} INFO - DAG(s) 'example_short_circuit_decorator' retrieved from /home/airflow/.local/lib/python3.12/site-packages/airflow/example_dags/example_short_circuit_decorator.py
[2024-07-04T10:01:30.642+0000] {logging_mixin.py:188} INFO - [2024-07-04T10:01:30.641+0000] {dag.py:3096} INFO - Sync 1 DAGs
[2024-07-04T10:01:30.674+0000] {logging_mixin.py:188} INFO - [2024-07-04T10:01:30.674+0000] {dag.py:3954} INFO - Setting next_dagrun for example_short_circuit_decorator to 2024-07-03 00:00:00+00:00, run_after=2024-07-04 00:00:00+00:00
[2024-07-04T10:01:30.702+0000] {processor.py:183} INFO - Processing /home/airflow/.local/lib/python3.12/site-packages/airflow/example_dags/example_short_circuit_decorator.py took 0.156 seconds
[2024-07-04T10:02:00.849+0000] {processor.py:161} INFO - Started process (PID=3183) to work on /home/airflow/.local/lib/python3.12/site-packages/airflow/example_dags/example_short_circuit_decorator.py
[2024-07-04T10:02:00.852+0000] {processor.py:830} INFO - Processing file /home/airflow/.local/lib/python3.12/site-packages/airflow/example_dags/example_short_circuit_decorator.py for tasks to queue
[2024-07-04T10:02:00.857+0000] {logging_mixin.py:188} INFO - [2024-07-04T10:02:00.857+0000] {dagbag.py:545} INFO - Filling up the DagBag from /home/airflow/.local/lib/python3.12/site-packages/airflow/example_dags/example_short_circuit_decorator.py
[2024-07-04T10:02:00.871+0000] {processor.py:840} INFO - DAG(s) 'example_short_circuit_decorator' retrieved from /home/airflow/.local/lib/python3.12/site-packages/airflow/example_dags/example_short_circuit_decorator.py
[2024-07-04T10:02:00.924+0000] {logging_mixin.py:188} INFO - [2024-07-04T10:02:00.923+0000] {dag.py:3096} INFO - Sync 1 DAGs
[2024-07-04T10:02:00.962+0000] {logging_mixin.py:188} INFO - [2024-07-04T10:02:00.962+0000] {dag.py:3954} INFO - Setting next_dagrun for example_short_circuit_decorator to 2024-07-03 00:00:00+00:00, run_after=2024-07-04 00:00:00+00:00
[2024-07-04T10:02:01.040+0000] {processor.py:183} INFO - Processing /home/airflow/.local/lib/python3.12/site-packages/airflow/example_dags/example_short_circuit_decorator.py took 0.197 seconds
[2024-07-04T10:02:31.188+0000] {processor.py:161} INFO - Started process (PID=3240) to work on /home/airflow/.local/lib/python3.12/site-packages/airflow/example_dags/example_short_circuit_decorator.py
[2024-07-04T10:02:31.190+0000] {processor.py:830} INFO - Processing file /home/airflow/.local/lib/python3.12/site-packages/airflow/example_dags/example_short_circuit_decorator.py for tasks to queue
[2024-07-04T10:02:31.192+0000] {logging_mixin.py:188} INFO - [2024-07-04T10:02:31.192+0000] {dagbag.py:545} INFO - Filling up the DagBag from /home/airflow/.local/lib/python3.12/site-packages/airflow/example_dags/example_short_circuit_decorator.py
[2024-07-04T10:02:31.204+0000] {processor.py:840} INFO - DAG(s) 'example_short_circuit_decorator' retrieved from /home/airflow/.local/lib/python3.12/site-packages/airflow/example_dags/example_short_circuit_decorator.py
[2024-07-04T10:02:31.227+0000] {logging_mixin.py:188} INFO - [2024-07-04T10:02:31.227+0000] {dag.py:3096} INFO - Sync 1 DAGs
[2024-07-04T10:02:31.249+0000] {logging_mixin.py:188} INFO - [2024-07-04T10:02:31.249+0000] {dag.py:3954} INFO - Setting next_dagrun for example_short_circuit_decorator to 2024-07-03 00:00:00+00:00, run_after=2024-07-04 00:00:00+00:00
[2024-07-04T10:02:31.270+0000] {processor.py:183} INFO - Processing /home/airflow/.local/lib/python3.12/site-packages/airflow/example_dags/example_short_circuit_decorator.py took 0.092 seconds
[2024-07-04T10:03:01.746+0000] {processor.py:161} INFO - Started process (PID=3300) to work on /home/airflow/.local/lib/python3.12/site-packages/airflow/example_dags/example_short_circuit_decorator.py
[2024-07-04T10:03:01.748+0000] {processor.py:830} INFO - Processing file /home/airflow/.local/lib/python3.12/site-packages/airflow/example_dags/example_short_circuit_decorator.py for tasks to queue
[2024-07-04T10:03:01.750+0000] {logging_mixin.py:188} INFO - [2024-07-04T10:03:01.750+0000] {dagbag.py:545} INFO - Filling up the DagBag from /home/airflow/.local/lib/python3.12/site-packages/airflow/example_dags/example_short_circuit_decorator.py
[2024-07-04T10:03:01.760+0000] {processor.py:840} INFO - DAG(s) 'example_short_circuit_decorator' retrieved from /home/airflow/.local/lib/python3.12/site-packages/airflow/example_dags/example_short_circuit_decorator.py
[2024-07-04T10:03:01.816+0000] {logging_mixin.py:188} INFO - [2024-07-04T10:03:01.815+0000] {dag.py:3096} INFO - Sync 1 DAGs
[2024-07-04T10:03:01.864+0000] {logging_mixin.py:188} INFO - [2024-07-04T10:03:01.863+0000] {dag.py:3954} INFO - Setting next_dagrun for example_short_circuit_decorator to 2024-07-03 00:00:00+00:00, run_after=2024-07-04 00:00:00+00:00
[2024-07-04T10:03:01.911+0000] {processor.py:183} INFO - Processing /home/airflow/.local/lib/python3.12/site-packages/airflow/example_dags/example_short_circuit_decorator.py took 0.185 seconds
[2024-07-04T10:03:31.960+0000] {processor.py:161} INFO - Started process (PID=3359) to work on /home/airflow/.local/lib/python3.12/site-packages/airflow/example_dags/example_short_circuit_decorator.py
[2024-07-04T10:03:31.961+0000] {processor.py:830} INFO - Processing file /home/airflow/.local/lib/python3.12/site-packages/airflow/example_dags/example_short_circuit_decorator.py for tasks to queue
[2024-07-04T10:03:31.963+0000] {logging_mixin.py:188} INFO - [2024-07-04T10:03:31.963+0000] {dagbag.py:545} INFO - Filling up the DagBag from /home/airflow/.local/lib/python3.12/site-packages/airflow/example_dags/example_short_circuit_decorator.py
[2024-07-04T10:03:31.972+0000] {processor.py:840} INFO - DAG(s) 'example_short_circuit_decorator' retrieved from /home/airflow/.local/lib/python3.12/site-packages/airflow/example_dags/example_short_circuit_decorator.py
[2024-07-04T10:03:32.000+0000] {logging_mixin.py:188} INFO - [2024-07-04T10:03:32.000+0000] {dag.py:3096} INFO - Sync 1 DAGs
[2024-07-04T10:03:32.026+0000] {logging_mixin.py:188} INFO - [2024-07-04T10:03:32.026+0000] {dag.py:3954} INFO - Setting next_dagrun for example_short_circuit_decorator to 2024-07-03 00:00:00+00:00, run_after=2024-07-04 00:00:00+00:00
[2024-07-04T10:03:32.052+0000] {processor.py:183} INFO - Processing /home/airflow/.local/lib/python3.12/site-packages/airflow/example_dags/example_short_circuit_decorator.py took 0.101 seconds
