[2024-07-04T09:34:52.013+0000] {processor.py:161} INFO - Started process (PID=53) to work on /home/airflow/.local/lib/python3.12/site-packages/airflow/example_dags/example_xcomargs.py
[2024-07-04T09:34:52.088+0000] {processor.py:830} INFO - Processing file /home/airflow/.local/lib/python3.12/site-packages/airflow/example_dags/example_xcomargs.py for tasks to queue
[2024-07-04T09:34:52.098+0000] {logging_mixin.py:188} INFO - [2024-07-04T09:34:52.097+0000] {dagbag.py:545} INFO - Filling up the DagBag from /home/airflow/.local/lib/python3.12/site-packages/airflow/example_dags/example_xcomargs.py
[2024-07-04T09:34:52.157+0000] {processor.py:840} INFO - DAG(s) 'example_xcom_args', 'example_xcom_args_with_operators' retrieved from /home/airflow/.local/lib/python3.12/site-packages/airflow/example_dags/example_xcomargs.py
[2024-07-04T09:34:53.023+0000] {logging_mixin.py:188} INFO - [2024-07-04T09:34:53.020+0000] {dag.py:3096} INFO - Sync 2 DAGs
[2024-07-04T09:34:53.225+0000] {logging_mixin.py:188} INFO - [2024-07-04T09:34:53.224+0000] {dag.py:3954} INFO - Setting next_dagrun for example_xcom_args to None, run_after=None
[2024-07-04T09:34:53.243+0000] {logging_mixin.py:188} INFO - [2024-07-04T09:34:53.242+0000] {dag.py:3954} INFO - Setting next_dagrun for example_xcom_args_with_operators to None, run_after=None
[2024-07-04T09:34:53.318+0000] {processor.py:183} INFO - Processing /home/airflow/.local/lib/python3.12/site-packages/airflow/example_dags/example_xcomargs.py took 1.479 seconds
[2024-07-04T09:35:24.268+0000] {processor.py:161} INFO - Started process (PID=111) to work on /home/airflow/.local/lib/python3.12/site-packages/airflow/example_dags/example_xcomargs.py
[2024-07-04T09:35:24.269+0000] {processor.py:830} INFO - Processing file /home/airflow/.local/lib/python3.12/site-packages/airflow/example_dags/example_xcomargs.py for tasks to queue
[2024-07-04T09:35:24.272+0000] {logging_mixin.py:188} INFO - [2024-07-04T09:35:24.271+0000] {dagbag.py:545} INFO - Filling up the DagBag from /home/airflow/.local/lib/python3.12/site-packages/airflow/example_dags/example_xcomargs.py
[2024-07-04T09:35:24.283+0000] {processor.py:840} INFO - DAG(s) 'example_xcom_args', 'example_xcom_args_with_operators' retrieved from /home/airflow/.local/lib/python3.12/site-packages/airflow/example_dags/example_xcomargs.py
[2024-07-04T09:35:24.308+0000] {logging_mixin.py:188} INFO - [2024-07-04T09:35:24.307+0000] {dag.py:3096} INFO - Sync 2 DAGs
[2024-07-04T09:35:24.322+0000] {logging_mixin.py:188} INFO - [2024-07-04T09:35:24.321+0000] {dag.py:3954} INFO - Setting next_dagrun for example_xcom_args to None, run_after=None
[2024-07-04T09:35:24.326+0000] {logging_mixin.py:188} INFO - [2024-07-04T09:35:24.326+0000] {dag.py:3954} INFO - Setting next_dagrun for example_xcom_args_with_operators to None, run_after=None
[2024-07-04T09:35:24.346+0000] {processor.py:183} INFO - Processing /home/airflow/.local/lib/python3.12/site-packages/airflow/example_dags/example_xcomargs.py took 0.084 seconds
[2024-07-04T09:35:54.617+0000] {processor.py:161} INFO - Started process (PID=170) to work on /home/airflow/.local/lib/python3.12/site-packages/airflow/example_dags/example_xcomargs.py
[2024-07-04T09:35:54.619+0000] {processor.py:830} INFO - Processing file /home/airflow/.local/lib/python3.12/site-packages/airflow/example_dags/example_xcomargs.py for tasks to queue
[2024-07-04T09:35:54.621+0000] {logging_mixin.py:188} INFO - [2024-07-04T09:35:54.621+0000] {dagbag.py:545} INFO - Filling up the DagBag from /home/airflow/.local/lib/python3.12/site-packages/airflow/example_dags/example_xcomargs.py
[2024-07-04T09:35:54.631+0000] {processor.py:840} INFO - DAG(s) 'example_xcom_args_with_operators', 'example_xcom_args' retrieved from /home/airflow/.local/lib/python3.12/site-packages/airflow/example_dags/example_xcomargs.py
[2024-07-04T09:35:54.662+0000] {logging_mixin.py:188} INFO - [2024-07-04T09:35:54.661+0000] {dag.py:3096} INFO - Sync 2 DAGs
[2024-07-04T09:35:54.674+0000] {logging_mixin.py:188} INFO - [2024-07-04T09:35:54.674+0000] {dag.py:3954} INFO - Setting next_dagrun for example_xcom_args to None, run_after=None
[2024-07-04T09:35:54.681+0000] {logging_mixin.py:188} INFO - [2024-07-04T09:35:54.681+0000] {dag.py:3954} INFO - Setting next_dagrun for example_xcom_args_with_operators to None, run_after=None
[2024-07-04T09:35:54.700+0000] {processor.py:183} INFO - Processing /home/airflow/.local/lib/python3.12/site-packages/airflow/example_dags/example_xcomargs.py took 0.088 seconds
[2024-07-04T09:36:30.042+0000] {processor.py:161} INFO - Started process (PID=235) to work on /home/airflow/.local/lib/python3.12/site-packages/airflow/example_dags/example_xcomargs.py
[2024-07-04T09:36:30.046+0000] {processor.py:830} INFO - Processing file /home/airflow/.local/lib/python3.12/site-packages/airflow/example_dags/example_xcomargs.py for tasks to queue
[2024-07-04T09:36:30.062+0000] {logging_mixin.py:188} INFO - [2024-07-04T09:36:30.061+0000] {dagbag.py:545} INFO - Filling up the DagBag from /home/airflow/.local/lib/python3.12/site-packages/airflow/example_dags/example_xcomargs.py
[2024-07-04T09:36:30.137+0000] {processor.py:840} INFO - DAG(s) 'example_xcom_args_with_operators', 'example_xcom_args' retrieved from /home/airflow/.local/lib/python3.12/site-packages/airflow/example_dags/example_xcomargs.py
[2024-07-04T09:36:30.284+0000] {logging_mixin.py:188} INFO - [2024-07-04T09:36:30.284+0000] {dag.py:3096} INFO - Sync 2 DAGs
[2024-07-04T09:36:30.321+0000] {logging_mixin.py:188} INFO - [2024-07-04T09:36:30.321+0000] {dag.py:3954} INFO - Setting next_dagrun for example_xcom_args to None, run_after=None
[2024-07-04T09:36:30.333+0000] {logging_mixin.py:188} INFO - [2024-07-04T09:36:30.333+0000] {dag.py:3954} INFO - Setting next_dagrun for example_xcom_args_with_operators to None, run_after=None
[2024-07-04T09:36:30.404+0000] {processor.py:183} INFO - Processing /home/airflow/.local/lib/python3.12/site-packages/airflow/example_dags/example_xcomargs.py took 0.379 seconds
[2024-07-04T09:37:00.744+0000] {processor.py:161} INFO - Started process (PID=292) to work on /home/airflow/.local/lib/python3.12/site-packages/airflow/example_dags/example_xcomargs.py
[2024-07-04T09:37:00.767+0000] {processor.py:830} INFO - Processing file /home/airflow/.local/lib/python3.12/site-packages/airflow/example_dags/example_xcomargs.py for tasks to queue
[2024-07-04T09:37:00.772+0000] {logging_mixin.py:188} INFO - [2024-07-04T09:37:00.771+0000] {dagbag.py:545} INFO - Filling up the DagBag from /home/airflow/.local/lib/python3.12/site-packages/airflow/example_dags/example_xcomargs.py
[2024-07-04T09:37:00.794+0000] {processor.py:840} INFO - DAG(s) 'example_xcom_args_with_operators', 'example_xcom_args' retrieved from /home/airflow/.local/lib/python3.12/site-packages/airflow/example_dags/example_xcomargs.py
[2024-07-04T09:37:00.925+0000] {logging_mixin.py:188} INFO - [2024-07-04T09:37:00.913+0000] {dag.py:3096} INFO - Sync 2 DAGs
[2024-07-04T09:37:01.025+0000] {logging_mixin.py:188} INFO - [2024-07-04T09:37:01.024+0000] {dag.py:3954} INFO - Setting next_dagrun for example_xcom_args to None, run_after=None
[2024-07-04T09:37:01.049+0000] {logging_mixin.py:188} INFO - [2024-07-04T09:37:01.047+0000] {dag.py:3954} INFO - Setting next_dagrun for example_xcom_args_with_operators to None, run_after=None
[2024-07-04T09:37:01.164+0000] {processor.py:183} INFO - Processing /home/airflow/.local/lib/python3.12/site-packages/airflow/example_dags/example_xcomargs.py took 0.426 seconds
[2024-07-04T09:37:32.074+0000] {processor.py:161} INFO - Started process (PID=351) to work on /home/airflow/.local/lib/python3.12/site-packages/airflow/example_dags/example_xcomargs.py
[2024-07-04T09:37:32.075+0000] {processor.py:830} INFO - Processing file /home/airflow/.local/lib/python3.12/site-packages/airflow/example_dags/example_xcomargs.py for tasks to queue
[2024-07-04T09:37:32.077+0000] {logging_mixin.py:188} INFO - [2024-07-04T09:37:32.077+0000] {dagbag.py:545} INFO - Filling up the DagBag from /home/airflow/.local/lib/python3.12/site-packages/airflow/example_dags/example_xcomargs.py
[2024-07-04T09:37:32.085+0000] {processor.py:840} INFO - DAG(s) 'example_xcom_args_with_operators', 'example_xcom_args' retrieved from /home/airflow/.local/lib/python3.12/site-packages/airflow/example_dags/example_xcomargs.py
[2024-07-04T09:37:32.111+0000] {logging_mixin.py:188} INFO - [2024-07-04T09:37:32.111+0000] {dag.py:3096} INFO - Sync 2 DAGs
[2024-07-04T09:37:32.126+0000] {logging_mixin.py:188} INFO - [2024-07-04T09:37:32.126+0000] {dag.py:3954} INFO - Setting next_dagrun for example_xcom_args to None, run_after=None
[2024-07-04T09:37:32.131+0000] {logging_mixin.py:188} INFO - [2024-07-04T09:37:32.131+0000] {dag.py:3954} INFO - Setting next_dagrun for example_xcom_args_with_operators to None, run_after=None
[2024-07-04T09:37:32.149+0000] {processor.py:183} INFO - Processing /home/airflow/.local/lib/python3.12/site-packages/airflow/example_dags/example_xcomargs.py took 0.082 seconds
[2024-07-04T09:38:02.506+0000] {processor.py:161} INFO - Started process (PID=410) to work on /home/airflow/.local/lib/python3.12/site-packages/airflow/example_dags/example_xcomargs.py
[2024-07-04T09:38:02.507+0000] {processor.py:830} INFO - Processing file /home/airflow/.local/lib/python3.12/site-packages/airflow/example_dags/example_xcomargs.py for tasks to queue
[2024-07-04T09:38:02.509+0000] {logging_mixin.py:188} INFO - [2024-07-04T09:38:02.509+0000] {dagbag.py:545} INFO - Filling up the DagBag from /home/airflow/.local/lib/python3.12/site-packages/airflow/example_dags/example_xcomargs.py
[2024-07-04T09:38:02.522+0000] {processor.py:840} INFO - DAG(s) 'example_xcom_args_with_operators', 'example_xcom_args' retrieved from /home/airflow/.local/lib/python3.12/site-packages/airflow/example_dags/example_xcomargs.py
[2024-07-04T09:38:02.577+0000] {logging_mixin.py:188} INFO - [2024-07-04T09:38:02.577+0000] {dag.py:3096} INFO - Sync 2 DAGs
[2024-07-04T09:38:02.596+0000] {logging_mixin.py:188} INFO - [2024-07-04T09:38:02.596+0000] {dag.py:3954} INFO - Setting next_dagrun for example_xcom_args to None, run_after=None
[2024-07-04T09:38:02.602+0000] {logging_mixin.py:188} INFO - [2024-07-04T09:38:02.601+0000] {dag.py:3954} INFO - Setting next_dagrun for example_xcom_args_with_operators to None, run_after=None
[2024-07-04T09:38:02.622+0000] {processor.py:183} INFO - Processing /home/airflow/.local/lib/python3.12/site-packages/airflow/example_dags/example_xcomargs.py took 0.121 seconds
[2024-07-04T09:38:32.869+0000] {processor.py:161} INFO - Started process (PID=470) to work on /home/airflow/.local/lib/python3.12/site-packages/airflow/example_dags/example_xcomargs.py
[2024-07-04T09:38:32.873+0000] {processor.py:830} INFO - Processing file /home/airflow/.local/lib/python3.12/site-packages/airflow/example_dags/example_xcomargs.py for tasks to queue
[2024-07-04T09:38:32.877+0000] {logging_mixin.py:188} INFO - [2024-07-04T09:38:32.877+0000] {dagbag.py:545} INFO - Filling up the DagBag from /home/airflow/.local/lib/python3.12/site-packages/airflow/example_dags/example_xcomargs.py
[2024-07-04T09:38:32.896+0000] {processor.py:840} INFO - DAG(s) 'example_xcom_args', 'example_xcom_args_with_operators' retrieved from /home/airflow/.local/lib/python3.12/site-packages/airflow/example_dags/example_xcomargs.py
[2024-07-04T09:38:32.929+0000] {logging_mixin.py:188} INFO - [2024-07-04T09:38:32.929+0000] {dag.py:3096} INFO - Sync 2 DAGs
[2024-07-04T09:38:32.951+0000] {logging_mixin.py:188} INFO - [2024-07-04T09:38:32.951+0000] {dag.py:3954} INFO - Setting next_dagrun for example_xcom_args to None, run_after=None
[2024-07-04T09:38:32.958+0000] {logging_mixin.py:188} INFO - [2024-07-04T09:38:32.956+0000] {dag.py:3954} INFO - Setting next_dagrun for example_xcom_args_with_operators to None, run_after=None
[2024-07-04T09:38:32.983+0000] {processor.py:183} INFO - Processing /home/airflow/.local/lib/python3.12/site-packages/airflow/example_dags/example_xcomargs.py took 0.119 seconds
[2024-07-04T09:39:03.230+0000] {processor.py:161} INFO - Started process (PID=529) to work on /home/airflow/.local/lib/python3.12/site-packages/airflow/example_dags/example_xcomargs.py
[2024-07-04T09:39:03.232+0000] {processor.py:830} INFO - Processing file /home/airflow/.local/lib/python3.12/site-packages/airflow/example_dags/example_xcomargs.py for tasks to queue
[2024-07-04T09:39:03.234+0000] {logging_mixin.py:188} INFO - [2024-07-04T09:39:03.234+0000] {dagbag.py:545} INFO - Filling up the DagBag from /home/airflow/.local/lib/python3.12/site-packages/airflow/example_dags/example_xcomargs.py
[2024-07-04T09:39:03.242+0000] {processor.py:840} INFO - DAG(s) 'example_xcom_args', 'example_xcom_args_with_operators' retrieved from /home/airflow/.local/lib/python3.12/site-packages/airflow/example_dags/example_xcomargs.py
[2024-07-04T09:39:03.264+0000] {logging_mixin.py:188} INFO - [2024-07-04T09:39:03.264+0000] {dag.py:3096} INFO - Sync 2 DAGs
[2024-07-04T09:39:03.276+0000] {logging_mixin.py:188} INFO - [2024-07-04T09:39:03.276+0000] {dag.py:3954} INFO - Setting next_dagrun for example_xcom_args to None, run_after=None
[2024-07-04T09:39:03.280+0000] {logging_mixin.py:188} INFO - [2024-07-04T09:39:03.280+0000] {dag.py:3954} INFO - Setting next_dagrun for example_xcom_args_with_operators to None, run_after=None
[2024-07-04T09:39:03.303+0000] {processor.py:183} INFO - Processing /home/airflow/.local/lib/python3.12/site-packages/airflow/example_dags/example_xcomargs.py took 0.079 seconds
[2024-07-04T09:39:33.591+0000] {processor.py:161} INFO - Started process (PID=588) to work on /home/airflow/.local/lib/python3.12/site-packages/airflow/example_dags/example_xcomargs.py
[2024-07-04T09:39:33.593+0000] {processor.py:830} INFO - Processing file /home/airflow/.local/lib/python3.12/site-packages/airflow/example_dags/example_xcomargs.py for tasks to queue
[2024-07-04T09:39:33.595+0000] {logging_mixin.py:188} INFO - [2024-07-04T09:39:33.595+0000] {dagbag.py:545} INFO - Filling up the DagBag from /home/airflow/.local/lib/python3.12/site-packages/airflow/example_dags/example_xcomargs.py
[2024-07-04T09:39:33.603+0000] {processor.py:840} INFO - DAG(s) 'example_xcom_args_with_operators', 'example_xcom_args' retrieved from /home/airflow/.local/lib/python3.12/site-packages/airflow/example_dags/example_xcomargs.py
[2024-07-04T09:39:33.649+0000] {logging_mixin.py:188} INFO - [2024-07-04T09:39:33.648+0000] {dag.py:3096} INFO - Sync 2 DAGs
[2024-07-04T09:39:33.662+0000] {logging_mixin.py:188} INFO - [2024-07-04T09:39:33.662+0000] {dag.py:3954} INFO - Setting next_dagrun for example_xcom_args to None, run_after=None
[2024-07-04T09:39:33.666+0000] {logging_mixin.py:188} INFO - [2024-07-04T09:39:33.665+0000] {dag.py:3954} INFO - Setting next_dagrun for example_xcom_args_with_operators to None, run_after=None
[2024-07-04T09:39:33.683+0000] {processor.py:183} INFO - Processing /home/airflow/.local/lib/python3.12/site-packages/airflow/example_dags/example_xcomargs.py took 0.097 seconds
[2024-07-04T09:40:03.743+0000] {processor.py:161} INFO - Started process (PID=647) to work on /home/airflow/.local/lib/python3.12/site-packages/airflow/example_dags/example_xcomargs.py
[2024-07-04T09:40:03.746+0000] {processor.py:830} INFO - Processing file /home/airflow/.local/lib/python3.12/site-packages/airflow/example_dags/example_xcomargs.py for tasks to queue
[2024-07-04T09:40:03.748+0000] {logging_mixin.py:188} INFO - [2024-07-04T09:40:03.748+0000] {dagbag.py:545} INFO - Filling up the DagBag from /home/airflow/.local/lib/python3.12/site-packages/airflow/example_dags/example_xcomargs.py
[2024-07-04T09:40:03.755+0000] {processor.py:840} INFO - DAG(s) 'example_xcom_args', 'example_xcom_args_with_operators' retrieved from /home/airflow/.local/lib/python3.12/site-packages/airflow/example_dags/example_xcomargs.py
[2024-07-04T09:40:03.775+0000] {logging_mixin.py:188} INFO - [2024-07-04T09:40:03.774+0000] {dag.py:3096} INFO - Sync 2 DAGs
[2024-07-04T09:40:03.786+0000] {logging_mixin.py:188} INFO - [2024-07-04T09:40:03.786+0000] {dag.py:3954} INFO - Setting next_dagrun for example_xcom_args to None, run_after=None
[2024-07-04T09:40:03.790+0000] {logging_mixin.py:188} INFO - [2024-07-04T09:40:03.790+0000] {dag.py:3954} INFO - Setting next_dagrun for example_xcom_args_with_operators to None, run_after=None
[2024-07-04T09:40:03.809+0000] {processor.py:183} INFO - Processing /home/airflow/.local/lib/python3.12/site-packages/airflow/example_dags/example_xcomargs.py took 0.071 seconds
[2024-07-04T09:40:34.122+0000] {processor.py:161} INFO - Started process (PID=706) to work on /home/airflow/.local/lib/python3.12/site-packages/airflow/example_dags/example_xcomargs.py
[2024-07-04T09:40:34.124+0000] {processor.py:830} INFO - Processing file /home/airflow/.local/lib/python3.12/site-packages/airflow/example_dags/example_xcomargs.py for tasks to queue
[2024-07-04T09:40:34.130+0000] {logging_mixin.py:188} INFO - [2024-07-04T09:40:34.129+0000] {dagbag.py:545} INFO - Filling up the DagBag from /home/airflow/.local/lib/python3.12/site-packages/airflow/example_dags/example_xcomargs.py
[2024-07-04T09:40:34.151+0000] {processor.py:840} INFO - DAG(s) 'example_xcom_args', 'example_xcom_args_with_operators' retrieved from /home/airflow/.local/lib/python3.12/site-packages/airflow/example_dags/example_xcomargs.py
[2024-07-04T09:40:34.192+0000] {logging_mixin.py:188} INFO - [2024-07-04T09:40:34.192+0000] {dag.py:3096} INFO - Sync 2 DAGs
[2024-07-04T09:40:34.209+0000] {logging_mixin.py:188} INFO - [2024-07-04T09:40:34.209+0000] {dag.py:3954} INFO - Setting next_dagrun for example_xcom_args to None, run_after=None
[2024-07-04T09:40:34.215+0000] {logging_mixin.py:188} INFO - [2024-07-04T09:40:34.215+0000] {dag.py:3954} INFO - Setting next_dagrun for example_xcom_args_with_operators to None, run_after=None
[2024-07-04T09:40:34.246+0000] {processor.py:183} INFO - Processing /home/airflow/.local/lib/python3.12/site-packages/airflow/example_dags/example_xcomargs.py took 0.133 seconds
[2024-07-04T09:41:04.460+0000] {processor.py:161} INFO - Started process (PID=766) to work on /home/airflow/.local/lib/python3.12/site-packages/airflow/example_dags/example_xcomargs.py
[2024-07-04T09:41:04.467+0000] {processor.py:830} INFO - Processing file /home/airflow/.local/lib/python3.12/site-packages/airflow/example_dags/example_xcomargs.py for tasks to queue
[2024-07-04T09:41:04.470+0000] {logging_mixin.py:188} INFO - [2024-07-04T09:41:04.469+0000] {dagbag.py:545} INFO - Filling up the DagBag from /home/airflow/.local/lib/python3.12/site-packages/airflow/example_dags/example_xcomargs.py
[2024-07-04T09:41:04.487+0000] {processor.py:840} INFO - DAG(s) 'example_xcom_args', 'example_xcom_args_with_operators' retrieved from /home/airflow/.local/lib/python3.12/site-packages/airflow/example_dags/example_xcomargs.py
[2024-07-04T09:41:04.519+0000] {logging_mixin.py:188} INFO - [2024-07-04T09:41:04.519+0000] {dag.py:3096} INFO - Sync 2 DAGs
[2024-07-04T09:41:04.532+0000] {logging_mixin.py:188} INFO - [2024-07-04T09:41:04.531+0000] {dag.py:3954} INFO - Setting next_dagrun for example_xcom_args to None, run_after=None
[2024-07-04T09:41:04.536+0000] {logging_mixin.py:188} INFO - [2024-07-04T09:41:04.536+0000] {dag.py:3954} INFO - Setting next_dagrun for example_xcom_args_with_operators to None, run_after=None
[2024-07-04T09:41:04.568+0000] {processor.py:183} INFO - Processing /home/airflow/.local/lib/python3.12/site-packages/airflow/example_dags/example_xcomargs.py took 0.121 seconds
[2024-07-04T09:41:34.889+0000] {processor.py:161} INFO - Started process (PID=825) to work on /home/airflow/.local/lib/python3.12/site-packages/airflow/example_dags/example_xcomargs.py
[2024-07-04T09:41:34.890+0000] {processor.py:830} INFO - Processing file /home/airflow/.local/lib/python3.12/site-packages/airflow/example_dags/example_xcomargs.py for tasks to queue
[2024-07-04T09:41:34.892+0000] {logging_mixin.py:188} INFO - [2024-07-04T09:41:34.891+0000] {dagbag.py:545} INFO - Filling up the DagBag from /home/airflow/.local/lib/python3.12/site-packages/airflow/example_dags/example_xcomargs.py
[2024-07-04T09:41:34.899+0000] {processor.py:840} INFO - DAG(s) 'example_xcom_args_with_operators', 'example_xcom_args' retrieved from /home/airflow/.local/lib/python3.12/site-packages/airflow/example_dags/example_xcomargs.py
[2024-07-04T09:41:34.936+0000] {logging_mixin.py:188} INFO - [2024-07-04T09:41:34.936+0000] {dag.py:3096} INFO - Sync 2 DAGs
[2024-07-04T09:41:34.950+0000] {logging_mixin.py:188} INFO - [2024-07-04T09:41:34.949+0000] {dag.py:3954} INFO - Setting next_dagrun for example_xcom_args to None, run_after=None
[2024-07-04T09:41:34.953+0000] {logging_mixin.py:188} INFO - [2024-07-04T09:41:34.953+0000] {dag.py:3954} INFO - Setting next_dagrun for example_xcom_args_with_operators to None, run_after=None
[2024-07-04T09:41:34.971+0000] {processor.py:183} INFO - Processing /home/airflow/.local/lib/python3.12/site-packages/airflow/example_dags/example_xcomargs.py took 0.088 seconds
[2024-07-04T09:42:05.762+0000] {processor.py:161} INFO - Started process (PID=883) to work on /home/airflow/.local/lib/python3.12/site-packages/airflow/example_dags/example_xcomargs.py
[2024-07-04T09:42:05.764+0000] {processor.py:830} INFO - Processing file /home/airflow/.local/lib/python3.12/site-packages/airflow/example_dags/example_xcomargs.py for tasks to queue
[2024-07-04T09:42:05.775+0000] {logging_mixin.py:188} INFO - [2024-07-04T09:42:05.767+0000] {dagbag.py:545} INFO - Filling up the DagBag from /home/airflow/.local/lib/python3.12/site-packages/airflow/example_dags/example_xcomargs.py
[2024-07-04T09:42:05.806+0000] {processor.py:840} INFO - DAG(s) 'example_xcom_args_with_operators', 'example_xcom_args' retrieved from /home/airflow/.local/lib/python3.12/site-packages/airflow/example_dags/example_xcomargs.py
[2024-07-04T09:42:05.864+0000] {logging_mixin.py:188} INFO - [2024-07-04T09:42:05.864+0000] {dag.py:3096} INFO - Sync 2 DAGs
[2024-07-04T09:42:05.912+0000] {logging_mixin.py:188} INFO - [2024-07-04T09:42:05.911+0000] {dag.py:3954} INFO - Setting next_dagrun for example_xcom_args to None, run_after=None
[2024-07-04T09:42:05.934+0000] {logging_mixin.py:188} INFO - [2024-07-04T09:42:05.931+0000] {dag.py:3954} INFO - Setting next_dagrun for example_xcom_args_with_operators to None, run_after=None
[2024-07-04T09:42:06.055+0000] {processor.py:183} INFO - Processing /home/airflow/.local/lib/python3.12/site-packages/airflow/example_dags/example_xcomargs.py took 0.302 seconds
[2024-07-04T09:42:36.709+0000] {processor.py:161} INFO - Started process (PID=943) to work on /home/airflow/.local/lib/python3.12/site-packages/airflow/example_dags/example_xcomargs.py
[2024-07-04T09:42:36.719+0000] {processor.py:830} INFO - Processing file /home/airflow/.local/lib/python3.12/site-packages/airflow/example_dags/example_xcomargs.py for tasks to queue
[2024-07-04T09:42:36.729+0000] {logging_mixin.py:188} INFO - [2024-07-04T09:42:36.728+0000] {dagbag.py:545} INFO - Filling up the DagBag from /home/airflow/.local/lib/python3.12/site-packages/airflow/example_dags/example_xcomargs.py
[2024-07-04T09:42:36.809+0000] {processor.py:840} INFO - DAG(s) 'example_xcom_args_with_operators', 'example_xcom_args' retrieved from /home/airflow/.local/lib/python3.12/site-packages/airflow/example_dags/example_xcomargs.py
[2024-07-04T09:42:36.965+0000] {logging_mixin.py:188} INFO - [2024-07-04T09:42:36.964+0000] {dag.py:3096} INFO - Sync 2 DAGs
[2024-07-04T09:42:37.070+0000] {logging_mixin.py:188} INFO - [2024-07-04T09:42:37.070+0000] {dag.py:3954} INFO - Setting next_dagrun for example_xcom_args to None, run_after=None
[2024-07-04T09:42:37.108+0000] {logging_mixin.py:188} INFO - [2024-07-04T09:42:37.108+0000] {dag.py:3954} INFO - Setting next_dagrun for example_xcom_args_with_operators to None, run_after=None
[2024-07-04T09:42:37.200+0000] {processor.py:183} INFO - Processing /home/airflow/.local/lib/python3.12/site-packages/airflow/example_dags/example_xcomargs.py took 0.516 seconds
[2024-07-04T09:43:08.136+0000] {processor.py:161} INFO - Started process (PID=1003) to work on /home/airflow/.local/lib/python3.12/site-packages/airflow/example_dags/example_xcomargs.py
[2024-07-04T09:43:08.137+0000] {processor.py:830} INFO - Processing file /home/airflow/.local/lib/python3.12/site-packages/airflow/example_dags/example_xcomargs.py for tasks to queue
[2024-07-04T09:43:08.139+0000] {logging_mixin.py:188} INFO - [2024-07-04T09:43:08.139+0000] {dagbag.py:545} INFO - Filling up the DagBag from /home/airflow/.local/lib/python3.12/site-packages/airflow/example_dags/example_xcomargs.py
[2024-07-04T09:43:08.147+0000] {processor.py:840} INFO - DAG(s) 'example_xcom_args_with_operators', 'example_xcom_args' retrieved from /home/airflow/.local/lib/python3.12/site-packages/airflow/example_dags/example_xcomargs.py
[2024-07-04T09:43:08.175+0000] {logging_mixin.py:188} INFO - [2024-07-04T09:43:08.175+0000] {dag.py:3096} INFO - Sync 2 DAGs
[2024-07-04T09:43:08.192+0000] {logging_mixin.py:188} INFO - [2024-07-04T09:43:08.192+0000] {dag.py:3954} INFO - Setting next_dagrun for example_xcom_args to None, run_after=None
[2024-07-04T09:43:08.197+0000] {logging_mixin.py:188} INFO - [2024-07-04T09:43:08.196+0000] {dag.py:3954} INFO - Setting next_dagrun for example_xcom_args_with_operators to None, run_after=None
[2024-07-04T09:43:08.244+0000] {processor.py:183} INFO - Processing /home/airflow/.local/lib/python3.12/site-packages/airflow/example_dags/example_xcomargs.py took 0.114 seconds
[2024-07-04T09:43:38.588+0000] {processor.py:161} INFO - Started process (PID=1062) to work on /home/airflow/.local/lib/python3.12/site-packages/airflow/example_dags/example_xcomargs.py
[2024-07-04T09:43:38.589+0000] {processor.py:830} INFO - Processing file /home/airflow/.local/lib/python3.12/site-packages/airflow/example_dags/example_xcomargs.py for tasks to queue
[2024-07-04T09:43:38.591+0000] {logging_mixin.py:188} INFO - [2024-07-04T09:43:38.591+0000] {dagbag.py:545} INFO - Filling up the DagBag from /home/airflow/.local/lib/python3.12/site-packages/airflow/example_dags/example_xcomargs.py
[2024-07-04T09:43:38.599+0000] {processor.py:840} INFO - DAG(s) 'example_xcom_args_with_operators', 'example_xcom_args' retrieved from /home/airflow/.local/lib/python3.12/site-packages/airflow/example_dags/example_xcomargs.py
[2024-07-04T09:43:38.626+0000] {logging_mixin.py:188} INFO - [2024-07-04T09:43:38.626+0000] {dag.py:3096} INFO - Sync 2 DAGs
[2024-07-04T09:43:38.643+0000] {logging_mixin.py:188} INFO - [2024-07-04T09:43:38.643+0000] {dag.py:3954} INFO - Setting next_dagrun for example_xcom_args to None, run_after=None
[2024-07-04T09:43:38.648+0000] {logging_mixin.py:188} INFO - [2024-07-04T09:43:38.647+0000] {dag.py:3954} INFO - Setting next_dagrun for example_xcom_args_with_operators to None, run_after=None
[2024-07-04T09:43:38.674+0000] {processor.py:183} INFO - Processing /home/airflow/.local/lib/python3.12/site-packages/airflow/example_dags/example_xcomargs.py took 0.091 seconds
[2024-07-04T09:44:08.958+0000] {processor.py:161} INFO - Started process (PID=1121) to work on /home/airflow/.local/lib/python3.12/site-packages/airflow/example_dags/example_xcomargs.py
[2024-07-04T09:44:08.960+0000] {processor.py:830} INFO - Processing file /home/airflow/.local/lib/python3.12/site-packages/airflow/example_dags/example_xcomargs.py for tasks to queue
[2024-07-04T09:44:08.962+0000] {logging_mixin.py:188} INFO - [2024-07-04T09:44:08.962+0000] {dagbag.py:545} INFO - Filling up the DagBag from /home/airflow/.local/lib/python3.12/site-packages/airflow/example_dags/example_xcomargs.py
[2024-07-04T09:44:08.970+0000] {processor.py:840} INFO - DAG(s) 'example_xcom_args_with_operators', 'example_xcom_args' retrieved from /home/airflow/.local/lib/python3.12/site-packages/airflow/example_dags/example_xcomargs.py
[2024-07-04T09:44:09.000+0000] {logging_mixin.py:188} INFO - [2024-07-04T09:44:09.000+0000] {dag.py:3096} INFO - Sync 2 DAGs
[2024-07-04T09:44:09.012+0000] {logging_mixin.py:188} INFO - [2024-07-04T09:44:09.012+0000] {dag.py:3954} INFO - Setting next_dagrun for example_xcom_args to None, run_after=None
[2024-07-04T09:44:09.016+0000] {logging_mixin.py:188} INFO - [2024-07-04T09:44:09.015+0000] {dag.py:3954} INFO - Setting next_dagrun for example_xcom_args_with_operators to None, run_after=None
[2024-07-04T09:44:09.034+0000] {processor.py:183} INFO - Processing /home/airflow/.local/lib/python3.12/site-packages/airflow/example_dags/example_xcomargs.py took 0.082 seconds
[2024-07-04T09:44:39.094+0000] {processor.py:161} INFO - Started process (PID=1180) to work on /home/airflow/.local/lib/python3.12/site-packages/airflow/example_dags/example_xcomargs.py
[2024-07-04T09:44:39.096+0000] {processor.py:830} INFO - Processing file /home/airflow/.local/lib/python3.12/site-packages/airflow/example_dags/example_xcomargs.py for tasks to queue
[2024-07-04T09:44:39.099+0000] {logging_mixin.py:188} INFO - [2024-07-04T09:44:39.098+0000] {dagbag.py:545} INFO - Filling up the DagBag from /home/airflow/.local/lib/python3.12/site-packages/airflow/example_dags/example_xcomargs.py
[2024-07-04T09:44:39.108+0000] {processor.py:840} INFO - DAG(s) 'example_xcom_args_with_operators', 'example_xcom_args' retrieved from /home/airflow/.local/lib/python3.12/site-packages/airflow/example_dags/example_xcomargs.py
[2024-07-04T09:44:39.152+0000] {logging_mixin.py:188} INFO - [2024-07-04T09:44:39.152+0000] {dag.py:3096} INFO - Sync 2 DAGs
[2024-07-04T09:44:39.178+0000] {logging_mixin.py:188} INFO - [2024-07-04T09:44:39.178+0000] {dag.py:3954} INFO - Setting next_dagrun for example_xcom_args to None, run_after=None
[2024-07-04T09:44:39.184+0000] {logging_mixin.py:188} INFO - [2024-07-04T09:44:39.184+0000] {dag.py:3954} INFO - Setting next_dagrun for example_xcom_args_with_operators to None, run_after=None
[2024-07-04T09:44:39.216+0000] {processor.py:183} INFO - Processing /home/airflow/.local/lib/python3.12/site-packages/airflow/example_dags/example_xcomargs.py took 0.130 seconds
[2024-07-04T09:45:09.294+0000] {processor.py:161} INFO - Started process (PID=1239) to work on /home/airflow/.local/lib/python3.12/site-packages/airflow/example_dags/example_xcomargs.py
[2024-07-04T09:45:09.295+0000] {processor.py:830} INFO - Processing file /home/airflow/.local/lib/python3.12/site-packages/airflow/example_dags/example_xcomargs.py for tasks to queue
[2024-07-04T09:45:09.299+0000] {logging_mixin.py:188} INFO - [2024-07-04T09:45:09.298+0000] {dagbag.py:545} INFO - Filling up the DagBag from /home/airflow/.local/lib/python3.12/site-packages/airflow/example_dags/example_xcomargs.py
[2024-07-04T09:45:09.316+0000] {processor.py:840} INFO - DAG(s) 'example_xcom_args_with_operators', 'example_xcom_args' retrieved from /home/airflow/.local/lib/python3.12/site-packages/airflow/example_dags/example_xcomargs.py
[2024-07-04T09:45:09.338+0000] {logging_mixin.py:188} INFO - [2024-07-04T09:45:09.338+0000] {dag.py:3096} INFO - Sync 2 DAGs
[2024-07-04T09:45:09.352+0000] {logging_mixin.py:188} INFO - [2024-07-04T09:45:09.352+0000] {dag.py:3954} INFO - Setting next_dagrun for example_xcom_args to None, run_after=None
[2024-07-04T09:45:09.357+0000] {logging_mixin.py:188} INFO - [2024-07-04T09:45:09.356+0000] {dag.py:3954} INFO - Setting next_dagrun for example_xcom_args_with_operators to None, run_after=None
[2024-07-04T09:45:09.389+0000] {processor.py:183} INFO - Processing /home/airflow/.local/lib/python3.12/site-packages/airflow/example_dags/example_xcomargs.py took 0.103 seconds
[2024-07-04T09:45:39.752+0000] {processor.py:161} INFO - Started process (PID=1298) to work on /home/airflow/.local/lib/python3.12/site-packages/airflow/example_dags/example_xcomargs.py
[2024-07-04T09:45:39.754+0000] {processor.py:830} INFO - Processing file /home/airflow/.local/lib/python3.12/site-packages/airflow/example_dags/example_xcomargs.py for tasks to queue
[2024-07-04T09:45:39.757+0000] {logging_mixin.py:188} INFO - [2024-07-04T09:45:39.757+0000] {dagbag.py:545} INFO - Filling up the DagBag from /home/airflow/.local/lib/python3.12/site-packages/airflow/example_dags/example_xcomargs.py
[2024-07-04T09:45:39.777+0000] {processor.py:840} INFO - DAG(s) 'example_xcom_args', 'example_xcom_args_with_operators' retrieved from /home/airflow/.local/lib/python3.12/site-packages/airflow/example_dags/example_xcomargs.py
[2024-07-04T09:45:39.828+0000] {logging_mixin.py:188} INFO - [2024-07-04T09:45:39.827+0000] {dag.py:3096} INFO - Sync 2 DAGs
[2024-07-04T09:45:39.853+0000] {logging_mixin.py:188} INFO - [2024-07-04T09:45:39.851+0000] {dag.py:3954} INFO - Setting next_dagrun for example_xcom_args to None, run_after=None
[2024-07-04T09:45:39.862+0000] {logging_mixin.py:188} INFO - [2024-07-04T09:45:39.862+0000] {dag.py:3954} INFO - Setting next_dagrun for example_xcom_args_with_operators to None, run_after=None
[2024-07-04T09:45:39.924+0000] {processor.py:183} INFO - Processing /home/airflow/.local/lib/python3.12/site-packages/airflow/example_dags/example_xcomargs.py took 0.184 seconds
[2024-07-04T09:46:10.280+0000] {processor.py:161} INFO - Started process (PID=1357) to work on /home/airflow/.local/lib/python3.12/site-packages/airflow/example_dags/example_xcomargs.py
[2024-07-04T09:46:10.281+0000] {processor.py:830} INFO - Processing file /home/airflow/.local/lib/python3.12/site-packages/airflow/example_dags/example_xcomargs.py for tasks to queue
[2024-07-04T09:46:10.283+0000] {logging_mixin.py:188} INFO - [2024-07-04T09:46:10.283+0000] {dagbag.py:545} INFO - Filling up the DagBag from /home/airflow/.local/lib/python3.12/site-packages/airflow/example_dags/example_xcomargs.py
[2024-07-04T09:46:10.291+0000] {processor.py:840} INFO - DAG(s) 'example_xcom_args_with_operators', 'example_xcom_args' retrieved from /home/airflow/.local/lib/python3.12/site-packages/airflow/example_dags/example_xcomargs.py
[2024-07-04T09:46:10.314+0000] {logging_mixin.py:188} INFO - [2024-07-04T09:46:10.314+0000] {dag.py:3096} INFO - Sync 2 DAGs
[2024-07-04T09:46:10.327+0000] {logging_mixin.py:188} INFO - [2024-07-04T09:46:10.327+0000] {dag.py:3954} INFO - Setting next_dagrun for example_xcom_args to None, run_after=None
[2024-07-04T09:46:10.331+0000] {logging_mixin.py:188} INFO - [2024-07-04T09:46:10.331+0000] {dag.py:3954} INFO - Setting next_dagrun for example_xcom_args_with_operators to None, run_after=None
[2024-07-04T09:46:10.351+0000] {processor.py:183} INFO - Processing /home/airflow/.local/lib/python3.12/site-packages/airflow/example_dags/example_xcomargs.py took 0.076 seconds
[2024-07-04T09:46:40.679+0000] {processor.py:161} INFO - Started process (PID=1417) to work on /home/airflow/.local/lib/python3.12/site-packages/airflow/example_dags/example_xcomargs.py
[2024-07-04T09:46:40.680+0000] {processor.py:830} INFO - Processing file /home/airflow/.local/lib/python3.12/site-packages/airflow/example_dags/example_xcomargs.py for tasks to queue
[2024-07-04T09:46:40.682+0000] {logging_mixin.py:188} INFO - [2024-07-04T09:46:40.682+0000] {dagbag.py:545} INFO - Filling up the DagBag from /home/airflow/.local/lib/python3.12/site-packages/airflow/example_dags/example_xcomargs.py
[2024-07-04T09:46:40.690+0000] {processor.py:840} INFO - DAG(s) 'example_xcom_args', 'example_xcom_args_with_operators' retrieved from /home/airflow/.local/lib/python3.12/site-packages/airflow/example_dags/example_xcomargs.py
[2024-07-04T09:46:40.709+0000] {logging_mixin.py:188} INFO - [2024-07-04T09:46:40.709+0000] {dag.py:3096} INFO - Sync 2 DAGs
[2024-07-04T09:46:40.721+0000] {logging_mixin.py:188} INFO - [2024-07-04T09:46:40.721+0000] {dag.py:3954} INFO - Setting next_dagrun for example_xcom_args to None, run_after=None
[2024-07-04T09:46:40.726+0000] {logging_mixin.py:188} INFO - [2024-07-04T09:46:40.726+0000] {dag.py:3954} INFO - Setting next_dagrun for example_xcom_args_with_operators to None, run_after=None
[2024-07-04T09:46:40.752+0000] {processor.py:183} INFO - Processing /home/airflow/.local/lib/python3.12/site-packages/airflow/example_dags/example_xcomargs.py took 0.078 seconds
[2024-07-04T09:47:11.234+0000] {processor.py:161} INFO - Started process (PID=1477) to work on /home/airflow/.local/lib/python3.12/site-packages/airflow/example_dags/example_xcomargs.py
[2024-07-04T09:47:11.252+0000] {processor.py:830} INFO - Processing file /home/airflow/.local/lib/python3.12/site-packages/airflow/example_dags/example_xcomargs.py for tasks to queue
[2024-07-04T09:47:11.286+0000] {logging_mixin.py:188} INFO - [2024-07-04T09:47:11.284+0000] {dagbag.py:545} INFO - Filling up the DagBag from /home/airflow/.local/lib/python3.12/site-packages/airflow/example_dags/example_xcomargs.py
[2024-07-04T09:47:11.393+0000] {processor.py:840} INFO - DAG(s) 'example_xcom_args_with_operators', 'example_xcom_args' retrieved from /home/airflow/.local/lib/python3.12/site-packages/airflow/example_dags/example_xcomargs.py
[2024-07-04T09:47:11.874+0000] {logging_mixin.py:188} INFO - [2024-07-04T09:47:11.873+0000] {dag.py:3096} INFO - Sync 2 DAGs
[2024-07-04T09:47:12.263+0000] {logging_mixin.py:188} INFO - [2024-07-04T09:47:12.261+0000] {dag.py:3954} INFO - Setting next_dagrun for example_xcom_args to None, run_after=None
[2024-07-04T09:47:12.307+0000] {logging_mixin.py:188} INFO - [2024-07-04T09:47:12.307+0000] {dag.py:3954} INFO - Setting next_dagrun for example_xcom_args_with_operators to None, run_after=None
[2024-07-04T09:47:12.724+0000] {processor.py:183} INFO - Processing /home/airflow/.local/lib/python3.12/site-packages/airflow/example_dags/example_xcomargs.py took 1.515 seconds
[2024-07-04T09:47:43.393+0000] {processor.py:161} INFO - Started process (PID=1534) to work on /home/airflow/.local/lib/python3.12/site-packages/airflow/example_dags/example_xcomargs.py
[2024-07-04T09:47:43.394+0000] {processor.py:830} INFO - Processing file /home/airflow/.local/lib/python3.12/site-packages/airflow/example_dags/example_xcomargs.py for tasks to queue
[2024-07-04T09:47:43.397+0000] {logging_mixin.py:188} INFO - [2024-07-04T09:47:43.396+0000] {dagbag.py:545} INFO - Filling up the DagBag from /home/airflow/.local/lib/python3.12/site-packages/airflow/example_dags/example_xcomargs.py
[2024-07-04T09:47:43.404+0000] {processor.py:840} INFO - DAG(s) 'example_xcom_args_with_operators', 'example_xcom_args' retrieved from /home/airflow/.local/lib/python3.12/site-packages/airflow/example_dags/example_xcomargs.py
[2024-07-04T09:47:43.429+0000] {logging_mixin.py:188} INFO - [2024-07-04T09:47:43.429+0000] {dag.py:3096} INFO - Sync 2 DAGs
[2024-07-04T09:47:43.441+0000] {logging_mixin.py:188} INFO - [2024-07-04T09:47:43.441+0000] {dag.py:3954} INFO - Setting next_dagrun for example_xcom_args to None, run_after=None
[2024-07-04T09:47:43.445+0000] {logging_mixin.py:188} INFO - [2024-07-04T09:47:43.445+0000] {dag.py:3954} INFO - Setting next_dagrun for example_xcom_args_with_operators to None, run_after=None
[2024-07-04T09:47:43.464+0000] {processor.py:183} INFO - Processing /home/airflow/.local/lib/python3.12/site-packages/airflow/example_dags/example_xcomargs.py took 0.076 seconds
[2024-07-04T09:48:14.424+0000] {processor.py:161} INFO - Started process (PID=1594) to work on /home/airflow/.local/lib/python3.12/site-packages/airflow/example_dags/example_xcomargs.py
[2024-07-04T09:48:14.431+0000] {processor.py:830} INFO - Processing file /home/airflow/.local/lib/python3.12/site-packages/airflow/example_dags/example_xcomargs.py for tasks to queue
[2024-07-04T09:48:14.438+0000] {logging_mixin.py:188} INFO - [2024-07-04T09:48:14.437+0000] {dagbag.py:545} INFO - Filling up the DagBag from /home/airflow/.local/lib/python3.12/site-packages/airflow/example_dags/example_xcomargs.py
[2024-07-04T09:48:14.464+0000] {processor.py:840} INFO - DAG(s) 'example_xcom_args_with_operators', 'example_xcom_args' retrieved from /home/airflow/.local/lib/python3.12/site-packages/airflow/example_dags/example_xcomargs.py
[2024-07-04T09:48:14.538+0000] {logging_mixin.py:188} INFO - [2024-07-04T09:48:14.537+0000] {dag.py:3096} INFO - Sync 2 DAGs
[2024-07-04T09:48:14.562+0000] {logging_mixin.py:188} INFO - [2024-07-04T09:48:14.561+0000] {dag.py:3954} INFO - Setting next_dagrun for example_xcom_args to None, run_after=None
[2024-07-04T09:48:14.576+0000] {logging_mixin.py:188} INFO - [2024-07-04T09:48:14.576+0000] {dag.py:3954} INFO - Setting next_dagrun for example_xcom_args_with_operators to None, run_after=None
[2024-07-04T09:48:14.597+0000] {processor.py:183} INFO - Processing /home/airflow/.local/lib/python3.12/site-packages/airflow/example_dags/example_xcomargs.py took 0.184 seconds
[2024-07-04T09:48:44.993+0000] {processor.py:161} INFO - Started process (PID=1653) to work on /home/airflow/.local/lib/python3.12/site-packages/airflow/example_dags/example_xcomargs.py
[2024-07-04T09:48:44.995+0000] {processor.py:830} INFO - Processing file /home/airflow/.local/lib/python3.12/site-packages/airflow/example_dags/example_xcomargs.py for tasks to queue
[2024-07-04T09:48:44.997+0000] {logging_mixin.py:188} INFO - [2024-07-04T09:48:44.997+0000] {dagbag.py:545} INFO - Filling up the DagBag from /home/airflow/.local/lib/python3.12/site-packages/airflow/example_dags/example_xcomargs.py
[2024-07-04T09:48:45.006+0000] {processor.py:840} INFO - DAG(s) 'example_xcom_args_with_operators', 'example_xcom_args' retrieved from /home/airflow/.local/lib/python3.12/site-packages/airflow/example_dags/example_xcomargs.py
[2024-07-04T09:48:45.027+0000] {logging_mixin.py:188} INFO - [2024-07-04T09:48:45.027+0000] {dag.py:3096} INFO - Sync 2 DAGs
[2024-07-04T09:48:45.042+0000] {logging_mixin.py:188} INFO - [2024-07-04T09:48:45.041+0000] {dag.py:3954} INFO - Setting next_dagrun for example_xcom_args to None, run_after=None
[2024-07-04T09:48:45.045+0000] {logging_mixin.py:188} INFO - [2024-07-04T09:48:45.045+0000] {dag.py:3954} INFO - Setting next_dagrun for example_xcom_args_with_operators to None, run_after=None
[2024-07-04T09:48:45.061+0000] {processor.py:183} INFO - Processing /home/airflow/.local/lib/python3.12/site-packages/airflow/example_dags/example_xcomargs.py took 0.073 seconds
[2024-07-04T09:49:15.381+0000] {processor.py:161} INFO - Started process (PID=1712) to work on /home/airflow/.local/lib/python3.12/site-packages/airflow/example_dags/example_xcomargs.py
[2024-07-04T09:49:15.383+0000] {processor.py:830} INFO - Processing file /home/airflow/.local/lib/python3.12/site-packages/airflow/example_dags/example_xcomargs.py for tasks to queue
[2024-07-04T09:49:15.388+0000] {logging_mixin.py:188} INFO - [2024-07-04T09:49:15.388+0000] {dagbag.py:545} INFO - Filling up the DagBag from /home/airflow/.local/lib/python3.12/site-packages/airflow/example_dags/example_xcomargs.py
[2024-07-04T09:49:15.397+0000] {processor.py:840} INFO - DAG(s) 'example_xcom_args_with_operators', 'example_xcom_args' retrieved from /home/airflow/.local/lib/python3.12/site-packages/airflow/example_dags/example_xcomargs.py
[2024-07-04T09:49:15.421+0000] {logging_mixin.py:188} INFO - [2024-07-04T09:49:15.420+0000] {dag.py:3096} INFO - Sync 2 DAGs
[2024-07-04T09:49:15.437+0000] {logging_mixin.py:188} INFO - [2024-07-04T09:49:15.436+0000] {dag.py:3954} INFO - Setting next_dagrun for example_xcom_args to None, run_after=None
[2024-07-04T09:49:15.441+0000] {logging_mixin.py:188} INFO - [2024-07-04T09:49:15.441+0000] {dag.py:3954} INFO - Setting next_dagrun for example_xcom_args_with_operators to None, run_after=None
[2024-07-04T09:49:15.466+0000] {processor.py:183} INFO - Processing /home/airflow/.local/lib/python3.12/site-packages/airflow/example_dags/example_xcomargs.py took 0.092 seconds
[2024-07-04T09:49:46.303+0000] {processor.py:161} INFO - Started process (PID=1772) to work on /home/airflow/.local/lib/python3.12/site-packages/airflow/example_dags/example_xcomargs.py
[2024-07-04T09:49:46.304+0000] {processor.py:830} INFO - Processing file /home/airflow/.local/lib/python3.12/site-packages/airflow/example_dags/example_xcomargs.py for tasks to queue
[2024-07-04T09:49:46.306+0000] {logging_mixin.py:188} INFO - [2024-07-04T09:49:46.306+0000] {dagbag.py:545} INFO - Filling up the DagBag from /home/airflow/.local/lib/python3.12/site-packages/airflow/example_dags/example_xcomargs.py
[2024-07-04T09:49:46.322+0000] {processor.py:840} INFO - DAG(s) 'example_xcom_args', 'example_xcom_args_with_operators' retrieved from /home/airflow/.local/lib/python3.12/site-packages/airflow/example_dags/example_xcomargs.py
[2024-07-04T09:49:46.375+0000] {logging_mixin.py:188} INFO - [2024-07-04T09:49:46.375+0000] {dag.py:3096} INFO - Sync 2 DAGs
[2024-07-04T09:49:46.393+0000] {logging_mixin.py:188} INFO - [2024-07-04T09:49:46.393+0000] {dag.py:3954} INFO - Setting next_dagrun for example_xcom_args to None, run_after=None
[2024-07-04T09:49:46.399+0000] {logging_mixin.py:188} INFO - [2024-07-04T09:49:46.398+0000] {dag.py:3954} INFO - Setting next_dagrun for example_xcom_args_with_operators to None, run_after=None
[2024-07-04T09:49:46.423+0000] {processor.py:183} INFO - Processing /home/airflow/.local/lib/python3.12/site-packages/airflow/example_dags/example_xcomargs.py took 0.126 seconds
[2024-07-04T09:50:17.213+0000] {processor.py:161} INFO - Started process (PID=1831) to work on /home/airflow/.local/lib/python3.12/site-packages/airflow/example_dags/example_xcomargs.py
[2024-07-04T09:50:17.214+0000] {processor.py:830} INFO - Processing file /home/airflow/.local/lib/python3.12/site-packages/airflow/example_dags/example_xcomargs.py for tasks to queue
[2024-07-04T09:50:17.217+0000] {logging_mixin.py:188} INFO - [2024-07-04T09:50:17.217+0000] {dagbag.py:545} INFO - Filling up the DagBag from /home/airflow/.local/lib/python3.12/site-packages/airflow/example_dags/example_xcomargs.py
[2024-07-04T09:50:17.225+0000] {processor.py:840} INFO - DAG(s) 'example_xcom_args', 'example_xcom_args_with_operators' retrieved from /home/airflow/.local/lib/python3.12/site-packages/airflow/example_dags/example_xcomargs.py
[2024-07-04T09:50:17.246+0000] {logging_mixin.py:188} INFO - [2024-07-04T09:50:17.246+0000] {dag.py:3096} INFO - Sync 2 DAGs
[2024-07-04T09:50:17.408+0000] {logging_mixin.py:188} INFO - [2024-07-04T09:50:17.407+0000] {dag.py:3954} INFO - Setting next_dagrun for example_xcom_args to None, run_after=None
[2024-07-04T09:50:17.412+0000] {logging_mixin.py:188} INFO - [2024-07-04T09:50:17.412+0000] {dag.py:3954} INFO - Setting next_dagrun for example_xcom_args_with_operators to None, run_after=None
[2024-07-04T09:50:17.427+0000] {processor.py:183} INFO - Processing /home/airflow/.local/lib/python3.12/site-packages/airflow/example_dags/example_xcomargs.py took 0.219 seconds
[2024-07-04T09:50:48.152+0000] {processor.py:161} INFO - Started process (PID=1890) to work on /home/airflow/.local/lib/python3.12/site-packages/airflow/example_dags/example_xcomargs.py
[2024-07-04T09:50:48.154+0000] {processor.py:830} INFO - Processing file /home/airflow/.local/lib/python3.12/site-packages/airflow/example_dags/example_xcomargs.py for tasks to queue
[2024-07-04T09:50:48.157+0000] {logging_mixin.py:188} INFO - [2024-07-04T09:50:48.156+0000] {dagbag.py:545} INFO - Filling up the DagBag from /home/airflow/.local/lib/python3.12/site-packages/airflow/example_dags/example_xcomargs.py
[2024-07-04T09:50:48.165+0000] {processor.py:840} INFO - DAG(s) 'example_xcom_args', 'example_xcom_args_with_operators' retrieved from /home/airflow/.local/lib/python3.12/site-packages/airflow/example_dags/example_xcomargs.py
[2024-07-04T09:50:48.196+0000] {logging_mixin.py:188} INFO - [2024-07-04T09:50:48.196+0000] {dag.py:3096} INFO - Sync 2 DAGs
[2024-07-04T09:50:48.214+0000] {logging_mixin.py:188} INFO - [2024-07-04T09:50:48.213+0000] {dag.py:3954} INFO - Setting next_dagrun for example_xcom_args to None, run_after=None
[2024-07-04T09:50:48.219+0000] {logging_mixin.py:188} INFO - [2024-07-04T09:50:48.219+0000] {dag.py:3954} INFO - Setting next_dagrun for example_xcom_args_with_operators to None, run_after=None
[2024-07-04T09:50:48.252+0000] {processor.py:183} INFO - Processing /home/airflow/.local/lib/python3.12/site-packages/airflow/example_dags/example_xcomargs.py took 0.105 seconds
[2024-07-04T09:51:18.479+0000] {processor.py:161} INFO - Started process (PID=1949) to work on /home/airflow/.local/lib/python3.12/site-packages/airflow/example_dags/example_xcomargs.py
[2024-07-04T09:51:18.480+0000] {processor.py:830} INFO - Processing file /home/airflow/.local/lib/python3.12/site-packages/airflow/example_dags/example_xcomargs.py for tasks to queue
[2024-07-04T09:51:18.482+0000] {logging_mixin.py:188} INFO - [2024-07-04T09:51:18.482+0000] {dagbag.py:545} INFO - Filling up the DagBag from /home/airflow/.local/lib/python3.12/site-packages/airflow/example_dags/example_xcomargs.py
[2024-07-04T09:51:18.490+0000] {processor.py:840} INFO - DAG(s) 'example_xcom_args_with_operators', 'example_xcom_args' retrieved from /home/airflow/.local/lib/python3.12/site-packages/airflow/example_dags/example_xcomargs.py
[2024-07-04T09:51:18.517+0000] {logging_mixin.py:188} INFO - [2024-07-04T09:51:18.517+0000] {dag.py:3096} INFO - Sync 2 DAGs
[2024-07-04T09:51:18.532+0000] {logging_mixin.py:188} INFO - [2024-07-04T09:51:18.532+0000] {dag.py:3954} INFO - Setting next_dagrun for example_xcom_args to None, run_after=None
[2024-07-04T09:51:18.536+0000] {logging_mixin.py:188} INFO - [2024-07-04T09:51:18.536+0000] {dag.py:3954} INFO - Setting next_dagrun for example_xcom_args_with_operators to None, run_after=None
[2024-07-04T09:51:18.557+0000] {processor.py:183} INFO - Processing /home/airflow/.local/lib/python3.12/site-packages/airflow/example_dags/example_xcomargs.py took 0.083 seconds
[2024-07-04T09:51:49.386+0000] {processor.py:161} INFO - Started process (PID=2008) to work on /home/airflow/.local/lib/python3.12/site-packages/airflow/example_dags/example_xcomargs.py
[2024-07-04T09:51:49.387+0000] {processor.py:830} INFO - Processing file /home/airflow/.local/lib/python3.12/site-packages/airflow/example_dags/example_xcomargs.py for tasks to queue
[2024-07-04T09:51:49.400+0000] {logging_mixin.py:188} INFO - [2024-07-04T09:51:49.395+0000] {dagbag.py:545} INFO - Filling up the DagBag from /home/airflow/.local/lib/python3.12/site-packages/airflow/example_dags/example_xcomargs.py
[2024-07-04T09:51:49.414+0000] {processor.py:840} INFO - DAG(s) 'example_xcom_args', 'example_xcom_args_with_operators' retrieved from /home/airflow/.local/lib/python3.12/site-packages/airflow/example_dags/example_xcomargs.py
[2024-07-04T09:51:49.455+0000] {logging_mixin.py:188} INFO - [2024-07-04T09:51:49.455+0000] {dag.py:3096} INFO - Sync 2 DAGs
[2024-07-04T09:51:49.482+0000] {logging_mixin.py:188} INFO - [2024-07-04T09:51:49.482+0000] {dag.py:3954} INFO - Setting next_dagrun for example_xcom_args to None, run_after=None
[2024-07-04T09:51:49.491+0000] {logging_mixin.py:188} INFO - [2024-07-04T09:51:49.491+0000] {dag.py:3954} INFO - Setting next_dagrun for example_xcom_args_with_operators to None, run_after=None
[2024-07-04T09:51:49.529+0000] {processor.py:183} INFO - Processing /home/airflow/.local/lib/python3.12/site-packages/airflow/example_dags/example_xcomargs.py took 0.148 seconds
[2024-07-04T09:52:20.115+0000] {processor.py:161} INFO - Started process (PID=2068) to work on /home/airflow/.local/lib/python3.12/site-packages/airflow/example_dags/example_xcomargs.py
[2024-07-04T09:52:20.116+0000] {processor.py:830} INFO - Processing file /home/airflow/.local/lib/python3.12/site-packages/airflow/example_dags/example_xcomargs.py for tasks to queue
[2024-07-04T09:52:20.118+0000] {logging_mixin.py:188} INFO - [2024-07-04T09:52:20.117+0000] {dagbag.py:545} INFO - Filling up the DagBag from /home/airflow/.local/lib/python3.12/site-packages/airflow/example_dags/example_xcomargs.py
[2024-07-04T09:52:20.127+0000] {processor.py:840} INFO - DAG(s) 'example_xcom_args_with_operators', 'example_xcom_args' retrieved from /home/airflow/.local/lib/python3.12/site-packages/airflow/example_dags/example_xcomargs.py
[2024-07-04T09:52:20.150+0000] {logging_mixin.py:188} INFO - [2024-07-04T09:52:20.150+0000] {dag.py:3096} INFO - Sync 2 DAGs
[2024-07-04T09:52:20.162+0000] {logging_mixin.py:188} INFO - [2024-07-04T09:52:20.162+0000] {dag.py:3954} INFO - Setting next_dagrun for example_xcom_args to None, run_after=None
[2024-07-04T09:52:20.166+0000] {logging_mixin.py:188} INFO - [2024-07-04T09:52:20.166+0000] {dag.py:3954} INFO - Setting next_dagrun for example_xcom_args_with_operators to None, run_after=None
[2024-07-04T09:52:20.189+0000] {processor.py:183} INFO - Processing /home/airflow/.local/lib/python3.12/site-packages/airflow/example_dags/example_xcomargs.py took 0.080 seconds
[2024-07-04T09:52:50.595+0000] {processor.py:161} INFO - Started process (PID=2127) to work on /home/airflow/.local/lib/python3.12/site-packages/airflow/example_dags/example_xcomargs.py
[2024-07-04T09:52:50.597+0000] {processor.py:830} INFO - Processing file /home/airflow/.local/lib/python3.12/site-packages/airflow/example_dags/example_xcomargs.py for tasks to queue
[2024-07-04T09:52:50.599+0000] {logging_mixin.py:188} INFO - [2024-07-04T09:52:50.599+0000] {dagbag.py:545} INFO - Filling up the DagBag from /home/airflow/.local/lib/python3.12/site-packages/airflow/example_dags/example_xcomargs.py
[2024-07-04T09:52:50.610+0000] {processor.py:840} INFO - DAG(s) 'example_xcom_args_with_operators', 'example_xcom_args' retrieved from /home/airflow/.local/lib/python3.12/site-packages/airflow/example_dags/example_xcomargs.py
[2024-07-04T09:52:50.662+0000] {logging_mixin.py:188} INFO - [2024-07-04T09:52:50.661+0000] {dag.py:3096} INFO - Sync 2 DAGs
[2024-07-04T09:52:50.685+0000] {logging_mixin.py:188} INFO - [2024-07-04T09:52:50.684+0000] {dag.py:3954} INFO - Setting next_dagrun for example_xcom_args to None, run_after=None
[2024-07-04T09:52:50.692+0000] {logging_mixin.py:188} INFO - [2024-07-04T09:52:50.691+0000] {dag.py:3954} INFO - Setting next_dagrun for example_xcom_args_with_operators to None, run_after=None
[2024-07-04T09:52:50.717+0000] {processor.py:183} INFO - Processing /home/airflow/.local/lib/python3.12/site-packages/airflow/example_dags/example_xcomargs.py took 0.138 seconds
[2024-07-04T09:53:21.432+0000] {processor.py:161} INFO - Started process (PID=2185) to work on /home/airflow/.local/lib/python3.12/site-packages/airflow/example_dags/example_xcomargs.py
[2024-07-04T09:53:21.433+0000] {processor.py:830} INFO - Processing file /home/airflow/.local/lib/python3.12/site-packages/airflow/example_dags/example_xcomargs.py for tasks to queue
[2024-07-04T09:53:21.435+0000] {logging_mixin.py:188} INFO - [2024-07-04T09:53:21.434+0000] {dagbag.py:545} INFO - Filling up the DagBag from /home/airflow/.local/lib/python3.12/site-packages/airflow/example_dags/example_xcomargs.py
[2024-07-04T09:53:21.444+0000] {processor.py:840} INFO - DAG(s) 'example_xcom_args', 'example_xcom_args_with_operators' retrieved from /home/airflow/.local/lib/python3.12/site-packages/airflow/example_dags/example_xcomargs.py
[2024-07-04T09:53:21.471+0000] {logging_mixin.py:188} INFO - [2024-07-04T09:53:21.471+0000] {dag.py:3096} INFO - Sync 2 DAGs
[2024-07-04T09:53:21.487+0000] {logging_mixin.py:188} INFO - [2024-07-04T09:53:21.487+0000] {dag.py:3954} INFO - Setting next_dagrun for example_xcom_args to None, run_after=None
[2024-07-04T09:53:21.492+0000] {logging_mixin.py:188} INFO - [2024-07-04T09:53:21.492+0000] {dag.py:3954} INFO - Setting next_dagrun for example_xcom_args_with_operators to None, run_after=None
[2024-07-04T09:53:21.515+0000] {processor.py:183} INFO - Processing /home/airflow/.local/lib/python3.12/site-packages/airflow/example_dags/example_xcomargs.py took 0.090 seconds
[2024-07-04T09:53:53.455+0000] {processor.py:161} INFO - Started process (PID=2244) to work on /home/airflow/.local/lib/python3.12/site-packages/airflow/example_dags/example_xcomargs.py
[2024-07-04T09:53:53.457+0000] {processor.py:830} INFO - Processing file /home/airflow/.local/lib/python3.12/site-packages/airflow/example_dags/example_xcomargs.py for tasks to queue
[2024-07-04T09:53:53.461+0000] {logging_mixin.py:188} INFO - [2024-07-04T09:53:53.461+0000] {dagbag.py:545} INFO - Filling up the DagBag from /home/airflow/.local/lib/python3.12/site-packages/airflow/example_dags/example_xcomargs.py
[2024-07-04T09:53:53.475+0000] {processor.py:840} INFO - DAG(s) 'example_xcom_args_with_operators', 'example_xcom_args' retrieved from /home/airflow/.local/lib/python3.12/site-packages/airflow/example_dags/example_xcomargs.py
[2024-07-04T09:53:53.527+0000] {logging_mixin.py:188} INFO - [2024-07-04T09:53:53.527+0000] {dag.py:3096} INFO - Sync 2 DAGs
[2024-07-04T09:53:53.565+0000] {logging_mixin.py:188} INFO - [2024-07-04T09:53:53.564+0000] {dag.py:3954} INFO - Setting next_dagrun for example_xcom_args to None, run_after=None
[2024-07-04T09:53:53.576+0000] {logging_mixin.py:188} INFO - [2024-07-04T09:53:53.576+0000] {dag.py:3954} INFO - Setting next_dagrun for example_xcom_args_with_operators to None, run_after=None
[2024-07-04T09:53:53.640+0000] {processor.py:183} INFO - Processing /home/airflow/.local/lib/python3.12/site-packages/airflow/example_dags/example_xcomargs.py took 0.195 seconds
[2024-07-04T09:54:24.279+0000] {processor.py:161} INFO - Started process (PID=2302) to work on /home/airflow/.local/lib/python3.12/site-packages/airflow/example_dags/example_xcomargs.py
[2024-07-04T09:54:24.281+0000] {processor.py:830} INFO - Processing file /home/airflow/.local/lib/python3.12/site-packages/airflow/example_dags/example_xcomargs.py for tasks to queue
[2024-07-04T09:54:24.284+0000] {logging_mixin.py:188} INFO - [2024-07-04T09:54:24.283+0000] {dagbag.py:545} INFO - Filling up the DagBag from /home/airflow/.local/lib/python3.12/site-packages/airflow/example_dags/example_xcomargs.py
[2024-07-04T09:54:24.309+0000] {processor.py:840} INFO - DAG(s) 'example_xcom_args', 'example_xcom_args_with_operators' retrieved from /home/airflow/.local/lib/python3.12/site-packages/airflow/example_dags/example_xcomargs.py
[2024-07-04T09:54:24.350+0000] {logging_mixin.py:188} INFO - [2024-07-04T09:54:24.349+0000] {dag.py:3096} INFO - Sync 2 DAGs
[2024-07-04T09:54:24.365+0000] {logging_mixin.py:188} INFO - [2024-07-04T09:54:24.365+0000] {dag.py:3954} INFO - Setting next_dagrun for example_xcom_args to None, run_after=None
[2024-07-04T09:54:24.376+0000] {logging_mixin.py:188} INFO - [2024-07-04T09:54:24.375+0000] {dag.py:3954} INFO - Setting next_dagrun for example_xcom_args_with_operators to None, run_after=None
[2024-07-04T09:54:24.394+0000] {processor.py:183} INFO - Processing /home/airflow/.local/lib/python3.12/site-packages/airflow/example_dags/example_xcomargs.py took 0.123 seconds
[2024-07-04T09:54:55.008+0000] {processor.py:161} INFO - Started process (PID=2360) to work on /home/airflow/.local/lib/python3.12/site-packages/airflow/example_dags/example_xcomargs.py
[2024-07-04T09:54:55.146+0000] {processor.py:830} INFO - Processing file /home/airflow/.local/lib/python3.12/site-packages/airflow/example_dags/example_xcomargs.py for tasks to queue
[2024-07-04T09:54:55.152+0000] {logging_mixin.py:188} INFO - [2024-07-04T09:54:55.151+0000] {dagbag.py:545} INFO - Filling up the DagBag from /home/airflow/.local/lib/python3.12/site-packages/airflow/example_dags/example_xcomargs.py
[2024-07-04T09:54:55.164+0000] {processor.py:840} INFO - DAG(s) 'example_xcom_args_with_operators', 'example_xcom_args' retrieved from /home/airflow/.local/lib/python3.12/site-packages/airflow/example_dags/example_xcomargs.py
[2024-07-04T09:54:55.190+0000] {logging_mixin.py:188} INFO - [2024-07-04T09:54:55.190+0000] {dag.py:3096} INFO - Sync 2 DAGs
[2024-07-04T09:54:55.205+0000] {logging_mixin.py:188} INFO - [2024-07-04T09:54:55.204+0000] {dag.py:3954} INFO - Setting next_dagrun for example_xcom_args to None, run_after=None
[2024-07-04T09:54:55.209+0000] {logging_mixin.py:188} INFO - [2024-07-04T09:54:55.209+0000] {dag.py:3954} INFO - Setting next_dagrun for example_xcom_args_with_operators to None, run_after=None
[2024-07-04T09:54:55.227+0000] {processor.py:183} INFO - Processing /home/airflow/.local/lib/python3.12/site-packages/airflow/example_dags/example_xcomargs.py took 0.228 seconds
[2024-07-04T09:55:25.602+0000] {processor.py:161} INFO - Started process (PID=2419) to work on /home/airflow/.local/lib/python3.12/site-packages/airflow/example_dags/example_xcomargs.py
[2024-07-04T09:55:25.604+0000] {processor.py:830} INFO - Processing file /home/airflow/.local/lib/python3.12/site-packages/airflow/example_dags/example_xcomargs.py for tasks to queue
[2024-07-04T09:55:25.618+0000] {logging_mixin.py:188} INFO - [2024-07-04T09:55:25.618+0000] {dagbag.py:545} INFO - Filling up the DagBag from /home/airflow/.local/lib/python3.12/site-packages/airflow/example_dags/example_xcomargs.py
[2024-07-04T09:55:25.647+0000] {processor.py:840} INFO - DAG(s) 'example_xcom_args', 'example_xcom_args_with_operators' retrieved from /home/airflow/.local/lib/python3.12/site-packages/airflow/example_dags/example_xcomargs.py
[2024-07-04T09:55:25.708+0000] {logging_mixin.py:188} INFO - [2024-07-04T09:55:25.708+0000] {dag.py:3096} INFO - Sync 2 DAGs
[2024-07-04T09:55:25.760+0000] {logging_mixin.py:188} INFO - [2024-07-04T09:55:25.759+0000] {dag.py:3954} INFO - Setting next_dagrun for example_xcom_args to None, run_after=None
[2024-07-04T09:55:25.779+0000] {logging_mixin.py:188} INFO - [2024-07-04T09:55:25.779+0000] {dag.py:3954} INFO - Setting next_dagrun for example_xcom_args_with_operators to None, run_after=None
[2024-07-04T09:55:25.842+0000] {processor.py:183} INFO - Processing /home/airflow/.local/lib/python3.12/site-packages/airflow/example_dags/example_xcomargs.py took 0.256 seconds
[2024-07-04T09:55:55.954+0000] {processor.py:161} INFO - Started process (PID=2478) to work on /home/airflow/.local/lib/python3.12/site-packages/airflow/example_dags/example_xcomargs.py
[2024-07-04T09:55:55.955+0000] {processor.py:830} INFO - Processing file /home/airflow/.local/lib/python3.12/site-packages/airflow/example_dags/example_xcomargs.py for tasks to queue
[2024-07-04T09:55:55.958+0000] {logging_mixin.py:188} INFO - [2024-07-04T09:55:55.957+0000] {dagbag.py:545} INFO - Filling up the DagBag from /home/airflow/.local/lib/python3.12/site-packages/airflow/example_dags/example_xcomargs.py
[2024-07-04T09:55:55.967+0000] {processor.py:840} INFO - DAG(s) 'example_xcom_args_with_operators', 'example_xcom_args' retrieved from /home/airflow/.local/lib/python3.12/site-packages/airflow/example_dags/example_xcomargs.py
[2024-07-04T09:55:55.993+0000] {logging_mixin.py:188} INFO - [2024-07-04T09:55:55.992+0000] {dag.py:3096} INFO - Sync 2 DAGs
[2024-07-04T09:55:56.005+0000] {logging_mixin.py:188} INFO - [2024-07-04T09:55:56.005+0000] {dag.py:3954} INFO - Setting next_dagrun for example_xcom_args to None, run_after=None
[2024-07-04T09:55:56.009+0000] {logging_mixin.py:188} INFO - [2024-07-04T09:55:56.009+0000] {dag.py:3954} INFO - Setting next_dagrun for example_xcom_args_with_operators to None, run_after=None
[2024-07-04T09:55:56.028+0000] {processor.py:183} INFO - Processing /home/airflow/.local/lib/python3.12/site-packages/airflow/example_dags/example_xcomargs.py took 0.079 seconds
[2024-07-04T09:56:26.916+0000] {processor.py:161} INFO - Started process (PID=2537) to work on /home/airflow/.local/lib/python3.12/site-packages/airflow/example_dags/example_xcomargs.py
[2024-07-04T09:56:26.918+0000] {processor.py:830} INFO - Processing file /home/airflow/.local/lib/python3.12/site-packages/airflow/example_dags/example_xcomargs.py for tasks to queue
[2024-07-04T09:56:26.920+0000] {logging_mixin.py:188} INFO - [2024-07-04T09:56:26.920+0000] {dagbag.py:545} INFO - Filling up the DagBag from /home/airflow/.local/lib/python3.12/site-packages/airflow/example_dags/example_xcomargs.py
[2024-07-04T09:56:26.929+0000] {processor.py:840} INFO - DAG(s) 'example_xcom_args_with_operators', 'example_xcom_args' retrieved from /home/airflow/.local/lib/python3.12/site-packages/airflow/example_dags/example_xcomargs.py
[2024-07-04T09:56:26.968+0000] {logging_mixin.py:188} INFO - [2024-07-04T09:56:26.967+0000] {dag.py:3096} INFO - Sync 2 DAGs
[2024-07-04T09:56:26.986+0000] {logging_mixin.py:188} INFO - [2024-07-04T09:56:26.985+0000] {dag.py:3954} INFO - Setting next_dagrun for example_xcom_args to None, run_after=None
[2024-07-04T09:56:26.993+0000] {logging_mixin.py:188} INFO - [2024-07-04T09:56:26.992+0000] {dag.py:3954} INFO - Setting next_dagrun for example_xcom_args_with_operators to None, run_after=None
[2024-07-04T09:56:27.018+0000] {processor.py:183} INFO - Processing /home/airflow/.local/lib/python3.12/site-packages/airflow/example_dags/example_xcomargs.py took 0.110 seconds
[2024-07-04T09:56:57.690+0000] {processor.py:161} INFO - Started process (PID=2594) to work on /home/airflow/.local/lib/python3.12/site-packages/airflow/example_dags/example_xcomargs.py
[2024-07-04T09:56:57.691+0000] {processor.py:830} INFO - Processing file /home/airflow/.local/lib/python3.12/site-packages/airflow/example_dags/example_xcomargs.py for tasks to queue
[2024-07-04T09:56:57.694+0000] {logging_mixin.py:188} INFO - [2024-07-04T09:56:57.693+0000] {dagbag.py:545} INFO - Filling up the DagBag from /home/airflow/.local/lib/python3.12/site-packages/airflow/example_dags/example_xcomargs.py
[2024-07-04T09:56:57.702+0000] {processor.py:840} INFO - DAG(s) 'example_xcom_args_with_operators', 'example_xcom_args' retrieved from /home/airflow/.local/lib/python3.12/site-packages/airflow/example_dags/example_xcomargs.py
[2024-07-04T09:56:57.728+0000] {logging_mixin.py:188} INFO - [2024-07-04T09:56:57.727+0000] {dag.py:3096} INFO - Sync 2 DAGs
[2024-07-04T09:56:57.743+0000] {logging_mixin.py:188} INFO - [2024-07-04T09:56:57.742+0000] {dag.py:3954} INFO - Setting next_dagrun for example_xcom_args to None, run_after=None
[2024-07-04T09:56:57.749+0000] {logging_mixin.py:188} INFO - [2024-07-04T09:56:57.749+0000] {dag.py:3954} INFO - Setting next_dagrun for example_xcom_args_with_operators to None, run_after=None
[2024-07-04T09:56:57.773+0000] {processor.py:183} INFO - Processing /home/airflow/.local/lib/python3.12/site-packages/airflow/example_dags/example_xcomargs.py took 0.089 seconds
[2024-07-04T09:57:28.285+0000] {processor.py:161} INFO - Started process (PID=2653) to work on /home/airflow/.local/lib/python3.12/site-packages/airflow/example_dags/example_xcomargs.py
[2024-07-04T09:57:28.286+0000] {processor.py:830} INFO - Processing file /home/airflow/.local/lib/python3.12/site-packages/airflow/example_dags/example_xcomargs.py for tasks to queue
[2024-07-04T09:57:28.288+0000] {logging_mixin.py:188} INFO - [2024-07-04T09:57:28.288+0000] {dagbag.py:545} INFO - Filling up the DagBag from /home/airflow/.local/lib/python3.12/site-packages/airflow/example_dags/example_xcomargs.py
[2024-07-04T09:57:28.298+0000] {processor.py:840} INFO - DAG(s) 'example_xcom_args_with_operators', 'example_xcom_args' retrieved from /home/airflow/.local/lib/python3.12/site-packages/airflow/example_dags/example_xcomargs.py
[2024-07-04T09:57:28.327+0000] {logging_mixin.py:188} INFO - [2024-07-04T09:57:28.327+0000] {dag.py:3096} INFO - Sync 2 DAGs
[2024-07-04T09:57:28.341+0000] {logging_mixin.py:188} INFO - [2024-07-04T09:57:28.341+0000] {dag.py:3954} INFO - Setting next_dagrun for example_xcom_args to None, run_after=None
[2024-07-04T09:57:28.345+0000] {logging_mixin.py:188} INFO - [2024-07-04T09:57:28.345+0000] {dag.py:3954} INFO - Setting next_dagrun for example_xcom_args_with_operators to None, run_after=None
[2024-07-04T09:57:28.368+0000] {processor.py:183} INFO - Processing /home/airflow/.local/lib/python3.12/site-packages/airflow/example_dags/example_xcomargs.py took 0.091 seconds
[2024-07-04T09:57:59.368+0000] {processor.py:161} INFO - Started process (PID=2713) to work on /home/airflow/.local/lib/python3.12/site-packages/airflow/example_dags/example_xcomargs.py
[2024-07-04T09:57:59.369+0000] {processor.py:830} INFO - Processing file /home/airflow/.local/lib/python3.12/site-packages/airflow/example_dags/example_xcomargs.py for tasks to queue
[2024-07-04T09:57:59.373+0000] {logging_mixin.py:188} INFO - [2024-07-04T09:57:59.372+0000] {dagbag.py:545} INFO - Filling up the DagBag from /home/airflow/.local/lib/python3.12/site-packages/airflow/example_dags/example_xcomargs.py
[2024-07-04T09:57:59.381+0000] {processor.py:840} INFO - DAG(s) 'example_xcom_args', 'example_xcom_args_with_operators' retrieved from /home/airflow/.local/lib/python3.12/site-packages/airflow/example_dags/example_xcomargs.py
[2024-07-04T09:57:59.414+0000] {logging_mixin.py:188} INFO - [2024-07-04T09:57:59.413+0000] {dag.py:3096} INFO - Sync 2 DAGs
[2024-07-04T09:57:59.430+0000] {logging_mixin.py:188} INFO - [2024-07-04T09:57:59.429+0000] {dag.py:3954} INFO - Setting next_dagrun for example_xcom_args to None, run_after=None
[2024-07-04T09:57:59.434+0000] {logging_mixin.py:188} INFO - [2024-07-04T09:57:59.434+0000] {dag.py:3954} INFO - Setting next_dagrun for example_xcom_args_with_operators to None, run_after=None
[2024-07-04T09:57:59.454+0000] {processor.py:183} INFO - Processing /home/airflow/.local/lib/python3.12/site-packages/airflow/example_dags/example_xcomargs.py took 0.094 seconds
[2024-07-04T09:58:29.562+0000] {processor.py:161} INFO - Started process (PID=2772) to work on /home/airflow/.local/lib/python3.12/site-packages/airflow/example_dags/example_xcomargs.py
[2024-07-04T09:58:29.565+0000] {processor.py:830} INFO - Processing file /home/airflow/.local/lib/python3.12/site-packages/airflow/example_dags/example_xcomargs.py for tasks to queue
[2024-07-04T09:58:29.567+0000] {logging_mixin.py:188} INFO - [2024-07-04T09:58:29.567+0000] {dagbag.py:545} INFO - Filling up the DagBag from /home/airflow/.local/lib/python3.12/site-packages/airflow/example_dags/example_xcomargs.py
[2024-07-04T09:58:29.575+0000] {processor.py:840} INFO - DAG(s) 'example_xcom_args_with_operators', 'example_xcom_args' retrieved from /home/airflow/.local/lib/python3.12/site-packages/airflow/example_dags/example_xcomargs.py
[2024-07-04T09:58:29.603+0000] {logging_mixin.py:188} INFO - [2024-07-04T09:58:29.603+0000] {dag.py:3096} INFO - Sync 2 DAGs
[2024-07-04T09:58:29.616+0000] {logging_mixin.py:188} INFO - [2024-07-04T09:58:29.615+0000] {dag.py:3954} INFO - Setting next_dagrun for example_xcom_args to None, run_after=None
[2024-07-04T09:58:29.620+0000] {logging_mixin.py:188} INFO - [2024-07-04T09:58:29.620+0000] {dag.py:3954} INFO - Setting next_dagrun for example_xcom_args_with_operators to None, run_after=None
[2024-07-04T09:58:29.636+0000] {processor.py:183} INFO - Processing /home/airflow/.local/lib/python3.12/site-packages/airflow/example_dags/example_xcomargs.py took 0.079 seconds
[2024-07-04T09:58:59.702+0000] {processor.py:161} INFO - Started process (PID=2832) to work on /home/airflow/.local/lib/python3.12/site-packages/airflow/example_dags/example_xcomargs.py
[2024-07-04T09:58:59.703+0000] {processor.py:830} INFO - Processing file /home/airflow/.local/lib/python3.12/site-packages/airflow/example_dags/example_xcomargs.py for tasks to queue
[2024-07-04T09:58:59.707+0000] {logging_mixin.py:188} INFO - [2024-07-04T09:58:59.705+0000] {dagbag.py:545} INFO - Filling up the DagBag from /home/airflow/.local/lib/python3.12/site-packages/airflow/example_dags/example_xcomargs.py
[2024-07-04T09:58:59.724+0000] {processor.py:840} INFO - DAG(s) 'example_xcom_args_with_operators', 'example_xcom_args' retrieved from /home/airflow/.local/lib/python3.12/site-packages/airflow/example_dags/example_xcomargs.py
[2024-07-04T09:58:59.772+0000] {logging_mixin.py:188} INFO - [2024-07-04T09:58:59.772+0000] {dag.py:3096} INFO - Sync 2 DAGs
[2024-07-04T09:58:59.794+0000] {logging_mixin.py:188} INFO - [2024-07-04T09:58:59.794+0000] {dag.py:3954} INFO - Setting next_dagrun for example_xcom_args to None, run_after=None
[2024-07-04T09:58:59.801+0000] {logging_mixin.py:188} INFO - [2024-07-04T09:58:59.801+0000] {dag.py:3954} INFO - Setting next_dagrun for example_xcom_args_with_operators to None, run_after=None
[2024-07-04T09:58:59.851+0000] {processor.py:183} INFO - Processing /home/airflow/.local/lib/python3.12/site-packages/airflow/example_dags/example_xcomargs.py took 0.154 seconds
[2024-07-04T09:59:30.275+0000] {processor.py:161} INFO - Started process (PID=2891) to work on /home/airflow/.local/lib/python3.12/site-packages/airflow/example_dags/example_xcomargs.py
[2024-07-04T09:59:30.292+0000] {processor.py:830} INFO - Processing file /home/airflow/.local/lib/python3.12/site-packages/airflow/example_dags/example_xcomargs.py for tasks to queue
[2024-07-04T09:59:30.299+0000] {logging_mixin.py:188} INFO - [2024-07-04T09:59:30.296+0000] {dagbag.py:545} INFO - Filling up the DagBag from /home/airflow/.local/lib/python3.12/site-packages/airflow/example_dags/example_xcomargs.py
[2024-07-04T09:59:30.324+0000] {processor.py:840} INFO - DAG(s) 'example_xcom_args', 'example_xcom_args_with_operators' retrieved from /home/airflow/.local/lib/python3.12/site-packages/airflow/example_dags/example_xcomargs.py
[2024-07-04T09:59:30.770+0000] {logging_mixin.py:188} INFO - [2024-07-04T09:59:30.768+0000] {dag.py:3096} INFO - Sync 2 DAGs
[2024-07-04T09:59:35.890+0000] {logging_mixin.py:188} INFO - [2024-07-04T09:59:35.862+0000] {dag.py:3954} INFO - Setting next_dagrun for example_xcom_args to None, run_after=None
[2024-07-04T09:59:35.955+0000] {logging_mixin.py:188} INFO - [2024-07-04T09:59:35.955+0000] {dag.py:3954} INFO - Setting next_dagrun for example_xcom_args_with_operators to None, run_after=None
[2024-07-04T09:59:37.362+0000] {processor.py:183} INFO - Processing /home/airflow/.local/lib/python3.12/site-packages/airflow/example_dags/example_xcomargs.py took 7.114 seconds
[2024-07-04T10:00:08.142+0000] {processor.py:161} INFO - Started process (PID=2951) to work on /home/airflow/.local/lib/python3.12/site-packages/airflow/example_dags/example_xcomargs.py
[2024-07-04T10:00:08.161+0000] {processor.py:830} INFO - Processing file /home/airflow/.local/lib/python3.12/site-packages/airflow/example_dags/example_xcomargs.py for tasks to queue
[2024-07-04T10:00:08.183+0000] {logging_mixin.py:188} INFO - [2024-07-04T10:00:08.181+0000] {dagbag.py:545} INFO - Filling up the DagBag from /home/airflow/.local/lib/python3.12/site-packages/airflow/example_dags/example_xcomargs.py
[2024-07-04T10:00:08.259+0000] {processor.py:840} INFO - DAG(s) 'example_xcom_args', 'example_xcom_args_with_operators' retrieved from /home/airflow/.local/lib/python3.12/site-packages/airflow/example_dags/example_xcomargs.py
[2024-07-04T10:00:08.478+0000] {logging_mixin.py:188} INFO - [2024-07-04T10:00:08.477+0000] {dag.py:3096} INFO - Sync 2 DAGs
[2024-07-04T10:00:08.531+0000] {logging_mixin.py:188} INFO - [2024-07-04T10:00:08.531+0000] {dag.py:3954} INFO - Setting next_dagrun for example_xcom_args to None, run_after=None
[2024-07-04T10:00:08.545+0000] {logging_mixin.py:188} INFO - [2024-07-04T10:00:08.544+0000] {dag.py:3954} INFO - Setting next_dagrun for example_xcom_args_with_operators to None, run_after=None
[2024-07-04T10:00:08.593+0000] {processor.py:183} INFO - Processing /home/airflow/.local/lib/python3.12/site-packages/airflow/example_dags/example_xcomargs.py took 0.486 seconds
[2024-07-04T10:00:39.164+0000] {processor.py:161} INFO - Started process (PID=3009) to work on /home/airflow/.local/lib/python3.12/site-packages/airflow/example_dags/example_xcomargs.py
[2024-07-04T10:00:39.166+0000] {processor.py:830} INFO - Processing file /home/airflow/.local/lib/python3.12/site-packages/airflow/example_dags/example_xcomargs.py for tasks to queue
[2024-07-04T10:00:39.168+0000] {logging_mixin.py:188} INFO - [2024-07-04T10:00:39.168+0000] {dagbag.py:545} INFO - Filling up the DagBag from /home/airflow/.local/lib/python3.12/site-packages/airflow/example_dags/example_xcomargs.py
[2024-07-04T10:00:39.178+0000] {processor.py:840} INFO - DAG(s) 'example_xcom_args', 'example_xcom_args_with_operators' retrieved from /home/airflow/.local/lib/python3.12/site-packages/airflow/example_dags/example_xcomargs.py
[2024-07-04T10:00:39.217+0000] {logging_mixin.py:188} INFO - [2024-07-04T10:00:39.216+0000] {dag.py:3096} INFO - Sync 2 DAGs
[2024-07-04T10:00:39.231+0000] {logging_mixin.py:188} INFO - [2024-07-04T10:00:39.231+0000] {dag.py:3954} INFO - Setting next_dagrun for example_xcom_args to None, run_after=None
[2024-07-04T10:00:39.236+0000] {logging_mixin.py:188} INFO - [2024-07-04T10:00:39.236+0000] {dag.py:3954} INFO - Setting next_dagrun for example_xcom_args_with_operators to None, run_after=None
[2024-07-04T10:00:39.255+0000] {processor.py:183} INFO - Processing /home/airflow/.local/lib/python3.12/site-packages/airflow/example_dags/example_xcomargs.py took 0.097 seconds
[2024-07-04T10:01:09.457+0000] {processor.py:161} INFO - Started process (PID=3070) to work on /home/airflow/.local/lib/python3.12/site-packages/airflow/example_dags/example_xcomargs.py
[2024-07-04T10:01:09.465+0000] {processor.py:830} INFO - Processing file /home/airflow/.local/lib/python3.12/site-packages/airflow/example_dags/example_xcomargs.py for tasks to queue
[2024-07-04T10:01:09.469+0000] {logging_mixin.py:188} INFO - [2024-07-04T10:01:09.468+0000] {dagbag.py:545} INFO - Filling up the DagBag from /home/airflow/.local/lib/python3.12/site-packages/airflow/example_dags/example_xcomargs.py
[2024-07-04T10:01:09.512+0000] {processor.py:840} INFO - DAG(s) 'example_xcom_args_with_operators', 'example_xcom_args' retrieved from /home/airflow/.local/lib/python3.12/site-packages/airflow/example_dags/example_xcomargs.py
[2024-07-04T10:01:09.583+0000] {logging_mixin.py:188} INFO - [2024-07-04T10:01:09.583+0000] {dag.py:3096} INFO - Sync 2 DAGs
[2024-07-04T10:01:09.622+0000] {logging_mixin.py:188} INFO - [2024-07-04T10:01:09.621+0000] {dag.py:3954} INFO - Setting next_dagrun for example_xcom_args to None, run_after=None
[2024-07-04T10:01:09.630+0000] {logging_mixin.py:188} INFO - [2024-07-04T10:01:09.630+0000] {dag.py:3954} INFO - Setting next_dagrun for example_xcom_args_with_operators to None, run_after=None
[2024-07-04T10:01:09.685+0000] {processor.py:183} INFO - Processing /home/airflow/.local/lib/python3.12/site-packages/airflow/example_dags/example_xcomargs.py took 0.238 seconds
[2024-07-04T10:01:39.905+0000] {processor.py:161} INFO - Started process (PID=3129) to work on /home/airflow/.local/lib/python3.12/site-packages/airflow/example_dags/example_xcomargs.py
[2024-07-04T10:01:39.906+0000] {processor.py:830} INFO - Processing file /home/airflow/.local/lib/python3.12/site-packages/airflow/example_dags/example_xcomargs.py for tasks to queue
[2024-07-04T10:01:39.908+0000] {logging_mixin.py:188} INFO - [2024-07-04T10:01:39.908+0000] {dagbag.py:545} INFO - Filling up the DagBag from /home/airflow/.local/lib/python3.12/site-packages/airflow/example_dags/example_xcomargs.py
[2024-07-04T10:01:39.918+0000] {processor.py:840} INFO - DAG(s) 'example_xcom_args', 'example_xcom_args_with_operators' retrieved from /home/airflow/.local/lib/python3.12/site-packages/airflow/example_dags/example_xcomargs.py
[2024-07-04T10:01:39.945+0000] {logging_mixin.py:188} INFO - [2024-07-04T10:01:39.945+0000] {dag.py:3096} INFO - Sync 2 DAGs
[2024-07-04T10:01:39.958+0000] {logging_mixin.py:188} INFO - [2024-07-04T10:01:39.958+0000] {dag.py:3954} INFO - Setting next_dagrun for example_xcom_args to None, run_after=None
[2024-07-04T10:01:39.963+0000] {logging_mixin.py:188} INFO - [2024-07-04T10:01:39.962+0000] {dag.py:3954} INFO - Setting next_dagrun for example_xcom_args_with_operators to None, run_after=None
[2024-07-04T10:01:39.987+0000] {processor.py:183} INFO - Processing /home/airflow/.local/lib/python3.12/site-packages/airflow/example_dags/example_xcomargs.py took 0.088 seconds
[2024-07-04T10:02:10.380+0000] {processor.py:161} INFO - Started process (PID=3189) to work on /home/airflow/.local/lib/python3.12/site-packages/airflow/example_dags/example_xcomargs.py
[2024-07-04T10:02:10.381+0000] {processor.py:830} INFO - Processing file /home/airflow/.local/lib/python3.12/site-packages/airflow/example_dags/example_xcomargs.py for tasks to queue
[2024-07-04T10:02:10.383+0000] {logging_mixin.py:188} INFO - [2024-07-04T10:02:10.383+0000] {dagbag.py:545} INFO - Filling up the DagBag from /home/airflow/.local/lib/python3.12/site-packages/airflow/example_dags/example_xcomargs.py
[2024-07-04T10:02:10.391+0000] {processor.py:840} INFO - DAG(s) 'example_xcom_args_with_operators', 'example_xcom_args' retrieved from /home/airflow/.local/lib/python3.12/site-packages/airflow/example_dags/example_xcomargs.py
[2024-07-04T10:02:10.414+0000] {logging_mixin.py:188} INFO - [2024-07-04T10:02:10.414+0000] {dag.py:3096} INFO - Sync 2 DAGs
[2024-07-04T10:02:10.428+0000] {logging_mixin.py:188} INFO - [2024-07-04T10:02:10.427+0000] {dag.py:3954} INFO - Setting next_dagrun for example_xcom_args to None, run_after=None
[2024-07-04T10:02:10.432+0000] {logging_mixin.py:188} INFO - [2024-07-04T10:02:10.432+0000] {dag.py:3954} INFO - Setting next_dagrun for example_xcom_args_with_operators to None, run_after=None
[2024-07-04T10:02:10.454+0000] {processor.py:183} INFO - Processing /home/airflow/.local/lib/python3.12/site-packages/airflow/example_dags/example_xcomargs.py took 0.081 seconds
[2024-07-04T10:02:40.567+0000] {processor.py:161} INFO - Started process (PID=3248) to work on /home/airflow/.local/lib/python3.12/site-packages/airflow/example_dags/example_xcomargs.py
[2024-07-04T10:02:40.569+0000] {processor.py:830} INFO - Processing file /home/airflow/.local/lib/python3.12/site-packages/airflow/example_dags/example_xcomargs.py for tasks to queue
[2024-07-04T10:02:40.574+0000] {logging_mixin.py:188} INFO - [2024-07-04T10:02:40.574+0000] {dagbag.py:545} INFO - Filling up the DagBag from /home/airflow/.local/lib/python3.12/site-packages/airflow/example_dags/example_xcomargs.py
[2024-07-04T10:02:40.587+0000] {processor.py:840} INFO - DAG(s) 'example_xcom_args_with_operators', 'example_xcom_args' retrieved from /home/airflow/.local/lib/python3.12/site-packages/airflow/example_dags/example_xcomargs.py
[2024-07-04T10:02:40.624+0000] {logging_mixin.py:188} INFO - [2024-07-04T10:02:40.624+0000] {dag.py:3096} INFO - Sync 2 DAGs
[2024-07-04T10:02:40.637+0000] {logging_mixin.py:188} INFO - [2024-07-04T10:02:40.637+0000] {dag.py:3954} INFO - Setting next_dagrun for example_xcom_args to None, run_after=None
[2024-07-04T10:02:40.642+0000] {logging_mixin.py:188} INFO - [2024-07-04T10:02:40.642+0000] {dag.py:3954} INFO - Setting next_dagrun for example_xcom_args_with_operators to None, run_after=None
[2024-07-04T10:02:40.672+0000] {processor.py:183} INFO - Processing /home/airflow/.local/lib/python3.12/site-packages/airflow/example_dags/example_xcomargs.py took 0.113 seconds
[2024-07-04T10:03:11.436+0000] {processor.py:161} INFO - Started process (PID=3308) to work on /home/airflow/.local/lib/python3.12/site-packages/airflow/example_dags/example_xcomargs.py
[2024-07-04T10:03:11.437+0000] {processor.py:830} INFO - Processing file /home/airflow/.local/lib/python3.12/site-packages/airflow/example_dags/example_xcomargs.py for tasks to queue
[2024-07-04T10:03:11.439+0000] {logging_mixin.py:188} INFO - [2024-07-04T10:03:11.439+0000] {dagbag.py:545} INFO - Filling up the DagBag from /home/airflow/.local/lib/python3.12/site-packages/airflow/example_dags/example_xcomargs.py
[2024-07-04T10:03:11.447+0000] {processor.py:840} INFO - DAG(s) 'example_xcom_args_with_operators', 'example_xcom_args' retrieved from /home/airflow/.local/lib/python3.12/site-packages/airflow/example_dags/example_xcomargs.py
[2024-07-04T10:03:11.477+0000] {logging_mixin.py:188} INFO - [2024-07-04T10:03:11.476+0000] {dag.py:3096} INFO - Sync 2 DAGs
[2024-07-04T10:03:11.495+0000] {logging_mixin.py:188} INFO - [2024-07-04T10:03:11.494+0000] {dag.py:3954} INFO - Setting next_dagrun for example_xcom_args to None, run_after=None
[2024-07-04T10:03:11.500+0000] {logging_mixin.py:188} INFO - [2024-07-04T10:03:11.499+0000] {dag.py:3954} INFO - Setting next_dagrun for example_xcom_args_with_operators to None, run_after=None
[2024-07-04T10:03:11.523+0000] {processor.py:183} INFO - Processing /home/airflow/.local/lib/python3.12/site-packages/airflow/example_dags/example_xcomargs.py took 0.094 seconds
[2024-07-04T10:03:41.701+0000] {processor.py:161} INFO - Started process (PID=3367) to work on /home/airflow/.local/lib/python3.12/site-packages/airflow/example_dags/example_xcomargs.py
[2024-07-04T10:03:41.716+0000] {processor.py:830} INFO - Processing file /home/airflow/.local/lib/python3.12/site-packages/airflow/example_dags/example_xcomargs.py for tasks to queue
[2024-07-04T10:03:41.728+0000] {logging_mixin.py:188} INFO - [2024-07-04T10:03:41.726+0000] {dagbag.py:545} INFO - Filling up the DagBag from /home/airflow/.local/lib/python3.12/site-packages/airflow/example_dags/example_xcomargs.py
[2024-07-04T10:03:41.809+0000] {processor.py:840} INFO - DAG(s) 'example_xcom_args', 'example_xcom_args_with_operators' retrieved from /home/airflow/.local/lib/python3.12/site-packages/airflow/example_dags/example_xcomargs.py
[2024-07-04T10:03:41.935+0000] {logging_mixin.py:188} INFO - [2024-07-04T10:03:41.934+0000] {dag.py:3096} INFO - Sync 2 DAGs
[2024-07-04T10:03:42.030+0000] {logging_mixin.py:188} INFO - [2024-07-04T10:03:42.029+0000] {dag.py:3954} INFO - Setting next_dagrun for example_xcom_args to None, run_after=None
[2024-07-04T10:03:42.055+0000] {logging_mixin.py:188} INFO - [2024-07-04T10:03:42.055+0000] {dag.py:3954} INFO - Setting next_dagrun for example_xcom_args_with_operators to None, run_after=None
[2024-07-04T10:03:42.117+0000] {processor.py:183} INFO - Processing /home/airflow/.local/lib/python3.12/site-packages/airflow/example_dags/example_xcomargs.py took 0.424 seconds
