[2024-07-04T09:35:02.452+0000] {processor.py:161} INFO - Started process (PID=74) to work on /home/airflow/.local/lib/python3.12/site-packages/airflow/example_dags/tutorial.py
[2024-07-04T09:35:02.477+0000] {processor.py:830} INFO - Processing file /home/airflow/.local/lib/python3.12/site-packages/airflow/example_dags/tutorial.py for tasks to queue
[2024-07-04T09:35:02.504+0000] {logging_mixin.py:188} INFO - [2024-07-04T09:35:02.500+0000] {dagbag.py:545} INFO - Filling up the DagBag from /home/airflow/.local/lib/python3.12/site-packages/airflow/example_dags/tutorial.py
[2024-07-04T09:35:02.546+0000] {processor.py:840} INFO - DAG(s) 'tutorial' retrieved from /home/airflow/.local/lib/python3.12/site-packages/airflow/example_dags/tutorial.py
[2024-07-04T09:35:02.828+0000] {logging_mixin.py:188} INFO - [2024-07-04T09:35:02.828+0000] {dag.py:3096} INFO - Sync 1 DAGs
[2024-07-04T09:35:02.940+0000] {logging_mixin.py:188} INFO - [2024-07-04T09:35:02.940+0000] {dag.py:3954} INFO - Setting next_dagrun for tutorial to 2024-07-03 00:00:00+00:00, run_after=2024-07-04 00:00:00+00:00
[2024-07-04T09:35:03.026+0000] {processor.py:183} INFO - Processing /home/airflow/.local/lib/python3.12/site-packages/airflow/example_dags/tutorial.py took 0.581 seconds
[2024-07-04T09:35:33.354+0000] {processor.py:161} INFO - Started process (PID=133) to work on /home/airflow/.local/lib/python3.12/site-packages/airflow/example_dags/tutorial.py
[2024-07-04T09:35:33.356+0000] {processor.py:830} INFO - Processing file /home/airflow/.local/lib/python3.12/site-packages/airflow/example_dags/tutorial.py for tasks to queue
[2024-07-04T09:35:33.359+0000] {logging_mixin.py:188} INFO - [2024-07-04T09:35:33.358+0000] {dagbag.py:545} INFO - Filling up the DagBag from /home/airflow/.local/lib/python3.12/site-packages/airflow/example_dags/tutorial.py
[2024-07-04T09:35:33.369+0000] {processor.py:840} INFO - DAG(s) 'tutorial' retrieved from /home/airflow/.local/lib/python3.12/site-packages/airflow/example_dags/tutorial.py
[2024-07-04T09:35:33.421+0000] {logging_mixin.py:188} INFO - [2024-07-04T09:35:33.421+0000] {dag.py:3096} INFO - Sync 1 DAGs
[2024-07-04T09:35:33.443+0000] {logging_mixin.py:188} INFO - [2024-07-04T09:35:33.442+0000] {dag.py:3954} INFO - Setting next_dagrun for tutorial to 2024-07-03 00:00:00+00:00, run_after=2024-07-04 00:00:00+00:00
[2024-07-04T09:35:33.473+0000] {processor.py:183} INFO - Processing /home/airflow/.local/lib/python3.12/site-packages/airflow/example_dags/tutorial.py took 0.125 seconds
[2024-07-04T09:36:03.614+0000] {processor.py:161} INFO - Started process (PID=192) to work on /home/airflow/.local/lib/python3.12/site-packages/airflow/example_dags/tutorial.py
[2024-07-04T09:36:03.615+0000] {processor.py:830} INFO - Processing file /home/airflow/.local/lib/python3.12/site-packages/airflow/example_dags/tutorial.py for tasks to queue
[2024-07-04T09:36:03.617+0000] {logging_mixin.py:188} INFO - [2024-07-04T09:36:03.617+0000] {dagbag.py:545} INFO - Filling up the DagBag from /home/airflow/.local/lib/python3.12/site-packages/airflow/example_dags/tutorial.py
[2024-07-04T09:36:03.633+0000] {processor.py:840} INFO - DAG(s) 'tutorial' retrieved from /home/airflow/.local/lib/python3.12/site-packages/airflow/example_dags/tutorial.py
[2024-07-04T09:36:03.668+0000] {logging_mixin.py:188} INFO - [2024-07-04T09:36:03.668+0000] {dag.py:3096} INFO - Sync 1 DAGs
[2024-07-04T09:36:03.692+0000] {logging_mixin.py:188} INFO - [2024-07-04T09:36:03.692+0000] {dag.py:3954} INFO - Setting next_dagrun for tutorial to 2024-07-03 00:00:00+00:00, run_after=2024-07-04 00:00:00+00:00
[2024-07-04T09:36:03.718+0000] {processor.py:183} INFO - Processing /home/airflow/.local/lib/python3.12/site-packages/airflow/example_dags/tutorial.py took 0.110 seconds
[2024-07-04T09:36:35.266+0000] {processor.py:161} INFO - Started process (PID=251) to work on /home/airflow/.local/lib/python3.12/site-packages/airflow/example_dags/tutorial.py
[2024-07-04T09:36:35.267+0000] {processor.py:830} INFO - Processing file /home/airflow/.local/lib/python3.12/site-packages/airflow/example_dags/tutorial.py for tasks to queue
[2024-07-04T09:36:35.269+0000] {logging_mixin.py:188} INFO - [2024-07-04T09:36:35.269+0000] {dagbag.py:545} INFO - Filling up the DagBag from /home/airflow/.local/lib/python3.12/site-packages/airflow/example_dags/tutorial.py
[2024-07-04T09:36:35.276+0000] {processor.py:840} INFO - DAG(s) 'tutorial' retrieved from /home/airflow/.local/lib/python3.12/site-packages/airflow/example_dags/tutorial.py
[2024-07-04T09:36:35.299+0000] {logging_mixin.py:188} INFO - [2024-07-04T09:36:35.299+0000] {dag.py:3096} INFO - Sync 1 DAGs
[2024-07-04T09:36:35.325+0000] {logging_mixin.py:188} INFO - [2024-07-04T09:36:35.325+0000] {dag.py:3954} INFO - Setting next_dagrun for tutorial to 2024-07-03 00:00:00+00:00, run_after=2024-07-04 00:00:00+00:00
[2024-07-04T09:36:35.351+0000] {processor.py:183} INFO - Processing /home/airflow/.local/lib/python3.12/site-packages/airflow/example_dags/tutorial.py took 0.095 seconds
[2024-07-04T09:37:05.847+0000] {processor.py:161} INFO - Started process (PID=310) to work on /home/airflow/.local/lib/python3.12/site-packages/airflow/example_dags/tutorial.py
[2024-07-04T09:37:05.848+0000] {processor.py:830} INFO - Processing file /home/airflow/.local/lib/python3.12/site-packages/airflow/example_dags/tutorial.py for tasks to queue
[2024-07-04T09:37:05.850+0000] {logging_mixin.py:188} INFO - [2024-07-04T09:37:05.850+0000] {dagbag.py:545} INFO - Filling up the DagBag from /home/airflow/.local/lib/python3.12/site-packages/airflow/example_dags/tutorial.py
[2024-07-04T09:37:05.857+0000] {processor.py:840} INFO - DAG(s) 'tutorial' retrieved from /home/airflow/.local/lib/python3.12/site-packages/airflow/example_dags/tutorial.py
[2024-07-04T09:37:05.878+0000] {logging_mixin.py:188} INFO - [2024-07-04T09:37:05.878+0000] {dag.py:3096} INFO - Sync 1 DAGs
[2024-07-04T09:37:05.898+0000] {logging_mixin.py:188} INFO - [2024-07-04T09:37:05.898+0000] {dag.py:3954} INFO - Setting next_dagrun for tutorial to 2024-07-03 00:00:00+00:00, run_after=2024-07-04 00:00:00+00:00
[2024-07-04T09:37:05.916+0000] {processor.py:183} INFO - Processing /home/airflow/.local/lib/python3.12/site-packages/airflow/example_dags/tutorial.py took 0.074 seconds
[2024-07-04T09:37:36.545+0000] {processor.py:161} INFO - Started process (PID=367) to work on /home/airflow/.local/lib/python3.12/site-packages/airflow/example_dags/tutorial.py
[2024-07-04T09:37:36.546+0000] {processor.py:830} INFO - Processing file /home/airflow/.local/lib/python3.12/site-packages/airflow/example_dags/tutorial.py for tasks to queue
[2024-07-04T09:37:36.548+0000] {logging_mixin.py:188} INFO - [2024-07-04T09:37:36.547+0000] {dagbag.py:545} INFO - Filling up the DagBag from /home/airflow/.local/lib/python3.12/site-packages/airflow/example_dags/tutorial.py
[2024-07-04T09:37:36.572+0000] {processor.py:840} INFO - DAG(s) 'tutorial' retrieved from /home/airflow/.local/lib/python3.12/site-packages/airflow/example_dags/tutorial.py
[2024-07-04T09:37:36.610+0000] {logging_mixin.py:188} INFO - [2024-07-04T09:37:36.610+0000] {dag.py:3096} INFO - Sync 1 DAGs
[2024-07-04T09:37:36.677+0000] {logging_mixin.py:188} INFO - [2024-07-04T09:37:36.676+0000] {dag.py:3954} INFO - Setting next_dagrun for tutorial to 2024-07-03 00:00:00+00:00, run_after=2024-07-04 00:00:00+00:00
[2024-07-04T09:37:36.753+0000] {processor.py:183} INFO - Processing /home/airflow/.local/lib/python3.12/site-packages/airflow/example_dags/tutorial.py took 0.218 seconds
[2024-07-04T09:38:07.704+0000] {processor.py:161} INFO - Started process (PID=426) to work on /home/airflow/.local/lib/python3.12/site-packages/airflow/example_dags/tutorial.py
[2024-07-04T09:38:07.749+0000] {processor.py:830} INFO - Processing file /home/airflow/.local/lib/python3.12/site-packages/airflow/example_dags/tutorial.py for tasks to queue
[2024-07-04T09:38:07.756+0000] {logging_mixin.py:188} INFO - [2024-07-04T09:38:07.756+0000] {dagbag.py:545} INFO - Filling up the DagBag from /home/airflow/.local/lib/python3.12/site-packages/airflow/example_dags/tutorial.py
[2024-07-04T09:38:07.809+0000] {processor.py:840} INFO - DAG(s) 'tutorial' retrieved from /home/airflow/.local/lib/python3.12/site-packages/airflow/example_dags/tutorial.py
[2024-07-04T09:38:07.895+0000] {logging_mixin.py:188} INFO - [2024-07-04T09:38:07.895+0000] {dag.py:3096} INFO - Sync 1 DAGs
[2024-07-04T09:38:07.956+0000] {logging_mixin.py:188} INFO - [2024-07-04T09:38:07.956+0000] {dag.py:3954} INFO - Setting next_dagrun for tutorial to 2024-07-03 00:00:00+00:00, run_after=2024-07-04 00:00:00+00:00
[2024-07-04T09:38:08.023+0000] {processor.py:183} INFO - Processing /home/airflow/.local/lib/python3.12/site-packages/airflow/example_dags/tutorial.py took 0.324 seconds
[2024-07-04T09:38:38.853+0000] {processor.py:161} INFO - Started process (PID=486) to work on /home/airflow/.local/lib/python3.12/site-packages/airflow/example_dags/tutorial.py
[2024-07-04T09:38:38.854+0000] {processor.py:830} INFO - Processing file /home/airflow/.local/lib/python3.12/site-packages/airflow/example_dags/tutorial.py for tasks to queue
[2024-07-04T09:38:38.855+0000] {logging_mixin.py:188} INFO - [2024-07-04T09:38:38.855+0000] {dagbag.py:545} INFO - Filling up the DagBag from /home/airflow/.local/lib/python3.12/site-packages/airflow/example_dags/tutorial.py
[2024-07-04T09:38:38.860+0000] {processor.py:840} INFO - DAG(s) 'tutorial' retrieved from /home/airflow/.local/lib/python3.12/site-packages/airflow/example_dags/tutorial.py
[2024-07-04T09:38:38.879+0000] {logging_mixin.py:188} INFO - [2024-07-04T09:38:38.879+0000] {dag.py:3096} INFO - Sync 1 DAGs
[2024-07-04T09:38:38.902+0000] {logging_mixin.py:188} INFO - [2024-07-04T09:38:38.901+0000] {dag.py:3954} INFO - Setting next_dagrun for tutorial to 2024-07-03 00:00:00+00:00, run_after=2024-07-04 00:00:00+00:00
[2024-07-04T09:38:38.924+0000] {processor.py:183} INFO - Processing /home/airflow/.local/lib/python3.12/site-packages/airflow/example_dags/tutorial.py took 0.076 seconds
[2024-07-04T09:39:09.138+0000] {processor.py:161} INFO - Started process (PID=545) to work on /home/airflow/.local/lib/python3.12/site-packages/airflow/example_dags/tutorial.py
[2024-07-04T09:39:09.139+0000] {processor.py:830} INFO - Processing file /home/airflow/.local/lib/python3.12/site-packages/airflow/example_dags/tutorial.py for tasks to queue
[2024-07-04T09:39:09.141+0000] {logging_mixin.py:188} INFO - [2024-07-04T09:39:09.141+0000] {dagbag.py:545} INFO - Filling up the DagBag from /home/airflow/.local/lib/python3.12/site-packages/airflow/example_dags/tutorial.py
[2024-07-04T09:39:09.147+0000] {processor.py:840} INFO - DAG(s) 'tutorial' retrieved from /home/airflow/.local/lib/python3.12/site-packages/airflow/example_dags/tutorial.py
[2024-07-04T09:39:09.172+0000] {logging_mixin.py:188} INFO - [2024-07-04T09:39:09.171+0000] {dag.py:3096} INFO - Sync 1 DAGs
[2024-07-04T09:39:09.199+0000] {logging_mixin.py:188} INFO - [2024-07-04T09:39:09.198+0000] {dag.py:3954} INFO - Setting next_dagrun for tutorial to 2024-07-03 00:00:00+00:00, run_after=2024-07-04 00:00:00+00:00
[2024-07-04T09:39:09.227+0000] {processor.py:183} INFO - Processing /home/airflow/.local/lib/python3.12/site-packages/airflow/example_dags/tutorial.py took 0.096 seconds
[2024-07-04T09:39:39.391+0000] {processor.py:161} INFO - Started process (PID=604) to work on /home/airflow/.local/lib/python3.12/site-packages/airflow/example_dags/tutorial.py
[2024-07-04T09:39:39.393+0000] {processor.py:830} INFO - Processing file /home/airflow/.local/lib/python3.12/site-packages/airflow/example_dags/tutorial.py for tasks to queue
[2024-07-04T09:39:39.394+0000] {logging_mixin.py:188} INFO - [2024-07-04T09:39:39.394+0000] {dagbag.py:545} INFO - Filling up the DagBag from /home/airflow/.local/lib/python3.12/site-packages/airflow/example_dags/tutorial.py
[2024-07-04T09:39:39.400+0000] {processor.py:840} INFO - DAG(s) 'tutorial' retrieved from /home/airflow/.local/lib/python3.12/site-packages/airflow/example_dags/tutorial.py
[2024-07-04T09:39:39.418+0000] {logging_mixin.py:188} INFO - [2024-07-04T09:39:39.418+0000] {dag.py:3096} INFO - Sync 1 DAGs
[2024-07-04T09:39:39.440+0000] {logging_mixin.py:188} INFO - [2024-07-04T09:39:39.439+0000] {dag.py:3954} INFO - Setting next_dagrun for tutorial to 2024-07-03 00:00:00+00:00, run_after=2024-07-04 00:00:00+00:00
[2024-07-04T09:39:39.462+0000] {processor.py:183} INFO - Processing /home/airflow/.local/lib/python3.12/site-packages/airflow/example_dags/tutorial.py took 0.077 seconds
[2024-07-04T09:40:09.751+0000] {processor.py:161} INFO - Started process (PID=663) to work on /home/airflow/.local/lib/python3.12/site-packages/airflow/example_dags/tutorial.py
[2024-07-04T09:40:09.752+0000] {processor.py:830} INFO - Processing file /home/airflow/.local/lib/python3.12/site-packages/airflow/example_dags/tutorial.py for tasks to queue
[2024-07-04T09:40:09.754+0000] {logging_mixin.py:188} INFO - [2024-07-04T09:40:09.754+0000] {dagbag.py:545} INFO - Filling up the DagBag from /home/airflow/.local/lib/python3.12/site-packages/airflow/example_dags/tutorial.py
[2024-07-04T09:40:09.759+0000] {processor.py:840} INFO - DAG(s) 'tutorial' retrieved from /home/airflow/.local/lib/python3.12/site-packages/airflow/example_dags/tutorial.py
[2024-07-04T09:40:09.779+0000] {logging_mixin.py:188} INFO - [2024-07-04T09:40:09.778+0000] {dag.py:3096} INFO - Sync 1 DAGs
[2024-07-04T09:40:09.798+0000] {logging_mixin.py:188} INFO - [2024-07-04T09:40:09.797+0000] {dag.py:3954} INFO - Setting next_dagrun for tutorial to 2024-07-03 00:00:00+00:00, run_after=2024-07-04 00:00:00+00:00
[2024-07-04T09:40:09.814+0000] {processor.py:183} INFO - Processing /home/airflow/.local/lib/python3.12/site-packages/airflow/example_dags/tutorial.py took 0.068 seconds
[2024-07-04T09:40:40.038+0000] {processor.py:161} INFO - Started process (PID=722) to work on /home/airflow/.local/lib/python3.12/site-packages/airflow/example_dags/tutorial.py
[2024-07-04T09:40:40.041+0000] {processor.py:830} INFO - Processing file /home/airflow/.local/lib/python3.12/site-packages/airflow/example_dags/tutorial.py for tasks to queue
[2024-07-04T09:40:40.043+0000] {logging_mixin.py:188} INFO - [2024-07-04T09:40:40.042+0000] {dagbag.py:545} INFO - Filling up the DagBag from /home/airflow/.local/lib/python3.12/site-packages/airflow/example_dags/tutorial.py
[2024-07-04T09:40:40.048+0000] {processor.py:840} INFO - DAG(s) 'tutorial' retrieved from /home/airflow/.local/lib/python3.12/site-packages/airflow/example_dags/tutorial.py
[2024-07-04T09:40:40.065+0000] {logging_mixin.py:188} INFO - [2024-07-04T09:40:40.065+0000] {dag.py:3096} INFO - Sync 1 DAGs
[2024-07-04T09:40:40.085+0000] {logging_mixin.py:188} INFO - [2024-07-04T09:40:40.085+0000] {dag.py:3954} INFO - Setting next_dagrun for tutorial to 2024-07-03 00:00:00+00:00, run_after=2024-07-04 00:00:00+00:00
[2024-07-04T09:40:40.106+0000] {processor.py:183} INFO - Processing /home/airflow/.local/lib/python3.12/site-packages/airflow/example_dags/tutorial.py took 0.072 seconds
[2024-07-04T09:41:10.271+0000] {processor.py:161} INFO - Started process (PID=782) to work on /home/airflow/.local/lib/python3.12/site-packages/airflow/example_dags/tutorial.py
[2024-07-04T09:41:10.272+0000] {processor.py:830} INFO - Processing file /home/airflow/.local/lib/python3.12/site-packages/airflow/example_dags/tutorial.py for tasks to queue
[2024-07-04T09:41:10.273+0000] {logging_mixin.py:188} INFO - [2024-07-04T09:41:10.273+0000] {dagbag.py:545} INFO - Filling up the DagBag from /home/airflow/.local/lib/python3.12/site-packages/airflow/example_dags/tutorial.py
[2024-07-04T09:41:10.279+0000] {processor.py:840} INFO - DAG(s) 'tutorial' retrieved from /home/airflow/.local/lib/python3.12/site-packages/airflow/example_dags/tutorial.py
[2024-07-04T09:41:10.296+0000] {logging_mixin.py:188} INFO - [2024-07-04T09:41:10.296+0000] {dag.py:3096} INFO - Sync 1 DAGs
[2024-07-04T09:41:10.317+0000] {logging_mixin.py:188} INFO - [2024-07-04T09:41:10.317+0000] {dag.py:3954} INFO - Setting next_dagrun for tutorial to 2024-07-03 00:00:00+00:00, run_after=2024-07-04 00:00:00+00:00
[2024-07-04T09:41:10.341+0000] {processor.py:183} INFO - Processing /home/airflow/.local/lib/python3.12/site-packages/airflow/example_dags/tutorial.py took 0.076 seconds
[2024-07-04T09:41:40.759+0000] {processor.py:161} INFO - Started process (PID=841) to work on /home/airflow/.local/lib/python3.12/site-packages/airflow/example_dags/tutorial.py
[2024-07-04T09:41:40.760+0000] {processor.py:830} INFO - Processing file /home/airflow/.local/lib/python3.12/site-packages/airflow/example_dags/tutorial.py for tasks to queue
[2024-07-04T09:41:40.762+0000] {logging_mixin.py:188} INFO - [2024-07-04T09:41:40.761+0000] {dagbag.py:545} INFO - Filling up the DagBag from /home/airflow/.local/lib/python3.12/site-packages/airflow/example_dags/tutorial.py
[2024-07-04T09:41:40.767+0000] {processor.py:840} INFO - DAG(s) 'tutorial' retrieved from /home/airflow/.local/lib/python3.12/site-packages/airflow/example_dags/tutorial.py
[2024-07-04T09:41:40.785+0000] {logging_mixin.py:188} INFO - [2024-07-04T09:41:40.785+0000] {dag.py:3096} INFO - Sync 1 DAGs
[2024-07-04T09:41:40.804+0000] {logging_mixin.py:188} INFO - [2024-07-04T09:41:40.804+0000] {dag.py:3954} INFO - Setting next_dagrun for tutorial to 2024-07-03 00:00:00+00:00, run_after=2024-07-04 00:00:00+00:00
[2024-07-04T09:41:40.823+0000] {processor.py:183} INFO - Processing /home/airflow/.local/lib/python3.12/site-packages/airflow/example_dags/tutorial.py took 0.069 seconds
[2024-07-04T09:42:11.450+0000] {processor.py:161} INFO - Started process (PID=899) to work on /home/airflow/.local/lib/python3.12/site-packages/airflow/example_dags/tutorial.py
[2024-07-04T09:42:11.452+0000] {processor.py:830} INFO - Processing file /home/airflow/.local/lib/python3.12/site-packages/airflow/example_dags/tutorial.py for tasks to queue
[2024-07-04T09:42:11.455+0000] {logging_mixin.py:188} INFO - [2024-07-04T09:42:11.455+0000] {dagbag.py:545} INFO - Filling up the DagBag from /home/airflow/.local/lib/python3.12/site-packages/airflow/example_dags/tutorial.py
[2024-07-04T09:42:11.470+0000] {processor.py:840} INFO - DAG(s) 'tutorial' retrieved from /home/airflow/.local/lib/python3.12/site-packages/airflow/example_dags/tutorial.py
[2024-07-04T09:42:11.516+0000] {logging_mixin.py:188} INFO - [2024-07-04T09:42:11.514+0000] {dag.py:3096} INFO - Sync 1 DAGs
[2024-07-04T09:42:11.566+0000] {logging_mixin.py:188} INFO - [2024-07-04T09:42:11.566+0000] {dag.py:3954} INFO - Setting next_dagrun for tutorial to 2024-07-03 00:00:00+00:00, run_after=2024-07-04 00:00:00+00:00
[2024-07-04T09:42:11.607+0000] {processor.py:183} INFO - Processing /home/airflow/.local/lib/python3.12/site-packages/airflow/example_dags/tutorial.py took 0.163 seconds
[2024-07-04T09:42:42.243+0000] {processor.py:161} INFO - Started process (PID=959) to work on /home/airflow/.local/lib/python3.12/site-packages/airflow/example_dags/tutorial.py
[2024-07-04T09:42:42.245+0000] {processor.py:830} INFO - Processing file /home/airflow/.local/lib/python3.12/site-packages/airflow/example_dags/tutorial.py for tasks to queue
[2024-07-04T09:42:42.248+0000] {logging_mixin.py:188} INFO - [2024-07-04T09:42:42.247+0000] {dagbag.py:545} INFO - Filling up the DagBag from /home/airflow/.local/lib/python3.12/site-packages/airflow/example_dags/tutorial.py
[2024-07-04T09:42:42.265+0000] {processor.py:840} INFO - DAG(s) 'tutorial' retrieved from /home/airflow/.local/lib/python3.12/site-packages/airflow/example_dags/tutorial.py
[2024-07-04T09:42:42.324+0000] {logging_mixin.py:188} INFO - [2024-07-04T09:42:42.324+0000] {dag.py:3096} INFO - Sync 1 DAGs
[2024-07-04T09:42:42.437+0000] {logging_mixin.py:188} INFO - [2024-07-04T09:42:42.436+0000] {dag.py:3954} INFO - Setting next_dagrun for tutorial to 2024-07-03 00:00:00+00:00, run_after=2024-07-04 00:00:00+00:00
[2024-07-04T09:42:42.500+0000] {processor.py:183} INFO - Processing /home/airflow/.local/lib/python3.12/site-packages/airflow/example_dags/tutorial.py took 0.276 seconds
[2024-07-04T09:43:12.600+0000] {processor.py:161} INFO - Started process (PID=1019) to work on /home/airflow/.local/lib/python3.12/site-packages/airflow/example_dags/tutorial.py
[2024-07-04T09:43:12.601+0000] {processor.py:830} INFO - Processing file /home/airflow/.local/lib/python3.12/site-packages/airflow/example_dags/tutorial.py for tasks to queue
[2024-07-04T09:43:12.604+0000] {logging_mixin.py:188} INFO - [2024-07-04T09:43:12.604+0000] {dagbag.py:545} INFO - Filling up the DagBag from /home/airflow/.local/lib/python3.12/site-packages/airflow/example_dags/tutorial.py
[2024-07-04T09:43:12.614+0000] {processor.py:840} INFO - DAG(s) 'tutorial' retrieved from /home/airflow/.local/lib/python3.12/site-packages/airflow/example_dags/tutorial.py
[2024-07-04T09:43:12.644+0000] {logging_mixin.py:188} INFO - [2024-07-04T09:43:12.643+0000] {dag.py:3096} INFO - Sync 1 DAGs
[2024-07-04T09:43:12.679+0000] {logging_mixin.py:188} INFO - [2024-07-04T09:43:12.679+0000] {dag.py:3954} INFO - Setting next_dagrun for tutorial to 2024-07-03 00:00:00+00:00, run_after=2024-07-04 00:00:00+00:00
[2024-07-04T09:43:12.706+0000] {processor.py:183} INFO - Processing /home/airflow/.local/lib/python3.12/site-packages/airflow/example_dags/tutorial.py took 0.113 seconds
[2024-07-04T09:43:42.933+0000] {processor.py:161} INFO - Started process (PID=1078) to work on /home/airflow/.local/lib/python3.12/site-packages/airflow/example_dags/tutorial.py
[2024-07-04T09:43:42.935+0000] {processor.py:830} INFO - Processing file /home/airflow/.local/lib/python3.12/site-packages/airflow/example_dags/tutorial.py for tasks to queue
[2024-07-04T09:43:42.938+0000] {logging_mixin.py:188} INFO - [2024-07-04T09:43:42.938+0000] {dagbag.py:545} INFO - Filling up the DagBag from /home/airflow/.local/lib/python3.12/site-packages/airflow/example_dags/tutorial.py
[2024-07-04T09:43:42.958+0000] {processor.py:840} INFO - DAG(s) 'tutorial' retrieved from /home/airflow/.local/lib/python3.12/site-packages/airflow/example_dags/tutorial.py
[2024-07-04T09:43:43.020+0000] {logging_mixin.py:188} INFO - [2024-07-04T09:43:43.019+0000] {dag.py:3096} INFO - Sync 1 DAGs
[2024-07-04T09:43:43.064+0000] {logging_mixin.py:188} INFO - [2024-07-04T09:43:43.063+0000] {dag.py:3954} INFO - Setting next_dagrun for tutorial to 2024-07-03 00:00:00+00:00, run_after=2024-07-04 00:00:00+00:00
[2024-07-04T09:43:43.103+0000] {processor.py:183} INFO - Processing /home/airflow/.local/lib/python3.12/site-packages/airflow/example_dags/tutorial.py took 0.183 seconds
[2024-07-04T09:44:13.935+0000] {processor.py:161} INFO - Started process (PID=1137) to work on /home/airflow/.local/lib/python3.12/site-packages/airflow/example_dags/tutorial.py
[2024-07-04T09:44:13.938+0000] {processor.py:830} INFO - Processing file /home/airflow/.local/lib/python3.12/site-packages/airflow/example_dags/tutorial.py for tasks to queue
[2024-07-04T09:44:13.942+0000] {logging_mixin.py:188} INFO - [2024-07-04T09:44:13.942+0000] {dagbag.py:545} INFO - Filling up the DagBag from /home/airflow/.local/lib/python3.12/site-packages/airflow/example_dags/tutorial.py
[2024-07-04T09:44:13.948+0000] {processor.py:840} INFO - DAG(s) 'tutorial' retrieved from /home/airflow/.local/lib/python3.12/site-packages/airflow/example_dags/tutorial.py
[2024-07-04T09:44:13.966+0000] {logging_mixin.py:188} INFO - [2024-07-04T09:44:13.966+0000] {dag.py:3096} INFO - Sync 1 DAGs
[2024-07-04T09:44:13.989+0000] {logging_mixin.py:188} INFO - [2024-07-04T09:44:13.989+0000] {dag.py:3954} INFO - Setting next_dagrun for tutorial to 2024-07-03 00:00:00+00:00, run_after=2024-07-04 00:00:00+00:00
[2024-07-04T09:44:14.010+0000] {processor.py:183} INFO - Processing /home/airflow/.local/lib/python3.12/site-packages/airflow/example_dags/tutorial.py took 0.086 seconds
[2024-07-04T09:44:44.182+0000] {processor.py:161} INFO - Started process (PID=1196) to work on /home/airflow/.local/lib/python3.12/site-packages/airflow/example_dags/tutorial.py
[2024-07-04T09:44:44.184+0000] {processor.py:830} INFO - Processing file /home/airflow/.local/lib/python3.12/site-packages/airflow/example_dags/tutorial.py for tasks to queue
[2024-07-04T09:44:44.188+0000] {logging_mixin.py:188} INFO - [2024-07-04T09:44:44.187+0000] {dagbag.py:545} INFO - Filling up the DagBag from /home/airflow/.local/lib/python3.12/site-packages/airflow/example_dags/tutorial.py
[2024-07-04T09:44:44.198+0000] {processor.py:840} INFO - DAG(s) 'tutorial' retrieved from /home/airflow/.local/lib/python3.12/site-packages/airflow/example_dags/tutorial.py
[2024-07-04T09:44:44.218+0000] {logging_mixin.py:188} INFO - [2024-07-04T09:44:44.218+0000] {dag.py:3096} INFO - Sync 1 DAGs
[2024-07-04T09:44:44.238+0000] {logging_mixin.py:188} INFO - [2024-07-04T09:44:44.237+0000] {dag.py:3954} INFO - Setting next_dagrun for tutorial to 2024-07-03 00:00:00+00:00, run_after=2024-07-04 00:00:00+00:00
[2024-07-04T09:44:44.257+0000] {processor.py:183} INFO - Processing /home/airflow/.local/lib/python3.12/site-packages/airflow/example_dags/tutorial.py took 0.080 seconds
[2024-07-04T09:45:14.979+0000] {processor.py:161} INFO - Started process (PID=1255) to work on /home/airflow/.local/lib/python3.12/site-packages/airflow/example_dags/tutorial.py
[2024-07-04T09:45:14.987+0000] {processor.py:830} INFO - Processing file /home/airflow/.local/lib/python3.12/site-packages/airflow/example_dags/tutorial.py for tasks to queue
[2024-07-04T09:45:15.014+0000] {logging_mixin.py:188} INFO - [2024-07-04T09:45:15.013+0000] {dagbag.py:545} INFO - Filling up the DagBag from /home/airflow/.local/lib/python3.12/site-packages/airflow/example_dags/tutorial.py
[2024-07-04T09:45:15.046+0000] {processor.py:840} INFO - DAG(s) 'tutorial' retrieved from /home/airflow/.local/lib/python3.12/site-packages/airflow/example_dags/tutorial.py
[2024-07-04T09:45:15.125+0000] {logging_mixin.py:188} INFO - [2024-07-04T09:45:15.124+0000] {dag.py:3096} INFO - Sync 1 DAGs
[2024-07-04T09:45:15.194+0000] {logging_mixin.py:188} INFO - [2024-07-04T09:45:15.194+0000] {dag.py:3954} INFO - Setting next_dagrun for tutorial to 2024-07-03 00:00:00+00:00, run_after=2024-07-04 00:00:00+00:00
[2024-07-04T09:45:15.258+0000] {processor.py:183} INFO - Processing /home/airflow/.local/lib/python3.12/site-packages/airflow/example_dags/tutorial.py took 0.339 seconds
[2024-07-04T09:45:45.988+0000] {processor.py:161} INFO - Started process (PID=1314) to work on /home/airflow/.local/lib/python3.12/site-packages/airflow/example_dags/tutorial.py
[2024-07-04T09:45:45.989+0000] {processor.py:830} INFO - Processing file /home/airflow/.local/lib/python3.12/site-packages/airflow/example_dags/tutorial.py for tasks to queue
[2024-07-04T09:45:45.991+0000] {logging_mixin.py:188} INFO - [2024-07-04T09:45:45.991+0000] {dagbag.py:545} INFO - Filling up the DagBag from /home/airflow/.local/lib/python3.12/site-packages/airflow/example_dags/tutorial.py
[2024-07-04T09:45:45.997+0000] {processor.py:840} INFO - DAG(s) 'tutorial' retrieved from /home/airflow/.local/lib/python3.12/site-packages/airflow/example_dags/tutorial.py
[2024-07-04T09:45:46.018+0000] {logging_mixin.py:188} INFO - [2024-07-04T09:45:46.018+0000] {dag.py:3096} INFO - Sync 1 DAGs
[2024-07-04T09:45:46.040+0000] {logging_mixin.py:188} INFO - [2024-07-04T09:45:46.040+0000] {dag.py:3954} INFO - Setting next_dagrun for tutorial to 2024-07-03 00:00:00+00:00, run_after=2024-07-04 00:00:00+00:00
[2024-07-04T09:45:46.061+0000] {processor.py:183} INFO - Processing /home/airflow/.local/lib/python3.12/site-packages/airflow/example_dags/tutorial.py took 0.079 seconds
[2024-07-04T09:46:16.355+0000] {processor.py:161} INFO - Started process (PID=1373) to work on /home/airflow/.local/lib/python3.12/site-packages/airflow/example_dags/tutorial.py
[2024-07-04T09:46:16.357+0000] {processor.py:830} INFO - Processing file /home/airflow/.local/lib/python3.12/site-packages/airflow/example_dags/tutorial.py for tasks to queue
[2024-07-04T09:46:16.361+0000] {logging_mixin.py:188} INFO - [2024-07-04T09:46:16.360+0000] {dagbag.py:545} INFO - Filling up the DagBag from /home/airflow/.local/lib/python3.12/site-packages/airflow/example_dags/tutorial.py
[2024-07-04T09:46:16.367+0000] {processor.py:840} INFO - DAG(s) 'tutorial' retrieved from /home/airflow/.local/lib/python3.12/site-packages/airflow/example_dags/tutorial.py
[2024-07-04T09:46:16.388+0000] {logging_mixin.py:188} INFO - [2024-07-04T09:46:16.387+0000] {dag.py:3096} INFO - Sync 1 DAGs
[2024-07-04T09:46:16.411+0000] {logging_mixin.py:188} INFO - [2024-07-04T09:46:16.411+0000] {dag.py:3954} INFO - Setting next_dagrun for tutorial to 2024-07-03 00:00:00+00:00, run_after=2024-07-04 00:00:00+00:00
[2024-07-04T09:46:16.434+0000] {processor.py:183} INFO - Processing /home/airflow/.local/lib/python3.12/site-packages/airflow/example_dags/tutorial.py took 0.088 seconds
[2024-07-04T09:46:46.770+0000] {processor.py:161} INFO - Started process (PID=1433) to work on /home/airflow/.local/lib/python3.12/site-packages/airflow/example_dags/tutorial.py
[2024-07-04T09:46:46.771+0000] {processor.py:830} INFO - Processing file /home/airflow/.local/lib/python3.12/site-packages/airflow/example_dags/tutorial.py for tasks to queue
[2024-07-04T09:46:46.773+0000] {logging_mixin.py:188} INFO - [2024-07-04T09:46:46.773+0000] {dagbag.py:545} INFO - Filling up the DagBag from /home/airflow/.local/lib/python3.12/site-packages/airflow/example_dags/tutorial.py
[2024-07-04T09:46:46.780+0000] {processor.py:840} INFO - DAG(s) 'tutorial' retrieved from /home/airflow/.local/lib/python3.12/site-packages/airflow/example_dags/tutorial.py
[2024-07-04T09:46:46.799+0000] {logging_mixin.py:188} INFO - [2024-07-04T09:46:46.799+0000] {dag.py:3096} INFO - Sync 1 DAGs
[2024-07-04T09:46:46.820+0000] {logging_mixin.py:188} INFO - [2024-07-04T09:46:46.820+0000] {dag.py:3954} INFO - Setting next_dagrun for tutorial to 2024-07-03 00:00:00+00:00, run_after=2024-07-04 00:00:00+00:00
[2024-07-04T09:46:46.840+0000] {processor.py:183} INFO - Processing /home/airflow/.local/lib/python3.12/site-packages/airflow/example_dags/tutorial.py took 0.075 seconds
[2024-07-04T09:47:19.859+0000] {processor.py:161} INFO - Started process (PID=1493) to work on /home/airflow/.local/lib/python3.12/site-packages/airflow/example_dags/tutorial.py
[2024-07-04T09:47:19.862+0000] {processor.py:830} INFO - Processing file /home/airflow/.local/lib/python3.12/site-packages/airflow/example_dags/tutorial.py for tasks to queue
[2024-07-04T09:47:19.865+0000] {logging_mixin.py:188} INFO - [2024-07-04T09:47:19.864+0000] {dagbag.py:545} INFO - Filling up the DagBag from /home/airflow/.local/lib/python3.12/site-packages/airflow/example_dags/tutorial.py
[2024-07-04T09:47:19.875+0000] {processor.py:840} INFO - DAG(s) 'tutorial' retrieved from /home/airflow/.local/lib/python3.12/site-packages/airflow/example_dags/tutorial.py
[2024-07-04T09:47:19.978+0000] {logging_mixin.py:188} INFO - [2024-07-04T09:47:19.977+0000] {dag.py:3096} INFO - Sync 1 DAGs
[2024-07-04T09:47:20.021+0000] {logging_mixin.py:188} INFO - [2024-07-04T09:47:20.021+0000] {dag.py:3954} INFO - Setting next_dagrun for tutorial to 2024-07-03 00:00:00+00:00, run_after=2024-07-04 00:00:00+00:00
[2024-07-04T09:47:20.054+0000] {processor.py:183} INFO - Processing /home/airflow/.local/lib/python3.12/site-packages/airflow/example_dags/tutorial.py took 0.203 seconds
[2024-07-04T09:47:51.719+0000] {processor.py:161} INFO - Started process (PID=1552) to work on /home/airflow/.local/lib/python3.12/site-packages/airflow/example_dags/tutorial.py
[2024-07-04T09:47:51.723+0000] {processor.py:830} INFO - Processing file /home/airflow/.local/lib/python3.12/site-packages/airflow/example_dags/tutorial.py for tasks to queue
[2024-07-04T09:47:51.740+0000] {logging_mixin.py:188} INFO - [2024-07-04T09:47:51.740+0000] {dagbag.py:545} INFO - Filling up the DagBag from /home/airflow/.local/lib/python3.12/site-packages/airflow/example_dags/tutorial.py
[2024-07-04T09:47:51.747+0000] {processor.py:840} INFO - DAG(s) 'tutorial' retrieved from /home/airflow/.local/lib/python3.12/site-packages/airflow/example_dags/tutorial.py
[2024-07-04T09:47:51.793+0000] {logging_mixin.py:188} INFO - [2024-07-04T09:47:51.793+0000] {dag.py:3096} INFO - Sync 1 DAGs
[2024-07-04T09:47:51.849+0000] {logging_mixin.py:188} INFO - [2024-07-04T09:47:51.849+0000] {dag.py:3954} INFO - Setting next_dagrun for tutorial to 2024-07-03 00:00:00+00:00, run_after=2024-07-04 00:00:00+00:00
[2024-07-04T09:47:51.893+0000] {processor.py:183} INFO - Processing /home/airflow/.local/lib/python3.12/site-packages/airflow/example_dags/tutorial.py took 0.180 seconds
[2024-07-04T09:48:22.467+0000] {processor.py:161} INFO - Started process (PID=1612) to work on /home/airflow/.local/lib/python3.12/site-packages/airflow/example_dags/tutorial.py
[2024-07-04T09:48:22.468+0000] {processor.py:830} INFO - Processing file /home/airflow/.local/lib/python3.12/site-packages/airflow/example_dags/tutorial.py for tasks to queue
[2024-07-04T09:48:22.470+0000] {logging_mixin.py:188} INFO - [2024-07-04T09:48:22.470+0000] {dagbag.py:545} INFO - Filling up the DagBag from /home/airflow/.local/lib/python3.12/site-packages/airflow/example_dags/tutorial.py
[2024-07-04T09:48:22.475+0000] {processor.py:840} INFO - DAG(s) 'tutorial' retrieved from /home/airflow/.local/lib/python3.12/site-packages/airflow/example_dags/tutorial.py
[2024-07-04T09:48:22.496+0000] {logging_mixin.py:188} INFO - [2024-07-04T09:48:22.496+0000] {dag.py:3096} INFO - Sync 1 DAGs
[2024-07-04T09:48:22.518+0000] {logging_mixin.py:188} INFO - [2024-07-04T09:48:22.518+0000] {dag.py:3954} INFO - Setting next_dagrun for tutorial to 2024-07-03 00:00:00+00:00, run_after=2024-07-04 00:00:00+00:00
[2024-07-04T09:48:22.539+0000] {processor.py:183} INFO - Processing /home/airflow/.local/lib/python3.12/site-packages/airflow/example_dags/tutorial.py took 0.078 seconds
[2024-07-04T09:48:54.023+0000] {processor.py:161} INFO - Started process (PID=1669) to work on /home/airflow/.local/lib/python3.12/site-packages/airflow/example_dags/tutorial.py
[2024-07-04T09:48:54.025+0000] {processor.py:830} INFO - Processing file /home/airflow/.local/lib/python3.12/site-packages/airflow/example_dags/tutorial.py for tasks to queue
[2024-07-04T09:48:54.030+0000] {logging_mixin.py:188} INFO - [2024-07-04T09:48:54.029+0000] {dagbag.py:545} INFO - Filling up the DagBag from /home/airflow/.local/lib/python3.12/site-packages/airflow/example_dags/tutorial.py
[2024-07-04T09:48:54.041+0000] {processor.py:840} INFO - DAG(s) 'tutorial' retrieved from /home/airflow/.local/lib/python3.12/site-packages/airflow/example_dags/tutorial.py
[2024-07-04T09:48:54.101+0000] {logging_mixin.py:188} INFO - [2024-07-04T09:48:54.101+0000] {dag.py:3096} INFO - Sync 1 DAGs
[2024-07-04T09:48:54.337+0000] {logging_mixin.py:188} INFO - [2024-07-04T09:48:54.337+0000] {dag.py:3954} INFO - Setting next_dagrun for tutorial to 2024-07-03 00:00:00+00:00, run_after=2024-07-04 00:00:00+00:00
[2024-07-04T09:48:55.172+0000] {processor.py:183} INFO - Processing /home/airflow/.local/lib/python3.12/site-packages/airflow/example_dags/tutorial.py took 1.158 seconds
[2024-07-04T09:49:25.409+0000] {processor.py:161} INFO - Started process (PID=1727) to work on /home/airflow/.local/lib/python3.12/site-packages/airflow/example_dags/tutorial.py
[2024-07-04T09:49:25.411+0000] {processor.py:830} INFO - Processing file /home/airflow/.local/lib/python3.12/site-packages/airflow/example_dags/tutorial.py for tasks to queue
[2024-07-04T09:49:25.413+0000] {logging_mixin.py:188} INFO - [2024-07-04T09:49:25.413+0000] {dagbag.py:545} INFO - Filling up the DagBag from /home/airflow/.local/lib/python3.12/site-packages/airflow/example_dags/tutorial.py
[2024-07-04T09:49:25.419+0000] {processor.py:840} INFO - DAG(s) 'tutorial' retrieved from /home/airflow/.local/lib/python3.12/site-packages/airflow/example_dags/tutorial.py
[2024-07-04T09:49:25.440+0000] {logging_mixin.py:188} INFO - [2024-07-04T09:49:25.439+0000] {dag.py:3096} INFO - Sync 1 DAGs
[2024-07-04T09:49:25.463+0000] {logging_mixin.py:188} INFO - [2024-07-04T09:49:25.463+0000] {dag.py:3954} INFO - Setting next_dagrun for tutorial to 2024-07-03 00:00:00+00:00, run_after=2024-07-04 00:00:00+00:00
[2024-07-04T09:49:25.484+0000] {processor.py:183} INFO - Processing /home/airflow/.local/lib/python3.12/site-packages/airflow/example_dags/tutorial.py took 0.081 seconds
[2024-07-04T09:49:56.198+0000] {processor.py:161} INFO - Started process (PID=1787) to work on /home/airflow/.local/lib/python3.12/site-packages/airflow/example_dags/tutorial.py
[2024-07-04T09:49:56.200+0000] {processor.py:830} INFO - Processing file /home/airflow/.local/lib/python3.12/site-packages/airflow/example_dags/tutorial.py for tasks to queue
[2024-07-04T09:49:56.202+0000] {logging_mixin.py:188} INFO - [2024-07-04T09:49:56.201+0000] {dagbag.py:545} INFO - Filling up the DagBag from /home/airflow/.local/lib/python3.12/site-packages/airflow/example_dags/tutorial.py
[2024-07-04T09:49:56.207+0000] {processor.py:840} INFO - DAG(s) 'tutorial' retrieved from /home/airflow/.local/lib/python3.12/site-packages/airflow/example_dags/tutorial.py
[2024-07-04T09:49:56.225+0000] {logging_mixin.py:188} INFO - [2024-07-04T09:49:56.225+0000] {dag.py:3096} INFO - Sync 1 DAGs
[2024-07-04T09:49:56.246+0000] {logging_mixin.py:188} INFO - [2024-07-04T09:49:56.246+0000] {dag.py:3954} INFO - Setting next_dagrun for tutorial to 2024-07-03 00:00:00+00:00, run_after=2024-07-04 00:00:00+00:00
[2024-07-04T09:49:56.271+0000] {processor.py:183} INFO - Processing /home/airflow/.local/lib/python3.12/site-packages/airflow/example_dags/tutorial.py took 0.078 seconds
[2024-07-04T09:50:27.085+0000] {processor.py:161} INFO - Started process (PID=1846) to work on /home/airflow/.local/lib/python3.12/site-packages/airflow/example_dags/tutorial.py
[2024-07-04T09:50:27.087+0000] {processor.py:830} INFO - Processing file /home/airflow/.local/lib/python3.12/site-packages/airflow/example_dags/tutorial.py for tasks to queue
[2024-07-04T09:50:27.089+0000] {logging_mixin.py:188} INFO - [2024-07-04T09:50:27.088+0000] {dagbag.py:545} INFO - Filling up the DagBag from /home/airflow/.local/lib/python3.12/site-packages/airflow/example_dags/tutorial.py
[2024-07-04T09:50:27.096+0000] {processor.py:840} INFO - DAG(s) 'tutorial' retrieved from /home/airflow/.local/lib/python3.12/site-packages/airflow/example_dags/tutorial.py
[2024-07-04T09:50:27.117+0000] {logging_mixin.py:188} INFO - [2024-07-04T09:50:27.116+0000] {dag.py:3096} INFO - Sync 1 DAGs
[2024-07-04T09:50:27.142+0000] {logging_mixin.py:188} INFO - [2024-07-04T09:50:27.141+0000] {dag.py:3954} INFO - Setting next_dagrun for tutorial to 2024-07-03 00:00:00+00:00, run_after=2024-07-04 00:00:00+00:00
[2024-07-04T09:50:27.167+0000] {processor.py:183} INFO - Processing /home/airflow/.local/lib/python3.12/site-packages/airflow/example_dags/tutorial.py took 0.087 seconds
[2024-07-04T09:50:57.618+0000] {processor.py:161} INFO - Started process (PID=1905) to work on /home/airflow/.local/lib/python3.12/site-packages/airflow/example_dags/tutorial.py
[2024-07-04T09:50:57.619+0000] {processor.py:830} INFO - Processing file /home/airflow/.local/lib/python3.12/site-packages/airflow/example_dags/tutorial.py for tasks to queue
[2024-07-04T09:50:57.621+0000] {logging_mixin.py:188} INFO - [2024-07-04T09:50:57.621+0000] {dagbag.py:545} INFO - Filling up the DagBag from /home/airflow/.local/lib/python3.12/site-packages/airflow/example_dags/tutorial.py
[2024-07-04T09:50:57.627+0000] {processor.py:840} INFO - DAG(s) 'tutorial' retrieved from /home/airflow/.local/lib/python3.12/site-packages/airflow/example_dags/tutorial.py
[2024-07-04T09:50:57.646+0000] {logging_mixin.py:188} INFO - [2024-07-04T09:50:57.646+0000] {dag.py:3096} INFO - Sync 1 DAGs
[2024-07-04T09:50:57.796+0000] {logging_mixin.py:188} INFO - [2024-07-04T09:50:57.796+0000] {dag.py:3954} INFO - Setting next_dagrun for tutorial to 2024-07-03 00:00:00+00:00, run_after=2024-07-04 00:00:00+00:00
[2024-07-04T09:50:57.822+0000] {processor.py:183} INFO - Processing /home/airflow/.local/lib/python3.12/site-packages/airflow/example_dags/tutorial.py took 0.209 seconds
[2024-07-04T09:51:27.938+0000] {processor.py:161} INFO - Started process (PID=1964) to work on /home/airflow/.local/lib/python3.12/site-packages/airflow/example_dags/tutorial.py
[2024-07-04T09:51:27.940+0000] {processor.py:830} INFO - Processing file /home/airflow/.local/lib/python3.12/site-packages/airflow/example_dags/tutorial.py for tasks to queue
[2024-07-04T09:51:27.942+0000] {logging_mixin.py:188} INFO - [2024-07-04T09:51:27.941+0000] {dagbag.py:545} INFO - Filling up the DagBag from /home/airflow/.local/lib/python3.12/site-packages/airflow/example_dags/tutorial.py
[2024-07-04T09:51:27.949+0000] {processor.py:840} INFO - DAG(s) 'tutorial' retrieved from /home/airflow/.local/lib/python3.12/site-packages/airflow/example_dags/tutorial.py
[2024-07-04T09:51:27.969+0000] {logging_mixin.py:188} INFO - [2024-07-04T09:51:27.969+0000] {dag.py:3096} INFO - Sync 1 DAGs
[2024-07-04T09:51:28.125+0000] {logging_mixin.py:188} INFO - [2024-07-04T09:51:28.125+0000] {dag.py:3954} INFO - Setting next_dagrun for tutorial to 2024-07-03 00:00:00+00:00, run_after=2024-07-04 00:00:00+00:00
[2024-07-04T09:51:28.147+0000] {processor.py:183} INFO - Processing /home/airflow/.local/lib/python3.12/site-packages/airflow/example_dags/tutorial.py took 0.214 seconds
[2024-07-04T09:51:58.307+0000] {processor.py:161} INFO - Started process (PID=2023) to work on /home/airflow/.local/lib/python3.12/site-packages/airflow/example_dags/tutorial.py
[2024-07-04T09:51:58.309+0000] {processor.py:830} INFO - Processing file /home/airflow/.local/lib/python3.12/site-packages/airflow/example_dags/tutorial.py for tasks to queue
[2024-07-04T09:51:58.312+0000] {logging_mixin.py:188} INFO - [2024-07-04T09:51:58.312+0000] {dagbag.py:545} INFO - Filling up the DagBag from /home/airflow/.local/lib/python3.12/site-packages/airflow/example_dags/tutorial.py
[2024-07-04T09:51:58.323+0000] {processor.py:840} INFO - DAG(s) 'tutorial' retrieved from /home/airflow/.local/lib/python3.12/site-packages/airflow/example_dags/tutorial.py
[2024-07-04T09:51:58.393+0000] {logging_mixin.py:188} INFO - [2024-07-04T09:51:58.393+0000] {dag.py:3096} INFO - Sync 1 DAGs
[2024-07-04T09:51:58.470+0000] {logging_mixin.py:188} INFO - [2024-07-04T09:51:58.470+0000] {dag.py:3954} INFO - Setting next_dagrun for tutorial to 2024-07-03 00:00:00+00:00, run_after=2024-07-04 00:00:00+00:00
[2024-07-04T09:51:58.506+0000] {processor.py:183} INFO - Processing /home/airflow/.local/lib/python3.12/site-packages/airflow/example_dags/tutorial.py took 0.206 seconds
[2024-07-04T09:52:28.897+0000] {processor.py:161} INFO - Started process (PID=2083) to work on /home/airflow/.local/lib/python3.12/site-packages/airflow/example_dags/tutorial.py
[2024-07-04T09:52:28.898+0000] {processor.py:830} INFO - Processing file /home/airflow/.local/lib/python3.12/site-packages/airflow/example_dags/tutorial.py for tasks to queue
[2024-07-04T09:52:28.901+0000] {logging_mixin.py:188} INFO - [2024-07-04T09:52:28.900+0000] {dagbag.py:545} INFO - Filling up the DagBag from /home/airflow/.local/lib/python3.12/site-packages/airflow/example_dags/tutorial.py
[2024-07-04T09:52:28.907+0000] {processor.py:840} INFO - DAG(s) 'tutorial' retrieved from /home/airflow/.local/lib/python3.12/site-packages/airflow/example_dags/tutorial.py
[2024-07-04T09:52:28.933+0000] {logging_mixin.py:188} INFO - [2024-07-04T09:52:28.932+0000] {dag.py:3096} INFO - Sync 1 DAGs
[2024-07-04T09:52:28.970+0000] {logging_mixin.py:188} INFO - [2024-07-04T09:52:28.970+0000] {dag.py:3954} INFO - Setting next_dagrun for tutorial to 2024-07-03 00:00:00+00:00, run_after=2024-07-04 00:00:00+00:00
[2024-07-04T09:52:28.996+0000] {processor.py:183} INFO - Processing /home/airflow/.local/lib/python3.12/site-packages/airflow/example_dags/tutorial.py took 0.105 seconds
[2024-07-04T09:52:59.771+0000] {processor.py:161} INFO - Started process (PID=2142) to work on /home/airflow/.local/lib/python3.12/site-packages/airflow/example_dags/tutorial.py
[2024-07-04T09:52:59.835+0000] {processor.py:830} INFO - Processing file /home/airflow/.local/lib/python3.12/site-packages/airflow/example_dags/tutorial.py for tasks to queue
[2024-07-04T09:52:59.838+0000] {logging_mixin.py:188} INFO - [2024-07-04T09:52:59.837+0000] {dagbag.py:545} INFO - Filling up the DagBag from /home/airflow/.local/lib/python3.12/site-packages/airflow/example_dags/tutorial.py
[2024-07-04T09:52:59.844+0000] {processor.py:840} INFO - DAG(s) 'tutorial' retrieved from /home/airflow/.local/lib/python3.12/site-packages/airflow/example_dags/tutorial.py
[2024-07-04T09:52:59.868+0000] {logging_mixin.py:188} INFO - [2024-07-04T09:52:59.868+0000] {dag.py:3096} INFO - Sync 1 DAGs
[2024-07-04T09:52:59.892+0000] {logging_mixin.py:188} INFO - [2024-07-04T09:52:59.892+0000] {dag.py:3954} INFO - Setting next_dagrun for tutorial to 2024-07-03 00:00:00+00:00, run_after=2024-07-04 00:00:00+00:00
[2024-07-04T09:52:59.912+0000] {processor.py:183} INFO - Processing /home/airflow/.local/lib/python3.12/site-packages/airflow/example_dags/tutorial.py took 0.147 seconds
[2024-07-04T09:53:30.608+0000] {processor.py:161} INFO - Started process (PID=2200) to work on /home/airflow/.local/lib/python3.12/site-packages/airflow/example_dags/tutorial.py
[2024-07-04T09:53:30.609+0000] {processor.py:830} INFO - Processing file /home/airflow/.local/lib/python3.12/site-packages/airflow/example_dags/tutorial.py for tasks to queue
[2024-07-04T09:53:30.611+0000] {logging_mixin.py:188} INFO - [2024-07-04T09:53:30.611+0000] {dagbag.py:545} INFO - Filling up the DagBag from /home/airflow/.local/lib/python3.12/site-packages/airflow/example_dags/tutorial.py
[2024-07-04T09:53:30.618+0000] {processor.py:840} INFO - DAG(s) 'tutorial' retrieved from /home/airflow/.local/lib/python3.12/site-packages/airflow/example_dags/tutorial.py
[2024-07-04T09:53:30.641+0000] {logging_mixin.py:188} INFO - [2024-07-04T09:53:30.641+0000] {dag.py:3096} INFO - Sync 1 DAGs
[2024-07-04T09:53:30.674+0000] {logging_mixin.py:188} INFO - [2024-07-04T09:53:30.674+0000] {dag.py:3954} INFO - Setting next_dagrun for tutorial to 2024-07-03 00:00:00+00:00, run_after=2024-07-04 00:00:00+00:00
[2024-07-04T09:53:30.702+0000] {processor.py:183} INFO - Processing /home/airflow/.local/lib/python3.12/site-packages/airflow/example_dags/tutorial.py took 0.099 seconds
[2024-07-04T09:54:13.799+0000] {processor.py:161} INFO - Started process (PID=2265) to work on /home/airflow/.local/lib/python3.12/site-packages/airflow/example_dags/tutorial.py
[2024-07-04T09:54:13.802+0000] {processor.py:830} INFO - Processing file /home/airflow/.local/lib/python3.12/site-packages/airflow/example_dags/tutorial.py for tasks to queue
[2024-07-04T09:54:13.809+0000] {logging_mixin.py:188} INFO - [2024-07-04T09:54:13.809+0000] {dagbag.py:545} INFO - Filling up the DagBag from /home/airflow/.local/lib/python3.12/site-packages/airflow/example_dags/tutorial.py
[2024-07-04T09:54:13.823+0000] {processor.py:840} INFO - DAG(s) 'tutorial' retrieved from /home/airflow/.local/lib/python3.12/site-packages/airflow/example_dags/tutorial.py
[2024-07-04T09:54:13.864+0000] {logging_mixin.py:188} INFO - [2024-07-04T09:54:13.863+0000] {dag.py:3096} INFO - Sync 1 DAGs
[2024-07-04T09:54:13.896+0000] {logging_mixin.py:188} INFO - [2024-07-04T09:54:13.896+0000] {dag.py:3954} INFO - Setting next_dagrun for tutorial to 2024-07-03 00:00:00+00:00, run_after=2024-07-04 00:00:00+00:00
[2024-07-04T09:54:13.925+0000] {processor.py:183} INFO - Processing /home/airflow/.local/lib/python3.12/site-packages/airflow/example_dags/tutorial.py took 0.155 seconds
[2024-07-04T09:54:44.128+0000] {processor.py:161} INFO - Started process (PID=2323) to work on /home/airflow/.local/lib/python3.12/site-packages/airflow/example_dags/tutorial.py
[2024-07-04T09:54:44.129+0000] {processor.py:830} INFO - Processing file /home/airflow/.local/lib/python3.12/site-packages/airflow/example_dags/tutorial.py for tasks to queue
[2024-07-04T09:54:44.132+0000] {logging_mixin.py:188} INFO - [2024-07-04T09:54:44.131+0000] {dagbag.py:545} INFO - Filling up the DagBag from /home/airflow/.local/lib/python3.12/site-packages/airflow/example_dags/tutorial.py
[2024-07-04T09:54:44.138+0000] {processor.py:840} INFO - DAG(s) 'tutorial' retrieved from /home/airflow/.local/lib/python3.12/site-packages/airflow/example_dags/tutorial.py
[2024-07-04T09:54:44.187+0000] {logging_mixin.py:188} INFO - [2024-07-04T09:54:44.186+0000] {dag.py:3096} INFO - Sync 1 DAGs
[2024-07-04T09:54:44.225+0000] {logging_mixin.py:188} INFO - [2024-07-04T09:54:44.225+0000] {dag.py:3954} INFO - Setting next_dagrun for tutorial to 2024-07-03 00:00:00+00:00, run_after=2024-07-04 00:00:00+00:00
[2024-07-04T09:54:44.259+0000] {processor.py:183} INFO - Processing /home/airflow/.local/lib/python3.12/site-packages/airflow/example_dags/tutorial.py took 0.137 seconds
[2024-07-04T09:55:14.977+0000] {processor.py:161} INFO - Started process (PID=2384) to work on /home/airflow/.local/lib/python3.12/site-packages/airflow/example_dags/tutorial.py
[2024-07-04T09:55:14.979+0000] {processor.py:830} INFO - Processing file /home/airflow/.local/lib/python3.12/site-packages/airflow/example_dags/tutorial.py for tasks to queue
[2024-07-04T09:55:14.982+0000] {logging_mixin.py:188} INFO - [2024-07-04T09:55:14.982+0000] {dagbag.py:545} INFO - Filling up the DagBag from /home/airflow/.local/lib/python3.12/site-packages/airflow/example_dags/tutorial.py
[2024-07-04T09:55:14.995+0000] {processor.py:840} INFO - DAG(s) 'tutorial' retrieved from /home/airflow/.local/lib/python3.12/site-packages/airflow/example_dags/tutorial.py
[2024-07-04T09:55:15.030+0000] {logging_mixin.py:188} INFO - [2024-07-04T09:55:15.030+0000] {dag.py:3096} INFO - Sync 1 DAGs
[2024-07-04T09:55:15.064+0000] {logging_mixin.py:188} INFO - [2024-07-04T09:55:15.064+0000] {dag.py:3954} INFO - Setting next_dagrun for tutorial to 2024-07-03 00:00:00+00:00, run_after=2024-07-04 00:00:00+00:00
[2024-07-04T09:55:15.091+0000] {processor.py:183} INFO - Processing /home/airflow/.local/lib/python3.12/site-packages/airflow/example_dags/tutorial.py took 0.124 seconds
[2024-07-04T09:55:45.159+0000] {processor.py:161} INFO - Started process (PID=2443) to work on /home/airflow/.local/lib/python3.12/site-packages/airflow/example_dags/tutorial.py
[2024-07-04T09:55:45.161+0000] {processor.py:830} INFO - Processing file /home/airflow/.local/lib/python3.12/site-packages/airflow/example_dags/tutorial.py for tasks to queue
[2024-07-04T09:55:45.163+0000] {logging_mixin.py:188} INFO - [2024-07-04T09:55:45.163+0000] {dagbag.py:545} INFO - Filling up the DagBag from /home/airflow/.local/lib/python3.12/site-packages/airflow/example_dags/tutorial.py
[2024-07-04T09:55:45.169+0000] {processor.py:840} INFO - DAG(s) 'tutorial' retrieved from /home/airflow/.local/lib/python3.12/site-packages/airflow/example_dags/tutorial.py
[2024-07-04T09:55:45.189+0000] {logging_mixin.py:188} INFO - [2024-07-04T09:55:45.189+0000] {dag.py:3096} INFO - Sync 1 DAGs
[2024-07-04T09:55:45.213+0000] {logging_mixin.py:188} INFO - [2024-07-04T09:55:45.212+0000] {dag.py:3954} INFO - Setting next_dagrun for tutorial to 2024-07-03 00:00:00+00:00, run_after=2024-07-04 00:00:00+00:00
[2024-07-04T09:55:45.240+0000] {processor.py:183} INFO - Processing /home/airflow/.local/lib/python3.12/site-packages/airflow/example_dags/tutorial.py took 0.088 seconds
[2024-07-04T09:56:16.361+0000] {processor.py:161} INFO - Started process (PID=2502) to work on /home/airflow/.local/lib/python3.12/site-packages/airflow/example_dags/tutorial.py
[2024-07-04T09:56:16.363+0000] {processor.py:830} INFO - Processing file /home/airflow/.local/lib/python3.12/site-packages/airflow/example_dags/tutorial.py for tasks to queue
[2024-07-04T09:56:16.368+0000] {logging_mixin.py:188} INFO - [2024-07-04T09:56:16.366+0000] {dagbag.py:545} INFO - Filling up the DagBag from /home/airflow/.local/lib/python3.12/site-packages/airflow/example_dags/tutorial.py
[2024-07-04T09:56:16.386+0000] {processor.py:840} INFO - DAG(s) 'tutorial' retrieved from /home/airflow/.local/lib/python3.12/site-packages/airflow/example_dags/tutorial.py
[2024-07-04T09:56:16.430+0000] {logging_mixin.py:188} INFO - [2024-07-04T09:56:16.429+0000] {dag.py:3096} INFO - Sync 1 DAGs
[2024-07-04T09:56:16.475+0000] {logging_mixin.py:188} INFO - [2024-07-04T09:56:16.474+0000] {dag.py:3954} INFO - Setting next_dagrun for tutorial to 2024-07-03 00:00:00+00:00, run_after=2024-07-04 00:00:00+00:00
[2024-07-04T09:56:16.521+0000] {processor.py:183} INFO - Processing /home/airflow/.local/lib/python3.12/site-packages/airflow/example_dags/tutorial.py took 0.174 seconds
[2024-07-04T09:56:46.734+0000] {processor.py:161} INFO - Started process (PID=2561) to work on /home/airflow/.local/lib/python3.12/site-packages/airflow/example_dags/tutorial.py
[2024-07-04T09:56:46.756+0000] {processor.py:830} INFO - Processing file /home/airflow/.local/lib/python3.12/site-packages/airflow/example_dags/tutorial.py for tasks to queue
[2024-07-04T09:56:46.797+0000] {logging_mixin.py:188} INFO - [2024-07-04T09:56:46.795+0000] {dagbag.py:545} INFO - Filling up the DagBag from /home/airflow/.local/lib/python3.12/site-packages/airflow/example_dags/tutorial.py
[2024-07-04T09:56:46.882+0000] {processor.py:840} INFO - DAG(s) 'tutorial' retrieved from /home/airflow/.local/lib/python3.12/site-packages/airflow/example_dags/tutorial.py
[2024-07-04T09:56:47.075+0000] {logging_mixin.py:188} INFO - [2024-07-04T09:56:47.075+0000] {dag.py:3096} INFO - Sync 1 DAGs
[2024-07-04T09:56:47.221+0000] {logging_mixin.py:188} INFO - [2024-07-04T09:56:47.220+0000] {dag.py:3954} INFO - Setting next_dagrun for tutorial to 2024-07-03 00:00:00+00:00, run_after=2024-07-04 00:00:00+00:00
[2024-07-04T09:56:47.397+0000] {processor.py:183} INFO - Processing /home/airflow/.local/lib/python3.12/site-packages/airflow/example_dags/tutorial.py took 0.686 seconds
[2024-07-04T09:57:18.086+0000] {processor.py:161} INFO - Started process (PID=2622) to work on /home/airflow/.local/lib/python3.12/site-packages/airflow/example_dags/tutorial.py
[2024-07-04T09:57:18.096+0000] {processor.py:830} INFO - Processing file /home/airflow/.local/lib/python3.12/site-packages/airflow/example_dags/tutorial.py for tasks to queue
[2024-07-04T09:57:18.101+0000] {logging_mixin.py:188} INFO - [2024-07-04T09:57:18.101+0000] {dagbag.py:545} INFO - Filling up the DagBag from /home/airflow/.local/lib/python3.12/site-packages/airflow/example_dags/tutorial.py
[2024-07-04T09:57:18.115+0000] {processor.py:840} INFO - DAG(s) 'tutorial' retrieved from /home/airflow/.local/lib/python3.12/site-packages/airflow/example_dags/tutorial.py
[2024-07-04T09:57:18.157+0000] {logging_mixin.py:188} INFO - [2024-07-04T09:57:18.157+0000] {dag.py:3096} INFO - Sync 1 DAGs
[2024-07-04T09:57:18.200+0000] {logging_mixin.py:188} INFO - [2024-07-04T09:57:18.200+0000] {dag.py:3954} INFO - Setting next_dagrun for tutorial to 2024-07-03 00:00:00+00:00, run_after=2024-07-04 00:00:00+00:00
[2024-07-04T09:57:18.241+0000] {processor.py:183} INFO - Processing /home/airflow/.local/lib/python3.12/site-packages/airflow/example_dags/tutorial.py took 0.195 seconds
[2024-07-04T09:57:48.993+0000] {processor.py:161} INFO - Started process (PID=2682) to work on /home/airflow/.local/lib/python3.12/site-packages/airflow/example_dags/tutorial.py
[2024-07-04T09:57:48.994+0000] {processor.py:830} INFO - Processing file /home/airflow/.local/lib/python3.12/site-packages/airflow/example_dags/tutorial.py for tasks to queue
[2024-07-04T09:57:48.995+0000] {logging_mixin.py:188} INFO - [2024-07-04T09:57:48.995+0000] {dagbag.py:545} INFO - Filling up the DagBag from /home/airflow/.local/lib/python3.12/site-packages/airflow/example_dags/tutorial.py
[2024-07-04T09:57:49.013+0000] {processor.py:840} INFO - DAG(s) 'tutorial' retrieved from /home/airflow/.local/lib/python3.12/site-packages/airflow/example_dags/tutorial.py
[2024-07-04T09:57:49.035+0000] {logging_mixin.py:188} INFO - [2024-07-04T09:57:49.035+0000] {dag.py:3096} INFO - Sync 1 DAGs
[2024-07-04T09:57:49.057+0000] {logging_mixin.py:188} INFO - [2024-07-04T09:57:49.056+0000] {dag.py:3954} INFO - Setting next_dagrun for tutorial to 2024-07-03 00:00:00+00:00, run_after=2024-07-04 00:00:00+00:00
[2024-07-04T09:57:49.081+0000] {processor.py:183} INFO - Processing /home/airflow/.local/lib/python3.12/site-packages/airflow/example_dags/tutorial.py took 0.094 seconds
[2024-07-04T09:58:19.644+0000] {processor.py:161} INFO - Started process (PID=2741) to work on /home/airflow/.local/lib/python3.12/site-packages/airflow/example_dags/tutorial.py
[2024-07-04T09:58:19.645+0000] {processor.py:830} INFO - Processing file /home/airflow/.local/lib/python3.12/site-packages/airflow/example_dags/tutorial.py for tasks to queue
[2024-07-04T09:58:19.647+0000] {logging_mixin.py:188} INFO - [2024-07-04T09:58:19.646+0000] {dagbag.py:545} INFO - Filling up the DagBag from /home/airflow/.local/lib/python3.12/site-packages/airflow/example_dags/tutorial.py
[2024-07-04T09:58:19.654+0000] {processor.py:840} INFO - DAG(s) 'tutorial' retrieved from /home/airflow/.local/lib/python3.12/site-packages/airflow/example_dags/tutorial.py
[2024-07-04T09:58:19.677+0000] {logging_mixin.py:188} INFO - [2024-07-04T09:58:19.677+0000] {dag.py:3096} INFO - Sync 1 DAGs
[2024-07-04T09:58:19.702+0000] {logging_mixin.py:188} INFO - [2024-07-04T09:58:19.701+0000] {dag.py:3954} INFO - Setting next_dagrun for tutorial to 2024-07-03 00:00:00+00:00, run_after=2024-07-04 00:00:00+00:00
[2024-07-04T09:58:19.737+0000] {processor.py:183} INFO - Processing /home/airflow/.local/lib/python3.12/site-packages/airflow/example_dags/tutorial.py took 0.099 seconds
[2024-07-04T09:58:49.806+0000] {processor.py:161} INFO - Started process (PID=2801) to work on /home/airflow/.local/lib/python3.12/site-packages/airflow/example_dags/tutorial.py
[2024-07-04T09:58:49.808+0000] {processor.py:830} INFO - Processing file /home/airflow/.local/lib/python3.12/site-packages/airflow/example_dags/tutorial.py for tasks to queue
[2024-07-04T09:58:49.810+0000] {logging_mixin.py:188} INFO - [2024-07-04T09:58:49.810+0000] {dagbag.py:545} INFO - Filling up the DagBag from /home/airflow/.local/lib/python3.12/site-packages/airflow/example_dags/tutorial.py
[2024-07-04T09:58:49.815+0000] {processor.py:840} INFO - DAG(s) 'tutorial' retrieved from /home/airflow/.local/lib/python3.12/site-packages/airflow/example_dags/tutorial.py
[2024-07-04T09:58:49.834+0000] {logging_mixin.py:188} INFO - [2024-07-04T09:58:49.834+0000] {dag.py:3096} INFO - Sync 1 DAGs
[2024-07-04T09:58:49.856+0000] {logging_mixin.py:188} INFO - [2024-07-04T09:58:49.856+0000] {dag.py:3954} INFO - Setting next_dagrun for tutorial to 2024-07-03 00:00:00+00:00, run_after=2024-07-04 00:00:00+00:00
[2024-07-04T09:58:49.875+0000] {processor.py:183} INFO - Processing /home/airflow/.local/lib/python3.12/site-packages/airflow/example_dags/tutorial.py took 0.074 seconds
[2024-07-04T09:59:20.034+0000] {processor.py:161} INFO - Started process (PID=2860) to work on /home/airflow/.local/lib/python3.12/site-packages/airflow/example_dags/tutorial.py
[2024-07-04T09:59:20.035+0000] {processor.py:830} INFO - Processing file /home/airflow/.local/lib/python3.12/site-packages/airflow/example_dags/tutorial.py for tasks to queue
[2024-07-04T09:59:20.037+0000] {logging_mixin.py:188} INFO - [2024-07-04T09:59:20.037+0000] {dagbag.py:545} INFO - Filling up the DagBag from /home/airflow/.local/lib/python3.12/site-packages/airflow/example_dags/tutorial.py
[2024-07-04T09:59:20.043+0000] {processor.py:840} INFO - DAG(s) 'tutorial' retrieved from /home/airflow/.local/lib/python3.12/site-packages/airflow/example_dags/tutorial.py
[2024-07-04T09:59:20.063+0000] {logging_mixin.py:188} INFO - [2024-07-04T09:59:20.062+0000] {dag.py:3096} INFO - Sync 1 DAGs
[2024-07-04T09:59:20.085+0000] {logging_mixin.py:188} INFO - [2024-07-04T09:59:20.084+0000] {dag.py:3954} INFO - Setting next_dagrun for tutorial to 2024-07-03 00:00:00+00:00, run_after=2024-07-04 00:00:00+00:00
[2024-07-04T09:59:20.106+0000] {processor.py:183} INFO - Processing /home/airflow/.local/lib/python3.12/site-packages/airflow/example_dags/tutorial.py took 0.079 seconds
[2024-07-04T09:59:50.653+0000] {processor.py:161} INFO - Started process (PID=2919) to work on /home/airflow/.local/lib/python3.12/site-packages/airflow/example_dags/tutorial.py
[2024-07-04T09:59:50.654+0000] {processor.py:830} INFO - Processing file /home/airflow/.local/lib/python3.12/site-packages/airflow/example_dags/tutorial.py for tasks to queue
[2024-07-04T09:59:50.656+0000] {logging_mixin.py:188} INFO - [2024-07-04T09:59:50.656+0000] {dagbag.py:545} INFO - Filling up the DagBag from /home/airflow/.local/lib/python3.12/site-packages/airflow/example_dags/tutorial.py
[2024-07-04T09:59:50.662+0000] {processor.py:840} INFO - DAG(s) 'tutorial' retrieved from /home/airflow/.local/lib/python3.12/site-packages/airflow/example_dags/tutorial.py
[2024-07-04T09:59:50.682+0000] {logging_mixin.py:188} INFO - [2024-07-04T09:59:50.682+0000] {dag.py:3096} INFO - Sync 1 DAGs
[2024-07-04T09:59:50.708+0000] {logging_mixin.py:188} INFO - [2024-07-04T09:59:50.707+0000] {dag.py:3954} INFO - Setting next_dagrun for tutorial to 2024-07-03 00:00:00+00:00, run_after=2024-07-04 00:00:00+00:00
[2024-07-04T09:59:50.732+0000] {processor.py:183} INFO - Processing /home/airflow/.local/lib/python3.12/site-packages/airflow/example_dags/tutorial.py took 0.084 seconds
[2024-07-04T10:00:21.365+0000] {processor.py:161} INFO - Started process (PID=2978) to work on /home/airflow/.local/lib/python3.12/site-packages/airflow/example_dags/tutorial.py
[2024-07-04T10:00:21.367+0000] {processor.py:830} INFO - Processing file /home/airflow/.local/lib/python3.12/site-packages/airflow/example_dags/tutorial.py for tasks to queue
[2024-07-04T10:00:21.371+0000] {logging_mixin.py:188} INFO - [2024-07-04T10:00:21.371+0000] {dagbag.py:545} INFO - Filling up the DagBag from /home/airflow/.local/lib/python3.12/site-packages/airflow/example_dags/tutorial.py
[2024-07-04T10:00:21.380+0000] {processor.py:840} INFO - DAG(s) 'tutorial' retrieved from /home/airflow/.local/lib/python3.12/site-packages/airflow/example_dags/tutorial.py
[2024-07-04T10:00:21.447+0000] {logging_mixin.py:188} INFO - [2024-07-04T10:00:21.447+0000] {dag.py:3096} INFO - Sync 1 DAGs
[2024-07-04T10:00:21.519+0000] {logging_mixin.py:188} INFO - [2024-07-04T10:00:21.519+0000] {dag.py:3954} INFO - Setting next_dagrun for tutorial to 2024-07-03 00:00:00+00:00, run_after=2024-07-04 00:00:00+00:00
[2024-07-04T10:00:21.545+0000] {processor.py:183} INFO - Processing /home/airflow/.local/lib/python3.12/site-packages/airflow/example_dags/tutorial.py took 0.188 seconds
[2024-07-04T10:00:52.593+0000] {processor.py:161} INFO - Started process (PID=3039) to work on /home/airflow/.local/lib/python3.12/site-packages/airflow/example_dags/tutorial.py
[2024-07-04T10:00:52.595+0000] {processor.py:830} INFO - Processing file /home/airflow/.local/lib/python3.12/site-packages/airflow/example_dags/tutorial.py for tasks to queue
[2024-07-04T10:00:52.598+0000] {logging_mixin.py:188} INFO - [2024-07-04T10:00:52.598+0000] {dagbag.py:545} INFO - Filling up the DagBag from /home/airflow/.local/lib/python3.12/site-packages/airflow/example_dags/tutorial.py
[2024-07-04T10:00:52.608+0000] {processor.py:840} INFO - DAG(s) 'tutorial' retrieved from /home/airflow/.local/lib/python3.12/site-packages/airflow/example_dags/tutorial.py
[2024-07-04T10:00:52.640+0000] {logging_mixin.py:188} INFO - [2024-07-04T10:00:52.639+0000] {dag.py:3096} INFO - Sync 1 DAGs
[2024-07-04T10:00:52.680+0000] {logging_mixin.py:188} INFO - [2024-07-04T10:00:52.680+0000] {dag.py:3954} INFO - Setting next_dagrun for tutorial to 2024-07-03 00:00:00+00:00, run_after=2024-07-04 00:00:00+00:00
[2024-07-04T10:00:52.717+0000] {processor.py:183} INFO - Processing /home/airflow/.local/lib/python3.12/site-packages/airflow/example_dags/tutorial.py took 0.139 seconds
[2024-07-04T10:01:23.488+0000] {processor.py:161} INFO - Started process (PID=3098) to work on /home/airflow/.local/lib/python3.12/site-packages/airflow/example_dags/tutorial.py
[2024-07-04T10:01:23.489+0000] {processor.py:830} INFO - Processing file /home/airflow/.local/lib/python3.12/site-packages/airflow/example_dags/tutorial.py for tasks to queue
[2024-07-04T10:01:23.492+0000] {logging_mixin.py:188} INFO - [2024-07-04T10:01:23.491+0000] {dagbag.py:545} INFO - Filling up the DagBag from /home/airflow/.local/lib/python3.12/site-packages/airflow/example_dags/tutorial.py
[2024-07-04T10:01:23.503+0000] {processor.py:840} INFO - DAG(s) 'tutorial' retrieved from /home/airflow/.local/lib/python3.12/site-packages/airflow/example_dags/tutorial.py
[2024-07-04T10:01:23.540+0000] {logging_mixin.py:188} INFO - [2024-07-04T10:01:23.540+0000] {dag.py:3096} INFO - Sync 1 DAGs
[2024-07-04T10:01:23.581+0000] {logging_mixin.py:188} INFO - [2024-07-04T10:01:23.580+0000] {dag.py:3954} INFO - Setting next_dagrun for tutorial to 2024-07-03 00:00:00+00:00, run_after=2024-07-04 00:00:00+00:00
[2024-07-04T10:01:23.611+0000] {processor.py:183} INFO - Processing /home/airflow/.local/lib/python3.12/site-packages/airflow/example_dags/tutorial.py took 0.130 seconds
[2024-07-04T10:01:54.525+0000] {processor.py:161} INFO - Started process (PID=3158) to work on /home/airflow/.local/lib/python3.12/site-packages/airflow/example_dags/tutorial.py
[2024-07-04T10:01:54.527+0000] {processor.py:830} INFO - Processing file /home/airflow/.local/lib/python3.12/site-packages/airflow/example_dags/tutorial.py for tasks to queue
[2024-07-04T10:01:54.529+0000] {logging_mixin.py:188} INFO - [2024-07-04T10:01:54.529+0000] {dagbag.py:545} INFO - Filling up the DagBag from /home/airflow/.local/lib/python3.12/site-packages/airflow/example_dags/tutorial.py
[2024-07-04T10:01:54.538+0000] {processor.py:840} INFO - DAG(s) 'tutorial' retrieved from /home/airflow/.local/lib/python3.12/site-packages/airflow/example_dags/tutorial.py
[2024-07-04T10:01:54.567+0000] {logging_mixin.py:188} INFO - [2024-07-04T10:01:54.566+0000] {dag.py:3096} INFO - Sync 1 DAGs
[2024-07-04T10:01:54.596+0000] {logging_mixin.py:188} INFO - [2024-07-04T10:01:54.596+0000] {dag.py:3954} INFO - Setting next_dagrun for tutorial to 2024-07-03 00:00:00+00:00, run_after=2024-07-04 00:00:00+00:00
[2024-07-04T10:01:54.620+0000] {processor.py:183} INFO - Processing /home/airflow/.local/lib/python3.12/site-packages/airflow/example_dags/tutorial.py took 0.102 seconds
[2024-07-04T10:02:24.971+0000] {processor.py:161} INFO - Started process (PID=3217) to work on /home/airflow/.local/lib/python3.12/site-packages/airflow/example_dags/tutorial.py
[2024-07-04T10:02:24.972+0000] {processor.py:830} INFO - Processing file /home/airflow/.local/lib/python3.12/site-packages/airflow/example_dags/tutorial.py for tasks to queue
[2024-07-04T10:02:24.974+0000] {logging_mixin.py:188} INFO - [2024-07-04T10:02:24.974+0000] {dagbag.py:545} INFO - Filling up the DagBag from /home/airflow/.local/lib/python3.12/site-packages/airflow/example_dags/tutorial.py
[2024-07-04T10:02:24.979+0000] {processor.py:840} INFO - DAG(s) 'tutorial' retrieved from /home/airflow/.local/lib/python3.12/site-packages/airflow/example_dags/tutorial.py
[2024-07-04T10:02:25.001+0000] {logging_mixin.py:188} INFO - [2024-07-04T10:02:25.001+0000] {dag.py:3096} INFO - Sync 1 DAGs
[2024-07-04T10:02:25.026+0000] {logging_mixin.py:188} INFO - [2024-07-04T10:02:25.025+0000] {dag.py:3954} INFO - Setting next_dagrun for tutorial to 2024-07-03 00:00:00+00:00, run_after=2024-07-04 00:00:00+00:00
[2024-07-04T10:02:25.045+0000] {processor.py:183} INFO - Processing /home/airflow/.local/lib/python3.12/site-packages/airflow/example_dags/tutorial.py took 0.081 seconds
[2024-07-04T10:02:55.469+0000] {processor.py:161} INFO - Started process (PID=3277) to work on /home/airflow/.local/lib/python3.12/site-packages/airflow/example_dags/tutorial.py
[2024-07-04T10:02:55.471+0000] {processor.py:830} INFO - Processing file /home/airflow/.local/lib/python3.12/site-packages/airflow/example_dags/tutorial.py for tasks to queue
[2024-07-04T10:02:55.473+0000] {logging_mixin.py:188} INFO - [2024-07-04T10:02:55.472+0000] {dagbag.py:545} INFO - Filling up the DagBag from /home/airflow/.local/lib/python3.12/site-packages/airflow/example_dags/tutorial.py
[2024-07-04T10:02:55.479+0000] {processor.py:840} INFO - DAG(s) 'tutorial' retrieved from /home/airflow/.local/lib/python3.12/site-packages/airflow/example_dags/tutorial.py
[2024-07-04T10:02:55.502+0000] {logging_mixin.py:188} INFO - [2024-07-04T10:02:55.502+0000] {dag.py:3096} INFO - Sync 1 DAGs
[2024-07-04T10:02:55.524+0000] {logging_mixin.py:188} INFO - [2024-07-04T10:02:55.524+0000] {dag.py:3954} INFO - Setting next_dagrun for tutorial to 2024-07-03 00:00:00+00:00, run_after=2024-07-04 00:00:00+00:00
[2024-07-04T10:02:55.549+0000] {processor.py:183} INFO - Processing /home/airflow/.local/lib/python3.12/site-packages/airflow/example_dags/tutorial.py took 0.086 seconds
[2024-07-04T10:03:26.280+0000] {processor.py:161} INFO - Started process (PID=3336) to work on /home/airflow/.local/lib/python3.12/site-packages/airflow/example_dags/tutorial.py
[2024-07-04T10:03:26.282+0000] {processor.py:830} INFO - Processing file /home/airflow/.local/lib/python3.12/site-packages/airflow/example_dags/tutorial.py for tasks to queue
[2024-07-04T10:03:26.287+0000] {logging_mixin.py:188} INFO - [2024-07-04T10:03:26.286+0000] {dagbag.py:545} INFO - Filling up the DagBag from /home/airflow/.local/lib/python3.12/site-packages/airflow/example_dags/tutorial.py
[2024-07-04T10:03:26.297+0000] {processor.py:840} INFO - DAG(s) 'tutorial' retrieved from /home/airflow/.local/lib/python3.12/site-packages/airflow/example_dags/tutorial.py
[2024-07-04T10:03:26.345+0000] {logging_mixin.py:188} INFO - [2024-07-04T10:03:26.345+0000] {dag.py:3096} INFO - Sync 1 DAGs
[2024-07-04T10:03:26.408+0000] {logging_mixin.py:188} INFO - [2024-07-04T10:03:26.407+0000] {dag.py:3954} INFO - Setting next_dagrun for tutorial to 2024-07-03 00:00:00+00:00, run_after=2024-07-04 00:00:00+00:00
[2024-07-04T10:03:26.459+0000] {processor.py:183} INFO - Processing /home/airflow/.local/lib/python3.12/site-packages/airflow/example_dags/tutorial.py took 0.190 seconds
[2024-07-04T10:04:01.312+0000] {processor.py:161} INFO - Started process (PID=3395) to work on /home/airflow/.local/lib/python3.12/site-packages/airflow/example_dags/tutorial.py
[2024-07-04T10:04:01.393+0000] {processor.py:830} INFO - Processing file /home/airflow/.local/lib/python3.12/site-packages/airflow/example_dags/tutorial.py for tasks to queue
[2024-07-04T10:04:01.449+0000] {logging_mixin.py:188} INFO - [2024-07-04T10:04:01.432+0000] {dagbag.py:545} INFO - Filling up the DagBag from /home/airflow/.local/lib/python3.12/site-packages/airflow/example_dags/tutorial.py
[2024-07-04T10:04:01.815+0000] {processor.py:840} INFO - DAG(s) 'tutorial' retrieved from /home/airflow/.local/lib/python3.12/site-packages/airflow/example_dags/tutorial.py
[2024-07-04T10:04:02.347+0000] {logging_mixin.py:188} INFO - [2024-07-04T10:04:02.346+0000] {dag.py:3096} INFO - Sync 1 DAGs
[2024-07-04T10:04:02.920+0000] {logging_mixin.py:188} INFO - [2024-07-04T10:04:02.920+0000] {dag.py:3954} INFO - Setting next_dagrun for tutorial to 2024-07-03 00:00:00+00:00, run_after=2024-07-04 00:00:00+00:00
[2024-07-04T10:04:03.451+0000] {processor.py:183} INFO - Processing /home/airflow/.local/lib/python3.12/site-packages/airflow/example_dags/tutorial.py took 2.437 seconds
