[2024-07-04T09:34:53.199+0000] {processor.py:161} INFO - Started process (PID=54) to work on /home/airflow/.local/lib/python3.12/site-packages/airflow/example_dags/tutorial_taskflow_api.py
[2024-07-04T09:34:53.204+0000] {processor.py:830} INFO - Processing file /home/airflow/.local/lib/python3.12/site-packages/airflow/example_dags/tutorial_taskflow_api.py for tasks to queue
[2024-07-04T09:34:53.217+0000] {logging_mixin.py:188} INFO - [2024-07-04T09:34:53.217+0000] {dagbag.py:545} INFO - Filling up the DagBag from /home/airflow/.local/lib/python3.12/site-packages/airflow/example_dags/tutorial_taskflow_api.py
[2024-07-04T09:34:53.235+0000] {processor.py:840} INFO - DAG(s) 'tutorial_taskflow_api' retrieved from /home/airflow/.local/lib/python3.12/site-packages/airflow/example_dags/tutorial_taskflow_api.py
[2024-07-04T09:34:54.064+0000] {logging_mixin.py:188} INFO - [2024-07-04T09:34:54.054+0000] {dag.py:3096} INFO - Sync 1 DAGs
[2024-07-04T09:34:54.284+0000] {logging_mixin.py:188} INFO - [2024-07-04T09:34:54.283+0000] {dag.py:3954} INFO - Setting next_dagrun for tutorial_taskflow_api to None, run_after=None
[2024-07-04T09:34:54.676+0000] {processor.py:183} INFO - Processing /home/airflow/.local/lib/python3.12/site-packages/airflow/example_dags/tutorial_taskflow_api.py took 1.613 seconds
[2024-07-04T09:35:25.289+0000] {processor.py:161} INFO - Started process (PID=112) to work on /home/airflow/.local/lib/python3.12/site-packages/airflow/example_dags/tutorial_taskflow_api.py
[2024-07-04T09:35:25.291+0000] {processor.py:830} INFO - Processing file /home/airflow/.local/lib/python3.12/site-packages/airflow/example_dags/tutorial_taskflow_api.py for tasks to queue
[2024-07-04T09:35:25.293+0000] {logging_mixin.py:188} INFO - [2024-07-04T09:35:25.293+0000] {dagbag.py:545} INFO - Filling up the DagBag from /home/airflow/.local/lib/python3.12/site-packages/airflow/example_dags/tutorial_taskflow_api.py
[2024-07-04T09:35:25.301+0000] {processor.py:840} INFO - DAG(s) 'tutorial_taskflow_api' retrieved from /home/airflow/.local/lib/python3.12/site-packages/airflow/example_dags/tutorial_taskflow_api.py
[2024-07-04T09:35:25.323+0000] {logging_mixin.py:188} INFO - [2024-07-04T09:35:25.323+0000] {dag.py:3096} INFO - Sync 1 DAGs
[2024-07-04T09:35:25.348+0000] {logging_mixin.py:188} INFO - [2024-07-04T09:35:25.348+0000] {dag.py:3954} INFO - Setting next_dagrun for tutorial_taskflow_api to None, run_after=None
[2024-07-04T09:35:25.380+0000] {processor.py:183} INFO - Processing /home/airflow/.local/lib/python3.12/site-packages/airflow/example_dags/tutorial_taskflow_api.py took 0.096 seconds
[2024-07-04T09:35:55.711+0000] {processor.py:161} INFO - Started process (PID=171) to work on /home/airflow/.local/lib/python3.12/site-packages/airflow/example_dags/tutorial_taskflow_api.py
[2024-07-04T09:35:55.713+0000] {processor.py:830} INFO - Processing file /home/airflow/.local/lib/python3.12/site-packages/airflow/example_dags/tutorial_taskflow_api.py for tasks to queue
[2024-07-04T09:35:55.715+0000] {logging_mixin.py:188} INFO - [2024-07-04T09:35:55.715+0000] {dagbag.py:545} INFO - Filling up the DagBag from /home/airflow/.local/lib/python3.12/site-packages/airflow/example_dags/tutorial_taskflow_api.py
[2024-07-04T09:35:55.721+0000] {processor.py:840} INFO - DAG(s) 'tutorial_taskflow_api' retrieved from /home/airflow/.local/lib/python3.12/site-packages/airflow/example_dags/tutorial_taskflow_api.py
[2024-07-04T09:35:55.739+0000] {logging_mixin.py:188} INFO - [2024-07-04T09:35:55.739+0000] {dag.py:3096} INFO - Sync 1 DAGs
[2024-07-04T09:35:55.752+0000] {logging_mixin.py:188} INFO - [2024-07-04T09:35:55.752+0000] {dag.py:3954} INFO - Setting next_dagrun for tutorial_taskflow_api to None, run_after=None
[2024-07-04T09:35:55.770+0000] {processor.py:183} INFO - Processing /home/airflow/.local/lib/python3.12/site-packages/airflow/example_dags/tutorial_taskflow_api.py took 0.064 seconds
[2024-07-04T09:36:30.455+0000] {processor.py:161} INFO - Started process (PID=236) to work on /home/airflow/.local/lib/python3.12/site-packages/airflow/example_dags/tutorial_taskflow_api.py
[2024-07-04T09:36:30.456+0000] {processor.py:830} INFO - Processing file /home/airflow/.local/lib/python3.12/site-packages/airflow/example_dags/tutorial_taskflow_api.py for tasks to queue
[2024-07-04T09:36:30.458+0000] {logging_mixin.py:188} INFO - [2024-07-04T09:36:30.458+0000] {dagbag.py:545} INFO - Filling up the DagBag from /home/airflow/.local/lib/python3.12/site-packages/airflow/example_dags/tutorial_taskflow_api.py
[2024-07-04T09:36:30.465+0000] {processor.py:840} INFO - DAG(s) 'tutorial_taskflow_api' retrieved from /home/airflow/.local/lib/python3.12/site-packages/airflow/example_dags/tutorial_taskflow_api.py
[2024-07-04T09:36:30.510+0000] {logging_mixin.py:188} INFO - [2024-07-04T09:36:30.510+0000] {dag.py:3096} INFO - Sync 1 DAGs
[2024-07-04T09:36:30.531+0000] {logging_mixin.py:188} INFO - [2024-07-04T09:36:30.531+0000] {dag.py:3954} INFO - Setting next_dagrun for tutorial_taskflow_api to None, run_after=None
[2024-07-04T09:36:30.570+0000] {processor.py:183} INFO - Processing /home/airflow/.local/lib/python3.12/site-packages/airflow/example_dags/tutorial_taskflow_api.py took 0.121 seconds
[2024-07-04T09:37:00.873+0000] {processor.py:161} INFO - Started process (PID=293) to work on /home/airflow/.local/lib/python3.12/site-packages/airflow/example_dags/tutorial_taskflow_api.py
[2024-07-04T09:37:00.876+0000] {processor.py:830} INFO - Processing file /home/airflow/.local/lib/python3.12/site-packages/airflow/example_dags/tutorial_taskflow_api.py for tasks to queue
[2024-07-04T09:37:00.926+0000] {logging_mixin.py:188} INFO - [2024-07-04T09:37:00.924+0000] {dagbag.py:545} INFO - Filling up the DagBag from /home/airflow/.local/lib/python3.12/site-packages/airflow/example_dags/tutorial_taskflow_api.py
[2024-07-04T09:37:00.936+0000] {processor.py:840} INFO - DAG(s) 'tutorial_taskflow_api' retrieved from /home/airflow/.local/lib/python3.12/site-packages/airflow/example_dags/tutorial_taskflow_api.py
[2024-07-04T09:37:01.144+0000] {logging_mixin.py:188} INFO - [2024-07-04T09:37:01.143+0000] {dag.py:3096} INFO - Sync 1 DAGs
[2024-07-04T09:37:01.201+0000] {logging_mixin.py:188} INFO - [2024-07-04T09:37:01.201+0000] {dag.py:3954} INFO - Setting next_dagrun for tutorial_taskflow_api to None, run_after=None
[2024-07-04T09:37:01.233+0000] {processor.py:183} INFO - Processing /home/airflow/.local/lib/python3.12/site-packages/airflow/example_dags/tutorial_taskflow_api.py took 0.449 seconds
[2024-07-04T09:37:32.074+0000] {processor.py:161} INFO - Started process (PID=352) to work on /home/airflow/.local/lib/python3.12/site-packages/airflow/example_dags/tutorial_taskflow_api.py
[2024-07-04T09:37:32.075+0000] {processor.py:830} INFO - Processing file /home/airflow/.local/lib/python3.12/site-packages/airflow/example_dags/tutorial_taskflow_api.py for tasks to queue
[2024-07-04T09:37:32.077+0000] {logging_mixin.py:188} INFO - [2024-07-04T09:37:32.077+0000] {dagbag.py:545} INFO - Filling up the DagBag from /home/airflow/.local/lib/python3.12/site-packages/airflow/example_dags/tutorial_taskflow_api.py
[2024-07-04T09:37:32.083+0000] {processor.py:840} INFO - DAG(s) 'tutorial_taskflow_api' retrieved from /home/airflow/.local/lib/python3.12/site-packages/airflow/example_dags/tutorial_taskflow_api.py
[2024-07-04T09:37:32.106+0000] {logging_mixin.py:188} INFO - [2024-07-04T09:37:32.106+0000] {dag.py:3096} INFO - Sync 1 DAGs
[2024-07-04T09:37:32.120+0000] {logging_mixin.py:188} INFO - [2024-07-04T09:37:32.119+0000] {dag.py:3954} INFO - Setting next_dagrun for tutorial_taskflow_api to None, run_after=None
[2024-07-04T09:37:32.139+0000] {processor.py:183} INFO - Processing /home/airflow/.local/lib/python3.12/site-packages/airflow/example_dags/tutorial_taskflow_api.py took 0.071 seconds
[2024-07-04T09:38:02.506+0000] {processor.py:161} INFO - Started process (PID=411) to work on /home/airflow/.local/lib/python3.12/site-packages/airflow/example_dags/tutorial_taskflow_api.py
[2024-07-04T09:38:02.507+0000] {processor.py:830} INFO - Processing file /home/airflow/.local/lib/python3.12/site-packages/airflow/example_dags/tutorial_taskflow_api.py for tasks to queue
[2024-07-04T09:38:02.509+0000] {logging_mixin.py:188} INFO - [2024-07-04T09:38:02.509+0000] {dagbag.py:545} INFO - Filling up the DagBag from /home/airflow/.local/lib/python3.12/site-packages/airflow/example_dags/tutorial_taskflow_api.py
[2024-07-04T09:38:02.515+0000] {processor.py:840} INFO - DAG(s) 'tutorial_taskflow_api' retrieved from /home/airflow/.local/lib/python3.12/site-packages/airflow/example_dags/tutorial_taskflow_api.py
[2024-07-04T09:38:02.549+0000] {logging_mixin.py:188} INFO - [2024-07-04T09:38:02.549+0000] {dag.py:3096} INFO - Sync 1 DAGs
[2024-07-04T09:38:02.573+0000] {logging_mixin.py:188} INFO - [2024-07-04T09:38:02.572+0000] {dag.py:3954} INFO - Setting next_dagrun for tutorial_taskflow_api to None, run_after=None
[2024-07-04T09:38:02.603+0000] {processor.py:183} INFO - Processing /home/airflow/.local/lib/python3.12/site-packages/airflow/example_dags/tutorial_taskflow_api.py took 0.103 seconds
[2024-07-04T09:38:32.872+0000] {processor.py:161} INFO - Started process (PID=471) to work on /home/airflow/.local/lib/python3.12/site-packages/airflow/example_dags/tutorial_taskflow_api.py
[2024-07-04T09:38:32.874+0000] {processor.py:830} INFO - Processing file /home/airflow/.local/lib/python3.12/site-packages/airflow/example_dags/tutorial_taskflow_api.py for tasks to queue
[2024-07-04T09:38:32.876+0000] {logging_mixin.py:188} INFO - [2024-07-04T09:38:32.876+0000] {dagbag.py:545} INFO - Filling up the DagBag from /home/airflow/.local/lib/python3.12/site-packages/airflow/example_dags/tutorial_taskflow_api.py
[2024-07-04T09:38:32.898+0000] {processor.py:840} INFO - DAG(s) 'tutorial_taskflow_api' retrieved from /home/airflow/.local/lib/python3.12/site-packages/airflow/example_dags/tutorial_taskflow_api.py
[2024-07-04T09:38:32.924+0000] {logging_mixin.py:188} INFO - [2024-07-04T09:38:32.923+0000] {dag.py:3096} INFO - Sync 1 DAGs
[2024-07-04T09:38:32.940+0000] {logging_mixin.py:188} INFO - [2024-07-04T09:38:32.940+0000] {dag.py:3954} INFO - Setting next_dagrun for tutorial_taskflow_api to None, run_after=None
[2024-07-04T09:38:32.971+0000] {processor.py:183} INFO - Processing /home/airflow/.local/lib/python3.12/site-packages/airflow/example_dags/tutorial_taskflow_api.py took 0.104 seconds
[2024-07-04T09:39:03.236+0000] {processor.py:161} INFO - Started process (PID=530) to work on /home/airflow/.local/lib/python3.12/site-packages/airflow/example_dags/tutorial_taskflow_api.py
[2024-07-04T09:39:03.237+0000] {processor.py:830} INFO - Processing file /home/airflow/.local/lib/python3.12/site-packages/airflow/example_dags/tutorial_taskflow_api.py for tasks to queue
[2024-07-04T09:39:03.239+0000] {logging_mixin.py:188} INFO - [2024-07-04T09:39:03.239+0000] {dagbag.py:545} INFO - Filling up the DagBag from /home/airflow/.local/lib/python3.12/site-packages/airflow/example_dags/tutorial_taskflow_api.py
[2024-07-04T09:39:03.246+0000] {processor.py:840} INFO - DAG(s) 'tutorial_taskflow_api' retrieved from /home/airflow/.local/lib/python3.12/site-packages/airflow/example_dags/tutorial_taskflow_api.py
[2024-07-04T09:39:03.262+0000] {logging_mixin.py:188} INFO - [2024-07-04T09:39:03.262+0000] {dag.py:3096} INFO - Sync 1 DAGs
[2024-07-04T09:39:03.274+0000] {logging_mixin.py:188} INFO - [2024-07-04T09:39:03.274+0000] {dag.py:3954} INFO - Setting next_dagrun for tutorial_taskflow_api to None, run_after=None
[2024-07-04T09:39:03.294+0000] {processor.py:183} INFO - Processing /home/airflow/.local/lib/python3.12/site-packages/airflow/example_dags/tutorial_taskflow_api.py took 0.066 seconds
[2024-07-04T09:39:33.591+0000] {processor.py:161} INFO - Started process (PID=589) to work on /home/airflow/.local/lib/python3.12/site-packages/airflow/example_dags/tutorial_taskflow_api.py
[2024-07-04T09:39:33.595+0000] {processor.py:830} INFO - Processing file /home/airflow/.local/lib/python3.12/site-packages/airflow/example_dags/tutorial_taskflow_api.py for tasks to queue
[2024-07-04T09:39:33.598+0000] {logging_mixin.py:188} INFO - [2024-07-04T09:39:33.598+0000] {dagbag.py:545} INFO - Filling up the DagBag from /home/airflow/.local/lib/python3.12/site-packages/airflow/example_dags/tutorial_taskflow_api.py
[2024-07-04T09:39:33.604+0000] {processor.py:840} INFO - DAG(s) 'tutorial_taskflow_api' retrieved from /home/airflow/.local/lib/python3.12/site-packages/airflow/example_dags/tutorial_taskflow_api.py
[2024-07-04T09:39:33.629+0000] {logging_mixin.py:188} INFO - [2024-07-04T09:39:33.629+0000] {dag.py:3096} INFO - Sync 1 DAGs
[2024-07-04T09:39:33.649+0000] {logging_mixin.py:188} INFO - [2024-07-04T09:39:33.646+0000] {dag.py:3954} INFO - Setting next_dagrun for tutorial_taskflow_api to None, run_after=None
[2024-07-04T09:39:33.670+0000] {processor.py:183} INFO - Processing /home/airflow/.local/lib/python3.12/site-packages/airflow/example_dags/tutorial_taskflow_api.py took 0.084 seconds
[2024-07-04T09:40:03.745+0000] {processor.py:161} INFO - Started process (PID=648) to work on /home/airflow/.local/lib/python3.12/site-packages/airflow/example_dags/tutorial_taskflow_api.py
[2024-07-04T09:40:03.746+0000] {processor.py:830} INFO - Processing file /home/airflow/.local/lib/python3.12/site-packages/airflow/example_dags/tutorial_taskflow_api.py for tasks to queue
[2024-07-04T09:40:03.748+0000] {logging_mixin.py:188} INFO - [2024-07-04T09:40:03.748+0000] {dagbag.py:545} INFO - Filling up the DagBag from /home/airflow/.local/lib/python3.12/site-packages/airflow/example_dags/tutorial_taskflow_api.py
[2024-07-04T09:40:03.754+0000] {processor.py:840} INFO - DAG(s) 'tutorial_taskflow_api' retrieved from /home/airflow/.local/lib/python3.12/site-packages/airflow/example_dags/tutorial_taskflow_api.py
[2024-07-04T09:40:03.771+0000] {logging_mixin.py:188} INFO - [2024-07-04T09:40:03.770+0000] {dag.py:3096} INFO - Sync 1 DAGs
[2024-07-04T09:40:03.782+0000] {logging_mixin.py:188} INFO - [2024-07-04T09:40:03.782+0000] {dag.py:3954} INFO - Setting next_dagrun for tutorial_taskflow_api to None, run_after=None
[2024-07-04T09:40:03.806+0000] {processor.py:183} INFO - Processing /home/airflow/.local/lib/python3.12/site-packages/airflow/example_dags/tutorial_taskflow_api.py took 0.068 seconds
[2024-07-04T09:40:34.125+0000] {processor.py:161} INFO - Started process (PID=707) to work on /home/airflow/.local/lib/python3.12/site-packages/airflow/example_dags/tutorial_taskflow_api.py
[2024-07-04T09:40:34.127+0000] {processor.py:830} INFO - Processing file /home/airflow/.local/lib/python3.12/site-packages/airflow/example_dags/tutorial_taskflow_api.py for tasks to queue
[2024-07-04T09:40:34.133+0000] {logging_mixin.py:188} INFO - [2024-07-04T09:40:34.131+0000] {dagbag.py:545} INFO - Filling up the DagBag from /home/airflow/.local/lib/python3.12/site-packages/airflow/example_dags/tutorial_taskflow_api.py
[2024-07-04T09:40:34.146+0000] {processor.py:840} INFO - DAG(s) 'tutorial_taskflow_api' retrieved from /home/airflow/.local/lib/python3.12/site-packages/airflow/example_dags/tutorial_taskflow_api.py
[2024-07-04T09:40:34.191+0000] {logging_mixin.py:188} INFO - [2024-07-04T09:40:34.191+0000] {dag.py:3096} INFO - Sync 1 DAGs
[2024-07-04T09:40:34.208+0000] {logging_mixin.py:188} INFO - [2024-07-04T09:40:34.207+0000] {dag.py:3954} INFO - Setting next_dagrun for tutorial_taskflow_api to None, run_after=None
[2024-07-04T09:40:34.239+0000] {processor.py:183} INFO - Processing /home/airflow/.local/lib/python3.12/site-packages/airflow/example_dags/tutorial_taskflow_api.py took 0.122 seconds
[2024-07-04T09:41:04.454+0000] {processor.py:161} INFO - Started process (PID=767) to work on /home/airflow/.local/lib/python3.12/site-packages/airflow/example_dags/tutorial_taskflow_api.py
[2024-07-04T09:41:04.455+0000] {processor.py:830} INFO - Processing file /home/airflow/.local/lib/python3.12/site-packages/airflow/example_dags/tutorial_taskflow_api.py for tasks to queue
[2024-07-04T09:41:04.458+0000] {logging_mixin.py:188} INFO - [2024-07-04T09:41:04.458+0000] {dagbag.py:545} INFO - Filling up the DagBag from /home/airflow/.local/lib/python3.12/site-packages/airflow/example_dags/tutorial_taskflow_api.py
[2024-07-04T09:41:04.475+0000] {processor.py:840} INFO - DAG(s) 'tutorial_taskflow_api' retrieved from /home/airflow/.local/lib/python3.12/site-packages/airflow/example_dags/tutorial_taskflow_api.py
[2024-07-04T09:41:04.505+0000] {logging_mixin.py:188} INFO - [2024-07-04T09:41:04.505+0000] {dag.py:3096} INFO - Sync 1 DAGs
[2024-07-04T09:41:04.518+0000] {logging_mixin.py:188} INFO - [2024-07-04T09:41:04.518+0000] {dag.py:3954} INFO - Setting next_dagrun for tutorial_taskflow_api to None, run_after=None
[2024-07-04T09:41:04.537+0000] {processor.py:183} INFO - Processing /home/airflow/.local/lib/python3.12/site-packages/airflow/example_dags/tutorial_taskflow_api.py took 0.091 seconds
[2024-07-04T09:41:34.894+0000] {processor.py:161} INFO - Started process (PID=826) to work on /home/airflow/.local/lib/python3.12/site-packages/airflow/example_dags/tutorial_taskflow_api.py
[2024-07-04T09:41:34.895+0000] {processor.py:830} INFO - Processing file /home/airflow/.local/lib/python3.12/site-packages/airflow/example_dags/tutorial_taskflow_api.py for tasks to queue
[2024-07-04T09:41:34.897+0000] {logging_mixin.py:188} INFO - [2024-07-04T09:41:34.896+0000] {dagbag.py:545} INFO - Filling up the DagBag from /home/airflow/.local/lib/python3.12/site-packages/airflow/example_dags/tutorial_taskflow_api.py
[2024-07-04T09:41:34.903+0000] {processor.py:840} INFO - DAG(s) 'tutorial_taskflow_api' retrieved from /home/airflow/.local/lib/python3.12/site-packages/airflow/example_dags/tutorial_taskflow_api.py
[2024-07-04T09:41:34.925+0000] {logging_mixin.py:188} INFO - [2024-07-04T09:41:34.925+0000] {dag.py:3096} INFO - Sync 1 DAGs
[2024-07-04T09:41:34.937+0000] {logging_mixin.py:188} INFO - [2024-07-04T09:41:34.937+0000] {dag.py:3954} INFO - Setting next_dagrun for tutorial_taskflow_api to None, run_after=None
[2024-07-04T09:41:34.958+0000] {processor.py:183} INFO - Processing /home/airflow/.local/lib/python3.12/site-packages/airflow/example_dags/tutorial_taskflow_api.py took 0.069 seconds
[2024-07-04T09:42:05.777+0000] {processor.py:161} INFO - Started process (PID=884) to work on /home/airflow/.local/lib/python3.12/site-packages/airflow/example_dags/tutorial_taskflow_api.py
[2024-07-04T09:42:05.788+0000] {processor.py:830} INFO - Processing file /home/airflow/.local/lib/python3.12/site-packages/airflow/example_dags/tutorial_taskflow_api.py for tasks to queue
[2024-07-04T09:42:05.794+0000] {logging_mixin.py:188} INFO - [2024-07-04T09:42:05.794+0000] {dagbag.py:545} INFO - Filling up the DagBag from /home/airflow/.local/lib/python3.12/site-packages/airflow/example_dags/tutorial_taskflow_api.py
[2024-07-04T09:42:05.810+0000] {processor.py:840} INFO - DAG(s) 'tutorial_taskflow_api' retrieved from /home/airflow/.local/lib/python3.12/site-packages/airflow/example_dags/tutorial_taskflow_api.py
[2024-07-04T09:42:05.893+0000] {logging_mixin.py:188} INFO - [2024-07-04T09:42:05.893+0000] {dag.py:3096} INFO - Sync 1 DAGs
[2024-07-04T09:42:05.947+0000] {logging_mixin.py:188} INFO - [2024-07-04T09:42:05.946+0000] {dag.py:3954} INFO - Setting next_dagrun for tutorial_taskflow_api to None, run_after=None
[2024-07-04T09:42:06.127+0000] {processor.py:183} INFO - Processing /home/airflow/.local/lib/python3.12/site-packages/airflow/example_dags/tutorial_taskflow_api.py took 0.358 seconds
[2024-07-04T09:42:36.715+0000] {processor.py:161} INFO - Started process (PID=944) to work on /home/airflow/.local/lib/python3.12/site-packages/airflow/example_dags/tutorial_taskflow_api.py
[2024-07-04T09:42:36.722+0000] {processor.py:830} INFO - Processing file /home/airflow/.local/lib/python3.12/site-packages/airflow/example_dags/tutorial_taskflow_api.py for tasks to queue
[2024-07-04T09:42:36.731+0000] {logging_mixin.py:188} INFO - [2024-07-04T09:42:36.730+0000] {dagbag.py:545} INFO - Filling up the DagBag from /home/airflow/.local/lib/python3.12/site-packages/airflow/example_dags/tutorial_taskflow_api.py
[2024-07-04T09:42:36.781+0000] {processor.py:840} INFO - DAG(s) 'tutorial_taskflow_api' retrieved from /home/airflow/.local/lib/python3.12/site-packages/airflow/example_dags/tutorial_taskflow_api.py
[2024-07-04T09:42:36.881+0000] {logging_mixin.py:188} INFO - [2024-07-04T09:42:36.873+0000] {dag.py:3096} INFO - Sync 1 DAGs
[2024-07-04T09:42:36.970+0000] {logging_mixin.py:188} INFO - [2024-07-04T09:42:36.970+0000] {dag.py:3954} INFO - Setting next_dagrun for tutorial_taskflow_api to None, run_after=None
[2024-07-04T09:42:37.167+0000] {processor.py:183} INFO - Processing /home/airflow/.local/lib/python3.12/site-packages/airflow/example_dags/tutorial_taskflow_api.py took 0.485 seconds
[2024-07-04T09:43:08.136+0000] {processor.py:161} INFO - Started process (PID=1004) to work on /home/airflow/.local/lib/python3.12/site-packages/airflow/example_dags/tutorial_taskflow_api.py
[2024-07-04T09:43:08.138+0000] {processor.py:830} INFO - Processing file /home/airflow/.local/lib/python3.12/site-packages/airflow/example_dags/tutorial_taskflow_api.py for tasks to queue
[2024-07-04T09:43:08.140+0000] {logging_mixin.py:188} INFO - [2024-07-04T09:43:08.140+0000] {dagbag.py:545} INFO - Filling up the DagBag from /home/airflow/.local/lib/python3.12/site-packages/airflow/example_dags/tutorial_taskflow_api.py
[2024-07-04T09:43:08.146+0000] {processor.py:840} INFO - DAG(s) 'tutorial_taskflow_api' retrieved from /home/airflow/.local/lib/python3.12/site-packages/airflow/example_dags/tutorial_taskflow_api.py
[2024-07-04T09:43:08.172+0000] {logging_mixin.py:188} INFO - [2024-07-04T09:43:08.172+0000] {dag.py:3096} INFO - Sync 1 DAGs
[2024-07-04T09:43:08.189+0000] {logging_mixin.py:188} INFO - [2024-07-04T09:43:08.188+0000] {dag.py:3954} INFO - Setting next_dagrun for tutorial_taskflow_api to None, run_after=None
[2024-07-04T09:43:08.211+0000] {processor.py:183} INFO - Processing /home/airflow/.local/lib/python3.12/site-packages/airflow/example_dags/tutorial_taskflow_api.py took 0.081 seconds
[2024-07-04T09:43:38.588+0000] {processor.py:161} INFO - Started process (PID=1063) to work on /home/airflow/.local/lib/python3.12/site-packages/airflow/example_dags/tutorial_taskflow_api.py
[2024-07-04T09:43:38.589+0000] {processor.py:830} INFO - Processing file /home/airflow/.local/lib/python3.12/site-packages/airflow/example_dags/tutorial_taskflow_api.py for tasks to queue
[2024-07-04T09:43:38.591+0000] {logging_mixin.py:188} INFO - [2024-07-04T09:43:38.590+0000] {dagbag.py:545} INFO - Filling up the DagBag from /home/airflow/.local/lib/python3.12/site-packages/airflow/example_dags/tutorial_taskflow_api.py
[2024-07-04T09:43:38.597+0000] {processor.py:840} INFO - DAG(s) 'tutorial_taskflow_api' retrieved from /home/airflow/.local/lib/python3.12/site-packages/airflow/example_dags/tutorial_taskflow_api.py
[2024-07-04T09:43:38.618+0000] {logging_mixin.py:188} INFO - [2024-07-04T09:43:38.618+0000] {dag.py:3096} INFO - Sync 1 DAGs
[2024-07-04T09:43:38.632+0000] {logging_mixin.py:188} INFO - [2024-07-04T09:43:38.632+0000] {dag.py:3954} INFO - Setting next_dagrun for tutorial_taskflow_api to None, run_after=None
[2024-07-04T09:43:38.656+0000] {processor.py:183} INFO - Processing /home/airflow/.local/lib/python3.12/site-packages/airflow/example_dags/tutorial_taskflow_api.py took 0.073 seconds
[2024-07-04T09:44:08.967+0000] {processor.py:161} INFO - Started process (PID=1122) to work on /home/airflow/.local/lib/python3.12/site-packages/airflow/example_dags/tutorial_taskflow_api.py
[2024-07-04T09:44:08.969+0000] {processor.py:830} INFO - Processing file /home/airflow/.local/lib/python3.12/site-packages/airflow/example_dags/tutorial_taskflow_api.py for tasks to queue
[2024-07-04T09:44:08.972+0000] {logging_mixin.py:188} INFO - [2024-07-04T09:44:08.972+0000] {dagbag.py:545} INFO - Filling up the DagBag from /home/airflow/.local/lib/python3.12/site-packages/airflow/example_dags/tutorial_taskflow_api.py
[2024-07-04T09:44:08.979+0000] {processor.py:840} INFO - DAG(s) 'tutorial_taskflow_api' retrieved from /home/airflow/.local/lib/python3.12/site-packages/airflow/example_dags/tutorial_taskflow_api.py
[2024-07-04T09:44:08.999+0000] {logging_mixin.py:188} INFO - [2024-07-04T09:44:08.999+0000] {dag.py:3096} INFO - Sync 1 DAGs
[2024-07-04T09:44:09.012+0000] {logging_mixin.py:188} INFO - [2024-07-04T09:44:09.011+0000] {dag.py:3954} INFO - Setting next_dagrun for tutorial_taskflow_api to None, run_after=None
[2024-07-04T09:44:09.031+0000] {processor.py:183} INFO - Processing /home/airflow/.local/lib/python3.12/site-packages/airflow/example_dags/tutorial_taskflow_api.py took 0.069 seconds
[2024-07-04T09:44:39.095+0000] {processor.py:161} INFO - Started process (PID=1181) to work on /home/airflow/.local/lib/python3.12/site-packages/airflow/example_dags/tutorial_taskflow_api.py
[2024-07-04T09:44:39.097+0000] {processor.py:830} INFO - Processing file /home/airflow/.local/lib/python3.12/site-packages/airflow/example_dags/tutorial_taskflow_api.py for tasks to queue
[2024-07-04T09:44:39.100+0000] {logging_mixin.py:188} INFO - [2024-07-04T09:44:39.099+0000] {dagbag.py:545} INFO - Filling up the DagBag from /home/airflow/.local/lib/python3.12/site-packages/airflow/example_dags/tutorial_taskflow_api.py
[2024-07-04T09:44:39.107+0000] {processor.py:840} INFO - DAG(s) 'tutorial_taskflow_api' retrieved from /home/airflow/.local/lib/python3.12/site-packages/airflow/example_dags/tutorial_taskflow_api.py
[2024-07-04T09:44:39.135+0000] {logging_mixin.py:188} INFO - [2024-07-04T09:44:39.135+0000] {dag.py:3096} INFO - Sync 1 DAGs
[2024-07-04T09:44:39.152+0000] {logging_mixin.py:188} INFO - [2024-07-04T09:44:39.152+0000] {dag.py:3954} INFO - Setting next_dagrun for tutorial_taskflow_api to None, run_after=None
[2024-07-04T09:44:39.187+0000] {processor.py:183} INFO - Processing /home/airflow/.local/lib/python3.12/site-packages/airflow/example_dags/tutorial_taskflow_api.py took 0.099 seconds
[2024-07-04T09:45:09.295+0000] {processor.py:161} INFO - Started process (PID=1240) to work on /home/airflow/.local/lib/python3.12/site-packages/airflow/example_dags/tutorial_taskflow_api.py
[2024-07-04T09:45:09.296+0000] {processor.py:830} INFO - Processing file /home/airflow/.local/lib/python3.12/site-packages/airflow/example_dags/tutorial_taskflow_api.py for tasks to queue
[2024-07-04T09:45:09.307+0000] {logging_mixin.py:188} INFO - [2024-07-04T09:45:09.299+0000] {dagbag.py:545} INFO - Filling up the DagBag from /home/airflow/.local/lib/python3.12/site-packages/airflow/example_dags/tutorial_taskflow_api.py
[2024-07-04T09:45:09.315+0000] {processor.py:840} INFO - DAG(s) 'tutorial_taskflow_api' retrieved from /home/airflow/.local/lib/python3.12/site-packages/airflow/example_dags/tutorial_taskflow_api.py
[2024-07-04T09:45:09.336+0000] {logging_mixin.py:188} INFO - [2024-07-04T09:45:09.335+0000] {dag.py:3096} INFO - Sync 1 DAGs
[2024-07-04T09:45:09.348+0000] {logging_mixin.py:188} INFO - [2024-07-04T09:45:09.348+0000] {dag.py:3954} INFO - Setting next_dagrun for tutorial_taskflow_api to None, run_after=None
[2024-07-04T09:45:09.378+0000] {processor.py:183} INFO - Processing /home/airflow/.local/lib/python3.12/site-packages/airflow/example_dags/tutorial_taskflow_api.py took 0.090 seconds
[2024-07-04T09:45:39.750+0000] {processor.py:161} INFO - Started process (PID=1299) to work on /home/airflow/.local/lib/python3.12/site-packages/airflow/example_dags/tutorial_taskflow_api.py
[2024-07-04T09:45:39.752+0000] {processor.py:830} INFO - Processing file /home/airflow/.local/lib/python3.12/site-packages/airflow/example_dags/tutorial_taskflow_api.py for tasks to queue
[2024-07-04T09:45:39.758+0000] {logging_mixin.py:188} INFO - [2024-07-04T09:45:39.757+0000] {dagbag.py:545} INFO - Filling up the DagBag from /home/airflow/.local/lib/python3.12/site-packages/airflow/example_dags/tutorial_taskflow_api.py
[2024-07-04T09:45:39.771+0000] {processor.py:840} INFO - DAG(s) 'tutorial_taskflow_api' retrieved from /home/airflow/.local/lib/python3.12/site-packages/airflow/example_dags/tutorial_taskflow_api.py
[2024-07-04T09:45:39.813+0000] {logging_mixin.py:188} INFO - [2024-07-04T09:45:39.812+0000] {dag.py:3096} INFO - Sync 1 DAGs
[2024-07-04T09:45:39.831+0000] {logging_mixin.py:188} INFO - [2024-07-04T09:45:39.830+0000] {dag.py:3954} INFO - Setting next_dagrun for tutorial_taskflow_api to None, run_after=None
[2024-07-04T09:45:39.866+0000] {processor.py:183} INFO - Processing /home/airflow/.local/lib/python3.12/site-packages/airflow/example_dags/tutorial_taskflow_api.py took 0.125 seconds
[2024-07-04T09:46:10.280+0000] {processor.py:161} INFO - Started process (PID=1358) to work on /home/airflow/.local/lib/python3.12/site-packages/airflow/example_dags/tutorial_taskflow_api.py
[2024-07-04T09:46:10.281+0000] {processor.py:830} INFO - Processing file /home/airflow/.local/lib/python3.12/site-packages/airflow/example_dags/tutorial_taskflow_api.py for tasks to queue
[2024-07-04T09:46:10.283+0000] {logging_mixin.py:188} INFO - [2024-07-04T09:46:10.283+0000] {dagbag.py:545} INFO - Filling up the DagBag from /home/airflow/.local/lib/python3.12/site-packages/airflow/example_dags/tutorial_taskflow_api.py
[2024-07-04T09:46:10.289+0000] {processor.py:840} INFO - DAG(s) 'tutorial_taskflow_api' retrieved from /home/airflow/.local/lib/python3.12/site-packages/airflow/example_dags/tutorial_taskflow_api.py
[2024-07-04T09:46:10.311+0000] {logging_mixin.py:188} INFO - [2024-07-04T09:46:10.311+0000] {dag.py:3096} INFO - Sync 1 DAGs
[2024-07-04T09:46:10.326+0000] {logging_mixin.py:188} INFO - [2024-07-04T09:46:10.325+0000] {dag.py:3954} INFO - Setting next_dagrun for tutorial_taskflow_api to None, run_after=None
[2024-07-04T09:46:10.344+0000] {processor.py:183} INFO - Processing /home/airflow/.local/lib/python3.12/site-packages/airflow/example_dags/tutorial_taskflow_api.py took 0.069 seconds
[2024-07-04T09:46:40.679+0000] {processor.py:161} INFO - Started process (PID=1418) to work on /home/airflow/.local/lib/python3.12/site-packages/airflow/example_dags/tutorial_taskflow_api.py
[2024-07-04T09:46:40.680+0000] {processor.py:830} INFO - Processing file /home/airflow/.local/lib/python3.12/site-packages/airflow/example_dags/tutorial_taskflow_api.py for tasks to queue
[2024-07-04T09:46:40.682+0000] {logging_mixin.py:188} INFO - [2024-07-04T09:46:40.682+0000] {dagbag.py:545} INFO - Filling up the DagBag from /home/airflow/.local/lib/python3.12/site-packages/airflow/example_dags/tutorial_taskflow_api.py
[2024-07-04T09:46:40.688+0000] {processor.py:840} INFO - DAG(s) 'tutorial_taskflow_api' retrieved from /home/airflow/.local/lib/python3.12/site-packages/airflow/example_dags/tutorial_taskflow_api.py
[2024-07-04T09:46:40.705+0000] {logging_mixin.py:188} INFO - [2024-07-04T09:46:40.705+0000] {dag.py:3096} INFO - Sync 1 DAGs
[2024-07-04T09:46:40.717+0000] {logging_mixin.py:188} INFO - [2024-07-04T09:46:40.717+0000] {dag.py:3954} INFO - Setting next_dagrun for tutorial_taskflow_api to None, run_after=None
[2024-07-04T09:46:40.742+0000] {processor.py:183} INFO - Processing /home/airflow/.local/lib/python3.12/site-packages/airflow/example_dags/tutorial_taskflow_api.py took 0.067 seconds
[2024-07-04T09:47:13.012+0000] {processor.py:161} INFO - Started process (PID=1478) to work on /home/airflow/.local/lib/python3.12/site-packages/airflow/example_dags/tutorial_taskflow_api.py
[2024-07-04T09:47:13.043+0000] {processor.py:830} INFO - Processing file /home/airflow/.local/lib/python3.12/site-packages/airflow/example_dags/tutorial_taskflow_api.py for tasks to queue
[2024-07-04T09:47:13.077+0000] {logging_mixin.py:188} INFO - [2024-07-04T09:47:13.076+0000] {dagbag.py:545} INFO - Filling up the DagBag from /home/airflow/.local/lib/python3.12/site-packages/airflow/example_dags/tutorial_taskflow_api.py
[2024-07-04T09:47:13.118+0000] {processor.py:840} INFO - DAG(s) 'tutorial_taskflow_api' retrieved from /home/airflow/.local/lib/python3.12/site-packages/airflow/example_dags/tutorial_taskflow_api.py
[2024-07-04T09:47:13.356+0000] {logging_mixin.py:188} INFO - [2024-07-04T09:47:13.356+0000] {dag.py:3096} INFO - Sync 1 DAGs
[2024-07-04T09:47:13.436+0000] {logging_mixin.py:188} INFO - [2024-07-04T09:47:13.435+0000] {dag.py:3954} INFO - Setting next_dagrun for tutorial_taskflow_api to None, run_after=None
[2024-07-04T09:47:13.562+0000] {processor.py:183} INFO - Processing /home/airflow/.local/lib/python3.12/site-packages/airflow/example_dags/tutorial_taskflow_api.py took 0.596 seconds
[2024-07-04T09:47:44.406+0000] {processor.py:161} INFO - Started process (PID=1535) to work on /home/airflow/.local/lib/python3.12/site-packages/airflow/example_dags/tutorial_taskflow_api.py
[2024-07-04T09:47:44.408+0000] {processor.py:830} INFO - Processing file /home/airflow/.local/lib/python3.12/site-packages/airflow/example_dags/tutorial_taskflow_api.py for tasks to queue
[2024-07-04T09:47:44.410+0000] {logging_mixin.py:188} INFO - [2024-07-04T09:47:44.410+0000] {dagbag.py:545} INFO - Filling up the DagBag from /home/airflow/.local/lib/python3.12/site-packages/airflow/example_dags/tutorial_taskflow_api.py
[2024-07-04T09:47:44.416+0000] {processor.py:840} INFO - DAG(s) 'tutorial_taskflow_api' retrieved from /home/airflow/.local/lib/python3.12/site-packages/airflow/example_dags/tutorial_taskflow_api.py
[2024-07-04T09:47:44.436+0000] {logging_mixin.py:188} INFO - [2024-07-04T09:47:44.436+0000] {dag.py:3096} INFO - Sync 1 DAGs
[2024-07-04T09:47:44.450+0000] {logging_mixin.py:188} INFO - [2024-07-04T09:47:44.450+0000] {dag.py:3954} INFO - Setting next_dagrun for tutorial_taskflow_api to None, run_after=None
[2024-07-04T09:47:44.471+0000] {processor.py:183} INFO - Processing /home/airflow/.local/lib/python3.12/site-packages/airflow/example_dags/tutorial_taskflow_api.py took 0.071 seconds
[2024-07-04T09:48:14.659+0000] {processor.py:161} INFO - Started process (PID=1595) to work on /home/airflow/.local/lib/python3.12/site-packages/airflow/example_dags/tutorial_taskflow_api.py
[2024-07-04T09:48:14.668+0000] {processor.py:830} INFO - Processing file /home/airflow/.local/lib/python3.12/site-packages/airflow/example_dags/tutorial_taskflow_api.py for tasks to queue
[2024-07-04T09:48:14.671+0000] {logging_mixin.py:188} INFO - [2024-07-04T09:48:14.671+0000] {dagbag.py:545} INFO - Filling up the DagBag from /home/airflow/.local/lib/python3.12/site-packages/airflow/example_dags/tutorial_taskflow_api.py
[2024-07-04T09:48:14.684+0000] {processor.py:840} INFO - DAG(s) 'tutorial_taskflow_api' retrieved from /home/airflow/.local/lib/python3.12/site-packages/airflow/example_dags/tutorial_taskflow_api.py
[2024-07-04T09:48:14.747+0000] {logging_mixin.py:188} INFO - [2024-07-04T09:48:14.740+0000] {dag.py:3096} INFO - Sync 1 DAGs
[2024-07-04T09:48:14.787+0000] {logging_mixin.py:188} INFO - [2024-07-04T09:48:14.787+0000] {dag.py:3954} INFO - Setting next_dagrun for tutorial_taskflow_api to None, run_after=None
[2024-07-04T09:48:14.850+0000] {processor.py:183} INFO - Processing /home/airflow/.local/lib/python3.12/site-packages/airflow/example_dags/tutorial_taskflow_api.py took 0.205 seconds
[2024-07-04T09:48:44.994+0000] {processor.py:161} INFO - Started process (PID=1654) to work on /home/airflow/.local/lib/python3.12/site-packages/airflow/example_dags/tutorial_taskflow_api.py
[2024-07-04T09:48:44.996+0000] {processor.py:830} INFO - Processing file /home/airflow/.local/lib/python3.12/site-packages/airflow/example_dags/tutorial_taskflow_api.py for tasks to queue
[2024-07-04T09:48:44.998+0000] {logging_mixin.py:188} INFO - [2024-07-04T09:48:44.997+0000] {dagbag.py:545} INFO - Filling up the DagBag from /home/airflow/.local/lib/python3.12/site-packages/airflow/example_dags/tutorial_taskflow_api.py
[2024-07-04T09:48:45.004+0000] {processor.py:840} INFO - DAG(s) 'tutorial_taskflow_api' retrieved from /home/airflow/.local/lib/python3.12/site-packages/airflow/example_dags/tutorial_taskflow_api.py
[2024-07-04T09:48:45.023+0000] {logging_mixin.py:188} INFO - [2024-07-04T09:48:45.022+0000] {dag.py:3096} INFO - Sync 1 DAGs
[2024-07-04T09:48:45.035+0000] {logging_mixin.py:188} INFO - [2024-07-04T09:48:45.034+0000] {dag.py:3954} INFO - Setting next_dagrun for tutorial_taskflow_api to None, run_after=None
[2024-07-04T09:48:45.053+0000] {processor.py:183} INFO - Processing /home/airflow/.local/lib/python3.12/site-packages/airflow/example_dags/tutorial_taskflow_api.py took 0.064 seconds
[2024-07-04T09:49:15.384+0000] {processor.py:161} INFO - Started process (PID=1713) to work on /home/airflow/.local/lib/python3.12/site-packages/airflow/example_dags/tutorial_taskflow_api.py
[2024-07-04T09:49:15.386+0000] {processor.py:830} INFO - Processing file /home/airflow/.local/lib/python3.12/site-packages/airflow/example_dags/tutorial_taskflow_api.py for tasks to queue
[2024-07-04T09:49:15.389+0000] {logging_mixin.py:188} INFO - [2024-07-04T09:49:15.388+0000] {dagbag.py:545} INFO - Filling up the DagBag from /home/airflow/.local/lib/python3.12/site-packages/airflow/example_dags/tutorial_taskflow_api.py
[2024-07-04T09:49:15.397+0000] {processor.py:840} INFO - DAG(s) 'tutorial_taskflow_api' retrieved from /home/airflow/.local/lib/python3.12/site-packages/airflow/example_dags/tutorial_taskflow_api.py
[2024-07-04T09:49:15.417+0000] {logging_mixin.py:188} INFO - [2024-07-04T09:49:15.416+0000] {dag.py:3096} INFO - Sync 1 DAGs
[2024-07-04T09:49:15.431+0000] {logging_mixin.py:188} INFO - [2024-07-04T09:49:15.431+0000] {dag.py:3954} INFO - Setting next_dagrun for tutorial_taskflow_api to None, run_after=None
[2024-07-04T09:49:15.454+0000] {processor.py:183} INFO - Processing /home/airflow/.local/lib/python3.12/site-packages/airflow/example_dags/tutorial_taskflow_api.py took 0.079 seconds
[2024-07-04T09:49:46.302+0000] {processor.py:161} INFO - Started process (PID=1773) to work on /home/airflow/.local/lib/python3.12/site-packages/airflow/example_dags/tutorial_taskflow_api.py
[2024-07-04T09:49:46.303+0000] {processor.py:830} INFO - Processing file /home/airflow/.local/lib/python3.12/site-packages/airflow/example_dags/tutorial_taskflow_api.py for tasks to queue
[2024-07-04T09:49:46.306+0000] {logging_mixin.py:188} INFO - [2024-07-04T09:49:46.305+0000] {dagbag.py:545} INFO - Filling up the DagBag from /home/airflow/.local/lib/python3.12/site-packages/airflow/example_dags/tutorial_taskflow_api.py
[2024-07-04T09:49:46.317+0000] {processor.py:840} INFO - DAG(s) 'tutorial_taskflow_api' retrieved from /home/airflow/.local/lib/python3.12/site-packages/airflow/example_dags/tutorial_taskflow_api.py
[2024-07-04T09:49:46.357+0000] {logging_mixin.py:188} INFO - [2024-07-04T09:49:46.357+0000] {dag.py:3096} INFO - Sync 1 DAGs
[2024-07-04T09:49:46.380+0000] {logging_mixin.py:188} INFO - [2024-07-04T09:49:46.380+0000] {dag.py:3954} INFO - Setting next_dagrun for tutorial_taskflow_api to None, run_after=None
[2024-07-04T09:49:46.401+0000] {processor.py:183} INFO - Processing /home/airflow/.local/lib/python3.12/site-packages/airflow/example_dags/tutorial_taskflow_api.py took 0.104 seconds
[2024-07-04T09:50:17.214+0000] {processor.py:161} INFO - Started process (PID=1832) to work on /home/airflow/.local/lib/python3.12/site-packages/airflow/example_dags/tutorial_taskflow_api.py
[2024-07-04T09:50:17.215+0000] {processor.py:830} INFO - Processing file /home/airflow/.local/lib/python3.12/site-packages/airflow/example_dags/tutorial_taskflow_api.py for tasks to queue
[2024-07-04T09:50:17.218+0000] {logging_mixin.py:188} INFO - [2024-07-04T09:50:17.217+0000] {dagbag.py:545} INFO - Filling up the DagBag from /home/airflow/.local/lib/python3.12/site-packages/airflow/example_dags/tutorial_taskflow_api.py
[2024-07-04T09:50:17.223+0000] {processor.py:840} INFO - DAG(s) 'tutorial_taskflow_api' retrieved from /home/airflow/.local/lib/python3.12/site-packages/airflow/example_dags/tutorial_taskflow_api.py
[2024-07-04T09:50:17.243+0000] {logging_mixin.py:188} INFO - [2024-07-04T09:50:17.242+0000] {dag.py:3096} INFO - Sync 1 DAGs
[2024-07-04T09:50:17.255+0000] {logging_mixin.py:188} INFO - [2024-07-04T09:50:17.255+0000] {dag.py:3954} INFO - Setting next_dagrun for tutorial_taskflow_api to None, run_after=None
[2024-07-04T09:50:17.420+0000] {processor.py:183} INFO - Processing /home/airflow/.local/lib/python3.12/site-packages/airflow/example_dags/tutorial_taskflow_api.py took 0.212 seconds
[2024-07-04T09:50:48.152+0000] {processor.py:161} INFO - Started process (PID=1891) to work on /home/airflow/.local/lib/python3.12/site-packages/airflow/example_dags/tutorial_taskflow_api.py
[2024-07-04T09:50:48.154+0000] {processor.py:830} INFO - Processing file /home/airflow/.local/lib/python3.12/site-packages/airflow/example_dags/tutorial_taskflow_api.py for tasks to queue
[2024-07-04T09:50:48.157+0000] {logging_mixin.py:188} INFO - [2024-07-04T09:50:48.156+0000] {dagbag.py:545} INFO - Filling up the DagBag from /home/airflow/.local/lib/python3.12/site-packages/airflow/example_dags/tutorial_taskflow_api.py
[2024-07-04T09:50:48.163+0000] {processor.py:840} INFO - DAG(s) 'tutorial_taskflow_api' retrieved from /home/airflow/.local/lib/python3.12/site-packages/airflow/example_dags/tutorial_taskflow_api.py
[2024-07-04T09:50:48.187+0000] {logging_mixin.py:188} INFO - [2024-07-04T09:50:48.187+0000] {dag.py:3096} INFO - Sync 1 DAGs
[2024-07-04T09:50:48.204+0000] {logging_mixin.py:188} INFO - [2024-07-04T09:50:48.204+0000] {dag.py:3954} INFO - Setting next_dagrun for tutorial_taskflow_api to None, run_after=None
[2024-07-04T09:50:48.228+0000] {processor.py:183} INFO - Processing /home/airflow/.local/lib/python3.12/site-packages/airflow/example_dags/tutorial_taskflow_api.py took 0.081 seconds
[2024-07-04T09:51:18.485+0000] {processor.py:161} INFO - Started process (PID=1950) to work on /home/airflow/.local/lib/python3.12/site-packages/airflow/example_dags/tutorial_taskflow_api.py
[2024-07-04T09:51:18.486+0000] {processor.py:830} INFO - Processing file /home/airflow/.local/lib/python3.12/site-packages/airflow/example_dags/tutorial_taskflow_api.py for tasks to queue
[2024-07-04T09:51:18.489+0000] {logging_mixin.py:188} INFO - [2024-07-04T09:51:18.488+0000] {dagbag.py:545} INFO - Filling up the DagBag from /home/airflow/.local/lib/python3.12/site-packages/airflow/example_dags/tutorial_taskflow_api.py
[2024-07-04T09:51:18.496+0000] {processor.py:840} INFO - DAG(s) 'tutorial_taskflow_api' retrieved from /home/airflow/.local/lib/python3.12/site-packages/airflow/example_dags/tutorial_taskflow_api.py
[2024-07-04T09:51:18.522+0000] {logging_mixin.py:188} INFO - [2024-07-04T09:51:18.521+0000] {dag.py:3096} INFO - Sync 1 DAGs
[2024-07-04T09:51:18.537+0000] {logging_mixin.py:188} INFO - [2024-07-04T09:51:18.537+0000] {dag.py:3954} INFO - Setting next_dagrun for tutorial_taskflow_api to None, run_after=None
[2024-07-04T09:51:18.558+0000] {processor.py:183} INFO - Processing /home/airflow/.local/lib/python3.12/site-packages/airflow/example_dags/tutorial_taskflow_api.py took 0.078 seconds
[2024-07-04T09:51:49.407+0000] {processor.py:161} INFO - Started process (PID=2009) to work on /home/airflow/.local/lib/python3.12/site-packages/airflow/example_dags/tutorial_taskflow_api.py
[2024-07-04T09:51:49.411+0000] {processor.py:830} INFO - Processing file /home/airflow/.local/lib/python3.12/site-packages/airflow/example_dags/tutorial_taskflow_api.py for tasks to queue
[2024-07-04T09:51:49.413+0000] {logging_mixin.py:188} INFO - [2024-07-04T09:51:49.413+0000] {dagbag.py:545} INFO - Filling up the DagBag from /home/airflow/.local/lib/python3.12/site-packages/airflow/example_dags/tutorial_taskflow_api.py
[2024-07-04T09:51:49.420+0000] {processor.py:840} INFO - DAG(s) 'tutorial_taskflow_api' retrieved from /home/airflow/.local/lib/python3.12/site-packages/airflow/example_dags/tutorial_taskflow_api.py
[2024-07-04T09:51:49.459+0000] {logging_mixin.py:188} INFO - [2024-07-04T09:51:49.459+0000] {dag.py:3096} INFO - Sync 1 DAGs
[2024-07-04T09:51:49.484+0000] {logging_mixin.py:188} INFO - [2024-07-04T09:51:49.484+0000] {dag.py:3954} INFO - Setting next_dagrun for tutorial_taskflow_api to None, run_after=None
[2024-07-04T09:51:49.520+0000] {processor.py:183} INFO - Processing /home/airflow/.local/lib/python3.12/site-packages/airflow/example_dags/tutorial_taskflow_api.py took 0.130 seconds
[2024-07-04T09:52:20.115+0000] {processor.py:161} INFO - Started process (PID=2069) to work on /home/airflow/.local/lib/python3.12/site-packages/airflow/example_dags/tutorial_taskflow_api.py
[2024-07-04T09:52:20.116+0000] {processor.py:830} INFO - Processing file /home/airflow/.local/lib/python3.12/site-packages/airflow/example_dags/tutorial_taskflow_api.py for tasks to queue
[2024-07-04T09:52:20.118+0000] {logging_mixin.py:188} INFO - [2024-07-04T09:52:20.117+0000] {dagbag.py:545} INFO - Filling up the DagBag from /home/airflow/.local/lib/python3.12/site-packages/airflow/example_dags/tutorial_taskflow_api.py
[2024-07-04T09:52:20.127+0000] {processor.py:840} INFO - DAG(s) 'tutorial_taskflow_api' retrieved from /home/airflow/.local/lib/python3.12/site-packages/airflow/example_dags/tutorial_taskflow_api.py
[2024-07-04T09:52:20.149+0000] {logging_mixin.py:188} INFO - [2024-07-04T09:52:20.149+0000] {dag.py:3096} INFO - Sync 1 DAGs
[2024-07-04T09:52:20.161+0000] {logging_mixin.py:188} INFO - [2024-07-04T09:52:20.161+0000] {dag.py:3954} INFO - Setting next_dagrun for tutorial_taskflow_api to None, run_after=None
[2024-07-04T09:52:20.182+0000] {processor.py:183} INFO - Processing /home/airflow/.local/lib/python3.12/site-packages/airflow/example_dags/tutorial_taskflow_api.py took 0.073 seconds
[2024-07-04T09:52:50.594+0000] {processor.py:161} INFO - Started process (PID=2128) to work on /home/airflow/.local/lib/python3.12/site-packages/airflow/example_dags/tutorial_taskflow_api.py
[2024-07-04T09:52:50.596+0000] {processor.py:830} INFO - Processing file /home/airflow/.local/lib/python3.12/site-packages/airflow/example_dags/tutorial_taskflow_api.py for tasks to queue
[2024-07-04T09:52:50.598+0000] {logging_mixin.py:188} INFO - [2024-07-04T09:52:50.598+0000] {dagbag.py:545} INFO - Filling up the DagBag from /home/airflow/.local/lib/python3.12/site-packages/airflow/example_dags/tutorial_taskflow_api.py
[2024-07-04T09:52:50.607+0000] {processor.py:840} INFO - DAG(s) 'tutorial_taskflow_api' retrieved from /home/airflow/.local/lib/python3.12/site-packages/airflow/example_dags/tutorial_taskflow_api.py
[2024-07-04T09:52:50.647+0000] {logging_mixin.py:188} INFO - [2024-07-04T09:52:50.646+0000] {dag.py:3096} INFO - Sync 1 DAGs
[2024-07-04T09:52:50.669+0000] {logging_mixin.py:188} INFO - [2024-07-04T09:52:50.669+0000] {dag.py:3954} INFO - Setting next_dagrun for tutorial_taskflow_api to None, run_after=None
[2024-07-04T09:52:50.697+0000] {processor.py:183} INFO - Processing /home/airflow/.local/lib/python3.12/site-packages/airflow/example_dags/tutorial_taskflow_api.py took 0.115 seconds
[2024-07-04T09:53:21.432+0000] {processor.py:161} INFO - Started process (PID=2186) to work on /home/airflow/.local/lib/python3.12/site-packages/airflow/example_dags/tutorial_taskflow_api.py
[2024-07-04T09:53:21.433+0000] {processor.py:830} INFO - Processing file /home/airflow/.local/lib/python3.12/site-packages/airflow/example_dags/tutorial_taskflow_api.py for tasks to queue
[2024-07-04T09:53:21.435+0000] {logging_mixin.py:188} INFO - [2024-07-04T09:53:21.434+0000] {dagbag.py:545} INFO - Filling up the DagBag from /home/airflow/.local/lib/python3.12/site-packages/airflow/example_dags/tutorial_taskflow_api.py
[2024-07-04T09:53:21.442+0000] {processor.py:840} INFO - DAG(s) 'tutorial_taskflow_api' retrieved from /home/airflow/.local/lib/python3.12/site-packages/airflow/example_dags/tutorial_taskflow_api.py
[2024-07-04T09:53:21.467+0000] {logging_mixin.py:188} INFO - [2024-07-04T09:53:21.466+0000] {dag.py:3096} INFO - Sync 1 DAGs
[2024-07-04T09:53:21.485+0000] {logging_mixin.py:188} INFO - [2024-07-04T09:53:21.484+0000] {dag.py:3954} INFO - Setting next_dagrun for tutorial_taskflow_api to None, run_after=None
[2024-07-04T09:53:21.507+0000] {processor.py:183} INFO - Processing /home/airflow/.local/lib/python3.12/site-packages/airflow/example_dags/tutorial_taskflow_api.py took 0.082 seconds
[2024-07-04T09:53:53.756+0000] {processor.py:161} INFO - Started process (PID=2245) to work on /home/airflow/.local/lib/python3.12/site-packages/airflow/example_dags/tutorial_taskflow_api.py
[2024-07-04T09:53:53.758+0000] {processor.py:830} INFO - Processing file /home/airflow/.local/lib/python3.12/site-packages/airflow/example_dags/tutorial_taskflow_api.py for tasks to queue
[2024-07-04T09:53:53.763+0000] {logging_mixin.py:188} INFO - [2024-07-04T09:53:53.763+0000] {dagbag.py:545} INFO - Filling up the DagBag from /home/airflow/.local/lib/python3.12/site-packages/airflow/example_dags/tutorial_taskflow_api.py
[2024-07-04T09:53:53.786+0000] {processor.py:840} INFO - DAG(s) 'tutorial_taskflow_api' retrieved from /home/airflow/.local/lib/python3.12/site-packages/airflow/example_dags/tutorial_taskflow_api.py
[2024-07-04T09:53:53.830+0000] {logging_mixin.py:188} INFO - [2024-07-04T09:53:53.829+0000] {dag.py:3096} INFO - Sync 1 DAGs
[2024-07-04T09:53:53.913+0000] {logging_mixin.py:188} INFO - [2024-07-04T09:53:53.912+0000] {dag.py:3954} INFO - Setting next_dagrun for tutorial_taskflow_api to None, run_after=None
[2024-07-04T09:53:54.011+0000] {processor.py:183} INFO - Processing /home/airflow/.local/lib/python3.12/site-packages/airflow/example_dags/tutorial_taskflow_api.py took 0.282 seconds
[2024-07-04T09:54:24.391+0000] {processor.py:161} INFO - Started process (PID=2303) to work on /home/airflow/.local/lib/python3.12/site-packages/airflow/example_dags/tutorial_taskflow_api.py
[2024-07-04T09:54:24.401+0000] {processor.py:830} INFO - Processing file /home/airflow/.local/lib/python3.12/site-packages/airflow/example_dags/tutorial_taskflow_api.py for tasks to queue
[2024-07-04T09:54:24.404+0000] {logging_mixin.py:188} INFO - [2024-07-04T09:54:24.403+0000] {dagbag.py:545} INFO - Filling up the DagBag from /home/airflow/.local/lib/python3.12/site-packages/airflow/example_dags/tutorial_taskflow_api.py
[2024-07-04T09:54:24.413+0000] {processor.py:840} INFO - DAG(s) 'tutorial_taskflow_api' retrieved from /home/airflow/.local/lib/python3.12/site-packages/airflow/example_dags/tutorial_taskflow_api.py
[2024-07-04T09:54:24.451+0000] {logging_mixin.py:188} INFO - [2024-07-04T09:54:24.450+0000] {dag.py:3096} INFO - Sync 1 DAGs
[2024-07-04T09:54:24.465+0000] {logging_mixin.py:188} INFO - [2024-07-04T09:54:24.465+0000] {dag.py:3954} INFO - Setting next_dagrun for tutorial_taskflow_api to None, run_after=None
[2024-07-04T09:54:24.484+0000] {processor.py:183} INFO - Processing /home/airflow/.local/lib/python3.12/site-packages/airflow/example_dags/tutorial_taskflow_api.py took 0.110 seconds
[2024-07-04T09:54:55.273+0000] {processor.py:161} INFO - Started process (PID=2361) to work on /home/airflow/.local/lib/python3.12/site-packages/airflow/example_dags/tutorial_taskflow_api.py
[2024-07-04T09:54:55.274+0000] {processor.py:830} INFO - Processing file /home/airflow/.local/lib/python3.12/site-packages/airflow/example_dags/tutorial_taskflow_api.py for tasks to queue
[2024-07-04T09:54:55.277+0000] {logging_mixin.py:188} INFO - [2024-07-04T09:54:55.276+0000] {dagbag.py:545} INFO - Filling up the DagBag from /home/airflow/.local/lib/python3.12/site-packages/airflow/example_dags/tutorial_taskflow_api.py
[2024-07-04T09:54:55.283+0000] {processor.py:840} INFO - DAG(s) 'tutorial_taskflow_api' retrieved from /home/airflow/.local/lib/python3.12/site-packages/airflow/example_dags/tutorial_taskflow_api.py
[2024-07-04T09:54:55.306+0000] {logging_mixin.py:188} INFO - [2024-07-04T09:54:55.306+0000] {dag.py:3096} INFO - Sync 1 DAGs
[2024-07-04T09:54:55.323+0000] {logging_mixin.py:188} INFO - [2024-07-04T09:54:55.323+0000] {dag.py:3954} INFO - Setting next_dagrun for tutorial_taskflow_api to None, run_after=None
[2024-07-04T09:54:55.345+0000] {processor.py:183} INFO - Processing /home/airflow/.local/lib/python3.12/site-packages/airflow/example_dags/tutorial_taskflow_api.py took 0.079 seconds
[2024-07-04T09:55:25.682+0000] {processor.py:161} INFO - Started process (PID=2420) to work on /home/airflow/.local/lib/python3.12/site-packages/airflow/example_dags/tutorial_taskflow_api.py
[2024-07-04T09:55:25.696+0000] {processor.py:830} INFO - Processing file /home/airflow/.local/lib/python3.12/site-packages/airflow/example_dags/tutorial_taskflow_api.py for tasks to queue
[2024-07-04T09:55:25.733+0000] {logging_mixin.py:188} INFO - [2024-07-04T09:55:25.731+0000] {dagbag.py:545} INFO - Filling up the DagBag from /home/airflow/.local/lib/python3.12/site-packages/airflow/example_dags/tutorial_taskflow_api.py
[2024-07-04T09:55:25.765+0000] {processor.py:840} INFO - DAG(s) 'tutorial_taskflow_api' retrieved from /home/airflow/.local/lib/python3.12/site-packages/airflow/example_dags/tutorial_taskflow_api.py
[2024-07-04T09:55:25.817+0000] {logging_mixin.py:188} INFO - [2024-07-04T09:55:25.817+0000] {dag.py:3096} INFO - Sync 1 DAGs
[2024-07-04T09:55:25.846+0000] {logging_mixin.py:188} INFO - [2024-07-04T09:55:25.846+0000] {dag.py:3954} INFO - Setting next_dagrun for tutorial_taskflow_api to None, run_after=None
[2024-07-04T09:55:25.910+0000] {processor.py:183} INFO - Processing /home/airflow/.local/lib/python3.12/site-packages/airflow/example_dags/tutorial_taskflow_api.py took 0.237 seconds
[2024-07-04T09:55:56.077+0000] {processor.py:161} INFO - Started process (PID=2479) to work on /home/airflow/.local/lib/python3.12/site-packages/airflow/example_dags/tutorial_taskflow_api.py
[2024-07-04T09:55:56.079+0000] {processor.py:830} INFO - Processing file /home/airflow/.local/lib/python3.12/site-packages/airflow/example_dags/tutorial_taskflow_api.py for tasks to queue
[2024-07-04T09:55:56.081+0000] {logging_mixin.py:188} INFO - [2024-07-04T09:55:56.080+0000] {dagbag.py:545} INFO - Filling up the DagBag from /home/airflow/.local/lib/python3.12/site-packages/airflow/example_dags/tutorial_taskflow_api.py
[2024-07-04T09:55:56.087+0000] {processor.py:840} INFO - DAG(s) 'tutorial_taskflow_api' retrieved from /home/airflow/.local/lib/python3.12/site-packages/airflow/example_dags/tutorial_taskflow_api.py
[2024-07-04T09:55:56.107+0000] {logging_mixin.py:188} INFO - [2024-07-04T09:55:56.107+0000] {dag.py:3096} INFO - Sync 1 DAGs
[2024-07-04T09:55:56.118+0000] {logging_mixin.py:188} INFO - [2024-07-04T09:55:56.118+0000] {dag.py:3954} INFO - Setting next_dagrun for tutorial_taskflow_api to None, run_after=None
[2024-07-04T09:55:56.140+0000] {processor.py:183} INFO - Processing /home/airflow/.local/lib/python3.12/site-packages/airflow/example_dags/tutorial_taskflow_api.py took 0.068 seconds
[2024-07-04T09:56:26.916+0000] {processor.py:161} INFO - Started process (PID=2538) to work on /home/airflow/.local/lib/python3.12/site-packages/airflow/example_dags/tutorial_taskflow_api.py
[2024-07-04T09:56:26.918+0000] {processor.py:830} INFO - Processing file /home/airflow/.local/lib/python3.12/site-packages/airflow/example_dags/tutorial_taskflow_api.py for tasks to queue
[2024-07-04T09:56:26.920+0000] {logging_mixin.py:188} INFO - [2024-07-04T09:56:26.919+0000] {dagbag.py:545} INFO - Filling up the DagBag from /home/airflow/.local/lib/python3.12/site-packages/airflow/example_dags/tutorial_taskflow_api.py
[2024-07-04T09:56:26.927+0000] {processor.py:840} INFO - DAG(s) 'tutorial_taskflow_api' retrieved from /home/airflow/.local/lib/python3.12/site-packages/airflow/example_dags/tutorial_taskflow_api.py
[2024-07-04T09:56:26.950+0000] {logging_mixin.py:188} INFO - [2024-07-04T09:56:26.950+0000] {dag.py:3096} INFO - Sync 1 DAGs
[2024-07-04T09:56:26.964+0000] {logging_mixin.py:188} INFO - [2024-07-04T09:56:26.964+0000] {dag.py:3954} INFO - Setting next_dagrun for tutorial_taskflow_api to None, run_after=None
[2024-07-04T09:56:26.985+0000] {processor.py:183} INFO - Processing /home/airflow/.local/lib/python3.12/site-packages/airflow/example_dags/tutorial_taskflow_api.py took 0.075 seconds
[2024-07-04T09:56:57.690+0000] {processor.py:161} INFO - Started process (PID=2595) to work on /home/airflow/.local/lib/python3.12/site-packages/airflow/example_dags/tutorial_taskflow_api.py
[2024-07-04T09:56:57.691+0000] {processor.py:830} INFO - Processing file /home/airflow/.local/lib/python3.12/site-packages/airflow/example_dags/tutorial_taskflow_api.py for tasks to queue
[2024-07-04T09:56:57.694+0000] {logging_mixin.py:188} INFO - [2024-07-04T09:56:57.693+0000] {dagbag.py:545} INFO - Filling up the DagBag from /home/airflow/.local/lib/python3.12/site-packages/airflow/example_dags/tutorial_taskflow_api.py
[2024-07-04T09:56:57.700+0000] {processor.py:840} INFO - DAG(s) 'tutorial_taskflow_api' retrieved from /home/airflow/.local/lib/python3.12/site-packages/airflow/example_dags/tutorial_taskflow_api.py
[2024-07-04T09:56:57.721+0000] {logging_mixin.py:188} INFO - [2024-07-04T09:56:57.721+0000] {dag.py:3096} INFO - Sync 1 DAGs
[2024-07-04T09:56:57.734+0000] {logging_mixin.py:188} INFO - [2024-07-04T09:56:57.734+0000] {dag.py:3954} INFO - Setting next_dagrun for tutorial_taskflow_api to None, run_after=None
[2024-07-04T09:56:57.756+0000] {processor.py:183} INFO - Processing /home/airflow/.local/lib/python3.12/site-packages/airflow/example_dags/tutorial_taskflow_api.py took 0.071 seconds
[2024-07-04T09:57:28.289+0000] {processor.py:161} INFO - Started process (PID=2654) to work on /home/airflow/.local/lib/python3.12/site-packages/airflow/example_dags/tutorial_taskflow_api.py
[2024-07-04T09:57:28.290+0000] {processor.py:830} INFO - Processing file /home/airflow/.local/lib/python3.12/site-packages/airflow/example_dags/tutorial_taskflow_api.py for tasks to queue
[2024-07-04T09:57:28.292+0000] {logging_mixin.py:188} INFO - [2024-07-04T09:57:28.292+0000] {dagbag.py:545} INFO - Filling up the DagBag from /home/airflow/.local/lib/python3.12/site-packages/airflow/example_dags/tutorial_taskflow_api.py
[2024-07-04T09:57:28.301+0000] {processor.py:840} INFO - DAG(s) 'tutorial_taskflow_api' retrieved from /home/airflow/.local/lib/python3.12/site-packages/airflow/example_dags/tutorial_taskflow_api.py
[2024-07-04T09:57:28.319+0000] {logging_mixin.py:188} INFO - [2024-07-04T09:57:28.319+0000] {dag.py:3096} INFO - Sync 1 DAGs
[2024-07-04T09:57:28.332+0000] {logging_mixin.py:188} INFO - [2024-07-04T09:57:28.332+0000] {dag.py:3954} INFO - Setting next_dagrun for tutorial_taskflow_api to None, run_after=None
[2024-07-04T09:57:28.358+0000] {processor.py:183} INFO - Processing /home/airflow/.local/lib/python3.12/site-packages/airflow/example_dags/tutorial_taskflow_api.py took 0.074 seconds
[2024-07-04T09:57:59.373+0000] {processor.py:161} INFO - Started process (PID=2714) to work on /home/airflow/.local/lib/python3.12/site-packages/airflow/example_dags/tutorial_taskflow_api.py
[2024-07-04T09:57:59.374+0000] {processor.py:830} INFO - Processing file /home/airflow/.local/lib/python3.12/site-packages/airflow/example_dags/tutorial_taskflow_api.py for tasks to queue
[2024-07-04T09:57:59.377+0000] {logging_mixin.py:188} INFO - [2024-07-04T09:57:59.376+0000] {dagbag.py:545} INFO - Filling up the DagBag from /home/airflow/.local/lib/python3.12/site-packages/airflow/example_dags/tutorial_taskflow_api.py
[2024-07-04T09:57:59.383+0000] {processor.py:840} INFO - DAG(s) 'tutorial_taskflow_api' retrieved from /home/airflow/.local/lib/python3.12/site-packages/airflow/example_dags/tutorial_taskflow_api.py
[2024-07-04T09:57:59.408+0000] {logging_mixin.py:188} INFO - [2024-07-04T09:57:59.408+0000] {dag.py:3096} INFO - Sync 1 DAGs
[2024-07-04T09:57:59.423+0000] {logging_mixin.py:188} INFO - [2024-07-04T09:57:59.423+0000] {dag.py:3954} INFO - Setting next_dagrun for tutorial_taskflow_api to None, run_after=None
[2024-07-04T09:57:59.449+0000] {processor.py:183} INFO - Processing /home/airflow/.local/lib/python3.12/site-packages/airflow/example_dags/tutorial_taskflow_api.py took 0.088 seconds
[2024-07-04T09:58:29.571+0000] {processor.py:161} INFO - Started process (PID=2773) to work on /home/airflow/.local/lib/python3.12/site-packages/airflow/example_dags/tutorial_taskflow_api.py
[2024-07-04T09:58:29.572+0000] {processor.py:830} INFO - Processing file /home/airflow/.local/lib/python3.12/site-packages/airflow/example_dags/tutorial_taskflow_api.py for tasks to queue
[2024-07-04T09:58:29.575+0000] {logging_mixin.py:188} INFO - [2024-07-04T09:58:29.574+0000] {dagbag.py:545} INFO - Filling up the DagBag from /home/airflow/.local/lib/python3.12/site-packages/airflow/example_dags/tutorial_taskflow_api.py
[2024-07-04T09:58:29.581+0000] {processor.py:840} INFO - DAG(s) 'tutorial_taskflow_api' retrieved from /home/airflow/.local/lib/python3.12/site-packages/airflow/example_dags/tutorial_taskflow_api.py
[2024-07-04T09:58:29.605+0000] {logging_mixin.py:188} INFO - [2024-07-04T09:58:29.604+0000] {dag.py:3096} INFO - Sync 1 DAGs
[2024-07-04T09:58:29.616+0000] {logging_mixin.py:188} INFO - [2024-07-04T09:58:29.615+0000] {dag.py:3954} INFO - Setting next_dagrun for tutorial_taskflow_api to None, run_after=None
[2024-07-04T09:58:29.636+0000] {processor.py:183} INFO - Processing /home/airflow/.local/lib/python3.12/site-packages/airflow/example_dags/tutorial_taskflow_api.py took 0.070 seconds
[2024-07-04T09:58:59.711+0000] {processor.py:161} INFO - Started process (PID=2833) to work on /home/airflow/.local/lib/python3.12/site-packages/airflow/example_dags/tutorial_taskflow_api.py
[2024-07-04T09:58:59.712+0000] {processor.py:830} INFO - Processing file /home/airflow/.local/lib/python3.12/site-packages/airflow/example_dags/tutorial_taskflow_api.py for tasks to queue
[2024-07-04T09:58:59.715+0000] {logging_mixin.py:188} INFO - [2024-07-04T09:58:59.714+0000] {dagbag.py:545} INFO - Filling up the DagBag from /home/airflow/.local/lib/python3.12/site-packages/airflow/example_dags/tutorial_taskflow_api.py
[2024-07-04T09:58:59.721+0000] {processor.py:840} INFO - DAG(s) 'tutorial_taskflow_api' retrieved from /home/airflow/.local/lib/python3.12/site-packages/airflow/example_dags/tutorial_taskflow_api.py
[2024-07-04T09:58:59.760+0000] {logging_mixin.py:188} INFO - [2024-07-04T09:58:59.760+0000] {dag.py:3096} INFO - Sync 1 DAGs
[2024-07-04T09:58:59.790+0000] {logging_mixin.py:188} INFO - [2024-07-04T09:58:59.790+0000] {dag.py:3954} INFO - Setting next_dagrun for tutorial_taskflow_api to None, run_after=None
[2024-07-04T09:58:59.821+0000] {processor.py:183} INFO - Processing /home/airflow/.local/lib/python3.12/site-packages/airflow/example_dags/tutorial_taskflow_api.py took 0.116 seconds
[2024-07-04T09:59:30.295+0000] {processor.py:161} INFO - Started process (PID=2892) to work on /home/airflow/.local/lib/python3.12/site-packages/airflow/example_dags/tutorial_taskflow_api.py
[2024-07-04T09:59:30.328+0000] {processor.py:830} INFO - Processing file /home/airflow/.local/lib/python3.12/site-packages/airflow/example_dags/tutorial_taskflow_api.py for tasks to queue
[2024-07-04T09:59:30.410+0000] {logging_mixin.py:188} INFO - [2024-07-04T09:59:30.410+0000] {dagbag.py:545} INFO - Filling up the DagBag from /home/airflow/.local/lib/python3.12/site-packages/airflow/example_dags/tutorial_taskflow_api.py
[2024-07-04T09:59:30.533+0000] {processor.py:840} INFO - DAG(s) 'tutorial_taskflow_api' retrieved from /home/airflow/.local/lib/python3.12/site-packages/airflow/example_dags/tutorial_taskflow_api.py
[2024-07-04T09:59:31.302+0000] {logging_mixin.py:188} INFO - [2024-07-04T09:59:31.301+0000] {dag.py:3096} INFO - Sync 1 DAGs
[2024-07-04T09:59:35.899+0000] {logging_mixin.py:188} INFO - [2024-07-04T09:59:35.885+0000] {dag.py:3954} INFO - Setting next_dagrun for tutorial_taskflow_api to None, run_after=None
[2024-07-04T09:59:37.616+0000] {processor.py:183} INFO - Processing /home/airflow/.local/lib/python3.12/site-packages/airflow/example_dags/tutorial_taskflow_api.py took 7.340 seconds
[2024-07-04T10:00:08.115+0000] {processor.py:161} INFO - Started process (PID=2950) to work on /home/airflow/.local/lib/python3.12/site-packages/airflow/example_dags/tutorial_taskflow_api.py
[2024-07-04T10:00:08.118+0000] {processor.py:830} INFO - Processing file /home/airflow/.local/lib/python3.12/site-packages/airflow/example_dags/tutorial_taskflow_api.py for tasks to queue
[2024-07-04T10:00:08.135+0000] {logging_mixin.py:188} INFO - [2024-07-04T10:00:08.134+0000] {dagbag.py:545} INFO - Filling up the DagBag from /home/airflow/.local/lib/python3.12/site-packages/airflow/example_dags/tutorial_taskflow_api.py
[2024-07-04T10:00:08.197+0000] {processor.py:840} INFO - DAG(s) 'tutorial_taskflow_api' retrieved from /home/airflow/.local/lib/python3.12/site-packages/airflow/example_dags/tutorial_taskflow_api.py
[2024-07-04T10:00:08.366+0000] {logging_mixin.py:188} INFO - [2024-07-04T10:00:08.362+0000] {dag.py:3096} INFO - Sync 1 DAGs
[2024-07-04T10:00:08.471+0000] {logging_mixin.py:188} INFO - [2024-07-04T10:00:08.471+0000] {dag.py:3954} INFO - Setting next_dagrun for tutorial_taskflow_api to None, run_after=None
[2024-07-04T10:00:08.550+0000] {processor.py:183} INFO - Processing /home/airflow/.local/lib/python3.12/site-packages/airflow/example_dags/tutorial_taskflow_api.py took 0.464 seconds
[2024-07-04T10:00:39.171+0000] {processor.py:161} INFO - Started process (PID=3010) to work on /home/airflow/.local/lib/python3.12/site-packages/airflow/example_dags/tutorial_taskflow_api.py
[2024-07-04T10:00:39.173+0000] {processor.py:830} INFO - Processing file /home/airflow/.local/lib/python3.12/site-packages/airflow/example_dags/tutorial_taskflow_api.py for tasks to queue
[2024-07-04T10:00:39.175+0000] {logging_mixin.py:188} INFO - [2024-07-04T10:00:39.175+0000] {dagbag.py:545} INFO - Filling up the DagBag from /home/airflow/.local/lib/python3.12/site-packages/airflow/example_dags/tutorial_taskflow_api.py
[2024-07-04T10:00:39.182+0000] {processor.py:840} INFO - DAG(s) 'tutorial_taskflow_api' retrieved from /home/airflow/.local/lib/python3.12/site-packages/airflow/example_dags/tutorial_taskflow_api.py
[2024-07-04T10:00:39.207+0000] {logging_mixin.py:188} INFO - [2024-07-04T10:00:39.206+0000] {dag.py:3096} INFO - Sync 1 DAGs
[2024-07-04T10:00:39.222+0000] {logging_mixin.py:188} INFO - [2024-07-04T10:00:39.222+0000] {dag.py:3954} INFO - Setting next_dagrun for tutorial_taskflow_api to None, run_after=None
[2024-07-04T10:00:39.241+0000] {processor.py:183} INFO - Processing /home/airflow/.local/lib/python3.12/site-packages/airflow/example_dags/tutorial_taskflow_api.py took 0.076 seconds
[2024-07-04T10:01:09.458+0000] {processor.py:161} INFO - Started process (PID=3071) to work on /home/airflow/.local/lib/python3.12/site-packages/airflow/example_dags/tutorial_taskflow_api.py
[2024-07-04T10:01:09.465+0000] {processor.py:830} INFO - Processing file /home/airflow/.local/lib/python3.12/site-packages/airflow/example_dags/tutorial_taskflow_api.py for tasks to queue
[2024-07-04T10:01:09.468+0000] {logging_mixin.py:188} INFO - [2024-07-04T10:01:09.468+0000] {dagbag.py:545} INFO - Filling up the DagBag from /home/airflow/.local/lib/python3.12/site-packages/airflow/example_dags/tutorial_taskflow_api.py
[2024-07-04T10:01:09.487+0000] {processor.py:840} INFO - DAG(s) 'tutorial_taskflow_api' retrieved from /home/airflow/.local/lib/python3.12/site-packages/airflow/example_dags/tutorial_taskflow_api.py
[2024-07-04T10:01:09.568+0000] {logging_mixin.py:188} INFO - [2024-07-04T10:01:09.567+0000] {dag.py:3096} INFO - Sync 1 DAGs
[2024-07-04T10:01:09.606+0000] {logging_mixin.py:188} INFO - [2024-07-04T10:01:09.606+0000] {dag.py:3954} INFO - Setting next_dagrun for tutorial_taskflow_api to None, run_after=None
[2024-07-04T10:01:09.658+0000] {processor.py:183} INFO - Processing /home/airflow/.local/lib/python3.12/site-packages/airflow/example_dags/tutorial_taskflow_api.py took 0.210 seconds
[2024-07-04T10:01:39.912+0000] {processor.py:161} INFO - Started process (PID=3130) to work on /home/airflow/.local/lib/python3.12/site-packages/airflow/example_dags/tutorial_taskflow_api.py
[2024-07-04T10:01:39.913+0000] {processor.py:830} INFO - Processing file /home/airflow/.local/lib/python3.12/site-packages/airflow/example_dags/tutorial_taskflow_api.py for tasks to queue
[2024-07-04T10:01:39.916+0000] {logging_mixin.py:188} INFO - [2024-07-04T10:01:39.916+0000] {dagbag.py:545} INFO - Filling up the DagBag from /home/airflow/.local/lib/python3.12/site-packages/airflow/example_dags/tutorial_taskflow_api.py
[2024-07-04T10:01:39.923+0000] {processor.py:840} INFO - DAG(s) 'tutorial_taskflow_api' retrieved from /home/airflow/.local/lib/python3.12/site-packages/airflow/example_dags/tutorial_taskflow_api.py
[2024-07-04T10:01:39.942+0000] {logging_mixin.py:188} INFO - [2024-07-04T10:01:39.942+0000] {dag.py:3096} INFO - Sync 1 DAGs
[2024-07-04T10:01:39.956+0000] {logging_mixin.py:188} INFO - [2024-07-04T10:01:39.956+0000] {dag.py:3954} INFO - Setting next_dagrun for tutorial_taskflow_api to None, run_after=None
[2024-07-04T10:01:39.978+0000] {processor.py:183} INFO - Processing /home/airflow/.local/lib/python3.12/site-packages/airflow/example_dags/tutorial_taskflow_api.py took 0.072 seconds
[2024-07-04T10:02:10.383+0000] {processor.py:161} INFO - Started process (PID=3190) to work on /home/airflow/.local/lib/python3.12/site-packages/airflow/example_dags/tutorial_taskflow_api.py
[2024-07-04T10:02:10.384+0000] {processor.py:830} INFO - Processing file /home/airflow/.local/lib/python3.12/site-packages/airflow/example_dags/tutorial_taskflow_api.py for tasks to queue
[2024-07-04T10:02:10.386+0000] {logging_mixin.py:188} INFO - [2024-07-04T10:02:10.386+0000] {dagbag.py:545} INFO - Filling up the DagBag from /home/airflow/.local/lib/python3.12/site-packages/airflow/example_dags/tutorial_taskflow_api.py
[2024-07-04T10:02:10.392+0000] {processor.py:840} INFO - DAG(s) 'tutorial_taskflow_api' retrieved from /home/airflow/.local/lib/python3.12/site-packages/airflow/example_dags/tutorial_taskflow_api.py
[2024-07-04T10:02:10.411+0000] {logging_mixin.py:188} INFO - [2024-07-04T10:02:10.410+0000] {dag.py:3096} INFO - Sync 1 DAGs
[2024-07-04T10:02:10.423+0000] {logging_mixin.py:188} INFO - [2024-07-04T10:02:10.423+0000] {dag.py:3954} INFO - Setting next_dagrun for tutorial_taskflow_api to None, run_after=None
[2024-07-04T10:02:10.446+0000] {processor.py:183} INFO - Processing /home/airflow/.local/lib/python3.12/site-packages/airflow/example_dags/tutorial_taskflow_api.py took 0.070 seconds
[2024-07-04T10:02:40.567+0000] {processor.py:161} INFO - Started process (PID=3249) to work on /home/airflow/.local/lib/python3.12/site-packages/airflow/example_dags/tutorial_taskflow_api.py
[2024-07-04T10:02:40.570+0000] {processor.py:830} INFO - Processing file /home/airflow/.local/lib/python3.12/site-packages/airflow/example_dags/tutorial_taskflow_api.py for tasks to queue
[2024-07-04T10:02:40.575+0000] {logging_mixin.py:188} INFO - [2024-07-04T10:02:40.574+0000] {dagbag.py:545} INFO - Filling up the DagBag from /home/airflow/.local/lib/python3.12/site-packages/airflow/example_dags/tutorial_taskflow_api.py
[2024-07-04T10:02:40.585+0000] {processor.py:840} INFO - DAG(s) 'tutorial_taskflow_api' retrieved from /home/airflow/.local/lib/python3.12/site-packages/airflow/example_dags/tutorial_taskflow_api.py
[2024-07-04T10:02:40.608+0000] {logging_mixin.py:188} INFO - [2024-07-04T10:02:40.607+0000] {dag.py:3096} INFO - Sync 1 DAGs
[2024-07-04T10:02:40.620+0000] {logging_mixin.py:188} INFO - [2024-07-04T10:02:40.620+0000] {dag.py:3954} INFO - Setting next_dagrun for tutorial_taskflow_api to None, run_after=None
[2024-07-04T10:02:40.639+0000] {processor.py:183} INFO - Processing /home/airflow/.local/lib/python3.12/site-packages/airflow/example_dags/tutorial_taskflow_api.py took 0.078 seconds
[2024-07-04T10:03:11.436+0000] {processor.py:161} INFO - Started process (PID=3309) to work on /home/airflow/.local/lib/python3.12/site-packages/airflow/example_dags/tutorial_taskflow_api.py
[2024-07-04T10:03:11.437+0000] {processor.py:830} INFO - Processing file /home/airflow/.local/lib/python3.12/site-packages/airflow/example_dags/tutorial_taskflow_api.py for tasks to queue
[2024-07-04T10:03:11.439+0000] {logging_mixin.py:188} INFO - [2024-07-04T10:03:11.439+0000] {dagbag.py:545} INFO - Filling up the DagBag from /home/airflow/.local/lib/python3.12/site-packages/airflow/example_dags/tutorial_taskflow_api.py
[2024-07-04T10:03:11.445+0000] {processor.py:840} INFO - DAG(s) 'tutorial_taskflow_api' retrieved from /home/airflow/.local/lib/python3.12/site-packages/airflow/example_dags/tutorial_taskflow_api.py
[2024-07-04T10:03:11.465+0000] {logging_mixin.py:188} INFO - [2024-07-04T10:03:11.464+0000] {dag.py:3096} INFO - Sync 1 DAGs
[2024-07-04T10:03:11.480+0000] {logging_mixin.py:188} INFO - [2024-07-04T10:03:11.480+0000] {dag.py:3954} INFO - Setting next_dagrun for tutorial_taskflow_api to None, run_after=None
[2024-07-04T10:03:11.503+0000] {processor.py:183} INFO - Processing /home/airflow/.local/lib/python3.12/site-packages/airflow/example_dags/tutorial_taskflow_api.py took 0.074 seconds
[2024-07-04T10:03:41.812+0000] {processor.py:161} INFO - Started process (PID=3368) to work on /home/airflow/.local/lib/python3.12/site-packages/airflow/example_dags/tutorial_taskflow_api.py
[2024-07-04T10:03:41.824+0000] {processor.py:830} INFO - Processing file /home/airflow/.local/lib/python3.12/site-packages/airflow/example_dags/tutorial_taskflow_api.py for tasks to queue
[2024-07-04T10:03:41.832+0000] {logging_mixin.py:188} INFO - [2024-07-04T10:03:41.831+0000] {dagbag.py:545} INFO - Filling up the DagBag from /home/airflow/.local/lib/python3.12/site-packages/airflow/example_dags/tutorial_taskflow_api.py
[2024-07-04T10:03:41.855+0000] {processor.py:840} INFO - DAG(s) 'tutorial_taskflow_api' retrieved from /home/airflow/.local/lib/python3.12/site-packages/airflow/example_dags/tutorial_taskflow_api.py
[2024-07-04T10:03:41.958+0000] {logging_mixin.py:188} INFO - [2024-07-04T10:03:41.956+0000] {dag.py:3096} INFO - Sync 1 DAGs
[2024-07-04T10:03:42.024+0000] {logging_mixin.py:188} INFO - [2024-07-04T10:03:42.024+0000] {dag.py:3954} INFO - Setting next_dagrun for tutorial_taskflow_api to None, run_after=None
[2024-07-04T10:03:42.106+0000] {processor.py:183} INFO - Processing /home/airflow/.local/lib/python3.12/site-packages/airflow/example_dags/tutorial_taskflow_api.py took 0.346 seconds
