[2024-07-04T09:35:04.137+0000] {processor.py:161} INFO - Started process (PID=77) to work on /home/airflow/.local/lib/python3.12/site-packages/airflow/example_dags/example_branch_operator.py
[2024-07-04T09:35:04.139+0000] {processor.py:830} INFO - Processing file /home/airflow/.local/lib/python3.12/site-packages/airflow/example_dags/example_branch_operator.py for tasks to queue
[2024-07-04T09:35:04.144+0000] {logging_mixin.py:188} INFO - [2024-07-04T09:35:04.143+0000] {dagbag.py:545} INFO - Filling up the DagBag from /home/airflow/.local/lib/python3.12/site-packages/airflow/example_dags/example_branch_operator.py
[2024-07-04T09:35:04.223+0000] {processor.py:840} INFO - DAG(s) 'example_branch_operator' retrieved from /home/airflow/.local/lib/python3.12/site-packages/airflow/example_dags/example_branch_operator.py
[2024-07-04T09:35:04.801+0000] {logging_mixin.py:188} INFO - [2024-07-04T09:35:04.800+0000] {dag.py:3096} INFO - Sync 1 DAGs
[2024-07-04T09:35:04.899+0000] {logging_mixin.py:188} INFO - [2024-07-04T09:35:04.899+0000] {dag.py:3954} INFO - Setting next_dagrun for example_branch_operator to 2024-07-03 00:00:00+00:00, run_after=2024-07-04 00:00:00+00:00
[2024-07-04T09:35:04.999+0000] {processor.py:183} INFO - Processing /home/airflow/.local/lib/python3.12/site-packages/airflow/example_dags/example_branch_operator.py took 0.874 seconds
[2024-07-04T09:35:35.381+0000] {processor.py:161} INFO - Started process (PID=136) to work on /home/airflow/.local/lib/python3.12/site-packages/airflow/example_dags/example_branch_operator.py
[2024-07-04T09:35:35.382+0000] {processor.py:830} INFO - Processing file /home/airflow/.local/lib/python3.12/site-packages/airflow/example_dags/example_branch_operator.py for tasks to queue
[2024-07-04T09:35:35.385+0000] {logging_mixin.py:188} INFO - [2024-07-04T09:35:35.384+0000] {dagbag.py:545} INFO - Filling up the DagBag from /home/airflow/.local/lib/python3.12/site-packages/airflow/example_dags/example_branch_operator.py
[2024-07-04T09:35:35.402+0000] {processor.py:840} INFO - DAG(s) 'example_branch_operator' retrieved from /home/airflow/.local/lib/python3.12/site-packages/airflow/example_dags/example_branch_operator.py
[2024-07-04T09:35:35.436+0000] {logging_mixin.py:188} INFO - [2024-07-04T09:35:35.436+0000] {dag.py:3096} INFO - Sync 1 DAGs
[2024-07-04T09:35:35.464+0000] {logging_mixin.py:188} INFO - [2024-07-04T09:35:35.464+0000] {dag.py:3954} INFO - Setting next_dagrun for example_branch_operator to 2024-07-03 00:00:00+00:00, run_after=2024-07-04 00:00:00+00:00
[2024-07-04T09:35:35.485+0000] {processor.py:183} INFO - Processing /home/airflow/.local/lib/python3.12/site-packages/airflow/example_dags/example_branch_operator.py took 0.109 seconds
[2024-07-04T09:36:05.785+0000] {processor.py:161} INFO - Started process (PID=195) to work on /home/airflow/.local/lib/python3.12/site-packages/airflow/example_dags/example_branch_operator.py
[2024-07-04T09:36:05.787+0000] {processor.py:830} INFO - Processing file /home/airflow/.local/lib/python3.12/site-packages/airflow/example_dags/example_branch_operator.py for tasks to queue
[2024-07-04T09:36:05.793+0000] {logging_mixin.py:188} INFO - [2024-07-04T09:36:05.792+0000] {dagbag.py:545} INFO - Filling up the DagBag from /home/airflow/.local/lib/python3.12/site-packages/airflow/example_dags/example_branch_operator.py
[2024-07-04T09:36:05.847+0000] {processor.py:840} INFO - DAG(s) 'example_branch_operator' retrieved from /home/airflow/.local/lib/python3.12/site-packages/airflow/example_dags/example_branch_operator.py
[2024-07-04T09:36:05.902+0000] {logging_mixin.py:188} INFO - [2024-07-04T09:36:05.902+0000] {dag.py:3096} INFO - Sync 1 DAGs
[2024-07-04T09:36:05.939+0000] {logging_mixin.py:188} INFO - [2024-07-04T09:36:05.939+0000] {dag.py:3954} INFO - Setting next_dagrun for example_branch_operator to 2024-07-03 00:00:00+00:00, run_after=2024-07-04 00:00:00+00:00
[2024-07-04T09:36:05.983+0000] {processor.py:183} INFO - Processing /home/airflow/.local/lib/python3.12/site-packages/airflow/example_dags/example_branch_operator.py took 0.207 seconds
[2024-07-04T09:36:36.406+0000] {processor.py:161} INFO - Started process (PID=254) to work on /home/airflow/.local/lib/python3.12/site-packages/airflow/example_dags/example_branch_operator.py
[2024-07-04T09:36:36.408+0000] {processor.py:830} INFO - Processing file /home/airflow/.local/lib/python3.12/site-packages/airflow/example_dags/example_branch_operator.py for tasks to queue
[2024-07-04T09:36:36.411+0000] {logging_mixin.py:188} INFO - [2024-07-04T09:36:36.410+0000] {dagbag.py:545} INFO - Filling up the DagBag from /home/airflow/.local/lib/python3.12/site-packages/airflow/example_dags/example_branch_operator.py
[2024-07-04T09:36:36.435+0000] {processor.py:840} INFO - DAG(s) 'example_branch_operator' retrieved from /home/airflow/.local/lib/python3.12/site-packages/airflow/example_dags/example_branch_operator.py
[2024-07-04T09:36:36.484+0000] {logging_mixin.py:188} INFO - [2024-07-04T09:36:36.484+0000] {dag.py:3096} INFO - Sync 1 DAGs
[2024-07-04T09:36:36.522+0000] {logging_mixin.py:188} INFO - [2024-07-04T09:36:36.522+0000] {dag.py:3954} INFO - Setting next_dagrun for example_branch_operator to 2024-07-03 00:00:00+00:00, run_after=2024-07-04 00:00:00+00:00
[2024-07-04T09:36:36.545+0000] {processor.py:183} INFO - Processing /home/airflow/.local/lib/python3.12/site-packages/airflow/example_dags/example_branch_operator.py took 0.144 seconds
[2024-07-04T09:37:07.065+0000] {processor.py:161} INFO - Started process (PID=313) to work on /home/airflow/.local/lib/python3.12/site-packages/airflow/example_dags/example_branch_operator.py
[2024-07-04T09:37:07.066+0000] {processor.py:830} INFO - Processing file /home/airflow/.local/lib/python3.12/site-packages/airflow/example_dags/example_branch_operator.py for tasks to queue
[2024-07-04T09:37:07.068+0000] {logging_mixin.py:188} INFO - [2024-07-04T09:37:07.067+0000] {dagbag.py:545} INFO - Filling up the DagBag from /home/airflow/.local/lib/python3.12/site-packages/airflow/example_dags/example_branch_operator.py
[2024-07-04T09:37:07.084+0000] {processor.py:840} INFO - DAG(s) 'example_branch_operator' retrieved from /home/airflow/.local/lib/python3.12/site-packages/airflow/example_dags/example_branch_operator.py
[2024-07-04T09:37:07.120+0000] {logging_mixin.py:188} INFO - [2024-07-04T09:37:07.119+0000] {dag.py:3096} INFO - Sync 1 DAGs
[2024-07-04T09:37:07.146+0000] {logging_mixin.py:188} INFO - [2024-07-04T09:37:07.146+0000] {dag.py:3954} INFO - Setting next_dagrun for example_branch_operator to 2024-07-03 00:00:00+00:00, run_after=2024-07-04 00:00:00+00:00
[2024-07-04T09:37:07.167+0000] {processor.py:183} INFO - Processing /home/airflow/.local/lib/python3.12/site-packages/airflow/example_dags/example_branch_operator.py took 0.108 seconds
[2024-07-04T09:37:37.310+0000] {processor.py:161} INFO - Started process (PID=372) to work on /home/airflow/.local/lib/python3.12/site-packages/airflow/example_dags/example_branch_operator.py
[2024-07-04T09:37:37.313+0000] {processor.py:830} INFO - Processing file /home/airflow/.local/lib/python3.12/site-packages/airflow/example_dags/example_branch_operator.py for tasks to queue
[2024-07-04T09:37:37.320+0000] {logging_mixin.py:188} INFO - [2024-07-04T09:37:37.319+0000] {dagbag.py:545} INFO - Filling up the DagBag from /home/airflow/.local/lib/python3.12/site-packages/airflow/example_dags/example_branch_operator.py
[2024-07-04T09:37:37.349+0000] {processor.py:840} INFO - DAG(s) 'example_branch_operator' retrieved from /home/airflow/.local/lib/python3.12/site-packages/airflow/example_dags/example_branch_operator.py
[2024-07-04T09:37:37.409+0000] {logging_mixin.py:188} INFO - [2024-07-04T09:37:37.409+0000] {dag.py:3096} INFO - Sync 1 DAGs
[2024-07-04T09:37:37.449+0000] {logging_mixin.py:188} INFO - [2024-07-04T09:37:37.448+0000] {dag.py:3954} INFO - Setting next_dagrun for example_branch_operator to 2024-07-03 00:00:00+00:00, run_after=2024-07-04 00:00:00+00:00
[2024-07-04T09:37:37.475+0000] {processor.py:183} INFO - Processing /home/airflow/.local/lib/python3.12/site-packages/airflow/example_dags/example_branch_operator.py took 0.170 seconds
[2024-07-04T09:38:08.244+0000] {processor.py:161} INFO - Started process (PID=429) to work on /home/airflow/.local/lib/python3.12/site-packages/airflow/example_dags/example_branch_operator.py
[2024-07-04T09:38:08.256+0000] {processor.py:830} INFO - Processing file /home/airflow/.local/lib/python3.12/site-packages/airflow/example_dags/example_branch_operator.py for tasks to queue
[2024-07-04T09:38:08.264+0000] {logging_mixin.py:188} INFO - [2024-07-04T09:38:08.263+0000] {dagbag.py:545} INFO - Filling up the DagBag from /home/airflow/.local/lib/python3.12/site-packages/airflow/example_dags/example_branch_operator.py
[2024-07-04T09:38:08.326+0000] {processor.py:840} INFO - DAG(s) 'example_branch_operator' retrieved from /home/airflow/.local/lib/python3.12/site-packages/airflow/example_dags/example_branch_operator.py
[2024-07-04T09:38:08.403+0000] {logging_mixin.py:188} INFO - [2024-07-04T09:38:08.403+0000] {dag.py:3096} INFO - Sync 1 DAGs
[2024-07-04T09:38:08.481+0000] {logging_mixin.py:188} INFO - [2024-07-04T09:38:08.480+0000] {dag.py:3954} INFO - Setting next_dagrun for example_branch_operator to 2024-07-03 00:00:00+00:00, run_after=2024-07-04 00:00:00+00:00
[2024-07-04T09:38:08.547+0000] {processor.py:183} INFO - Processing /home/airflow/.local/lib/python3.12/site-packages/airflow/example_dags/example_branch_operator.py took 0.309 seconds
[2024-07-04T09:38:39.060+0000] {processor.py:161} INFO - Started process (PID=489) to work on /home/airflow/.local/lib/python3.12/site-packages/airflow/example_dags/example_branch_operator.py
[2024-07-04T09:38:39.061+0000] {processor.py:830} INFO - Processing file /home/airflow/.local/lib/python3.12/site-packages/airflow/example_dags/example_branch_operator.py for tasks to queue
[2024-07-04T09:38:39.063+0000] {logging_mixin.py:188} INFO - [2024-07-04T09:38:39.062+0000] {dagbag.py:545} INFO - Filling up the DagBag from /home/airflow/.local/lib/python3.12/site-packages/airflow/example_dags/example_branch_operator.py
[2024-07-04T09:38:39.078+0000] {processor.py:840} INFO - DAG(s) 'example_branch_operator' retrieved from /home/airflow/.local/lib/python3.12/site-packages/airflow/example_dags/example_branch_operator.py
[2024-07-04T09:38:39.104+0000] {logging_mixin.py:188} INFO - [2024-07-04T09:38:39.104+0000] {dag.py:3096} INFO - Sync 1 DAGs
[2024-07-04T09:38:39.126+0000] {logging_mixin.py:188} INFO - [2024-07-04T09:38:39.125+0000] {dag.py:3954} INFO - Setting next_dagrun for example_branch_operator to 2024-07-03 00:00:00+00:00, run_after=2024-07-04 00:00:00+00:00
[2024-07-04T09:38:39.145+0000] {processor.py:183} INFO - Processing /home/airflow/.local/lib/python3.12/site-packages/airflow/example_dags/example_branch_operator.py took 0.092 seconds
[2024-07-04T09:39:09.911+0000] {processor.py:161} INFO - Started process (PID=548) to work on /home/airflow/.local/lib/python3.12/site-packages/airflow/example_dags/example_branch_operator.py
[2024-07-04T09:39:09.912+0000] {processor.py:830} INFO - Processing file /home/airflow/.local/lib/python3.12/site-packages/airflow/example_dags/example_branch_operator.py for tasks to queue
[2024-07-04T09:39:09.914+0000] {logging_mixin.py:188} INFO - [2024-07-04T09:39:09.914+0000] {dagbag.py:545} INFO - Filling up the DagBag from /home/airflow/.local/lib/python3.12/site-packages/airflow/example_dags/example_branch_operator.py
[2024-07-04T09:39:09.945+0000] {processor.py:840} INFO - DAG(s) 'example_branch_operator' retrieved from /home/airflow/.local/lib/python3.12/site-packages/airflow/example_dags/example_branch_operator.py
[2024-07-04T09:39:09.996+0000] {logging_mixin.py:188} INFO - [2024-07-04T09:39:09.996+0000] {dag.py:3096} INFO - Sync 1 DAGs
[2024-07-04T09:39:10.034+0000] {logging_mixin.py:188} INFO - [2024-07-04T09:39:10.034+0000] {dag.py:3954} INFO - Setting next_dagrun for example_branch_operator to 2024-07-03 00:00:00+00:00, run_after=2024-07-04 00:00:00+00:00
[2024-07-04T09:39:10.068+0000] {processor.py:183} INFO - Processing /home/airflow/.local/lib/python3.12/site-packages/airflow/example_dags/example_branch_operator.py took 0.163 seconds
[2024-07-04T09:39:40.619+0000] {processor.py:161} INFO - Started process (PID=607) to work on /home/airflow/.local/lib/python3.12/site-packages/airflow/example_dags/example_branch_operator.py
[2024-07-04T09:39:40.620+0000] {processor.py:830} INFO - Processing file /home/airflow/.local/lib/python3.12/site-packages/airflow/example_dags/example_branch_operator.py for tasks to queue
[2024-07-04T09:39:40.622+0000] {logging_mixin.py:188} INFO - [2024-07-04T09:39:40.621+0000] {dagbag.py:545} INFO - Filling up the DagBag from /home/airflow/.local/lib/python3.12/site-packages/airflow/example_dags/example_branch_operator.py
[2024-07-04T09:39:40.637+0000] {processor.py:840} INFO - DAG(s) 'example_branch_operator' retrieved from /home/airflow/.local/lib/python3.12/site-packages/airflow/example_dags/example_branch_operator.py
[2024-07-04T09:39:40.663+0000] {logging_mixin.py:188} INFO - [2024-07-04T09:39:40.662+0000] {dag.py:3096} INFO - Sync 1 DAGs
[2024-07-04T09:39:40.684+0000] {logging_mixin.py:188} INFO - [2024-07-04T09:39:40.684+0000] {dag.py:3954} INFO - Setting next_dagrun for example_branch_operator to 2024-07-03 00:00:00+00:00, run_after=2024-07-04 00:00:00+00:00
[2024-07-04T09:39:40.703+0000] {processor.py:183} INFO - Processing /home/airflow/.local/lib/python3.12/site-packages/airflow/example_dags/example_branch_operator.py took 0.089 seconds
[2024-07-04T09:40:10.958+0000] {processor.py:161} INFO - Started process (PID=666) to work on /home/airflow/.local/lib/python3.12/site-packages/airflow/example_dags/example_branch_operator.py
[2024-07-04T09:40:10.959+0000] {processor.py:830} INFO - Processing file /home/airflow/.local/lib/python3.12/site-packages/airflow/example_dags/example_branch_operator.py for tasks to queue
[2024-07-04T09:40:10.961+0000] {logging_mixin.py:188} INFO - [2024-07-04T09:40:10.961+0000] {dagbag.py:545} INFO - Filling up the DagBag from /home/airflow/.local/lib/python3.12/site-packages/airflow/example_dags/example_branch_operator.py
[2024-07-04T09:40:10.979+0000] {processor.py:840} INFO - DAG(s) 'example_branch_operator' retrieved from /home/airflow/.local/lib/python3.12/site-packages/airflow/example_dags/example_branch_operator.py
[2024-07-04T09:40:11.006+0000] {logging_mixin.py:188} INFO - [2024-07-04T09:40:11.006+0000] {dag.py:3096} INFO - Sync 1 DAGs
[2024-07-04T09:40:11.027+0000] {logging_mixin.py:188} INFO - [2024-07-04T09:40:11.027+0000] {dag.py:3954} INFO - Setting next_dagrun for example_branch_operator to 2024-07-03 00:00:00+00:00, run_after=2024-07-04 00:00:00+00:00
[2024-07-04T09:40:11.044+0000] {processor.py:183} INFO - Processing /home/airflow/.local/lib/python3.12/site-packages/airflow/example_dags/example_branch_operator.py took 0.091 seconds
[2024-07-04T09:40:41.165+0000] {processor.py:161} INFO - Started process (PID=725) to work on /home/airflow/.local/lib/python3.12/site-packages/airflow/example_dags/example_branch_operator.py
[2024-07-04T09:40:41.166+0000] {processor.py:830} INFO - Processing file /home/airflow/.local/lib/python3.12/site-packages/airflow/example_dags/example_branch_operator.py for tasks to queue
[2024-07-04T09:40:41.168+0000] {logging_mixin.py:188} INFO - [2024-07-04T09:40:41.168+0000] {dagbag.py:545} INFO - Filling up the DagBag from /home/airflow/.local/lib/python3.12/site-packages/airflow/example_dags/example_branch_operator.py
[2024-07-04T09:40:41.185+0000] {processor.py:840} INFO - DAG(s) 'example_branch_operator' retrieved from /home/airflow/.local/lib/python3.12/site-packages/airflow/example_dags/example_branch_operator.py
[2024-07-04T09:40:41.213+0000] {logging_mixin.py:188} INFO - [2024-07-04T09:40:41.213+0000] {dag.py:3096} INFO - Sync 1 DAGs
[2024-07-04T09:40:41.235+0000] {logging_mixin.py:188} INFO - [2024-07-04T09:40:41.235+0000] {dag.py:3954} INFO - Setting next_dagrun for example_branch_operator to 2024-07-03 00:00:00+00:00, run_after=2024-07-04 00:00:00+00:00
[2024-07-04T09:40:41.255+0000] {processor.py:183} INFO - Processing /home/airflow/.local/lib/python3.12/site-packages/airflow/example_dags/example_branch_operator.py took 0.095 seconds
[2024-07-04T09:41:11.516+0000] {processor.py:161} INFO - Started process (PID=785) to work on /home/airflow/.local/lib/python3.12/site-packages/airflow/example_dags/example_branch_operator.py
[2024-07-04T09:41:11.517+0000] {processor.py:830} INFO - Processing file /home/airflow/.local/lib/python3.12/site-packages/airflow/example_dags/example_branch_operator.py for tasks to queue
[2024-07-04T09:41:11.519+0000] {logging_mixin.py:188} INFO - [2024-07-04T09:41:11.518+0000] {dagbag.py:545} INFO - Filling up the DagBag from /home/airflow/.local/lib/python3.12/site-packages/airflow/example_dags/example_branch_operator.py
[2024-07-04T09:41:11.535+0000] {processor.py:840} INFO - DAG(s) 'example_branch_operator' retrieved from /home/airflow/.local/lib/python3.12/site-packages/airflow/example_dags/example_branch_operator.py
[2024-07-04T09:41:11.561+0000] {logging_mixin.py:188} INFO - [2024-07-04T09:41:11.561+0000] {dag.py:3096} INFO - Sync 1 DAGs
[2024-07-04T09:41:11.582+0000] {logging_mixin.py:188} INFO - [2024-07-04T09:41:11.582+0000] {dag.py:3954} INFO - Setting next_dagrun for example_branch_operator to 2024-07-03 00:00:00+00:00, run_after=2024-07-04 00:00:00+00:00
[2024-07-04T09:41:11.612+0000] {processor.py:183} INFO - Processing /home/airflow/.local/lib/python3.12/site-packages/airflow/example_dags/example_branch_operator.py took 0.104 seconds
[2024-07-04T09:41:41.964+0000] {processor.py:161} INFO - Started process (PID=844) to work on /home/airflow/.local/lib/python3.12/site-packages/airflow/example_dags/example_branch_operator.py
[2024-07-04T09:41:41.965+0000] {processor.py:830} INFO - Processing file /home/airflow/.local/lib/python3.12/site-packages/airflow/example_dags/example_branch_operator.py for tasks to queue
[2024-07-04T09:41:41.967+0000] {logging_mixin.py:188} INFO - [2024-07-04T09:41:41.966+0000] {dagbag.py:545} INFO - Filling up the DagBag from /home/airflow/.local/lib/python3.12/site-packages/airflow/example_dags/example_branch_operator.py
[2024-07-04T09:41:41.982+0000] {processor.py:840} INFO - DAG(s) 'example_branch_operator' retrieved from /home/airflow/.local/lib/python3.12/site-packages/airflow/example_dags/example_branch_operator.py
[2024-07-04T09:41:42.012+0000] {logging_mixin.py:188} INFO - [2024-07-04T09:41:42.012+0000] {dag.py:3096} INFO - Sync 1 DAGs
[2024-07-04T09:41:42.035+0000] {logging_mixin.py:188} INFO - [2024-07-04T09:41:42.035+0000] {dag.py:3954} INFO - Setting next_dagrun for example_branch_operator to 2024-07-03 00:00:00+00:00, run_after=2024-07-04 00:00:00+00:00
[2024-07-04T09:41:42.058+0000] {processor.py:183} INFO - Processing /home/airflow/.local/lib/python3.12/site-packages/airflow/example_dags/example_branch_operator.py took 0.099 seconds
[2024-07-04T09:42:12.890+0000] {processor.py:161} INFO - Started process (PID=902) to work on /home/airflow/.local/lib/python3.12/site-packages/airflow/example_dags/example_branch_operator.py
[2024-07-04T09:42:12.893+0000] {processor.py:830} INFO - Processing file /home/airflow/.local/lib/python3.12/site-packages/airflow/example_dags/example_branch_operator.py for tasks to queue
[2024-07-04T09:42:12.896+0000] {logging_mixin.py:188} INFO - [2024-07-04T09:42:12.895+0000] {dagbag.py:545} INFO - Filling up the DagBag from /home/airflow/.local/lib/python3.12/site-packages/airflow/example_dags/example_branch_operator.py
[2024-07-04T09:42:12.928+0000] {processor.py:840} INFO - DAG(s) 'example_branch_operator' retrieved from /home/airflow/.local/lib/python3.12/site-packages/airflow/example_dags/example_branch_operator.py
[2024-07-04T09:42:13.006+0000] {logging_mixin.py:188} INFO - [2024-07-04T09:42:13.005+0000] {dag.py:3096} INFO - Sync 1 DAGs
[2024-07-04T09:42:13.053+0000] {logging_mixin.py:188} INFO - [2024-07-04T09:42:13.052+0000] {dag.py:3954} INFO - Setting next_dagrun for example_branch_operator to 2024-07-03 00:00:00+00:00, run_after=2024-07-04 00:00:00+00:00
[2024-07-04T09:42:13.100+0000] {processor.py:183} INFO - Processing /home/airflow/.local/lib/python3.12/site-packages/airflow/example_dags/example_branch_operator.py took 0.217 seconds
[2024-07-04T09:42:43.811+0000] {processor.py:161} INFO - Started process (PID=962) to work on /home/airflow/.local/lib/python3.12/site-packages/airflow/example_dags/example_branch_operator.py
[2024-07-04T09:42:43.813+0000] {processor.py:830} INFO - Processing file /home/airflow/.local/lib/python3.12/site-packages/airflow/example_dags/example_branch_operator.py for tasks to queue
[2024-07-04T09:42:43.815+0000] {logging_mixin.py:188} INFO - [2024-07-04T09:42:43.815+0000] {dagbag.py:545} INFO - Filling up the DagBag from /home/airflow/.local/lib/python3.12/site-packages/airflow/example_dags/example_branch_operator.py
[2024-07-04T09:42:43.833+0000] {processor.py:840} INFO - DAG(s) 'example_branch_operator' retrieved from /home/airflow/.local/lib/python3.12/site-packages/airflow/example_dags/example_branch_operator.py
[2024-07-04T09:42:43.873+0000] {logging_mixin.py:188} INFO - [2024-07-04T09:42:43.873+0000] {dag.py:3096} INFO - Sync 1 DAGs
[2024-07-04T09:42:43.904+0000] {logging_mixin.py:188} INFO - [2024-07-04T09:42:43.904+0000] {dag.py:3954} INFO - Setting next_dagrun for example_branch_operator to 2024-07-03 00:00:00+00:00, run_after=2024-07-04 00:00:00+00:00
[2024-07-04T09:42:43.926+0000] {processor.py:183} INFO - Processing /home/airflow/.local/lib/python3.12/site-packages/airflow/example_dags/example_branch_operator.py took 0.122 seconds
[2024-07-04T09:43:14.976+0000] {processor.py:161} INFO - Started process (PID=1022) to work on /home/airflow/.local/lib/python3.12/site-packages/airflow/example_dags/example_branch_operator.py
[2024-07-04T09:43:14.977+0000] {processor.py:830} INFO - Processing file /home/airflow/.local/lib/python3.12/site-packages/airflow/example_dags/example_branch_operator.py for tasks to queue
[2024-07-04T09:43:14.979+0000] {logging_mixin.py:188} INFO - [2024-07-04T09:43:14.979+0000] {dagbag.py:545} INFO - Filling up the DagBag from /home/airflow/.local/lib/python3.12/site-packages/airflow/example_dags/example_branch_operator.py
[2024-07-04T09:43:15.049+0000] {processor.py:840} INFO - DAG(s) 'example_branch_operator' retrieved from /home/airflow/.local/lib/python3.12/site-packages/airflow/example_dags/example_branch_operator.py
[2024-07-04T09:43:15.134+0000] {logging_mixin.py:188} INFO - [2024-07-04T09:43:15.133+0000] {dag.py:3096} INFO - Sync 1 DAGs
[2024-07-04T09:43:15.205+0000] {logging_mixin.py:188} INFO - [2024-07-04T09:43:15.205+0000] {dag.py:3954} INFO - Setting next_dagrun for example_branch_operator to 2024-07-03 00:00:00+00:00, run_after=2024-07-04 00:00:00+00:00
[2024-07-04T09:43:15.282+0000] {processor.py:183} INFO - Processing /home/airflow/.local/lib/python3.12/site-packages/airflow/example_dags/example_branch_operator.py took 0.325 seconds
[2024-07-04T09:43:45.396+0000] {processor.py:161} INFO - Started process (PID=1083) to work on /home/airflow/.local/lib/python3.12/site-packages/airflow/example_dags/example_branch_operator.py
[2024-07-04T09:43:45.398+0000] {processor.py:830} INFO - Processing file /home/airflow/.local/lib/python3.12/site-packages/airflow/example_dags/example_branch_operator.py for tasks to queue
[2024-07-04T09:43:45.401+0000] {logging_mixin.py:188} INFO - [2024-07-04T09:43:45.400+0000] {dagbag.py:545} INFO - Filling up the DagBag from /home/airflow/.local/lib/python3.12/site-packages/airflow/example_dags/example_branch_operator.py
[2024-07-04T09:43:45.418+0000] {processor.py:840} INFO - DAG(s) 'example_branch_operator' retrieved from /home/airflow/.local/lib/python3.12/site-packages/airflow/example_dags/example_branch_operator.py
[2024-07-04T09:43:45.446+0000] {logging_mixin.py:188} INFO - [2024-07-04T09:43:45.446+0000] {dag.py:3096} INFO - Sync 1 DAGs
[2024-07-04T09:43:45.471+0000] {logging_mixin.py:188} INFO - [2024-07-04T09:43:45.470+0000] {dag.py:3954} INFO - Setting next_dagrun for example_branch_operator to 2024-07-03 00:00:00+00:00, run_after=2024-07-04 00:00:00+00:00
[2024-07-04T09:43:45.490+0000] {processor.py:183} INFO - Processing /home/airflow/.local/lib/python3.12/site-packages/airflow/example_dags/example_branch_operator.py took 0.102 seconds
[2024-07-04T09:44:16.165+0000] {processor.py:161} INFO - Started process (PID=1140) to work on /home/airflow/.local/lib/python3.12/site-packages/airflow/example_dags/example_branch_operator.py
[2024-07-04T09:44:16.166+0000] {processor.py:830} INFO - Processing file /home/airflow/.local/lib/python3.12/site-packages/airflow/example_dags/example_branch_operator.py for tasks to queue
[2024-07-04T09:44:16.168+0000] {logging_mixin.py:188} INFO - [2024-07-04T09:44:16.168+0000] {dagbag.py:545} INFO - Filling up the DagBag from /home/airflow/.local/lib/python3.12/site-packages/airflow/example_dags/example_branch_operator.py
[2024-07-04T09:44:16.207+0000] {processor.py:840} INFO - DAG(s) 'example_branch_operator' retrieved from /home/airflow/.local/lib/python3.12/site-packages/airflow/example_dags/example_branch_operator.py
[2024-07-04T09:44:16.259+0000] {logging_mixin.py:188} INFO - [2024-07-04T09:44:16.259+0000] {dag.py:3096} INFO - Sync 1 DAGs
[2024-07-04T09:44:16.297+0000] {logging_mixin.py:188} INFO - [2024-07-04T09:44:16.297+0000] {dag.py:3954} INFO - Setting next_dagrun for example_branch_operator to 2024-07-03 00:00:00+00:00, run_after=2024-07-04 00:00:00+00:00
[2024-07-04T09:44:16.344+0000] {processor.py:183} INFO - Processing /home/airflow/.local/lib/python3.12/site-packages/airflow/example_dags/example_branch_operator.py took 0.193 seconds
[2024-07-04T09:44:47.347+0000] {processor.py:161} INFO - Started process (PID=1199) to work on /home/airflow/.local/lib/python3.12/site-packages/airflow/example_dags/example_branch_operator.py
[2024-07-04T09:44:47.349+0000] {processor.py:830} INFO - Processing file /home/airflow/.local/lib/python3.12/site-packages/airflow/example_dags/example_branch_operator.py for tasks to queue
[2024-07-04T09:44:47.351+0000] {logging_mixin.py:188} INFO - [2024-07-04T09:44:47.350+0000] {dagbag.py:545} INFO - Filling up the DagBag from /home/airflow/.local/lib/python3.12/site-packages/airflow/example_dags/example_branch_operator.py
[2024-07-04T09:44:47.374+0000] {processor.py:840} INFO - DAG(s) 'example_branch_operator' retrieved from /home/airflow/.local/lib/python3.12/site-packages/airflow/example_dags/example_branch_operator.py
[2024-07-04T09:44:47.413+0000] {logging_mixin.py:188} INFO - [2024-07-04T09:44:47.412+0000] {dag.py:3096} INFO - Sync 1 DAGs
[2024-07-04T09:44:47.447+0000] {logging_mixin.py:188} INFO - [2024-07-04T09:44:47.446+0000] {dag.py:3954} INFO - Setting next_dagrun for example_branch_operator to 2024-07-03 00:00:00+00:00, run_after=2024-07-04 00:00:00+00:00
[2024-07-04T09:44:47.479+0000] {processor.py:183} INFO - Processing /home/airflow/.local/lib/python3.12/site-packages/airflow/example_dags/example_branch_operator.py took 0.138 seconds
[2024-07-04T09:45:17.654+0000] {processor.py:161} INFO - Started process (PID=1258) to work on /home/airflow/.local/lib/python3.12/site-packages/airflow/example_dags/example_branch_operator.py
[2024-07-04T09:45:17.656+0000] {processor.py:830} INFO - Processing file /home/airflow/.local/lib/python3.12/site-packages/airflow/example_dags/example_branch_operator.py for tasks to queue
[2024-07-04T09:45:17.663+0000] {logging_mixin.py:188} INFO - [2024-07-04T09:45:17.662+0000] {dagbag.py:545} INFO - Filling up the DagBag from /home/airflow/.local/lib/python3.12/site-packages/airflow/example_dags/example_branch_operator.py
[2024-07-04T09:45:17.704+0000] {processor.py:840} INFO - DAG(s) 'example_branch_operator' retrieved from /home/airflow/.local/lib/python3.12/site-packages/airflow/example_dags/example_branch_operator.py
[2024-07-04T09:45:17.761+0000] {logging_mixin.py:188} INFO - [2024-07-04T09:45:17.761+0000] {dag.py:3096} INFO - Sync 1 DAGs
[2024-07-04T09:45:17.810+0000] {logging_mixin.py:188} INFO - [2024-07-04T09:45:17.809+0000] {dag.py:3954} INFO - Setting next_dagrun for example_branch_operator to 2024-07-03 00:00:00+00:00, run_after=2024-07-04 00:00:00+00:00
[2024-07-04T09:45:17.870+0000] {processor.py:183} INFO - Processing /home/airflow/.local/lib/python3.12/site-packages/airflow/example_dags/example_branch_operator.py took 0.236 seconds
[2024-07-04T09:45:48.220+0000] {processor.py:161} INFO - Started process (PID=1317) to work on /home/airflow/.local/lib/python3.12/site-packages/airflow/example_dags/example_branch_operator.py
[2024-07-04T09:45:48.221+0000] {processor.py:830} INFO - Processing file /home/airflow/.local/lib/python3.12/site-packages/airflow/example_dags/example_branch_operator.py for tasks to queue
[2024-07-04T09:45:48.224+0000] {logging_mixin.py:188} INFO - [2024-07-04T09:45:48.223+0000] {dagbag.py:545} INFO - Filling up the DagBag from /home/airflow/.local/lib/python3.12/site-packages/airflow/example_dags/example_branch_operator.py
[2024-07-04T09:45:48.240+0000] {processor.py:840} INFO - DAG(s) 'example_branch_operator' retrieved from /home/airflow/.local/lib/python3.12/site-packages/airflow/example_dags/example_branch_operator.py
[2024-07-04T09:45:48.269+0000] {logging_mixin.py:188} INFO - [2024-07-04T09:45:48.269+0000] {dag.py:3096} INFO - Sync 1 DAGs
[2024-07-04T09:45:48.290+0000] {logging_mixin.py:188} INFO - [2024-07-04T09:45:48.290+0000] {dag.py:3954} INFO - Setting next_dagrun for example_branch_operator to 2024-07-03 00:00:00+00:00, run_after=2024-07-04 00:00:00+00:00
[2024-07-04T09:45:48.318+0000] {processor.py:183} INFO - Processing /home/airflow/.local/lib/python3.12/site-packages/airflow/example_dags/example_branch_operator.py took 0.103 seconds
[2024-07-04T09:46:18.515+0000] {processor.py:161} INFO - Started process (PID=1376) to work on /home/airflow/.local/lib/python3.12/site-packages/airflow/example_dags/example_branch_operator.py
[2024-07-04T09:46:18.516+0000] {processor.py:830} INFO - Processing file /home/airflow/.local/lib/python3.12/site-packages/airflow/example_dags/example_branch_operator.py for tasks to queue
[2024-07-04T09:46:18.518+0000] {logging_mixin.py:188} INFO - [2024-07-04T09:46:18.517+0000] {dagbag.py:545} INFO - Filling up the DagBag from /home/airflow/.local/lib/python3.12/site-packages/airflow/example_dags/example_branch_operator.py
[2024-07-04T09:46:18.535+0000] {processor.py:840} INFO - DAG(s) 'example_branch_operator' retrieved from /home/airflow/.local/lib/python3.12/site-packages/airflow/example_dags/example_branch_operator.py
[2024-07-04T09:46:18.574+0000] {logging_mixin.py:188} INFO - [2024-07-04T09:46:18.574+0000] {dag.py:3096} INFO - Sync 1 DAGs
[2024-07-04T09:46:18.602+0000] {logging_mixin.py:188} INFO - [2024-07-04T09:46:18.602+0000] {dag.py:3954} INFO - Setting next_dagrun for example_branch_operator to 2024-07-03 00:00:00+00:00, run_after=2024-07-04 00:00:00+00:00
[2024-07-04T09:46:18.632+0000] {processor.py:183} INFO - Processing /home/airflow/.local/lib/python3.12/site-packages/airflow/example_dags/example_branch_operator.py took 0.123 seconds
[2024-07-04T09:46:48.980+0000] {processor.py:161} INFO - Started process (PID=1436) to work on /home/airflow/.local/lib/python3.12/site-packages/airflow/example_dags/example_branch_operator.py
[2024-07-04T09:46:48.982+0000] {processor.py:830} INFO - Processing file /home/airflow/.local/lib/python3.12/site-packages/airflow/example_dags/example_branch_operator.py for tasks to queue
[2024-07-04T09:46:48.984+0000] {logging_mixin.py:188} INFO - [2024-07-04T09:46:48.984+0000] {dagbag.py:545} INFO - Filling up the DagBag from /home/airflow/.local/lib/python3.12/site-packages/airflow/example_dags/example_branch_operator.py
[2024-07-04T09:46:49.025+0000] {processor.py:840} INFO - DAG(s) 'example_branch_operator' retrieved from /home/airflow/.local/lib/python3.12/site-packages/airflow/example_dags/example_branch_operator.py
[2024-07-04T09:46:49.081+0000] {logging_mixin.py:188} INFO - [2024-07-04T09:46:49.080+0000] {dag.py:3096} INFO - Sync 1 DAGs
[2024-07-04T09:46:49.113+0000] {logging_mixin.py:188} INFO - [2024-07-04T09:46:49.113+0000] {dag.py:3954} INFO - Setting next_dagrun for example_branch_operator to 2024-07-03 00:00:00+00:00, run_after=2024-07-04 00:00:00+00:00
[2024-07-04T09:46:49.254+0000] {processor.py:183} INFO - Processing /home/airflow/.local/lib/python3.12/site-packages/airflow/example_dags/example_branch_operator.py took 0.282 seconds
[2024-07-04T09:47:20.169+0000] {processor.py:161} INFO - Started process (PID=1496) to work on /home/airflow/.local/lib/python3.12/site-packages/airflow/example_dags/example_branch_operator.py
[2024-07-04T09:47:20.171+0000] {processor.py:830} INFO - Processing file /home/airflow/.local/lib/python3.12/site-packages/airflow/example_dags/example_branch_operator.py for tasks to queue
[2024-07-04T09:47:20.175+0000] {logging_mixin.py:188} INFO - [2024-07-04T09:47:20.174+0000] {dagbag.py:545} INFO - Filling up the DagBag from /home/airflow/.local/lib/python3.12/site-packages/airflow/example_dags/example_branch_operator.py
[2024-07-04T09:47:20.201+0000] {processor.py:840} INFO - DAG(s) 'example_branch_operator' retrieved from /home/airflow/.local/lib/python3.12/site-packages/airflow/example_dags/example_branch_operator.py
[2024-07-04T09:47:20.244+0000] {logging_mixin.py:188} INFO - [2024-07-04T09:47:20.243+0000] {dag.py:3096} INFO - Sync 1 DAGs
[2024-07-04T09:47:20.283+0000] {logging_mixin.py:188} INFO - [2024-07-04T09:47:20.282+0000] {dag.py:3954} INFO - Setting next_dagrun for example_branch_operator to 2024-07-03 00:00:00+00:00, run_after=2024-07-04 00:00:00+00:00
[2024-07-04T09:47:20.337+0000] {processor.py:183} INFO - Processing /home/airflow/.local/lib/python3.12/site-packages/airflow/example_dags/example_branch_operator.py took 0.175 seconds
[2024-07-04T09:47:52.321+0000] {processor.py:161} INFO - Started process (PID=1555) to work on /home/airflow/.local/lib/python3.12/site-packages/airflow/example_dags/example_branch_operator.py
[2024-07-04T09:47:52.324+0000] {processor.py:830} INFO - Processing file /home/airflow/.local/lib/python3.12/site-packages/airflow/example_dags/example_branch_operator.py for tasks to queue
[2024-07-04T09:47:52.332+0000] {logging_mixin.py:188} INFO - [2024-07-04T09:47:52.331+0000] {dagbag.py:545} INFO - Filling up the DagBag from /home/airflow/.local/lib/python3.12/site-packages/airflow/example_dags/example_branch_operator.py
[2024-07-04T09:47:52.367+0000] {processor.py:840} INFO - DAG(s) 'example_branch_operator' retrieved from /home/airflow/.local/lib/python3.12/site-packages/airflow/example_dags/example_branch_operator.py
[2024-07-04T09:47:52.407+0000] {logging_mixin.py:188} INFO - [2024-07-04T09:47:52.407+0000] {dag.py:3096} INFO - Sync 1 DAGs
[2024-07-04T09:47:52.490+0000] {logging_mixin.py:188} INFO - [2024-07-04T09:47:52.490+0000] {dag.py:3954} INFO - Setting next_dagrun for example_branch_operator to 2024-07-03 00:00:00+00:00, run_after=2024-07-04 00:00:00+00:00
[2024-07-04T09:47:52.552+0000] {processor.py:183} INFO - Processing /home/airflow/.local/lib/python3.12/site-packages/airflow/example_dags/example_branch_operator.py took 0.255 seconds
[2024-07-04T09:48:22.677+0000] {processor.py:161} INFO - Started process (PID=1615) to work on /home/airflow/.local/lib/python3.12/site-packages/airflow/example_dags/example_branch_operator.py
[2024-07-04T09:48:22.678+0000] {processor.py:830} INFO - Processing file /home/airflow/.local/lib/python3.12/site-packages/airflow/example_dags/example_branch_operator.py for tasks to queue
[2024-07-04T09:48:22.681+0000] {logging_mixin.py:188} INFO - [2024-07-04T09:48:22.680+0000] {dagbag.py:545} INFO - Filling up the DagBag from /home/airflow/.local/lib/python3.12/site-packages/airflow/example_dags/example_branch_operator.py
[2024-07-04T09:48:22.697+0000] {processor.py:840} INFO - DAG(s) 'example_branch_operator' retrieved from /home/airflow/.local/lib/python3.12/site-packages/airflow/example_dags/example_branch_operator.py
[2024-07-04T09:48:22.726+0000] {logging_mixin.py:188} INFO - [2024-07-04T09:48:22.726+0000] {dag.py:3096} INFO - Sync 1 DAGs
[2024-07-04T09:48:22.897+0000] {logging_mixin.py:188} INFO - [2024-07-04T09:48:22.896+0000] {dag.py:3954} INFO - Setting next_dagrun for example_branch_operator to 2024-07-03 00:00:00+00:00, run_after=2024-07-04 00:00:00+00:00
[2024-07-04T09:48:22.927+0000] {processor.py:183} INFO - Processing /home/airflow/.local/lib/python3.12/site-packages/airflow/example_dags/example_branch_operator.py took 0.259 seconds
[2024-07-04T09:48:58.921+0000] {processor.py:161} INFO - Started process (PID=1679) to work on /home/airflow/.local/lib/python3.12/site-packages/airflow/example_dags/example_branch_operator.py
[2024-07-04T09:48:58.935+0000] {processor.py:830} INFO - Processing file /home/airflow/.local/lib/python3.12/site-packages/airflow/example_dags/example_branch_operator.py for tasks to queue
[2024-07-04T09:48:58.938+0000] {logging_mixin.py:188} INFO - [2024-07-04T09:48:58.938+0000] {dagbag.py:545} INFO - Filling up the DagBag from /home/airflow/.local/lib/python3.12/site-packages/airflow/example_dags/example_branch_operator.py
[2024-07-04T09:48:59.002+0000] {processor.py:840} INFO - DAG(s) 'example_branch_operator' retrieved from /home/airflow/.local/lib/python3.12/site-packages/airflow/example_dags/example_branch_operator.py
[2024-07-04T09:48:59.162+0000] {logging_mixin.py:188} INFO - [2024-07-04T09:48:59.161+0000] {dag.py:3096} INFO - Sync 1 DAGs
[2024-07-04T09:48:59.397+0000] {logging_mixin.py:188} INFO - [2024-07-04T09:48:59.397+0000] {dag.py:3954} INFO - Setting next_dagrun for example_branch_operator to 2024-07-03 00:00:00+00:00, run_after=2024-07-04 00:00:00+00:00
[2024-07-04T09:49:00.880+0000] {processor.py:183} INFO - Processing /home/airflow/.local/lib/python3.12/site-packages/airflow/example_dags/example_branch_operator.py took 1.970 seconds
[2024-07-04T09:49:31.161+0000] {processor.py:161} INFO - Started process (PID=1736) to work on /home/airflow/.local/lib/python3.12/site-packages/airflow/example_dags/example_branch_operator.py
[2024-07-04T09:49:31.175+0000] {processor.py:830} INFO - Processing file /home/airflow/.local/lib/python3.12/site-packages/airflow/example_dags/example_branch_operator.py for tasks to queue
[2024-07-04T09:49:31.179+0000] {logging_mixin.py:188} INFO - [2024-07-04T09:49:31.179+0000] {dagbag.py:545} INFO - Filling up the DagBag from /home/airflow/.local/lib/python3.12/site-packages/airflow/example_dags/example_branch_operator.py
[2024-07-04T09:49:31.228+0000] {processor.py:840} INFO - DAG(s) 'example_branch_operator' retrieved from /home/airflow/.local/lib/python3.12/site-packages/airflow/example_dags/example_branch_operator.py
[2024-07-04T09:49:31.294+0000] {logging_mixin.py:188} INFO - [2024-07-04T09:49:31.293+0000] {dag.py:3096} INFO - Sync 1 DAGs
[2024-07-04T09:49:31.327+0000] {logging_mixin.py:188} INFO - [2024-07-04T09:49:31.327+0000] {dag.py:3954} INFO - Setting next_dagrun for example_branch_operator to 2024-07-03 00:00:00+00:00, run_after=2024-07-04 00:00:00+00:00
[2024-07-04T09:49:31.355+0000] {processor.py:183} INFO - Processing /home/airflow/.local/lib/python3.12/site-packages/airflow/example_dags/example_branch_operator.py took 0.206 seconds
[2024-07-04T09:50:01.583+0000] {processor.py:161} INFO - Started process (PID=1796) to work on /home/airflow/.local/lib/python3.12/site-packages/airflow/example_dags/example_branch_operator.py
[2024-07-04T09:50:01.584+0000] {processor.py:830} INFO - Processing file /home/airflow/.local/lib/python3.12/site-packages/airflow/example_dags/example_branch_operator.py for tasks to queue
[2024-07-04T09:50:01.585+0000] {logging_mixin.py:188} INFO - [2024-07-04T09:50:01.585+0000] {dagbag.py:545} INFO - Filling up the DagBag from /home/airflow/.local/lib/python3.12/site-packages/airflow/example_dags/example_branch_operator.py
[2024-07-04T09:50:01.602+0000] {processor.py:840} INFO - DAG(s) 'example_branch_operator' retrieved from /home/airflow/.local/lib/python3.12/site-packages/airflow/example_dags/example_branch_operator.py
[2024-07-04T09:50:01.637+0000] {logging_mixin.py:188} INFO - [2024-07-04T09:50:01.637+0000] {dag.py:3096} INFO - Sync 1 DAGs
[2024-07-04T09:50:01.664+0000] {logging_mixin.py:188} INFO - [2024-07-04T09:50:01.664+0000] {dag.py:3954} INFO - Setting next_dagrun for example_branch_operator to 2024-07-03 00:00:00+00:00, run_after=2024-07-04 00:00:00+00:00
[2024-07-04T09:50:01.691+0000] {processor.py:183} INFO - Processing /home/airflow/.local/lib/python3.12/site-packages/airflow/example_dags/example_branch_operator.py took 0.114 seconds
[2024-07-04T09:50:31.804+0000] {processor.py:161} INFO - Started process (PID=1856) to work on /home/airflow/.local/lib/python3.12/site-packages/airflow/example_dags/example_branch_operator.py
[2024-07-04T09:50:31.805+0000] {processor.py:830} INFO - Processing file /home/airflow/.local/lib/python3.12/site-packages/airflow/example_dags/example_branch_operator.py for tasks to queue
[2024-07-04T09:50:31.808+0000] {logging_mixin.py:188} INFO - [2024-07-04T09:50:31.807+0000] {dagbag.py:545} INFO - Filling up the DagBag from /home/airflow/.local/lib/python3.12/site-packages/airflow/example_dags/example_branch_operator.py
[2024-07-04T09:50:31.835+0000] {processor.py:840} INFO - DAG(s) 'example_branch_operator' retrieved from /home/airflow/.local/lib/python3.12/site-packages/airflow/example_dags/example_branch_operator.py
[2024-07-04T09:50:31.878+0000] {logging_mixin.py:188} INFO - [2024-07-04T09:50:31.878+0000] {dag.py:3096} INFO - Sync 1 DAGs
[2024-07-04T09:50:31.932+0000] {logging_mixin.py:188} INFO - [2024-07-04T09:50:31.932+0000] {dag.py:3954} INFO - Setting next_dagrun for example_branch_operator to 2024-07-03 00:00:00+00:00, run_after=2024-07-04 00:00:00+00:00
[2024-07-04T09:50:31.957+0000] {processor.py:183} INFO - Processing /home/airflow/.local/lib/python3.12/site-packages/airflow/example_dags/example_branch_operator.py took 0.162 seconds
[2024-07-04T09:51:02.266+0000] {processor.py:161} INFO - Started process (PID=1914) to work on /home/airflow/.local/lib/python3.12/site-packages/airflow/example_dags/example_branch_operator.py
[2024-07-04T09:51:02.268+0000] {processor.py:830} INFO - Processing file /home/airflow/.local/lib/python3.12/site-packages/airflow/example_dags/example_branch_operator.py for tasks to queue
[2024-07-04T09:51:02.271+0000] {logging_mixin.py:188} INFO - [2024-07-04T09:51:02.271+0000] {dagbag.py:545} INFO - Filling up the DagBag from /home/airflow/.local/lib/python3.12/site-packages/airflow/example_dags/example_branch_operator.py
[2024-07-04T09:51:02.304+0000] {processor.py:840} INFO - DAG(s) 'example_branch_operator' retrieved from /home/airflow/.local/lib/python3.12/site-packages/airflow/example_dags/example_branch_operator.py
[2024-07-04T09:51:02.531+0000] {logging_mixin.py:188} INFO - [2024-07-04T09:51:02.530+0000] {dag.py:3096} INFO - Sync 1 DAGs
[2024-07-04T09:51:02.558+0000] {logging_mixin.py:188} INFO - [2024-07-04T09:51:02.557+0000] {dag.py:3954} INFO - Setting next_dagrun for example_branch_operator to 2024-07-03 00:00:00+00:00, run_after=2024-07-04 00:00:00+00:00
[2024-07-04T09:51:02.581+0000] {processor.py:183} INFO - Processing /home/airflow/.local/lib/python3.12/site-packages/airflow/example_dags/example_branch_operator.py took 0.325 seconds
[2024-07-04T09:51:32.742+0000] {processor.py:161} INFO - Started process (PID=1973) to work on /home/airflow/.local/lib/python3.12/site-packages/airflow/example_dags/example_branch_operator.py
[2024-07-04T09:51:32.744+0000] {processor.py:830} INFO - Processing file /home/airflow/.local/lib/python3.12/site-packages/airflow/example_dags/example_branch_operator.py for tasks to queue
[2024-07-04T09:51:32.747+0000] {logging_mixin.py:188} INFO - [2024-07-04T09:51:32.747+0000] {dagbag.py:545} INFO - Filling up the DagBag from /home/airflow/.local/lib/python3.12/site-packages/airflow/example_dags/example_branch_operator.py
[2024-07-04T09:51:32.795+0000] {processor.py:840} INFO - DAG(s) 'example_branch_operator' retrieved from /home/airflow/.local/lib/python3.12/site-packages/airflow/example_dags/example_branch_operator.py
[2024-07-04T09:51:33.212+0000] {logging_mixin.py:188} INFO - [2024-07-04T09:51:33.212+0000] {dag.py:3096} INFO - Sync 1 DAGs
[2024-07-04T09:51:33.255+0000] {logging_mixin.py:188} INFO - [2024-07-04T09:51:33.255+0000] {dag.py:3954} INFO - Setting next_dagrun for example_branch_operator to 2024-07-03 00:00:00+00:00, run_after=2024-07-04 00:00:00+00:00
[2024-07-04T09:51:33.308+0000] {processor.py:183} INFO - Processing /home/airflow/.local/lib/python3.12/site-packages/airflow/example_dags/example_branch_operator.py took 0.584 seconds
[2024-07-04T09:52:03.530+0000] {processor.py:161} INFO - Started process (PID=2033) to work on /home/airflow/.local/lib/python3.12/site-packages/airflow/example_dags/example_branch_operator.py
[2024-07-04T09:52:03.532+0000] {processor.py:830} INFO - Processing file /home/airflow/.local/lib/python3.12/site-packages/airflow/example_dags/example_branch_operator.py for tasks to queue
[2024-07-04T09:52:03.534+0000] {logging_mixin.py:188} INFO - [2024-07-04T09:52:03.534+0000] {dagbag.py:545} INFO - Filling up the DagBag from /home/airflow/.local/lib/python3.12/site-packages/airflow/example_dags/example_branch_operator.py
[2024-07-04T09:52:03.556+0000] {processor.py:840} INFO - DAG(s) 'example_branch_operator' retrieved from /home/airflow/.local/lib/python3.12/site-packages/airflow/example_dags/example_branch_operator.py
[2024-07-04T09:52:03.588+0000] {logging_mixin.py:188} INFO - [2024-07-04T09:52:03.588+0000] {dag.py:3096} INFO - Sync 1 DAGs
[2024-07-04T09:52:03.618+0000] {logging_mixin.py:188} INFO - [2024-07-04T09:52:03.618+0000] {dag.py:3954} INFO - Setting next_dagrun for example_branch_operator to 2024-07-03 00:00:00+00:00, run_after=2024-07-04 00:00:00+00:00
[2024-07-04T09:52:03.646+0000] {processor.py:183} INFO - Processing /home/airflow/.local/lib/python3.12/site-packages/airflow/example_dags/example_branch_operator.py took 0.122 seconds
[2024-07-04T09:52:33.756+0000] {processor.py:161} INFO - Started process (PID=2093) to work on /home/airflow/.local/lib/python3.12/site-packages/airflow/example_dags/example_branch_operator.py
[2024-07-04T09:52:33.758+0000] {processor.py:830} INFO - Processing file /home/airflow/.local/lib/python3.12/site-packages/airflow/example_dags/example_branch_operator.py for tasks to queue
[2024-07-04T09:52:33.761+0000] {logging_mixin.py:188} INFO - [2024-07-04T09:52:33.760+0000] {dagbag.py:545} INFO - Filling up the DagBag from /home/airflow/.local/lib/python3.12/site-packages/airflow/example_dags/example_branch_operator.py
[2024-07-04T09:52:33.801+0000] {processor.py:840} INFO - DAG(s) 'example_branch_operator' retrieved from /home/airflow/.local/lib/python3.12/site-packages/airflow/example_dags/example_branch_operator.py
[2024-07-04T09:52:33.855+0000] {logging_mixin.py:188} INFO - [2024-07-04T09:52:33.855+0000] {dag.py:3096} INFO - Sync 1 DAGs
[2024-07-04T09:52:33.894+0000] {logging_mixin.py:188} INFO - [2024-07-04T09:52:33.893+0000] {dag.py:3954} INFO - Setting next_dagrun for example_branch_operator to 2024-07-03 00:00:00+00:00, run_after=2024-07-04 00:00:00+00:00
[2024-07-04T09:52:33.926+0000] {processor.py:183} INFO - Processing /home/airflow/.local/lib/python3.12/site-packages/airflow/example_dags/example_branch_operator.py took 0.177 seconds
[2024-07-04T09:53:04.240+0000] {processor.py:161} INFO - Started process (PID=2150) to work on /home/airflow/.local/lib/python3.12/site-packages/airflow/example_dags/example_branch_operator.py
[2024-07-04T09:53:04.241+0000] {processor.py:830} INFO - Processing file /home/airflow/.local/lib/python3.12/site-packages/airflow/example_dags/example_branch_operator.py for tasks to queue
[2024-07-04T09:53:04.243+0000] {logging_mixin.py:188} INFO - [2024-07-04T09:53:04.243+0000] {dagbag.py:545} INFO - Filling up the DagBag from /home/airflow/.local/lib/python3.12/site-packages/airflow/example_dags/example_branch_operator.py
[2024-07-04T09:53:04.262+0000] {processor.py:840} INFO - DAG(s) 'example_branch_operator' retrieved from /home/airflow/.local/lib/python3.12/site-packages/airflow/example_dags/example_branch_operator.py
[2024-07-04T09:53:04.335+0000] {logging_mixin.py:188} INFO - [2024-07-04T09:53:04.335+0000] {dag.py:3096} INFO - Sync 1 DAGs
[2024-07-04T09:53:04.386+0000] {logging_mixin.py:188} INFO - [2024-07-04T09:53:04.385+0000] {dag.py:3954} INFO - Setting next_dagrun for example_branch_operator to 2024-07-03 00:00:00+00:00, run_after=2024-07-04 00:00:00+00:00
[2024-07-04T09:53:04.426+0000] {processor.py:183} INFO - Processing /home/airflow/.local/lib/python3.12/site-packages/airflow/example_dags/example_branch_operator.py took 0.192 seconds
[2024-07-04T09:53:34.947+0000] {processor.py:161} INFO - Started process (PID=2214) to work on /home/airflow/.local/lib/python3.12/site-packages/airflow/example_dags/example_branch_operator.py
[2024-07-04T09:53:34.950+0000] {processor.py:830} INFO - Processing file /home/airflow/.local/lib/python3.12/site-packages/airflow/example_dags/example_branch_operator.py for tasks to queue
[2024-07-04T09:53:34.956+0000] {logging_mixin.py:188} INFO - [2024-07-04T09:53:34.954+0000] {dagbag.py:545} INFO - Filling up the DagBag from /home/airflow/.local/lib/python3.12/site-packages/airflow/example_dags/example_branch_operator.py
[2024-07-04T09:53:35.009+0000] {processor.py:840} INFO - DAG(s) 'example_branch_operator' retrieved from /home/airflow/.local/lib/python3.12/site-packages/airflow/example_dags/example_branch_operator.py
[2024-07-04T09:53:35.084+0000] {logging_mixin.py:188} INFO - [2024-07-04T09:53:35.084+0000] {dag.py:3096} INFO - Sync 1 DAGs
[2024-07-04T09:53:35.141+0000] {logging_mixin.py:188} INFO - [2024-07-04T09:53:35.140+0000] {dag.py:3954} INFO - Setting next_dagrun for example_branch_operator to 2024-07-03 00:00:00+00:00, run_after=2024-07-04 00:00:00+00:00
[2024-07-04T09:53:35.186+0000] {processor.py:183} INFO - Processing /home/airflow/.local/lib/python3.12/site-packages/airflow/example_dags/example_branch_operator.py took 0.249 seconds
[2024-07-04T09:54:17.052+0000] {processor.py:161} INFO - Started process (PID=2281) to work on /home/airflow/.local/lib/python3.12/site-packages/airflow/example_dags/example_branch_operator.py
[2024-07-04T09:54:17.060+0000] {processor.py:830} INFO - Processing file /home/airflow/.local/lib/python3.12/site-packages/airflow/example_dags/example_branch_operator.py for tasks to queue
[2024-07-04T09:54:17.063+0000] {logging_mixin.py:188} INFO - [2024-07-04T09:54:17.062+0000] {dagbag.py:545} INFO - Filling up the DagBag from /home/airflow/.local/lib/python3.12/site-packages/airflow/example_dags/example_branch_operator.py
[2024-07-04T09:54:17.111+0000] {processor.py:840} INFO - DAG(s) 'example_branch_operator' retrieved from /home/airflow/.local/lib/python3.12/site-packages/airflow/example_dags/example_branch_operator.py
[2024-07-04T09:54:17.176+0000] {logging_mixin.py:188} INFO - [2024-07-04T09:54:17.176+0000] {dag.py:3096} INFO - Sync 1 DAGs
[2024-07-04T09:54:17.220+0000] {logging_mixin.py:188} INFO - [2024-07-04T09:54:17.220+0000] {dag.py:3954} INFO - Setting next_dagrun for example_branch_operator to 2024-07-03 00:00:00+00:00, run_after=2024-07-04 00:00:00+00:00
[2024-07-04T09:54:17.252+0000] {processor.py:183} INFO - Processing /home/airflow/.local/lib/python3.12/site-packages/airflow/example_dags/example_branch_operator.py took 0.260 seconds
[2024-07-04T09:54:47.351+0000] {processor.py:161} INFO - Started process (PID=2339) to work on /home/airflow/.local/lib/python3.12/site-packages/airflow/example_dags/example_branch_operator.py
[2024-07-04T09:54:47.353+0000] {processor.py:830} INFO - Processing file /home/airflow/.local/lib/python3.12/site-packages/airflow/example_dags/example_branch_operator.py for tasks to queue
[2024-07-04T09:54:47.358+0000] {logging_mixin.py:188} INFO - [2024-07-04T09:54:47.357+0000] {dagbag.py:545} INFO - Filling up the DagBag from /home/airflow/.local/lib/python3.12/site-packages/airflow/example_dags/example_branch_operator.py
[2024-07-04T09:54:47.395+0000] {processor.py:840} INFO - DAG(s) 'example_branch_operator' retrieved from /home/airflow/.local/lib/python3.12/site-packages/airflow/example_dags/example_branch_operator.py
[2024-07-04T09:54:47.439+0000] {logging_mixin.py:188} INFO - [2024-07-04T09:54:47.439+0000] {dag.py:3096} INFO - Sync 1 DAGs
[2024-07-04T09:54:47.468+0000] {logging_mixin.py:188} INFO - [2024-07-04T09:54:47.468+0000] {dag.py:3954} INFO - Setting next_dagrun for example_branch_operator to 2024-07-03 00:00:00+00:00, run_after=2024-07-04 00:00:00+00:00
[2024-07-04T09:54:47.489+0000] {processor.py:183} INFO - Processing /home/airflow/.local/lib/python3.12/site-packages/airflow/example_dags/example_branch_operator.py took 0.152 seconds
[2024-07-04T09:55:18.276+0000] {processor.py:161} INFO - Started process (PID=2398) to work on /home/airflow/.local/lib/python3.12/site-packages/airflow/example_dags/example_branch_operator.py
[2024-07-04T09:55:18.277+0000] {processor.py:830} INFO - Processing file /home/airflow/.local/lib/python3.12/site-packages/airflow/example_dags/example_branch_operator.py for tasks to queue
[2024-07-04T09:55:18.280+0000] {logging_mixin.py:188} INFO - [2024-07-04T09:55:18.279+0000] {dagbag.py:545} INFO - Filling up the DagBag from /home/airflow/.local/lib/python3.12/site-packages/airflow/example_dags/example_branch_operator.py
[2024-07-04T09:55:18.300+0000] {processor.py:840} INFO - DAG(s) 'example_branch_operator' retrieved from /home/airflow/.local/lib/python3.12/site-packages/airflow/example_dags/example_branch_operator.py
[2024-07-04T09:55:18.347+0000] {logging_mixin.py:188} INFO - [2024-07-04T09:55:18.335+0000] {dag.py:3096} INFO - Sync 1 DAGs
[2024-07-04T09:55:18.400+0000] {logging_mixin.py:188} INFO - [2024-07-04T09:55:18.400+0000] {dag.py:3954} INFO - Setting next_dagrun for example_branch_operator to 2024-07-03 00:00:00+00:00, run_after=2024-07-04 00:00:00+00:00
[2024-07-04T09:55:18.473+0000] {processor.py:183} INFO - Processing /home/airflow/.local/lib/python3.12/site-packages/airflow/example_dags/example_branch_operator.py took 0.205 seconds
[2024-07-04T09:55:49.263+0000] {processor.py:161} INFO - Started process (PID=2457) to work on /home/airflow/.local/lib/python3.12/site-packages/airflow/example_dags/example_branch_operator.py
[2024-07-04T09:55:49.266+0000] {processor.py:830} INFO - Processing file /home/airflow/.local/lib/python3.12/site-packages/airflow/example_dags/example_branch_operator.py for tasks to queue
[2024-07-04T09:55:49.271+0000] {logging_mixin.py:188} INFO - [2024-07-04T09:55:49.270+0000] {dagbag.py:545} INFO - Filling up the DagBag from /home/airflow/.local/lib/python3.12/site-packages/airflow/example_dags/example_branch_operator.py
[2024-07-04T09:55:49.289+0000] {processor.py:840} INFO - DAG(s) 'example_branch_operator' retrieved from /home/airflow/.local/lib/python3.12/site-packages/airflow/example_dags/example_branch_operator.py
[2024-07-04T09:55:49.321+0000] {logging_mixin.py:188} INFO - [2024-07-04T09:55:49.321+0000] {dag.py:3096} INFO - Sync 1 DAGs
[2024-07-04T09:55:49.346+0000] {logging_mixin.py:188} INFO - [2024-07-04T09:55:49.346+0000] {dag.py:3954} INFO - Setting next_dagrun for example_branch_operator to 2024-07-03 00:00:00+00:00, run_after=2024-07-04 00:00:00+00:00
[2024-07-04T09:55:49.366+0000] {processor.py:183} INFO - Processing /home/airflow/.local/lib/python3.12/site-packages/airflow/example_dags/example_branch_operator.py took 0.111 seconds
[2024-07-04T09:56:21.172+0000] {processor.py:161} INFO - Started process (PID=2516) to work on /home/airflow/.local/lib/python3.12/site-packages/airflow/example_dags/example_branch_operator.py
[2024-07-04T09:56:21.174+0000] {processor.py:830} INFO - Processing file /home/airflow/.local/lib/python3.12/site-packages/airflow/example_dags/example_branch_operator.py for tasks to queue
[2024-07-04T09:56:21.177+0000] {logging_mixin.py:188} INFO - [2024-07-04T09:56:21.176+0000] {dagbag.py:545} INFO - Filling up the DagBag from /home/airflow/.local/lib/python3.12/site-packages/airflow/example_dags/example_branch_operator.py
[2024-07-04T09:56:21.235+0000] {processor.py:840} INFO - DAG(s) 'example_branch_operator' retrieved from /home/airflow/.local/lib/python3.12/site-packages/airflow/example_dags/example_branch_operator.py
[2024-07-04T09:56:21.369+0000] {logging_mixin.py:188} INFO - [2024-07-04T09:56:21.369+0000] {dag.py:3096} INFO - Sync 1 DAGs
[2024-07-04T09:56:21.430+0000] {logging_mixin.py:188} INFO - [2024-07-04T09:56:21.429+0000] {dag.py:3954} INFO - Setting next_dagrun for example_branch_operator to 2024-07-03 00:00:00+00:00, run_after=2024-07-04 00:00:00+00:00
[2024-07-04T09:56:21.487+0000] {processor.py:183} INFO - Processing /home/airflow/.local/lib/python3.12/site-packages/airflow/example_dags/example_branch_operator.py took 0.328 seconds
[2024-07-04T09:56:51.548+0000] {processor.py:161} INFO - Started process (PID=2575) to work on /home/airflow/.local/lib/python3.12/site-packages/airflow/example_dags/example_branch_operator.py
[2024-07-04T09:56:51.550+0000] {processor.py:830} INFO - Processing file /home/airflow/.local/lib/python3.12/site-packages/airflow/example_dags/example_branch_operator.py for tasks to queue
[2024-07-04T09:56:51.552+0000] {logging_mixin.py:188} INFO - [2024-07-04T09:56:51.552+0000] {dagbag.py:545} INFO - Filling up the DagBag from /home/airflow/.local/lib/python3.12/site-packages/airflow/example_dags/example_branch_operator.py
[2024-07-04T09:56:51.580+0000] {processor.py:840} INFO - DAG(s) 'example_branch_operator' retrieved from /home/airflow/.local/lib/python3.12/site-packages/airflow/example_dags/example_branch_operator.py
[2024-07-04T09:56:51.631+0000] {logging_mixin.py:188} INFO - [2024-07-04T09:56:51.631+0000] {dag.py:3096} INFO - Sync 1 DAGs
[2024-07-04T09:56:51.664+0000] {logging_mixin.py:188} INFO - [2024-07-04T09:56:51.664+0000] {dag.py:3954} INFO - Setting next_dagrun for example_branch_operator to 2024-07-03 00:00:00+00:00, run_after=2024-07-04 00:00:00+00:00
[2024-07-04T09:56:51.686+0000] {processor.py:183} INFO - Processing /home/airflow/.local/lib/python3.12/site-packages/airflow/example_dags/example_branch_operator.py took 0.145 seconds
[2024-07-04T09:57:22.027+0000] {processor.py:161} INFO - Started process (PID=2634) to work on /home/airflow/.local/lib/python3.12/site-packages/airflow/example_dags/example_branch_operator.py
[2024-07-04T09:57:22.028+0000] {processor.py:830} INFO - Processing file /home/airflow/.local/lib/python3.12/site-packages/airflow/example_dags/example_branch_operator.py for tasks to queue
[2024-07-04T09:57:22.031+0000] {logging_mixin.py:188} INFO - [2024-07-04T09:57:22.031+0000] {dagbag.py:545} INFO - Filling up the DagBag from /home/airflow/.local/lib/python3.12/site-packages/airflow/example_dags/example_branch_operator.py
[2024-07-04T09:57:22.052+0000] {processor.py:840} INFO - DAG(s) 'example_branch_operator' retrieved from /home/airflow/.local/lib/python3.12/site-packages/airflow/example_dags/example_branch_operator.py
[2024-07-04T09:57:22.090+0000] {logging_mixin.py:188} INFO - [2024-07-04T09:57:22.089+0000] {dag.py:3096} INFO - Sync 1 DAGs
[2024-07-04T09:57:22.121+0000] {logging_mixin.py:188} INFO - [2024-07-04T09:57:22.121+0000] {dag.py:3954} INFO - Setting next_dagrun for example_branch_operator to 2024-07-03 00:00:00+00:00, run_after=2024-07-04 00:00:00+00:00
[2024-07-04T09:57:22.144+0000] {processor.py:183} INFO - Processing /home/airflow/.local/lib/python3.12/site-packages/airflow/example_dags/example_branch_operator.py took 0.129 seconds
[2024-07-04T09:57:53.120+0000] {processor.py:161} INFO - Started process (PID=2694) to work on /home/airflow/.local/lib/python3.12/site-packages/airflow/example_dags/example_branch_operator.py
[2024-07-04T09:57:53.125+0000] {processor.py:830} INFO - Processing file /home/airflow/.local/lib/python3.12/site-packages/airflow/example_dags/example_branch_operator.py for tasks to queue
[2024-07-04T09:57:53.127+0000] {logging_mixin.py:188} INFO - [2024-07-04T09:57:53.127+0000] {dagbag.py:545} INFO - Filling up the DagBag from /home/airflow/.local/lib/python3.12/site-packages/airflow/example_dags/example_branch_operator.py
[2024-07-04T09:57:53.159+0000] {processor.py:840} INFO - DAG(s) 'example_branch_operator' retrieved from /home/airflow/.local/lib/python3.12/site-packages/airflow/example_dags/example_branch_operator.py
[2024-07-04T09:57:53.196+0000] {logging_mixin.py:188} INFO - [2024-07-04T09:57:53.196+0000] {dag.py:3096} INFO - Sync 1 DAGs
[2024-07-04T09:57:53.229+0000] {logging_mixin.py:188} INFO - [2024-07-04T09:57:53.229+0000] {dag.py:3954} INFO - Setting next_dagrun for example_branch_operator to 2024-07-03 00:00:00+00:00, run_after=2024-07-04 00:00:00+00:00
[2024-07-04T09:57:53.278+0000] {processor.py:183} INFO - Processing /home/airflow/.local/lib/python3.12/site-packages/airflow/example_dags/example_branch_operator.py took 0.164 seconds
[2024-07-04T09:58:24.095+0000] {processor.py:161} INFO - Started process (PID=2755) to work on /home/airflow/.local/lib/python3.12/site-packages/airflow/example_dags/example_branch_operator.py
[2024-07-04T09:58:24.101+0000] {processor.py:830} INFO - Processing file /home/airflow/.local/lib/python3.12/site-packages/airflow/example_dags/example_branch_operator.py for tasks to queue
[2024-07-04T09:58:24.103+0000] {logging_mixin.py:188} INFO - [2024-07-04T09:58:24.102+0000] {dagbag.py:545} INFO - Filling up the DagBag from /home/airflow/.local/lib/python3.12/site-packages/airflow/example_dags/example_branch_operator.py
[2024-07-04T09:58:24.118+0000] {processor.py:840} INFO - DAG(s) 'example_branch_operator' retrieved from /home/airflow/.local/lib/python3.12/site-packages/airflow/example_dags/example_branch_operator.py
[2024-07-04T09:58:24.183+0000] {logging_mixin.py:188} INFO - [2024-07-04T09:58:24.182+0000] {dag.py:3096} INFO - Sync 1 DAGs
[2024-07-04T09:58:24.257+0000] {logging_mixin.py:188} INFO - [2024-07-04T09:58:24.257+0000] {dag.py:3954} INFO - Setting next_dagrun for example_branch_operator to 2024-07-03 00:00:00+00:00, run_after=2024-07-04 00:00:00+00:00
[2024-07-04T09:58:24.285+0000] {processor.py:183} INFO - Processing /home/airflow/.local/lib/python3.12/site-packages/airflow/example_dags/example_branch_operator.py took 0.196 seconds
[2024-07-04T09:58:55.381+0000] {processor.py:161} INFO - Started process (PID=2817) to work on /home/airflow/.local/lib/python3.12/site-packages/airflow/example_dags/example_branch_operator.py
[2024-07-04T09:58:55.391+0000] {processor.py:830} INFO - Processing file /home/airflow/.local/lib/python3.12/site-packages/airflow/example_dags/example_branch_operator.py for tasks to queue
[2024-07-04T09:58:55.393+0000] {logging_mixin.py:188} INFO - [2024-07-04T09:58:55.393+0000] {dagbag.py:545} INFO - Filling up the DagBag from /home/airflow/.local/lib/python3.12/site-packages/airflow/example_dags/example_branch_operator.py
[2024-07-04T09:58:55.427+0000] {processor.py:840} INFO - DAG(s) 'example_branch_operator' retrieved from /home/airflow/.local/lib/python3.12/site-packages/airflow/example_dags/example_branch_operator.py
[2024-07-04T09:58:55.455+0000] {logging_mixin.py:188} INFO - [2024-07-04T09:58:55.455+0000] {dag.py:3096} INFO - Sync 1 DAGs
[2024-07-04T09:58:55.478+0000] {logging_mixin.py:188} INFO - [2024-07-04T09:58:55.477+0000] {dag.py:3954} INFO - Setting next_dagrun for example_branch_operator to 2024-07-03 00:00:00+00:00, run_after=2024-07-04 00:00:00+00:00
[2024-07-04T09:58:55.495+0000] {processor.py:183} INFO - Processing /home/airflow/.local/lib/python3.12/site-packages/airflow/example_dags/example_branch_operator.py took 0.121 seconds
[2024-07-04T09:59:25.731+0000] {processor.py:161} INFO - Started process (PID=2876) to work on /home/airflow/.local/lib/python3.12/site-packages/airflow/example_dags/example_branch_operator.py
[2024-07-04T09:59:25.732+0000] {processor.py:830} INFO - Processing file /home/airflow/.local/lib/python3.12/site-packages/airflow/example_dags/example_branch_operator.py for tasks to queue
[2024-07-04T09:59:25.734+0000] {logging_mixin.py:188} INFO - [2024-07-04T09:59:25.734+0000] {dagbag.py:545} INFO - Filling up the DagBag from /home/airflow/.local/lib/python3.12/site-packages/airflow/example_dags/example_branch_operator.py
[2024-07-04T09:59:25.753+0000] {processor.py:840} INFO - DAG(s) 'example_branch_operator' retrieved from /home/airflow/.local/lib/python3.12/site-packages/airflow/example_dags/example_branch_operator.py
[2024-07-04T09:59:25.792+0000] {logging_mixin.py:188} INFO - [2024-07-04T09:59:25.791+0000] {dag.py:3096} INFO - Sync 1 DAGs
[2024-07-04T09:59:25.822+0000] {logging_mixin.py:188} INFO - [2024-07-04T09:59:25.821+0000] {dag.py:3954} INFO - Setting next_dagrun for example_branch_operator to 2024-07-03 00:00:00+00:00, run_after=2024-07-04 00:00:00+00:00
[2024-07-04T09:59:25.846+0000] {processor.py:183} INFO - Processing /home/airflow/.local/lib/python3.12/site-packages/airflow/example_dags/example_branch_operator.py took 0.122 seconds
[2024-07-04T09:59:56.055+0000] {processor.py:161} INFO - Started process (PID=2935) to work on /home/airflow/.local/lib/python3.12/site-packages/airflow/example_dags/example_branch_operator.py
[2024-07-04T09:59:56.056+0000] {processor.py:830} INFO - Processing file /home/airflow/.local/lib/python3.12/site-packages/airflow/example_dags/example_branch_operator.py for tasks to queue
[2024-07-04T09:59:56.058+0000] {logging_mixin.py:188} INFO - [2024-07-04T09:59:56.058+0000] {dagbag.py:545} INFO - Filling up the DagBag from /home/airflow/.local/lib/python3.12/site-packages/airflow/example_dags/example_branch_operator.py
[2024-07-04T09:59:56.074+0000] {processor.py:840} INFO - DAG(s) 'example_branch_operator' retrieved from /home/airflow/.local/lib/python3.12/site-packages/airflow/example_dags/example_branch_operator.py
[2024-07-04T09:59:56.109+0000] {logging_mixin.py:188} INFO - [2024-07-04T09:59:56.109+0000] {dag.py:3096} INFO - Sync 1 DAGs
[2024-07-04T09:59:56.143+0000] {logging_mixin.py:188} INFO - [2024-07-04T09:59:56.142+0000] {dag.py:3954} INFO - Setting next_dagrun for example_branch_operator to 2024-07-03 00:00:00+00:00, run_after=2024-07-04 00:00:00+00:00
[2024-07-04T09:59:56.171+0000] {processor.py:183} INFO - Processing /home/airflow/.local/lib/python3.12/site-packages/airflow/example_dags/example_branch_operator.py took 0.124 seconds
[2024-07-04T10:00:27.053+0000] {processor.py:161} INFO - Started process (PID=2994) to work on /home/airflow/.local/lib/python3.12/site-packages/airflow/example_dags/example_branch_operator.py
[2024-07-04T10:00:27.054+0000] {processor.py:830} INFO - Processing file /home/airflow/.local/lib/python3.12/site-packages/airflow/example_dags/example_branch_operator.py for tasks to queue
[2024-07-04T10:00:27.056+0000] {logging_mixin.py:188} INFO - [2024-07-04T10:00:27.056+0000] {dagbag.py:545} INFO - Filling up the DagBag from /home/airflow/.local/lib/python3.12/site-packages/airflow/example_dags/example_branch_operator.py
[2024-07-04T10:00:27.073+0000] {processor.py:840} INFO - DAG(s) 'example_branch_operator' retrieved from /home/airflow/.local/lib/python3.12/site-packages/airflow/example_dags/example_branch_operator.py
[2024-07-04T10:00:27.102+0000] {logging_mixin.py:188} INFO - [2024-07-04T10:00:27.102+0000] {dag.py:3096} INFO - Sync 1 DAGs
[2024-07-04T10:00:27.125+0000] {logging_mixin.py:188} INFO - [2024-07-04T10:00:27.125+0000] {dag.py:3954} INFO - Setting next_dagrun for example_branch_operator to 2024-07-03 00:00:00+00:00, run_after=2024-07-04 00:00:00+00:00
[2024-07-04T10:00:27.178+0000] {processor.py:183} INFO - Processing /home/airflow/.local/lib/python3.12/site-packages/airflow/example_dags/example_branch_operator.py took 0.131 seconds
[2024-07-04T10:00:57.545+0000] {processor.py:161} INFO - Started process (PID=3055) to work on /home/airflow/.local/lib/python3.12/site-packages/airflow/example_dags/example_branch_operator.py
[2024-07-04T10:00:57.546+0000] {processor.py:830} INFO - Processing file /home/airflow/.local/lib/python3.12/site-packages/airflow/example_dags/example_branch_operator.py for tasks to queue
[2024-07-04T10:00:57.549+0000] {logging_mixin.py:188} INFO - [2024-07-04T10:00:57.548+0000] {dagbag.py:545} INFO - Filling up the DagBag from /home/airflow/.local/lib/python3.12/site-packages/airflow/example_dags/example_branch_operator.py
[2024-07-04T10:00:57.564+0000] {processor.py:840} INFO - DAG(s) 'example_branch_operator' retrieved from /home/airflow/.local/lib/python3.12/site-packages/airflow/example_dags/example_branch_operator.py
[2024-07-04T10:00:57.593+0000] {logging_mixin.py:188} INFO - [2024-07-04T10:00:57.593+0000] {dag.py:3096} INFO - Sync 1 DAGs
[2024-07-04T10:00:57.618+0000] {logging_mixin.py:188} INFO - [2024-07-04T10:00:57.618+0000] {dag.py:3954} INFO - Setting next_dagrun for example_branch_operator to 2024-07-03 00:00:00+00:00, run_after=2024-07-04 00:00:00+00:00
[2024-07-04T10:00:57.641+0000] {processor.py:183} INFO - Processing /home/airflow/.local/lib/python3.12/site-packages/airflow/example_dags/example_branch_operator.py took 0.102 seconds
[2024-07-04T10:01:28.861+0000] {processor.py:161} INFO - Started process (PID=3114) to work on /home/airflow/.local/lib/python3.12/site-packages/airflow/example_dags/example_branch_operator.py
[2024-07-04T10:01:28.873+0000] {processor.py:830} INFO - Processing file /home/airflow/.local/lib/python3.12/site-packages/airflow/example_dags/example_branch_operator.py for tasks to queue
[2024-07-04T10:01:28.875+0000] {logging_mixin.py:188} INFO - [2024-07-04T10:01:28.875+0000] {dagbag.py:545} INFO - Filling up the DagBag from /home/airflow/.local/lib/python3.12/site-packages/airflow/example_dags/example_branch_operator.py
[2024-07-04T10:01:28.945+0000] {processor.py:840} INFO - DAG(s) 'example_branch_operator' retrieved from /home/airflow/.local/lib/python3.12/site-packages/airflow/example_dags/example_branch_operator.py
[2024-07-04T10:01:29.067+0000] {logging_mixin.py:188} INFO - [2024-07-04T10:01:29.066+0000] {dag.py:3096} INFO - Sync 1 DAGs
[2024-07-04T10:01:29.099+0000] {logging_mixin.py:188} INFO - [2024-07-04T10:01:29.098+0000] {dag.py:3954} INFO - Setting next_dagrun for example_branch_operator to 2024-07-03 00:00:00+00:00, run_after=2024-07-04 00:00:00+00:00
[2024-07-04T10:01:29.136+0000] {processor.py:183} INFO - Processing /home/airflow/.local/lib/python3.12/site-packages/airflow/example_dags/example_branch_operator.py took 0.295 seconds
[2024-07-04T10:01:59.911+0000] {processor.py:161} INFO - Started process (PID=3174) to work on /home/airflow/.local/lib/python3.12/site-packages/airflow/example_dags/example_branch_operator.py
[2024-07-04T10:01:59.912+0000] {processor.py:830} INFO - Processing file /home/airflow/.local/lib/python3.12/site-packages/airflow/example_dags/example_branch_operator.py for tasks to queue
[2024-07-04T10:01:59.914+0000] {logging_mixin.py:188} INFO - [2024-07-04T10:01:59.914+0000] {dagbag.py:545} INFO - Filling up the DagBag from /home/airflow/.local/lib/python3.12/site-packages/airflow/example_dags/example_branch_operator.py
[2024-07-04T10:01:59.930+0000] {processor.py:840} INFO - DAG(s) 'example_branch_operator' retrieved from /home/airflow/.local/lib/python3.12/site-packages/airflow/example_dags/example_branch_operator.py
[2024-07-04T10:01:59.965+0000] {logging_mixin.py:188} INFO - [2024-07-04T10:01:59.965+0000] {dag.py:3096} INFO - Sync 1 DAGs
[2024-07-04T10:02:00.011+0000] {logging_mixin.py:188} INFO - [2024-07-04T10:02:00.011+0000] {dag.py:3954} INFO - Setting next_dagrun for example_branch_operator to 2024-07-03 00:00:00+00:00, run_after=2024-07-04 00:00:00+00:00
[2024-07-04T10:02:00.053+0000] {processor.py:183} INFO - Processing /home/airflow/.local/lib/python3.12/site-packages/airflow/example_dags/example_branch_operator.py took 0.148 seconds
[2024-07-04T10:02:30.201+0000] {processor.py:161} INFO - Started process (PID=3232) to work on /home/airflow/.local/lib/python3.12/site-packages/airflow/example_dags/example_branch_operator.py
[2024-07-04T10:02:30.202+0000] {processor.py:830} INFO - Processing file /home/airflow/.local/lib/python3.12/site-packages/airflow/example_dags/example_branch_operator.py for tasks to queue
[2024-07-04T10:02:30.204+0000] {logging_mixin.py:188} INFO - [2024-07-04T10:02:30.204+0000] {dagbag.py:545} INFO - Filling up the DagBag from /home/airflow/.local/lib/python3.12/site-packages/airflow/example_dags/example_branch_operator.py
[2024-07-04T10:02:30.221+0000] {processor.py:840} INFO - DAG(s) 'example_branch_operator' retrieved from /home/airflow/.local/lib/python3.12/site-packages/airflow/example_dags/example_branch_operator.py
[2024-07-04T10:02:30.256+0000] {logging_mixin.py:188} INFO - [2024-07-04T10:02:30.255+0000] {dag.py:3096} INFO - Sync 1 DAGs
[2024-07-04T10:02:30.304+0000] {logging_mixin.py:188} INFO - [2024-07-04T10:02:30.303+0000] {dag.py:3954} INFO - Setting next_dagrun for example_branch_operator to 2024-07-03 00:00:00+00:00, run_after=2024-07-04 00:00:00+00:00
[2024-07-04T10:02:30.328+0000] {processor.py:183} INFO - Processing /home/airflow/.local/lib/python3.12/site-packages/airflow/example_dags/example_branch_operator.py took 0.133 seconds
[2024-07-04T10:03:00.935+0000] {processor.py:161} INFO - Started process (PID=3293) to work on /home/airflow/.local/lib/python3.12/site-packages/airflow/example_dags/example_branch_operator.py
[2024-07-04T10:03:00.937+0000] {processor.py:830} INFO - Processing file /home/airflow/.local/lib/python3.12/site-packages/airflow/example_dags/example_branch_operator.py for tasks to queue
[2024-07-04T10:03:00.948+0000] {logging_mixin.py:188} INFO - [2024-07-04T10:03:00.947+0000] {dagbag.py:545} INFO - Filling up the DagBag from /home/airflow/.local/lib/python3.12/site-packages/airflow/example_dags/example_branch_operator.py
[2024-07-04T10:03:00.981+0000] {processor.py:840} INFO - DAG(s) 'example_branch_operator' retrieved from /home/airflow/.local/lib/python3.12/site-packages/airflow/example_dags/example_branch_operator.py
[2024-07-04T10:03:01.090+0000] {logging_mixin.py:188} INFO - [2024-07-04T10:03:01.089+0000] {dag.py:3096} INFO - Sync 1 DAGs
[2024-07-04T10:03:01.135+0000] {logging_mixin.py:188} INFO - [2024-07-04T10:03:01.135+0000] {dag.py:3954} INFO - Setting next_dagrun for example_branch_operator to 2024-07-03 00:00:00+00:00, run_after=2024-07-04 00:00:00+00:00
[2024-07-04T10:03:01.192+0000] {processor.py:183} INFO - Processing /home/airflow/.local/lib/python3.12/site-packages/airflow/example_dags/example_branch_operator.py took 0.265 seconds
[2024-07-04T10:03:31.386+0000] {processor.py:161} INFO - Started process (PID=3353) to work on /home/airflow/.local/lib/python3.12/site-packages/airflow/example_dags/example_branch_operator.py
[2024-07-04T10:03:31.388+0000] {processor.py:830} INFO - Processing file /home/airflow/.local/lib/python3.12/site-packages/airflow/example_dags/example_branch_operator.py for tasks to queue
[2024-07-04T10:03:31.395+0000] {logging_mixin.py:188} INFO - [2024-07-04T10:03:31.395+0000] {dagbag.py:545} INFO - Filling up the DagBag from /home/airflow/.local/lib/python3.12/site-packages/airflow/example_dags/example_branch_operator.py
[2024-07-04T10:03:31.437+0000] {processor.py:840} INFO - DAG(s) 'example_branch_operator' retrieved from /home/airflow/.local/lib/python3.12/site-packages/airflow/example_dags/example_branch_operator.py
[2024-07-04T10:03:31.486+0000] {logging_mixin.py:188} INFO - [2024-07-04T10:03:31.486+0000] {dag.py:3096} INFO - Sync 1 DAGs
[2024-07-04T10:03:31.518+0000] {logging_mixin.py:188} INFO - [2024-07-04T10:03:31.518+0000] {dag.py:3954} INFO - Setting next_dagrun for example_branch_operator to 2024-07-03 00:00:00+00:00, run_after=2024-07-04 00:00:00+00:00
[2024-07-04T10:03:31.551+0000] {processor.py:183} INFO - Processing /home/airflow/.local/lib/python3.12/site-packages/airflow/example_dags/example_branch_operator.py took 0.185 seconds
