[2024-07-04T09:35:05.105+0000] {processor.py:161} INFO - Started process (PID=79) to work on /home/airflow/.local/lib/python3.12/site-packages/airflow/example_dags/example_branch_labels.py
[2024-07-04T09:35:05.122+0000] {processor.py:830} INFO - Processing file /home/airflow/.local/lib/python3.12/site-packages/airflow/example_dags/example_branch_labels.py for tasks to queue
[2024-07-04T09:35:05.133+0000] {logging_mixin.py:188} INFO - [2024-07-04T09:35:05.132+0000] {dagbag.py:545} INFO - Filling up the DagBag from /home/airflow/.local/lib/python3.12/site-packages/airflow/example_dags/example_branch_labels.py
[2024-07-04T09:35:05.156+0000] {processor.py:840} INFO - DAG(s) 'example_branch_labels' retrieved from /home/airflow/.local/lib/python3.12/site-packages/airflow/example_dags/example_branch_labels.py
[2024-07-04T09:35:05.669+0000] {logging_mixin.py:188} INFO - [2024-07-04T09:35:05.669+0000] {dag.py:3096} INFO - Sync 1 DAGs
[2024-07-04T09:35:05.744+0000] {logging_mixin.py:188} INFO - [2024-07-04T09:35:05.744+0000] {dag.py:3954} INFO - Setting next_dagrun for example_branch_labels to 2024-07-03 00:00:00+00:00, run_after=2024-07-04 00:00:00+00:00
[2024-07-04T09:35:05.857+0000] {processor.py:183} INFO - Processing /home/airflow/.local/lib/python3.12/site-packages/airflow/example_dags/example_branch_labels.py took 0.765 seconds
[2024-07-04T09:35:36.489+0000] {processor.py:161} INFO - Started process (PID=138) to work on /home/airflow/.local/lib/python3.12/site-packages/airflow/example_dags/example_branch_labels.py
[2024-07-04T09:35:36.490+0000] {processor.py:830} INFO - Processing file /home/airflow/.local/lib/python3.12/site-packages/airflow/example_dags/example_branch_labels.py for tasks to queue
[2024-07-04T09:35:36.492+0000] {logging_mixin.py:188} INFO - [2024-07-04T09:35:36.492+0000] {dagbag.py:545} INFO - Filling up the DagBag from /home/airflow/.local/lib/python3.12/site-packages/airflow/example_dags/example_branch_labels.py
[2024-07-04T09:35:36.503+0000] {processor.py:840} INFO - DAG(s) 'example_branch_labels' retrieved from /home/airflow/.local/lib/python3.12/site-packages/airflow/example_dags/example_branch_labels.py
[2024-07-04T09:35:36.525+0000] {logging_mixin.py:188} INFO - [2024-07-04T09:35:36.525+0000] {dag.py:3096} INFO - Sync 1 DAGs
[2024-07-04T09:35:36.546+0000] {logging_mixin.py:188} INFO - [2024-07-04T09:35:36.546+0000] {dag.py:3954} INFO - Setting next_dagrun for example_branch_labels to 2024-07-03 00:00:00+00:00, run_after=2024-07-04 00:00:00+00:00
[2024-07-04T09:35:36.574+0000] {processor.py:183} INFO - Processing /home/airflow/.local/lib/python3.12/site-packages/airflow/example_dags/example_branch_labels.py took 0.091 seconds
[2024-07-04T09:36:07.090+0000] {processor.py:161} INFO - Started process (PID=197) to work on /home/airflow/.local/lib/python3.12/site-packages/airflow/example_dags/example_branch_labels.py
[2024-07-04T09:36:07.092+0000] {processor.py:830} INFO - Processing file /home/airflow/.local/lib/python3.12/site-packages/airflow/example_dags/example_branch_labels.py for tasks to queue
[2024-07-04T09:36:07.094+0000] {logging_mixin.py:188} INFO - [2024-07-04T09:36:07.094+0000] {dagbag.py:545} INFO - Filling up the DagBag from /home/airflow/.local/lib/python3.12/site-packages/airflow/example_dags/example_branch_labels.py
[2024-07-04T09:36:07.109+0000] {processor.py:840} INFO - DAG(s) 'example_branch_labels' retrieved from /home/airflow/.local/lib/python3.12/site-packages/airflow/example_dags/example_branch_labels.py
[2024-07-04T09:36:07.230+0000] {logging_mixin.py:188} INFO - [2024-07-04T09:36:07.230+0000] {dag.py:3096} INFO - Sync 1 DAGs
[2024-07-04T09:36:07.397+0000] {logging_mixin.py:188} INFO - [2024-07-04T09:36:07.395+0000] {dag.py:3954} INFO - Setting next_dagrun for example_branch_labels to 2024-07-03 00:00:00+00:00, run_after=2024-07-04 00:00:00+00:00
[2024-07-04T09:36:07.504+0000] {processor.py:183} INFO - Processing /home/airflow/.local/lib/python3.12/site-packages/airflow/example_dags/example_branch_labels.py took 0.421 seconds
[2024-07-04T09:36:37.597+0000] {processor.py:161} INFO - Started process (PID=256) to work on /home/airflow/.local/lib/python3.12/site-packages/airflow/example_dags/example_branch_labels.py
[2024-07-04T09:36:37.599+0000] {processor.py:830} INFO - Processing file /home/airflow/.local/lib/python3.12/site-packages/airflow/example_dags/example_branch_labels.py for tasks to queue
[2024-07-04T09:36:37.601+0000] {logging_mixin.py:188} INFO - [2024-07-04T09:36:37.601+0000] {dagbag.py:545} INFO - Filling up the DagBag from /home/airflow/.local/lib/python3.12/site-packages/airflow/example_dags/example_branch_labels.py
[2024-07-04T09:36:37.611+0000] {processor.py:840} INFO - DAG(s) 'example_branch_labels' retrieved from /home/airflow/.local/lib/python3.12/site-packages/airflow/example_dags/example_branch_labels.py
[2024-07-04T09:36:37.649+0000] {logging_mixin.py:188} INFO - [2024-07-04T09:36:37.649+0000] {dag.py:3096} INFO - Sync 1 DAGs
[2024-07-04T09:36:37.682+0000] {logging_mixin.py:188} INFO - [2024-07-04T09:36:37.682+0000] {dag.py:3954} INFO - Setting next_dagrun for example_branch_labels to 2024-07-03 00:00:00+00:00, run_after=2024-07-04 00:00:00+00:00
[2024-07-04T09:36:37.733+0000] {processor.py:183} INFO - Processing /home/airflow/.local/lib/python3.12/site-packages/airflow/example_dags/example_branch_labels.py took 0.143 seconds
[2024-07-04T09:37:08.186+0000] {processor.py:161} INFO - Started process (PID=315) to work on /home/airflow/.local/lib/python3.12/site-packages/airflow/example_dags/example_branch_labels.py
[2024-07-04T09:37:08.188+0000] {processor.py:830} INFO - Processing file /home/airflow/.local/lib/python3.12/site-packages/airflow/example_dags/example_branch_labels.py for tasks to queue
[2024-07-04T09:37:08.190+0000] {logging_mixin.py:188} INFO - [2024-07-04T09:37:08.190+0000] {dagbag.py:545} INFO - Filling up the DagBag from /home/airflow/.local/lib/python3.12/site-packages/airflow/example_dags/example_branch_labels.py
[2024-07-04T09:37:08.198+0000] {processor.py:840} INFO - DAG(s) 'example_branch_labels' retrieved from /home/airflow/.local/lib/python3.12/site-packages/airflow/example_dags/example_branch_labels.py
[2024-07-04T09:37:08.218+0000] {logging_mixin.py:188} INFO - [2024-07-04T09:37:08.217+0000] {dag.py:3096} INFO - Sync 1 DAGs
[2024-07-04T09:37:08.253+0000] {logging_mixin.py:188} INFO - [2024-07-04T09:37:08.252+0000] {dag.py:3954} INFO - Setting next_dagrun for example_branch_labels to 2024-07-03 00:00:00+00:00, run_after=2024-07-04 00:00:00+00:00
[2024-07-04T09:37:08.284+0000] {processor.py:183} INFO - Processing /home/airflow/.local/lib/python3.12/site-packages/airflow/example_dags/example_branch_labels.py took 0.107 seconds
[2024-07-04T09:37:38.488+0000] {processor.py:161} INFO - Started process (PID=374) to work on /home/airflow/.local/lib/python3.12/site-packages/airflow/example_dags/example_branch_labels.py
[2024-07-04T09:37:38.493+0000] {processor.py:830} INFO - Processing file /home/airflow/.local/lib/python3.12/site-packages/airflow/example_dags/example_branch_labels.py for tasks to queue
[2024-07-04T09:37:38.496+0000] {logging_mixin.py:188} INFO - [2024-07-04T09:37:38.496+0000] {dagbag.py:545} INFO - Filling up the DagBag from /home/airflow/.local/lib/python3.12/site-packages/airflow/example_dags/example_branch_labels.py
[2024-07-04T09:37:38.507+0000] {processor.py:840} INFO - DAG(s) 'example_branch_labels' retrieved from /home/airflow/.local/lib/python3.12/site-packages/airflow/example_dags/example_branch_labels.py
[2024-07-04T09:37:38.538+0000] {logging_mixin.py:188} INFO - [2024-07-04T09:37:38.538+0000] {dag.py:3096} INFO - Sync 1 DAGs
[2024-07-04T09:37:38.578+0000] {logging_mixin.py:188} INFO - [2024-07-04T09:37:38.578+0000] {dag.py:3954} INFO - Setting next_dagrun for example_branch_labels to 2024-07-03 00:00:00+00:00, run_after=2024-07-04 00:00:00+00:00
[2024-07-04T09:37:38.618+0000] {processor.py:183} INFO - Processing /home/airflow/.local/lib/python3.12/site-packages/airflow/example_dags/example_branch_labels.py took 0.136 seconds
[2024-07-04T09:38:10.642+0000] {processor.py:161} INFO - Started process (PID=433) to work on /home/airflow/.local/lib/python3.12/site-packages/airflow/example_dags/example_branch_labels.py
[2024-07-04T09:38:10.643+0000] {processor.py:830} INFO - Processing file /home/airflow/.local/lib/python3.12/site-packages/airflow/example_dags/example_branch_labels.py for tasks to queue
[2024-07-04T09:38:10.645+0000] {logging_mixin.py:188} INFO - [2024-07-04T09:38:10.645+0000] {dagbag.py:545} INFO - Filling up the DagBag from /home/airflow/.local/lib/python3.12/site-packages/airflow/example_dags/example_branch_labels.py
[2024-07-04T09:38:10.659+0000] {processor.py:840} INFO - DAG(s) 'example_branch_labels' retrieved from /home/airflow/.local/lib/python3.12/site-packages/airflow/example_dags/example_branch_labels.py
[2024-07-04T09:38:10.688+0000] {logging_mixin.py:188} INFO - [2024-07-04T09:38:10.688+0000] {dag.py:3096} INFO - Sync 1 DAGs
[2024-07-04T09:38:10.726+0000] {logging_mixin.py:188} INFO - [2024-07-04T09:38:10.725+0000] {dag.py:3954} INFO - Setting next_dagrun for example_branch_labels to 2024-07-03 00:00:00+00:00, run_after=2024-07-04 00:00:00+00:00
[2024-07-04T09:38:10.772+0000] {processor.py:183} INFO - Processing /home/airflow/.local/lib/python3.12/site-packages/airflow/example_dags/example_branch_labels.py took 0.136 seconds
[2024-07-04T09:38:41.114+0000] {processor.py:161} INFO - Started process (PID=491) to work on /home/airflow/.local/lib/python3.12/site-packages/airflow/example_dags/example_branch_labels.py
[2024-07-04T09:38:41.115+0000] {processor.py:830} INFO - Processing file /home/airflow/.local/lib/python3.12/site-packages/airflow/example_dags/example_branch_labels.py for tasks to queue
[2024-07-04T09:38:41.117+0000] {logging_mixin.py:188} INFO - [2024-07-04T09:38:41.116+0000] {dagbag.py:545} INFO - Filling up the DagBag from /home/airflow/.local/lib/python3.12/site-packages/airflow/example_dags/example_branch_labels.py
[2024-07-04T09:38:41.133+0000] {processor.py:840} INFO - DAG(s) 'example_branch_labels' retrieved from /home/airflow/.local/lib/python3.12/site-packages/airflow/example_dags/example_branch_labels.py
[2024-07-04T09:38:41.170+0000] {logging_mixin.py:188} INFO - [2024-07-04T09:38:41.169+0000] {dag.py:3096} INFO - Sync 1 DAGs
[2024-07-04T09:38:41.228+0000] {logging_mixin.py:188} INFO - [2024-07-04T09:38:41.228+0000] {dag.py:3954} INFO - Setting next_dagrun for example_branch_labels to 2024-07-03 00:00:00+00:00, run_after=2024-07-04 00:00:00+00:00
[2024-07-04T09:38:41.290+0000] {processor.py:183} INFO - Processing /home/airflow/.local/lib/python3.12/site-packages/airflow/example_dags/example_branch_labels.py took 0.189 seconds
[2024-07-04T09:39:11.927+0000] {processor.py:161} INFO - Started process (PID=550) to work on /home/airflow/.local/lib/python3.12/site-packages/airflow/example_dags/example_branch_labels.py
[2024-07-04T09:39:11.928+0000] {processor.py:830} INFO - Processing file /home/airflow/.local/lib/python3.12/site-packages/airflow/example_dags/example_branch_labels.py for tasks to queue
[2024-07-04T09:39:11.931+0000] {logging_mixin.py:188} INFO - [2024-07-04T09:39:11.931+0000] {dagbag.py:545} INFO - Filling up the DagBag from /home/airflow/.local/lib/python3.12/site-packages/airflow/example_dags/example_branch_labels.py
[2024-07-04T09:39:11.939+0000] {processor.py:840} INFO - DAG(s) 'example_branch_labels' retrieved from /home/airflow/.local/lib/python3.12/site-packages/airflow/example_dags/example_branch_labels.py
[2024-07-04T09:39:11.962+0000] {logging_mixin.py:188} INFO - [2024-07-04T09:39:11.962+0000] {dag.py:3096} INFO - Sync 1 DAGs
[2024-07-04T09:39:11.983+0000] {logging_mixin.py:188} INFO - [2024-07-04T09:39:11.983+0000] {dag.py:3954} INFO - Setting next_dagrun for example_branch_labels to 2024-07-03 00:00:00+00:00, run_after=2024-07-04 00:00:00+00:00
[2024-07-04T09:39:12.004+0000] {processor.py:183} INFO - Processing /home/airflow/.local/lib/python3.12/site-packages/airflow/example_dags/example_branch_labels.py took 0.083 seconds
[2024-07-04T09:39:42.646+0000] {processor.py:161} INFO - Started process (PID=609) to work on /home/airflow/.local/lib/python3.12/site-packages/airflow/example_dags/example_branch_labels.py
[2024-07-04T09:39:42.647+0000] {processor.py:830} INFO - Processing file /home/airflow/.local/lib/python3.12/site-packages/airflow/example_dags/example_branch_labels.py for tasks to queue
[2024-07-04T09:39:42.649+0000] {logging_mixin.py:188} INFO - [2024-07-04T09:39:42.649+0000] {dagbag.py:545} INFO - Filling up the DagBag from /home/airflow/.local/lib/python3.12/site-packages/airflow/example_dags/example_branch_labels.py
[2024-07-04T09:39:42.657+0000] {processor.py:840} INFO - DAG(s) 'example_branch_labels' retrieved from /home/airflow/.local/lib/python3.12/site-packages/airflow/example_dags/example_branch_labels.py
[2024-07-04T09:39:42.678+0000] {logging_mixin.py:188} INFO - [2024-07-04T09:39:42.677+0000] {dag.py:3096} INFO - Sync 1 DAGs
[2024-07-04T09:39:42.699+0000] {logging_mixin.py:188} INFO - [2024-07-04T09:39:42.699+0000] {dag.py:3954} INFO - Setting next_dagrun for example_branch_labels to 2024-07-03 00:00:00+00:00, run_after=2024-07-04 00:00:00+00:00
[2024-07-04T09:39:42.724+0000] {processor.py:183} INFO - Processing /home/airflow/.local/lib/python3.12/site-packages/airflow/example_dags/example_branch_labels.py took 0.083 seconds
[2024-07-04T09:40:12.989+0000] {processor.py:161} INFO - Started process (PID=668) to work on /home/airflow/.local/lib/python3.12/site-packages/airflow/example_dags/example_branch_labels.py
[2024-07-04T09:40:12.990+0000] {processor.py:830} INFO - Processing file /home/airflow/.local/lib/python3.12/site-packages/airflow/example_dags/example_branch_labels.py for tasks to queue
[2024-07-04T09:40:12.996+0000] {logging_mixin.py:188} INFO - [2024-07-04T09:40:12.994+0000] {dagbag.py:545} INFO - Filling up the DagBag from /home/airflow/.local/lib/python3.12/site-packages/airflow/example_dags/example_branch_labels.py
[2024-07-04T09:40:13.004+0000] {processor.py:840} INFO - DAG(s) 'example_branch_labels' retrieved from /home/airflow/.local/lib/python3.12/site-packages/airflow/example_dags/example_branch_labels.py
[2024-07-04T09:40:13.023+0000] {logging_mixin.py:188} INFO - [2024-07-04T09:40:13.023+0000] {dag.py:3096} INFO - Sync 1 DAGs
[2024-07-04T09:40:13.062+0000] {logging_mixin.py:188} INFO - [2024-07-04T09:40:13.062+0000] {dag.py:3954} INFO - Setting next_dagrun for example_branch_labels to 2024-07-03 00:00:00+00:00, run_after=2024-07-04 00:00:00+00:00
[2024-07-04T09:40:13.094+0000] {processor.py:183} INFO - Processing /home/airflow/.local/lib/python3.12/site-packages/airflow/example_dags/example_branch_labels.py took 0.111 seconds
[2024-07-04T09:40:43.198+0000] {processor.py:161} INFO - Started process (PID=727) to work on /home/airflow/.local/lib/python3.12/site-packages/airflow/example_dags/example_branch_labels.py
[2024-07-04T09:40:43.206+0000] {processor.py:830} INFO - Processing file /home/airflow/.local/lib/python3.12/site-packages/airflow/example_dags/example_branch_labels.py for tasks to queue
[2024-07-04T09:40:43.208+0000] {logging_mixin.py:188} INFO - [2024-07-04T09:40:43.208+0000] {dagbag.py:545} INFO - Filling up the DagBag from /home/airflow/.local/lib/python3.12/site-packages/airflow/example_dags/example_branch_labels.py
[2024-07-04T09:40:43.215+0000] {processor.py:840} INFO - DAG(s) 'example_branch_labels' retrieved from /home/airflow/.local/lib/python3.12/site-packages/airflow/example_dags/example_branch_labels.py
[2024-07-04T09:40:43.280+0000] {logging_mixin.py:188} INFO - [2024-07-04T09:40:43.279+0000] {dag.py:3096} INFO - Sync 1 DAGs
[2024-07-04T09:40:43.320+0000] {logging_mixin.py:188} INFO - [2024-07-04T09:40:43.320+0000] {dag.py:3954} INFO - Setting next_dagrun for example_branch_labels to 2024-07-03 00:00:00+00:00, run_after=2024-07-04 00:00:00+00:00
[2024-07-04T09:40:43.363+0000] {processor.py:183} INFO - Processing /home/airflow/.local/lib/python3.12/site-packages/airflow/example_dags/example_branch_labels.py took 0.170 seconds
[2024-07-04T09:41:13.546+0000] {processor.py:161} INFO - Started process (PID=787) to work on /home/airflow/.local/lib/python3.12/site-packages/airflow/example_dags/example_branch_labels.py
[2024-07-04T09:41:13.548+0000] {processor.py:830} INFO - Processing file /home/airflow/.local/lib/python3.12/site-packages/airflow/example_dags/example_branch_labels.py for tasks to queue
[2024-07-04T09:41:13.550+0000] {logging_mixin.py:188} INFO - [2024-07-04T09:41:13.549+0000] {dagbag.py:545} INFO - Filling up the DagBag from /home/airflow/.local/lib/python3.12/site-packages/airflow/example_dags/example_branch_labels.py
[2024-07-04T09:41:13.557+0000] {processor.py:840} INFO - DAG(s) 'example_branch_labels' retrieved from /home/airflow/.local/lib/python3.12/site-packages/airflow/example_dags/example_branch_labels.py
[2024-07-04T09:41:13.575+0000] {logging_mixin.py:188} INFO - [2024-07-04T09:41:13.574+0000] {dag.py:3096} INFO - Sync 1 DAGs
[2024-07-04T09:41:13.595+0000] {logging_mixin.py:188} INFO - [2024-07-04T09:41:13.595+0000] {dag.py:3954} INFO - Setting next_dagrun for example_branch_labels to 2024-07-03 00:00:00+00:00, run_after=2024-07-04 00:00:00+00:00
[2024-07-04T09:41:13.614+0000] {processor.py:183} INFO - Processing /home/airflow/.local/lib/python3.12/site-packages/airflow/example_dags/example_branch_labels.py took 0.073 seconds
[2024-07-04T09:41:43.998+0000] {processor.py:161} INFO - Started process (PID=846) to work on /home/airflow/.local/lib/python3.12/site-packages/airflow/example_dags/example_branch_labels.py
[2024-07-04T09:41:43.999+0000] {processor.py:830} INFO - Processing file /home/airflow/.local/lib/python3.12/site-packages/airflow/example_dags/example_branch_labels.py for tasks to queue
[2024-07-04T09:41:44.001+0000] {logging_mixin.py:188} INFO - [2024-07-04T09:41:44.001+0000] {dagbag.py:545} INFO - Filling up the DagBag from /home/airflow/.local/lib/python3.12/site-packages/airflow/example_dags/example_branch_labels.py
[2024-07-04T09:41:44.007+0000] {processor.py:840} INFO - DAG(s) 'example_branch_labels' retrieved from /home/airflow/.local/lib/python3.12/site-packages/airflow/example_dags/example_branch_labels.py
[2024-07-04T09:41:44.025+0000] {logging_mixin.py:188} INFO - [2024-07-04T09:41:44.025+0000] {dag.py:3096} INFO - Sync 1 DAGs
[2024-07-04T09:41:44.045+0000] {logging_mixin.py:188} INFO - [2024-07-04T09:41:44.044+0000] {dag.py:3954} INFO - Setting next_dagrun for example_branch_labels to 2024-07-03 00:00:00+00:00, run_after=2024-07-04 00:00:00+00:00
[2024-07-04T09:41:44.064+0000] {processor.py:183} INFO - Processing /home/airflow/.local/lib/python3.12/site-packages/airflow/example_dags/example_branch_labels.py took 0.071 seconds
[2024-07-04T09:42:14.259+0000] {processor.py:161} INFO - Started process (PID=904) to work on /home/airflow/.local/lib/python3.12/site-packages/airflow/example_dags/example_branch_labels.py
[2024-07-04T09:42:14.261+0000] {processor.py:830} INFO - Processing file /home/airflow/.local/lib/python3.12/site-packages/airflow/example_dags/example_branch_labels.py for tasks to queue
[2024-07-04T09:42:14.263+0000] {logging_mixin.py:188} INFO - [2024-07-04T09:42:14.263+0000] {dagbag.py:545} INFO - Filling up the DagBag from /home/airflow/.local/lib/python3.12/site-packages/airflow/example_dags/example_branch_labels.py
[2024-07-04T09:42:14.296+0000] {processor.py:840} INFO - DAG(s) 'example_branch_labels' retrieved from /home/airflow/.local/lib/python3.12/site-packages/airflow/example_dags/example_branch_labels.py
[2024-07-04T09:42:14.336+0000] {logging_mixin.py:188} INFO - [2024-07-04T09:42:14.336+0000] {dag.py:3096} INFO - Sync 1 DAGs
[2024-07-04T09:42:14.385+0000] {logging_mixin.py:188} INFO - [2024-07-04T09:42:14.384+0000] {dag.py:3954} INFO - Setting next_dagrun for example_branch_labels to 2024-07-03 00:00:00+00:00, run_after=2024-07-04 00:00:00+00:00
[2024-07-04T09:42:14.432+0000] {processor.py:183} INFO - Processing /home/airflow/.local/lib/python3.12/site-packages/airflow/example_dags/example_branch_labels.py took 0.200 seconds
[2024-07-04T09:42:44.825+0000] {processor.py:161} INFO - Started process (PID=964) to work on /home/airflow/.local/lib/python3.12/site-packages/airflow/example_dags/example_branch_labels.py
[2024-07-04T09:42:44.826+0000] {processor.py:830} INFO - Processing file /home/airflow/.local/lib/python3.12/site-packages/airflow/example_dags/example_branch_labels.py for tasks to queue
[2024-07-04T09:42:44.829+0000] {logging_mixin.py:188} INFO - [2024-07-04T09:42:44.828+0000] {dagbag.py:545} INFO - Filling up the DagBag from /home/airflow/.local/lib/python3.12/site-packages/airflow/example_dags/example_branch_labels.py
[2024-07-04T09:42:44.837+0000] {processor.py:840} INFO - DAG(s) 'example_branch_labels' retrieved from /home/airflow/.local/lib/python3.12/site-packages/airflow/example_dags/example_branch_labels.py
[2024-07-04T09:42:44.862+0000] {logging_mixin.py:188} INFO - [2024-07-04T09:42:44.861+0000] {dag.py:3096} INFO - Sync 1 DAGs
[2024-07-04T09:42:44.924+0000] {logging_mixin.py:188} INFO - [2024-07-04T09:42:44.916+0000] {dag.py:3954} INFO - Setting next_dagrun for example_branch_labels to 2024-07-03 00:00:00+00:00, run_after=2024-07-04 00:00:00+00:00
[2024-07-04T09:42:44.963+0000] {processor.py:183} INFO - Processing /home/airflow/.local/lib/python3.12/site-packages/airflow/example_dags/example_branch_labels.py took 0.149 seconds
[2024-07-04T09:43:15.107+0000] {processor.py:161} INFO - Started process (PID=1024) to work on /home/airflow/.local/lib/python3.12/site-packages/airflow/example_dags/example_branch_labels.py
[2024-07-04T09:43:15.108+0000] {processor.py:830} INFO - Processing file /home/airflow/.local/lib/python3.12/site-packages/airflow/example_dags/example_branch_labels.py for tasks to queue
[2024-07-04T09:43:15.110+0000] {logging_mixin.py:188} INFO - [2024-07-04T09:43:15.109+0000] {dagbag.py:545} INFO - Filling up the DagBag from /home/airflow/.local/lib/python3.12/site-packages/airflow/example_dags/example_branch_labels.py
[2024-07-04T09:43:15.117+0000] {processor.py:840} INFO - DAG(s) 'example_branch_labels' retrieved from /home/airflow/.local/lib/python3.12/site-packages/airflow/example_dags/example_branch_labels.py
[2024-07-04T09:43:15.144+0000] {logging_mixin.py:188} INFO - [2024-07-04T09:43:15.144+0000] {dag.py:3096} INFO - Sync 1 DAGs
[2024-07-04T09:43:15.171+0000] {logging_mixin.py:188} INFO - [2024-07-04T09:43:15.171+0000] {dag.py:3954} INFO - Setting next_dagrun for example_branch_labels to 2024-07-03 00:00:00+00:00, run_after=2024-07-04 00:00:00+00:00
[2024-07-04T09:43:15.222+0000] {processor.py:183} INFO - Processing /home/airflow/.local/lib/python3.12/site-packages/airflow/example_dags/example_branch_labels.py took 0.122 seconds
[2024-07-04T09:43:45.302+0000] {processor.py:161} INFO - Started process (PID=1082) to work on /home/airflow/.local/lib/python3.12/site-packages/airflow/example_dags/example_branch_labels.py
[2024-07-04T09:43:45.303+0000] {processor.py:830} INFO - Processing file /home/airflow/.local/lib/python3.12/site-packages/airflow/example_dags/example_branch_labels.py for tasks to queue
[2024-07-04T09:43:45.306+0000] {logging_mixin.py:188} INFO - [2024-07-04T09:43:45.306+0000] {dagbag.py:545} INFO - Filling up the DagBag from /home/airflow/.local/lib/python3.12/site-packages/airflow/example_dags/example_branch_labels.py
[2024-07-04T09:43:45.315+0000] {processor.py:840} INFO - DAG(s) 'example_branch_labels' retrieved from /home/airflow/.local/lib/python3.12/site-packages/airflow/example_dags/example_branch_labels.py
[2024-07-04T09:43:45.337+0000] {logging_mixin.py:188} INFO - [2024-07-04T09:43:45.337+0000] {dag.py:3096} INFO - Sync 1 DAGs
[2024-07-04T09:43:45.366+0000] {logging_mixin.py:188} INFO - [2024-07-04T09:43:45.365+0000] {dag.py:3954} INFO - Setting next_dagrun for example_branch_labels to 2024-07-03 00:00:00+00:00, run_after=2024-07-04 00:00:00+00:00
[2024-07-04T09:43:45.392+0000] {processor.py:183} INFO - Processing /home/airflow/.local/lib/python3.12/site-packages/airflow/example_dags/example_branch_labels.py took 0.096 seconds
[2024-07-04T09:44:16.368+0000] {processor.py:161} INFO - Started process (PID=1142) to work on /home/airflow/.local/lib/python3.12/site-packages/airflow/example_dags/example_branch_labels.py
[2024-07-04T09:44:16.370+0000] {processor.py:830} INFO - Processing file /home/airflow/.local/lib/python3.12/site-packages/airflow/example_dags/example_branch_labels.py for tasks to queue
[2024-07-04T09:44:16.372+0000] {logging_mixin.py:188} INFO - [2024-07-04T09:44:16.372+0000] {dagbag.py:545} INFO - Filling up the DagBag from /home/airflow/.local/lib/python3.12/site-packages/airflow/example_dags/example_branch_labels.py
[2024-07-04T09:44:16.393+0000] {processor.py:840} INFO - DAG(s) 'example_branch_labels' retrieved from /home/airflow/.local/lib/python3.12/site-packages/airflow/example_dags/example_branch_labels.py
[2024-07-04T09:44:16.438+0000] {logging_mixin.py:188} INFO - [2024-07-04T09:44:16.438+0000] {dag.py:3096} INFO - Sync 1 DAGs
[2024-07-04T09:44:16.493+0000] {logging_mixin.py:188} INFO - [2024-07-04T09:44:16.493+0000] {dag.py:3954} INFO - Setting next_dagrun for example_branch_labels to 2024-07-03 00:00:00+00:00, run_after=2024-07-04 00:00:00+00:00
[2024-07-04T09:44:16.529+0000] {processor.py:183} INFO - Processing /home/airflow/.local/lib/python3.12/site-packages/airflow/example_dags/example_branch_labels.py took 0.176 seconds
[2024-07-04T09:44:47.469+0000] {processor.py:161} INFO - Started process (PID=1201) to work on /home/airflow/.local/lib/python3.12/site-packages/airflow/example_dags/example_branch_labels.py
[2024-07-04T09:44:47.471+0000] {processor.py:830} INFO - Processing file /home/airflow/.local/lib/python3.12/site-packages/airflow/example_dags/example_branch_labels.py for tasks to queue
[2024-07-04T09:44:47.475+0000] {logging_mixin.py:188} INFO - [2024-07-04T09:44:47.474+0000] {dagbag.py:545} INFO - Filling up the DagBag from /home/airflow/.local/lib/python3.12/site-packages/airflow/example_dags/example_branch_labels.py
[2024-07-04T09:44:47.490+0000] {processor.py:840} INFO - DAG(s) 'example_branch_labels' retrieved from /home/airflow/.local/lib/python3.12/site-packages/airflow/example_dags/example_branch_labels.py
[2024-07-04T09:44:47.514+0000] {logging_mixin.py:188} INFO - [2024-07-04T09:44:47.514+0000] {dag.py:3096} INFO - Sync 1 DAGs
[2024-07-04T09:44:47.549+0000] {logging_mixin.py:188} INFO - [2024-07-04T09:44:47.549+0000] {dag.py:3954} INFO - Setting next_dagrun for example_branch_labels to 2024-07-03 00:00:00+00:00, run_after=2024-07-04 00:00:00+00:00
[2024-07-04T09:44:47.580+0000] {processor.py:183} INFO - Processing /home/airflow/.local/lib/python3.12/site-packages/airflow/example_dags/example_branch_labels.py took 0.119 seconds
[2024-07-04T09:45:17.929+0000] {processor.py:161} INFO - Started process (PID=1260) to work on /home/airflow/.local/lib/python3.12/site-packages/airflow/example_dags/example_branch_labels.py
[2024-07-04T09:45:17.931+0000] {processor.py:830} INFO - Processing file /home/airflow/.local/lib/python3.12/site-packages/airflow/example_dags/example_branch_labels.py for tasks to queue
[2024-07-04T09:45:17.935+0000] {logging_mixin.py:188} INFO - [2024-07-04T09:45:17.934+0000] {dagbag.py:545} INFO - Filling up the DagBag from /home/airflow/.local/lib/python3.12/site-packages/airflow/example_dags/example_branch_labels.py
[2024-07-04T09:45:17.955+0000] {processor.py:840} INFO - DAG(s) 'example_branch_labels' retrieved from /home/airflow/.local/lib/python3.12/site-packages/airflow/example_dags/example_branch_labels.py
[2024-07-04T09:45:17.992+0000] {logging_mixin.py:188} INFO - [2024-07-04T09:45:17.992+0000] {dag.py:3096} INFO - Sync 1 DAGs
[2024-07-04T09:45:18.033+0000] {logging_mixin.py:188} INFO - [2024-07-04T09:45:18.032+0000] {dag.py:3954} INFO - Setting next_dagrun for example_branch_labels to 2024-07-03 00:00:00+00:00, run_after=2024-07-04 00:00:00+00:00
[2024-07-04T09:45:18.076+0000] {processor.py:183} INFO - Processing /home/airflow/.local/lib/python3.12/site-packages/airflow/example_dags/example_branch_labels.py took 0.166 seconds
[2024-07-04T09:45:48.333+0000] {processor.py:161} INFO - Started process (PID=1319) to work on /home/airflow/.local/lib/python3.12/site-packages/airflow/example_dags/example_branch_labels.py
[2024-07-04T09:45:48.334+0000] {processor.py:830} INFO - Processing file /home/airflow/.local/lib/python3.12/site-packages/airflow/example_dags/example_branch_labels.py for tasks to queue
[2024-07-04T09:45:48.338+0000] {logging_mixin.py:188} INFO - [2024-07-04T09:45:48.337+0000] {dagbag.py:545} INFO - Filling up the DagBag from /home/airflow/.local/lib/python3.12/site-packages/airflow/example_dags/example_branch_labels.py
[2024-07-04T09:45:48.346+0000] {processor.py:840} INFO - DAG(s) 'example_branch_labels' retrieved from /home/airflow/.local/lib/python3.12/site-packages/airflow/example_dags/example_branch_labels.py
[2024-07-04T09:45:48.367+0000] {logging_mixin.py:188} INFO - [2024-07-04T09:45:48.367+0000] {dag.py:3096} INFO - Sync 1 DAGs
[2024-07-04T09:45:48.400+0000] {logging_mixin.py:188} INFO - [2024-07-04T09:45:48.399+0000] {dag.py:3954} INFO - Setting next_dagrun for example_branch_labels to 2024-07-03 00:00:00+00:00, run_after=2024-07-04 00:00:00+00:00
[2024-07-04T09:45:48.419+0000] {processor.py:183} INFO - Processing /home/airflow/.local/lib/python3.12/site-packages/airflow/example_dags/example_branch_labels.py took 0.093 seconds
[2024-07-04T09:46:18.638+0000] {processor.py:161} INFO - Started process (PID=1378) to work on /home/airflow/.local/lib/python3.12/site-packages/airflow/example_dags/example_branch_labels.py
[2024-07-04T09:46:18.640+0000] {processor.py:830} INFO - Processing file /home/airflow/.local/lib/python3.12/site-packages/airflow/example_dags/example_branch_labels.py for tasks to queue
[2024-07-04T09:46:18.642+0000] {logging_mixin.py:188} INFO - [2024-07-04T09:46:18.641+0000] {dagbag.py:545} INFO - Filling up the DagBag from /home/airflow/.local/lib/python3.12/site-packages/airflow/example_dags/example_branch_labels.py
[2024-07-04T09:46:18.659+0000] {processor.py:840} INFO - DAG(s) 'example_branch_labels' retrieved from /home/airflow/.local/lib/python3.12/site-packages/airflow/example_dags/example_branch_labels.py
[2024-07-04T09:46:18.679+0000] {logging_mixin.py:188} INFO - [2024-07-04T09:46:18.679+0000] {dag.py:3096} INFO - Sync 1 DAGs
[2024-07-04T09:46:18.699+0000] {logging_mixin.py:188} INFO - [2024-07-04T09:46:18.698+0000] {dag.py:3954} INFO - Setting next_dagrun for example_branch_labels to 2024-07-03 00:00:00+00:00, run_after=2024-07-04 00:00:00+00:00
[2024-07-04T09:46:18.717+0000] {processor.py:183} INFO - Processing /home/airflow/.local/lib/python3.12/site-packages/airflow/example_dags/example_branch_labels.py took 0.084 seconds
[2024-07-04T09:46:49.294+0000] {processor.py:161} INFO - Started process (PID=1438) to work on /home/airflow/.local/lib/python3.12/site-packages/airflow/example_dags/example_branch_labels.py
[2024-07-04T09:46:49.296+0000] {processor.py:830} INFO - Processing file /home/airflow/.local/lib/python3.12/site-packages/airflow/example_dags/example_branch_labels.py for tasks to queue
[2024-07-04T09:46:49.298+0000] {logging_mixin.py:188} INFO - [2024-07-04T09:46:49.298+0000] {dagbag.py:545} INFO - Filling up the DagBag from /home/airflow/.local/lib/python3.12/site-packages/airflow/example_dags/example_branch_labels.py
[2024-07-04T09:46:49.307+0000] {processor.py:840} INFO - DAG(s) 'example_branch_labels' retrieved from /home/airflow/.local/lib/python3.12/site-packages/airflow/example_dags/example_branch_labels.py
[2024-07-04T09:46:49.337+0000] {logging_mixin.py:188} INFO - [2024-07-04T09:46:49.337+0000] {dag.py:3096} INFO - Sync 1 DAGs
[2024-07-04T09:46:49.374+0000] {logging_mixin.py:188} INFO - [2024-07-04T09:46:49.374+0000] {dag.py:3954} INFO - Setting next_dagrun for example_branch_labels to 2024-07-03 00:00:00+00:00, run_after=2024-07-04 00:00:00+00:00
[2024-07-04T09:46:49.392+0000] {processor.py:183} INFO - Processing /home/airflow/.local/lib/python3.12/site-packages/airflow/example_dags/example_branch_labels.py took 0.105 seconds
[2024-07-04T09:47:20.399+0000] {processor.py:161} INFO - Started process (PID=1498) to work on /home/airflow/.local/lib/python3.12/site-packages/airflow/example_dags/example_branch_labels.py
[2024-07-04T09:47:20.403+0000] {processor.py:830} INFO - Processing file /home/airflow/.local/lib/python3.12/site-packages/airflow/example_dags/example_branch_labels.py for tasks to queue
[2024-07-04T09:47:20.407+0000] {logging_mixin.py:188} INFO - [2024-07-04T09:47:20.407+0000] {dagbag.py:545} INFO - Filling up the DagBag from /home/airflow/.local/lib/python3.12/site-packages/airflow/example_dags/example_branch_labels.py
[2024-07-04T09:47:20.425+0000] {processor.py:840} INFO - DAG(s) 'example_branch_labels' retrieved from /home/airflow/.local/lib/python3.12/site-packages/airflow/example_dags/example_branch_labels.py
[2024-07-04T09:47:20.463+0000] {logging_mixin.py:188} INFO - [2024-07-04T09:47:20.462+0000] {dag.py:3096} INFO - Sync 1 DAGs
[2024-07-04T09:47:20.516+0000] {logging_mixin.py:188} INFO - [2024-07-04T09:47:20.516+0000] {dag.py:3954} INFO - Setting next_dagrun for example_branch_labels to 2024-07-03 00:00:00+00:00, run_after=2024-07-04 00:00:00+00:00
[2024-07-04T09:47:20.564+0000] {processor.py:183} INFO - Processing /home/airflow/.local/lib/python3.12/site-packages/airflow/example_dags/example_branch_labels.py took 0.177 seconds
[2024-07-04T09:47:52.606+0000] {processor.py:161} INFO - Started process (PID=1557) to work on /home/airflow/.local/lib/python3.12/site-packages/airflow/example_dags/example_branch_labels.py
[2024-07-04T09:47:52.616+0000] {processor.py:830} INFO - Processing file /home/airflow/.local/lib/python3.12/site-packages/airflow/example_dags/example_branch_labels.py for tasks to queue
[2024-07-04T09:47:52.624+0000] {logging_mixin.py:188} INFO - [2024-07-04T09:47:52.623+0000] {dagbag.py:545} INFO - Filling up the DagBag from /home/airflow/.local/lib/python3.12/site-packages/airflow/example_dags/example_branch_labels.py
[2024-07-04T09:47:52.664+0000] {processor.py:840} INFO - DAG(s) 'example_branch_labels' retrieved from /home/airflow/.local/lib/python3.12/site-packages/airflow/example_dags/example_branch_labels.py
[2024-07-04T09:47:52.709+0000] {logging_mixin.py:188} INFO - [2024-07-04T09:47:52.708+0000] {dag.py:3096} INFO - Sync 1 DAGs
[2024-07-04T09:47:52.753+0000] {logging_mixin.py:188} INFO - [2024-07-04T09:47:52.749+0000] {dag.py:3954} INFO - Setting next_dagrun for example_branch_labels to 2024-07-03 00:00:00+00:00, run_after=2024-07-04 00:00:00+00:00
[2024-07-04T09:47:52.795+0000] {processor.py:183} INFO - Processing /home/airflow/.local/lib/python3.12/site-packages/airflow/example_dags/example_branch_labels.py took 0.195 seconds
[2024-07-04T09:48:22.978+0000] {processor.py:161} INFO - Started process (PID=1617) to work on /home/airflow/.local/lib/python3.12/site-packages/airflow/example_dags/example_branch_labels.py
[2024-07-04T09:48:22.979+0000] {processor.py:830} INFO - Processing file /home/airflow/.local/lib/python3.12/site-packages/airflow/example_dags/example_branch_labels.py for tasks to queue
[2024-07-04T09:48:22.982+0000] {logging_mixin.py:188} INFO - [2024-07-04T09:48:22.981+0000] {dagbag.py:545} INFO - Filling up the DagBag from /home/airflow/.local/lib/python3.12/site-packages/airflow/example_dags/example_branch_labels.py
[2024-07-04T09:48:22.991+0000] {processor.py:840} INFO - DAG(s) 'example_branch_labels' retrieved from /home/airflow/.local/lib/python3.12/site-packages/airflow/example_dags/example_branch_labels.py
[2024-07-04T09:48:23.019+0000] {logging_mixin.py:188} INFO - [2024-07-04T09:48:23.019+0000] {dag.py:3096} INFO - Sync 1 DAGs
[2024-07-04T09:48:23.054+0000] {logging_mixin.py:188} INFO - [2024-07-04T09:48:23.053+0000] {dag.py:3954} INFO - Setting next_dagrun for example_branch_labels to 2024-07-03 00:00:00+00:00, run_after=2024-07-04 00:00:00+00:00
[2024-07-04T09:48:23.236+0000] {processor.py:183} INFO - Processing /home/airflow/.local/lib/python3.12/site-packages/airflow/example_dags/example_branch_labels.py took 0.265 seconds
[2024-07-04T09:49:00.895+0000] {processor.py:161} INFO - Started process (PID=1680) to work on /home/airflow/.local/lib/python3.12/site-packages/airflow/example_dags/example_branch_labels.py
[2024-07-04T09:49:00.900+0000] {processor.py:830} INFO - Processing file /home/airflow/.local/lib/python3.12/site-packages/airflow/example_dags/example_branch_labels.py for tasks to queue
[2024-07-04T09:49:00.904+0000] {logging_mixin.py:188} INFO - [2024-07-04T09:49:00.903+0000] {dagbag.py:545} INFO - Filling up the DagBag from /home/airflow/.local/lib/python3.12/site-packages/airflow/example_dags/example_branch_labels.py
[2024-07-04T09:49:00.915+0000] {processor.py:840} INFO - DAG(s) 'example_branch_labels' retrieved from /home/airflow/.local/lib/python3.12/site-packages/airflow/example_dags/example_branch_labels.py
[2024-07-04T09:49:00.942+0000] {logging_mixin.py:188} INFO - [2024-07-04T09:49:00.942+0000] {dag.py:3096} INFO - Sync 1 DAGs
[2024-07-04T09:49:00.965+0000] {logging_mixin.py:188} INFO - [2024-07-04T09:49:00.965+0000] {dag.py:3954} INFO - Setting next_dagrun for example_branch_labels to 2024-07-03 00:00:00+00:00, run_after=2024-07-04 00:00:00+00:00
[2024-07-04T09:49:00.988+0000] {processor.py:183} INFO - Processing /home/airflow/.local/lib/python3.12/site-packages/airflow/example_dags/example_branch_labels.py took 0.099 seconds
[2024-07-04T09:49:31.237+0000] {processor.py:161} INFO - Started process (PID=1737) to work on /home/airflow/.local/lib/python3.12/site-packages/airflow/example_dags/example_branch_labels.py
[2024-07-04T09:49:31.238+0000] {processor.py:830} INFO - Processing file /home/airflow/.local/lib/python3.12/site-packages/airflow/example_dags/example_branch_labels.py for tasks to queue
[2024-07-04T09:49:31.241+0000] {logging_mixin.py:188} INFO - [2024-07-04T09:49:31.241+0000] {dagbag.py:545} INFO - Filling up the DagBag from /home/airflow/.local/lib/python3.12/site-packages/airflow/example_dags/example_branch_labels.py
[2024-07-04T09:49:31.251+0000] {processor.py:840} INFO - DAG(s) 'example_branch_labels' retrieved from /home/airflow/.local/lib/python3.12/site-packages/airflow/example_dags/example_branch_labels.py
[2024-07-04T09:49:31.285+0000] {logging_mixin.py:188} INFO - [2024-07-04T09:49:31.285+0000] {dag.py:3096} INFO - Sync 1 DAGs
[2024-07-04T09:49:31.317+0000] {logging_mixin.py:188} INFO - [2024-07-04T09:49:31.317+0000] {dag.py:3954} INFO - Setting next_dagrun for example_branch_labels to 2024-07-03 00:00:00+00:00, run_after=2024-07-04 00:00:00+00:00
[2024-07-04T09:49:31.340+0000] {processor.py:183} INFO - Processing /home/airflow/.local/lib/python3.12/site-packages/airflow/example_dags/example_branch_labels.py took 0.109 seconds
[2024-07-04T09:50:01.582+0000] {processor.py:161} INFO - Started process (PID=1797) to work on /home/airflow/.local/lib/python3.12/site-packages/airflow/example_dags/example_branch_labels.py
[2024-07-04T09:50:01.584+0000] {processor.py:830} INFO - Processing file /home/airflow/.local/lib/python3.12/site-packages/airflow/example_dags/example_branch_labels.py for tasks to queue
[2024-07-04T09:50:01.586+0000] {logging_mixin.py:188} INFO - [2024-07-04T09:50:01.585+0000] {dagbag.py:545} INFO - Filling up the DagBag from /home/airflow/.local/lib/python3.12/site-packages/airflow/example_dags/example_branch_labels.py
[2024-07-04T09:50:01.592+0000] {processor.py:840} INFO - DAG(s) 'example_branch_labels' retrieved from /home/airflow/.local/lib/python3.12/site-packages/airflow/example_dags/example_branch_labels.py
[2024-07-04T09:50:01.615+0000] {logging_mixin.py:188} INFO - [2024-07-04T09:50:01.615+0000] {dag.py:3096} INFO - Sync 1 DAGs
[2024-07-04T09:50:01.640+0000] {logging_mixin.py:188} INFO - [2024-07-04T09:50:01.640+0000] {dag.py:3954} INFO - Setting next_dagrun for example_branch_labels to 2024-07-03 00:00:00+00:00, run_after=2024-07-04 00:00:00+00:00
[2024-07-04T09:50:01.670+0000] {processor.py:183} INFO - Processing /home/airflow/.local/lib/python3.12/site-packages/airflow/example_dags/example_branch_labels.py took 0.093 seconds
[2024-07-04T09:50:31.736+0000] {processor.py:161} INFO - Started process (PID=1855) to work on /home/airflow/.local/lib/python3.12/site-packages/airflow/example_dags/example_branch_labels.py
[2024-07-04T09:50:31.738+0000] {processor.py:830} INFO - Processing file /home/airflow/.local/lib/python3.12/site-packages/airflow/example_dags/example_branch_labels.py for tasks to queue
[2024-07-04T09:50:31.740+0000] {logging_mixin.py:188} INFO - [2024-07-04T09:50:31.740+0000] {dagbag.py:545} INFO - Filling up the DagBag from /home/airflow/.local/lib/python3.12/site-packages/airflow/example_dags/example_branch_labels.py
[2024-07-04T09:50:31.765+0000] {processor.py:840} INFO - DAG(s) 'example_branch_labels' retrieved from /home/airflow/.local/lib/python3.12/site-packages/airflow/example_dags/example_branch_labels.py
[2024-07-04T09:50:31.808+0000] {logging_mixin.py:188} INFO - [2024-07-04T09:50:31.807+0000] {dag.py:3096} INFO - Sync 1 DAGs
[2024-07-04T09:50:31.845+0000] {logging_mixin.py:188} INFO - [2024-07-04T09:50:31.844+0000] {dag.py:3954} INFO - Setting next_dagrun for example_branch_labels to 2024-07-03 00:00:00+00:00, run_after=2024-07-04 00:00:00+00:00
[2024-07-04T09:50:31.872+0000] {processor.py:183} INFO - Processing /home/airflow/.local/lib/python3.12/site-packages/airflow/example_dags/example_branch_labels.py took 0.146 seconds
[2024-07-04T09:51:02.277+0000] {processor.py:161} INFO - Started process (PID=1915) to work on /home/airflow/.local/lib/python3.12/site-packages/airflow/example_dags/example_branch_labels.py
[2024-07-04T09:51:02.278+0000] {processor.py:830} INFO - Processing file /home/airflow/.local/lib/python3.12/site-packages/airflow/example_dags/example_branch_labels.py for tasks to queue
[2024-07-04T09:51:02.282+0000] {logging_mixin.py:188} INFO - [2024-07-04T09:51:02.281+0000] {dagbag.py:545} INFO - Filling up the DagBag from /home/airflow/.local/lib/python3.12/site-packages/airflow/example_dags/example_branch_labels.py
[2024-07-04T09:51:02.304+0000] {processor.py:840} INFO - DAG(s) 'example_branch_labels' retrieved from /home/airflow/.local/lib/python3.12/site-packages/airflow/example_dags/example_branch_labels.py
[2024-07-04T09:51:02.353+0000] {logging_mixin.py:188} INFO - [2024-07-04T09:51:02.353+0000] {dag.py:3096} INFO - Sync 1 DAGs
[2024-07-04T09:51:02.557+0000] {logging_mixin.py:188} INFO - [2024-07-04T09:51:02.557+0000] {dag.py:3954} INFO - Setting next_dagrun for example_branch_labels to 2024-07-03 00:00:00+00:00, run_after=2024-07-04 00:00:00+00:00
[2024-07-04T09:51:02.581+0000] {processor.py:183} INFO - Processing /home/airflow/.local/lib/python3.12/site-packages/airflow/example_dags/example_branch_labels.py took 0.316 seconds
[2024-07-04T09:51:32.746+0000] {processor.py:161} INFO - Started process (PID=1974) to work on /home/airflow/.local/lib/python3.12/site-packages/airflow/example_dags/example_branch_labels.py
[2024-07-04T09:51:32.749+0000] {processor.py:830} INFO - Processing file /home/airflow/.local/lib/python3.12/site-packages/airflow/example_dags/example_branch_labels.py for tasks to queue
[2024-07-04T09:51:32.758+0000] {logging_mixin.py:188} INFO - [2024-07-04T09:51:32.758+0000] {dagbag.py:545} INFO - Filling up the DagBag from /home/airflow/.local/lib/python3.12/site-packages/airflow/example_dags/example_branch_labels.py
[2024-07-04T09:51:32.777+0000] {processor.py:840} INFO - DAG(s) 'example_branch_labels' retrieved from /home/airflow/.local/lib/python3.12/site-packages/airflow/example_dags/example_branch_labels.py
[2024-07-04T09:51:32.818+0000] {logging_mixin.py:188} INFO - [2024-07-04T09:51:32.818+0000] {dag.py:3096} INFO - Sync 1 DAGs
[2024-07-04T09:51:33.227+0000] {logging_mixin.py:188} INFO - [2024-07-04T09:51:33.227+0000] {dag.py:3954} INFO - Setting next_dagrun for example_branch_labels to 2024-07-03 00:00:00+00:00, run_after=2024-07-04 00:00:00+00:00
[2024-07-04T09:51:33.284+0000] {processor.py:183} INFO - Processing /home/airflow/.local/lib/python3.12/site-packages/airflow/example_dags/example_branch_labels.py took 0.554 seconds
[2024-07-04T09:52:03.359+0000] {processor.py:161} INFO - Started process (PID=2032) to work on /home/airflow/.local/lib/python3.12/site-packages/airflow/example_dags/example_branch_labels.py
[2024-07-04T09:52:03.361+0000] {processor.py:830} INFO - Processing file /home/airflow/.local/lib/python3.12/site-packages/airflow/example_dags/example_branch_labels.py for tasks to queue
[2024-07-04T09:52:03.365+0000] {logging_mixin.py:188} INFO - [2024-07-04T09:52:03.364+0000] {dagbag.py:545} INFO - Filling up the DagBag from /home/airflow/.local/lib/python3.12/site-packages/airflow/example_dags/example_branch_labels.py
[2024-07-04T09:52:03.384+0000] {processor.py:840} INFO - DAG(s) 'example_branch_labels' retrieved from /home/airflow/.local/lib/python3.12/site-packages/airflow/example_dags/example_branch_labels.py
[2024-07-04T09:52:03.427+0000] {logging_mixin.py:188} INFO - [2024-07-04T09:52:03.427+0000] {dag.py:3096} INFO - Sync 1 DAGs
[2024-07-04T09:52:03.468+0000] {logging_mixin.py:188} INFO - [2024-07-04T09:52:03.468+0000] {dag.py:3954} INFO - Setting next_dagrun for example_branch_labels to 2024-07-03 00:00:00+00:00, run_after=2024-07-04 00:00:00+00:00
[2024-07-04T09:52:03.499+0000] {processor.py:183} INFO - Processing /home/airflow/.local/lib/python3.12/site-packages/airflow/example_dags/example_branch_labels.py took 0.147 seconds
[2024-07-04T09:52:33.735+0000] {processor.py:161} INFO - Started process (PID=2092) to work on /home/airflow/.local/lib/python3.12/site-packages/airflow/example_dags/example_branch_labels.py
[2024-07-04T09:52:33.736+0000] {processor.py:830} INFO - Processing file /home/airflow/.local/lib/python3.12/site-packages/airflow/example_dags/example_branch_labels.py for tasks to queue
[2024-07-04T09:52:33.739+0000] {logging_mixin.py:188} INFO - [2024-07-04T09:52:33.738+0000] {dagbag.py:545} INFO - Filling up the DagBag from /home/airflow/.local/lib/python3.12/site-packages/airflow/example_dags/example_branch_labels.py
[2024-07-04T09:52:33.751+0000] {processor.py:840} INFO - DAG(s) 'example_branch_labels' retrieved from /home/airflow/.local/lib/python3.12/site-packages/airflow/example_dags/example_branch_labels.py
[2024-07-04T09:52:33.789+0000] {logging_mixin.py:188} INFO - [2024-07-04T09:52:33.788+0000] {dag.py:3096} INFO - Sync 1 DAGs
[2024-07-04T09:52:33.857+0000] {logging_mixin.py:188} INFO - [2024-07-04T09:52:33.856+0000] {dag.py:3954} INFO - Setting next_dagrun for example_branch_labels to 2024-07-03 00:00:00+00:00, run_after=2024-07-04 00:00:00+00:00
[2024-07-04T09:52:33.883+0000] {processor.py:183} INFO - Processing /home/airflow/.local/lib/python3.12/site-packages/airflow/example_dags/example_branch_labels.py took 0.156 seconds
[2024-07-04T09:53:04.472+0000] {processor.py:161} INFO - Started process (PID=2157) to work on /home/airflow/.local/lib/python3.12/site-packages/airflow/example_dags/example_branch_labels.py
[2024-07-04T09:53:04.474+0000] {processor.py:830} INFO - Processing file /home/airflow/.local/lib/python3.12/site-packages/airflow/example_dags/example_branch_labels.py for tasks to queue
[2024-07-04T09:53:04.476+0000] {logging_mixin.py:188} INFO - [2024-07-04T09:53:04.475+0000] {dagbag.py:545} INFO - Filling up the DagBag from /home/airflow/.local/lib/python3.12/site-packages/airflow/example_dags/example_branch_labels.py
[2024-07-04T09:53:04.484+0000] {processor.py:840} INFO - DAG(s) 'example_branch_labels' retrieved from /home/airflow/.local/lib/python3.12/site-packages/airflow/example_dags/example_branch_labels.py
[2024-07-04T09:53:04.503+0000] {logging_mixin.py:188} INFO - [2024-07-04T09:53:04.502+0000] {dag.py:3096} INFO - Sync 1 DAGs
[2024-07-04T09:53:04.531+0000] {logging_mixin.py:188} INFO - [2024-07-04T09:53:04.531+0000] {dag.py:3954} INFO - Setting next_dagrun for example_branch_labels to 2024-07-03 00:00:00+00:00, run_after=2024-07-04 00:00:00+00:00
[2024-07-04T09:53:04.551+0000] {processor.py:183} INFO - Processing /home/airflow/.local/lib/python3.12/site-packages/airflow/example_dags/example_branch_labels.py took 0.086 seconds
[2024-07-04T09:53:35.461+0000] {processor.py:161} INFO - Started process (PID=2216) to work on /home/airflow/.local/lib/python3.12/site-packages/airflow/example_dags/example_branch_labels.py
[2024-07-04T09:53:35.463+0000] {processor.py:830} INFO - Processing file /home/airflow/.local/lib/python3.12/site-packages/airflow/example_dags/example_branch_labels.py for tasks to queue
[2024-07-04T09:53:35.467+0000] {logging_mixin.py:188} INFO - [2024-07-04T09:53:35.466+0000] {dagbag.py:545} INFO - Filling up the DagBag from /home/airflow/.local/lib/python3.12/site-packages/airflow/example_dags/example_branch_labels.py
[2024-07-04T09:53:35.487+0000] {processor.py:840} INFO - DAG(s) 'example_branch_labels' retrieved from /home/airflow/.local/lib/python3.12/site-packages/airflow/example_dags/example_branch_labels.py
[2024-07-04T09:53:35.529+0000] {logging_mixin.py:188} INFO - [2024-07-04T09:53:35.529+0000] {dag.py:3096} INFO - Sync 1 DAGs
[2024-07-04T09:53:35.588+0000] {logging_mixin.py:188} INFO - [2024-07-04T09:53:35.588+0000] {dag.py:3954} INFO - Setting next_dagrun for example_branch_labels to 2024-07-03 00:00:00+00:00, run_after=2024-07-04 00:00:00+00:00
[2024-07-04T09:53:35.625+0000] {processor.py:183} INFO - Processing /home/airflow/.local/lib/python3.12/site-packages/airflow/example_dags/example_branch_labels.py took 0.173 seconds
[2024-07-04T09:54:17.332+0000] {processor.py:161} INFO - Started process (PID=2283) to work on /home/airflow/.local/lib/python3.12/site-packages/airflow/example_dags/example_branch_labels.py
[2024-07-04T09:54:17.334+0000] {processor.py:830} INFO - Processing file /home/airflow/.local/lib/python3.12/site-packages/airflow/example_dags/example_branch_labels.py for tasks to queue
[2024-07-04T09:54:17.337+0000] {logging_mixin.py:188} INFO - [2024-07-04T09:54:17.336+0000] {dagbag.py:545} INFO - Filling up the DagBag from /home/airflow/.local/lib/python3.12/site-packages/airflow/example_dags/example_branch_labels.py
[2024-07-04T09:54:17.346+0000] {processor.py:840} INFO - DAG(s) 'example_branch_labels' retrieved from /home/airflow/.local/lib/python3.12/site-packages/airflow/example_dags/example_branch_labels.py
[2024-07-04T09:54:17.372+0000] {logging_mixin.py:188} INFO - [2024-07-04T09:54:17.372+0000] {dag.py:3096} INFO - Sync 1 DAGs
[2024-07-04T09:54:17.423+0000] {logging_mixin.py:188} INFO - [2024-07-04T09:54:17.423+0000] {dag.py:3954} INFO - Setting next_dagrun for example_branch_labels to 2024-07-03 00:00:00+00:00, run_after=2024-07-04 00:00:00+00:00
[2024-07-04T09:54:17.479+0000] {processor.py:183} INFO - Processing /home/airflow/.local/lib/python3.12/site-packages/airflow/example_dags/example_branch_labels.py took 0.164 seconds
[2024-07-04T09:54:47.633+0000] {processor.py:161} INFO - Started process (PID=2341) to work on /home/airflow/.local/lib/python3.12/site-packages/airflow/example_dags/example_branch_labels.py
[2024-07-04T09:54:47.634+0000] {processor.py:830} INFO - Processing file /home/airflow/.local/lib/python3.12/site-packages/airflow/example_dags/example_branch_labels.py for tasks to queue
[2024-07-04T09:54:47.636+0000] {logging_mixin.py:188} INFO - [2024-07-04T09:54:47.636+0000] {dagbag.py:545} INFO - Filling up the DagBag from /home/airflow/.local/lib/python3.12/site-packages/airflow/example_dags/example_branch_labels.py
[2024-07-04T09:54:47.643+0000] {processor.py:840} INFO - DAG(s) 'example_branch_labels' retrieved from /home/airflow/.local/lib/python3.12/site-packages/airflow/example_dags/example_branch_labels.py
[2024-07-04T09:54:47.665+0000] {logging_mixin.py:188} INFO - [2024-07-04T09:54:47.665+0000] {dag.py:3096} INFO - Sync 1 DAGs
[2024-07-04T09:54:47.688+0000] {logging_mixin.py:188} INFO - [2024-07-04T09:54:47.688+0000] {dag.py:3954} INFO - Setting next_dagrun for example_branch_labels to 2024-07-03 00:00:00+00:00, run_after=2024-07-04 00:00:00+00:00
[2024-07-04T09:54:47.712+0000] {processor.py:183} INFO - Processing /home/airflow/.local/lib/python3.12/site-packages/airflow/example_dags/example_branch_labels.py took 0.085 seconds
[2024-07-04T09:55:18.557+0000] {processor.py:161} INFO - Started process (PID=2400) to work on /home/airflow/.local/lib/python3.12/site-packages/airflow/example_dags/example_branch_labels.py
[2024-07-04T09:55:18.559+0000] {processor.py:830} INFO - Processing file /home/airflow/.local/lib/python3.12/site-packages/airflow/example_dags/example_branch_labels.py for tasks to queue
[2024-07-04T09:55:18.562+0000] {logging_mixin.py:188} INFO - [2024-07-04T09:55:18.561+0000] {dagbag.py:545} INFO - Filling up the DagBag from /home/airflow/.local/lib/python3.12/site-packages/airflow/example_dags/example_branch_labels.py
[2024-07-04T09:55:18.584+0000] {processor.py:840} INFO - DAG(s) 'example_branch_labels' retrieved from /home/airflow/.local/lib/python3.12/site-packages/airflow/example_dags/example_branch_labels.py
[2024-07-04T09:55:18.637+0000] {logging_mixin.py:188} INFO - [2024-07-04T09:55:18.636+0000] {dag.py:3096} INFO - Sync 1 DAGs
[2024-07-04T09:55:18.682+0000] {logging_mixin.py:188} INFO - [2024-07-04T09:55:18.682+0000] {dag.py:3954} INFO - Setting next_dagrun for example_branch_labels to 2024-07-03 00:00:00+00:00, run_after=2024-07-04 00:00:00+00:00
[2024-07-04T09:55:18.715+0000] {processor.py:183} INFO - Processing /home/airflow/.local/lib/python3.12/site-packages/airflow/example_dags/example_branch_labels.py took 0.169 seconds
[2024-07-04T09:55:49.402+0000] {processor.py:161} INFO - Started process (PID=2459) to work on /home/airflow/.local/lib/python3.12/site-packages/airflow/example_dags/example_branch_labels.py
[2024-07-04T09:55:49.403+0000] {processor.py:830} INFO - Processing file /home/airflow/.local/lib/python3.12/site-packages/airflow/example_dags/example_branch_labels.py for tasks to queue
[2024-07-04T09:55:49.405+0000] {logging_mixin.py:188} INFO - [2024-07-04T09:55:49.405+0000] {dagbag.py:545} INFO - Filling up the DagBag from /home/airflow/.local/lib/python3.12/site-packages/airflow/example_dags/example_branch_labels.py
[2024-07-04T09:55:49.413+0000] {processor.py:840} INFO - DAG(s) 'example_branch_labels' retrieved from /home/airflow/.local/lib/python3.12/site-packages/airflow/example_dags/example_branch_labels.py
[2024-07-04T09:55:49.443+0000] {logging_mixin.py:188} INFO - [2024-07-04T09:55:49.443+0000] {dag.py:3096} INFO - Sync 1 DAGs
[2024-07-04T09:55:49.469+0000] {logging_mixin.py:188} INFO - [2024-07-04T09:55:49.469+0000] {dag.py:3954} INFO - Setting next_dagrun for example_branch_labels to 2024-07-03 00:00:00+00:00, run_after=2024-07-04 00:00:00+00:00
[2024-07-04T09:55:49.494+0000] {processor.py:183} INFO - Processing /home/airflow/.local/lib/python3.12/site-packages/airflow/example_dags/example_branch_labels.py took 0.098 seconds
[2024-07-04T09:56:21.587+0000] {processor.py:161} INFO - Started process (PID=2518) to work on /home/airflow/.local/lib/python3.12/site-packages/airflow/example_dags/example_branch_labels.py
[2024-07-04T09:56:21.602+0000] {processor.py:830} INFO - Processing file /home/airflow/.local/lib/python3.12/site-packages/airflow/example_dags/example_branch_labels.py for tasks to queue
[2024-07-04T09:56:21.607+0000] {logging_mixin.py:188} INFO - [2024-07-04T09:56:21.606+0000] {dagbag.py:545} INFO - Filling up the DagBag from /home/airflow/.local/lib/python3.12/site-packages/airflow/example_dags/example_branch_labels.py
[2024-07-04T09:56:21.633+0000] {processor.py:840} INFO - DAG(s) 'example_branch_labels' retrieved from /home/airflow/.local/lib/python3.12/site-packages/airflow/example_dags/example_branch_labels.py
[2024-07-04T09:56:21.685+0000] {logging_mixin.py:188} INFO - [2024-07-04T09:56:21.684+0000] {dag.py:3096} INFO - Sync 1 DAGs
[2024-07-04T09:56:21.741+0000] {logging_mixin.py:188} INFO - [2024-07-04T09:56:21.740+0000] {dag.py:3954} INFO - Setting next_dagrun for example_branch_labels to 2024-07-03 00:00:00+00:00, run_after=2024-07-04 00:00:00+00:00
[2024-07-04T09:56:21.779+0000] {processor.py:183} INFO - Processing /home/airflow/.local/lib/python3.12/site-packages/airflow/example_dags/example_branch_labels.py took 0.207 seconds
[2024-07-04T09:56:52.978+0000] {processor.py:161} INFO - Started process (PID=2581) to work on /home/airflow/.local/lib/python3.12/site-packages/airflow/example_dags/example_branch_labels.py
[2024-07-04T09:56:52.980+0000] {processor.py:830} INFO - Processing file /home/airflow/.local/lib/python3.12/site-packages/airflow/example_dags/example_branch_labels.py for tasks to queue
[2024-07-04T09:56:52.982+0000] {logging_mixin.py:188} INFO - [2024-07-04T09:56:52.982+0000] {dagbag.py:545} INFO - Filling up the DagBag from /home/airflow/.local/lib/python3.12/site-packages/airflow/example_dags/example_branch_labels.py
[2024-07-04T09:56:52.992+0000] {processor.py:840} INFO - DAG(s) 'example_branch_labels' retrieved from /home/airflow/.local/lib/python3.12/site-packages/airflow/example_dags/example_branch_labels.py
[2024-07-04T09:56:53.013+0000] {logging_mixin.py:188} INFO - [2024-07-04T09:56:53.013+0000] {dag.py:3096} INFO - Sync 1 DAGs
[2024-07-04T09:56:53.034+0000] {logging_mixin.py:188} INFO - [2024-07-04T09:56:53.034+0000] {dag.py:3954} INFO - Setting next_dagrun for example_branch_labels to 2024-07-03 00:00:00+00:00, run_after=2024-07-04 00:00:00+00:00
[2024-07-04T09:56:53.057+0000] {processor.py:183} INFO - Processing /home/airflow/.local/lib/python3.12/site-packages/airflow/example_dags/example_branch_labels.py took 0.085 seconds
[2024-07-04T09:57:23.449+0000] {processor.py:161} INFO - Started process (PID=2640) to work on /home/airflow/.local/lib/python3.12/site-packages/airflow/example_dags/example_branch_labels.py
[2024-07-04T09:57:23.450+0000] {processor.py:830} INFO - Processing file /home/airflow/.local/lib/python3.12/site-packages/airflow/example_dags/example_branch_labels.py for tasks to queue
[2024-07-04T09:57:23.452+0000] {logging_mixin.py:188} INFO - [2024-07-04T09:57:23.452+0000] {dagbag.py:545} INFO - Filling up the DagBag from /home/airflow/.local/lib/python3.12/site-packages/airflow/example_dags/example_branch_labels.py
[2024-07-04T09:57:23.459+0000] {processor.py:840} INFO - DAG(s) 'example_branch_labels' retrieved from /home/airflow/.local/lib/python3.12/site-packages/airflow/example_dags/example_branch_labels.py
[2024-07-04T09:57:23.478+0000] {logging_mixin.py:188} INFO - [2024-07-04T09:57:23.478+0000] {dag.py:3096} INFO - Sync 1 DAGs
[2024-07-04T09:57:23.499+0000] {logging_mixin.py:188} INFO - [2024-07-04T09:57:23.499+0000] {dag.py:3954} INFO - Setting next_dagrun for example_branch_labels to 2024-07-03 00:00:00+00:00, run_after=2024-07-04 00:00:00+00:00
[2024-07-04T09:57:23.515+0000] {processor.py:183} INFO - Processing /home/airflow/.local/lib/python3.12/site-packages/airflow/example_dags/example_branch_labels.py took 0.071 seconds
[2024-07-04T09:57:53.977+0000] {processor.py:161} INFO - Started process (PID=2700) to work on /home/airflow/.local/lib/python3.12/site-packages/airflow/example_dags/example_branch_labels.py
[2024-07-04T09:57:53.991+0000] {processor.py:830} INFO - Processing file /home/airflow/.local/lib/python3.12/site-packages/airflow/example_dags/example_branch_labels.py for tasks to queue
[2024-07-04T09:57:53.999+0000] {logging_mixin.py:188} INFO - [2024-07-04T09:57:53.998+0000] {dagbag.py:545} INFO - Filling up the DagBag from /home/airflow/.local/lib/python3.12/site-packages/airflow/example_dags/example_branch_labels.py
[2024-07-04T09:57:54.020+0000] {processor.py:840} INFO - DAG(s) 'example_branch_labels' retrieved from /home/airflow/.local/lib/python3.12/site-packages/airflow/example_dags/example_branch_labels.py
[2024-07-04T09:57:54.063+0000] {logging_mixin.py:188} INFO - [2024-07-04T09:57:54.062+0000] {dag.py:3096} INFO - Sync 1 DAGs
[2024-07-04T09:57:54.089+0000] {logging_mixin.py:188} INFO - [2024-07-04T09:57:54.089+0000] {dag.py:3954} INFO - Setting next_dagrun for example_branch_labels to 2024-07-03 00:00:00+00:00, run_after=2024-07-04 00:00:00+00:00
[2024-07-04T09:57:54.129+0000] {processor.py:183} INFO - Processing /home/airflow/.local/lib/python3.12/site-packages/airflow/example_dags/example_branch_labels.py took 0.176 seconds
[2024-07-04T09:58:24.432+0000] {processor.py:161} INFO - Started process (PID=2759) to work on /home/airflow/.local/lib/python3.12/site-packages/airflow/example_dags/example_branch_labels.py
[2024-07-04T09:58:24.434+0000] {processor.py:830} INFO - Processing file /home/airflow/.local/lib/python3.12/site-packages/airflow/example_dags/example_branch_labels.py for tasks to queue
[2024-07-04T09:58:24.436+0000] {logging_mixin.py:188} INFO - [2024-07-04T09:58:24.436+0000] {dagbag.py:545} INFO - Filling up the DagBag from /home/airflow/.local/lib/python3.12/site-packages/airflow/example_dags/example_branch_labels.py
[2024-07-04T09:58:24.443+0000] {processor.py:840} INFO - DAG(s) 'example_branch_labels' retrieved from /home/airflow/.local/lib/python3.12/site-packages/airflow/example_dags/example_branch_labels.py
[2024-07-04T09:58:24.464+0000] {logging_mixin.py:188} INFO - [2024-07-04T09:58:24.464+0000] {dag.py:3096} INFO - Sync 1 DAGs
[2024-07-04T09:58:24.485+0000] {logging_mixin.py:188} INFO - [2024-07-04T09:58:24.485+0000] {dag.py:3954} INFO - Setting next_dagrun for example_branch_labels to 2024-07-03 00:00:00+00:00, run_after=2024-07-04 00:00:00+00:00
[2024-07-04T09:58:24.505+0000] {processor.py:183} INFO - Processing /home/airflow/.local/lib/python3.12/site-packages/airflow/example_dags/example_branch_labels.py took 0.078 seconds
[2024-07-04T09:58:55.645+0000] {processor.py:161} INFO - Started process (PID=2819) to work on /home/airflow/.local/lib/python3.12/site-packages/airflow/example_dags/example_branch_labels.py
[2024-07-04T09:58:55.646+0000] {processor.py:830} INFO - Processing file /home/airflow/.local/lib/python3.12/site-packages/airflow/example_dags/example_branch_labels.py for tasks to queue
[2024-07-04T09:58:55.649+0000] {logging_mixin.py:188} INFO - [2024-07-04T09:58:55.648+0000] {dagbag.py:545} INFO - Filling up the DagBag from /home/airflow/.local/lib/python3.12/site-packages/airflow/example_dags/example_branch_labels.py
[2024-07-04T09:58:55.656+0000] {processor.py:840} INFO - DAG(s) 'example_branch_labels' retrieved from /home/airflow/.local/lib/python3.12/site-packages/airflow/example_dags/example_branch_labels.py
[2024-07-04T09:58:55.676+0000] {logging_mixin.py:188} INFO - [2024-07-04T09:58:55.676+0000] {dag.py:3096} INFO - Sync 1 DAGs
[2024-07-04T09:58:55.711+0000] {logging_mixin.py:188} INFO - [2024-07-04T09:58:55.711+0000] {dag.py:3954} INFO - Setting next_dagrun for example_branch_labels to 2024-07-03 00:00:00+00:00, run_after=2024-07-04 00:00:00+00:00
[2024-07-04T09:58:55.732+0000] {processor.py:183} INFO - Processing /home/airflow/.local/lib/python3.12/site-packages/airflow/example_dags/example_branch_labels.py took 0.094 seconds
[2024-07-04T09:59:25.888+0000] {processor.py:161} INFO - Started process (PID=2878) to work on /home/airflow/.local/lib/python3.12/site-packages/airflow/example_dags/example_branch_labels.py
[2024-07-04T09:59:25.890+0000] {processor.py:830} INFO - Processing file /home/airflow/.local/lib/python3.12/site-packages/airflow/example_dags/example_branch_labels.py for tasks to queue
[2024-07-04T09:59:25.892+0000] {logging_mixin.py:188} INFO - [2024-07-04T09:59:25.892+0000] {dagbag.py:545} INFO - Filling up the DagBag from /home/airflow/.local/lib/python3.12/site-packages/airflow/example_dags/example_branch_labels.py
[2024-07-04T09:59:25.900+0000] {processor.py:840} INFO - DAG(s) 'example_branch_labels' retrieved from /home/airflow/.local/lib/python3.12/site-packages/airflow/example_dags/example_branch_labels.py
[2024-07-04T09:59:25.924+0000] {logging_mixin.py:188} INFO - [2024-07-04T09:59:25.924+0000] {dag.py:3096} INFO - Sync 1 DAGs
[2024-07-04T09:59:25.953+0000] {logging_mixin.py:188} INFO - [2024-07-04T09:59:25.952+0000] {dag.py:3954} INFO - Setting next_dagrun for example_branch_labels to 2024-07-03 00:00:00+00:00, run_after=2024-07-04 00:00:00+00:00
[2024-07-04T09:59:25.975+0000] {processor.py:183} INFO - Processing /home/airflow/.local/lib/python3.12/site-packages/airflow/example_dags/example_branch_labels.py took 0.093 seconds
[2024-07-04T09:59:56.217+0000] {processor.py:161} INFO - Started process (PID=2937) to work on /home/airflow/.local/lib/python3.12/site-packages/airflow/example_dags/example_branch_labels.py
[2024-07-04T09:59:56.219+0000] {processor.py:830} INFO - Processing file /home/airflow/.local/lib/python3.12/site-packages/airflow/example_dags/example_branch_labels.py for tasks to queue
[2024-07-04T09:59:56.221+0000] {logging_mixin.py:188} INFO - [2024-07-04T09:59:56.220+0000] {dagbag.py:545} INFO - Filling up the DagBag from /home/airflow/.local/lib/python3.12/site-packages/airflow/example_dags/example_branch_labels.py
[2024-07-04T09:59:56.229+0000] {processor.py:840} INFO - DAG(s) 'example_branch_labels' retrieved from /home/airflow/.local/lib/python3.12/site-packages/airflow/example_dags/example_branch_labels.py
[2024-07-04T09:59:56.255+0000] {logging_mixin.py:188} INFO - [2024-07-04T09:59:56.254+0000] {dag.py:3096} INFO - Sync 1 DAGs
[2024-07-04T09:59:56.289+0000] {logging_mixin.py:188} INFO - [2024-07-04T09:59:56.289+0000] {dag.py:3954} INFO - Setting next_dagrun for example_branch_labels to 2024-07-03 00:00:00+00:00, run_after=2024-07-04 00:00:00+00:00
[2024-07-04T09:59:56.322+0000] {processor.py:183} INFO - Processing /home/airflow/.local/lib/python3.12/site-packages/airflow/example_dags/example_branch_labels.py took 0.114 seconds
[2024-07-04T10:00:27.206+0000] {processor.py:161} INFO - Started process (PID=2996) to work on /home/airflow/.local/lib/python3.12/site-packages/airflow/example_dags/example_branch_labels.py
[2024-07-04T10:00:27.210+0000] {processor.py:830} INFO - Processing file /home/airflow/.local/lib/python3.12/site-packages/airflow/example_dags/example_branch_labels.py for tasks to queue
[2024-07-04T10:00:27.214+0000] {logging_mixin.py:188} INFO - [2024-07-04T10:00:27.214+0000] {dagbag.py:545} INFO - Filling up the DagBag from /home/airflow/.local/lib/python3.12/site-packages/airflow/example_dags/example_branch_labels.py
[2024-07-04T10:00:27.234+0000] {processor.py:840} INFO - DAG(s) 'example_branch_labels' retrieved from /home/airflow/.local/lib/python3.12/site-packages/airflow/example_dags/example_branch_labels.py
[2024-07-04T10:00:27.264+0000] {logging_mixin.py:188} INFO - [2024-07-04T10:00:27.264+0000] {dag.py:3096} INFO - Sync 1 DAGs
[2024-07-04T10:00:27.295+0000] {logging_mixin.py:188} INFO - [2024-07-04T10:00:27.295+0000] {dag.py:3954} INFO - Setting next_dagrun for example_branch_labels to 2024-07-03 00:00:00+00:00, run_after=2024-07-04 00:00:00+00:00
[2024-07-04T10:00:27.323+0000] {processor.py:183} INFO - Processing /home/airflow/.local/lib/python3.12/site-packages/airflow/example_dags/example_branch_labels.py took 0.128 seconds
[2024-07-04T10:00:57.682+0000] {processor.py:161} INFO - Started process (PID=3057) to work on /home/airflow/.local/lib/python3.12/site-packages/airflow/example_dags/example_branch_labels.py
[2024-07-04T10:00:57.683+0000] {processor.py:830} INFO - Processing file /home/airflow/.local/lib/python3.12/site-packages/airflow/example_dags/example_branch_labels.py for tasks to queue
[2024-07-04T10:00:57.685+0000] {logging_mixin.py:188} INFO - [2024-07-04T10:00:57.685+0000] {dagbag.py:545} INFO - Filling up the DagBag from /home/airflow/.local/lib/python3.12/site-packages/airflow/example_dags/example_branch_labels.py
[2024-07-04T10:00:57.694+0000] {processor.py:840} INFO - DAG(s) 'example_branch_labels' retrieved from /home/airflow/.local/lib/python3.12/site-packages/airflow/example_dags/example_branch_labels.py
[2024-07-04T10:00:57.718+0000] {logging_mixin.py:188} INFO - [2024-07-04T10:00:57.718+0000] {dag.py:3096} INFO - Sync 1 DAGs
[2024-07-04T10:00:57.740+0000] {logging_mixin.py:188} INFO - [2024-07-04T10:00:57.740+0000] {dag.py:3954} INFO - Setting next_dagrun for example_branch_labels to 2024-07-03 00:00:00+00:00, run_after=2024-07-04 00:00:00+00:00
[2024-07-04T10:00:57.761+0000] {processor.py:183} INFO - Processing /home/airflow/.local/lib/python3.12/site-packages/airflow/example_dags/example_branch_labels.py took 0.085 seconds
[2024-07-04T10:01:29.224+0000] {processor.py:161} INFO - Started process (PID=3116) to work on /home/airflow/.local/lib/python3.12/site-packages/airflow/example_dags/example_branch_labels.py
[2024-07-04T10:01:29.228+0000] {processor.py:830} INFO - Processing file /home/airflow/.local/lib/python3.12/site-packages/airflow/example_dags/example_branch_labels.py for tasks to queue
[2024-07-04T10:01:29.235+0000] {logging_mixin.py:188} INFO - [2024-07-04T10:01:29.234+0000] {dagbag.py:545} INFO - Filling up the DagBag from /home/airflow/.local/lib/python3.12/site-packages/airflow/example_dags/example_branch_labels.py
[2024-07-04T10:01:29.255+0000] {processor.py:840} INFO - DAG(s) 'example_branch_labels' retrieved from /home/airflow/.local/lib/python3.12/site-packages/airflow/example_dags/example_branch_labels.py
[2024-07-04T10:01:29.298+0000] {logging_mixin.py:188} INFO - [2024-07-04T10:01:29.297+0000] {dag.py:3096} INFO - Sync 1 DAGs
[2024-07-04T10:01:29.346+0000] {logging_mixin.py:188} INFO - [2024-07-04T10:01:29.346+0000] {dag.py:3954} INFO - Setting next_dagrun for example_branch_labels to 2024-07-03 00:00:00+00:00, run_after=2024-07-04 00:00:00+00:00
[2024-07-04T10:01:29.427+0000] {processor.py:183} INFO - Processing /home/airflow/.local/lib/python3.12/site-packages/airflow/example_dags/example_branch_labels.py took 0.214 seconds
[2024-07-04T10:02:00.126+0000] {processor.py:161} INFO - Started process (PID=3176) to work on /home/airflow/.local/lib/python3.12/site-packages/airflow/example_dags/example_branch_labels.py
[2024-07-04T10:02:00.130+0000] {processor.py:830} INFO - Processing file /home/airflow/.local/lib/python3.12/site-packages/airflow/example_dags/example_branch_labels.py for tasks to queue
[2024-07-04T10:02:00.133+0000] {logging_mixin.py:188} INFO - [2024-07-04T10:02:00.133+0000] {dagbag.py:545} INFO - Filling up the DagBag from /home/airflow/.local/lib/python3.12/site-packages/airflow/example_dags/example_branch_labels.py
[2024-07-04T10:02:00.148+0000] {processor.py:840} INFO - DAG(s) 'example_branch_labels' retrieved from /home/airflow/.local/lib/python3.12/site-packages/airflow/example_dags/example_branch_labels.py
[2024-07-04T10:02:00.196+0000] {logging_mixin.py:188} INFO - [2024-07-04T10:02:00.196+0000] {dag.py:3096} INFO - Sync 1 DAGs
[2024-07-04T10:02:00.287+0000] {logging_mixin.py:188} INFO - [2024-07-04T10:02:00.286+0000] {dag.py:3954} INFO - Setting next_dagrun for example_branch_labels to 2024-07-03 00:00:00+00:00, run_after=2024-07-04 00:00:00+00:00
[2024-07-04T10:02:00.335+0000] {processor.py:183} INFO - Processing /home/airflow/.local/lib/python3.12/site-packages/airflow/example_dags/example_branch_labels.py took 0.216 seconds
[2024-07-04T10:02:30.484+0000] {processor.py:161} INFO - Started process (PID=3235) to work on /home/airflow/.local/lib/python3.12/site-packages/airflow/example_dags/example_branch_labels.py
[2024-07-04T10:02:30.486+0000] {processor.py:830} INFO - Processing file /home/airflow/.local/lib/python3.12/site-packages/airflow/example_dags/example_branch_labels.py for tasks to queue
[2024-07-04T10:02:30.487+0000] {logging_mixin.py:188} INFO - [2024-07-04T10:02:30.487+0000] {dagbag.py:545} INFO - Filling up the DagBag from /home/airflow/.local/lib/python3.12/site-packages/airflow/example_dags/example_branch_labels.py
[2024-07-04T10:02:30.495+0000] {processor.py:840} INFO - DAG(s) 'example_branch_labels' retrieved from /home/airflow/.local/lib/python3.12/site-packages/airflow/example_dags/example_branch_labels.py
[2024-07-04T10:02:30.516+0000] {logging_mixin.py:188} INFO - [2024-07-04T10:02:30.516+0000] {dag.py:3096} INFO - Sync 1 DAGs
[2024-07-04T10:02:30.556+0000] {logging_mixin.py:188} INFO - [2024-07-04T10:02:30.555+0000] {dag.py:3954} INFO - Setting next_dagrun for example_branch_labels to 2024-07-03 00:00:00+00:00, run_after=2024-07-04 00:00:00+00:00
[2024-07-04T10:02:30.581+0000] {processor.py:183} INFO - Processing /home/airflow/.local/lib/python3.12/site-packages/airflow/example_dags/example_branch_labels.py took 0.102 seconds
[2024-07-04T10:03:01.239+0000] {processor.py:161} INFO - Started process (PID=3295) to work on /home/airflow/.local/lib/python3.12/site-packages/airflow/example_dags/example_branch_labels.py
[2024-07-04T10:03:01.245+0000] {processor.py:830} INFO - Processing file /home/airflow/.local/lib/python3.12/site-packages/airflow/example_dags/example_branch_labels.py for tasks to queue
[2024-07-04T10:03:01.258+0000] {logging_mixin.py:188} INFO - [2024-07-04T10:03:01.258+0000] {dagbag.py:545} INFO - Filling up the DagBag from /home/airflow/.local/lib/python3.12/site-packages/airflow/example_dags/example_branch_labels.py
[2024-07-04T10:03:01.274+0000] {processor.py:840} INFO - DAG(s) 'example_branch_labels' retrieved from /home/airflow/.local/lib/python3.12/site-packages/airflow/example_dags/example_branch_labels.py
[2024-07-04T10:03:01.299+0000] {logging_mixin.py:188} INFO - [2024-07-04T10:03:01.298+0000] {dag.py:3096} INFO - Sync 1 DAGs
[2024-07-04T10:03:01.324+0000] {logging_mixin.py:188} INFO - [2024-07-04T10:03:01.324+0000] {dag.py:3954} INFO - Setting next_dagrun for example_branch_labels to 2024-07-03 00:00:00+00:00, run_after=2024-07-04 00:00:00+00:00
[2024-07-04T10:03:01.345+0000] {processor.py:183} INFO - Processing /home/airflow/.local/lib/python3.12/site-packages/airflow/example_dags/example_branch_labels.py took 0.111 seconds
[2024-07-04T10:03:31.461+0000] {processor.py:161} INFO - Started process (PID=3354) to work on /home/airflow/.local/lib/python3.12/site-packages/airflow/example_dags/example_branch_labels.py
[2024-07-04T10:03:31.478+0000] {processor.py:830} INFO - Processing file /home/airflow/.local/lib/python3.12/site-packages/airflow/example_dags/example_branch_labels.py for tasks to queue
[2024-07-04T10:03:31.481+0000] {logging_mixin.py:188} INFO - [2024-07-04T10:03:31.480+0000] {dagbag.py:545} INFO - Filling up the DagBag from /home/airflow/.local/lib/python3.12/site-packages/airflow/example_dags/example_branch_labels.py
[2024-07-04T10:03:31.498+0000] {processor.py:840} INFO - DAG(s) 'example_branch_labels' retrieved from /home/airflow/.local/lib/python3.12/site-packages/airflow/example_dags/example_branch_labels.py
[2024-07-04T10:03:31.550+0000] {logging_mixin.py:188} INFO - [2024-07-04T10:03:31.550+0000] {dag.py:3096} INFO - Sync 1 DAGs
[2024-07-04T10:03:31.588+0000] {logging_mixin.py:188} INFO - [2024-07-04T10:03:31.588+0000] {dag.py:3954} INFO - Setting next_dagrun for example_branch_labels to 2024-07-03 00:00:00+00:00, run_after=2024-07-04 00:00:00+00:00
[2024-07-04T10:03:31.615+0000] {processor.py:183} INFO - Processing /home/airflow/.local/lib/python3.12/site-packages/airflow/example_dags/example_branch_labels.py took 0.163 seconds
