[2024-07-04T09:35:00.748+0000] {processor.py:161} INFO - Started process (PID=70) to work on /home/airflow/.local/lib/python3.12/site-packages/airflow/example_dags/example_latest_only.py
[2024-07-04T09:35:00.749+0000] {processor.py:830} INFO - Processing file /home/airflow/.local/lib/python3.12/site-packages/airflow/example_dags/example_latest_only.py for tasks to queue
[2024-07-04T09:35:00.751+0000] {logging_mixin.py:188} INFO - [2024-07-04T09:35:00.751+0000] {dagbag.py:545} INFO - Filling up the DagBag from /home/airflow/.local/lib/python3.12/site-packages/airflow/example_dags/example_latest_only.py
[2024-07-04T09:35:00.791+0000] {processor.py:840} INFO - DAG(s) 'latest_only' retrieved from /home/airflow/.local/lib/python3.12/site-packages/airflow/example_dags/example_latest_only.py
[2024-07-04T09:35:01.197+0000] {logging_mixin.py:188} INFO - [2024-07-04T09:35:01.196+0000] {dag.py:3096} INFO - Sync 1 DAGs
[2024-07-04T09:35:01.258+0000] {logging_mixin.py:188} INFO - [2024-07-04T09:35:01.258+0000] {dag.py:3954} INFO - Setting next_dagrun for latest_only to 2024-07-04 04:00:00+00:00, run_after=2024-07-04 08:00:00+00:00
[2024-07-04T09:35:01.362+0000] {processor.py:183} INFO - Processing /home/airflow/.local/lib/python3.12/site-packages/airflow/example_dags/example_latest_only.py took 0.638 seconds
[2024-07-04T09:35:32.072+0000] {processor.py:161} INFO - Started process (PID=129) to work on /home/airflow/.local/lib/python3.12/site-packages/airflow/example_dags/example_latest_only.py
[2024-07-04T09:35:32.074+0000] {processor.py:830} INFO - Processing file /home/airflow/.local/lib/python3.12/site-packages/airflow/example_dags/example_latest_only.py for tasks to queue
[2024-07-04T09:35:32.077+0000] {logging_mixin.py:188} INFO - [2024-07-04T09:35:32.077+0000] {dagbag.py:545} INFO - Filling up the DagBag from /home/airflow/.local/lib/python3.12/site-packages/airflow/example_dags/example_latest_only.py
[2024-07-04T09:35:32.085+0000] {processor.py:840} INFO - DAG(s) 'latest_only' retrieved from /home/airflow/.local/lib/python3.12/site-packages/airflow/example_dags/example_latest_only.py
[2024-07-04T09:35:32.116+0000] {logging_mixin.py:188} INFO - [2024-07-04T09:35:32.116+0000] {dag.py:3096} INFO - Sync 1 DAGs
[2024-07-04T09:35:32.153+0000] {logging_mixin.py:188} INFO - [2024-07-04T09:35:32.152+0000] {dag.py:3954} INFO - Setting next_dagrun for latest_only to 2024-07-04 04:00:00+00:00, run_after=2024-07-04 08:00:00+00:00
[2024-07-04T09:35:32.178+0000] {processor.py:183} INFO - Processing /home/airflow/.local/lib/python3.12/site-packages/airflow/example_dags/example_latest_only.py took 0.114 seconds
[2024-07-04T09:36:02.355+0000] {processor.py:161} INFO - Started process (PID=188) to work on /home/airflow/.local/lib/python3.12/site-packages/airflow/example_dags/example_latest_only.py
[2024-07-04T09:36:02.356+0000] {processor.py:830} INFO - Processing file /home/airflow/.local/lib/python3.12/site-packages/airflow/example_dags/example_latest_only.py for tasks to queue
[2024-07-04T09:36:02.359+0000] {logging_mixin.py:188} INFO - [2024-07-04T09:36:02.358+0000] {dagbag.py:545} INFO - Filling up the DagBag from /home/airflow/.local/lib/python3.12/site-packages/airflow/example_dags/example_latest_only.py
[2024-07-04T09:36:02.366+0000] {processor.py:840} INFO - DAG(s) 'latest_only' retrieved from /home/airflow/.local/lib/python3.12/site-packages/airflow/example_dags/example_latest_only.py
[2024-07-04T09:36:02.391+0000] {logging_mixin.py:188} INFO - [2024-07-04T09:36:02.391+0000] {dag.py:3096} INFO - Sync 1 DAGs
[2024-07-04T09:36:02.421+0000] {logging_mixin.py:188} INFO - [2024-07-04T09:36:02.421+0000] {dag.py:3954} INFO - Setting next_dagrun for latest_only to 2024-07-04 04:00:00+00:00, run_after=2024-07-04 08:00:00+00:00
[2024-07-04T09:36:02.444+0000] {processor.py:183} INFO - Processing /home/airflow/.local/lib/python3.12/site-packages/airflow/example_dags/example_latest_only.py took 0.096 seconds
[2024-07-04T09:36:34.743+0000] {processor.py:161} INFO - Started process (PID=247) to work on /home/airflow/.local/lib/python3.12/site-packages/airflow/example_dags/example_latest_only.py
[2024-07-04T09:36:34.746+0000] {processor.py:830} INFO - Processing file /home/airflow/.local/lib/python3.12/site-packages/airflow/example_dags/example_latest_only.py for tasks to queue
[2024-07-04T09:36:34.750+0000] {logging_mixin.py:188} INFO - [2024-07-04T09:36:34.749+0000] {dagbag.py:545} INFO - Filling up the DagBag from /home/airflow/.local/lib/python3.12/site-packages/airflow/example_dags/example_latest_only.py
[2024-07-04T09:36:34.758+0000] {processor.py:840} INFO - DAG(s) 'latest_only' retrieved from /home/airflow/.local/lib/python3.12/site-packages/airflow/example_dags/example_latest_only.py
[2024-07-04T09:36:34.782+0000] {logging_mixin.py:188} INFO - [2024-07-04T09:36:34.781+0000] {dag.py:3096} INFO - Sync 1 DAGs
[2024-07-04T09:36:34.812+0000] {logging_mixin.py:188} INFO - [2024-07-04T09:36:34.812+0000] {dag.py:3954} INFO - Setting next_dagrun for latest_only to 2024-07-04 04:00:00+00:00, run_after=2024-07-04 08:00:00+00:00
[2024-07-04T09:36:34.842+0000] {processor.py:183} INFO - Processing /home/airflow/.local/lib/python3.12/site-packages/airflow/example_dags/example_latest_only.py took 0.105 seconds
[2024-07-04T09:37:05.537+0000] {processor.py:161} INFO - Started process (PID=304) to work on /home/airflow/.local/lib/python3.12/site-packages/airflow/example_dags/example_latest_only.py
[2024-07-04T09:37:05.539+0000] {processor.py:830} INFO - Processing file /home/airflow/.local/lib/python3.12/site-packages/airflow/example_dags/example_latest_only.py for tasks to queue
[2024-07-04T09:37:05.541+0000] {logging_mixin.py:188} INFO - [2024-07-04T09:37:05.541+0000] {dagbag.py:545} INFO - Filling up the DagBag from /home/airflow/.local/lib/python3.12/site-packages/airflow/example_dags/example_latest_only.py
[2024-07-04T09:37:05.547+0000] {processor.py:840} INFO - DAG(s) 'latest_only' retrieved from /home/airflow/.local/lib/python3.12/site-packages/airflow/example_dags/example_latest_only.py
[2024-07-04T09:37:05.573+0000] {logging_mixin.py:188} INFO - [2024-07-04T09:37:05.573+0000] {dag.py:3096} INFO - Sync 1 DAGs
[2024-07-04T09:37:05.602+0000] {logging_mixin.py:188} INFO - [2024-07-04T09:37:05.602+0000] {dag.py:3954} INFO - Setting next_dagrun for latest_only to 2024-07-04 04:00:00+00:00, run_after=2024-07-04 08:00:00+00:00
[2024-07-04T09:37:05.621+0000] {processor.py:183} INFO - Processing /home/airflow/.local/lib/python3.12/site-packages/airflow/example_dags/example_latest_only.py took 0.090 seconds
[2024-07-04T09:37:36.157+0000] {processor.py:161} INFO - Started process (PID=363) to work on /home/airflow/.local/lib/python3.12/site-packages/airflow/example_dags/example_latest_only.py
[2024-07-04T09:37:36.158+0000] {processor.py:830} INFO - Processing file /home/airflow/.local/lib/python3.12/site-packages/airflow/example_dags/example_latest_only.py for tasks to queue
[2024-07-04T09:37:36.166+0000] {logging_mixin.py:188} INFO - [2024-07-04T09:37:36.166+0000] {dagbag.py:545} INFO - Filling up the DagBag from /home/airflow/.local/lib/python3.12/site-packages/airflow/example_dags/example_latest_only.py
[2024-07-04T09:37:36.175+0000] {processor.py:840} INFO - DAG(s) 'latest_only' retrieved from /home/airflow/.local/lib/python3.12/site-packages/airflow/example_dags/example_latest_only.py
[2024-07-04T09:37:36.222+0000] {logging_mixin.py:188} INFO - [2024-07-04T09:37:36.222+0000] {dag.py:3096} INFO - Sync 1 DAGs
[2024-07-04T09:37:36.265+0000] {logging_mixin.py:188} INFO - [2024-07-04T09:37:36.265+0000] {dag.py:3954} INFO - Setting next_dagrun for latest_only to 2024-07-04 04:00:00+00:00, run_after=2024-07-04 08:00:00+00:00
[2024-07-04T09:37:36.295+0000] {processor.py:183} INFO - Processing /home/airflow/.local/lib/python3.12/site-packages/airflow/example_dags/example_latest_only.py took 0.152 seconds
[2024-07-04T09:38:07.163+0000] {processor.py:161} INFO - Started process (PID=422) to work on /home/airflow/.local/lib/python3.12/site-packages/airflow/example_dags/example_latest_only.py
[2024-07-04T09:38:07.164+0000] {processor.py:830} INFO - Processing file /home/airflow/.local/lib/python3.12/site-packages/airflow/example_dags/example_latest_only.py for tasks to queue
[2024-07-04T09:38:07.166+0000] {logging_mixin.py:188} INFO - [2024-07-04T09:38:07.166+0000] {dagbag.py:545} INFO - Filling up the DagBag from /home/airflow/.local/lib/python3.12/site-packages/airflow/example_dags/example_latest_only.py
[2024-07-04T09:38:07.170+0000] {processor.py:840} INFO - DAG(s) 'latest_only' retrieved from /home/airflow/.local/lib/python3.12/site-packages/airflow/example_dags/example_latest_only.py
[2024-07-04T09:38:07.191+0000] {logging_mixin.py:188} INFO - [2024-07-04T09:38:07.190+0000] {dag.py:3096} INFO - Sync 1 DAGs
[2024-07-04T09:38:07.216+0000] {logging_mixin.py:188} INFO - [2024-07-04T09:38:07.216+0000] {dag.py:3954} INFO - Setting next_dagrun for latest_only to 2024-07-04 04:00:00+00:00, run_after=2024-07-04 08:00:00+00:00
[2024-07-04T09:38:07.243+0000] {processor.py:183} INFO - Processing /home/airflow/.local/lib/python3.12/site-packages/airflow/example_dags/example_latest_only.py took 0.085 seconds
[2024-07-04T09:38:37.610+0000] {processor.py:161} INFO - Started process (PID=482) to work on /home/airflow/.local/lib/python3.12/site-packages/airflow/example_dags/example_latest_only.py
[2024-07-04T09:38:37.611+0000] {processor.py:830} INFO - Processing file /home/airflow/.local/lib/python3.12/site-packages/airflow/example_dags/example_latest_only.py for tasks to queue
[2024-07-04T09:38:37.613+0000] {logging_mixin.py:188} INFO - [2024-07-04T09:38:37.613+0000] {dagbag.py:545} INFO - Filling up the DagBag from /home/airflow/.local/lib/python3.12/site-packages/airflow/example_dags/example_latest_only.py
[2024-07-04T09:38:37.618+0000] {processor.py:840} INFO - DAG(s) 'latest_only' retrieved from /home/airflow/.local/lib/python3.12/site-packages/airflow/example_dags/example_latest_only.py
[2024-07-04T09:38:37.642+0000] {logging_mixin.py:188} INFO - [2024-07-04T09:38:37.641+0000] {dag.py:3096} INFO - Sync 1 DAGs
[2024-07-04T09:38:37.664+0000] {logging_mixin.py:188} INFO - [2024-07-04T09:38:37.664+0000] {dag.py:3954} INFO - Setting next_dagrun for latest_only to 2024-07-04 04:00:00+00:00, run_after=2024-07-04 08:00:00+00:00
[2024-07-04T09:38:37.686+0000] {processor.py:183} INFO - Processing /home/airflow/.local/lib/python3.12/site-packages/airflow/example_dags/example_latest_only.py took 0.081 seconds
[2024-07-04T09:39:07.878+0000] {processor.py:161} INFO - Started process (PID=541) to work on /home/airflow/.local/lib/python3.12/site-packages/airflow/example_dags/example_latest_only.py
[2024-07-04T09:39:07.880+0000] {processor.py:830} INFO - Processing file /home/airflow/.local/lib/python3.12/site-packages/airflow/example_dags/example_latest_only.py for tasks to queue
[2024-07-04T09:39:07.881+0000] {logging_mixin.py:188} INFO - [2024-07-04T09:39:07.881+0000] {dagbag.py:545} INFO - Filling up the DagBag from /home/airflow/.local/lib/python3.12/site-packages/airflow/example_dags/example_latest_only.py
[2024-07-04T09:39:07.888+0000] {processor.py:840} INFO - DAG(s) 'latest_only' retrieved from /home/airflow/.local/lib/python3.12/site-packages/airflow/example_dags/example_latest_only.py
[2024-07-04T09:39:07.909+0000] {logging_mixin.py:188} INFO - [2024-07-04T09:39:07.909+0000] {dag.py:3096} INFO - Sync 1 DAGs
[2024-07-04T09:39:07.932+0000] {logging_mixin.py:188} INFO - [2024-07-04T09:39:07.931+0000] {dag.py:3954} INFO - Setting next_dagrun for latest_only to 2024-07-04 04:00:00+00:00, run_after=2024-07-04 08:00:00+00:00
[2024-07-04T09:39:07.951+0000] {processor.py:183} INFO - Processing /home/airflow/.local/lib/python3.12/site-packages/airflow/example_dags/example_latest_only.py took 0.078 seconds
[2024-07-04T09:39:38.173+0000] {processor.py:161} INFO - Started process (PID=600) to work on /home/airflow/.local/lib/python3.12/site-packages/airflow/example_dags/example_latest_only.py
[2024-07-04T09:39:38.176+0000] {processor.py:830} INFO - Processing file /home/airflow/.local/lib/python3.12/site-packages/airflow/example_dags/example_latest_only.py for tasks to queue
[2024-07-04T09:39:38.179+0000] {logging_mixin.py:188} INFO - [2024-07-04T09:39:38.179+0000] {dagbag.py:545} INFO - Filling up the DagBag from /home/airflow/.local/lib/python3.12/site-packages/airflow/example_dags/example_latest_only.py
[2024-07-04T09:39:38.184+0000] {processor.py:840} INFO - DAG(s) 'latest_only' retrieved from /home/airflow/.local/lib/python3.12/site-packages/airflow/example_dags/example_latest_only.py
[2024-07-04T09:39:38.206+0000] {logging_mixin.py:188} INFO - [2024-07-04T09:39:38.206+0000] {dag.py:3096} INFO - Sync 1 DAGs
[2024-07-04T09:39:38.228+0000] {logging_mixin.py:188} INFO - [2024-07-04T09:39:38.228+0000] {dag.py:3954} INFO - Setting next_dagrun for latest_only to 2024-07-04 04:00:00+00:00, run_after=2024-07-04 08:00:00+00:00
[2024-07-04T09:39:38.247+0000] {processor.py:183} INFO - Processing /home/airflow/.local/lib/python3.12/site-packages/airflow/example_dags/example_latest_only.py took 0.080 seconds
[2024-07-04T09:40:08.345+0000] {processor.py:161} INFO - Started process (PID=658) to work on /home/airflow/.local/lib/python3.12/site-packages/airflow/example_dags/example_latest_only.py
[2024-07-04T09:40:08.346+0000] {processor.py:830} INFO - Processing file /home/airflow/.local/lib/python3.12/site-packages/airflow/example_dags/example_latest_only.py for tasks to queue
[2024-07-04T09:40:08.347+0000] {logging_mixin.py:188} INFO - [2024-07-04T09:40:08.347+0000] {dagbag.py:545} INFO - Filling up the DagBag from /home/airflow/.local/lib/python3.12/site-packages/airflow/example_dags/example_latest_only.py
[2024-07-04T09:40:08.352+0000] {processor.py:840} INFO - DAG(s) 'latest_only' retrieved from /home/airflow/.local/lib/python3.12/site-packages/airflow/example_dags/example_latest_only.py
[2024-07-04T09:40:08.370+0000] {logging_mixin.py:188} INFO - [2024-07-04T09:40:08.369+0000] {dag.py:3096} INFO - Sync 1 DAGs
[2024-07-04T09:40:08.390+0000] {logging_mixin.py:188} INFO - [2024-07-04T09:40:08.389+0000] {dag.py:3954} INFO - Setting next_dagrun for latest_only to 2024-07-04 04:00:00+00:00, run_after=2024-07-04 08:00:00+00:00
[2024-07-04T09:40:08.412+0000] {processor.py:183} INFO - Processing /home/airflow/.local/lib/python3.12/site-packages/airflow/example_dags/example_latest_only.py took 0.072 seconds
[2024-07-04T09:40:38.818+0000] {processor.py:161} INFO - Started process (PID=718) to work on /home/airflow/.local/lib/python3.12/site-packages/airflow/example_dags/example_latest_only.py
[2024-07-04T09:40:38.820+0000] {processor.py:830} INFO - Processing file /home/airflow/.local/lib/python3.12/site-packages/airflow/example_dags/example_latest_only.py for tasks to queue
[2024-07-04T09:40:38.822+0000] {logging_mixin.py:188} INFO - [2024-07-04T09:40:38.822+0000] {dagbag.py:545} INFO - Filling up the DagBag from /home/airflow/.local/lib/python3.12/site-packages/airflow/example_dags/example_latest_only.py
[2024-07-04T09:40:38.827+0000] {processor.py:840} INFO - DAG(s) 'latest_only' retrieved from /home/airflow/.local/lib/python3.12/site-packages/airflow/example_dags/example_latest_only.py
[2024-07-04T09:40:38.845+0000] {logging_mixin.py:188} INFO - [2024-07-04T09:40:38.845+0000] {dag.py:3096} INFO - Sync 1 DAGs
[2024-07-04T09:40:38.866+0000] {logging_mixin.py:188} INFO - [2024-07-04T09:40:38.865+0000] {dag.py:3954} INFO - Setting next_dagrun for latest_only to 2024-07-04 04:00:00+00:00, run_after=2024-07-04 08:00:00+00:00
[2024-07-04T09:40:38.895+0000] {processor.py:183} INFO - Processing /home/airflow/.local/lib/python3.12/site-packages/airflow/example_dags/example_latest_only.py took 0.081 seconds
[2024-07-04T09:41:09.051+0000] {processor.py:161} INFO - Started process (PID=778) to work on /home/airflow/.local/lib/python3.12/site-packages/airflow/example_dags/example_latest_only.py
[2024-07-04T09:41:09.052+0000] {processor.py:830} INFO - Processing file /home/airflow/.local/lib/python3.12/site-packages/airflow/example_dags/example_latest_only.py for tasks to queue
[2024-07-04T09:41:09.054+0000] {logging_mixin.py:188} INFO - [2024-07-04T09:41:09.054+0000] {dagbag.py:545} INFO - Filling up the DagBag from /home/airflow/.local/lib/python3.12/site-packages/airflow/example_dags/example_latest_only.py
[2024-07-04T09:41:09.059+0000] {processor.py:840} INFO - DAG(s) 'latest_only' retrieved from /home/airflow/.local/lib/python3.12/site-packages/airflow/example_dags/example_latest_only.py
[2024-07-04T09:41:09.077+0000] {logging_mixin.py:188} INFO - [2024-07-04T09:41:09.077+0000] {dag.py:3096} INFO - Sync 1 DAGs
[2024-07-04T09:41:09.098+0000] {logging_mixin.py:188} INFO - [2024-07-04T09:41:09.098+0000] {dag.py:3954} INFO - Setting next_dagrun for latest_only to 2024-07-04 04:00:00+00:00, run_after=2024-07-04 08:00:00+00:00
[2024-07-04T09:41:09.124+0000] {processor.py:183} INFO - Processing /home/airflow/.local/lib/python3.12/site-packages/airflow/example_dags/example_latest_only.py took 0.077 seconds
[2024-07-04T09:41:39.531+0000] {processor.py:161} INFO - Started process (PID=837) to work on /home/airflow/.local/lib/python3.12/site-packages/airflow/example_dags/example_latest_only.py
[2024-07-04T09:41:39.532+0000] {processor.py:830} INFO - Processing file /home/airflow/.local/lib/python3.12/site-packages/airflow/example_dags/example_latest_only.py for tasks to queue
[2024-07-04T09:41:39.534+0000] {logging_mixin.py:188} INFO - [2024-07-04T09:41:39.534+0000] {dagbag.py:545} INFO - Filling up the DagBag from /home/airflow/.local/lib/python3.12/site-packages/airflow/example_dags/example_latest_only.py
[2024-07-04T09:41:39.538+0000] {processor.py:840} INFO - DAG(s) 'latest_only' retrieved from /home/airflow/.local/lib/python3.12/site-packages/airflow/example_dags/example_latest_only.py
[2024-07-04T09:41:39.556+0000] {logging_mixin.py:188} INFO - [2024-07-04T09:41:39.556+0000] {dag.py:3096} INFO - Sync 1 DAGs
[2024-07-04T09:41:39.575+0000] {logging_mixin.py:188} INFO - [2024-07-04T09:41:39.575+0000] {dag.py:3954} INFO - Setting next_dagrun for latest_only to 2024-07-04 04:00:00+00:00, run_after=2024-07-04 08:00:00+00:00
[2024-07-04T09:41:39.597+0000] {processor.py:183} INFO - Processing /home/airflow/.local/lib/python3.12/site-packages/airflow/example_dags/example_latest_only.py took 0.072 seconds
[2024-07-04T09:42:10.101+0000] {processor.py:161} INFO - Started process (PID=895) to work on /home/airflow/.local/lib/python3.12/site-packages/airflow/example_dags/example_latest_only.py
[2024-07-04T09:42:10.102+0000] {processor.py:830} INFO - Processing file /home/airflow/.local/lib/python3.12/site-packages/airflow/example_dags/example_latest_only.py for tasks to queue
[2024-07-04T09:42:10.104+0000] {logging_mixin.py:188} INFO - [2024-07-04T09:42:10.104+0000] {dagbag.py:545} INFO - Filling up the DagBag from /home/airflow/.local/lib/python3.12/site-packages/airflow/example_dags/example_latest_only.py
[2024-07-04T09:42:10.109+0000] {processor.py:840} INFO - DAG(s) 'latest_only' retrieved from /home/airflow/.local/lib/python3.12/site-packages/airflow/example_dags/example_latest_only.py
[2024-07-04T09:42:10.142+0000] {logging_mixin.py:188} INFO - [2024-07-04T09:42:10.141+0000] {dag.py:3096} INFO - Sync 1 DAGs
[2024-07-04T09:42:10.172+0000] {logging_mixin.py:188} INFO - [2024-07-04T09:42:10.172+0000] {dag.py:3954} INFO - Setting next_dagrun for latest_only to 2024-07-04 04:00:00+00:00, run_after=2024-07-04 08:00:00+00:00
[2024-07-04T09:42:10.200+0000] {processor.py:183} INFO - Processing /home/airflow/.local/lib/python3.12/site-packages/airflow/example_dags/example_latest_only.py took 0.106 seconds
[2024-07-04T09:42:40.301+0000] {processor.py:161} INFO - Started process (PID=954) to work on /home/airflow/.local/lib/python3.12/site-packages/airflow/example_dags/example_latest_only.py
[2024-07-04T09:42:40.303+0000] {processor.py:830} INFO - Processing file /home/airflow/.local/lib/python3.12/site-packages/airflow/example_dags/example_latest_only.py for tasks to queue
[2024-07-04T09:42:40.306+0000] {logging_mixin.py:188} INFO - [2024-07-04T09:42:40.306+0000] {dagbag.py:545} INFO - Filling up the DagBag from /home/airflow/.local/lib/python3.12/site-packages/airflow/example_dags/example_latest_only.py
[2024-07-04T09:42:40.312+0000] {processor.py:840} INFO - DAG(s) 'latest_only' retrieved from /home/airflow/.local/lib/python3.12/site-packages/airflow/example_dags/example_latest_only.py
[2024-07-04T09:42:40.338+0000] {logging_mixin.py:188} INFO - [2024-07-04T09:42:40.337+0000] {dag.py:3096} INFO - Sync 1 DAGs
[2024-07-04T09:42:40.379+0000] {logging_mixin.py:188} INFO - [2024-07-04T09:42:40.379+0000] {dag.py:3954} INFO - Setting next_dagrun for latest_only to 2024-07-04 04:00:00+00:00, run_after=2024-07-04 08:00:00+00:00
[2024-07-04T09:42:40.424+0000] {processor.py:183} INFO - Processing /home/airflow/.local/lib/python3.12/site-packages/airflow/example_dags/example_latest_only.py took 0.130 seconds
[2024-07-04T09:43:10.921+0000] {processor.py:161} INFO - Started process (PID=1014) to work on /home/airflow/.local/lib/python3.12/site-packages/airflow/example_dags/example_latest_only.py
[2024-07-04T09:43:10.922+0000] {processor.py:830} INFO - Processing file /home/airflow/.local/lib/python3.12/site-packages/airflow/example_dags/example_latest_only.py for tasks to queue
[2024-07-04T09:43:10.924+0000] {logging_mixin.py:188} INFO - [2024-07-04T09:43:10.924+0000] {dagbag.py:545} INFO - Filling up the DagBag from /home/airflow/.local/lib/python3.12/site-packages/airflow/example_dags/example_latest_only.py
[2024-07-04T09:43:10.930+0000] {processor.py:840} INFO - DAG(s) 'latest_only' retrieved from /home/airflow/.local/lib/python3.12/site-packages/airflow/example_dags/example_latest_only.py
[2024-07-04T09:43:10.951+0000] {logging_mixin.py:188} INFO - [2024-07-04T09:43:10.950+0000] {dag.py:3096} INFO - Sync 1 DAGs
[2024-07-04T09:43:10.990+0000] {logging_mixin.py:188} INFO - [2024-07-04T09:43:10.990+0000] {dag.py:3954} INFO - Setting next_dagrun for latest_only to 2024-07-04 04:00:00+00:00, run_after=2024-07-04 08:00:00+00:00
[2024-07-04T09:43:11.033+0000] {processor.py:183} INFO - Processing /home/airflow/.local/lib/python3.12/site-packages/airflow/example_dags/example_latest_only.py took 0.120 seconds
[2024-07-04T09:43:41.164+0000] {processor.py:161} INFO - Started process (PID=1073) to work on /home/airflow/.local/lib/python3.12/site-packages/airflow/example_dags/example_latest_only.py
[2024-07-04T09:43:41.165+0000] {processor.py:830} INFO - Processing file /home/airflow/.local/lib/python3.12/site-packages/airflow/example_dags/example_latest_only.py for tasks to queue
[2024-07-04T09:43:41.167+0000] {logging_mixin.py:188} INFO - [2024-07-04T09:43:41.167+0000] {dagbag.py:545} INFO - Filling up the DagBag from /home/airflow/.local/lib/python3.12/site-packages/airflow/example_dags/example_latest_only.py
[2024-07-04T09:43:41.172+0000] {processor.py:840} INFO - DAG(s) 'latest_only' retrieved from /home/airflow/.local/lib/python3.12/site-packages/airflow/example_dags/example_latest_only.py
[2024-07-04T09:43:41.193+0000] {logging_mixin.py:188} INFO - [2024-07-04T09:43:41.193+0000] {dag.py:3096} INFO - Sync 1 DAGs
[2024-07-04T09:43:41.225+0000] {logging_mixin.py:188} INFO - [2024-07-04T09:43:41.224+0000] {dag.py:3954} INFO - Setting next_dagrun for latest_only to 2024-07-04 04:00:00+00:00, run_after=2024-07-04 08:00:00+00:00
[2024-07-04T09:43:41.247+0000] {processor.py:183} INFO - Processing /home/airflow/.local/lib/python3.12/site-packages/airflow/example_dags/example_latest_only.py took 0.088 seconds
[2024-07-04T09:44:11.550+0000] {processor.py:161} INFO - Started process (PID=1132) to work on /home/airflow/.local/lib/python3.12/site-packages/airflow/example_dags/example_latest_only.py
[2024-07-04T09:44:11.551+0000] {processor.py:830} INFO - Processing file /home/airflow/.local/lib/python3.12/site-packages/airflow/example_dags/example_latest_only.py for tasks to queue
[2024-07-04T09:44:11.555+0000] {logging_mixin.py:188} INFO - [2024-07-04T09:44:11.554+0000] {dagbag.py:545} INFO - Filling up the DagBag from /home/airflow/.local/lib/python3.12/site-packages/airflow/example_dags/example_latest_only.py
[2024-07-04T09:44:11.559+0000] {processor.py:840} INFO - DAG(s) 'latest_only' retrieved from /home/airflow/.local/lib/python3.12/site-packages/airflow/example_dags/example_latest_only.py
[2024-07-04T09:44:11.582+0000] {logging_mixin.py:188} INFO - [2024-07-04T09:44:11.581+0000] {dag.py:3096} INFO - Sync 1 DAGs
[2024-07-04T09:44:11.608+0000] {logging_mixin.py:188} INFO - [2024-07-04T09:44:11.608+0000] {dag.py:3954} INFO - Setting next_dagrun for latest_only to 2024-07-04 04:00:00+00:00, run_after=2024-07-04 08:00:00+00:00
[2024-07-04T09:44:11.632+0000] {processor.py:183} INFO - Processing /home/airflow/.local/lib/python3.12/site-packages/airflow/example_dags/example_latest_only.py took 0.088 seconds
[2024-07-04T09:44:41.810+0000] {processor.py:161} INFO - Started process (PID=1191) to work on /home/airflow/.local/lib/python3.12/site-packages/airflow/example_dags/example_latest_only.py
[2024-07-04T09:44:41.812+0000] {processor.py:830} INFO - Processing file /home/airflow/.local/lib/python3.12/site-packages/airflow/example_dags/example_latest_only.py for tasks to queue
[2024-07-04T09:44:41.814+0000] {logging_mixin.py:188} INFO - [2024-07-04T09:44:41.814+0000] {dagbag.py:545} INFO - Filling up the DagBag from /home/airflow/.local/lib/python3.12/site-packages/airflow/example_dags/example_latest_only.py
[2024-07-04T09:44:41.820+0000] {processor.py:840} INFO - DAG(s) 'latest_only' retrieved from /home/airflow/.local/lib/python3.12/site-packages/airflow/example_dags/example_latest_only.py
[2024-07-04T09:44:41.847+0000] {logging_mixin.py:188} INFO - [2024-07-04T09:44:41.846+0000] {dag.py:3096} INFO - Sync 1 DAGs
[2024-07-04T09:44:41.906+0000] {logging_mixin.py:188} INFO - [2024-07-04T09:44:41.904+0000] {dag.py:3954} INFO - Setting next_dagrun for latest_only to 2024-07-04 04:00:00+00:00, run_after=2024-07-04 08:00:00+00:00
[2024-07-04T09:44:41.932+0000] {processor.py:183} INFO - Processing /home/airflow/.local/lib/python3.12/site-packages/airflow/example_dags/example_latest_only.py took 0.131 seconds
[2024-07-04T09:45:12.075+0000] {processor.py:161} INFO - Started process (PID=1250) to work on /home/airflow/.local/lib/python3.12/site-packages/airflow/example_dags/example_latest_only.py
[2024-07-04T09:45:12.076+0000] {processor.py:830} INFO - Processing file /home/airflow/.local/lib/python3.12/site-packages/airflow/example_dags/example_latest_only.py for tasks to queue
[2024-07-04T09:45:12.078+0000] {logging_mixin.py:188} INFO - [2024-07-04T09:45:12.078+0000] {dagbag.py:545} INFO - Filling up the DagBag from /home/airflow/.local/lib/python3.12/site-packages/airflow/example_dags/example_latest_only.py
[2024-07-04T09:45:12.084+0000] {processor.py:840} INFO - DAG(s) 'latest_only' retrieved from /home/airflow/.local/lib/python3.12/site-packages/airflow/example_dags/example_latest_only.py
[2024-07-04T09:45:12.107+0000] {logging_mixin.py:188} INFO - [2024-07-04T09:45:12.106+0000] {dag.py:3096} INFO - Sync 1 DAGs
[2024-07-04T09:45:12.125+0000] {logging_mixin.py:188} INFO - [2024-07-04T09:45:12.125+0000] {dag.py:3954} INFO - Setting next_dagrun for latest_only to 2024-07-04 04:00:00+00:00, run_after=2024-07-04 08:00:00+00:00
[2024-07-04T09:45:12.147+0000] {processor.py:183} INFO - Processing /home/airflow/.local/lib/python3.12/site-packages/airflow/example_dags/example_latest_only.py took 0.077 seconds
[2024-07-04T09:45:42.630+0000] {processor.py:161} INFO - Started process (PID=1309) to work on /home/airflow/.local/lib/python3.12/site-packages/airflow/example_dags/example_latest_only.py
[2024-07-04T09:45:42.632+0000] {processor.py:830} INFO - Processing file /home/airflow/.local/lib/python3.12/site-packages/airflow/example_dags/example_latest_only.py for tasks to queue
[2024-07-04T09:45:42.634+0000] {logging_mixin.py:188} INFO - [2024-07-04T09:45:42.634+0000] {dagbag.py:545} INFO - Filling up the DagBag from /home/airflow/.local/lib/python3.12/site-packages/airflow/example_dags/example_latest_only.py
[2024-07-04T09:45:42.639+0000] {processor.py:840} INFO - DAG(s) 'latest_only' retrieved from /home/airflow/.local/lib/python3.12/site-packages/airflow/example_dags/example_latest_only.py
[2024-07-04T09:45:42.657+0000] {logging_mixin.py:188} INFO - [2024-07-04T09:45:42.657+0000] {dag.py:3096} INFO - Sync 1 DAGs
[2024-07-04T09:45:42.678+0000] {logging_mixin.py:188} INFO - [2024-07-04T09:45:42.678+0000] {dag.py:3954} INFO - Setting next_dagrun for latest_only to 2024-07-04 04:00:00+00:00, run_after=2024-07-04 08:00:00+00:00
[2024-07-04T09:45:42.697+0000] {processor.py:183} INFO - Processing /home/airflow/.local/lib/python3.12/site-packages/airflow/example_dags/example_latest_only.py took 0.072 seconds
[2024-07-04T09:46:13.031+0000] {processor.py:161} INFO - Started process (PID=1368) to work on /home/airflow/.local/lib/python3.12/site-packages/airflow/example_dags/example_latest_only.py
[2024-07-04T09:46:13.032+0000] {processor.py:830} INFO - Processing file /home/airflow/.local/lib/python3.12/site-packages/airflow/example_dags/example_latest_only.py for tasks to queue
[2024-07-04T09:46:13.033+0000] {logging_mixin.py:188} INFO - [2024-07-04T09:46:13.033+0000] {dagbag.py:545} INFO - Filling up the DagBag from /home/airflow/.local/lib/python3.12/site-packages/airflow/example_dags/example_latest_only.py
[2024-07-04T09:46:13.037+0000] {processor.py:840} INFO - DAG(s) 'latest_only' retrieved from /home/airflow/.local/lib/python3.12/site-packages/airflow/example_dags/example_latest_only.py
[2024-07-04T09:46:13.056+0000] {logging_mixin.py:188} INFO - [2024-07-04T09:46:13.056+0000] {dag.py:3096} INFO - Sync 1 DAGs
[2024-07-04T09:46:13.076+0000] {logging_mixin.py:188} INFO - [2024-07-04T09:46:13.076+0000] {dag.py:3954} INFO - Setting next_dagrun for latest_only to 2024-07-04 04:00:00+00:00, run_after=2024-07-04 08:00:00+00:00
[2024-07-04T09:46:13.094+0000] {processor.py:183} INFO - Processing /home/airflow/.local/lib/python3.12/site-packages/airflow/example_dags/example_latest_only.py took 0.068 seconds
[2024-07-04T09:46:43.405+0000] {processor.py:161} INFO - Started process (PID=1428) to work on /home/airflow/.local/lib/python3.12/site-packages/airflow/example_dags/example_latest_only.py
[2024-07-04T09:46:43.406+0000] {processor.py:830} INFO - Processing file /home/airflow/.local/lib/python3.12/site-packages/airflow/example_dags/example_latest_only.py for tasks to queue
[2024-07-04T09:46:43.409+0000] {logging_mixin.py:188} INFO - [2024-07-04T09:46:43.408+0000] {dagbag.py:545} INFO - Filling up the DagBag from /home/airflow/.local/lib/python3.12/site-packages/airflow/example_dags/example_latest_only.py
[2024-07-04T09:46:43.413+0000] {processor.py:840} INFO - DAG(s) 'latest_only' retrieved from /home/airflow/.local/lib/python3.12/site-packages/airflow/example_dags/example_latest_only.py
[2024-07-04T09:46:43.434+0000] {logging_mixin.py:188} INFO - [2024-07-04T09:46:43.434+0000] {dag.py:3096} INFO - Sync 1 DAGs
[2024-07-04T09:46:43.455+0000] {logging_mixin.py:188} INFO - [2024-07-04T09:46:43.455+0000] {dag.py:3954} INFO - Setting next_dagrun for latest_only to 2024-07-04 04:00:00+00:00, run_after=2024-07-04 08:00:00+00:00
[2024-07-04T09:46:43.476+0000] {processor.py:183} INFO - Processing /home/airflow/.local/lib/python3.12/site-packages/airflow/example_dags/example_latest_only.py took 0.076 seconds
[2024-07-04T09:47:18.937+0000] {processor.py:161} INFO - Started process (PID=1488) to work on /home/airflow/.local/lib/python3.12/site-packages/airflow/example_dags/example_latest_only.py
[2024-07-04T09:47:18.942+0000] {processor.py:830} INFO - Processing file /home/airflow/.local/lib/python3.12/site-packages/airflow/example_dags/example_latest_only.py for tasks to queue
[2024-07-04T09:47:18.954+0000] {logging_mixin.py:188} INFO - [2024-07-04T09:47:18.954+0000] {dagbag.py:545} INFO - Filling up the DagBag from /home/airflow/.local/lib/python3.12/site-packages/airflow/example_dags/example_latest_only.py
[2024-07-04T09:47:18.966+0000] {processor.py:840} INFO - DAG(s) 'latest_only' retrieved from /home/airflow/.local/lib/python3.12/site-packages/airflow/example_dags/example_latest_only.py
[2024-07-04T09:47:19.033+0000] {logging_mixin.py:188} INFO - [2024-07-04T09:47:19.033+0000] {dag.py:3096} INFO - Sync 1 DAGs
[2024-07-04T09:47:19.131+0000] {logging_mixin.py:188} INFO - [2024-07-04T09:47:19.131+0000] {dag.py:3954} INFO - Setting next_dagrun for latest_only to 2024-07-04 04:00:00+00:00, run_after=2024-07-04 08:00:00+00:00
[2024-07-04T09:47:19.192+0000] {processor.py:183} INFO - Processing /home/airflow/.local/lib/python3.12/site-packages/airflow/example_dags/example_latest_only.py took 0.265 seconds
[2024-07-04T09:47:50.720+0000] {processor.py:161} INFO - Started process (PID=1547) to work on /home/airflow/.local/lib/python3.12/site-packages/airflow/example_dags/example_latest_only.py
[2024-07-04T09:47:50.729+0000] {processor.py:830} INFO - Processing file /home/airflow/.local/lib/python3.12/site-packages/airflow/example_dags/example_latest_only.py for tasks to queue
[2024-07-04T09:47:50.749+0000] {logging_mixin.py:188} INFO - [2024-07-04T09:47:50.748+0000] {dagbag.py:545} INFO - Filling up the DagBag from /home/airflow/.local/lib/python3.12/site-packages/airflow/example_dags/example_latest_only.py
[2024-07-04T09:47:50.764+0000] {processor.py:840} INFO - DAG(s) 'latest_only' retrieved from /home/airflow/.local/lib/python3.12/site-packages/airflow/example_dags/example_latest_only.py
[2024-07-04T09:47:50.879+0000] {logging_mixin.py:188} INFO - [2024-07-04T09:47:50.879+0000] {dag.py:3096} INFO - Sync 1 DAGs
[2024-07-04T09:47:51.019+0000] {logging_mixin.py:188} INFO - [2024-07-04T09:47:51.018+0000] {dag.py:3954} INFO - Setting next_dagrun for latest_only to 2024-07-04 04:00:00+00:00, run_after=2024-07-04 08:00:00+00:00
[2024-07-04T09:47:51.136+0000] {processor.py:183} INFO - Processing /home/airflow/.local/lib/python3.12/site-packages/airflow/example_dags/example_latest_only.py took 0.450 seconds
[2024-07-04T09:48:21.311+0000] {processor.py:161} INFO - Started process (PID=1605) to work on /home/airflow/.local/lib/python3.12/site-packages/airflow/example_dags/example_latest_only.py
[2024-07-04T09:48:21.313+0000] {processor.py:830} INFO - Processing file /home/airflow/.local/lib/python3.12/site-packages/airflow/example_dags/example_latest_only.py for tasks to queue
[2024-07-04T09:48:21.315+0000] {logging_mixin.py:188} INFO - [2024-07-04T09:48:21.315+0000] {dagbag.py:545} INFO - Filling up the DagBag from /home/airflow/.local/lib/python3.12/site-packages/airflow/example_dags/example_latest_only.py
[2024-07-04T09:48:21.322+0000] {processor.py:840} INFO - DAG(s) 'latest_only' retrieved from /home/airflow/.local/lib/python3.12/site-packages/airflow/example_dags/example_latest_only.py
[2024-07-04T09:48:21.347+0000] {logging_mixin.py:188} INFO - [2024-07-04T09:48:21.347+0000] {dag.py:3096} INFO - Sync 1 DAGs
[2024-07-04T09:48:21.371+0000] {logging_mixin.py:188} INFO - [2024-07-04T09:48:21.370+0000] {dag.py:3954} INFO - Setting next_dagrun for latest_only to 2024-07-04 04:00:00+00:00, run_after=2024-07-04 08:00:00+00:00
[2024-07-04T09:48:21.394+0000] {processor.py:183} INFO - Processing /home/airflow/.local/lib/python3.12/site-packages/airflow/example_dags/example_latest_only.py took 0.090 seconds
[2024-07-04T09:48:51.822+0000] {processor.py:161} INFO - Started process (PID=1664) to work on /home/airflow/.local/lib/python3.12/site-packages/airflow/example_dags/example_latest_only.py
[2024-07-04T09:48:51.824+0000] {processor.py:830} INFO - Processing file /home/airflow/.local/lib/python3.12/site-packages/airflow/example_dags/example_latest_only.py for tasks to queue
[2024-07-04T09:48:51.826+0000] {logging_mixin.py:188} INFO - [2024-07-04T09:48:51.825+0000] {dagbag.py:545} INFO - Filling up the DagBag from /home/airflow/.local/lib/python3.12/site-packages/airflow/example_dags/example_latest_only.py
[2024-07-04T09:48:51.834+0000] {processor.py:840} INFO - DAG(s) 'latest_only' retrieved from /home/airflow/.local/lib/python3.12/site-packages/airflow/example_dags/example_latest_only.py
[2024-07-04T09:48:51.861+0000] {logging_mixin.py:188} INFO - [2024-07-04T09:48:51.861+0000] {dag.py:3096} INFO - Sync 1 DAGs
[2024-07-04T09:48:51.888+0000] {logging_mixin.py:188} INFO - [2024-07-04T09:48:51.888+0000] {dag.py:3954} INFO - Setting next_dagrun for latest_only to 2024-07-04 04:00:00+00:00, run_after=2024-07-04 08:00:00+00:00
[2024-07-04T09:48:51.910+0000] {processor.py:183} INFO - Processing /home/airflow/.local/lib/python3.12/site-packages/airflow/example_dags/example_latest_only.py took 0.095 seconds
[2024-07-04T09:49:22.172+0000] {processor.py:161} INFO - Started process (PID=1723) to work on /home/airflow/.local/lib/python3.12/site-packages/airflow/example_dags/example_latest_only.py
[2024-07-04T09:49:22.173+0000] {processor.py:830} INFO - Processing file /home/airflow/.local/lib/python3.12/site-packages/airflow/example_dags/example_latest_only.py for tasks to queue
[2024-07-04T09:49:22.174+0000] {logging_mixin.py:188} INFO - [2024-07-04T09:49:22.174+0000] {dagbag.py:545} INFO - Filling up the DagBag from /home/airflow/.local/lib/python3.12/site-packages/airflow/example_dags/example_latest_only.py
[2024-07-04T09:49:22.182+0000] {processor.py:840} INFO - DAG(s) 'latest_only' retrieved from /home/airflow/.local/lib/python3.12/site-packages/airflow/example_dags/example_latest_only.py
[2024-07-04T09:49:22.208+0000] {logging_mixin.py:188} INFO - [2024-07-04T09:49:22.208+0000] {dag.py:3096} INFO - Sync 1 DAGs
[2024-07-04T09:49:22.240+0000] {logging_mixin.py:188} INFO - [2024-07-04T09:49:22.240+0000] {dag.py:3954} INFO - Setting next_dagrun for latest_only to 2024-07-04 04:00:00+00:00, run_after=2024-07-04 08:00:00+00:00
[2024-07-04T09:49:22.292+0000] {processor.py:183} INFO - Processing /home/airflow/.local/lib/python3.12/site-packages/airflow/example_dags/example_latest_only.py took 0.126 seconds
[2024-07-04T09:49:52.879+0000] {processor.py:161} INFO - Started process (PID=1783) to work on /home/airflow/.local/lib/python3.12/site-packages/airflow/example_dags/example_latest_only.py
[2024-07-04T09:49:52.881+0000] {processor.py:830} INFO - Processing file /home/airflow/.local/lib/python3.12/site-packages/airflow/example_dags/example_latest_only.py for tasks to queue
[2024-07-04T09:49:52.883+0000] {logging_mixin.py:188} INFO - [2024-07-04T09:49:52.883+0000] {dagbag.py:545} INFO - Filling up the DagBag from /home/airflow/.local/lib/python3.12/site-packages/airflow/example_dags/example_latest_only.py
[2024-07-04T09:49:52.888+0000] {processor.py:840} INFO - DAG(s) 'latest_only' retrieved from /home/airflow/.local/lib/python3.12/site-packages/airflow/example_dags/example_latest_only.py
[2024-07-04T09:49:52.909+0000] {logging_mixin.py:188} INFO - [2024-07-04T09:49:52.908+0000] {dag.py:3096} INFO - Sync 1 DAGs
[2024-07-04T09:49:52.933+0000] {logging_mixin.py:188} INFO - [2024-07-04T09:49:52.933+0000] {dag.py:3954} INFO - Setting next_dagrun for latest_only to 2024-07-04 04:00:00+00:00, run_after=2024-07-04 08:00:00+00:00
[2024-07-04T09:49:52.960+0000] {processor.py:183} INFO - Processing /home/airflow/.local/lib/python3.12/site-packages/airflow/example_dags/example_latest_only.py took 0.087 seconds
[2024-07-04T09:50:23.690+0000] {processor.py:161} INFO - Started process (PID=1842) to work on /home/airflow/.local/lib/python3.12/site-packages/airflow/example_dags/example_latest_only.py
[2024-07-04T09:50:23.692+0000] {processor.py:830} INFO - Processing file /home/airflow/.local/lib/python3.12/site-packages/airflow/example_dags/example_latest_only.py for tasks to queue
[2024-07-04T09:50:23.694+0000] {logging_mixin.py:188} INFO - [2024-07-04T09:50:23.694+0000] {dagbag.py:545} INFO - Filling up the DagBag from /home/airflow/.local/lib/python3.12/site-packages/airflow/example_dags/example_latest_only.py
[2024-07-04T09:50:23.699+0000] {processor.py:840} INFO - DAG(s) 'latest_only' retrieved from /home/airflow/.local/lib/python3.12/site-packages/airflow/example_dags/example_latest_only.py
[2024-07-04T09:50:23.730+0000] {logging_mixin.py:188} INFO - [2024-07-04T09:50:23.730+0000] {dag.py:3096} INFO - Sync 1 DAGs
[2024-07-04T09:50:23.900+0000] {logging_mixin.py:188} INFO - [2024-07-04T09:50:23.899+0000] {dag.py:3954} INFO - Setting next_dagrun for latest_only to 2024-07-04 04:00:00+00:00, run_after=2024-07-04 08:00:00+00:00
[2024-07-04T09:50:23.921+0000] {processor.py:183} INFO - Processing /home/airflow/.local/lib/python3.12/site-packages/airflow/example_dags/example_latest_only.py took 0.238 seconds
[2024-07-04T09:50:54.510+0000] {processor.py:161} INFO - Started process (PID=1901) to work on /home/airflow/.local/lib/python3.12/site-packages/airflow/example_dags/example_latest_only.py
[2024-07-04T09:50:54.512+0000] {processor.py:830} INFO - Processing file /home/airflow/.local/lib/python3.12/site-packages/airflow/example_dags/example_latest_only.py for tasks to queue
[2024-07-04T09:50:54.515+0000] {logging_mixin.py:188} INFO - [2024-07-04T09:50:54.514+0000] {dagbag.py:545} INFO - Filling up the DagBag from /home/airflow/.local/lib/python3.12/site-packages/airflow/example_dags/example_latest_only.py
[2024-07-04T09:50:54.521+0000] {processor.py:840} INFO - DAG(s) 'latest_only' retrieved from /home/airflow/.local/lib/python3.12/site-packages/airflow/example_dags/example_latest_only.py
[2024-07-04T09:50:54.555+0000] {logging_mixin.py:188} INFO - [2024-07-04T09:50:54.554+0000] {dag.py:3096} INFO - Sync 1 DAGs
[2024-07-04T09:50:54.594+0000] {logging_mixin.py:188} INFO - [2024-07-04T09:50:54.594+0000] {dag.py:3954} INFO - Setting next_dagrun for latest_only to 2024-07-04 04:00:00+00:00, run_after=2024-07-04 08:00:00+00:00
[2024-07-04T09:50:54.901+0000] {processor.py:183} INFO - Processing /home/airflow/.local/lib/python3.12/site-packages/airflow/example_dags/example_latest_only.py took 0.398 seconds
[2024-07-04T09:51:25.228+0000] {processor.py:161} INFO - Started process (PID=1960) to work on /home/airflow/.local/lib/python3.12/site-packages/airflow/example_dags/example_latest_only.py
[2024-07-04T09:51:25.229+0000] {processor.py:830} INFO - Processing file /home/airflow/.local/lib/python3.12/site-packages/airflow/example_dags/example_latest_only.py for tasks to queue
[2024-07-04T09:51:25.237+0000] {logging_mixin.py:188} INFO - [2024-07-04T09:51:25.236+0000] {dagbag.py:545} INFO - Filling up the DagBag from /home/airflow/.local/lib/python3.12/site-packages/airflow/example_dags/example_latest_only.py
[2024-07-04T09:51:25.244+0000] {processor.py:840} INFO - DAG(s) 'latest_only' retrieved from /home/airflow/.local/lib/python3.12/site-packages/airflow/example_dags/example_latest_only.py
[2024-07-04T09:51:25.277+0000] {logging_mixin.py:188} INFO - [2024-07-04T09:51:25.277+0000] {dag.py:3096} INFO - Sync 1 DAGs
[2024-07-04T09:51:25.311+0000] {logging_mixin.py:188} INFO - [2024-07-04T09:51:25.311+0000] {dag.py:3954} INFO - Setting next_dagrun for latest_only to 2024-07-04 04:00:00+00:00, run_after=2024-07-04 08:00:00+00:00
[2024-07-04T09:51:25.577+0000] {processor.py:183} INFO - Processing /home/airflow/.local/lib/python3.12/site-packages/airflow/example_dags/example_latest_only.py took 0.357 seconds
[2024-07-04T09:51:56.037+0000] {processor.py:161} INFO - Started process (PID=2019) to work on /home/airflow/.local/lib/python3.12/site-packages/airflow/example_dags/example_latest_only.py
[2024-07-04T09:51:56.038+0000] {processor.py:830} INFO - Processing file /home/airflow/.local/lib/python3.12/site-packages/airflow/example_dags/example_latest_only.py for tasks to queue
[2024-07-04T09:51:56.041+0000] {logging_mixin.py:188} INFO - [2024-07-04T09:51:56.040+0000] {dagbag.py:545} INFO - Filling up the DagBag from /home/airflow/.local/lib/python3.12/site-packages/airflow/example_dags/example_latest_only.py
[2024-07-04T09:51:56.048+0000] {processor.py:840} INFO - DAG(s) 'latest_only' retrieved from /home/airflow/.local/lib/python3.12/site-packages/airflow/example_dags/example_latest_only.py
[2024-07-04T09:51:56.090+0000] {logging_mixin.py:188} INFO - [2024-07-04T09:51:56.089+0000] {dag.py:3096} INFO - Sync 1 DAGs
[2024-07-04T09:51:56.113+0000] {logging_mixin.py:188} INFO - [2024-07-04T09:51:56.113+0000] {dag.py:3954} INFO - Setting next_dagrun for latest_only to 2024-07-04 04:00:00+00:00, run_after=2024-07-04 08:00:00+00:00
[2024-07-04T09:51:56.134+0000] {processor.py:183} INFO - Processing /home/airflow/.local/lib/python3.12/site-packages/airflow/example_dags/example_latest_only.py took 0.103 seconds
[2024-07-04T09:52:26.656+0000] {processor.py:161} INFO - Started process (PID=2079) to work on /home/airflow/.local/lib/python3.12/site-packages/airflow/example_dags/example_latest_only.py
[2024-07-04T09:52:26.657+0000] {processor.py:830} INFO - Processing file /home/airflow/.local/lib/python3.12/site-packages/airflow/example_dags/example_latest_only.py for tasks to queue
[2024-07-04T09:52:26.659+0000] {logging_mixin.py:188} INFO - [2024-07-04T09:52:26.659+0000] {dagbag.py:545} INFO - Filling up the DagBag from /home/airflow/.local/lib/python3.12/site-packages/airflow/example_dags/example_latest_only.py
[2024-07-04T09:52:26.664+0000] {processor.py:840} INFO - DAG(s) 'latest_only' retrieved from /home/airflow/.local/lib/python3.12/site-packages/airflow/example_dags/example_latest_only.py
[2024-07-04T09:52:26.686+0000] {logging_mixin.py:188} INFO - [2024-07-04T09:52:26.686+0000] {dag.py:3096} INFO - Sync 1 DAGs
[2024-07-04T09:52:26.707+0000] {logging_mixin.py:188} INFO - [2024-07-04T09:52:26.707+0000] {dag.py:3954} INFO - Setting next_dagrun for latest_only to 2024-07-04 04:00:00+00:00, run_after=2024-07-04 08:00:00+00:00
[2024-07-04T09:52:26.728+0000] {processor.py:183} INFO - Processing /home/airflow/.local/lib/python3.12/site-packages/airflow/example_dags/example_latest_only.py took 0.078 seconds
[2024-07-04T09:52:57.622+0000] {processor.py:161} INFO - Started process (PID=2138) to work on /home/airflow/.local/lib/python3.12/site-packages/airflow/example_dags/example_latest_only.py
[2024-07-04T09:52:57.623+0000] {processor.py:830} INFO - Processing file /home/airflow/.local/lib/python3.12/site-packages/airflow/example_dags/example_latest_only.py for tasks to queue
[2024-07-04T09:52:57.624+0000] {logging_mixin.py:188} INFO - [2024-07-04T09:52:57.624+0000] {dagbag.py:545} INFO - Filling up the DagBag from /home/airflow/.local/lib/python3.12/site-packages/airflow/example_dags/example_latest_only.py
[2024-07-04T09:52:57.629+0000] {processor.py:840} INFO - DAG(s) 'latest_only' retrieved from /home/airflow/.local/lib/python3.12/site-packages/airflow/example_dags/example_latest_only.py
[2024-07-04T09:52:57.648+0000] {logging_mixin.py:188} INFO - [2024-07-04T09:52:57.648+0000] {dag.py:3096} INFO - Sync 1 DAGs
[2024-07-04T09:52:57.670+0000] {logging_mixin.py:188} INFO - [2024-07-04T09:52:57.670+0000] {dag.py:3954} INFO - Setting next_dagrun for latest_only to 2024-07-04 04:00:00+00:00, run_after=2024-07-04 08:00:00+00:00
[2024-07-04T09:52:57.694+0000] {processor.py:183} INFO - Processing /home/airflow/.local/lib/python3.12/site-packages/airflow/example_dags/example_latest_only.py took 0.078 seconds
[2024-07-04T09:53:28.164+0000] {processor.py:161} INFO - Started process (PID=2196) to work on /home/airflow/.local/lib/python3.12/site-packages/airflow/example_dags/example_latest_only.py
[2024-07-04T09:53:28.166+0000] {processor.py:830} INFO - Processing file /home/airflow/.local/lib/python3.12/site-packages/airflow/example_dags/example_latest_only.py for tasks to queue
[2024-07-04T09:53:28.172+0000] {logging_mixin.py:188} INFO - [2024-07-04T09:53:28.169+0000] {dagbag.py:545} INFO - Filling up the DagBag from /home/airflow/.local/lib/python3.12/site-packages/airflow/example_dags/example_latest_only.py
[2024-07-04T09:53:28.176+0000] {processor.py:840} INFO - DAG(s) 'latest_only' retrieved from /home/airflow/.local/lib/python3.12/site-packages/airflow/example_dags/example_latest_only.py
[2024-07-04T09:53:28.210+0000] {logging_mixin.py:188} INFO - [2024-07-04T09:53:28.210+0000] {dag.py:3096} INFO - Sync 1 DAGs
[2024-07-04T09:53:28.264+0000] {logging_mixin.py:188} INFO - [2024-07-04T09:53:28.264+0000] {dag.py:3954} INFO - Setting next_dagrun for latest_only to 2024-07-04 04:00:00+00:00, run_after=2024-07-04 08:00:00+00:00
[2024-07-04T09:53:28.301+0000] {processor.py:183} INFO - Processing /home/airflow/.local/lib/python3.12/site-packages/airflow/example_dags/example_latest_only.py took 0.142 seconds
[2024-07-04T09:53:59.235+0000] {processor.py:161} INFO - Started process (PID=2255) to work on /home/airflow/.local/lib/python3.12/site-packages/airflow/example_dags/example_latest_only.py
[2024-07-04T09:53:59.237+0000] {processor.py:830} INFO - Processing file /home/airflow/.local/lib/python3.12/site-packages/airflow/example_dags/example_latest_only.py for tasks to queue
[2024-07-04T09:53:59.242+0000] {logging_mixin.py:188} INFO - [2024-07-04T09:53:59.241+0000] {dagbag.py:545} INFO - Filling up the DagBag from /home/airflow/.local/lib/python3.12/site-packages/airflow/example_dags/example_latest_only.py
[2024-07-04T09:53:59.254+0000] {processor.py:840} INFO - DAG(s) 'latest_only' retrieved from /home/airflow/.local/lib/python3.12/site-packages/airflow/example_dags/example_latest_only.py
[2024-07-04T09:53:59.314+0000] {logging_mixin.py:188} INFO - [2024-07-04T09:53:59.314+0000] {dag.py:3096} INFO - Sync 1 DAGs
[2024-07-04T09:53:59.399+0000] {logging_mixin.py:188} INFO - [2024-07-04T09:53:59.398+0000] {dag.py:3954} INFO - Setting next_dagrun for latest_only to 2024-07-04 04:00:00+00:00, run_after=2024-07-04 08:00:00+00:00
[2024-07-04T09:53:59.437+0000] {processor.py:183} INFO - Processing /home/airflow/.local/lib/python3.12/site-packages/airflow/example_dags/example_latest_only.py took 0.219 seconds
[2024-07-04T09:54:29.749+0000] {processor.py:161} INFO - Started process (PID=2314) to work on /home/airflow/.local/lib/python3.12/site-packages/airflow/example_dags/example_latest_only.py
[2024-07-04T09:54:29.750+0000] {processor.py:830} INFO - Processing file /home/airflow/.local/lib/python3.12/site-packages/airflow/example_dags/example_latest_only.py for tasks to queue
[2024-07-04T09:54:29.752+0000] {logging_mixin.py:188} INFO - [2024-07-04T09:54:29.752+0000] {dagbag.py:545} INFO - Filling up the DagBag from /home/airflow/.local/lib/python3.12/site-packages/airflow/example_dags/example_latest_only.py
[2024-07-04T09:54:29.758+0000] {processor.py:840} INFO - DAG(s) 'latest_only' retrieved from /home/airflow/.local/lib/python3.12/site-packages/airflow/example_dags/example_latest_only.py
[2024-07-04T09:54:29.778+0000] {logging_mixin.py:188} INFO - [2024-07-04T09:54:29.777+0000] {dag.py:3096} INFO - Sync 1 DAGs
[2024-07-04T09:54:29.806+0000] {logging_mixin.py:188} INFO - [2024-07-04T09:54:29.805+0000] {dag.py:3954} INFO - Setting next_dagrun for latest_only to 2024-07-04 04:00:00+00:00, run_after=2024-07-04 08:00:00+00:00
[2024-07-04T09:54:29.843+0000] {processor.py:183} INFO - Processing /home/airflow/.local/lib/python3.12/site-packages/airflow/example_dags/example_latest_only.py took 0.100 seconds
[2024-07-04T09:55:00.106+0000] {processor.py:161} INFO - Started process (PID=2372) to work on /home/airflow/.local/lib/python3.12/site-packages/airflow/example_dags/example_latest_only.py
[2024-07-04T09:55:00.108+0000] {processor.py:830} INFO - Processing file /home/airflow/.local/lib/python3.12/site-packages/airflow/example_dags/example_latest_only.py for tasks to queue
[2024-07-04T09:55:00.110+0000] {logging_mixin.py:188} INFO - [2024-07-04T09:55:00.110+0000] {dagbag.py:545} INFO - Filling up the DagBag from /home/airflow/.local/lib/python3.12/site-packages/airflow/example_dags/example_latest_only.py
[2024-07-04T09:55:00.115+0000] {processor.py:840} INFO - DAG(s) 'latest_only' retrieved from /home/airflow/.local/lib/python3.12/site-packages/airflow/example_dags/example_latest_only.py
[2024-07-04T09:55:00.138+0000] {logging_mixin.py:188} INFO - [2024-07-04T09:55:00.137+0000] {dag.py:3096} INFO - Sync 1 DAGs
[2024-07-04T09:55:00.163+0000] {logging_mixin.py:188} INFO - [2024-07-04T09:55:00.163+0000] {dag.py:3954} INFO - Setting next_dagrun for latest_only to 2024-07-04 04:00:00+00:00, run_after=2024-07-04 08:00:00+00:00
[2024-07-04T09:55:00.192+0000] {processor.py:183} INFO - Processing /home/airflow/.local/lib/python3.12/site-packages/airflow/example_dags/example_latest_only.py took 0.092 seconds
[2024-07-04T09:55:31.927+0000] {processor.py:161} INFO - Started process (PID=2431) to work on /home/airflow/.local/lib/python3.12/site-packages/airflow/example_dags/example_latest_only.py
[2024-07-04T09:55:31.947+0000] {processor.py:830} INFO - Processing file /home/airflow/.local/lib/python3.12/site-packages/airflow/example_dags/example_latest_only.py for tasks to queue
[2024-07-04T09:55:31.959+0000] {logging_mixin.py:188} INFO - [2024-07-04T09:55:31.958+0000] {dagbag.py:545} INFO - Filling up the DagBag from /home/airflow/.local/lib/python3.12/site-packages/airflow/example_dags/example_latest_only.py
[2024-07-04T09:55:32.048+0000] {processor.py:840} INFO - DAG(s) 'latest_only' retrieved from /home/airflow/.local/lib/python3.12/site-packages/airflow/example_dags/example_latest_only.py
[2024-07-04T09:55:32.149+0000] {logging_mixin.py:188} INFO - [2024-07-04T09:55:32.149+0000] {dag.py:3096} INFO - Sync 1 DAGs
[2024-07-04T09:55:32.233+0000] {logging_mixin.py:188} INFO - [2024-07-04T09:55:32.233+0000] {dag.py:3954} INFO - Setting next_dagrun for latest_only to 2024-07-04 04:00:00+00:00, run_after=2024-07-04 08:00:00+00:00
[2024-07-04T09:55:32.540+0000] {processor.py:183} INFO - Processing /home/airflow/.local/lib/python3.12/site-packages/airflow/example_dags/example_latest_only.py took 0.945 seconds
[2024-07-04T09:56:03.099+0000] {processor.py:161} INFO - Started process (PID=2490) to work on /home/airflow/.local/lib/python3.12/site-packages/airflow/example_dags/example_latest_only.py
[2024-07-04T09:56:03.100+0000] {processor.py:830} INFO - Processing file /home/airflow/.local/lib/python3.12/site-packages/airflow/example_dags/example_latest_only.py for tasks to queue
[2024-07-04T09:56:03.102+0000] {logging_mixin.py:188} INFO - [2024-07-04T09:56:03.102+0000] {dagbag.py:545} INFO - Filling up the DagBag from /home/airflow/.local/lib/python3.12/site-packages/airflow/example_dags/example_latest_only.py
[2024-07-04T09:56:03.108+0000] {processor.py:840} INFO - DAG(s) 'latest_only' retrieved from /home/airflow/.local/lib/python3.12/site-packages/airflow/example_dags/example_latest_only.py
[2024-07-04T09:56:03.130+0000] {logging_mixin.py:188} INFO - [2024-07-04T09:56:03.130+0000] {dag.py:3096} INFO - Sync 1 DAGs
[2024-07-04T09:56:03.156+0000] {logging_mixin.py:188} INFO - [2024-07-04T09:56:03.156+0000] {dag.py:3954} INFO - Setting next_dagrun for latest_only to 2024-07-04 04:00:00+00:00, run_after=2024-07-04 08:00:00+00:00
[2024-07-04T09:56:03.176+0000] {processor.py:183} INFO - Processing /home/airflow/.local/lib/python3.12/site-packages/airflow/example_dags/example_latest_only.py took 0.083 seconds
[2024-07-04T09:56:33.953+0000] {processor.py:161} INFO - Started process (PID=2549) to work on /home/airflow/.local/lib/python3.12/site-packages/airflow/example_dags/example_latest_only.py
[2024-07-04T09:56:33.955+0000] {processor.py:830} INFO - Processing file /home/airflow/.local/lib/python3.12/site-packages/airflow/example_dags/example_latest_only.py for tasks to queue
[2024-07-04T09:56:33.957+0000] {logging_mixin.py:188} INFO - [2024-07-04T09:56:33.957+0000] {dagbag.py:545} INFO - Filling up the DagBag from /home/airflow/.local/lib/python3.12/site-packages/airflow/example_dags/example_latest_only.py
[2024-07-04T09:56:33.962+0000] {processor.py:840} INFO - DAG(s) 'latest_only' retrieved from /home/airflow/.local/lib/python3.12/site-packages/airflow/example_dags/example_latest_only.py
[2024-07-04T09:56:33.981+0000] {logging_mixin.py:188} INFO - [2024-07-04T09:56:33.981+0000] {dag.py:3096} INFO - Sync 1 DAGs
[2024-07-04T09:56:34.003+0000] {logging_mixin.py:188} INFO - [2024-07-04T09:56:34.003+0000] {dag.py:3954} INFO - Setting next_dagrun for latest_only to 2024-07-04 04:00:00+00:00, run_after=2024-07-04 08:00:00+00:00
[2024-07-04T09:56:34.022+0000] {processor.py:183} INFO - Processing /home/airflow/.local/lib/python3.12/site-packages/airflow/example_dags/example_latest_only.py took 0.075 seconds
[2024-07-04T09:57:04.734+0000] {processor.py:161} INFO - Started process (PID=2608) to work on /home/airflow/.local/lib/python3.12/site-packages/airflow/example_dags/example_latest_only.py
[2024-07-04T09:57:04.735+0000] {processor.py:830} INFO - Processing file /home/airflow/.local/lib/python3.12/site-packages/airflow/example_dags/example_latest_only.py for tasks to queue
[2024-07-04T09:57:04.738+0000] {logging_mixin.py:188} INFO - [2024-07-04T09:57:04.738+0000] {dagbag.py:545} INFO - Filling up the DagBag from /home/airflow/.local/lib/python3.12/site-packages/airflow/example_dags/example_latest_only.py
[2024-07-04T09:57:04.746+0000] {processor.py:840} INFO - DAG(s) 'latest_only' retrieved from /home/airflow/.local/lib/python3.12/site-packages/airflow/example_dags/example_latest_only.py
[2024-07-04T09:57:04.770+0000] {logging_mixin.py:188} INFO - [2024-07-04T09:57:04.770+0000] {dag.py:3096} INFO - Sync 1 DAGs
[2024-07-04T09:57:04.798+0000] {logging_mixin.py:188} INFO - [2024-07-04T09:57:04.798+0000] {dag.py:3954} INFO - Setting next_dagrun for latest_only to 2024-07-04 04:00:00+00:00, run_after=2024-07-04 08:00:00+00:00
[2024-07-04T09:57:04.823+0000] {processor.py:183} INFO - Processing /home/airflow/.local/lib/python3.12/site-packages/airflow/example_dags/example_latest_only.py took 0.096 seconds
[2024-07-04T09:57:35.536+0000] {processor.py:161} INFO - Started process (PID=2667) to work on /home/airflow/.local/lib/python3.12/site-packages/airflow/example_dags/example_latest_only.py
[2024-07-04T09:57:35.538+0000] {processor.py:830} INFO - Processing file /home/airflow/.local/lib/python3.12/site-packages/airflow/example_dags/example_latest_only.py for tasks to queue
[2024-07-04T09:57:35.541+0000] {logging_mixin.py:188} INFO - [2024-07-04T09:57:35.541+0000] {dagbag.py:545} INFO - Filling up the DagBag from /home/airflow/.local/lib/python3.12/site-packages/airflow/example_dags/example_latest_only.py
[2024-07-04T09:57:35.547+0000] {processor.py:840} INFO - DAG(s) 'latest_only' retrieved from /home/airflow/.local/lib/python3.12/site-packages/airflow/example_dags/example_latest_only.py
[2024-07-04T09:57:35.576+0000] {logging_mixin.py:188} INFO - [2024-07-04T09:57:35.575+0000] {dag.py:3096} INFO - Sync 1 DAGs
[2024-07-04T09:57:35.606+0000] {logging_mixin.py:188} INFO - [2024-07-04T09:57:35.606+0000] {dag.py:3954} INFO - Setting next_dagrun for latest_only to 2024-07-04 04:00:00+00:00, run_after=2024-07-04 08:00:00+00:00
[2024-07-04T09:57:35.633+0000] {processor.py:183} INFO - Processing /home/airflow/.local/lib/python3.12/site-packages/airflow/example_dags/example_latest_only.py took 0.108 seconds
[2024-07-04T09:58:06.038+0000] {processor.py:161} INFO - Started process (PID=2727) to work on /home/airflow/.local/lib/python3.12/site-packages/airflow/example_dags/example_latest_only.py
[2024-07-04T09:58:06.039+0000] {processor.py:830} INFO - Processing file /home/airflow/.local/lib/python3.12/site-packages/airflow/example_dags/example_latest_only.py for tasks to queue
[2024-07-04T09:58:06.040+0000] {logging_mixin.py:188} INFO - [2024-07-04T09:58:06.040+0000] {dagbag.py:545} INFO - Filling up the DagBag from /home/airflow/.local/lib/python3.12/site-packages/airflow/example_dags/example_latest_only.py
[2024-07-04T09:58:06.044+0000] {processor.py:840} INFO - DAG(s) 'latest_only' retrieved from /home/airflow/.local/lib/python3.12/site-packages/airflow/example_dags/example_latest_only.py
[2024-07-04T09:58:06.063+0000] {logging_mixin.py:188} INFO - [2024-07-04T09:58:06.062+0000] {dag.py:3096} INFO - Sync 1 DAGs
[2024-07-04T09:58:06.084+0000] {logging_mixin.py:188} INFO - [2024-07-04T09:58:06.084+0000] {dag.py:3954} INFO - Setting next_dagrun for latest_only to 2024-07-04 04:00:00+00:00, run_after=2024-07-04 08:00:00+00:00
[2024-07-04T09:58:06.108+0000] {processor.py:183} INFO - Processing /home/airflow/.local/lib/python3.12/site-packages/airflow/example_dags/example_latest_only.py took 0.076 seconds
[2024-07-04T09:58:36.266+0000] {processor.py:161} INFO - Started process (PID=2786) to work on /home/airflow/.local/lib/python3.12/site-packages/airflow/example_dags/example_latest_only.py
[2024-07-04T09:58:36.267+0000] {processor.py:830} INFO - Processing file /home/airflow/.local/lib/python3.12/site-packages/airflow/example_dags/example_latest_only.py for tasks to queue
[2024-07-04T09:58:36.269+0000] {logging_mixin.py:188} INFO - [2024-07-04T09:58:36.269+0000] {dagbag.py:545} INFO - Filling up the DagBag from /home/airflow/.local/lib/python3.12/site-packages/airflow/example_dags/example_latest_only.py
[2024-07-04T09:58:36.273+0000] {processor.py:840} INFO - DAG(s) 'latest_only' retrieved from /home/airflow/.local/lib/python3.12/site-packages/airflow/example_dags/example_latest_only.py
[2024-07-04T09:58:36.291+0000] {logging_mixin.py:188} INFO - [2024-07-04T09:58:36.290+0000] {dag.py:3096} INFO - Sync 1 DAGs
[2024-07-04T09:58:36.311+0000] {logging_mixin.py:188} INFO - [2024-07-04T09:58:36.311+0000] {dag.py:3954} INFO - Setting next_dagrun for latest_only to 2024-07-04 04:00:00+00:00, run_after=2024-07-04 08:00:00+00:00
[2024-07-04T09:58:36.331+0000] {processor.py:183} INFO - Processing /home/airflow/.local/lib/python3.12/site-packages/airflow/example_dags/example_latest_only.py took 0.070 seconds
[2024-07-04T09:59:06.529+0000] {processor.py:161} INFO - Started process (PID=2846) to work on /home/airflow/.local/lib/python3.12/site-packages/airflow/example_dags/example_latest_only.py
[2024-07-04T09:59:06.530+0000] {processor.py:830} INFO - Processing file /home/airflow/.local/lib/python3.12/site-packages/airflow/example_dags/example_latest_only.py for tasks to queue
[2024-07-04T09:59:06.532+0000] {logging_mixin.py:188} INFO - [2024-07-04T09:59:06.532+0000] {dagbag.py:545} INFO - Filling up the DagBag from /home/airflow/.local/lib/python3.12/site-packages/airflow/example_dags/example_latest_only.py
[2024-07-04T09:59:06.536+0000] {processor.py:840} INFO - DAG(s) 'latest_only' retrieved from /home/airflow/.local/lib/python3.12/site-packages/airflow/example_dags/example_latest_only.py
[2024-07-04T09:59:06.557+0000] {logging_mixin.py:188} INFO - [2024-07-04T09:59:06.557+0000] {dag.py:3096} INFO - Sync 1 DAGs
[2024-07-04T09:59:06.578+0000] {logging_mixin.py:188} INFO - [2024-07-04T09:59:06.578+0000] {dag.py:3954} INFO - Setting next_dagrun for latest_only to 2024-07-04 04:00:00+00:00, run_after=2024-07-04 08:00:00+00:00
[2024-07-04T09:59:06.599+0000] {processor.py:183} INFO - Processing /home/airflow/.local/lib/python3.12/site-packages/airflow/example_dags/example_latest_only.py took 0.077 seconds
[2024-07-04T09:59:42.229+0000] {processor.py:161} INFO - Started process (PID=2903) to work on /home/airflow/.local/lib/python3.12/site-packages/airflow/example_dags/example_latest_only.py
[2024-07-04T09:59:42.239+0000] {processor.py:830} INFO - Processing file /home/airflow/.local/lib/python3.12/site-packages/airflow/example_dags/example_latest_only.py for tasks to queue
[2024-07-04T09:59:42.241+0000] {logging_mixin.py:188} INFO - [2024-07-04T09:59:42.241+0000] {dagbag.py:545} INFO - Filling up the DagBag from /home/airflow/.local/lib/python3.12/site-packages/airflow/example_dags/example_latest_only.py
[2024-07-04T09:59:42.251+0000] {processor.py:840} INFO - DAG(s) 'latest_only' retrieved from /home/airflow/.local/lib/python3.12/site-packages/airflow/example_dags/example_latest_only.py
[2024-07-04T09:59:42.300+0000] {logging_mixin.py:188} INFO - [2024-07-04T09:59:42.300+0000] {dag.py:3096} INFO - Sync 1 DAGs
[2024-07-04T09:59:42.453+0000] {logging_mixin.py:188} INFO - [2024-07-04T09:59:42.453+0000] {dag.py:3954} INFO - Setting next_dagrun for latest_only to 2024-07-04 04:00:00+00:00, run_after=2024-07-04 08:00:00+00:00
[2024-07-04T09:59:42.542+0000] {processor.py:183} INFO - Processing /home/airflow/.local/lib/python3.12/site-packages/airflow/example_dags/example_latest_only.py took 0.323 seconds
[2024-07-04T10:00:14.550+0000] {processor.py:161} INFO - Started process (PID=2962) to work on /home/airflow/.local/lib/python3.12/site-packages/airflow/example_dags/example_latest_only.py
[2024-07-04T10:00:14.565+0000] {processor.py:830} INFO - Processing file /home/airflow/.local/lib/python3.12/site-packages/airflow/example_dags/example_latest_only.py for tasks to queue
[2024-07-04T10:00:14.593+0000] {logging_mixin.py:188} INFO - [2024-07-04T10:00:14.591+0000] {dagbag.py:545} INFO - Filling up the DagBag from /home/airflow/.local/lib/python3.12/site-packages/airflow/example_dags/example_latest_only.py
[2024-07-04T10:00:14.620+0000] {processor.py:840} INFO - DAG(s) 'latest_only' retrieved from /home/airflow/.local/lib/python3.12/site-packages/airflow/example_dags/example_latest_only.py
[2024-07-04T10:00:14.773+0000] {logging_mixin.py:188} INFO - [2024-07-04T10:00:14.773+0000] {dag.py:3096} INFO - Sync 1 DAGs
[2024-07-04T10:00:14.870+0000] {logging_mixin.py:188} INFO - [2024-07-04T10:00:14.869+0000] {dag.py:3954} INFO - Setting next_dagrun for latest_only to 2024-07-04 04:00:00+00:00, run_after=2024-07-04 08:00:00+00:00
[2024-07-04T10:00:14.921+0000] {processor.py:183} INFO - Processing /home/airflow/.local/lib/python3.12/site-packages/airflow/example_dags/example_latest_only.py took 0.422 seconds
[2024-07-04T10:00:45.666+0000] {processor.py:161} INFO - Started process (PID=3029) to work on /home/airflow/.local/lib/python3.12/site-packages/airflow/example_dags/example_latest_only.py
[2024-07-04T10:00:45.672+0000] {processor.py:830} INFO - Processing file /home/airflow/.local/lib/python3.12/site-packages/airflow/example_dags/example_latest_only.py for tasks to queue
[2024-07-04T10:00:45.676+0000] {logging_mixin.py:188} INFO - [2024-07-04T10:00:45.676+0000] {dagbag.py:545} INFO - Filling up the DagBag from /home/airflow/.local/lib/python3.12/site-packages/airflow/example_dags/example_latest_only.py
[2024-07-04T10:00:45.689+0000] {processor.py:840} INFO - DAG(s) 'latest_only' retrieved from /home/airflow/.local/lib/python3.12/site-packages/airflow/example_dags/example_latest_only.py
[2024-07-04T10:00:45.711+0000] {logging_mixin.py:188} INFO - [2024-07-04T10:00:45.711+0000] {dag.py:3096} INFO - Sync 1 DAGs
[2024-07-04T10:00:45.738+0000] {logging_mixin.py:188} INFO - [2024-07-04T10:00:45.737+0000] {dag.py:3954} INFO - Setting next_dagrun for latest_only to 2024-07-04 04:00:00+00:00, run_after=2024-07-04 08:00:00+00:00
[2024-07-04T10:00:45.773+0000] {processor.py:183} INFO - Processing /home/airflow/.local/lib/python3.12/site-packages/airflow/example_dags/example_latest_only.py took 0.123 seconds
[2024-07-04T10:01:16.735+0000] {processor.py:161} INFO - Started process (PID=3088) to work on /home/airflow/.local/lib/python3.12/site-packages/airflow/example_dags/example_latest_only.py
[2024-07-04T10:01:16.737+0000] {processor.py:830} INFO - Processing file /home/airflow/.local/lib/python3.12/site-packages/airflow/example_dags/example_latest_only.py for tasks to queue
[2024-07-04T10:01:16.740+0000] {logging_mixin.py:188} INFO - [2024-07-04T10:01:16.739+0000] {dagbag.py:545} INFO - Filling up the DagBag from /home/airflow/.local/lib/python3.12/site-packages/airflow/example_dags/example_latest_only.py
[2024-07-04T10:01:16.744+0000] {processor.py:840} INFO - DAG(s) 'latest_only' retrieved from /home/airflow/.local/lib/python3.12/site-packages/airflow/example_dags/example_latest_only.py
[2024-07-04T10:01:16.776+0000] {logging_mixin.py:188} INFO - [2024-07-04T10:01:16.776+0000] {dag.py:3096} INFO - Sync 1 DAGs
[2024-07-04T10:01:16.800+0000] {logging_mixin.py:188} INFO - [2024-07-04T10:01:16.800+0000] {dag.py:3954} INFO - Setting next_dagrun for latest_only to 2024-07-04 04:00:00+00:00, run_after=2024-07-04 08:00:00+00:00
[2024-07-04T10:01:16.827+0000] {processor.py:183} INFO - Processing /home/airflow/.local/lib/python3.12/site-packages/airflow/example_dags/example_latest_only.py took 0.102 seconds
[2024-07-04T10:01:47.756+0000] {processor.py:161} INFO - Started process (PID=3148) to work on /home/airflow/.local/lib/python3.12/site-packages/airflow/example_dags/example_latest_only.py
[2024-07-04T10:01:47.758+0000] {processor.py:830} INFO - Processing file /home/airflow/.local/lib/python3.12/site-packages/airflow/example_dags/example_latest_only.py for tasks to queue
[2024-07-04T10:01:47.762+0000] {logging_mixin.py:188} INFO - [2024-07-04T10:01:47.762+0000] {dagbag.py:545} INFO - Filling up the DagBag from /home/airflow/.local/lib/python3.12/site-packages/airflow/example_dags/example_latest_only.py
[2024-07-04T10:01:47.772+0000] {processor.py:840} INFO - DAG(s) 'latest_only' retrieved from /home/airflow/.local/lib/python3.12/site-packages/airflow/example_dags/example_latest_only.py
[2024-07-04T10:01:47.806+0000] {logging_mixin.py:188} INFO - [2024-07-04T10:01:47.806+0000] {dag.py:3096} INFO - Sync 1 DAGs
[2024-07-04T10:01:47.847+0000] {logging_mixin.py:188} INFO - [2024-07-04T10:01:47.847+0000] {dag.py:3954} INFO - Setting next_dagrun for latest_only to 2024-07-04 04:00:00+00:00, run_after=2024-07-04 08:00:00+00:00
[2024-07-04T10:01:47.877+0000] {processor.py:183} INFO - Processing /home/airflow/.local/lib/python3.12/site-packages/airflow/example_dags/example_latest_only.py took 0.147 seconds
[2024-07-04T10:02:18.374+0000] {processor.py:161} INFO - Started process (PID=3207) to work on /home/airflow/.local/lib/python3.12/site-packages/airflow/example_dags/example_latest_only.py
[2024-07-04T10:02:18.376+0000] {processor.py:830} INFO - Processing file /home/airflow/.local/lib/python3.12/site-packages/airflow/example_dags/example_latest_only.py for tasks to queue
[2024-07-04T10:02:18.384+0000] {logging_mixin.py:188} INFO - [2024-07-04T10:02:18.384+0000] {dagbag.py:545} INFO - Filling up the DagBag from /home/airflow/.local/lib/python3.12/site-packages/airflow/example_dags/example_latest_only.py
[2024-07-04T10:02:18.391+0000] {processor.py:840} INFO - DAG(s) 'latest_only' retrieved from /home/airflow/.local/lib/python3.12/site-packages/airflow/example_dags/example_latest_only.py
[2024-07-04T10:02:18.427+0000] {logging_mixin.py:188} INFO - [2024-07-04T10:02:18.427+0000] {dag.py:3096} INFO - Sync 1 DAGs
[2024-07-04T10:02:18.455+0000] {logging_mixin.py:188} INFO - [2024-07-04T10:02:18.455+0000] {dag.py:3954} INFO - Setting next_dagrun for latest_only to 2024-07-04 04:00:00+00:00, run_after=2024-07-04 08:00:00+00:00
[2024-07-04T10:02:18.506+0000] {processor.py:183} INFO - Processing /home/airflow/.local/lib/python3.12/site-packages/airflow/example_dags/example_latest_only.py took 0.149 seconds
[2024-07-04T10:02:48.941+0000] {processor.py:161} INFO - Started process (PID=3267) to work on /home/airflow/.local/lib/python3.12/site-packages/airflow/example_dags/example_latest_only.py
[2024-07-04T10:02:48.943+0000] {processor.py:830} INFO - Processing file /home/airflow/.local/lib/python3.12/site-packages/airflow/example_dags/example_latest_only.py for tasks to queue
[2024-07-04T10:02:48.945+0000] {logging_mixin.py:188} INFO - [2024-07-04T10:02:48.945+0000] {dagbag.py:545} INFO - Filling up the DagBag from /home/airflow/.local/lib/python3.12/site-packages/airflow/example_dags/example_latest_only.py
[2024-07-04T10:02:48.952+0000] {processor.py:840} INFO - DAG(s) 'latest_only' retrieved from /home/airflow/.local/lib/python3.12/site-packages/airflow/example_dags/example_latest_only.py
[2024-07-04T10:02:48.973+0000] {logging_mixin.py:188} INFO - [2024-07-04T10:02:48.973+0000] {dag.py:3096} INFO - Sync 1 DAGs
[2024-07-04T10:02:49.001+0000] {logging_mixin.py:188} INFO - [2024-07-04T10:02:49.001+0000] {dag.py:3954} INFO - Setting next_dagrun for latest_only to 2024-07-04 04:00:00+00:00, run_after=2024-07-04 08:00:00+00:00
[2024-07-04T10:02:49.031+0000] {processor.py:183} INFO - Processing /home/airflow/.local/lib/python3.12/site-packages/airflow/example_dags/example_latest_only.py took 0.096 seconds
[2024-07-04T10:03:19.384+0000] {processor.py:161} INFO - Started process (PID=3326) to work on /home/airflow/.local/lib/python3.12/site-packages/airflow/example_dags/example_latest_only.py
[2024-07-04T10:03:19.386+0000] {processor.py:830} INFO - Processing file /home/airflow/.local/lib/python3.12/site-packages/airflow/example_dags/example_latest_only.py for tasks to queue
[2024-07-04T10:03:19.388+0000] {logging_mixin.py:188} INFO - [2024-07-04T10:03:19.388+0000] {dagbag.py:545} INFO - Filling up the DagBag from /home/airflow/.local/lib/python3.12/site-packages/airflow/example_dags/example_latest_only.py
[2024-07-04T10:03:19.394+0000] {processor.py:840} INFO - DAG(s) 'latest_only' retrieved from /home/airflow/.local/lib/python3.12/site-packages/airflow/example_dags/example_latest_only.py
[2024-07-04T10:03:19.433+0000] {logging_mixin.py:188} INFO - [2024-07-04T10:03:19.431+0000] {dag.py:3096} INFO - Sync 1 DAGs
[2024-07-04T10:03:19.472+0000] {logging_mixin.py:188} INFO - [2024-07-04T10:03:19.472+0000] {dag.py:3954} INFO - Setting next_dagrun for latest_only to 2024-07-04 04:00:00+00:00, run_after=2024-07-04 08:00:00+00:00
[2024-07-04T10:03:19.523+0000] {processor.py:183} INFO - Processing /home/airflow/.local/lib/python3.12/site-packages/airflow/example_dags/example_latest_only.py took 0.147 seconds
[2024-07-04T10:03:50.442+0000] {processor.py:161} INFO - Started process (PID=3385) to work on /home/airflow/.local/lib/python3.12/site-packages/airflow/example_dags/example_latest_only.py
[2024-07-04T10:03:50.452+0000] {processor.py:830} INFO - Processing file /home/airflow/.local/lib/python3.12/site-packages/airflow/example_dags/example_latest_only.py for tasks to queue
[2024-07-04T10:03:50.462+0000] {logging_mixin.py:188} INFO - [2024-07-04T10:03:50.461+0000] {dagbag.py:545} INFO - Filling up the DagBag from /home/airflow/.local/lib/python3.12/site-packages/airflow/example_dags/example_latest_only.py
[2024-07-04T10:03:50.488+0000] {processor.py:840} INFO - DAG(s) 'latest_only' retrieved from /home/airflow/.local/lib/python3.12/site-packages/airflow/example_dags/example_latest_only.py
[2024-07-04T10:03:50.546+0000] {logging_mixin.py:188} INFO - [2024-07-04T10:03:50.546+0000] {dag.py:3096} INFO - Sync 1 DAGs
[2024-07-04T10:03:50.605+0000] {logging_mixin.py:188} INFO - [2024-07-04T10:03:50.605+0000] {dag.py:3954} INFO - Setting next_dagrun for latest_only to 2024-07-04 04:00:00+00:00, run_after=2024-07-04 08:00:00+00:00
[2024-07-04T10:03:50.652+0000] {processor.py:183} INFO - Processing /home/airflow/.local/lib/python3.12/site-packages/airflow/example_dags/example_latest_only.py took 0.228 seconds
