[2024-07-04T09:34:48.033+0000] {processor.py:161} INFO - Started process (PID=48) to work on /home/airflow/.local/lib/python3.12/site-packages/airflow/example_dags/example_task_group.py
[2024-07-04T09:34:48.066+0000] {processor.py:830} INFO - Processing file /home/airflow/.local/lib/python3.12/site-packages/airflow/example_dags/example_task_group.py for tasks to queue
[2024-07-04T09:34:48.078+0000] {logging_mixin.py:188} INFO - [2024-07-04T09:34:48.077+0000] {dagbag.py:545} INFO - Filling up the DagBag from /home/airflow/.local/lib/python3.12/site-packages/airflow/example_dags/example_task_group.py
[2024-07-04T09:34:48.120+0000] {processor.py:840} INFO - DAG(s) 'example_task_group' retrieved from /home/airflow/.local/lib/python3.12/site-packages/airflow/example_dags/example_task_group.py
[2024-07-04T09:34:48.737+0000] {logging_mixin.py:188} INFO - [2024-07-04T09:34:48.737+0000] {dag.py:3096} INFO - Sync 1 DAGs
[2024-07-04T09:34:48.956+0000] {logging_mixin.py:188} INFO - [2024-07-04T09:34:48.955+0000] {dag.py:3954} INFO - Setting next_dagrun for example_task_group to 2024-07-03 00:00:00+00:00, run_after=2024-07-04 00:00:00+00:00
[2024-07-04T09:34:49.063+0000] {processor.py:183} INFO - Processing /home/airflow/.local/lib/python3.12/site-packages/airflow/example_dags/example_task_group.py took 1.038 seconds
[2024-07-04T09:35:19.985+0000] {processor.py:161} INFO - Started process (PID=106) to work on /home/airflow/.local/lib/python3.12/site-packages/airflow/example_dags/example_task_group.py
[2024-07-04T09:35:19.986+0000] {processor.py:830} INFO - Processing file /home/airflow/.local/lib/python3.12/site-packages/airflow/example_dags/example_task_group.py for tasks to queue
[2024-07-04T09:35:19.988+0000] {logging_mixin.py:188} INFO - [2024-07-04T09:35:19.988+0000] {dagbag.py:545} INFO - Filling up the DagBag from /home/airflow/.local/lib/python3.12/site-packages/airflow/example_dags/example_task_group.py
[2024-07-04T09:35:19.996+0000] {processor.py:840} INFO - DAG(s) 'example_task_group' retrieved from /home/airflow/.local/lib/python3.12/site-packages/airflow/example_dags/example_task_group.py
[2024-07-04T09:35:20.018+0000] {logging_mixin.py:188} INFO - [2024-07-04T09:35:20.018+0000] {dag.py:3096} INFO - Sync 1 DAGs
[2024-07-04T09:35:20.044+0000] {logging_mixin.py:188} INFO - [2024-07-04T09:35:20.042+0000] {dag.py:3954} INFO - Setting next_dagrun for example_task_group to 2024-07-03 00:00:00+00:00, run_after=2024-07-04 00:00:00+00:00
[2024-07-04T09:35:20.064+0000] {processor.py:183} INFO - Processing /home/airflow/.local/lib/python3.12/site-packages/airflow/example_dags/example_task_group.py took 0.086 seconds
[2024-07-04T09:35:50.371+0000] {processor.py:161} INFO - Started process (PID=165) to work on /home/airflow/.local/lib/python3.12/site-packages/airflow/example_dags/example_task_group.py
[2024-07-04T09:35:50.373+0000] {processor.py:830} INFO - Processing file /home/airflow/.local/lib/python3.12/site-packages/airflow/example_dags/example_task_group.py for tasks to queue
[2024-07-04T09:35:50.375+0000] {logging_mixin.py:188} INFO - [2024-07-04T09:35:50.374+0000] {dagbag.py:545} INFO - Filling up the DagBag from /home/airflow/.local/lib/python3.12/site-packages/airflow/example_dags/example_task_group.py
[2024-07-04T09:35:50.384+0000] {processor.py:840} INFO - DAG(s) 'example_task_group' retrieved from /home/airflow/.local/lib/python3.12/site-packages/airflow/example_dags/example_task_group.py
[2024-07-04T09:35:50.407+0000] {logging_mixin.py:188} INFO - [2024-07-04T09:35:50.406+0000] {dag.py:3096} INFO - Sync 1 DAGs
[2024-07-04T09:35:50.434+0000] {logging_mixin.py:188} INFO - [2024-07-04T09:35:50.433+0000] {dag.py:3954} INFO - Setting next_dagrun for example_task_group to 2024-07-03 00:00:00+00:00, run_after=2024-07-04 00:00:00+00:00
[2024-07-04T09:35:50.460+0000] {processor.py:183} INFO - Processing /home/airflow/.local/lib/python3.12/site-packages/airflow/example_dags/example_task_group.py took 0.096 seconds
[2024-07-04T09:36:23.909+0000] {processor.py:161} INFO - Started process (PID=222) to work on /home/airflow/.local/lib/python3.12/site-packages/airflow/example_dags/example_task_group.py
[2024-07-04T09:36:23.922+0000] {processor.py:830} INFO - Processing file /home/airflow/.local/lib/python3.12/site-packages/airflow/example_dags/example_task_group.py for tasks to queue
[2024-07-04T09:36:23.926+0000] {logging_mixin.py:188} INFO - [2024-07-04T09:36:23.925+0000] {dagbag.py:545} INFO - Filling up the DagBag from /home/airflow/.local/lib/python3.12/site-packages/airflow/example_dags/example_task_group.py
[2024-07-04T09:36:23.957+0000] {processor.py:840} INFO - DAG(s) 'example_task_group' retrieved from /home/airflow/.local/lib/python3.12/site-packages/airflow/example_dags/example_task_group.py
[2024-07-04T09:36:24.022+0000] {logging_mixin.py:188} INFO - [2024-07-04T09:36:24.022+0000] {dag.py:3096} INFO - Sync 1 DAGs
[2024-07-04T09:36:24.313+0000] {logging_mixin.py:188} INFO - [2024-07-04T09:36:24.313+0000] {dag.py:3954} INFO - Setting next_dagrun for example_task_group to 2024-07-03 00:00:00+00:00, run_after=2024-07-04 00:00:00+00:00
[2024-07-04T09:36:24.600+0000] {processor.py:183} INFO - Processing /home/airflow/.local/lib/python3.12/site-packages/airflow/example_dags/example_task_group.py took 0.697 seconds
[2024-07-04T09:36:55.482+0000] {processor.py:161} INFO - Started process (PID=281) to work on /home/airflow/.local/lib/python3.12/site-packages/airflow/example_dags/example_task_group.py
[2024-07-04T09:36:55.483+0000] {processor.py:830} INFO - Processing file /home/airflow/.local/lib/python3.12/site-packages/airflow/example_dags/example_task_group.py for tasks to queue
[2024-07-04T09:36:55.485+0000] {logging_mixin.py:188} INFO - [2024-07-04T09:36:55.484+0000] {dagbag.py:545} INFO - Filling up the DagBag from /home/airflow/.local/lib/python3.12/site-packages/airflow/example_dags/example_task_group.py
[2024-07-04T09:36:55.495+0000] {processor.py:840} INFO - DAG(s) 'example_task_group' retrieved from /home/airflow/.local/lib/python3.12/site-packages/airflow/example_dags/example_task_group.py
[2024-07-04T09:36:55.515+0000] {logging_mixin.py:188} INFO - [2024-07-04T09:36:55.514+0000] {dag.py:3096} INFO - Sync 1 DAGs
[2024-07-04T09:36:55.541+0000] {logging_mixin.py:188} INFO - [2024-07-04T09:36:55.540+0000] {dag.py:3954} INFO - Setting next_dagrun for example_task_group to 2024-07-03 00:00:00+00:00, run_after=2024-07-04 00:00:00+00:00
[2024-07-04T09:36:55.566+0000] {processor.py:183} INFO - Processing /home/airflow/.local/lib/python3.12/site-packages/airflow/example_dags/example_task_group.py took 0.089 seconds
[2024-07-04T09:37:25.679+0000] {processor.py:161} INFO - Started process (PID=340) to work on /home/airflow/.local/lib/python3.12/site-packages/airflow/example_dags/example_task_group.py
[2024-07-04T09:37:25.680+0000] {processor.py:830} INFO - Processing file /home/airflow/.local/lib/python3.12/site-packages/airflow/example_dags/example_task_group.py for tasks to queue
[2024-07-04T09:37:25.682+0000] {logging_mixin.py:188} INFO - [2024-07-04T09:37:25.681+0000] {dagbag.py:545} INFO - Filling up the DagBag from /home/airflow/.local/lib/python3.12/site-packages/airflow/example_dags/example_task_group.py
[2024-07-04T09:37:25.688+0000] {processor.py:840} INFO - DAG(s) 'example_task_group' retrieved from /home/airflow/.local/lib/python3.12/site-packages/airflow/example_dags/example_task_group.py
[2024-07-04T09:37:25.709+0000] {logging_mixin.py:188} INFO - [2024-07-04T09:37:25.708+0000] {dag.py:3096} INFO - Sync 1 DAGs
[2024-07-04T09:37:25.735+0000] {logging_mixin.py:188} INFO - [2024-07-04T09:37:25.735+0000] {dag.py:3954} INFO - Setting next_dagrun for example_task_group to 2024-07-03 00:00:00+00:00, run_after=2024-07-04 00:00:00+00:00
[2024-07-04T09:37:25.761+0000] {processor.py:183} INFO - Processing /home/airflow/.local/lib/python3.12/site-packages/airflow/example_dags/example_task_group.py took 0.088 seconds
[2024-07-04T09:37:56.119+0000] {processor.py:161} INFO - Started process (PID=399) to work on /home/airflow/.local/lib/python3.12/site-packages/airflow/example_dags/example_task_group.py
[2024-07-04T09:37:56.120+0000] {processor.py:830} INFO - Processing file /home/airflow/.local/lib/python3.12/site-packages/airflow/example_dags/example_task_group.py for tasks to queue
[2024-07-04T09:37:56.121+0000] {logging_mixin.py:188} INFO - [2024-07-04T09:37:56.121+0000] {dagbag.py:545} INFO - Filling up the DagBag from /home/airflow/.local/lib/python3.12/site-packages/airflow/example_dags/example_task_group.py
[2024-07-04T09:37:56.128+0000] {processor.py:840} INFO - DAG(s) 'example_task_group' retrieved from /home/airflow/.local/lib/python3.12/site-packages/airflow/example_dags/example_task_group.py
[2024-07-04T09:37:56.153+0000] {logging_mixin.py:188} INFO - [2024-07-04T09:37:56.153+0000] {dag.py:3096} INFO - Sync 1 DAGs
[2024-07-04T09:37:56.175+0000] {logging_mixin.py:188} INFO - [2024-07-04T09:37:56.175+0000] {dag.py:3954} INFO - Setting next_dagrun for example_task_group to 2024-07-03 00:00:00+00:00, run_after=2024-07-04 00:00:00+00:00
[2024-07-04T09:37:56.199+0000] {processor.py:183} INFO - Processing /home/airflow/.local/lib/python3.12/site-packages/airflow/example_dags/example_task_group.py took 0.085 seconds
[2024-07-04T09:38:26.444+0000] {processor.py:161} INFO - Started process (PID=458) to work on /home/airflow/.local/lib/python3.12/site-packages/airflow/example_dags/example_task_group.py
[2024-07-04T09:38:26.445+0000] {processor.py:830} INFO - Processing file /home/airflow/.local/lib/python3.12/site-packages/airflow/example_dags/example_task_group.py for tasks to queue
[2024-07-04T09:38:26.446+0000] {logging_mixin.py:188} INFO - [2024-07-04T09:38:26.446+0000] {dagbag.py:545} INFO - Filling up the DagBag from /home/airflow/.local/lib/python3.12/site-packages/airflow/example_dags/example_task_group.py
[2024-07-04T09:38:26.457+0000] {processor.py:840} INFO - DAG(s) 'example_task_group' retrieved from /home/airflow/.local/lib/python3.12/site-packages/airflow/example_dags/example_task_group.py
[2024-07-04T09:38:26.483+0000] {logging_mixin.py:188} INFO - [2024-07-04T09:38:26.483+0000] {dag.py:3096} INFO - Sync 1 DAGs
[2024-07-04T09:38:26.512+0000] {logging_mixin.py:188} INFO - [2024-07-04T09:38:26.512+0000] {dag.py:3954} INFO - Setting next_dagrun for example_task_group to 2024-07-03 00:00:00+00:00, run_after=2024-07-04 00:00:00+00:00
[2024-07-04T09:38:26.537+0000] {processor.py:183} INFO - Processing /home/airflow/.local/lib/python3.12/site-packages/airflow/example_dags/example_task_group.py took 0.099 seconds
[2024-07-04T09:38:56.709+0000] {processor.py:161} INFO - Started process (PID=518) to work on /home/airflow/.local/lib/python3.12/site-packages/airflow/example_dags/example_task_group.py
[2024-07-04T09:38:56.710+0000] {processor.py:830} INFO - Processing file /home/airflow/.local/lib/python3.12/site-packages/airflow/example_dags/example_task_group.py for tasks to queue
[2024-07-04T09:38:56.713+0000] {logging_mixin.py:188} INFO - [2024-07-04T09:38:56.712+0000] {dagbag.py:545} INFO - Filling up the DagBag from /home/airflow/.local/lib/python3.12/site-packages/airflow/example_dags/example_task_group.py
[2024-07-04T09:38:56.724+0000] {processor.py:840} INFO - DAG(s) 'example_task_group' retrieved from /home/airflow/.local/lib/python3.12/site-packages/airflow/example_dags/example_task_group.py
[2024-07-04T09:38:56.751+0000] {logging_mixin.py:188} INFO - [2024-07-04T09:38:56.751+0000] {dag.py:3096} INFO - Sync 1 DAGs
[2024-07-04T09:38:56.778+0000] {logging_mixin.py:188} INFO - [2024-07-04T09:38:56.778+0000] {dag.py:3954} INFO - Setting next_dagrun for example_task_group to 2024-07-03 00:00:00+00:00, run_after=2024-07-04 00:00:00+00:00
[2024-07-04T09:38:56.812+0000] {processor.py:183} INFO - Processing /home/airflow/.local/lib/python3.12/site-packages/airflow/example_dags/example_task_group.py took 0.109 seconds
[2024-07-04T09:39:27.211+0000] {processor.py:161} INFO - Started process (PID=577) to work on /home/airflow/.local/lib/python3.12/site-packages/airflow/example_dags/example_task_group.py
[2024-07-04T09:39:27.212+0000] {processor.py:830} INFO - Processing file /home/airflow/.local/lib/python3.12/site-packages/airflow/example_dags/example_task_group.py for tasks to queue
[2024-07-04T09:39:27.214+0000] {logging_mixin.py:188} INFO - [2024-07-04T09:39:27.214+0000] {dagbag.py:545} INFO - Filling up the DagBag from /home/airflow/.local/lib/python3.12/site-packages/airflow/example_dags/example_task_group.py
[2024-07-04T09:39:27.221+0000] {processor.py:840} INFO - DAG(s) 'example_task_group' retrieved from /home/airflow/.local/lib/python3.12/site-packages/airflow/example_dags/example_task_group.py
[2024-07-04T09:39:27.244+0000] {logging_mixin.py:188} INFO - [2024-07-04T09:39:27.243+0000] {dag.py:3096} INFO - Sync 1 DAGs
[2024-07-04T09:39:27.266+0000] {logging_mixin.py:188} INFO - [2024-07-04T09:39:27.266+0000] {dag.py:3954} INFO - Setting next_dagrun for example_task_group to 2024-07-03 00:00:00+00:00, run_after=2024-07-04 00:00:00+00:00
[2024-07-04T09:39:27.291+0000] {processor.py:183} INFO - Processing /home/airflow/.local/lib/python3.12/site-packages/airflow/example_dags/example_task_group.py took 0.084 seconds
[2024-07-04T09:39:57.396+0000] {processor.py:161} INFO - Started process (PID=636) to work on /home/airflow/.local/lib/python3.12/site-packages/airflow/example_dags/example_task_group.py
[2024-07-04T09:39:57.398+0000] {processor.py:830} INFO - Processing file /home/airflow/.local/lib/python3.12/site-packages/airflow/example_dags/example_task_group.py for tasks to queue
[2024-07-04T09:39:57.400+0000] {logging_mixin.py:188} INFO - [2024-07-04T09:39:57.399+0000] {dagbag.py:545} INFO - Filling up the DagBag from /home/airflow/.local/lib/python3.12/site-packages/airflow/example_dags/example_task_group.py
[2024-07-04T09:39:57.406+0000] {processor.py:840} INFO - DAG(s) 'example_task_group' retrieved from /home/airflow/.local/lib/python3.12/site-packages/airflow/example_dags/example_task_group.py
[2024-07-04T09:39:57.429+0000] {logging_mixin.py:188} INFO - [2024-07-04T09:39:57.428+0000] {dag.py:3096} INFO - Sync 1 DAGs
[2024-07-04T09:39:57.447+0000] {logging_mixin.py:188} INFO - [2024-07-04T09:39:57.447+0000] {dag.py:3954} INFO - Setting next_dagrun for example_task_group to 2024-07-03 00:00:00+00:00, run_after=2024-07-04 00:00:00+00:00
[2024-07-04T09:39:57.473+0000] {processor.py:183} INFO - Processing /home/airflow/.local/lib/python3.12/site-packages/airflow/example_dags/example_task_group.py took 0.082 seconds
[2024-07-04T09:40:27.716+0000] {processor.py:161} INFO - Started process (PID=695) to work on /home/airflow/.local/lib/python3.12/site-packages/airflow/example_dags/example_task_group.py
[2024-07-04T09:40:27.718+0000] {processor.py:830} INFO - Processing file /home/airflow/.local/lib/python3.12/site-packages/airflow/example_dags/example_task_group.py for tasks to queue
[2024-07-04T09:40:27.721+0000] {logging_mixin.py:188} INFO - [2024-07-04T09:40:27.720+0000] {dagbag.py:545} INFO - Filling up the DagBag from /home/airflow/.local/lib/python3.12/site-packages/airflow/example_dags/example_task_group.py
[2024-07-04T09:40:27.739+0000] {processor.py:840} INFO - DAG(s) 'example_task_group' retrieved from /home/airflow/.local/lib/python3.12/site-packages/airflow/example_dags/example_task_group.py
[2024-07-04T09:40:27.762+0000] {logging_mixin.py:188} INFO - [2024-07-04T09:40:27.762+0000] {dag.py:3096} INFO - Sync 1 DAGs
[2024-07-04T09:40:27.785+0000] {logging_mixin.py:188} INFO - [2024-07-04T09:40:27.785+0000] {dag.py:3954} INFO - Setting next_dagrun for example_task_group to 2024-07-03 00:00:00+00:00, run_after=2024-07-04 00:00:00+00:00
[2024-07-04T09:40:27.806+0000] {processor.py:183} INFO - Processing /home/airflow/.local/lib/python3.12/site-packages/airflow/example_dags/example_task_group.py took 0.097 seconds
[2024-07-04T09:40:58.107+0000] {processor.py:161} INFO - Started process (PID=754) to work on /home/airflow/.local/lib/python3.12/site-packages/airflow/example_dags/example_task_group.py
[2024-07-04T09:40:58.109+0000] {processor.py:830} INFO - Processing file /home/airflow/.local/lib/python3.12/site-packages/airflow/example_dags/example_task_group.py for tasks to queue
[2024-07-04T09:40:58.111+0000] {logging_mixin.py:188} INFO - [2024-07-04T09:40:58.111+0000] {dagbag.py:545} INFO - Filling up the DagBag from /home/airflow/.local/lib/python3.12/site-packages/airflow/example_dags/example_task_group.py
[2024-07-04T09:40:58.127+0000] {processor.py:840} INFO - DAG(s) 'example_task_group' retrieved from /home/airflow/.local/lib/python3.12/site-packages/airflow/example_dags/example_task_group.py
[2024-07-04T09:40:58.153+0000] {logging_mixin.py:188} INFO - [2024-07-04T09:40:58.152+0000] {dag.py:3096} INFO - Sync 1 DAGs
[2024-07-04T09:40:58.176+0000] {logging_mixin.py:188} INFO - [2024-07-04T09:40:58.176+0000] {dag.py:3954} INFO - Setting next_dagrun for example_task_group to 2024-07-03 00:00:00+00:00, run_after=2024-07-04 00:00:00+00:00
[2024-07-04T09:40:58.196+0000] {processor.py:183} INFO - Processing /home/airflow/.local/lib/python3.12/site-packages/airflow/example_dags/example_task_group.py took 0.093 seconds
[2024-07-04T09:41:28.376+0000] {processor.py:161} INFO - Started process (PID=814) to work on /home/airflow/.local/lib/python3.12/site-packages/airflow/example_dags/example_task_group.py
[2024-07-04T09:41:28.377+0000] {processor.py:830} INFO - Processing file /home/airflow/.local/lib/python3.12/site-packages/airflow/example_dags/example_task_group.py for tasks to queue
[2024-07-04T09:41:28.379+0000] {logging_mixin.py:188} INFO - [2024-07-04T09:41:28.379+0000] {dagbag.py:545} INFO - Filling up the DagBag from /home/airflow/.local/lib/python3.12/site-packages/airflow/example_dags/example_task_group.py
[2024-07-04T09:41:28.390+0000] {processor.py:840} INFO - DAG(s) 'example_task_group' retrieved from /home/airflow/.local/lib/python3.12/site-packages/airflow/example_dags/example_task_group.py
[2024-07-04T09:41:28.438+0000] {logging_mixin.py:188} INFO - [2024-07-04T09:41:28.437+0000] {dag.py:3096} INFO - Sync 1 DAGs
[2024-07-04T09:41:28.491+0000] {logging_mixin.py:188} INFO - [2024-07-04T09:41:28.491+0000] {dag.py:3954} INFO - Setting next_dagrun for example_task_group to 2024-07-03 00:00:00+00:00, run_after=2024-07-04 00:00:00+00:00
[2024-07-04T09:41:28.541+0000] {processor.py:183} INFO - Processing /home/airflow/.local/lib/python3.12/site-packages/airflow/example_dags/example_task_group.py took 0.178 seconds
[2024-07-04T09:41:59.473+0000] {processor.py:161} INFO - Started process (PID=873) to work on /home/airflow/.local/lib/python3.12/site-packages/airflow/example_dags/example_task_group.py
[2024-07-04T09:41:59.474+0000] {processor.py:830} INFO - Processing file /home/airflow/.local/lib/python3.12/site-packages/airflow/example_dags/example_task_group.py for tasks to queue
[2024-07-04T09:41:59.479+0000] {logging_mixin.py:188} INFO - [2024-07-04T09:41:59.478+0000] {dagbag.py:545} INFO - Filling up the DagBag from /home/airflow/.local/lib/python3.12/site-packages/airflow/example_dags/example_task_group.py
[2024-07-04T09:41:59.492+0000] {processor.py:840} INFO - DAG(s) 'example_task_group' retrieved from /home/airflow/.local/lib/python3.12/site-packages/airflow/example_dags/example_task_group.py
[2024-07-04T09:41:59.544+0000] {logging_mixin.py:188} INFO - [2024-07-04T09:41:59.544+0000] {dag.py:3096} INFO - Sync 1 DAGs
[2024-07-04T09:41:59.583+0000] {logging_mixin.py:188} INFO - [2024-07-04T09:41:59.582+0000] {dag.py:3954} INFO - Setting next_dagrun for example_task_group to 2024-07-03 00:00:00+00:00, run_after=2024-07-04 00:00:00+00:00
[2024-07-04T09:41:59.633+0000] {processor.py:183} INFO - Processing /home/airflow/.local/lib/python3.12/site-packages/airflow/example_dags/example_task_group.py took 0.172 seconds
[2024-07-04T09:42:29.993+0000] {processor.py:161} INFO - Started process (PID=931) to work on /home/airflow/.local/lib/python3.12/site-packages/airflow/example_dags/example_task_group.py
[2024-07-04T09:42:29.995+0000] {processor.py:830} INFO - Processing file /home/airflow/.local/lib/python3.12/site-packages/airflow/example_dags/example_task_group.py for tasks to queue
[2024-07-04T09:42:29.996+0000] {logging_mixin.py:188} INFO - [2024-07-04T09:42:29.996+0000] {dagbag.py:545} INFO - Filling up the DagBag from /home/airflow/.local/lib/python3.12/site-packages/airflow/example_dags/example_task_group.py
[2024-07-04T09:42:30.012+0000] {processor.py:840} INFO - DAG(s) 'example_task_group' retrieved from /home/airflow/.local/lib/python3.12/site-packages/airflow/example_dags/example_task_group.py
[2024-07-04T09:42:30.055+0000] {logging_mixin.py:188} INFO - [2024-07-04T09:42:30.054+0000] {dag.py:3096} INFO - Sync 1 DAGs
[2024-07-04T09:42:30.090+0000] {logging_mixin.py:188} INFO - [2024-07-04T09:42:30.090+0000] {dag.py:3954} INFO - Setting next_dagrun for example_task_group to 2024-07-03 00:00:00+00:00, run_after=2024-07-04 00:00:00+00:00
[2024-07-04T09:42:30.128+0000] {processor.py:183} INFO - Processing /home/airflow/.local/lib/python3.12/site-packages/airflow/example_dags/example_task_group.py took 0.140 seconds
[2024-07-04T09:43:00.686+0000] {processor.py:161} INFO - Started process (PID=998) to work on /home/airflow/.local/lib/python3.12/site-packages/airflow/example_dags/example_task_group.py
[2024-07-04T09:43:00.687+0000] {processor.py:830} INFO - Processing file /home/airflow/.local/lib/python3.12/site-packages/airflow/example_dags/example_task_group.py for tasks to queue
[2024-07-04T09:43:00.689+0000] {logging_mixin.py:188} INFO - [2024-07-04T09:43:00.689+0000] {dagbag.py:545} INFO - Filling up the DagBag from /home/airflow/.local/lib/python3.12/site-packages/airflow/example_dags/example_task_group.py
[2024-07-04T09:43:00.698+0000] {processor.py:840} INFO - DAG(s) 'example_task_group' retrieved from /home/airflow/.local/lib/python3.12/site-packages/airflow/example_dags/example_task_group.py
[2024-07-04T09:43:00.741+0000] {logging_mixin.py:188} INFO - [2024-07-04T09:43:00.741+0000] {dag.py:3096} INFO - Sync 1 DAGs
[2024-07-04T09:43:00.768+0000] {logging_mixin.py:188} INFO - [2024-07-04T09:43:00.767+0000] {dag.py:3954} INFO - Setting next_dagrun for example_task_group to 2024-07-03 00:00:00+00:00, run_after=2024-07-04 00:00:00+00:00
[2024-07-04T09:43:00.794+0000] {processor.py:183} INFO - Processing /home/airflow/.local/lib/python3.12/site-packages/airflow/example_dags/example_task_group.py took 0.115 seconds
[2024-07-04T09:43:31.202+0000] {processor.py:161} INFO - Started process (PID=1057) to work on /home/airflow/.local/lib/python3.12/site-packages/airflow/example_dags/example_task_group.py
[2024-07-04T09:43:31.203+0000] {processor.py:830} INFO - Processing file /home/airflow/.local/lib/python3.12/site-packages/airflow/example_dags/example_task_group.py for tasks to queue
[2024-07-04T09:43:31.205+0000] {logging_mixin.py:188} INFO - [2024-07-04T09:43:31.205+0000] {dagbag.py:545} INFO - Filling up the DagBag from /home/airflow/.local/lib/python3.12/site-packages/airflow/example_dags/example_task_group.py
[2024-07-04T09:43:31.212+0000] {processor.py:840} INFO - DAG(s) 'example_task_group' retrieved from /home/airflow/.local/lib/python3.12/site-packages/airflow/example_dags/example_task_group.py
[2024-07-04T09:43:31.232+0000] {logging_mixin.py:188} INFO - [2024-07-04T09:43:31.232+0000] {dag.py:3096} INFO - Sync 1 DAGs
[2024-07-04T09:43:31.254+0000] {logging_mixin.py:188} INFO - [2024-07-04T09:43:31.253+0000] {dag.py:3954} INFO - Setting next_dagrun for example_task_group to 2024-07-03 00:00:00+00:00, run_after=2024-07-04 00:00:00+00:00
[2024-07-04T09:43:31.272+0000] {processor.py:183} INFO - Processing /home/airflow/.local/lib/python3.12/site-packages/airflow/example_dags/example_task_group.py took 0.076 seconds
[2024-07-04T09:44:01.551+0000] {processor.py:161} INFO - Started process (PID=1116) to work on /home/airflow/.local/lib/python3.12/site-packages/airflow/example_dags/example_task_group.py
[2024-07-04T09:44:01.552+0000] {processor.py:830} INFO - Processing file /home/airflow/.local/lib/python3.12/site-packages/airflow/example_dags/example_task_group.py for tasks to queue
[2024-07-04T09:44:01.554+0000] {logging_mixin.py:188} INFO - [2024-07-04T09:44:01.554+0000] {dagbag.py:545} INFO - Filling up the DagBag from /home/airflow/.local/lib/python3.12/site-packages/airflow/example_dags/example_task_group.py
[2024-07-04T09:44:01.561+0000] {processor.py:840} INFO - DAG(s) 'example_task_group' retrieved from /home/airflow/.local/lib/python3.12/site-packages/airflow/example_dags/example_task_group.py
[2024-07-04T09:44:01.581+0000] {logging_mixin.py:188} INFO - [2024-07-04T09:44:01.580+0000] {dag.py:3096} INFO - Sync 1 DAGs
[2024-07-04T09:44:01.602+0000] {logging_mixin.py:188} INFO - [2024-07-04T09:44:01.602+0000] {dag.py:3954} INFO - Setting next_dagrun for example_task_group to 2024-07-03 00:00:00+00:00, run_after=2024-07-04 00:00:00+00:00
[2024-07-04T09:44:01.626+0000] {processor.py:183} INFO - Processing /home/airflow/.local/lib/python3.12/site-packages/airflow/example_dags/example_task_group.py took 0.080 seconds
[2024-07-04T09:44:32.576+0000] {processor.py:161} INFO - Started process (PID=1175) to work on /home/airflow/.local/lib/python3.12/site-packages/airflow/example_dags/example_task_group.py
[2024-07-04T09:44:32.579+0000] {processor.py:830} INFO - Processing file /home/airflow/.local/lib/python3.12/site-packages/airflow/example_dags/example_task_group.py for tasks to queue
[2024-07-04T09:44:32.586+0000] {logging_mixin.py:188} INFO - [2024-07-04T09:44:32.585+0000] {dagbag.py:545} INFO - Filling up the DagBag from /home/airflow/.local/lib/python3.12/site-packages/airflow/example_dags/example_task_group.py
[2024-07-04T09:44:32.602+0000] {processor.py:840} INFO - DAG(s) 'example_task_group' retrieved from /home/airflow/.local/lib/python3.12/site-packages/airflow/example_dags/example_task_group.py
[2024-07-04T09:44:32.642+0000] {logging_mixin.py:188} INFO - [2024-07-04T09:44:32.642+0000] {dag.py:3096} INFO - Sync 1 DAGs
[2024-07-04T09:44:32.711+0000] {logging_mixin.py:188} INFO - [2024-07-04T09:44:32.710+0000] {dag.py:3954} INFO - Setting next_dagrun for example_task_group to 2024-07-03 00:00:00+00:00, run_after=2024-07-04 00:00:00+00:00
[2024-07-04T09:44:32.751+0000] {processor.py:183} INFO - Processing /home/airflow/.local/lib/python3.12/site-packages/airflow/example_dags/example_task_group.py took 0.191 seconds
[2024-07-04T09:45:02.881+0000] {processor.py:161} INFO - Started process (PID=1233) to work on /home/airflow/.local/lib/python3.12/site-packages/airflow/example_dags/example_task_group.py
[2024-07-04T09:45:02.882+0000] {processor.py:830} INFO - Processing file /home/airflow/.local/lib/python3.12/site-packages/airflow/example_dags/example_task_group.py for tasks to queue
[2024-07-04T09:45:02.884+0000] {logging_mixin.py:188} INFO - [2024-07-04T09:45:02.884+0000] {dagbag.py:545} INFO - Filling up the DagBag from /home/airflow/.local/lib/python3.12/site-packages/airflow/example_dags/example_task_group.py
[2024-07-04T09:45:02.891+0000] {processor.py:840} INFO - DAG(s) 'example_task_group' retrieved from /home/airflow/.local/lib/python3.12/site-packages/airflow/example_dags/example_task_group.py
[2024-07-04T09:45:02.916+0000] {logging_mixin.py:188} INFO - [2024-07-04T09:45:02.916+0000] {dag.py:3096} INFO - Sync 1 DAGs
[2024-07-04T09:45:02.936+0000] {logging_mixin.py:188} INFO - [2024-07-04T09:45:02.936+0000] {dag.py:3954} INFO - Setting next_dagrun for example_task_group to 2024-07-03 00:00:00+00:00, run_after=2024-07-04 00:00:00+00:00
[2024-07-04T09:45:02.958+0000] {processor.py:183} INFO - Processing /home/airflow/.local/lib/python3.12/site-packages/airflow/example_dags/example_task_group.py took 0.083 seconds
[2024-07-04T09:45:33.165+0000] {processor.py:161} INFO - Started process (PID=1291) to work on /home/airflow/.local/lib/python3.12/site-packages/airflow/example_dags/example_task_group.py
[2024-07-04T09:45:33.168+0000] {processor.py:830} INFO - Processing file /home/airflow/.local/lib/python3.12/site-packages/airflow/example_dags/example_task_group.py for tasks to queue
[2024-07-04T09:45:33.171+0000] {logging_mixin.py:188} INFO - [2024-07-04T09:45:33.171+0000] {dagbag.py:545} INFO - Filling up the DagBag from /home/airflow/.local/lib/python3.12/site-packages/airflow/example_dags/example_task_group.py
[2024-07-04T09:45:33.179+0000] {processor.py:840} INFO - DAG(s) 'example_task_group' retrieved from /home/airflow/.local/lib/python3.12/site-packages/airflow/example_dags/example_task_group.py
[2024-07-04T09:45:33.200+0000] {logging_mixin.py:188} INFO - [2024-07-04T09:45:33.199+0000] {dag.py:3096} INFO - Sync 1 DAGs
[2024-07-04T09:45:33.228+0000] {logging_mixin.py:188} INFO - [2024-07-04T09:45:33.228+0000] {dag.py:3954} INFO - Setting next_dagrun for example_task_group to 2024-07-03 00:00:00+00:00, run_after=2024-07-04 00:00:00+00:00
[2024-07-04T09:45:33.248+0000] {processor.py:183} INFO - Processing /home/airflow/.local/lib/python3.12/site-packages/airflow/example_dags/example_task_group.py took 0.089 seconds
[2024-07-04T09:46:03.332+0000] {processor.py:161} INFO - Started process (PID=1349) to work on /home/airflow/.local/lib/python3.12/site-packages/airflow/example_dags/example_task_group.py
[2024-07-04T09:46:03.334+0000] {processor.py:830} INFO - Processing file /home/airflow/.local/lib/python3.12/site-packages/airflow/example_dags/example_task_group.py for tasks to queue
[2024-07-04T09:46:03.338+0000] {logging_mixin.py:188} INFO - [2024-07-04T09:46:03.337+0000] {dagbag.py:545} INFO - Filling up the DagBag from /home/airflow/.local/lib/python3.12/site-packages/airflow/example_dags/example_task_group.py
[2024-07-04T09:46:03.346+0000] {processor.py:840} INFO - DAG(s) 'example_task_group' retrieved from /home/airflow/.local/lib/python3.12/site-packages/airflow/example_dags/example_task_group.py
[2024-07-04T09:46:03.376+0000] {logging_mixin.py:188} INFO - [2024-07-04T09:46:03.375+0000] {dag.py:3096} INFO - Sync 1 DAGs
[2024-07-04T09:46:03.413+0000] {logging_mixin.py:188} INFO - [2024-07-04T09:46:03.412+0000] {dag.py:3954} INFO - Setting next_dagrun for example_task_group to 2024-07-03 00:00:00+00:00, run_after=2024-07-04 00:00:00+00:00
[2024-07-04T09:46:03.447+0000] {processor.py:183} INFO - Processing /home/airflow/.local/lib/python3.12/site-packages/airflow/example_dags/example_task_group.py took 0.120 seconds
[2024-07-04T09:46:34.097+0000] {processor.py:161} INFO - Started process (PID=1409) to work on /home/airflow/.local/lib/python3.12/site-packages/airflow/example_dags/example_task_group.py
[2024-07-04T09:46:34.100+0000] {processor.py:830} INFO - Processing file /home/airflow/.local/lib/python3.12/site-packages/airflow/example_dags/example_task_group.py for tasks to queue
[2024-07-04T09:46:34.102+0000] {logging_mixin.py:188} INFO - [2024-07-04T09:46:34.102+0000] {dagbag.py:545} INFO - Filling up the DagBag from /home/airflow/.local/lib/python3.12/site-packages/airflow/example_dags/example_task_group.py
[2024-07-04T09:46:34.112+0000] {processor.py:840} INFO - DAG(s) 'example_task_group' retrieved from /home/airflow/.local/lib/python3.12/site-packages/airflow/example_dags/example_task_group.py
[2024-07-04T09:46:34.170+0000] {logging_mixin.py:188} INFO - [2024-07-04T09:46:34.170+0000] {dag.py:3096} INFO - Sync 1 DAGs
[2024-07-04T09:46:34.196+0000] {logging_mixin.py:188} INFO - [2024-07-04T09:46:34.195+0000] {dag.py:3954} INFO - Setting next_dagrun for example_task_group to 2024-07-03 00:00:00+00:00, run_after=2024-07-04 00:00:00+00:00
[2024-07-04T09:46:34.223+0000] {processor.py:183} INFO - Processing /home/airflow/.local/lib/python3.12/site-packages/airflow/example_dags/example_task_group.py took 0.138 seconds
[2024-07-04T09:47:04.818+0000] {processor.py:161} INFO - Started process (PID=1469) to work on /home/airflow/.local/lib/python3.12/site-packages/airflow/example_dags/example_task_group.py
[2024-07-04T09:47:04.824+0000] {processor.py:830} INFO - Processing file /home/airflow/.local/lib/python3.12/site-packages/airflow/example_dags/example_task_group.py for tasks to queue
[2024-07-04T09:47:04.829+0000] {logging_mixin.py:188} INFO - [2024-07-04T09:47:04.829+0000] {dagbag.py:545} INFO - Filling up the DagBag from /home/airflow/.local/lib/python3.12/site-packages/airflow/example_dags/example_task_group.py
[2024-07-04T09:47:04.844+0000] {processor.py:840} INFO - DAG(s) 'example_task_group' retrieved from /home/airflow/.local/lib/python3.12/site-packages/airflow/example_dags/example_task_group.py
[2024-07-04T09:47:04.880+0000] {logging_mixin.py:188} INFO - [2024-07-04T09:47:04.879+0000] {dag.py:3096} INFO - Sync 1 DAGs
[2024-07-04T09:47:04.919+0000] {logging_mixin.py:188} INFO - [2024-07-04T09:47:04.918+0000] {dag.py:3954} INFO - Setting next_dagrun for example_task_group to 2024-07-03 00:00:00+00:00, run_after=2024-07-04 00:00:00+00:00
[2024-07-04T09:47:04.940+0000] {processor.py:183} INFO - Processing /home/airflow/.local/lib/python3.12/site-packages/airflow/example_dags/example_task_group.py took 0.131 seconds
[2024-07-04T09:47:35.797+0000] {processor.py:161} INFO - Started process (PID=1528) to work on /home/airflow/.local/lib/python3.12/site-packages/airflow/example_dags/example_task_group.py
[2024-07-04T09:47:35.798+0000] {processor.py:830} INFO - Processing file /home/airflow/.local/lib/python3.12/site-packages/airflow/example_dags/example_task_group.py for tasks to queue
[2024-07-04T09:47:35.800+0000] {logging_mixin.py:188} INFO - [2024-07-04T09:47:35.800+0000] {dagbag.py:545} INFO - Filling up the DagBag from /home/airflow/.local/lib/python3.12/site-packages/airflow/example_dags/example_task_group.py
[2024-07-04T09:47:35.807+0000] {processor.py:840} INFO - DAG(s) 'example_task_group' retrieved from /home/airflow/.local/lib/python3.12/site-packages/airflow/example_dags/example_task_group.py
[2024-07-04T09:47:35.828+0000] {logging_mixin.py:188} INFO - [2024-07-04T09:47:35.828+0000] {dag.py:3096} INFO - Sync 1 DAGs
[2024-07-04T09:47:35.849+0000] {logging_mixin.py:188} INFO - [2024-07-04T09:47:35.849+0000] {dag.py:3954} INFO - Setting next_dagrun for example_task_group to 2024-07-03 00:00:00+00:00, run_after=2024-07-04 00:00:00+00:00
[2024-07-04T09:47:35.870+0000] {processor.py:183} INFO - Processing /home/airflow/.local/lib/python3.12/site-packages/airflow/example_dags/example_task_group.py took 0.079 seconds
[2024-07-04T09:48:06.439+0000] {processor.py:161} INFO - Started process (PID=1588) to work on /home/airflow/.local/lib/python3.12/site-packages/airflow/example_dags/example_task_group.py
[2024-07-04T09:48:06.440+0000] {processor.py:830} INFO - Processing file /home/airflow/.local/lib/python3.12/site-packages/airflow/example_dags/example_task_group.py for tasks to queue
[2024-07-04T09:48:06.443+0000] {logging_mixin.py:188} INFO - [2024-07-04T09:48:06.442+0000] {dagbag.py:545} INFO - Filling up the DagBag from /home/airflow/.local/lib/python3.12/site-packages/airflow/example_dags/example_task_group.py
[2024-07-04T09:48:06.450+0000] {processor.py:840} INFO - DAG(s) 'example_task_group' retrieved from /home/airflow/.local/lib/python3.12/site-packages/airflow/example_dags/example_task_group.py
[2024-07-04T09:48:06.475+0000] {logging_mixin.py:188} INFO - [2024-07-04T09:48:06.475+0000] {dag.py:3096} INFO - Sync 1 DAGs
[2024-07-04T09:48:06.509+0000] {logging_mixin.py:188} INFO - [2024-07-04T09:48:06.509+0000] {dag.py:3954} INFO - Setting next_dagrun for example_task_group to 2024-07-03 00:00:00+00:00, run_after=2024-07-04 00:00:00+00:00
[2024-07-04T09:48:06.531+0000] {processor.py:183} INFO - Processing /home/airflow/.local/lib/python3.12/site-packages/airflow/example_dags/example_task_group.py took 0.101 seconds
[2024-07-04T09:48:36.711+0000] {processor.py:161} INFO - Started process (PID=1647) to work on /home/airflow/.local/lib/python3.12/site-packages/airflow/example_dags/example_task_group.py
[2024-07-04T09:48:36.712+0000] {processor.py:830} INFO - Processing file /home/airflow/.local/lib/python3.12/site-packages/airflow/example_dags/example_task_group.py for tasks to queue
[2024-07-04T09:48:36.714+0000] {logging_mixin.py:188} INFO - [2024-07-04T09:48:36.714+0000] {dagbag.py:545} INFO - Filling up the DagBag from /home/airflow/.local/lib/python3.12/site-packages/airflow/example_dags/example_task_group.py
[2024-07-04T09:48:36.724+0000] {processor.py:840} INFO - DAG(s) 'example_task_group' retrieved from /home/airflow/.local/lib/python3.12/site-packages/airflow/example_dags/example_task_group.py
[2024-07-04T09:48:36.748+0000] {logging_mixin.py:188} INFO - [2024-07-04T09:48:36.748+0000] {dag.py:3096} INFO - Sync 1 DAGs
[2024-07-04T09:48:36.776+0000] {logging_mixin.py:188} INFO - [2024-07-04T09:48:36.776+0000] {dag.py:3954} INFO - Setting next_dagrun for example_task_group to 2024-07-03 00:00:00+00:00, run_after=2024-07-04 00:00:00+00:00
[2024-07-04T09:48:36.807+0000] {processor.py:183} INFO - Processing /home/airflow/.local/lib/python3.12/site-packages/airflow/example_dags/example_task_group.py took 0.102 seconds
[2024-07-04T09:49:07.491+0000] {processor.py:161} INFO - Started process (PID=1706) to work on /home/airflow/.local/lib/python3.12/site-packages/airflow/example_dags/example_task_group.py
[2024-07-04T09:49:07.493+0000] {processor.py:830} INFO - Processing file /home/airflow/.local/lib/python3.12/site-packages/airflow/example_dags/example_task_group.py for tasks to queue
[2024-07-04T09:49:07.497+0000] {logging_mixin.py:188} INFO - [2024-07-04T09:49:07.496+0000] {dagbag.py:545} INFO - Filling up the DagBag from /home/airflow/.local/lib/python3.12/site-packages/airflow/example_dags/example_task_group.py
[2024-07-04T09:49:07.520+0000] {processor.py:840} INFO - DAG(s) 'example_task_group' retrieved from /home/airflow/.local/lib/python3.12/site-packages/airflow/example_dags/example_task_group.py
[2024-07-04T09:49:07.551+0000] {logging_mixin.py:188} INFO - [2024-07-04T09:49:07.550+0000] {dag.py:3096} INFO - Sync 1 DAGs
[2024-07-04T09:49:07.576+0000] {logging_mixin.py:188} INFO - [2024-07-04T09:49:07.576+0000] {dag.py:3954} INFO - Setting next_dagrun for example_task_group to 2024-07-03 00:00:00+00:00, run_after=2024-07-04 00:00:00+00:00
[2024-07-04T09:49:07.604+0000] {processor.py:183} INFO - Processing /home/airflow/.local/lib/python3.12/site-packages/airflow/example_dags/example_task_group.py took 0.125 seconds
[2024-07-04T09:49:38.431+0000] {processor.py:161} INFO - Started process (PID=1766) to work on /home/airflow/.local/lib/python3.12/site-packages/airflow/example_dags/example_task_group.py
[2024-07-04T09:49:38.433+0000] {processor.py:830} INFO - Processing file /home/airflow/.local/lib/python3.12/site-packages/airflow/example_dags/example_task_group.py for tasks to queue
[2024-07-04T09:49:38.435+0000] {logging_mixin.py:188} INFO - [2024-07-04T09:49:38.435+0000] {dagbag.py:545} INFO - Filling up the DagBag from /home/airflow/.local/lib/python3.12/site-packages/airflow/example_dags/example_task_group.py
[2024-07-04T09:49:38.446+0000] {processor.py:840} INFO - DAG(s) 'example_task_group' retrieved from /home/airflow/.local/lib/python3.12/site-packages/airflow/example_dags/example_task_group.py
[2024-07-04T09:49:38.481+0000] {logging_mixin.py:188} INFO - [2024-07-04T09:49:38.481+0000] {dag.py:3096} INFO - Sync 1 DAGs
[2024-07-04T09:49:38.665+0000] {logging_mixin.py:188} INFO - [2024-07-04T09:49:38.665+0000] {dag.py:3954} INFO - Setting next_dagrun for example_task_group to 2024-07-03 00:00:00+00:00, run_after=2024-07-04 00:00:00+00:00
[2024-07-04T09:49:38.688+0000] {processor.py:183} INFO - Processing /home/airflow/.local/lib/python3.12/site-packages/airflow/example_dags/example_task_group.py took 0.266 seconds
[2024-07-04T09:50:09.661+0000] {processor.py:161} INFO - Started process (PID=1825) to work on /home/airflow/.local/lib/python3.12/site-packages/airflow/example_dags/example_task_group.py
[2024-07-04T09:50:09.677+0000] {processor.py:830} INFO - Processing file /home/airflow/.local/lib/python3.12/site-packages/airflow/example_dags/example_task_group.py for tasks to queue
[2024-07-04T09:50:09.680+0000] {logging_mixin.py:188} INFO - [2024-07-04T09:50:09.679+0000] {dagbag.py:545} INFO - Filling up the DagBag from /home/airflow/.local/lib/python3.12/site-packages/airflow/example_dags/example_task_group.py
[2024-07-04T09:50:09.691+0000] {processor.py:840} INFO - DAG(s) 'example_task_group' retrieved from /home/airflow/.local/lib/python3.12/site-packages/airflow/example_dags/example_task_group.py
[2024-07-04T09:50:09.732+0000] {logging_mixin.py:188} INFO - [2024-07-04T09:50:09.732+0000] {dag.py:3096} INFO - Sync 1 DAGs
[2024-07-04T09:50:10.115+0000] {logging_mixin.py:188} INFO - [2024-07-04T09:50:10.115+0000] {dag.py:3954} INFO - Setting next_dagrun for example_task_group to 2024-07-03 00:00:00+00:00, run_after=2024-07-04 00:00:00+00:00
[2024-07-04T09:50:10.139+0000] {processor.py:183} INFO - Processing /home/airflow/.local/lib/python3.12/site-packages/airflow/example_dags/example_task_group.py took 0.485 seconds
[2024-07-04T09:50:40.354+0000] {processor.py:161} INFO - Started process (PID=1884) to work on /home/airflow/.local/lib/python3.12/site-packages/airflow/example_dags/example_task_group.py
[2024-07-04T09:50:40.356+0000] {processor.py:830} INFO - Processing file /home/airflow/.local/lib/python3.12/site-packages/airflow/example_dags/example_task_group.py for tasks to queue
[2024-07-04T09:50:40.359+0000] {logging_mixin.py:188} INFO - [2024-07-04T09:50:40.358+0000] {dagbag.py:545} INFO - Filling up the DagBag from /home/airflow/.local/lib/python3.12/site-packages/airflow/example_dags/example_task_group.py
[2024-07-04T09:50:40.375+0000] {processor.py:840} INFO - DAG(s) 'example_task_group' retrieved from /home/airflow/.local/lib/python3.12/site-packages/airflow/example_dags/example_task_group.py
[2024-07-04T09:50:40.397+0000] {logging_mixin.py:188} INFO - [2024-07-04T09:50:40.397+0000] {dag.py:3096} INFO - Sync 1 DAGs
[2024-07-04T09:50:40.419+0000] {logging_mixin.py:188} INFO - [2024-07-04T09:50:40.419+0000] {dag.py:3954} INFO - Setting next_dagrun for example_task_group to 2024-07-03 00:00:00+00:00, run_after=2024-07-04 00:00:00+00:00
[2024-07-04T09:50:40.440+0000] {processor.py:183} INFO - Processing /home/airflow/.local/lib/python3.12/site-packages/airflow/example_dags/example_task_group.py took 0.092 seconds
[2024-07-04T09:51:10.655+0000] {processor.py:161} INFO - Started process (PID=1943) to work on /home/airflow/.local/lib/python3.12/site-packages/airflow/example_dags/example_task_group.py
[2024-07-04T09:51:10.656+0000] {processor.py:830} INFO - Processing file /home/airflow/.local/lib/python3.12/site-packages/airflow/example_dags/example_task_group.py for tasks to queue
[2024-07-04T09:51:10.658+0000] {logging_mixin.py:188} INFO - [2024-07-04T09:51:10.658+0000] {dagbag.py:545} INFO - Filling up the DagBag from /home/airflow/.local/lib/python3.12/site-packages/airflow/example_dags/example_task_group.py
[2024-07-04T09:51:10.669+0000] {processor.py:840} INFO - DAG(s) 'example_task_group' retrieved from /home/airflow/.local/lib/python3.12/site-packages/airflow/example_dags/example_task_group.py
[2024-07-04T09:51:10.696+0000] {logging_mixin.py:188} INFO - [2024-07-04T09:51:10.696+0000] {dag.py:3096} INFO - Sync 1 DAGs
[2024-07-04T09:51:10.736+0000] {logging_mixin.py:188} INFO - [2024-07-04T09:51:10.735+0000] {dag.py:3954} INFO - Setting next_dagrun for example_task_group to 2024-07-03 00:00:00+00:00, run_after=2024-07-04 00:00:00+00:00
[2024-07-04T09:51:10.755+0000] {processor.py:183} INFO - Processing /home/airflow/.local/lib/python3.12/site-packages/airflow/example_dags/example_task_group.py took 0.109 seconds
[2024-07-04T09:51:40.916+0000] {processor.py:161} INFO - Started process (PID=2002) to work on /home/airflow/.local/lib/python3.12/site-packages/airflow/example_dags/example_task_group.py
[2024-07-04T09:51:40.918+0000] {processor.py:830} INFO - Processing file /home/airflow/.local/lib/python3.12/site-packages/airflow/example_dags/example_task_group.py for tasks to queue
[2024-07-04T09:51:40.920+0000] {logging_mixin.py:188} INFO - [2024-07-04T09:51:40.920+0000] {dagbag.py:545} INFO - Filling up the DagBag from /home/airflow/.local/lib/python3.12/site-packages/airflow/example_dags/example_task_group.py
[2024-07-04T09:51:40.927+0000] {processor.py:840} INFO - DAG(s) 'example_task_group' retrieved from /home/airflow/.local/lib/python3.12/site-packages/airflow/example_dags/example_task_group.py
[2024-07-04T09:51:40.947+0000] {logging_mixin.py:188} INFO - [2024-07-04T09:51:40.946+0000] {dag.py:3096} INFO - Sync 1 DAGs
[2024-07-04T09:51:40.971+0000] {logging_mixin.py:188} INFO - [2024-07-04T09:51:40.970+0000] {dag.py:3954} INFO - Setting next_dagrun for example_task_group to 2024-07-03 00:00:00+00:00, run_after=2024-07-04 00:00:00+00:00
[2024-07-04T09:51:40.991+0000] {processor.py:183} INFO - Processing /home/airflow/.local/lib/python3.12/site-packages/airflow/example_dags/example_task_group.py took 0.081 seconds
[2024-07-04T09:52:11.478+0000] {processor.py:161} INFO - Started process (PID=2062) to work on /home/airflow/.local/lib/python3.12/site-packages/airflow/example_dags/example_task_group.py
[2024-07-04T09:52:11.479+0000] {processor.py:830} INFO - Processing file /home/airflow/.local/lib/python3.12/site-packages/airflow/example_dags/example_task_group.py for tasks to queue
[2024-07-04T09:52:11.481+0000] {logging_mixin.py:188} INFO - [2024-07-04T09:52:11.481+0000] {dagbag.py:545} INFO - Filling up the DagBag from /home/airflow/.local/lib/python3.12/site-packages/airflow/example_dags/example_task_group.py
[2024-07-04T09:52:11.488+0000] {processor.py:840} INFO - DAG(s) 'example_task_group' retrieved from /home/airflow/.local/lib/python3.12/site-packages/airflow/example_dags/example_task_group.py
[2024-07-04T09:52:11.511+0000] {logging_mixin.py:188} INFO - [2024-07-04T09:52:11.511+0000] {dag.py:3096} INFO - Sync 1 DAGs
[2024-07-04T09:52:11.534+0000] {logging_mixin.py:188} INFO - [2024-07-04T09:52:11.534+0000] {dag.py:3954} INFO - Setting next_dagrun for example_task_group to 2024-07-03 00:00:00+00:00, run_after=2024-07-04 00:00:00+00:00
[2024-07-04T09:52:11.553+0000] {processor.py:183} INFO - Processing /home/airflow/.local/lib/python3.12/site-packages/airflow/example_dags/example_task_group.py took 0.080 seconds
[2024-07-04T09:52:42.207+0000] {processor.py:161} INFO - Started process (PID=2121) to work on /home/airflow/.local/lib/python3.12/site-packages/airflow/example_dags/example_task_group.py
[2024-07-04T09:52:42.209+0000] {processor.py:830} INFO - Processing file /home/airflow/.local/lib/python3.12/site-packages/airflow/example_dags/example_task_group.py for tasks to queue
[2024-07-04T09:52:42.216+0000] {logging_mixin.py:188} INFO - [2024-07-04T09:52:42.215+0000] {dagbag.py:545} INFO - Filling up the DagBag from /home/airflow/.local/lib/python3.12/site-packages/airflow/example_dags/example_task_group.py
[2024-07-04T09:52:42.238+0000] {processor.py:840} INFO - DAG(s) 'example_task_group' retrieved from /home/airflow/.local/lib/python3.12/site-packages/airflow/example_dags/example_task_group.py
[2024-07-04T09:52:42.296+0000] {logging_mixin.py:188} INFO - [2024-07-04T09:52:42.295+0000] {dag.py:3096} INFO - Sync 1 DAGs
[2024-07-04T09:52:42.351+0000] {logging_mixin.py:188} INFO - [2024-07-04T09:52:42.350+0000] {dag.py:3954} INFO - Setting next_dagrun for example_task_group to 2024-07-03 00:00:00+00:00, run_after=2024-07-04 00:00:00+00:00
[2024-07-04T09:52:42.385+0000] {processor.py:183} INFO - Processing /home/airflow/.local/lib/python3.12/site-packages/airflow/example_dags/example_task_group.py took 0.192 seconds
[2024-07-04T09:53:12.843+0000] {processor.py:161} INFO - Started process (PID=2179) to work on /home/airflow/.local/lib/python3.12/site-packages/airflow/example_dags/example_task_group.py
[2024-07-04T09:53:12.848+0000] {processor.py:830} INFO - Processing file /home/airflow/.local/lib/python3.12/site-packages/airflow/example_dags/example_task_group.py for tasks to queue
[2024-07-04T09:53:12.854+0000] {logging_mixin.py:188} INFO - [2024-07-04T09:53:12.853+0000] {dagbag.py:545} INFO - Filling up the DagBag from /home/airflow/.local/lib/python3.12/site-packages/airflow/example_dags/example_task_group.py
[2024-07-04T09:53:12.868+0000] {processor.py:840} INFO - DAG(s) 'example_task_group' retrieved from /home/airflow/.local/lib/python3.12/site-packages/airflow/example_dags/example_task_group.py
[2024-07-04T09:53:12.908+0000] {logging_mixin.py:188} INFO - [2024-07-04T09:53:12.907+0000] {dag.py:3096} INFO - Sync 1 DAGs
[2024-07-04T09:53:12.948+0000] {logging_mixin.py:188} INFO - [2024-07-04T09:53:12.948+0000] {dag.py:3954} INFO - Setting next_dagrun for example_task_group to 2024-07-03 00:00:00+00:00, run_after=2024-07-04 00:00:00+00:00
[2024-07-04T09:53:12.982+0000] {processor.py:183} INFO - Processing /home/airflow/.local/lib/python3.12/site-packages/airflow/example_dags/example_task_group.py took 0.144 seconds
[2024-07-04T09:53:44.600+0000] {processor.py:161} INFO - Started process (PID=2238) to work on /home/airflow/.local/lib/python3.12/site-packages/airflow/example_dags/example_task_group.py
[2024-07-04T09:53:44.604+0000] {processor.py:830} INFO - Processing file /home/airflow/.local/lib/python3.12/site-packages/airflow/example_dags/example_task_group.py for tasks to queue
[2024-07-04T09:53:44.615+0000] {logging_mixin.py:188} INFO - [2024-07-04T09:53:44.613+0000] {dagbag.py:545} INFO - Filling up the DagBag from /home/airflow/.local/lib/python3.12/site-packages/airflow/example_dags/example_task_group.py
[2024-07-04T09:53:44.666+0000] {processor.py:840} INFO - DAG(s) 'example_task_group' retrieved from /home/airflow/.local/lib/python3.12/site-packages/airflow/example_dags/example_task_group.py
[2024-07-04T09:53:44.790+0000] {logging_mixin.py:188} INFO - [2024-07-04T09:53:44.790+0000] {dag.py:3096} INFO - Sync 1 DAGs
[2024-07-04T09:53:44.886+0000] {logging_mixin.py:188} INFO - [2024-07-04T09:53:44.885+0000] {dag.py:3954} INFO - Setting next_dagrun for example_task_group to 2024-07-03 00:00:00+00:00, run_after=2024-07-04 00:00:00+00:00
[2024-07-04T09:53:44.923+0000] {processor.py:183} INFO - Processing /home/airflow/.local/lib/python3.12/site-packages/airflow/example_dags/example_task_group.py took 0.359 seconds
[2024-07-04T09:54:20.437+0000] {processor.py:161} INFO - Started process (PID=2295) to work on /home/airflow/.local/lib/python3.12/site-packages/airflow/example_dags/example_task_group.py
[2024-07-04T09:54:20.439+0000] {processor.py:830} INFO - Processing file /home/airflow/.local/lib/python3.12/site-packages/airflow/example_dags/example_task_group.py for tasks to queue
[2024-07-04T09:54:20.442+0000] {logging_mixin.py:188} INFO - [2024-07-04T09:54:20.442+0000] {dagbag.py:545} INFO - Filling up the DagBag from /home/airflow/.local/lib/python3.12/site-packages/airflow/example_dags/example_task_group.py
[2024-07-04T09:54:20.455+0000] {processor.py:840} INFO - DAG(s) 'example_task_group' retrieved from /home/airflow/.local/lib/python3.12/site-packages/airflow/example_dags/example_task_group.py
[2024-07-04T09:54:20.524+0000] {logging_mixin.py:188} INFO - [2024-07-04T09:54:20.523+0000] {dag.py:3096} INFO - Sync 1 DAGs
[2024-07-04T09:54:20.566+0000] {logging_mixin.py:188} INFO - [2024-07-04T09:54:20.565+0000] {dag.py:3954} INFO - Setting next_dagrun for example_task_group to 2024-07-03 00:00:00+00:00, run_after=2024-07-04 00:00:00+00:00
[2024-07-04T09:54:20.610+0000] {processor.py:183} INFO - Processing /home/airflow/.local/lib/python3.12/site-packages/airflow/example_dags/example_task_group.py took 0.185 seconds
[2024-07-04T09:54:51.291+0000] {processor.py:161} INFO - Started process (PID=2353) to work on /home/airflow/.local/lib/python3.12/site-packages/airflow/example_dags/example_task_group.py
[2024-07-04T09:54:51.293+0000] {processor.py:830} INFO - Processing file /home/airflow/.local/lib/python3.12/site-packages/airflow/example_dags/example_task_group.py for tasks to queue
[2024-07-04T09:54:51.294+0000] {logging_mixin.py:188} INFO - [2024-07-04T09:54:51.294+0000] {dagbag.py:545} INFO - Filling up the DagBag from /home/airflow/.local/lib/python3.12/site-packages/airflow/example_dags/example_task_group.py
[2024-07-04T09:54:51.303+0000] {processor.py:840} INFO - DAG(s) 'example_task_group' retrieved from /home/airflow/.local/lib/python3.12/site-packages/airflow/example_dags/example_task_group.py
[2024-07-04T09:54:51.325+0000] {logging_mixin.py:188} INFO - [2024-07-04T09:54:51.325+0000] {dag.py:3096} INFO - Sync 1 DAGs
[2024-07-04T09:54:51.348+0000] {logging_mixin.py:188} INFO - [2024-07-04T09:54:51.347+0000] {dag.py:3954} INFO - Setting next_dagrun for example_task_group to 2024-07-03 00:00:00+00:00, run_after=2024-07-04 00:00:00+00:00
[2024-07-04T09:54:51.367+0000] {processor.py:183} INFO - Processing /home/airflow/.local/lib/python3.12/site-packages/airflow/example_dags/example_task_group.py took 0.083 seconds
[2024-07-04T09:55:21.535+0000] {processor.py:161} INFO - Started process (PID=2412) to work on /home/airflow/.local/lib/python3.12/site-packages/airflow/example_dags/example_task_group.py
[2024-07-04T09:55:21.537+0000] {processor.py:830} INFO - Processing file /home/airflow/.local/lib/python3.12/site-packages/airflow/example_dags/example_task_group.py for tasks to queue
[2024-07-04T09:55:21.540+0000] {logging_mixin.py:188} INFO - [2024-07-04T09:55:21.539+0000] {dagbag.py:545} INFO - Filling up the DagBag from /home/airflow/.local/lib/python3.12/site-packages/airflow/example_dags/example_task_group.py
[2024-07-04T09:55:21.550+0000] {processor.py:840} INFO - DAG(s) 'example_task_group' retrieved from /home/airflow/.local/lib/python3.12/site-packages/airflow/example_dags/example_task_group.py
[2024-07-04T09:55:21.577+0000] {logging_mixin.py:188} INFO - [2024-07-04T09:55:21.577+0000] {dag.py:3096} INFO - Sync 1 DAGs
[2024-07-04T09:55:21.602+0000] {logging_mixin.py:188} INFO - [2024-07-04T09:55:21.602+0000] {dag.py:3954} INFO - Setting next_dagrun for example_task_group to 2024-07-03 00:00:00+00:00, run_after=2024-07-04 00:00:00+00:00
[2024-07-04T09:55:21.626+0000] {processor.py:183} INFO - Processing /home/airflow/.local/lib/python3.12/site-packages/airflow/example_dags/example_task_group.py took 0.099 seconds
[2024-07-04T09:55:51.968+0000] {processor.py:161} INFO - Started process (PID=2466) to work on /home/airflow/.local/lib/python3.12/site-packages/airflow/example_dags/example_task_group.py
[2024-07-04T09:55:51.970+0000] {processor.py:830} INFO - Processing file /home/airflow/.local/lib/python3.12/site-packages/airflow/example_dags/example_task_group.py for tasks to queue
[2024-07-04T09:55:51.974+0000] {logging_mixin.py:188} INFO - [2024-07-04T09:55:51.973+0000] {dagbag.py:545} INFO - Filling up the DagBag from /home/airflow/.local/lib/python3.12/site-packages/airflow/example_dags/example_task_group.py
[2024-07-04T09:55:51.987+0000] {processor.py:840} INFO - DAG(s) 'example_task_group' retrieved from /home/airflow/.local/lib/python3.12/site-packages/airflow/example_dags/example_task_group.py
[2024-07-04T09:55:52.025+0000] {logging_mixin.py:188} INFO - [2024-07-04T09:55:52.024+0000] {dag.py:3096} INFO - Sync 1 DAGs
[2024-07-04T09:55:52.087+0000] {logging_mixin.py:188} INFO - [2024-07-04T09:55:52.086+0000] {dag.py:3954} INFO - Setting next_dagrun for example_task_group to 2024-07-03 00:00:00+00:00, run_after=2024-07-04 00:00:00+00:00
[2024-07-04T09:55:52.165+0000] {processor.py:183} INFO - Processing /home/airflow/.local/lib/python3.12/site-packages/airflow/example_dags/example_task_group.py took 0.210 seconds
[2024-07-04T09:56:22.378+0000] {processor.py:161} INFO - Started process (PID=2525) to work on /home/airflow/.local/lib/python3.12/site-packages/airflow/example_dags/example_task_group.py
[2024-07-04T09:56:22.380+0000] {processor.py:830} INFO - Processing file /home/airflow/.local/lib/python3.12/site-packages/airflow/example_dags/example_task_group.py for tasks to queue
[2024-07-04T09:56:22.384+0000] {logging_mixin.py:188} INFO - [2024-07-04T09:56:22.382+0000] {dagbag.py:545} INFO - Filling up the DagBag from /home/airflow/.local/lib/python3.12/site-packages/airflow/example_dags/example_task_group.py
[2024-07-04T09:56:22.399+0000] {processor.py:840} INFO - DAG(s) 'example_task_group' retrieved from /home/airflow/.local/lib/python3.12/site-packages/airflow/example_dags/example_task_group.py
[2024-07-04T09:56:22.436+0000] {logging_mixin.py:188} INFO - [2024-07-04T09:56:22.435+0000] {dag.py:3096} INFO - Sync 1 DAGs
[2024-07-04T09:56:22.525+0000] {logging_mixin.py:188} INFO - [2024-07-04T09:56:22.524+0000] {dag.py:3954} INFO - Setting next_dagrun for example_task_group to 2024-07-03 00:00:00+00:00, run_after=2024-07-04 00:00:00+00:00
[2024-07-04T09:56:22.552+0000] {processor.py:183} INFO - Processing /home/airflow/.local/lib/python3.12/site-packages/airflow/example_dags/example_task_group.py took 0.182 seconds
[2024-07-04T09:56:52.893+0000] {processor.py:161} INFO - Started process (PID=2580) to work on /home/airflow/.local/lib/python3.12/site-packages/airflow/example_dags/example_task_group.py
[2024-07-04T09:56:52.894+0000] {processor.py:830} INFO - Processing file /home/airflow/.local/lib/python3.12/site-packages/airflow/example_dags/example_task_group.py for tasks to queue
[2024-07-04T09:56:52.896+0000] {logging_mixin.py:188} INFO - [2024-07-04T09:56:52.896+0000] {dagbag.py:545} INFO - Filling up the DagBag from /home/airflow/.local/lib/python3.12/site-packages/airflow/example_dags/example_task_group.py
[2024-07-04T09:56:52.904+0000] {processor.py:840} INFO - DAG(s) 'example_task_group' retrieved from /home/airflow/.local/lib/python3.12/site-packages/airflow/example_dags/example_task_group.py
[2024-07-04T09:56:52.936+0000] {logging_mixin.py:188} INFO - [2024-07-04T09:56:52.936+0000] {dag.py:3096} INFO - Sync 1 DAGs
[2024-07-04T09:56:52.963+0000] {logging_mixin.py:188} INFO - [2024-07-04T09:56:52.963+0000] {dag.py:3954} INFO - Setting next_dagrun for example_task_group to 2024-07-03 00:00:00+00:00, run_after=2024-07-04 00:00:00+00:00
[2024-07-04T09:56:52.984+0000] {processor.py:183} INFO - Processing /home/airflow/.local/lib/python3.12/site-packages/airflow/example_dags/example_task_group.py took 0.098 seconds
[2024-07-04T09:57:23.447+0000] {processor.py:161} INFO - Started process (PID=2639) to work on /home/airflow/.local/lib/python3.12/site-packages/airflow/example_dags/example_task_group.py
[2024-07-04T09:57:23.449+0000] {processor.py:830} INFO - Processing file /home/airflow/.local/lib/python3.12/site-packages/airflow/example_dags/example_task_group.py for tasks to queue
[2024-07-04T09:57:23.450+0000] {logging_mixin.py:188} INFO - [2024-07-04T09:57:23.450+0000] {dagbag.py:545} INFO - Filling up the DagBag from /home/airflow/.local/lib/python3.12/site-packages/airflow/example_dags/example_task_group.py
[2024-07-04T09:57:23.457+0000] {processor.py:840} INFO - DAG(s) 'example_task_group' retrieved from /home/airflow/.local/lib/python3.12/site-packages/airflow/example_dags/example_task_group.py
[2024-07-04T09:57:23.477+0000] {logging_mixin.py:188} INFO - [2024-07-04T09:57:23.476+0000] {dag.py:3096} INFO - Sync 1 DAGs
[2024-07-04T09:57:23.498+0000] {logging_mixin.py:188} INFO - [2024-07-04T09:57:23.498+0000] {dag.py:3954} INFO - Setting next_dagrun for example_task_group to 2024-07-03 00:00:00+00:00, run_after=2024-07-04 00:00:00+00:00
[2024-07-04T09:57:23.516+0000] {processor.py:183} INFO - Processing /home/airflow/.local/lib/python3.12/site-packages/airflow/example_dags/example_task_group.py took 0.074 seconds
[2024-07-04T09:57:53.767+0000] {processor.py:161} INFO - Started process (PID=2699) to work on /home/airflow/.local/lib/python3.12/site-packages/airflow/example_dags/example_task_group.py
[2024-07-04T09:57:53.768+0000] {processor.py:830} INFO - Processing file /home/airflow/.local/lib/python3.12/site-packages/airflow/example_dags/example_task_group.py for tasks to queue
[2024-07-04T09:57:53.771+0000] {logging_mixin.py:188} INFO - [2024-07-04T09:57:53.771+0000] {dagbag.py:545} INFO - Filling up the DagBag from /home/airflow/.local/lib/python3.12/site-packages/airflow/example_dags/example_task_group.py
[2024-07-04T09:57:53.782+0000] {processor.py:840} INFO - DAG(s) 'example_task_group' retrieved from /home/airflow/.local/lib/python3.12/site-packages/airflow/example_dags/example_task_group.py
[2024-07-04T09:57:53.824+0000] {logging_mixin.py:188} INFO - [2024-07-04T09:57:53.823+0000] {dag.py:3096} INFO - Sync 1 DAGs
[2024-07-04T09:57:53.861+0000] {logging_mixin.py:188} INFO - [2024-07-04T09:57:53.860+0000] {dag.py:3954} INFO - Setting next_dagrun for example_task_group to 2024-07-03 00:00:00+00:00, run_after=2024-07-04 00:00:00+00:00
[2024-07-04T09:57:53.908+0000] {processor.py:183} INFO - Processing /home/airflow/.local/lib/python3.12/site-packages/airflow/example_dags/example_task_group.py took 0.150 seconds
[2024-07-04T09:58:24.382+0000] {processor.py:161} INFO - Started process (PID=2758) to work on /home/airflow/.local/lib/python3.12/site-packages/airflow/example_dags/example_task_group.py
[2024-07-04T09:58:24.384+0000] {processor.py:830} INFO - Processing file /home/airflow/.local/lib/python3.12/site-packages/airflow/example_dags/example_task_group.py for tasks to queue
[2024-07-04T09:58:24.386+0000] {logging_mixin.py:188} INFO - [2024-07-04T09:58:24.385+0000] {dagbag.py:545} INFO - Filling up the DagBag from /home/airflow/.local/lib/python3.12/site-packages/airflow/example_dags/example_task_group.py
[2024-07-04T09:58:24.392+0000] {processor.py:840} INFO - DAG(s) 'example_task_group' retrieved from /home/airflow/.local/lib/python3.12/site-packages/airflow/example_dags/example_task_group.py
[2024-07-04T09:58:24.412+0000] {logging_mixin.py:188} INFO - [2024-07-04T09:58:24.412+0000] {dag.py:3096} INFO - Sync 1 DAGs
[2024-07-04T09:58:24.434+0000] {logging_mixin.py:188} INFO - [2024-07-04T09:58:24.434+0000] {dag.py:3954} INFO - Setting next_dagrun for example_task_group to 2024-07-03 00:00:00+00:00, run_after=2024-07-04 00:00:00+00:00
[2024-07-04T09:58:24.452+0000] {processor.py:183} INFO - Processing /home/airflow/.local/lib/python3.12/site-packages/airflow/example_dags/example_task_group.py took 0.075 seconds
[2024-07-04T09:58:55.336+0000] {processor.py:161} INFO - Started process (PID=2816) to work on /home/airflow/.local/lib/python3.12/site-packages/airflow/example_dags/example_task_group.py
[2024-07-04T09:58:55.342+0000] {processor.py:830} INFO - Processing file /home/airflow/.local/lib/python3.12/site-packages/airflow/example_dags/example_task_group.py for tasks to queue
[2024-07-04T09:58:55.344+0000] {logging_mixin.py:188} INFO - [2024-07-04T09:58:55.344+0000] {dagbag.py:545} INFO - Filling up the DagBag from /home/airflow/.local/lib/python3.12/site-packages/airflow/example_dags/example_task_group.py
[2024-07-04T09:58:55.363+0000] {processor.py:840} INFO - DAG(s) 'example_task_group' retrieved from /home/airflow/.local/lib/python3.12/site-packages/airflow/example_dags/example_task_group.py
[2024-07-04T09:58:55.404+0000] {logging_mixin.py:188} INFO - [2024-07-04T09:58:55.403+0000] {dag.py:3096} INFO - Sync 1 DAGs
[2024-07-04T09:58:55.436+0000] {logging_mixin.py:188} INFO - [2024-07-04T09:58:55.436+0000] {dag.py:3954} INFO - Setting next_dagrun for example_task_group to 2024-07-03 00:00:00+00:00, run_after=2024-07-04 00:00:00+00:00
[2024-07-04T09:58:55.479+0000] {processor.py:183} INFO - Processing /home/airflow/.local/lib/python3.12/site-packages/airflow/example_dags/example_task_group.py took 0.149 seconds
[2024-07-04T09:59:25.729+0000] {processor.py:161} INFO - Started process (PID=2875) to work on /home/airflow/.local/lib/python3.12/site-packages/airflow/example_dags/example_task_group.py
[2024-07-04T09:59:25.731+0000] {processor.py:830} INFO - Processing file /home/airflow/.local/lib/python3.12/site-packages/airflow/example_dags/example_task_group.py for tasks to queue
[2024-07-04T09:59:25.732+0000] {logging_mixin.py:188} INFO - [2024-07-04T09:59:25.732+0000] {dagbag.py:545} INFO - Filling up the DagBag from /home/airflow/.local/lib/python3.12/site-packages/airflow/example_dags/example_task_group.py
[2024-07-04T09:59:25.739+0000] {processor.py:840} INFO - DAG(s) 'example_task_group' retrieved from /home/airflow/.local/lib/python3.12/site-packages/airflow/example_dags/example_task_group.py
[2024-07-04T09:59:25.763+0000] {logging_mixin.py:188} INFO - [2024-07-04T09:59:25.762+0000] {dag.py:3096} INFO - Sync 1 DAGs
[2024-07-04T09:59:25.793+0000] {logging_mixin.py:188} INFO - [2024-07-04T09:59:25.793+0000] {dag.py:3954} INFO - Setting next_dagrun for example_task_group to 2024-07-03 00:00:00+00:00, run_after=2024-07-04 00:00:00+00:00
[2024-07-04T09:59:25.815+0000] {processor.py:183} INFO - Processing /home/airflow/.local/lib/python3.12/site-packages/airflow/example_dags/example_task_group.py took 0.092 seconds
[2024-07-04T09:59:56.033+0000] {processor.py:161} INFO - Started process (PID=2934) to work on /home/airflow/.local/lib/python3.12/site-packages/airflow/example_dags/example_task_group.py
[2024-07-04T09:59:56.034+0000] {processor.py:830} INFO - Processing file /home/airflow/.local/lib/python3.12/site-packages/airflow/example_dags/example_task_group.py for tasks to queue
[2024-07-04T09:59:56.036+0000] {logging_mixin.py:188} INFO - [2024-07-04T09:59:56.036+0000] {dagbag.py:545} INFO - Filling up the DagBag from /home/airflow/.local/lib/python3.12/site-packages/airflow/example_dags/example_task_group.py
[2024-07-04T09:59:56.046+0000] {processor.py:840} INFO - DAG(s) 'example_task_group' retrieved from /home/airflow/.local/lib/python3.12/site-packages/airflow/example_dags/example_task_group.py
[2024-07-04T09:59:56.067+0000] {logging_mixin.py:188} INFO - [2024-07-04T09:59:56.067+0000] {dag.py:3096} INFO - Sync 1 DAGs
[2024-07-04T09:59:56.089+0000] {logging_mixin.py:188} INFO - [2024-07-04T09:59:56.089+0000] {dag.py:3954} INFO - Setting next_dagrun for example_task_group to 2024-07-03 00:00:00+00:00, run_after=2024-07-04 00:00:00+00:00
[2024-07-04T09:59:56.113+0000] {processor.py:183} INFO - Processing /home/airflow/.local/lib/python3.12/site-packages/airflow/example_dags/example_task_group.py took 0.092 seconds
[2024-07-04T10:00:26.943+0000] {processor.py:161} INFO - Started process (PID=2993) to work on /home/airflow/.local/lib/python3.12/site-packages/airflow/example_dags/example_task_group.py
[2024-07-04T10:00:26.944+0000] {processor.py:830} INFO - Processing file /home/airflow/.local/lib/python3.12/site-packages/airflow/example_dags/example_task_group.py for tasks to queue
[2024-07-04T10:00:26.946+0000] {logging_mixin.py:188} INFO - [2024-07-04T10:00:26.946+0000] {dagbag.py:545} INFO - Filling up the DagBag from /home/airflow/.local/lib/python3.12/site-packages/airflow/example_dags/example_task_group.py
[2024-07-04T10:00:26.953+0000] {processor.py:840} INFO - DAG(s) 'example_task_group' retrieved from /home/airflow/.local/lib/python3.12/site-packages/airflow/example_dags/example_task_group.py
[2024-07-04T10:00:26.974+0000] {logging_mixin.py:188} INFO - [2024-07-04T10:00:26.974+0000] {dag.py:3096} INFO - Sync 1 DAGs
[2024-07-04T10:00:26.997+0000] {logging_mixin.py:188} INFO - [2024-07-04T10:00:26.996+0000] {dag.py:3954} INFO - Setting next_dagrun for example_task_group to 2024-07-03 00:00:00+00:00, run_after=2024-07-04 00:00:00+00:00
[2024-07-04T10:00:27.019+0000] {processor.py:183} INFO - Processing /home/airflow/.local/lib/python3.12/site-packages/airflow/example_dags/example_task_group.py took 0.082 seconds
[2024-07-04T10:00:57.538+0000] {processor.py:161} INFO - Started process (PID=3054) to work on /home/airflow/.local/lib/python3.12/site-packages/airflow/example_dags/example_task_group.py
[2024-07-04T10:00:57.539+0000] {processor.py:830} INFO - Processing file /home/airflow/.local/lib/python3.12/site-packages/airflow/example_dags/example_task_group.py for tasks to queue
[2024-07-04T10:00:57.541+0000] {logging_mixin.py:188} INFO - [2024-07-04T10:00:57.541+0000] {dagbag.py:545} INFO - Filling up the DagBag from /home/airflow/.local/lib/python3.12/site-packages/airflow/example_dags/example_task_group.py
[2024-07-04T10:00:57.548+0000] {processor.py:840} INFO - DAG(s) 'example_task_group' retrieved from /home/airflow/.local/lib/python3.12/site-packages/airflow/example_dags/example_task_group.py
[2024-07-04T10:00:57.567+0000] {logging_mixin.py:188} INFO - [2024-07-04T10:00:57.567+0000] {dag.py:3096} INFO - Sync 1 DAGs
[2024-07-04T10:00:57.588+0000] {logging_mixin.py:188} INFO - [2024-07-04T10:00:57.588+0000] {dag.py:3954} INFO - Setting next_dagrun for example_task_group to 2024-07-03 00:00:00+00:00, run_after=2024-07-04 00:00:00+00:00
[2024-07-04T10:00:57.607+0000] {processor.py:183} INFO - Processing /home/airflow/.local/lib/python3.12/site-packages/airflow/example_dags/example_task_group.py took 0.074 seconds
[2024-07-04T10:01:28.816+0000] {processor.py:161} INFO - Started process (PID=3113) to work on /home/airflow/.local/lib/python3.12/site-packages/airflow/example_dags/example_task_group.py
[2024-07-04T10:01:28.818+0000] {processor.py:830} INFO - Processing file /home/airflow/.local/lib/python3.12/site-packages/airflow/example_dags/example_task_group.py for tasks to queue
[2024-07-04T10:01:28.822+0000] {logging_mixin.py:188} INFO - [2024-07-04T10:01:28.821+0000] {dagbag.py:545} INFO - Filling up the DagBag from /home/airflow/.local/lib/python3.12/site-packages/airflow/example_dags/example_task_group.py
[2024-07-04T10:01:28.837+0000] {processor.py:840} INFO - DAG(s) 'example_task_group' retrieved from /home/airflow/.local/lib/python3.12/site-packages/airflow/example_dags/example_task_group.py
[2024-07-04T10:01:28.875+0000] {logging_mixin.py:188} INFO - [2024-07-04T10:01:28.874+0000] {dag.py:3096} INFO - Sync 1 DAGs
[2024-07-04T10:01:28.903+0000] {logging_mixin.py:188} INFO - [2024-07-04T10:01:28.903+0000] {dag.py:3954} INFO - Setting next_dagrun for example_task_group to 2024-07-03 00:00:00+00:00, run_after=2024-07-04 00:00:00+00:00
[2024-07-04T10:01:28.927+0000] {processor.py:183} INFO - Processing /home/airflow/.local/lib/python3.12/site-packages/airflow/example_dags/example_task_group.py took 0.119 seconds
[2024-07-04T10:01:59.900+0000] {processor.py:161} INFO - Started process (PID=3173) to work on /home/airflow/.local/lib/python3.12/site-packages/airflow/example_dags/example_task_group.py
[2024-07-04T10:01:59.908+0000] {processor.py:830} INFO - Processing file /home/airflow/.local/lib/python3.12/site-packages/airflow/example_dags/example_task_group.py for tasks to queue
[2024-07-04T10:01:59.919+0000] {logging_mixin.py:188} INFO - [2024-07-04T10:01:59.918+0000] {dagbag.py:545} INFO - Filling up the DagBag from /home/airflow/.local/lib/python3.12/site-packages/airflow/example_dags/example_task_group.py
[2024-07-04T10:01:59.925+0000] {processor.py:840} INFO - DAG(s) 'example_task_group' retrieved from /home/airflow/.local/lib/python3.12/site-packages/airflow/example_dags/example_task_group.py
[2024-07-04T10:01:59.981+0000] {logging_mixin.py:188} INFO - [2024-07-04T10:01:59.980+0000] {dag.py:3096} INFO - Sync 1 DAGs
[2024-07-04T10:02:00.032+0000] {logging_mixin.py:188} INFO - [2024-07-04T10:02:00.032+0000] {dag.py:3954} INFO - Setting next_dagrun for example_task_group to 2024-07-03 00:00:00+00:00, run_after=2024-07-04 00:00:00+00:00
[2024-07-04T10:02:00.081+0000] {processor.py:183} INFO - Processing /home/airflow/.local/lib/python3.12/site-packages/airflow/example_dags/example_task_group.py took 0.186 seconds
[2024-07-04T10:02:30.370+0000] {processor.py:161} INFO - Started process (PID=3233) to work on /home/airflow/.local/lib/python3.12/site-packages/airflow/example_dags/example_task_group.py
[2024-07-04T10:02:30.371+0000] {processor.py:830} INFO - Processing file /home/airflow/.local/lib/python3.12/site-packages/airflow/example_dags/example_task_group.py for tasks to queue
[2024-07-04T10:02:30.373+0000] {logging_mixin.py:188} INFO - [2024-07-04T10:02:30.373+0000] {dagbag.py:545} INFO - Filling up the DagBag from /home/airflow/.local/lib/python3.12/site-packages/airflow/example_dags/example_task_group.py
[2024-07-04T10:02:30.382+0000] {processor.py:840} INFO - DAG(s) 'example_task_group' retrieved from /home/airflow/.local/lib/python3.12/site-packages/airflow/example_dags/example_task_group.py
[2024-07-04T10:02:30.406+0000] {logging_mixin.py:188} INFO - [2024-07-04T10:02:30.406+0000] {dag.py:3096} INFO - Sync 1 DAGs
[2024-07-04T10:02:30.428+0000] {logging_mixin.py:188} INFO - [2024-07-04T10:02:30.428+0000] {dag.py:3954} INFO - Setting next_dagrun for example_task_group to 2024-07-03 00:00:00+00:00, run_after=2024-07-04 00:00:00+00:00
[2024-07-04T10:02:30.448+0000] {processor.py:183} INFO - Processing /home/airflow/.local/lib/python3.12/site-packages/airflow/example_dags/example_task_group.py took 0.087 seconds
[2024-07-04T10:03:00.790+0000] {processor.py:161} INFO - Started process (PID=3292) to work on /home/airflow/.local/lib/python3.12/site-packages/airflow/example_dags/example_task_group.py
[2024-07-04T10:03:00.791+0000] {processor.py:830} INFO - Processing file /home/airflow/.local/lib/python3.12/site-packages/airflow/example_dags/example_task_group.py for tasks to queue
[2024-07-04T10:03:00.793+0000] {logging_mixin.py:188} INFO - [2024-07-04T10:03:00.793+0000] {dagbag.py:545} INFO - Filling up the DagBag from /home/airflow/.local/lib/python3.12/site-packages/airflow/example_dags/example_task_group.py
[2024-07-04T10:03:00.802+0000] {processor.py:840} INFO - DAG(s) 'example_task_group' retrieved from /home/airflow/.local/lib/python3.12/site-packages/airflow/example_dags/example_task_group.py
[2024-07-04T10:03:00.824+0000] {logging_mixin.py:188} INFO - [2024-07-04T10:03:00.824+0000] {dag.py:3096} INFO - Sync 1 DAGs
[2024-07-04T10:03:00.850+0000] {logging_mixin.py:188} INFO - [2024-07-04T10:03:00.850+0000] {dag.py:3954} INFO - Setting next_dagrun for example_task_group to 2024-07-03 00:00:00+00:00, run_after=2024-07-04 00:00:00+00:00
[2024-07-04T10:03:00.883+0000] {processor.py:183} INFO - Processing /home/airflow/.local/lib/python3.12/site-packages/airflow/example_dags/example_task_group.py took 0.099 seconds
[2024-07-04T10:03:31.177+0000] {processor.py:161} INFO - Started process (PID=3351) to work on /home/airflow/.local/lib/python3.12/site-packages/airflow/example_dags/example_task_group.py
[2024-07-04T10:03:31.179+0000] {processor.py:830} INFO - Processing file /home/airflow/.local/lib/python3.12/site-packages/airflow/example_dags/example_task_group.py for tasks to queue
[2024-07-04T10:03:31.183+0000] {logging_mixin.py:188} INFO - [2024-07-04T10:03:31.182+0000] {dagbag.py:545} INFO - Filling up the DagBag from /home/airflow/.local/lib/python3.12/site-packages/airflow/example_dags/example_task_group.py
[2024-07-04T10:03:31.193+0000] {processor.py:840} INFO - DAG(s) 'example_task_group' retrieved from /home/airflow/.local/lib/python3.12/site-packages/airflow/example_dags/example_task_group.py
[2024-07-04T10:03:31.223+0000] {logging_mixin.py:188} INFO - [2024-07-04T10:03:31.223+0000] {dag.py:3096} INFO - Sync 1 DAGs
[2024-07-04T10:03:31.277+0000] {logging_mixin.py:188} INFO - [2024-07-04T10:03:31.276+0000] {dag.py:3954} INFO - Setting next_dagrun for example_task_group to 2024-07-03 00:00:00+00:00, run_after=2024-07-04 00:00:00+00:00
[2024-07-04T10:03:31.313+0000] {processor.py:183} INFO - Processing /home/airflow/.local/lib/python3.12/site-packages/airflow/example_dags/example_task_group.py took 0.149 seconds
