[2024-07-04T09:35:00.971+0000] {processor.py:161} INFO - Started process (PID=71) to work on /home/airflow/.local/lib/python3.12/site-packages/airflow/example_dags/example_short_circuit_operator.py
[2024-07-04T09:35:00.973+0000] {processor.py:830} INFO - Processing file /home/airflow/.local/lib/python3.12/site-packages/airflow/example_dags/example_short_circuit_operator.py for tasks to queue
[2024-07-04T09:35:00.977+0000] {logging_mixin.py:188} INFO - [2024-07-04T09:35:00.976+0000] {dagbag.py:545} INFO - Filling up the DagBag from /home/airflow/.local/lib/python3.12/site-packages/airflow/example_dags/example_short_circuit_operator.py
[2024-07-04T09:35:01.028+0000] {processor.py:840} INFO - DAG(s) 'example_short_circuit_operator' retrieved from /home/airflow/.local/lib/python3.12/site-packages/airflow/example_dags/example_short_circuit_operator.py
[2024-07-04T09:35:01.426+0000] {logging_mixin.py:188} INFO - [2024-07-04T09:35:01.425+0000] {dag.py:3096} INFO - Sync 1 DAGs
[2024-07-04T09:35:01.590+0000] {logging_mixin.py:188} INFO - [2024-07-04T09:35:01.588+0000] {dag.py:3954} INFO - Setting next_dagrun for example_short_circuit_operator to 2024-07-03 00:00:00+00:00, run_after=2024-07-04 00:00:00+00:00
[2024-07-04T09:35:01.702+0000] {processor.py:183} INFO - Processing /home/airflow/.local/lib/python3.12/site-packages/airflow/example_dags/example_short_circuit_operator.py took 0.751 seconds
[2024-07-04T09:35:32.073+0000] {processor.py:161} INFO - Started process (PID=130) to work on /home/airflow/.local/lib/python3.12/site-packages/airflow/example_dags/example_short_circuit_operator.py
[2024-07-04T09:35:32.075+0000] {processor.py:830} INFO - Processing file /home/airflow/.local/lib/python3.12/site-packages/airflow/example_dags/example_short_circuit_operator.py for tasks to queue
[2024-07-04T09:35:32.077+0000] {logging_mixin.py:188} INFO - [2024-07-04T09:35:32.077+0000] {dagbag.py:545} INFO - Filling up the DagBag from /home/airflow/.local/lib/python3.12/site-packages/airflow/example_dags/example_short_circuit_operator.py
[2024-07-04T09:35:32.087+0000] {processor.py:840} INFO - DAG(s) 'example_short_circuit_operator' retrieved from /home/airflow/.local/lib/python3.12/site-packages/airflow/example_dags/example_short_circuit_operator.py
[2024-07-04T09:35:32.129+0000] {logging_mixin.py:188} INFO - [2024-07-04T09:35:32.128+0000] {dag.py:3096} INFO - Sync 1 DAGs
[2024-07-04T09:35:32.157+0000] {logging_mixin.py:188} INFO - [2024-07-04T09:35:32.157+0000] {dag.py:3954} INFO - Setting next_dagrun for example_short_circuit_operator to 2024-07-03 00:00:00+00:00, run_after=2024-07-04 00:00:00+00:00
[2024-07-04T09:35:32.182+0000] {processor.py:183} INFO - Processing /home/airflow/.local/lib/python3.12/site-packages/airflow/example_dags/example_short_circuit_operator.py took 0.116 seconds
[2024-07-04T09:36:02.358+0000] {processor.py:161} INFO - Started process (PID=189) to work on /home/airflow/.local/lib/python3.12/site-packages/airflow/example_dags/example_short_circuit_operator.py
[2024-07-04T09:36:02.359+0000] {processor.py:830} INFO - Processing file /home/airflow/.local/lib/python3.12/site-packages/airflow/example_dags/example_short_circuit_operator.py for tasks to queue
[2024-07-04T09:36:02.362+0000] {logging_mixin.py:188} INFO - [2024-07-04T09:36:02.361+0000] {dagbag.py:545} INFO - Filling up the DagBag from /home/airflow/.local/lib/python3.12/site-packages/airflow/example_dags/example_short_circuit_operator.py
[2024-07-04T09:36:02.370+0000] {processor.py:840} INFO - DAG(s) 'example_short_circuit_operator' retrieved from /home/airflow/.local/lib/python3.12/site-packages/airflow/example_dags/example_short_circuit_operator.py
[2024-07-04T09:36:02.400+0000] {logging_mixin.py:188} INFO - [2024-07-04T09:36:02.400+0000] {dag.py:3096} INFO - Sync 1 DAGs
[2024-07-04T09:36:02.430+0000] {logging_mixin.py:188} INFO - [2024-07-04T09:36:02.429+0000] {dag.py:3954} INFO - Setting next_dagrun for example_short_circuit_operator to 2024-07-03 00:00:00+00:00, run_after=2024-07-04 00:00:00+00:00
[2024-07-04T09:36:02.453+0000] {processor.py:183} INFO - Processing /home/airflow/.local/lib/python3.12/site-packages/airflow/example_dags/example_short_circuit_operator.py took 0.102 seconds
[2024-07-04T09:36:34.884+0000] {processor.py:161} INFO - Started process (PID=248) to work on /home/airflow/.local/lib/python3.12/site-packages/airflow/example_dags/example_short_circuit_operator.py
[2024-07-04T09:36:34.885+0000] {processor.py:830} INFO - Processing file /home/airflow/.local/lib/python3.12/site-packages/airflow/example_dags/example_short_circuit_operator.py for tasks to queue
[2024-07-04T09:36:34.888+0000] {logging_mixin.py:188} INFO - [2024-07-04T09:36:34.887+0000] {dagbag.py:545} INFO - Filling up the DagBag from /home/airflow/.local/lib/python3.12/site-packages/airflow/example_dags/example_short_circuit_operator.py
[2024-07-04T09:36:34.898+0000] {processor.py:840} INFO - DAG(s) 'example_short_circuit_operator' retrieved from /home/airflow/.local/lib/python3.12/site-packages/airflow/example_dags/example_short_circuit_operator.py
[2024-07-04T09:36:34.923+0000] {logging_mixin.py:188} INFO - [2024-07-04T09:36:34.923+0000] {dag.py:3096} INFO - Sync 1 DAGs
[2024-07-04T09:36:34.945+0000] {logging_mixin.py:188} INFO - [2024-07-04T09:36:34.945+0000] {dag.py:3954} INFO - Setting next_dagrun for example_short_circuit_operator to 2024-07-03 00:00:00+00:00, run_after=2024-07-04 00:00:00+00:00
[2024-07-04T09:36:34.974+0000] {processor.py:183} INFO - Processing /home/airflow/.local/lib/python3.12/site-packages/airflow/example_dags/example_short_circuit_operator.py took 0.096 seconds
[2024-07-04T09:37:05.621+0000] {processor.py:161} INFO - Started process (PID=305) to work on /home/airflow/.local/lib/python3.12/site-packages/airflow/example_dags/example_short_circuit_operator.py
[2024-07-04T09:37:05.623+0000] {processor.py:830} INFO - Processing file /home/airflow/.local/lib/python3.12/site-packages/airflow/example_dags/example_short_circuit_operator.py for tasks to queue
[2024-07-04T09:37:05.625+0000] {logging_mixin.py:188} INFO - [2024-07-04T09:37:05.624+0000] {dagbag.py:545} INFO - Filling up the DagBag from /home/airflow/.local/lib/python3.12/site-packages/airflow/example_dags/example_short_circuit_operator.py
[2024-07-04T09:37:05.641+0000] {processor.py:840} INFO - DAG(s) 'example_short_circuit_operator' retrieved from /home/airflow/.local/lib/python3.12/site-packages/airflow/example_dags/example_short_circuit_operator.py
[2024-07-04T09:37:05.669+0000] {logging_mixin.py:188} INFO - [2024-07-04T09:37:05.669+0000] {dag.py:3096} INFO - Sync 1 DAGs
[2024-07-04T09:37:05.690+0000] {logging_mixin.py:188} INFO - [2024-07-04T09:37:05.690+0000] {dag.py:3954} INFO - Setting next_dagrun for example_short_circuit_operator to 2024-07-03 00:00:00+00:00, run_after=2024-07-04 00:00:00+00:00
[2024-07-04T09:37:05.708+0000] {processor.py:183} INFO - Processing /home/airflow/.local/lib/python3.12/site-packages/airflow/example_dags/example_short_circuit_operator.py took 0.092 seconds
[2024-07-04T09:37:36.299+0000] {processor.py:161} INFO - Started process (PID=364) to work on /home/airflow/.local/lib/python3.12/site-packages/airflow/example_dags/example_short_circuit_operator.py
[2024-07-04T09:37:36.301+0000] {processor.py:830} INFO - Processing file /home/airflow/.local/lib/python3.12/site-packages/airflow/example_dags/example_short_circuit_operator.py for tasks to queue
[2024-07-04T09:37:36.317+0000] {logging_mixin.py:188} INFO - [2024-07-04T09:37:36.317+0000] {dagbag.py:545} INFO - Filling up the DagBag from /home/airflow/.local/lib/python3.12/site-packages/airflow/example_dags/example_short_circuit_operator.py
[2024-07-04T09:37:36.324+0000] {processor.py:840} INFO - DAG(s) 'example_short_circuit_operator' retrieved from /home/airflow/.local/lib/python3.12/site-packages/airflow/example_dags/example_short_circuit_operator.py
[2024-07-04T09:37:36.398+0000] {logging_mixin.py:188} INFO - [2024-07-04T09:37:36.397+0000] {dag.py:3096} INFO - Sync 1 DAGs
[2024-07-04T09:37:36.445+0000] {logging_mixin.py:188} INFO - [2024-07-04T09:37:36.445+0000] {dag.py:3954} INFO - Setting next_dagrun for example_short_circuit_operator to 2024-07-03 00:00:00+00:00, run_after=2024-07-04 00:00:00+00:00
[2024-07-04T09:37:36.488+0000] {processor.py:183} INFO - Processing /home/airflow/.local/lib/python3.12/site-packages/airflow/example_dags/example_short_circuit_operator.py took 0.195 seconds
[2024-07-04T09:38:07.307+0000] {processor.py:161} INFO - Started process (PID=423) to work on /home/airflow/.local/lib/python3.12/site-packages/airflow/example_dags/example_short_circuit_operator.py
[2024-07-04T09:38:07.325+0000] {processor.py:830} INFO - Processing file /home/airflow/.local/lib/python3.12/site-packages/airflow/example_dags/example_short_circuit_operator.py for tasks to queue
[2024-07-04T09:38:07.327+0000] {logging_mixin.py:188} INFO - [2024-07-04T09:38:07.327+0000] {dagbag.py:545} INFO - Filling up the DagBag from /home/airflow/.local/lib/python3.12/site-packages/airflow/example_dags/example_short_circuit_operator.py
[2024-07-04T09:38:07.346+0000] {processor.py:840} INFO - DAG(s) 'example_short_circuit_operator' retrieved from /home/airflow/.local/lib/python3.12/site-packages/airflow/example_dags/example_short_circuit_operator.py
[2024-07-04T09:38:07.485+0000] {logging_mixin.py:188} INFO - [2024-07-04T09:38:07.485+0000] {dag.py:3096} INFO - Sync 1 DAGs
[2024-07-04T09:38:07.538+0000] {logging_mixin.py:188} INFO - [2024-07-04T09:38:07.538+0000] {dag.py:3954} INFO - Setting next_dagrun for example_short_circuit_operator to 2024-07-03 00:00:00+00:00, run_after=2024-07-04 00:00:00+00:00
[2024-07-04T09:38:07.615+0000] {processor.py:183} INFO - Processing /home/airflow/.local/lib/python3.12/site-packages/airflow/example_dags/example_short_circuit_operator.py took 0.325 seconds
[2024-07-04T09:38:37.815+0000] {processor.py:161} INFO - Started process (PID=484) to work on /home/airflow/.local/lib/python3.12/site-packages/airflow/example_dags/example_short_circuit_operator.py
[2024-07-04T09:38:37.816+0000] {processor.py:830} INFO - Processing file /home/airflow/.local/lib/python3.12/site-packages/airflow/example_dags/example_short_circuit_operator.py for tasks to queue
[2024-07-04T09:38:37.821+0000] {logging_mixin.py:188} INFO - [2024-07-04T09:38:37.821+0000] {dagbag.py:545} INFO - Filling up the DagBag from /home/airflow/.local/lib/python3.12/site-packages/airflow/example_dags/example_short_circuit_operator.py
[2024-07-04T09:38:37.829+0000] {processor.py:840} INFO - DAG(s) 'example_short_circuit_operator' retrieved from /home/airflow/.local/lib/python3.12/site-packages/airflow/example_dags/example_short_circuit_operator.py
[2024-07-04T09:38:37.850+0000] {logging_mixin.py:188} INFO - [2024-07-04T09:38:37.850+0000] {dag.py:3096} INFO - Sync 1 DAGs
[2024-07-04T09:38:37.871+0000] {logging_mixin.py:188} INFO - [2024-07-04T09:38:37.870+0000] {dag.py:3954} INFO - Setting next_dagrun for example_short_circuit_operator to 2024-07-03 00:00:00+00:00, run_after=2024-07-04 00:00:00+00:00
[2024-07-04T09:38:37.889+0000] {processor.py:183} INFO - Processing /home/airflow/.local/lib/python3.12/site-packages/airflow/example_dags/example_short_circuit_operator.py took 0.082 seconds
[2024-07-04T09:39:08.070+0000] {processor.py:161} INFO - Started process (PID=543) to work on /home/airflow/.local/lib/python3.12/site-packages/airflow/example_dags/example_short_circuit_operator.py
[2024-07-04T09:39:08.072+0000] {processor.py:830} INFO - Processing file /home/airflow/.local/lib/python3.12/site-packages/airflow/example_dags/example_short_circuit_operator.py for tasks to queue
[2024-07-04T09:39:08.077+0000] {logging_mixin.py:188} INFO - [2024-07-04T09:39:08.076+0000] {dagbag.py:545} INFO - Filling up the DagBag from /home/airflow/.local/lib/python3.12/site-packages/airflow/example_dags/example_short_circuit_operator.py
[2024-07-04T09:39:08.096+0000] {processor.py:840} INFO - DAG(s) 'example_short_circuit_operator' retrieved from /home/airflow/.local/lib/python3.12/site-packages/airflow/example_dags/example_short_circuit_operator.py
[2024-07-04T09:39:08.124+0000] {logging_mixin.py:188} INFO - [2024-07-04T09:39:08.123+0000] {dag.py:3096} INFO - Sync 1 DAGs
[2024-07-04T09:39:08.149+0000] {logging_mixin.py:188} INFO - [2024-07-04T09:39:08.148+0000] {dag.py:3954} INFO - Setting next_dagrun for example_short_circuit_operator to 2024-07-03 00:00:00+00:00, run_after=2024-07-04 00:00:00+00:00
[2024-07-04T09:39:08.171+0000] {processor.py:183} INFO - Processing /home/airflow/.local/lib/python3.12/site-packages/airflow/example_dags/example_short_circuit_operator.py took 0.110 seconds
[2024-07-04T09:39:38.365+0000] {processor.py:161} INFO - Started process (PID=602) to work on /home/airflow/.local/lib/python3.12/site-packages/airflow/example_dags/example_short_circuit_operator.py
[2024-07-04T09:39:38.366+0000] {processor.py:830} INFO - Processing file /home/airflow/.local/lib/python3.12/site-packages/airflow/example_dags/example_short_circuit_operator.py for tasks to queue
[2024-07-04T09:39:38.368+0000] {logging_mixin.py:188} INFO - [2024-07-04T09:39:38.368+0000] {dagbag.py:545} INFO - Filling up the DagBag from /home/airflow/.local/lib/python3.12/site-packages/airflow/example_dags/example_short_circuit_operator.py
[2024-07-04T09:39:38.375+0000] {processor.py:840} INFO - DAG(s) 'example_short_circuit_operator' retrieved from /home/airflow/.local/lib/python3.12/site-packages/airflow/example_dags/example_short_circuit_operator.py
[2024-07-04T09:39:38.397+0000] {logging_mixin.py:188} INFO - [2024-07-04T09:39:38.397+0000] {dag.py:3096} INFO - Sync 1 DAGs
[2024-07-04T09:39:38.417+0000] {logging_mixin.py:188} INFO - [2024-07-04T09:39:38.417+0000] {dag.py:3954} INFO - Setting next_dagrun for example_short_circuit_operator to 2024-07-03 00:00:00+00:00, run_after=2024-07-04 00:00:00+00:00
[2024-07-04T09:39:38.438+0000] {processor.py:183} INFO - Processing /home/airflow/.local/lib/python3.12/site-packages/airflow/example_dags/example_short_circuit_operator.py took 0.079 seconds
[2024-07-04T09:40:08.730+0000] {processor.py:161} INFO - Started process (PID=661) to work on /home/airflow/.local/lib/python3.12/site-packages/airflow/example_dags/example_short_circuit_operator.py
[2024-07-04T09:40:08.731+0000] {processor.py:830} INFO - Processing file /home/airflow/.local/lib/python3.12/site-packages/airflow/example_dags/example_short_circuit_operator.py for tasks to queue
[2024-07-04T09:40:08.733+0000] {logging_mixin.py:188} INFO - [2024-07-04T09:40:08.733+0000] {dagbag.py:545} INFO - Filling up the DagBag from /home/airflow/.local/lib/python3.12/site-packages/airflow/example_dags/example_short_circuit_operator.py
[2024-07-04T09:40:08.740+0000] {processor.py:840} INFO - DAG(s) 'example_short_circuit_operator' retrieved from /home/airflow/.local/lib/python3.12/site-packages/airflow/example_dags/example_short_circuit_operator.py
[2024-07-04T09:40:08.760+0000] {logging_mixin.py:188} INFO - [2024-07-04T09:40:08.760+0000] {dag.py:3096} INFO - Sync 1 DAGs
[2024-07-04T09:40:08.781+0000] {logging_mixin.py:188} INFO - [2024-07-04T09:40:08.780+0000] {dag.py:3954} INFO - Setting next_dagrun for example_short_circuit_operator to 2024-07-03 00:00:00+00:00, run_after=2024-07-04 00:00:00+00:00
[2024-07-04T09:40:08.802+0000] {processor.py:183} INFO - Processing /home/airflow/.local/lib/python3.12/site-packages/airflow/example_dags/example_short_circuit_operator.py took 0.077 seconds
[2024-07-04T09:40:39.027+0000] {processor.py:161} INFO - Started process (PID=720) to work on /home/airflow/.local/lib/python3.12/site-packages/airflow/example_dags/example_short_circuit_operator.py
[2024-07-04T09:40:39.028+0000] {processor.py:830} INFO - Processing file /home/airflow/.local/lib/python3.12/site-packages/airflow/example_dags/example_short_circuit_operator.py for tasks to queue
[2024-07-04T09:40:39.030+0000] {logging_mixin.py:188} INFO - [2024-07-04T09:40:39.030+0000] {dagbag.py:545} INFO - Filling up the DagBag from /home/airflow/.local/lib/python3.12/site-packages/airflow/example_dags/example_short_circuit_operator.py
[2024-07-04T09:40:39.037+0000] {processor.py:840} INFO - DAG(s) 'example_short_circuit_operator' retrieved from /home/airflow/.local/lib/python3.12/site-packages/airflow/example_dags/example_short_circuit_operator.py
[2024-07-04T09:40:39.058+0000] {logging_mixin.py:188} INFO - [2024-07-04T09:40:39.058+0000] {dag.py:3096} INFO - Sync 1 DAGs
[2024-07-04T09:40:39.077+0000] {logging_mixin.py:188} INFO - [2024-07-04T09:40:39.077+0000] {dag.py:3954} INFO - Setting next_dagrun for example_short_circuit_operator to 2024-07-03 00:00:00+00:00, run_after=2024-07-04 00:00:00+00:00
[2024-07-04T09:40:39.098+0000] {processor.py:183} INFO - Processing /home/airflow/.local/lib/python3.12/site-packages/airflow/example_dags/example_short_circuit_operator.py took 0.076 seconds
[2024-07-04T09:41:09.249+0000] {processor.py:161} INFO - Started process (PID=780) to work on /home/airflow/.local/lib/python3.12/site-packages/airflow/example_dags/example_short_circuit_operator.py
[2024-07-04T09:41:09.251+0000] {processor.py:830} INFO - Processing file /home/airflow/.local/lib/python3.12/site-packages/airflow/example_dags/example_short_circuit_operator.py for tasks to queue
[2024-07-04T09:41:09.253+0000] {logging_mixin.py:188} INFO - [2024-07-04T09:41:09.253+0000] {dagbag.py:545} INFO - Filling up the DagBag from /home/airflow/.local/lib/python3.12/site-packages/airflow/example_dags/example_short_circuit_operator.py
[2024-07-04T09:41:09.260+0000] {processor.py:840} INFO - DAG(s) 'example_short_circuit_operator' retrieved from /home/airflow/.local/lib/python3.12/site-packages/airflow/example_dags/example_short_circuit_operator.py
[2024-07-04T09:41:09.282+0000] {logging_mixin.py:188} INFO - [2024-07-04T09:41:09.282+0000] {dag.py:3096} INFO - Sync 1 DAGs
[2024-07-04T09:41:09.302+0000] {logging_mixin.py:188} INFO - [2024-07-04T09:41:09.302+0000] {dag.py:3954} INFO - Setting next_dagrun for example_short_circuit_operator to 2024-07-03 00:00:00+00:00, run_after=2024-07-04 00:00:00+00:00
[2024-07-04T09:41:09.326+0000] {processor.py:183} INFO - Processing /home/airflow/.local/lib/python3.12/site-packages/airflow/example_dags/example_short_circuit_operator.py took 0.082 seconds
[2024-07-04T09:41:39.632+0000] {processor.py:161} INFO - Started process (PID=838) to work on /home/airflow/.local/lib/python3.12/site-packages/airflow/example_dags/example_short_circuit_operator.py
[2024-07-04T09:41:39.633+0000] {processor.py:830} INFO - Processing file /home/airflow/.local/lib/python3.12/site-packages/airflow/example_dags/example_short_circuit_operator.py for tasks to queue
[2024-07-04T09:41:39.635+0000] {logging_mixin.py:188} INFO - [2024-07-04T09:41:39.635+0000] {dagbag.py:545} INFO - Filling up the DagBag from /home/airflow/.local/lib/python3.12/site-packages/airflow/example_dags/example_short_circuit_operator.py
[2024-07-04T09:41:39.644+0000] {processor.py:840} INFO - DAG(s) 'example_short_circuit_operator' retrieved from /home/airflow/.local/lib/python3.12/site-packages/airflow/example_dags/example_short_circuit_operator.py
[2024-07-04T09:41:39.670+0000] {logging_mixin.py:188} INFO - [2024-07-04T09:41:39.669+0000] {dag.py:3096} INFO - Sync 1 DAGs
[2024-07-04T09:41:39.695+0000] {logging_mixin.py:188} INFO - [2024-07-04T09:41:39.694+0000] {dag.py:3954} INFO - Setting next_dagrun for example_short_circuit_operator to 2024-07-03 00:00:00+00:00, run_after=2024-07-04 00:00:00+00:00
[2024-07-04T09:41:39.713+0000] {processor.py:183} INFO - Processing /home/airflow/.local/lib/python3.12/site-packages/airflow/example_dags/example_short_circuit_operator.py took 0.087 seconds
[2024-07-04T09:42:10.240+0000] {processor.py:161} INFO - Started process (PID=896) to work on /home/airflow/.local/lib/python3.12/site-packages/airflow/example_dags/example_short_circuit_operator.py
[2024-07-04T09:42:10.241+0000] {processor.py:830} INFO - Processing file /home/airflow/.local/lib/python3.12/site-packages/airflow/example_dags/example_short_circuit_operator.py for tasks to queue
[2024-07-04T09:42:10.244+0000] {logging_mixin.py:188} INFO - [2024-07-04T09:42:10.244+0000] {dagbag.py:545} INFO - Filling up the DagBag from /home/airflow/.local/lib/python3.12/site-packages/airflow/example_dags/example_short_circuit_operator.py
[2024-07-04T09:42:10.253+0000] {processor.py:840} INFO - DAG(s) 'example_short_circuit_operator' retrieved from /home/airflow/.local/lib/python3.12/site-packages/airflow/example_dags/example_short_circuit_operator.py
[2024-07-04T09:42:10.284+0000] {logging_mixin.py:188} INFO - [2024-07-04T09:42:10.283+0000] {dag.py:3096} INFO - Sync 1 DAGs
[2024-07-04T09:42:10.322+0000] {logging_mixin.py:188} INFO - [2024-07-04T09:42:10.321+0000] {dag.py:3954} INFO - Setting next_dagrun for example_short_circuit_operator to 2024-07-03 00:00:00+00:00, run_after=2024-07-04 00:00:00+00:00
[2024-07-04T09:42:10.345+0000] {processor.py:183} INFO - Processing /home/airflow/.local/lib/python3.12/site-packages/airflow/example_dags/example_short_circuit_operator.py took 0.113 seconds
[2024-07-04T09:42:40.511+0000] {processor.py:161} INFO - Started process (PID=956) to work on /home/airflow/.local/lib/python3.12/site-packages/airflow/example_dags/example_short_circuit_operator.py
[2024-07-04T09:42:40.523+0000] {processor.py:830} INFO - Processing file /home/airflow/.local/lib/python3.12/site-packages/airflow/example_dags/example_short_circuit_operator.py for tasks to queue
[2024-07-04T09:42:40.526+0000] {logging_mixin.py:188} INFO - [2024-07-04T09:42:40.525+0000] {dagbag.py:545} INFO - Filling up the DagBag from /home/airflow/.local/lib/python3.12/site-packages/airflow/example_dags/example_short_circuit_operator.py
[2024-07-04T09:42:40.544+0000] {processor.py:840} INFO - DAG(s) 'example_short_circuit_operator' retrieved from /home/airflow/.local/lib/python3.12/site-packages/airflow/example_dags/example_short_circuit_operator.py
[2024-07-04T09:42:40.635+0000] {logging_mixin.py:188} INFO - [2024-07-04T09:42:40.634+0000] {dag.py:3096} INFO - Sync 1 DAGs
[2024-07-04T09:42:40.711+0000] {logging_mixin.py:188} INFO - [2024-07-04T09:42:40.710+0000] {dag.py:3954} INFO - Setting next_dagrun for example_short_circuit_operator to 2024-07-03 00:00:00+00:00, run_after=2024-07-04 00:00:00+00:00
[2024-07-04T09:42:40.826+0000] {processor.py:183} INFO - Processing /home/airflow/.local/lib/python3.12/site-packages/airflow/example_dags/example_short_circuit_operator.py took 0.321 seconds
[2024-07-04T09:43:11.083+0000] {processor.py:161} INFO - Started process (PID=1015) to work on /home/airflow/.local/lib/python3.12/site-packages/airflow/example_dags/example_short_circuit_operator.py
[2024-07-04T09:43:11.088+0000] {processor.py:830} INFO - Processing file /home/airflow/.local/lib/python3.12/site-packages/airflow/example_dags/example_short_circuit_operator.py for tasks to queue
[2024-07-04T09:43:11.092+0000] {logging_mixin.py:188} INFO - [2024-07-04T09:43:11.092+0000] {dagbag.py:545} INFO - Filling up the DagBag from /home/airflow/.local/lib/python3.12/site-packages/airflow/example_dags/example_short_circuit_operator.py
[2024-07-04T09:43:11.102+0000] {processor.py:840} INFO - DAG(s) 'example_short_circuit_operator' retrieved from /home/airflow/.local/lib/python3.12/site-packages/airflow/example_dags/example_short_circuit_operator.py
[2024-07-04T09:43:11.187+0000] {logging_mixin.py:188} INFO - [2024-07-04T09:43:11.186+0000] {dag.py:3096} INFO - Sync 1 DAGs
[2024-07-04T09:43:11.235+0000] {logging_mixin.py:188} INFO - [2024-07-04T09:43:11.233+0000] {dag.py:3954} INFO - Setting next_dagrun for example_short_circuit_operator to 2024-07-03 00:00:00+00:00, run_after=2024-07-04 00:00:00+00:00
[2024-07-04T09:43:11.304+0000] {processor.py:183} INFO - Processing /home/airflow/.local/lib/python3.12/site-packages/airflow/example_dags/example_short_circuit_operator.py took 0.228 seconds
[2024-07-04T09:43:42.315+0000] {processor.py:161} INFO - Started process (PID=1075) to work on /home/airflow/.local/lib/python3.12/site-packages/airflow/example_dags/example_short_circuit_operator.py
[2024-07-04T09:43:42.317+0000] {processor.py:830} INFO - Processing file /home/airflow/.local/lib/python3.12/site-packages/airflow/example_dags/example_short_circuit_operator.py for tasks to queue
[2024-07-04T09:43:42.332+0000] {logging_mixin.py:188} INFO - [2024-07-04T09:43:42.332+0000] {dagbag.py:545} INFO - Filling up the DagBag from /home/airflow/.local/lib/python3.12/site-packages/airflow/example_dags/example_short_circuit_operator.py
[2024-07-04T09:43:42.362+0000] {processor.py:840} INFO - DAG(s) 'example_short_circuit_operator' retrieved from /home/airflow/.local/lib/python3.12/site-packages/airflow/example_dags/example_short_circuit_operator.py
[2024-07-04T09:43:42.423+0000] {logging_mixin.py:188} INFO - [2024-07-04T09:43:42.422+0000] {dag.py:3096} INFO - Sync 1 DAGs
[2024-07-04T09:43:42.491+0000] {logging_mixin.py:188} INFO - [2024-07-04T09:43:42.491+0000] {dag.py:3954} INFO - Setting next_dagrun for example_short_circuit_operator to 2024-07-03 00:00:00+00:00, run_after=2024-07-04 00:00:00+00:00
[2024-07-04T09:43:42.588+0000] {processor.py:183} INFO - Processing /home/airflow/.local/lib/python3.12/site-packages/airflow/example_dags/example_short_circuit_operator.py took 0.280 seconds
[2024-07-04T09:44:12.676+0000] {processor.py:161} INFO - Started process (PID=1133) to work on /home/airflow/.local/lib/python3.12/site-packages/airflow/example_dags/example_short_circuit_operator.py
[2024-07-04T09:44:12.677+0000] {processor.py:830} INFO - Processing file /home/airflow/.local/lib/python3.12/site-packages/airflow/example_dags/example_short_circuit_operator.py for tasks to queue
[2024-07-04T09:44:12.679+0000] {logging_mixin.py:188} INFO - [2024-07-04T09:44:12.679+0000] {dagbag.py:545} INFO - Filling up the DagBag from /home/airflow/.local/lib/python3.12/site-packages/airflow/example_dags/example_short_circuit_operator.py
[2024-07-04T09:44:12.686+0000] {processor.py:840} INFO - DAG(s) 'example_short_circuit_operator' retrieved from /home/airflow/.local/lib/python3.12/site-packages/airflow/example_dags/example_short_circuit_operator.py
[2024-07-04T09:44:12.708+0000] {logging_mixin.py:188} INFO - [2024-07-04T09:44:12.708+0000] {dag.py:3096} INFO - Sync 1 DAGs
[2024-07-04T09:44:12.729+0000] {logging_mixin.py:188} INFO - [2024-07-04T09:44:12.728+0000] {dag.py:3954} INFO - Setting next_dagrun for example_short_circuit_operator to 2024-07-03 00:00:00+00:00, run_after=2024-07-04 00:00:00+00:00
[2024-07-04T09:44:12.749+0000] {processor.py:183} INFO - Processing /home/airflow/.local/lib/python3.12/site-packages/airflow/example_dags/example_short_circuit_operator.py took 0.078 seconds
[2024-07-04T09:44:42.969+0000] {processor.py:161} INFO - Started process (PID=1192) to work on /home/airflow/.local/lib/python3.12/site-packages/airflow/example_dags/example_short_circuit_operator.py
[2024-07-04T09:44:42.971+0000] {processor.py:830} INFO - Processing file /home/airflow/.local/lib/python3.12/site-packages/airflow/example_dags/example_short_circuit_operator.py for tasks to queue
[2024-07-04T09:44:42.973+0000] {logging_mixin.py:188} INFO - [2024-07-04T09:44:42.973+0000] {dagbag.py:545} INFO - Filling up the DagBag from /home/airflow/.local/lib/python3.12/site-packages/airflow/example_dags/example_short_circuit_operator.py
[2024-07-04T09:44:42.980+0000] {processor.py:840} INFO - DAG(s) 'example_short_circuit_operator' retrieved from /home/airflow/.local/lib/python3.12/site-packages/airflow/example_dags/example_short_circuit_operator.py
[2024-07-04T09:44:43.004+0000] {logging_mixin.py:188} INFO - [2024-07-04T09:44:43.004+0000] {dag.py:3096} INFO - Sync 1 DAGs
[2024-07-04T09:44:43.023+0000] {logging_mixin.py:188} INFO - [2024-07-04T09:44:43.023+0000] {dag.py:3954} INFO - Setting next_dagrun for example_short_circuit_operator to 2024-07-03 00:00:00+00:00, run_after=2024-07-04 00:00:00+00:00
[2024-07-04T09:44:43.043+0000] {processor.py:183} INFO - Processing /home/airflow/.local/lib/python3.12/site-packages/airflow/example_dags/example_short_circuit_operator.py took 0.079 seconds
[2024-07-04T09:45:13.092+0000] {processor.py:161} INFO - Started process (PID=1251) to work on /home/airflow/.local/lib/python3.12/site-packages/airflow/example_dags/example_short_circuit_operator.py
[2024-07-04T09:45:13.094+0000] {processor.py:830} INFO - Processing file /home/airflow/.local/lib/python3.12/site-packages/airflow/example_dags/example_short_circuit_operator.py for tasks to queue
[2024-07-04T09:45:13.096+0000] {logging_mixin.py:188} INFO - [2024-07-04T09:45:13.095+0000] {dagbag.py:545} INFO - Filling up the DagBag from /home/airflow/.local/lib/python3.12/site-packages/airflow/example_dags/example_short_circuit_operator.py
[2024-07-04T09:45:13.103+0000] {processor.py:840} INFO - DAG(s) 'example_short_circuit_operator' retrieved from /home/airflow/.local/lib/python3.12/site-packages/airflow/example_dags/example_short_circuit_operator.py
[2024-07-04T09:45:13.145+0000] {logging_mixin.py:188} INFO - [2024-07-04T09:45:13.145+0000] {dag.py:3096} INFO - Sync 1 DAGs
[2024-07-04T09:45:13.186+0000] {logging_mixin.py:188} INFO - [2024-07-04T09:45:13.185+0000] {dag.py:3954} INFO - Setting next_dagrun for example_short_circuit_operator to 2024-07-03 00:00:00+00:00, run_after=2024-07-04 00:00:00+00:00
[2024-07-04T09:45:13.244+0000] {processor.py:183} INFO - Processing /home/airflow/.local/lib/python3.12/site-packages/airflow/example_dags/example_short_circuit_operator.py took 0.158 seconds
[2024-07-04T09:45:43.651+0000] {processor.py:161} INFO - Started process (PID=1310) to work on /home/airflow/.local/lib/python3.12/site-packages/airflow/example_dags/example_short_circuit_operator.py
[2024-07-04T09:45:43.652+0000] {processor.py:830} INFO - Processing file /home/airflow/.local/lib/python3.12/site-packages/airflow/example_dags/example_short_circuit_operator.py for tasks to queue
[2024-07-04T09:45:43.654+0000] {logging_mixin.py:188} INFO - [2024-07-04T09:45:43.654+0000] {dagbag.py:545} INFO - Filling up the DagBag from /home/airflow/.local/lib/python3.12/site-packages/airflow/example_dags/example_short_circuit_operator.py
[2024-07-04T09:45:43.661+0000] {processor.py:840} INFO - DAG(s) 'example_short_circuit_operator' retrieved from /home/airflow/.local/lib/python3.12/site-packages/airflow/example_dags/example_short_circuit_operator.py
[2024-07-04T09:45:43.684+0000] {logging_mixin.py:188} INFO - [2024-07-04T09:45:43.684+0000] {dag.py:3096} INFO - Sync 1 DAGs
[2024-07-04T09:45:43.704+0000] {logging_mixin.py:188} INFO - [2024-07-04T09:45:43.704+0000] {dag.py:3954} INFO - Setting next_dagrun for example_short_circuit_operator to 2024-07-03 00:00:00+00:00, run_after=2024-07-04 00:00:00+00:00
[2024-07-04T09:45:43.725+0000] {processor.py:183} INFO - Processing /home/airflow/.local/lib/python3.12/site-packages/airflow/example_dags/example_short_circuit_operator.py took 0.079 seconds
[2024-07-04T09:46:14.163+0000] {processor.py:161} INFO - Started process (PID=1369) to work on /home/airflow/.local/lib/python3.12/site-packages/airflow/example_dags/example_short_circuit_operator.py
[2024-07-04T09:46:14.172+0000] {processor.py:830} INFO - Processing file /home/airflow/.local/lib/python3.12/site-packages/airflow/example_dags/example_short_circuit_operator.py for tasks to queue
[2024-07-04T09:46:14.174+0000] {logging_mixin.py:188} INFO - [2024-07-04T09:46:14.174+0000] {dagbag.py:545} INFO - Filling up the DagBag from /home/airflow/.local/lib/python3.12/site-packages/airflow/example_dags/example_short_circuit_operator.py
[2024-07-04T09:46:14.183+0000] {processor.py:840} INFO - DAG(s) 'example_short_circuit_operator' retrieved from /home/airflow/.local/lib/python3.12/site-packages/airflow/example_dags/example_short_circuit_operator.py
[2024-07-04T09:46:14.217+0000] {logging_mixin.py:188} INFO - [2024-07-04T09:46:14.217+0000] {dag.py:3096} INFO - Sync 1 DAGs
[2024-07-04T09:46:14.237+0000] {logging_mixin.py:188} INFO - [2024-07-04T09:46:14.237+0000] {dag.py:3954} INFO - Setting next_dagrun for example_short_circuit_operator to 2024-07-03 00:00:00+00:00, run_after=2024-07-04 00:00:00+00:00
[2024-07-04T09:46:14.255+0000] {processor.py:183} INFO - Processing /home/airflow/.local/lib/python3.12/site-packages/airflow/example_dags/example_short_circuit_operator.py took 0.098 seconds
[2024-07-04T09:46:44.431+0000] {processor.py:161} INFO - Started process (PID=1429) to work on /home/airflow/.local/lib/python3.12/site-packages/airflow/example_dags/example_short_circuit_operator.py
[2024-07-04T09:46:44.432+0000] {processor.py:830} INFO - Processing file /home/airflow/.local/lib/python3.12/site-packages/airflow/example_dags/example_short_circuit_operator.py for tasks to queue
[2024-07-04T09:46:44.434+0000] {logging_mixin.py:188} INFO - [2024-07-04T09:46:44.434+0000] {dagbag.py:545} INFO - Filling up the DagBag from /home/airflow/.local/lib/python3.12/site-packages/airflow/example_dags/example_short_circuit_operator.py
[2024-07-04T09:46:44.441+0000] {processor.py:840} INFO - DAG(s) 'example_short_circuit_operator' retrieved from /home/airflow/.local/lib/python3.12/site-packages/airflow/example_dags/example_short_circuit_operator.py
[2024-07-04T09:46:44.463+0000] {logging_mixin.py:188} INFO - [2024-07-04T09:46:44.462+0000] {dag.py:3096} INFO - Sync 1 DAGs
[2024-07-04T09:46:44.486+0000] {logging_mixin.py:188} INFO - [2024-07-04T09:46:44.486+0000] {dag.py:3954} INFO - Setting next_dagrun for example_short_circuit_operator to 2024-07-03 00:00:00+00:00, run_after=2024-07-04 00:00:00+00:00
[2024-07-04T09:46:44.524+0000] {processor.py:183} INFO - Processing /home/airflow/.local/lib/python3.12/site-packages/airflow/example_dags/example_short_circuit_operator.py took 0.098 seconds
[2024-07-04T09:47:19.320+0000] {processor.py:161} INFO - Started process (PID=1490) to work on /home/airflow/.local/lib/python3.12/site-packages/airflow/example_dags/example_short_circuit_operator.py
[2024-07-04T09:47:19.321+0000] {processor.py:830} INFO - Processing file /home/airflow/.local/lib/python3.12/site-packages/airflow/example_dags/example_short_circuit_operator.py for tasks to queue
[2024-07-04T09:47:19.329+0000] {logging_mixin.py:188} INFO - [2024-07-04T09:47:19.329+0000] {dagbag.py:545} INFO - Filling up the DagBag from /home/airflow/.local/lib/python3.12/site-packages/airflow/example_dags/example_short_circuit_operator.py
[2024-07-04T09:47:19.362+0000] {processor.py:840} INFO - DAG(s) 'example_short_circuit_operator' retrieved from /home/airflow/.local/lib/python3.12/site-packages/airflow/example_dags/example_short_circuit_operator.py
[2024-07-04T09:47:19.471+0000] {logging_mixin.py:188} INFO - [2024-07-04T09:47:19.470+0000] {dag.py:3096} INFO - Sync 1 DAGs
[2024-07-04T09:47:19.540+0000] {logging_mixin.py:188} INFO - [2024-07-04T09:47:19.540+0000] {dag.py:3954} INFO - Setting next_dagrun for example_short_circuit_operator to 2024-07-03 00:00:00+00:00, run_after=2024-07-04 00:00:00+00:00
[2024-07-04T09:47:19.593+0000] {processor.py:183} INFO - Processing /home/airflow/.local/lib/python3.12/site-packages/airflow/example_dags/example_short_circuit_operator.py took 0.300 seconds
[2024-07-04T09:47:51.264+0000] {processor.py:161} INFO - Started process (PID=1549) to work on /home/airflow/.local/lib/python3.12/site-packages/airflow/example_dags/example_short_circuit_operator.py
[2024-07-04T09:47:51.279+0000] {processor.py:830} INFO - Processing file /home/airflow/.local/lib/python3.12/site-packages/airflow/example_dags/example_short_circuit_operator.py for tasks to queue
[2024-07-04T09:47:51.289+0000] {logging_mixin.py:188} INFO - [2024-07-04T09:47:51.288+0000] {dagbag.py:545} INFO - Filling up the DagBag from /home/airflow/.local/lib/python3.12/site-packages/airflow/example_dags/example_short_circuit_operator.py
[2024-07-04T09:47:51.305+0000] {processor.py:840} INFO - DAG(s) 'example_short_circuit_operator' retrieved from /home/airflow/.local/lib/python3.12/site-packages/airflow/example_dags/example_short_circuit_operator.py
[2024-07-04T09:47:51.376+0000] {logging_mixin.py:188} INFO - [2024-07-04T09:47:51.375+0000] {dag.py:3096} INFO - Sync 1 DAGs
[2024-07-04T09:47:51.440+0000] {logging_mixin.py:188} INFO - [2024-07-04T09:47:51.439+0000] {dag.py:3954} INFO - Setting next_dagrun for example_short_circuit_operator to 2024-07-03 00:00:00+00:00, run_after=2024-07-04 00:00:00+00:00
[2024-07-04T09:47:51.476+0000] {processor.py:183} INFO - Processing /home/airflow/.local/lib/python3.12/site-packages/airflow/example_dags/example_short_circuit_operator.py took 0.222 seconds
[2024-07-04T09:48:22.119+0000] {processor.py:161} INFO - Started process (PID=1609) to work on /home/airflow/.local/lib/python3.12/site-packages/airflow/example_dags/example_short_circuit_operator.py
[2024-07-04T09:48:22.121+0000] {processor.py:830} INFO - Processing file /home/airflow/.local/lib/python3.12/site-packages/airflow/example_dags/example_short_circuit_operator.py for tasks to queue
[2024-07-04T09:48:22.124+0000] {logging_mixin.py:188} INFO - [2024-07-04T09:48:22.124+0000] {dagbag.py:545} INFO - Filling up the DagBag from /home/airflow/.local/lib/python3.12/site-packages/airflow/example_dags/example_short_circuit_operator.py
[2024-07-04T09:48:22.135+0000] {processor.py:840} INFO - DAG(s) 'example_short_circuit_operator' retrieved from /home/airflow/.local/lib/python3.12/site-packages/airflow/example_dags/example_short_circuit_operator.py
[2024-07-04T09:48:22.166+0000] {logging_mixin.py:188} INFO - [2024-07-04T09:48:22.166+0000] {dag.py:3096} INFO - Sync 1 DAGs
[2024-07-04T09:48:22.194+0000] {logging_mixin.py:188} INFO - [2024-07-04T09:48:22.194+0000] {dag.py:3954} INFO - Setting next_dagrun for example_short_circuit_operator to 2024-07-03 00:00:00+00:00, run_after=2024-07-04 00:00:00+00:00
[2024-07-04T09:48:22.220+0000] {processor.py:183} INFO - Processing /home/airflow/.local/lib/python3.12/site-packages/airflow/example_dags/example_short_circuit_operator.py took 0.108 seconds
[2024-07-04T09:48:53.017+0000] {processor.py:161} INFO - Started process (PID=1666) to work on /home/airflow/.local/lib/python3.12/site-packages/airflow/example_dags/example_short_circuit_operator.py
[2024-07-04T09:48:53.023+0000] {processor.py:830} INFO - Processing file /home/airflow/.local/lib/python3.12/site-packages/airflow/example_dags/example_short_circuit_operator.py for tasks to queue
[2024-07-04T09:48:53.026+0000] {logging_mixin.py:188} INFO - [2024-07-04T09:48:53.026+0000] {dagbag.py:545} INFO - Filling up the DagBag from /home/airflow/.local/lib/python3.12/site-packages/airflow/example_dags/example_short_circuit_operator.py
[2024-07-04T09:48:53.045+0000] {processor.py:840} INFO - DAG(s) 'example_short_circuit_operator' retrieved from /home/airflow/.local/lib/python3.12/site-packages/airflow/example_dags/example_short_circuit_operator.py
[2024-07-04T09:48:53.129+0000] {logging_mixin.py:188} INFO - [2024-07-04T09:48:53.129+0000] {dag.py:3096} INFO - Sync 1 DAGs
[2024-07-04T09:48:53.205+0000] {logging_mixin.py:188} INFO - [2024-07-04T09:48:53.205+0000] {dag.py:3954} INFO - Setting next_dagrun for example_short_circuit_operator to 2024-07-03 00:00:00+00:00, run_after=2024-07-04 00:00:00+00:00
[2024-07-04T09:48:53.275+0000] {processor.py:183} INFO - Processing /home/airflow/.local/lib/python3.12/site-packages/airflow/example_dags/example_short_circuit_operator.py took 0.270 seconds
[2024-07-04T09:49:23.350+0000] {processor.py:161} INFO - Started process (PID=1724) to work on /home/airflow/.local/lib/python3.12/site-packages/airflow/example_dags/example_short_circuit_operator.py
[2024-07-04T09:49:23.351+0000] {processor.py:830} INFO - Processing file /home/airflow/.local/lib/python3.12/site-packages/airflow/example_dags/example_short_circuit_operator.py for tasks to queue
[2024-07-04T09:49:23.354+0000] {logging_mixin.py:188} INFO - [2024-07-04T09:49:23.354+0000] {dagbag.py:545} INFO - Filling up the DagBag from /home/airflow/.local/lib/python3.12/site-packages/airflow/example_dags/example_short_circuit_operator.py
[2024-07-04T09:49:23.364+0000] {processor.py:840} INFO - DAG(s) 'example_short_circuit_operator' retrieved from /home/airflow/.local/lib/python3.12/site-packages/airflow/example_dags/example_short_circuit_operator.py
[2024-07-04T09:49:23.391+0000] {logging_mixin.py:188} INFO - [2024-07-04T09:49:23.391+0000] {dag.py:3096} INFO - Sync 1 DAGs
[2024-07-04T09:49:23.412+0000] {logging_mixin.py:188} INFO - [2024-07-04T09:49:23.412+0000] {dag.py:3954} INFO - Setting next_dagrun for example_short_circuit_operator to 2024-07-03 00:00:00+00:00, run_after=2024-07-04 00:00:00+00:00
[2024-07-04T09:49:23.432+0000] {processor.py:183} INFO - Processing /home/airflow/.local/lib/python3.12/site-packages/airflow/example_dags/example_short_circuit_operator.py took 0.090 seconds
[2024-07-04T09:49:54.004+0000] {processor.py:161} INFO - Started process (PID=1784) to work on /home/airflow/.local/lib/python3.12/site-packages/airflow/example_dags/example_short_circuit_operator.py
[2024-07-04T09:49:54.006+0000] {processor.py:830} INFO - Processing file /home/airflow/.local/lib/python3.12/site-packages/airflow/example_dags/example_short_circuit_operator.py for tasks to queue
[2024-07-04T09:49:54.009+0000] {logging_mixin.py:188} INFO - [2024-07-04T09:49:54.008+0000] {dagbag.py:545} INFO - Filling up the DagBag from /home/airflow/.local/lib/python3.12/site-packages/airflow/example_dags/example_short_circuit_operator.py
[2024-07-04T09:49:54.016+0000] {processor.py:840} INFO - DAG(s) 'example_short_circuit_operator' retrieved from /home/airflow/.local/lib/python3.12/site-packages/airflow/example_dags/example_short_circuit_operator.py
[2024-07-04T09:49:54.040+0000] {logging_mixin.py:188} INFO - [2024-07-04T09:49:54.039+0000] {dag.py:3096} INFO - Sync 1 DAGs
[2024-07-04T09:49:54.063+0000] {logging_mixin.py:188} INFO - [2024-07-04T09:49:54.063+0000] {dag.py:3954} INFO - Setting next_dagrun for example_short_circuit_operator to 2024-07-03 00:00:00+00:00, run_after=2024-07-04 00:00:00+00:00
[2024-07-04T09:49:54.089+0000] {processor.py:183} INFO - Processing /home/airflow/.local/lib/python3.12/site-packages/airflow/example_dags/example_short_circuit_operator.py took 0.089 seconds
[2024-07-04T09:50:24.706+0000] {processor.py:161} INFO - Started process (PID=1843) to work on /home/airflow/.local/lib/python3.12/site-packages/airflow/example_dags/example_short_circuit_operator.py
[2024-07-04T09:50:24.707+0000] {processor.py:830} INFO - Processing file /home/airflow/.local/lib/python3.12/site-packages/airflow/example_dags/example_short_circuit_operator.py for tasks to queue
[2024-07-04T09:50:24.709+0000] {logging_mixin.py:188} INFO - [2024-07-04T09:50:24.709+0000] {dagbag.py:545} INFO - Filling up the DagBag from /home/airflow/.local/lib/python3.12/site-packages/airflow/example_dags/example_short_circuit_operator.py
[2024-07-04T09:50:24.720+0000] {processor.py:840} INFO - DAG(s) 'example_short_circuit_operator' retrieved from /home/airflow/.local/lib/python3.12/site-packages/airflow/example_dags/example_short_circuit_operator.py
[2024-07-04T09:50:24.748+0000] {logging_mixin.py:188} INFO - [2024-07-04T09:50:24.748+0000] {dag.py:3096} INFO - Sync 1 DAGs
[2024-07-04T09:50:24.926+0000] {logging_mixin.py:188} INFO - [2024-07-04T09:50:24.926+0000] {dag.py:3954} INFO - Setting next_dagrun for example_short_circuit_operator to 2024-07-03 00:00:00+00:00, run_after=2024-07-04 00:00:00+00:00
[2024-07-04T09:50:24.945+0000] {processor.py:183} INFO - Processing /home/airflow/.local/lib/python3.12/site-packages/airflow/example_dags/example_short_circuit_operator.py took 0.245 seconds
[2024-07-04T09:50:55.962+0000] {processor.py:161} INFO - Started process (PID=1902) to work on /home/airflow/.local/lib/python3.12/site-packages/airflow/example_dags/example_short_circuit_operator.py
[2024-07-04T09:50:55.964+0000] {processor.py:830} INFO - Processing file /home/airflow/.local/lib/python3.12/site-packages/airflow/example_dags/example_short_circuit_operator.py for tasks to queue
[2024-07-04T09:50:55.967+0000] {logging_mixin.py:188} INFO - [2024-07-04T09:50:55.967+0000] {dagbag.py:545} INFO - Filling up the DagBag from /home/airflow/.local/lib/python3.12/site-packages/airflow/example_dags/example_short_circuit_operator.py
[2024-07-04T09:50:55.980+0000] {processor.py:840} INFO - DAG(s) 'example_short_circuit_operator' retrieved from /home/airflow/.local/lib/python3.12/site-packages/airflow/example_dags/example_short_circuit_operator.py
[2024-07-04T09:50:56.015+0000] {logging_mixin.py:188} INFO - [2024-07-04T09:50:56.014+0000] {dag.py:3096} INFO - Sync 1 DAGs
[2024-07-04T09:50:56.050+0000] {logging_mixin.py:188} INFO - [2024-07-04T09:50:56.049+0000] {dag.py:3954} INFO - Setting next_dagrun for example_short_circuit_operator to 2024-07-03 00:00:00+00:00, run_after=2024-07-04 00:00:00+00:00
[2024-07-04T09:50:56.280+0000] {processor.py:183} INFO - Processing /home/airflow/.local/lib/python3.12/site-packages/airflow/example_dags/example_short_circuit_operator.py took 0.327 seconds
[2024-07-04T09:51:26.641+0000] {processor.py:161} INFO - Started process (PID=1961) to work on /home/airflow/.local/lib/python3.12/site-packages/airflow/example_dags/example_short_circuit_operator.py
[2024-07-04T09:51:26.646+0000] {processor.py:830} INFO - Processing file /home/airflow/.local/lib/python3.12/site-packages/airflow/example_dags/example_short_circuit_operator.py for tasks to queue
[2024-07-04T09:51:26.648+0000] {logging_mixin.py:188} INFO - [2024-07-04T09:51:26.648+0000] {dagbag.py:545} INFO - Filling up the DagBag from /home/airflow/.local/lib/python3.12/site-packages/airflow/example_dags/example_short_circuit_operator.py
[2024-07-04T09:51:26.656+0000] {processor.py:840} INFO - DAG(s) 'example_short_circuit_operator' retrieved from /home/airflow/.local/lib/python3.12/site-packages/airflow/example_dags/example_short_circuit_operator.py
[2024-07-04T09:51:26.679+0000] {logging_mixin.py:188} INFO - [2024-07-04T09:51:26.678+0000] {dag.py:3096} INFO - Sync 1 DAGs
[2024-07-04T09:51:26.706+0000] {logging_mixin.py:188} INFO - [2024-07-04T09:51:26.706+0000] {dag.py:3954} INFO - Setting next_dagrun for example_short_circuit_operator to 2024-07-03 00:00:00+00:00, run_after=2024-07-04 00:00:00+00:00
[2024-07-04T09:51:26.882+0000] {processor.py:183} INFO - Processing /home/airflow/.local/lib/python3.12/site-packages/airflow/example_dags/example_short_circuit_operator.py took 0.247 seconds
[2024-07-04T09:51:57.176+0000] {processor.py:161} INFO - Started process (PID=2020) to work on /home/airflow/.local/lib/python3.12/site-packages/airflow/example_dags/example_short_circuit_operator.py
[2024-07-04T09:51:57.177+0000] {processor.py:830} INFO - Processing file /home/airflow/.local/lib/python3.12/site-packages/airflow/example_dags/example_short_circuit_operator.py for tasks to queue
[2024-07-04T09:51:57.179+0000] {logging_mixin.py:188} INFO - [2024-07-04T09:51:57.179+0000] {dagbag.py:545} INFO - Filling up the DagBag from /home/airflow/.local/lib/python3.12/site-packages/airflow/example_dags/example_short_circuit_operator.py
[2024-07-04T09:51:57.187+0000] {processor.py:840} INFO - DAG(s) 'example_short_circuit_operator' retrieved from /home/airflow/.local/lib/python3.12/site-packages/airflow/example_dags/example_short_circuit_operator.py
[2024-07-04T09:51:57.209+0000] {logging_mixin.py:188} INFO - [2024-07-04T09:51:57.209+0000] {dag.py:3096} INFO - Sync 1 DAGs
[2024-07-04T09:51:57.232+0000] {logging_mixin.py:188} INFO - [2024-07-04T09:51:57.232+0000] {dag.py:3954} INFO - Setting next_dagrun for example_short_circuit_operator to 2024-07-03 00:00:00+00:00, run_after=2024-07-04 00:00:00+00:00
[2024-07-04T09:51:57.250+0000] {processor.py:183} INFO - Processing /home/airflow/.local/lib/python3.12/site-packages/airflow/example_dags/example_short_circuit_operator.py took 0.080 seconds
[2024-07-04T09:52:27.770+0000] {processor.py:161} INFO - Started process (PID=2080) to work on /home/airflow/.local/lib/python3.12/site-packages/airflow/example_dags/example_short_circuit_operator.py
[2024-07-04T09:52:27.771+0000] {processor.py:830} INFO - Processing file /home/airflow/.local/lib/python3.12/site-packages/airflow/example_dags/example_short_circuit_operator.py for tasks to queue
[2024-07-04T09:52:27.773+0000] {logging_mixin.py:188} INFO - [2024-07-04T09:52:27.773+0000] {dagbag.py:545} INFO - Filling up the DagBag from /home/airflow/.local/lib/python3.12/site-packages/airflow/example_dags/example_short_circuit_operator.py
[2024-07-04T09:52:27.780+0000] {processor.py:840} INFO - DAG(s) 'example_short_circuit_operator' retrieved from /home/airflow/.local/lib/python3.12/site-packages/airflow/example_dags/example_short_circuit_operator.py
[2024-07-04T09:52:27.803+0000] {logging_mixin.py:188} INFO - [2024-07-04T09:52:27.803+0000] {dag.py:3096} INFO - Sync 1 DAGs
[2024-07-04T09:52:27.825+0000] {logging_mixin.py:188} INFO - [2024-07-04T09:52:27.825+0000] {dag.py:3954} INFO - Setting next_dagrun for example_short_circuit_operator to 2024-07-03 00:00:00+00:00, run_after=2024-07-04 00:00:00+00:00
[2024-07-04T09:52:27.855+0000] {processor.py:183} INFO - Processing /home/airflow/.local/lib/python3.12/site-packages/airflow/example_dags/example_short_circuit_operator.py took 0.091 seconds
[2024-07-04T09:52:58.647+0000] {processor.py:161} INFO - Started process (PID=2139) to work on /home/airflow/.local/lib/python3.12/site-packages/airflow/example_dags/example_short_circuit_operator.py
[2024-07-04T09:52:58.649+0000] {processor.py:830} INFO - Processing file /home/airflow/.local/lib/python3.12/site-packages/airflow/example_dags/example_short_circuit_operator.py for tasks to queue
[2024-07-04T09:52:58.651+0000] {logging_mixin.py:188} INFO - [2024-07-04T09:52:58.651+0000] {dagbag.py:545} INFO - Filling up the DagBag from /home/airflow/.local/lib/python3.12/site-packages/airflow/example_dags/example_short_circuit_operator.py
[2024-07-04T09:52:58.658+0000] {processor.py:840} INFO - DAG(s) 'example_short_circuit_operator' retrieved from /home/airflow/.local/lib/python3.12/site-packages/airflow/example_dags/example_short_circuit_operator.py
[2024-07-04T09:52:58.680+0000] {logging_mixin.py:188} INFO - [2024-07-04T09:52:58.679+0000] {dag.py:3096} INFO - Sync 1 DAGs
[2024-07-04T09:52:58.701+0000] {logging_mixin.py:188} INFO - [2024-07-04T09:52:58.701+0000] {dag.py:3954} INFO - Setting next_dagrun for example_short_circuit_operator to 2024-07-03 00:00:00+00:00, run_after=2024-07-04 00:00:00+00:00
[2024-07-04T09:52:58.725+0000] {processor.py:183} INFO - Processing /home/airflow/.local/lib/python3.12/site-packages/airflow/example_dags/example_short_circuit_operator.py took 0.084 seconds
[2024-07-04T09:53:29.359+0000] {processor.py:161} INFO - Started process (PID=2197) to work on /home/airflow/.local/lib/python3.12/site-packages/airflow/example_dags/example_short_circuit_operator.py
[2024-07-04T09:53:29.361+0000] {processor.py:830} INFO - Processing file /home/airflow/.local/lib/python3.12/site-packages/airflow/example_dags/example_short_circuit_operator.py for tasks to queue
[2024-07-04T09:53:29.363+0000] {logging_mixin.py:188} INFO - [2024-07-04T09:53:29.363+0000] {dagbag.py:545} INFO - Filling up the DagBag from /home/airflow/.local/lib/python3.12/site-packages/airflow/example_dags/example_short_circuit_operator.py
[2024-07-04T09:53:29.387+0000] {processor.py:840} INFO - DAG(s) 'example_short_circuit_operator' retrieved from /home/airflow/.local/lib/python3.12/site-packages/airflow/example_dags/example_short_circuit_operator.py
[2024-07-04T09:53:29.447+0000] {logging_mixin.py:188} INFO - [2024-07-04T09:53:29.447+0000] {dag.py:3096} INFO - Sync 1 DAGs
[2024-07-04T09:53:29.498+0000] {logging_mixin.py:188} INFO - [2024-07-04T09:53:29.498+0000] {dag.py:3954} INFO - Setting next_dagrun for example_short_circuit_operator to 2024-07-03 00:00:00+00:00, run_after=2024-07-04 00:00:00+00:00
[2024-07-04T09:53:29.549+0000] {processor.py:183} INFO - Processing /home/airflow/.local/lib/python3.12/site-packages/airflow/example_dags/example_short_circuit_operator.py took 0.198 seconds
[2024-07-04T09:54:04.726+0000] {processor.py:161} INFO - Started process (PID=2256) to work on /home/airflow/.local/lib/python3.12/site-packages/airflow/example_dags/example_short_circuit_operator.py
[2024-07-04T09:54:05.194+0000] {processor.py:830} INFO - Processing file /home/airflow/.local/lib/python3.12/site-packages/airflow/example_dags/example_short_circuit_operator.py for tasks to queue
[2024-07-04T09:54:05.625+0000] {logging_mixin.py:188} INFO - [2024-07-04T09:54:05.609+0000] {dagbag.py:545} INFO - Filling up the DagBag from /home/airflow/.local/lib/python3.12/site-packages/airflow/example_dags/example_short_circuit_operator.py
[2024-07-04T09:54:06.821+0000] {processor.py:840} INFO - DAG(s) 'example_short_circuit_operator' retrieved from /home/airflow/.local/lib/python3.12/site-packages/airflow/example_dags/example_short_circuit_operator.py
[2024-07-04T09:54:11.730+0000] {logging_mixin.py:188} INFO - [2024-07-04T09:54:11.727+0000] {dag.py:3096} INFO - Sync 1 DAGs
[2024-07-04T09:54:12.412+0000] {logging_mixin.py:188} INFO - [2024-07-04T09:54:12.411+0000] {dag.py:3954} INFO - Setting next_dagrun for example_short_circuit_operator to 2024-07-03 00:00:00+00:00, run_after=2024-07-04 00:00:00+00:00
[2024-07-04T09:54:12.488+0000] {processor.py:183} INFO - Processing /home/airflow/.local/lib/python3.12/site-packages/airflow/example_dags/example_short_circuit_operator.py took 8.913 seconds
[2024-07-04T09:54:42.981+0000] {processor.py:161} INFO - Started process (PID=2315) to work on /home/airflow/.local/lib/python3.12/site-packages/airflow/example_dags/example_short_circuit_operator.py
[2024-07-04T09:54:42.985+0000] {processor.py:830} INFO - Processing file /home/airflow/.local/lib/python3.12/site-packages/airflow/example_dags/example_short_circuit_operator.py for tasks to queue
[2024-07-04T09:54:42.987+0000] {logging_mixin.py:188} INFO - [2024-07-04T09:54:42.987+0000] {dagbag.py:545} INFO - Filling up the DagBag from /home/airflow/.local/lib/python3.12/site-packages/airflow/example_dags/example_short_circuit_operator.py
[2024-07-04T09:54:43.007+0000] {processor.py:840} INFO - DAG(s) 'example_short_circuit_operator' retrieved from /home/airflow/.local/lib/python3.12/site-packages/airflow/example_dags/example_short_circuit_operator.py
[2024-07-04T09:54:43.031+0000] {logging_mixin.py:188} INFO - [2024-07-04T09:54:43.030+0000] {dag.py:3096} INFO - Sync 1 DAGs
[2024-07-04T09:54:43.059+0000] {logging_mixin.py:188} INFO - [2024-07-04T09:54:43.059+0000] {dag.py:3954} INFO - Setting next_dagrun for example_short_circuit_operator to 2024-07-03 00:00:00+00:00, run_after=2024-07-04 00:00:00+00:00
[2024-07-04T09:54:43.083+0000] {processor.py:183} INFO - Processing /home/airflow/.local/lib/python3.12/site-packages/airflow/example_dags/example_short_circuit_operator.py took 0.107 seconds
[2024-07-04T09:55:13.598+0000] {processor.py:161} INFO - Started process (PID=2379) to work on /home/airflow/.local/lib/python3.12/site-packages/airflow/example_dags/example_short_circuit_operator.py
[2024-07-04T09:55:13.600+0000] {processor.py:830} INFO - Processing file /home/airflow/.local/lib/python3.12/site-packages/airflow/example_dags/example_short_circuit_operator.py for tasks to queue
[2024-07-04T09:55:13.604+0000] {logging_mixin.py:188} INFO - [2024-07-04T09:55:13.603+0000] {dagbag.py:545} INFO - Filling up the DagBag from /home/airflow/.local/lib/python3.12/site-packages/airflow/example_dags/example_short_circuit_operator.py
[2024-07-04T09:55:13.616+0000] {processor.py:840} INFO - DAG(s) 'example_short_circuit_operator' retrieved from /home/airflow/.local/lib/python3.12/site-packages/airflow/example_dags/example_short_circuit_operator.py
[2024-07-04T09:55:13.654+0000] {logging_mixin.py:188} INFO - [2024-07-04T09:55:13.653+0000] {dag.py:3096} INFO - Sync 1 DAGs
[2024-07-04T09:55:13.691+0000] {logging_mixin.py:188} INFO - [2024-07-04T09:55:13.691+0000] {dag.py:3954} INFO - Setting next_dagrun for example_short_circuit_operator to 2024-07-03 00:00:00+00:00, run_after=2024-07-04 00:00:00+00:00
[2024-07-04T09:55:13.729+0000] {processor.py:183} INFO - Processing /home/airflow/.local/lib/python3.12/site-packages/airflow/example_dags/example_short_circuit_operator.py took 0.141 seconds
[2024-07-04T09:55:43.801+0000] {processor.py:161} INFO - Started process (PID=2438) to work on /home/airflow/.local/lib/python3.12/site-packages/airflow/example_dags/example_short_circuit_operator.py
[2024-07-04T09:55:43.802+0000] {processor.py:830} INFO - Processing file /home/airflow/.local/lib/python3.12/site-packages/airflow/example_dags/example_short_circuit_operator.py for tasks to queue
[2024-07-04T09:55:43.804+0000] {logging_mixin.py:188} INFO - [2024-07-04T09:55:43.804+0000] {dagbag.py:545} INFO - Filling up the DagBag from /home/airflow/.local/lib/python3.12/site-packages/airflow/example_dags/example_short_circuit_operator.py
[2024-07-04T09:55:43.811+0000] {processor.py:840} INFO - DAG(s) 'example_short_circuit_operator' retrieved from /home/airflow/.local/lib/python3.12/site-packages/airflow/example_dags/example_short_circuit_operator.py
[2024-07-04T09:55:43.839+0000] {logging_mixin.py:188} INFO - [2024-07-04T09:55:43.839+0000] {dag.py:3096} INFO - Sync 1 DAGs
[2024-07-04T09:55:43.862+0000] {logging_mixin.py:188} INFO - [2024-07-04T09:55:43.862+0000] {dag.py:3954} INFO - Setting next_dagrun for example_short_circuit_operator to 2024-07-03 00:00:00+00:00, run_after=2024-07-04 00:00:00+00:00
[2024-07-04T09:55:43.886+0000] {processor.py:183} INFO - Processing /home/airflow/.local/lib/python3.12/site-packages/airflow/example_dags/example_short_circuit_operator.py took 0.091 seconds
[2024-07-04T09:56:14.749+0000] {processor.py:161} INFO - Started process (PID=2497) to work on /home/airflow/.local/lib/python3.12/site-packages/airflow/example_dags/example_short_circuit_operator.py
[2024-07-04T09:56:14.750+0000] {processor.py:830} INFO - Processing file /home/airflow/.local/lib/python3.12/site-packages/airflow/example_dags/example_short_circuit_operator.py for tasks to queue
[2024-07-04T09:56:14.753+0000] {logging_mixin.py:188} INFO - [2024-07-04T09:56:14.752+0000] {dagbag.py:545} INFO - Filling up the DagBag from /home/airflow/.local/lib/python3.12/site-packages/airflow/example_dags/example_short_circuit_operator.py
[2024-07-04T09:56:14.787+0000] {processor.py:840} INFO - DAG(s) 'example_short_circuit_operator' retrieved from /home/airflow/.local/lib/python3.12/site-packages/airflow/example_dags/example_short_circuit_operator.py
[2024-07-04T09:56:14.837+0000] {logging_mixin.py:188} INFO - [2024-07-04T09:56:14.836+0000] {dag.py:3096} INFO - Sync 1 DAGs
[2024-07-04T09:56:14.872+0000] {logging_mixin.py:188} INFO - [2024-07-04T09:56:14.871+0000] {dag.py:3954} INFO - Setting next_dagrun for example_short_circuit_operator to 2024-07-03 00:00:00+00:00, run_after=2024-07-04 00:00:00+00:00
[2024-07-04T09:56:14.906+0000] {processor.py:183} INFO - Processing /home/airflow/.local/lib/python3.12/site-packages/airflow/example_dags/example_short_circuit_operator.py took 0.164 seconds
[2024-07-04T09:56:45.056+0000] {processor.py:161} INFO - Started process (PID=2556) to work on /home/airflow/.local/lib/python3.12/site-packages/airflow/example_dags/example_short_circuit_operator.py
[2024-07-04T09:56:45.057+0000] {processor.py:830} INFO - Processing file /home/airflow/.local/lib/python3.12/site-packages/airflow/example_dags/example_short_circuit_operator.py for tasks to queue
[2024-07-04T09:56:45.067+0000] {logging_mixin.py:188} INFO - [2024-07-04T09:56:45.066+0000] {dagbag.py:545} INFO - Filling up the DagBag from /home/airflow/.local/lib/python3.12/site-packages/airflow/example_dags/example_short_circuit_operator.py
[2024-07-04T09:56:45.078+0000] {processor.py:840} INFO - DAG(s) 'example_short_circuit_operator' retrieved from /home/airflow/.local/lib/python3.12/site-packages/airflow/example_dags/example_short_circuit_operator.py
[2024-07-04T09:56:45.133+0000] {logging_mixin.py:188} INFO - [2024-07-04T09:56:45.133+0000] {dag.py:3096} INFO - Sync 1 DAGs
[2024-07-04T09:56:45.213+0000] {logging_mixin.py:188} INFO - [2024-07-04T09:56:45.213+0000] {dag.py:3954} INFO - Setting next_dagrun for example_short_circuit_operator to 2024-07-03 00:00:00+00:00, run_after=2024-07-04 00:00:00+00:00
[2024-07-04T09:56:45.270+0000] {processor.py:183} INFO - Processing /home/airflow/.local/lib/python3.12/site-packages/airflow/example_dags/example_short_circuit_operator.py took 0.222 seconds
[2024-07-04T09:57:15.926+0000] {processor.py:161} INFO - Started process (PID=2615) to work on /home/airflow/.local/lib/python3.12/site-packages/airflow/example_dags/example_short_circuit_operator.py
[2024-07-04T09:57:15.927+0000] {processor.py:830} INFO - Processing file /home/airflow/.local/lib/python3.12/site-packages/airflow/example_dags/example_short_circuit_operator.py for tasks to queue
[2024-07-04T09:57:15.939+0000] {logging_mixin.py:188} INFO - [2024-07-04T09:57:15.939+0000] {dagbag.py:545} INFO - Filling up the DagBag from /home/airflow/.local/lib/python3.12/site-packages/airflow/example_dags/example_short_circuit_operator.py
[2024-07-04T09:57:15.959+0000] {processor.py:840} INFO - DAG(s) 'example_short_circuit_operator' retrieved from /home/airflow/.local/lib/python3.12/site-packages/airflow/example_dags/example_short_circuit_operator.py
[2024-07-04T09:57:16.058+0000] {logging_mixin.py:188} INFO - [2024-07-04T09:57:16.058+0000] {dag.py:3096} INFO - Sync 1 DAGs
[2024-07-04T09:57:16.098+0000] {logging_mixin.py:188} INFO - [2024-07-04T09:57:16.098+0000] {dag.py:3954} INFO - Setting next_dagrun for example_short_circuit_operator to 2024-07-03 00:00:00+00:00, run_after=2024-07-04 00:00:00+00:00
[2024-07-04T09:57:16.130+0000] {processor.py:183} INFO - Processing /home/airflow/.local/lib/python3.12/site-packages/airflow/example_dags/example_short_circuit_operator.py took 0.210 seconds
[2024-07-04T09:57:46.619+0000] {processor.py:161} INFO - Started process (PID=2675) to work on /home/airflow/.local/lib/python3.12/site-packages/airflow/example_dags/example_short_circuit_operator.py
[2024-07-04T09:57:46.620+0000] {processor.py:830} INFO - Processing file /home/airflow/.local/lib/python3.12/site-packages/airflow/example_dags/example_short_circuit_operator.py for tasks to queue
[2024-07-04T09:57:46.622+0000] {logging_mixin.py:188} INFO - [2024-07-04T09:57:46.622+0000] {dagbag.py:545} INFO - Filling up the DagBag from /home/airflow/.local/lib/python3.12/site-packages/airflow/example_dags/example_short_circuit_operator.py
[2024-07-04T09:57:46.629+0000] {processor.py:840} INFO - DAG(s) 'example_short_circuit_operator' retrieved from /home/airflow/.local/lib/python3.12/site-packages/airflow/example_dags/example_short_circuit_operator.py
[2024-07-04T09:57:46.650+0000] {logging_mixin.py:188} INFO - [2024-07-04T09:57:46.650+0000] {dag.py:3096} INFO - Sync 1 DAGs
[2024-07-04T09:57:46.670+0000] {logging_mixin.py:188} INFO - [2024-07-04T09:57:46.670+0000] {dag.py:3954} INFO - Setting next_dagrun for example_short_circuit_operator to 2024-07-03 00:00:00+00:00, run_after=2024-07-04 00:00:00+00:00
[2024-07-04T09:57:46.692+0000] {processor.py:183} INFO - Processing /home/airflow/.local/lib/python3.12/site-packages/airflow/example_dags/example_short_circuit_operator.py took 0.079 seconds
[2024-07-04T09:58:17.141+0000] {processor.py:161} INFO - Started process (PID=2734) to work on /home/airflow/.local/lib/python3.12/site-packages/airflow/example_dags/example_short_circuit_operator.py
[2024-07-04T09:58:17.142+0000] {processor.py:830} INFO - Processing file /home/airflow/.local/lib/python3.12/site-packages/airflow/example_dags/example_short_circuit_operator.py for tasks to queue
[2024-07-04T09:58:17.144+0000] {logging_mixin.py:188} INFO - [2024-07-04T09:58:17.144+0000] {dagbag.py:545} INFO - Filling up the DagBag from /home/airflow/.local/lib/python3.12/site-packages/airflow/example_dags/example_short_circuit_operator.py
[2024-07-04T09:58:17.152+0000] {processor.py:840} INFO - DAG(s) 'example_short_circuit_operator' retrieved from /home/airflow/.local/lib/python3.12/site-packages/airflow/example_dags/example_short_circuit_operator.py
[2024-07-04T09:58:17.194+0000] {logging_mixin.py:188} INFO - [2024-07-04T09:58:17.193+0000] {dag.py:3096} INFO - Sync 1 DAGs
[2024-07-04T09:58:17.220+0000] {logging_mixin.py:188} INFO - [2024-07-04T09:58:17.220+0000] {dag.py:3954} INFO - Setting next_dagrun for example_short_circuit_operator to 2024-07-03 00:00:00+00:00, run_after=2024-07-04 00:00:00+00:00
[2024-07-04T09:58:17.243+0000] {processor.py:183} INFO - Processing /home/airflow/.local/lib/python3.12/site-packages/airflow/example_dags/example_short_circuit_operator.py took 0.108 seconds
[2024-07-04T09:58:47.362+0000] {processor.py:161} INFO - Started process (PID=2794) to work on /home/airflow/.local/lib/python3.12/site-packages/airflow/example_dags/example_short_circuit_operator.py
[2024-07-04T09:58:47.364+0000] {processor.py:830} INFO - Processing file /home/airflow/.local/lib/python3.12/site-packages/airflow/example_dags/example_short_circuit_operator.py for tasks to queue
[2024-07-04T09:58:47.367+0000] {logging_mixin.py:188} INFO - [2024-07-04T09:58:47.366+0000] {dagbag.py:545} INFO - Filling up the DagBag from /home/airflow/.local/lib/python3.12/site-packages/airflow/example_dags/example_short_circuit_operator.py
[2024-07-04T09:58:47.378+0000] {processor.py:840} INFO - DAG(s) 'example_short_circuit_operator' retrieved from /home/airflow/.local/lib/python3.12/site-packages/airflow/example_dags/example_short_circuit_operator.py
[2024-07-04T09:58:47.401+0000] {logging_mixin.py:188} INFO - [2024-07-04T09:58:47.400+0000] {dag.py:3096} INFO - Sync 1 DAGs
[2024-07-04T09:58:47.428+0000] {logging_mixin.py:188} INFO - [2024-07-04T09:58:47.428+0000] {dag.py:3954} INFO - Setting next_dagrun for example_short_circuit_operator to 2024-07-03 00:00:00+00:00, run_after=2024-07-04 00:00:00+00:00
[2024-07-04T09:58:47.456+0000] {processor.py:183} INFO - Processing /home/airflow/.local/lib/python3.12/site-packages/airflow/example_dags/example_short_circuit_operator.py took 0.102 seconds
[2024-07-04T09:59:17.621+0000] {processor.py:161} INFO - Started process (PID=2853) to work on /home/airflow/.local/lib/python3.12/site-packages/airflow/example_dags/example_short_circuit_operator.py
[2024-07-04T09:59:17.622+0000] {processor.py:830} INFO - Processing file /home/airflow/.local/lib/python3.12/site-packages/airflow/example_dags/example_short_circuit_operator.py for tasks to queue
[2024-07-04T09:59:17.624+0000] {logging_mixin.py:188} INFO - [2024-07-04T09:59:17.624+0000] {dagbag.py:545} INFO - Filling up the DagBag from /home/airflow/.local/lib/python3.12/site-packages/airflow/example_dags/example_short_circuit_operator.py
[2024-07-04T09:59:17.631+0000] {processor.py:840} INFO - DAG(s) 'example_short_circuit_operator' retrieved from /home/airflow/.local/lib/python3.12/site-packages/airflow/example_dags/example_short_circuit_operator.py
[2024-07-04T09:59:17.654+0000] {logging_mixin.py:188} INFO - [2024-07-04T09:59:17.654+0000] {dag.py:3096} INFO - Sync 1 DAGs
[2024-07-04T09:59:17.676+0000] {logging_mixin.py:188} INFO - [2024-07-04T09:59:17.676+0000] {dag.py:3954} INFO - Setting next_dagrun for example_short_circuit_operator to 2024-07-03 00:00:00+00:00, run_after=2024-07-04 00:00:00+00:00
[2024-07-04T09:59:17.701+0000] {processor.py:183} INFO - Processing /home/airflow/.local/lib/python3.12/site-packages/airflow/example_dags/example_short_circuit_operator.py took 0.088 seconds
[2024-07-04T09:59:48.246+0000] {processor.py:161} INFO - Started process (PID=2912) to work on /home/airflow/.local/lib/python3.12/site-packages/airflow/example_dags/example_short_circuit_operator.py
[2024-07-04T09:59:48.249+0000] {processor.py:830} INFO - Processing file /home/airflow/.local/lib/python3.12/site-packages/airflow/example_dags/example_short_circuit_operator.py for tasks to queue
[2024-07-04T09:59:48.255+0000] {logging_mixin.py:188} INFO - [2024-07-04T09:59:48.255+0000] {dagbag.py:545} INFO - Filling up the DagBag from /home/airflow/.local/lib/python3.12/site-packages/airflow/example_dags/example_short_circuit_operator.py
[2024-07-04T09:59:48.269+0000] {processor.py:840} INFO - DAG(s) 'example_short_circuit_operator' retrieved from /home/airflow/.local/lib/python3.12/site-packages/airflow/example_dags/example_short_circuit_operator.py
[2024-07-04T09:59:48.306+0000] {logging_mixin.py:188} INFO - [2024-07-04T09:59:48.306+0000] {dag.py:3096} INFO - Sync 1 DAGs
[2024-07-04T09:59:48.349+0000] {logging_mixin.py:188} INFO - [2024-07-04T09:59:48.348+0000] {dag.py:3954} INFO - Setting next_dagrun for example_short_circuit_operator to 2024-07-03 00:00:00+00:00, run_after=2024-07-04 00:00:00+00:00
[2024-07-04T09:59:48.382+0000] {processor.py:183} INFO - Processing /home/airflow/.local/lib/python3.12/site-packages/airflow/example_dags/example_short_circuit_operator.py took 0.140 seconds
[2024-07-04T10:00:18.593+0000] {processor.py:161} INFO - Started process (PID=2971) to work on /home/airflow/.local/lib/python3.12/site-packages/airflow/example_dags/example_short_circuit_operator.py
[2024-07-04T10:00:18.595+0000] {processor.py:830} INFO - Processing file /home/airflow/.local/lib/python3.12/site-packages/airflow/example_dags/example_short_circuit_operator.py for tasks to queue
[2024-07-04T10:00:18.597+0000] {logging_mixin.py:188} INFO - [2024-07-04T10:00:18.596+0000] {dagbag.py:545} INFO - Filling up the DagBag from /home/airflow/.local/lib/python3.12/site-packages/airflow/example_dags/example_short_circuit_operator.py
[2024-07-04T10:00:18.606+0000] {processor.py:840} INFO - DAG(s) 'example_short_circuit_operator' retrieved from /home/airflow/.local/lib/python3.12/site-packages/airflow/example_dags/example_short_circuit_operator.py
[2024-07-04T10:00:18.637+0000] {logging_mixin.py:188} INFO - [2024-07-04T10:00:18.637+0000] {dag.py:3096} INFO - Sync 1 DAGs
[2024-07-04T10:00:18.664+0000] {logging_mixin.py:188} INFO - [2024-07-04T10:00:18.663+0000] {dag.py:3954} INFO - Setting next_dagrun for example_short_circuit_operator to 2024-07-03 00:00:00+00:00, run_after=2024-07-04 00:00:00+00:00
[2024-07-04T10:00:18.697+0000] {processor.py:183} INFO - Processing /home/airflow/.local/lib/python3.12/site-packages/airflow/example_dags/example_short_circuit_operator.py took 0.112 seconds
[2024-07-04T10:00:49.783+0000] {processor.py:161} INFO - Started process (PID=3032) to work on /home/airflow/.local/lib/python3.12/site-packages/airflow/example_dags/example_short_circuit_operator.py
[2024-07-04T10:00:49.787+0000] {processor.py:830} INFO - Processing file /home/airflow/.local/lib/python3.12/site-packages/airflow/example_dags/example_short_circuit_operator.py for tasks to queue
[2024-07-04T10:00:49.846+0000] {logging_mixin.py:188} INFO - [2024-07-04T10:00:49.844+0000] {dagbag.py:545} INFO - Filling up the DagBag from /home/airflow/.local/lib/python3.12/site-packages/airflow/example_dags/example_short_circuit_operator.py
[2024-07-04T10:00:49.970+0000] {processor.py:840} INFO - DAG(s) 'example_short_circuit_operator' retrieved from /home/airflow/.local/lib/python3.12/site-packages/airflow/example_dags/example_short_circuit_operator.py
[2024-07-04T10:00:50.161+0000] {logging_mixin.py:188} INFO - [2024-07-04T10:00:50.160+0000] {dag.py:3096} INFO - Sync 1 DAGs
[2024-07-04T10:00:50.255+0000] {logging_mixin.py:188} INFO - [2024-07-04T10:00:50.254+0000] {dag.py:3954} INFO - Setting next_dagrun for example_short_circuit_operator to 2024-07-03 00:00:00+00:00, run_after=2024-07-04 00:00:00+00:00
[2024-07-04T10:00:50.373+0000] {processor.py:183} INFO - Processing /home/airflow/.local/lib/python3.12/site-packages/airflow/example_dags/example_short_circuit_operator.py took 0.717 seconds
[2024-07-04T10:01:20.600+0000] {processor.py:161} INFO - Started process (PID=3091) to work on /home/airflow/.local/lib/python3.12/site-packages/airflow/example_dags/example_short_circuit_operator.py
[2024-07-04T10:01:20.609+0000] {processor.py:830} INFO - Processing file /home/airflow/.local/lib/python3.12/site-packages/airflow/example_dags/example_short_circuit_operator.py for tasks to queue
[2024-07-04T10:01:20.611+0000] {logging_mixin.py:188} INFO - [2024-07-04T10:01:20.610+0000] {dagbag.py:545} INFO - Filling up the DagBag from /home/airflow/.local/lib/python3.12/site-packages/airflow/example_dags/example_short_circuit_operator.py
[2024-07-04T10:01:20.636+0000] {processor.py:840} INFO - DAG(s) 'example_short_circuit_operator' retrieved from /home/airflow/.local/lib/python3.12/site-packages/airflow/example_dags/example_short_circuit_operator.py
[2024-07-04T10:01:20.710+0000] {logging_mixin.py:188} INFO - [2024-07-04T10:01:20.710+0000] {dag.py:3096} INFO - Sync 1 DAGs
[2024-07-04T10:01:20.787+0000] {logging_mixin.py:188} INFO - [2024-07-04T10:01:20.787+0000] {dag.py:3954} INFO - Setting next_dagrun for example_short_circuit_operator to 2024-07-03 00:00:00+00:00, run_after=2024-07-04 00:00:00+00:00
[2024-07-04T10:01:20.834+0000] {processor.py:183} INFO - Processing /home/airflow/.local/lib/python3.12/site-packages/airflow/example_dags/example_short_circuit_operator.py took 0.241 seconds
[2024-07-04T10:01:50.965+0000] {processor.py:161} INFO - Started process (PID=3151) to work on /home/airflow/.local/lib/python3.12/site-packages/airflow/example_dags/example_short_circuit_operator.py
[2024-07-04T10:01:50.967+0000] {processor.py:830} INFO - Processing file /home/airflow/.local/lib/python3.12/site-packages/airflow/example_dags/example_short_circuit_operator.py for tasks to queue
[2024-07-04T10:01:50.971+0000] {logging_mixin.py:188} INFO - [2024-07-04T10:01:50.970+0000] {dagbag.py:545} INFO - Filling up the DagBag from /home/airflow/.local/lib/python3.12/site-packages/airflow/example_dags/example_short_circuit_operator.py
[2024-07-04T10:01:50.982+0000] {processor.py:840} INFO - DAG(s) 'example_short_circuit_operator' retrieved from /home/airflow/.local/lib/python3.12/site-packages/airflow/example_dags/example_short_circuit_operator.py
[2024-07-04T10:01:51.028+0000] {logging_mixin.py:188} INFO - [2024-07-04T10:01:51.027+0000] {dag.py:3096} INFO - Sync 1 DAGs
[2024-07-04T10:01:51.078+0000] {logging_mixin.py:188} INFO - [2024-07-04T10:01:51.078+0000] {dag.py:3954} INFO - Setting next_dagrun for example_short_circuit_operator to 2024-07-03 00:00:00+00:00, run_after=2024-07-04 00:00:00+00:00
[2024-07-04T10:01:51.105+0000] {processor.py:183} INFO - Processing /home/airflow/.local/lib/python3.12/site-packages/airflow/example_dags/example_short_circuit_operator.py took 0.148 seconds
[2024-07-04T10:02:21.588+0000] {processor.py:161} INFO - Started process (PID=3211) to work on /home/airflow/.local/lib/python3.12/site-packages/airflow/example_dags/example_short_circuit_operator.py
[2024-07-04T10:02:21.589+0000] {processor.py:830} INFO - Processing file /home/airflow/.local/lib/python3.12/site-packages/airflow/example_dags/example_short_circuit_operator.py for tasks to queue
[2024-07-04T10:02:21.591+0000] {logging_mixin.py:188} INFO - [2024-07-04T10:02:21.591+0000] {dagbag.py:545} INFO - Filling up the DagBag from /home/airflow/.local/lib/python3.12/site-packages/airflow/example_dags/example_short_circuit_operator.py
[2024-07-04T10:02:21.598+0000] {processor.py:840} INFO - DAG(s) 'example_short_circuit_operator' retrieved from /home/airflow/.local/lib/python3.12/site-packages/airflow/example_dags/example_short_circuit_operator.py
[2024-07-04T10:02:21.623+0000] {logging_mixin.py:188} INFO - [2024-07-04T10:02:21.622+0000] {dag.py:3096} INFO - Sync 1 DAGs
[2024-07-04T10:02:21.650+0000] {logging_mixin.py:188} INFO - [2024-07-04T10:02:21.649+0000] {dag.py:3954} INFO - Setting next_dagrun for example_short_circuit_operator to 2024-07-03 00:00:00+00:00, run_after=2024-07-04 00:00:00+00:00
[2024-07-04T10:02:21.675+0000] {processor.py:183} INFO - Processing /home/airflow/.local/lib/python3.12/site-packages/airflow/example_dags/example_short_circuit_operator.py took 0.093 seconds
[2024-07-04T10:02:52.110+0000] {processor.py:161} INFO - Started process (PID=3271) to work on /home/airflow/.local/lib/python3.12/site-packages/airflow/example_dags/example_short_circuit_operator.py
[2024-07-04T10:02:52.112+0000] {processor.py:830} INFO - Processing file /home/airflow/.local/lib/python3.12/site-packages/airflow/example_dags/example_short_circuit_operator.py for tasks to queue
[2024-07-04T10:02:52.114+0000] {logging_mixin.py:188} INFO - [2024-07-04T10:02:52.114+0000] {dagbag.py:545} INFO - Filling up the DagBag from /home/airflow/.local/lib/python3.12/site-packages/airflow/example_dags/example_short_circuit_operator.py
[2024-07-04T10:02:52.123+0000] {processor.py:840} INFO - DAG(s) 'example_short_circuit_operator' retrieved from /home/airflow/.local/lib/python3.12/site-packages/airflow/example_dags/example_short_circuit_operator.py
[2024-07-04T10:02:52.150+0000] {logging_mixin.py:188} INFO - [2024-07-04T10:02:52.150+0000] {dag.py:3096} INFO - Sync 1 DAGs
[2024-07-04T10:02:52.176+0000] {logging_mixin.py:188} INFO - [2024-07-04T10:02:52.176+0000] {dag.py:3954} INFO - Setting next_dagrun for example_short_circuit_operator to 2024-07-03 00:00:00+00:00, run_after=2024-07-04 00:00:00+00:00
[2024-07-04T10:02:52.207+0000] {processor.py:183} INFO - Processing /home/airflow/.local/lib/python3.12/site-packages/airflow/example_dags/example_short_circuit_operator.py took 0.102 seconds
[2024-07-04T10:03:22.635+0000] {processor.py:161} INFO - Started process (PID=3330) to work on /home/airflow/.local/lib/python3.12/site-packages/airflow/example_dags/example_short_circuit_operator.py
[2024-07-04T10:03:22.637+0000] {processor.py:830} INFO - Processing file /home/airflow/.local/lib/python3.12/site-packages/airflow/example_dags/example_short_circuit_operator.py for tasks to queue
[2024-07-04T10:03:22.641+0000] {logging_mixin.py:188} INFO - [2024-07-04T10:03:22.641+0000] {dagbag.py:545} INFO - Filling up the DagBag from /home/airflow/.local/lib/python3.12/site-packages/airflow/example_dags/example_short_circuit_operator.py
[2024-07-04T10:03:22.653+0000] {processor.py:840} INFO - DAG(s) 'example_short_circuit_operator' retrieved from /home/airflow/.local/lib/python3.12/site-packages/airflow/example_dags/example_short_circuit_operator.py
[2024-07-04T10:03:22.690+0000] {logging_mixin.py:188} INFO - [2024-07-04T10:03:22.689+0000] {dag.py:3096} INFO - Sync 1 DAGs
[2024-07-04T10:03:22.730+0000] {logging_mixin.py:188} INFO - [2024-07-04T10:03:22.730+0000] {dag.py:3954} INFO - Setting next_dagrun for example_short_circuit_operator to 2024-07-03 00:00:00+00:00, run_after=2024-07-04 00:00:00+00:00
[2024-07-04T10:03:22.757+0000] {processor.py:183} INFO - Processing /home/airflow/.local/lib/python3.12/site-packages/airflow/example_dags/example_short_circuit_operator.py took 0.132 seconds
[2024-07-04T10:03:53.112+0000] {processor.py:161} INFO - Started process (PID=3389) to work on /home/airflow/.local/lib/python3.12/site-packages/airflow/example_dags/example_short_circuit_operator.py
[2024-07-04T10:03:53.114+0000] {processor.py:830} INFO - Processing file /home/airflow/.local/lib/python3.12/site-packages/airflow/example_dags/example_short_circuit_operator.py for tasks to queue
[2024-07-04T10:03:53.117+0000] {logging_mixin.py:188} INFO - [2024-07-04T10:03:53.116+0000] {dagbag.py:545} INFO - Filling up the DagBag from /home/airflow/.local/lib/python3.12/site-packages/airflow/example_dags/example_short_circuit_operator.py
[2024-07-04T10:03:53.132+0000] {processor.py:840} INFO - DAG(s) 'example_short_circuit_operator' retrieved from /home/airflow/.local/lib/python3.12/site-packages/airflow/example_dags/example_short_circuit_operator.py
[2024-07-04T10:03:53.184+0000] {logging_mixin.py:188} INFO - [2024-07-04T10:03:53.184+0000] {dag.py:3096} INFO - Sync 1 DAGs
[2024-07-04T10:03:53.228+0000] {logging_mixin.py:188} INFO - [2024-07-04T10:03:53.227+0000] {dag.py:3954} INFO - Setting next_dagrun for example_short_circuit_operator to 2024-07-03 00:00:00+00:00, run_after=2024-07-04 00:00:00+00:00
[2024-07-04T10:03:53.261+0000] {processor.py:183} INFO - Processing /home/airflow/.local/lib/python3.12/site-packages/airflow/example_dags/example_short_circuit_operator.py took 0.156 seconds
