[2024-07-04T09:35:03.493+0000] {processor.py:161} INFO - Started process (PID=76) to work on /home/airflow/.local/lib/python3.12/site-packages/airflow/example_dags/example_latest_only_with_trigger.py
[2024-07-04T09:35:03.496+0000] {processor.py:830} INFO - Processing file /home/airflow/.local/lib/python3.12/site-packages/airflow/example_dags/example_latest_only_with_trigger.py for tasks to queue
[2024-07-04T09:35:03.514+0000] {logging_mixin.py:188} INFO - [2024-07-04T09:35:03.513+0000] {dagbag.py:545} INFO - Filling up the DagBag from /home/airflow/.local/lib/python3.12/site-packages/airflow/example_dags/example_latest_only_with_trigger.py
[2024-07-04T09:35:03.549+0000] {processor.py:840} INFO - DAG(s) 'latest_only_with_trigger' retrieved from /home/airflow/.local/lib/python3.12/site-packages/airflow/example_dags/example_latest_only_with_trigger.py
[2024-07-04T09:35:04.348+0000] {logging_mixin.py:188} INFO - [2024-07-04T09:35:04.348+0000] {dag.py:3096} INFO - Sync 1 DAGs
[2024-07-04T09:35:04.469+0000] {logging_mixin.py:188} INFO - [2024-07-04T09:35:04.469+0000] {dag.py:3954} INFO - Setting next_dagrun for latest_only_with_trigger to 2024-07-04 04:00:00+00:00, run_after=2024-07-04 08:00:00+00:00
[2024-07-04T09:35:04.587+0000] {processor.py:183} INFO - Processing /home/airflow/.local/lib/python3.12/site-packages/airflow/example_dags/example_latest_only_with_trigger.py took 1.103 seconds
[2024-07-04T09:35:35.378+0000] {processor.py:161} INFO - Started process (PID=135) to work on /home/airflow/.local/lib/python3.12/site-packages/airflow/example_dags/example_latest_only_with_trigger.py
[2024-07-04T09:35:35.379+0000] {processor.py:830} INFO - Processing file /home/airflow/.local/lib/python3.12/site-packages/airflow/example_dags/example_latest_only_with_trigger.py for tasks to queue
[2024-07-04T09:35:35.381+0000] {logging_mixin.py:188} INFO - [2024-07-04T09:35:35.380+0000] {dagbag.py:545} INFO - Filling up the DagBag from /home/airflow/.local/lib/python3.12/site-packages/airflow/example_dags/example_latest_only_with_trigger.py
[2024-07-04T09:35:35.386+0000] {processor.py:840} INFO - DAG(s) 'latest_only_with_trigger' retrieved from /home/airflow/.local/lib/python3.12/site-packages/airflow/example_dags/example_latest_only_with_trigger.py
[2024-07-04T09:35:35.407+0000] {logging_mixin.py:188} INFO - [2024-07-04T09:35:35.406+0000] {dag.py:3096} INFO - Sync 1 DAGs
[2024-07-04T09:35:35.432+0000] {logging_mixin.py:188} INFO - [2024-07-04T09:35:35.432+0000] {dag.py:3954} INFO - Setting next_dagrun for latest_only_with_trigger to 2024-07-04 04:00:00+00:00, run_after=2024-07-04 08:00:00+00:00
[2024-07-04T09:35:35.451+0000] {processor.py:183} INFO - Processing /home/airflow/.local/lib/python3.12/site-packages/airflow/example_dags/example_latest_only_with_trigger.py took 0.081 seconds
[2024-07-04T09:36:05.777+0000] {processor.py:161} INFO - Started process (PID=194) to work on /home/airflow/.local/lib/python3.12/site-packages/airflow/example_dags/example_latest_only_with_trigger.py
[2024-07-04T09:36:05.778+0000] {processor.py:830} INFO - Processing file /home/airflow/.local/lib/python3.12/site-packages/airflow/example_dags/example_latest_only_with_trigger.py for tasks to queue
[2024-07-04T09:36:05.781+0000] {logging_mixin.py:188} INFO - [2024-07-04T09:36:05.780+0000] {dagbag.py:545} INFO - Filling up the DagBag from /home/airflow/.local/lib/python3.12/site-packages/airflow/example_dags/example_latest_only_with_trigger.py
[2024-07-04T09:36:05.789+0000] {processor.py:840} INFO - DAG(s) 'latest_only_with_trigger' retrieved from /home/airflow/.local/lib/python3.12/site-packages/airflow/example_dags/example_latest_only_with_trigger.py
[2024-07-04T09:36:05.866+0000] {logging_mixin.py:188} INFO - [2024-07-04T09:36:05.865+0000] {dag.py:3096} INFO - Sync 1 DAGs
[2024-07-04T09:36:05.902+0000] {logging_mixin.py:188} INFO - [2024-07-04T09:36:05.901+0000] {dag.py:3954} INFO - Setting next_dagrun for latest_only_with_trigger to 2024-07-04 04:00:00+00:00, run_after=2024-07-04 08:00:00+00:00
[2024-07-04T09:36:05.930+0000] {processor.py:183} INFO - Processing /home/airflow/.local/lib/python3.12/site-packages/airflow/example_dags/example_latest_only_with_trigger.py took 0.161 seconds
[2024-07-04T09:36:36.403+0000] {processor.py:161} INFO - Started process (PID=253) to work on /home/airflow/.local/lib/python3.12/site-packages/airflow/example_dags/example_latest_only_with_trigger.py
[2024-07-04T09:36:36.404+0000] {processor.py:830} INFO - Processing file /home/airflow/.local/lib/python3.12/site-packages/airflow/example_dags/example_latest_only_with_trigger.py for tasks to queue
[2024-07-04T09:36:36.406+0000] {logging_mixin.py:188} INFO - [2024-07-04T09:36:36.406+0000] {dagbag.py:545} INFO - Filling up the DagBag from /home/airflow/.local/lib/python3.12/site-packages/airflow/example_dags/example_latest_only_with_trigger.py
[2024-07-04T09:36:36.415+0000] {processor.py:840} INFO - DAG(s) 'latest_only_with_trigger' retrieved from /home/airflow/.local/lib/python3.12/site-packages/airflow/example_dags/example_latest_only_with_trigger.py
[2024-07-04T09:36:36.443+0000] {logging_mixin.py:188} INFO - [2024-07-04T09:36:36.443+0000] {dag.py:3096} INFO - Sync 1 DAGs
[2024-07-04T09:36:36.468+0000] {logging_mixin.py:188} INFO - [2024-07-04T09:36:36.467+0000] {dag.py:3954} INFO - Setting next_dagrun for latest_only_with_trigger to 2024-07-04 04:00:00+00:00, run_after=2024-07-04 08:00:00+00:00
[2024-07-04T09:36:36.506+0000] {processor.py:183} INFO - Processing /home/airflow/.local/lib/python3.12/site-packages/airflow/example_dags/example_latest_only_with_trigger.py took 0.109 seconds
[2024-07-04T09:37:07.063+0000] {processor.py:161} INFO - Started process (PID=312) to work on /home/airflow/.local/lib/python3.12/site-packages/airflow/example_dags/example_latest_only_with_trigger.py
[2024-07-04T09:37:07.065+0000] {processor.py:830} INFO - Processing file /home/airflow/.local/lib/python3.12/site-packages/airflow/example_dags/example_latest_only_with_trigger.py for tasks to queue
[2024-07-04T09:37:07.066+0000] {logging_mixin.py:188} INFO - [2024-07-04T09:37:07.066+0000] {dagbag.py:545} INFO - Filling up the DagBag from /home/airflow/.local/lib/python3.12/site-packages/airflow/example_dags/example_latest_only_with_trigger.py
[2024-07-04T09:37:07.072+0000] {processor.py:840} INFO - DAG(s) 'latest_only_with_trigger' retrieved from /home/airflow/.local/lib/python3.12/site-packages/airflow/example_dags/example_latest_only_with_trigger.py
[2024-07-04T09:37:07.093+0000] {logging_mixin.py:188} INFO - [2024-07-04T09:37:07.093+0000] {dag.py:3096} INFO - Sync 1 DAGs
[2024-07-04T09:37:07.116+0000] {logging_mixin.py:188} INFO - [2024-07-04T09:37:07.116+0000] {dag.py:3954} INFO - Setting next_dagrun for latest_only_with_trigger to 2024-07-04 04:00:00+00:00, run_after=2024-07-04 08:00:00+00:00
[2024-07-04T09:37:07.137+0000] {processor.py:183} INFO - Processing /home/airflow/.local/lib/python3.12/site-packages/airflow/example_dags/example_latest_only_with_trigger.py took 0.079 seconds
[2024-07-04T09:37:37.303+0000] {processor.py:161} INFO - Started process (PID=371) to work on /home/airflow/.local/lib/python3.12/site-packages/airflow/example_dags/example_latest_only_with_trigger.py
[2024-07-04T09:37:37.304+0000] {processor.py:830} INFO - Processing file /home/airflow/.local/lib/python3.12/site-packages/airflow/example_dags/example_latest_only_with_trigger.py for tasks to queue
[2024-07-04T09:37:37.312+0000] {logging_mixin.py:188} INFO - [2024-07-04T09:37:37.312+0000] {dagbag.py:545} INFO - Filling up the DagBag from /home/airflow/.local/lib/python3.12/site-packages/airflow/example_dags/example_latest_only_with_trigger.py
[2024-07-04T09:37:37.318+0000] {processor.py:840} INFO - DAG(s) 'latest_only_with_trigger' retrieved from /home/airflow/.local/lib/python3.12/site-packages/airflow/example_dags/example_latest_only_with_trigger.py
[2024-07-04T09:37:37.362+0000] {logging_mixin.py:188} INFO - [2024-07-04T09:37:37.362+0000] {dag.py:3096} INFO - Sync 1 DAGs
[2024-07-04T09:37:37.409+0000] {logging_mixin.py:188} INFO - [2024-07-04T09:37:37.409+0000] {dag.py:3954} INFO - Setting next_dagrun for latest_only_with_trigger to 2024-07-04 04:00:00+00:00, run_after=2024-07-04 08:00:00+00:00
[2024-07-04T09:37:37.442+0000] {processor.py:183} INFO - Processing /home/airflow/.local/lib/python3.12/site-packages/airflow/example_dags/example_latest_only_with_trigger.py took 0.146 seconds
[2024-07-04T09:38:08.114+0000] {processor.py:161} INFO - Started process (PID=428) to work on /home/airflow/.local/lib/python3.12/site-packages/airflow/example_dags/example_latest_only_with_trigger.py
[2024-07-04T09:38:08.118+0000] {processor.py:830} INFO - Processing file /home/airflow/.local/lib/python3.12/site-packages/airflow/example_dags/example_latest_only_with_trigger.py for tasks to queue
[2024-07-04T09:38:08.124+0000] {logging_mixin.py:188} INFO - [2024-07-04T09:38:08.123+0000] {dagbag.py:545} INFO - Filling up the DagBag from /home/airflow/.local/lib/python3.12/site-packages/airflow/example_dags/example_latest_only_with_trigger.py
[2024-07-04T09:38:08.129+0000] {processor.py:840} INFO - DAG(s) 'latest_only_with_trigger' retrieved from /home/airflow/.local/lib/python3.12/site-packages/airflow/example_dags/example_latest_only_with_trigger.py
[2024-07-04T09:38:08.239+0000] {logging_mixin.py:188} INFO - [2024-07-04T09:38:08.238+0000] {dag.py:3096} INFO - Sync 1 DAGs
[2024-07-04T09:38:08.309+0000] {logging_mixin.py:188} INFO - [2024-07-04T09:38:08.305+0000] {dag.py:3954} INFO - Setting next_dagrun for latest_only_with_trigger to 2024-07-04 04:00:00+00:00, run_after=2024-07-04 08:00:00+00:00
[2024-07-04T09:38:08.391+0000] {processor.py:183} INFO - Processing /home/airflow/.local/lib/python3.12/site-packages/airflow/example_dags/example_latest_only_with_trigger.py took 0.292 seconds
[2024-07-04T09:38:38.958+0000] {processor.py:161} INFO - Started process (PID=488) to work on /home/airflow/.local/lib/python3.12/site-packages/airflow/example_dags/example_latest_only_with_trigger.py
[2024-07-04T09:38:38.959+0000] {processor.py:830} INFO - Processing file /home/airflow/.local/lib/python3.12/site-packages/airflow/example_dags/example_latest_only_with_trigger.py for tasks to queue
[2024-07-04T09:38:38.961+0000] {logging_mixin.py:188} INFO - [2024-07-04T09:38:38.960+0000] {dagbag.py:545} INFO - Filling up the DagBag from /home/airflow/.local/lib/python3.12/site-packages/airflow/example_dags/example_latest_only_with_trigger.py
[2024-07-04T09:38:38.967+0000] {processor.py:840} INFO - DAG(s) 'latest_only_with_trigger' retrieved from /home/airflow/.local/lib/python3.12/site-packages/airflow/example_dags/example_latest_only_with_trigger.py
[2024-07-04T09:38:38.988+0000] {logging_mixin.py:188} INFO - [2024-07-04T09:38:38.988+0000] {dag.py:3096} INFO - Sync 1 DAGs
[2024-07-04T09:38:39.011+0000] {logging_mixin.py:188} INFO - [2024-07-04T09:38:39.010+0000] {dag.py:3954} INFO - Setting next_dagrun for latest_only_with_trigger to 2024-07-04 04:00:00+00:00, run_after=2024-07-04 08:00:00+00:00
[2024-07-04T09:38:39.042+0000] {processor.py:183} INFO - Processing /home/airflow/.local/lib/python3.12/site-packages/airflow/example_dags/example_latest_only_with_trigger.py took 0.090 seconds
[2024-07-04T09:39:09.757+0000] {processor.py:161} INFO - Started process (PID=547) to work on /home/airflow/.local/lib/python3.12/site-packages/airflow/example_dags/example_latest_only_with_trigger.py
[2024-07-04T09:39:09.759+0000] {processor.py:830} INFO - Processing file /home/airflow/.local/lib/python3.12/site-packages/airflow/example_dags/example_latest_only_with_trigger.py for tasks to queue
[2024-07-04T09:39:09.762+0000] {logging_mixin.py:188} INFO - [2024-07-04T09:39:09.761+0000] {dagbag.py:545} INFO - Filling up the DagBag from /home/airflow/.local/lib/python3.12/site-packages/airflow/example_dags/example_latest_only_with_trigger.py
[2024-07-04T09:39:09.772+0000] {processor.py:840} INFO - DAG(s) 'latest_only_with_trigger' retrieved from /home/airflow/.local/lib/python3.12/site-packages/airflow/example_dags/example_latest_only_with_trigger.py
[2024-07-04T09:39:09.802+0000] {logging_mixin.py:188} INFO - [2024-07-04T09:39:09.802+0000] {dag.py:3096} INFO - Sync 1 DAGs
[2024-07-04T09:39:09.837+0000] {logging_mixin.py:188} INFO - [2024-07-04T09:39:09.836+0000] {dag.py:3954} INFO - Setting next_dagrun for latest_only_with_trigger to 2024-07-04 04:00:00+00:00, run_after=2024-07-04 08:00:00+00:00
[2024-07-04T09:39:09.866+0000] {processor.py:183} INFO - Processing /home/airflow/.local/lib/python3.12/site-packages/airflow/example_dags/example_latest_only_with_trigger.py took 0.116 seconds
[2024-07-04T09:39:40.504+0000] {processor.py:161} INFO - Started process (PID=606) to work on /home/airflow/.local/lib/python3.12/site-packages/airflow/example_dags/example_latest_only_with_trigger.py
[2024-07-04T09:39:40.505+0000] {processor.py:830} INFO - Processing file /home/airflow/.local/lib/python3.12/site-packages/airflow/example_dags/example_latest_only_with_trigger.py for tasks to queue
[2024-07-04T09:39:40.507+0000] {logging_mixin.py:188} INFO - [2024-07-04T09:39:40.507+0000] {dagbag.py:545} INFO - Filling up the DagBag from /home/airflow/.local/lib/python3.12/site-packages/airflow/example_dags/example_latest_only_with_trigger.py
[2024-07-04T09:39:40.514+0000] {processor.py:840} INFO - DAG(s) 'latest_only_with_trigger' retrieved from /home/airflow/.local/lib/python3.12/site-packages/airflow/example_dags/example_latest_only_with_trigger.py
[2024-07-04T09:39:40.546+0000] {logging_mixin.py:188} INFO - [2024-07-04T09:39:40.545+0000] {dag.py:3096} INFO - Sync 1 DAGs
[2024-07-04T09:39:40.572+0000] {logging_mixin.py:188} INFO - [2024-07-04T09:39:40.572+0000] {dag.py:3954} INFO - Setting next_dagrun for latest_only_with_trigger to 2024-07-04 04:00:00+00:00, run_after=2024-07-04 08:00:00+00:00
[2024-07-04T09:39:40.596+0000] {processor.py:183} INFO - Processing /home/airflow/.local/lib/python3.12/site-packages/airflow/example_dags/example_latest_only_with_trigger.py took 0.098 seconds
[2024-07-04T09:40:10.854+0000] {processor.py:161} INFO - Started process (PID=665) to work on /home/airflow/.local/lib/python3.12/site-packages/airflow/example_dags/example_latest_only_with_trigger.py
[2024-07-04T09:40:10.855+0000] {processor.py:830} INFO - Processing file /home/airflow/.local/lib/python3.12/site-packages/airflow/example_dags/example_latest_only_with_trigger.py for tasks to queue
[2024-07-04T09:40:10.857+0000] {logging_mixin.py:188} INFO - [2024-07-04T09:40:10.856+0000] {dagbag.py:545} INFO - Filling up the DagBag from /home/airflow/.local/lib/python3.12/site-packages/airflow/example_dags/example_latest_only_with_trigger.py
[2024-07-04T09:40:10.862+0000] {processor.py:840} INFO - DAG(s) 'latest_only_with_trigger' retrieved from /home/airflow/.local/lib/python3.12/site-packages/airflow/example_dags/example_latest_only_with_trigger.py
[2024-07-04T09:40:10.885+0000] {logging_mixin.py:188} INFO - [2024-07-04T09:40:10.885+0000] {dag.py:3096} INFO - Sync 1 DAGs
[2024-07-04T09:40:10.906+0000] {logging_mixin.py:188} INFO - [2024-07-04T09:40:10.906+0000] {dag.py:3954} INFO - Setting next_dagrun for latest_only_with_trigger to 2024-07-04 04:00:00+00:00, run_after=2024-07-04 08:00:00+00:00
[2024-07-04T09:40:10.927+0000] {processor.py:183} INFO - Processing /home/airflow/.local/lib/python3.12/site-packages/airflow/example_dags/example_latest_only_with_trigger.py took 0.078 seconds
[2024-07-04T09:40:41.060+0000] {processor.py:161} INFO - Started process (PID=724) to work on /home/airflow/.local/lib/python3.12/site-packages/airflow/example_dags/example_latest_only_with_trigger.py
[2024-07-04T09:40:41.061+0000] {processor.py:830} INFO - Processing file /home/airflow/.local/lib/python3.12/site-packages/airflow/example_dags/example_latest_only_with_trigger.py for tasks to queue
[2024-07-04T09:40:41.063+0000] {logging_mixin.py:188} INFO - [2024-07-04T09:40:41.063+0000] {dagbag.py:545} INFO - Filling up the DagBag from /home/airflow/.local/lib/python3.12/site-packages/airflow/example_dags/example_latest_only_with_trigger.py
[2024-07-04T09:40:41.068+0000] {processor.py:840} INFO - DAG(s) 'latest_only_with_trigger' retrieved from /home/airflow/.local/lib/python3.12/site-packages/airflow/example_dags/example_latest_only_with_trigger.py
[2024-07-04T09:40:41.088+0000] {logging_mixin.py:188} INFO - [2024-07-04T09:40:41.088+0000] {dag.py:3096} INFO - Sync 1 DAGs
[2024-07-04T09:40:41.107+0000] {logging_mixin.py:188} INFO - [2024-07-04T09:40:41.107+0000] {dag.py:3954} INFO - Setting next_dagrun for latest_only_with_trigger to 2024-07-04 04:00:00+00:00, run_after=2024-07-04 08:00:00+00:00
[2024-07-04T09:40:41.129+0000] {processor.py:183} INFO - Processing /home/airflow/.local/lib/python3.12/site-packages/airflow/example_dags/example_latest_only_with_trigger.py took 0.074 seconds
[2024-07-04T09:41:11.384+0000] {processor.py:161} INFO - Started process (PID=784) to work on /home/airflow/.local/lib/python3.12/site-packages/airflow/example_dags/example_latest_only_with_trigger.py
[2024-07-04T09:41:11.386+0000] {processor.py:830} INFO - Processing file /home/airflow/.local/lib/python3.12/site-packages/airflow/example_dags/example_latest_only_with_trigger.py for tasks to queue
[2024-07-04T09:41:11.393+0000] {logging_mixin.py:188} INFO - [2024-07-04T09:41:11.393+0000] {dagbag.py:545} INFO - Filling up the DagBag from /home/airflow/.local/lib/python3.12/site-packages/airflow/example_dags/example_latest_only_with_trigger.py
[2024-07-04T09:41:11.400+0000] {processor.py:840} INFO - DAG(s) 'latest_only_with_trigger' retrieved from /home/airflow/.local/lib/python3.12/site-packages/airflow/example_dags/example_latest_only_with_trigger.py
[2024-07-04T09:41:11.424+0000] {logging_mixin.py:188} INFO - [2024-07-04T09:41:11.424+0000] {dag.py:3096} INFO - Sync 1 DAGs
[2024-07-04T09:41:11.452+0000] {logging_mixin.py:188} INFO - [2024-07-04T09:41:11.452+0000] {dag.py:3954} INFO - Setting next_dagrun for latest_only_with_trigger to 2024-07-04 04:00:00+00:00, run_after=2024-07-04 08:00:00+00:00
[2024-07-04T09:41:11.484+0000] {processor.py:183} INFO - Processing /home/airflow/.local/lib/python3.12/site-packages/airflow/example_dags/example_latest_only_with_trigger.py took 0.105 seconds
[2024-07-04T09:41:41.869+0000] {processor.py:161} INFO - Started process (PID=843) to work on /home/airflow/.local/lib/python3.12/site-packages/airflow/example_dags/example_latest_only_with_trigger.py
[2024-07-04T09:41:41.870+0000] {processor.py:830} INFO - Processing file /home/airflow/.local/lib/python3.12/site-packages/airflow/example_dags/example_latest_only_with_trigger.py for tasks to queue
[2024-07-04T09:41:41.872+0000] {logging_mixin.py:188} INFO - [2024-07-04T09:41:41.872+0000] {dagbag.py:545} INFO - Filling up the DagBag from /home/airflow/.local/lib/python3.12/site-packages/airflow/example_dags/example_latest_only_with_trigger.py
[2024-07-04T09:41:41.878+0000] {processor.py:840} INFO - DAG(s) 'latest_only_with_trigger' retrieved from /home/airflow/.local/lib/python3.12/site-packages/airflow/example_dags/example_latest_only_with_trigger.py
[2024-07-04T09:41:41.897+0000] {logging_mixin.py:188} INFO - [2024-07-04T09:41:41.897+0000] {dag.py:3096} INFO - Sync 1 DAGs
[2024-07-04T09:41:41.918+0000] {logging_mixin.py:188} INFO - [2024-07-04T09:41:41.918+0000] {dag.py:3954} INFO - Setting next_dagrun for latest_only_with_trigger to 2024-07-04 04:00:00+00:00, run_after=2024-07-04 08:00:00+00:00
[2024-07-04T09:41:41.940+0000] {processor.py:183} INFO - Processing /home/airflow/.local/lib/python3.12/site-packages/airflow/example_dags/example_latest_only_with_trigger.py took 0.077 seconds
[2024-07-04T09:42:12.529+0000] {processor.py:161} INFO - Started process (PID=901) to work on /home/airflow/.local/lib/python3.12/site-packages/airflow/example_dags/example_latest_only_with_trigger.py
[2024-07-04T09:42:12.538+0000] {processor.py:830} INFO - Processing file /home/airflow/.local/lib/python3.12/site-packages/airflow/example_dags/example_latest_only_with_trigger.py for tasks to queue
[2024-07-04T09:42:12.552+0000] {logging_mixin.py:188} INFO - [2024-07-04T09:42:12.551+0000] {dagbag.py:545} INFO - Filling up the DagBag from /home/airflow/.local/lib/python3.12/site-packages/airflow/example_dags/example_latest_only_with_trigger.py
[2024-07-04T09:42:12.573+0000] {processor.py:840} INFO - DAG(s) 'latest_only_with_trigger' retrieved from /home/airflow/.local/lib/python3.12/site-packages/airflow/example_dags/example_latest_only_with_trigger.py
[2024-07-04T09:42:12.675+0000] {logging_mixin.py:188} INFO - [2024-07-04T09:42:12.664+0000] {dag.py:3096} INFO - Sync 1 DAGs
[2024-07-04T09:42:12.779+0000] {logging_mixin.py:188} INFO - [2024-07-04T09:42:12.779+0000] {dag.py:3954} INFO - Setting next_dagrun for latest_only_with_trigger to 2024-07-04 04:00:00+00:00, run_after=2024-07-04 08:00:00+00:00
[2024-07-04T09:42:12.822+0000] {processor.py:183} INFO - Processing /home/airflow/.local/lib/python3.12/site-packages/airflow/example_dags/example_latest_only_with_trigger.py took 0.305 seconds
[2024-07-04T09:42:43.549+0000] {processor.py:161} INFO - Started process (PID=961) to work on /home/airflow/.local/lib/python3.12/site-packages/airflow/example_dags/example_latest_only_with_trigger.py
[2024-07-04T09:42:43.555+0000] {processor.py:830} INFO - Processing file /home/airflow/.local/lib/python3.12/site-packages/airflow/example_dags/example_latest_only_with_trigger.py for tasks to queue
[2024-07-04T09:42:43.557+0000] {logging_mixin.py:188} INFO - [2024-07-04T09:42:43.557+0000] {dagbag.py:545} INFO - Filling up the DagBag from /home/airflow/.local/lib/python3.12/site-packages/airflow/example_dags/example_latest_only_with_trigger.py
[2024-07-04T09:42:43.563+0000] {processor.py:840} INFO - DAG(s) 'latest_only_with_trigger' retrieved from /home/airflow/.local/lib/python3.12/site-packages/airflow/example_dags/example_latest_only_with_trigger.py
[2024-07-04T09:42:43.605+0000] {logging_mixin.py:188} INFO - [2024-07-04T09:42:43.604+0000] {dag.py:3096} INFO - Sync 1 DAGs
[2024-07-04T09:42:43.671+0000] {logging_mixin.py:188} INFO - [2024-07-04T09:42:43.671+0000] {dag.py:3954} INFO - Setting next_dagrun for latest_only_with_trigger to 2024-07-04 04:00:00+00:00, run_after=2024-07-04 08:00:00+00:00
[2024-07-04T09:42:43.731+0000] {processor.py:183} INFO - Processing /home/airflow/.local/lib/python3.12/site-packages/airflow/example_dags/example_latest_only_with_trigger.py took 0.188 seconds
[2024-07-04T09:43:14.773+0000] {processor.py:161} INFO - Started process (PID=1021) to work on /home/airflow/.local/lib/python3.12/site-packages/airflow/example_dags/example_latest_only_with_trigger.py
[2024-07-04T09:43:14.777+0000] {processor.py:830} INFO - Processing file /home/airflow/.local/lib/python3.12/site-packages/airflow/example_dags/example_latest_only_with_trigger.py for tasks to queue
[2024-07-04T09:43:14.795+0000] {logging_mixin.py:188} INFO - [2024-07-04T09:43:14.794+0000] {dagbag.py:545} INFO - Filling up the DagBag from /home/airflow/.local/lib/python3.12/site-packages/airflow/example_dags/example_latest_only_with_trigger.py
[2024-07-04T09:43:14.804+0000] {processor.py:840} INFO - DAG(s) 'latest_only_with_trigger' retrieved from /home/airflow/.local/lib/python3.12/site-packages/airflow/example_dags/example_latest_only_with_trigger.py
[2024-07-04T09:43:14.844+0000] {logging_mixin.py:188} INFO - [2024-07-04T09:43:14.843+0000] {dag.py:3096} INFO - Sync 1 DAGs
[2024-07-04T09:43:14.898+0000] {logging_mixin.py:188} INFO - [2024-07-04T09:43:14.897+0000] {dag.py:3954} INFO - Setting next_dagrun for latest_only_with_trigger to 2024-07-04 04:00:00+00:00, run_after=2024-07-04 08:00:00+00:00
[2024-07-04T09:43:14.949+0000] {processor.py:183} INFO - Processing /home/airflow/.local/lib/python3.12/site-packages/airflow/example_dags/example_latest_only_with_trigger.py took 0.194 seconds
[2024-07-04T09:43:45.153+0000] {processor.py:161} INFO - Started process (PID=1080) to work on /home/airflow/.local/lib/python3.12/site-packages/airflow/example_dags/example_latest_only_with_trigger.py
[2024-07-04T09:43:45.154+0000] {processor.py:830} INFO - Processing file /home/airflow/.local/lib/python3.12/site-packages/airflow/example_dags/example_latest_only_with_trigger.py for tasks to queue
[2024-07-04T09:43:45.169+0000] {logging_mixin.py:188} INFO - [2024-07-04T09:43:45.168+0000] {dagbag.py:545} INFO - Filling up the DagBag from /home/airflow/.local/lib/python3.12/site-packages/airflow/example_dags/example_latest_only_with_trigger.py
[2024-07-04T09:43:45.180+0000] {processor.py:840} INFO - DAG(s) 'latest_only_with_trigger' retrieved from /home/airflow/.local/lib/python3.12/site-packages/airflow/example_dags/example_latest_only_with_trigger.py
[2024-07-04T09:43:45.219+0000] {logging_mixin.py:188} INFO - [2024-07-04T09:43:45.219+0000] {dag.py:3096} INFO - Sync 1 DAGs
[2024-07-04T09:43:45.242+0000] {logging_mixin.py:188} INFO - [2024-07-04T09:43:45.241+0000] {dag.py:3954} INFO - Setting next_dagrun for latest_only_with_trigger to 2024-07-04 04:00:00+00:00, run_after=2024-07-04 08:00:00+00:00
[2024-07-04T09:43:45.264+0000] {processor.py:183} INFO - Processing /home/airflow/.local/lib/python3.12/site-packages/airflow/example_dags/example_latest_only_with_trigger.py took 0.117 seconds
[2024-07-04T09:44:15.995+0000] {processor.py:161} INFO - Started process (PID=1139) to work on /home/airflow/.local/lib/python3.12/site-packages/airflow/example_dags/example_latest_only_with_trigger.py
[2024-07-04T09:44:15.998+0000] {processor.py:830} INFO - Processing file /home/airflow/.local/lib/python3.12/site-packages/airflow/example_dags/example_latest_only_with_trigger.py for tasks to queue
[2024-07-04T09:44:16.008+0000] {logging_mixin.py:188} INFO - [2024-07-04T09:44:16.008+0000] {dagbag.py:545} INFO - Filling up the DagBag from /home/airflow/.local/lib/python3.12/site-packages/airflow/example_dags/example_latest_only_with_trigger.py
[2024-07-04T09:44:16.014+0000] {processor.py:840} INFO - DAG(s) 'latest_only_with_trigger' retrieved from /home/airflow/.local/lib/python3.12/site-packages/airflow/example_dags/example_latest_only_with_trigger.py
[2024-07-04T09:44:16.060+0000] {logging_mixin.py:188} INFO - [2024-07-04T09:44:16.060+0000] {dag.py:3096} INFO - Sync 1 DAGs
[2024-07-04T09:44:16.095+0000] {logging_mixin.py:188} INFO - [2024-07-04T09:44:16.094+0000] {dag.py:3954} INFO - Setting next_dagrun for latest_only_with_trigger to 2024-07-04 04:00:00+00:00, run_after=2024-07-04 08:00:00+00:00
[2024-07-04T09:44:16.138+0000] {processor.py:183} INFO - Processing /home/airflow/.local/lib/python3.12/site-packages/airflow/example_dags/example_latest_only_with_trigger.py took 0.149 seconds
[2024-07-04T09:44:46.237+0000] {processor.py:161} INFO - Started process (PID=1198) to work on /home/airflow/.local/lib/python3.12/site-packages/airflow/example_dags/example_latest_only_with_trigger.py
[2024-07-04T09:44:46.238+0000] {processor.py:830} INFO - Processing file /home/airflow/.local/lib/python3.12/site-packages/airflow/example_dags/example_latest_only_with_trigger.py for tasks to queue
[2024-07-04T09:44:46.240+0000] {logging_mixin.py:188} INFO - [2024-07-04T09:44:46.240+0000] {dagbag.py:545} INFO - Filling up the DagBag from /home/airflow/.local/lib/python3.12/site-packages/airflow/example_dags/example_latest_only_with_trigger.py
[2024-07-04T09:44:46.246+0000] {processor.py:840} INFO - DAG(s) 'latest_only_with_trigger' retrieved from /home/airflow/.local/lib/python3.12/site-packages/airflow/example_dags/example_latest_only_with_trigger.py
[2024-07-04T09:44:46.268+0000] {logging_mixin.py:188} INFO - [2024-07-04T09:44:46.267+0000] {dag.py:3096} INFO - Sync 1 DAGs
[2024-07-04T09:44:46.295+0000] {logging_mixin.py:188} INFO - [2024-07-04T09:44:46.295+0000] {dag.py:3954} INFO - Setting next_dagrun for latest_only_with_trigger to 2024-07-04 04:00:00+00:00, run_after=2024-07-04 08:00:00+00:00
[2024-07-04T09:44:46.316+0000] {processor.py:183} INFO - Processing /home/airflow/.local/lib/python3.12/site-packages/airflow/example_dags/example_latest_only_with_trigger.py took 0.084 seconds
[2024-07-04T09:45:16.406+0000] {processor.py:161} INFO - Started process (PID=1257) to work on /home/airflow/.local/lib/python3.12/site-packages/airflow/example_dags/example_latest_only_with_trigger.py
[2024-07-04T09:45:16.409+0000] {processor.py:830} INFO - Processing file /home/airflow/.local/lib/python3.12/site-packages/airflow/example_dags/example_latest_only_with_trigger.py for tasks to queue
[2024-07-04T09:45:16.413+0000] {logging_mixin.py:188} INFO - [2024-07-04T09:45:16.413+0000] {dagbag.py:545} INFO - Filling up the DagBag from /home/airflow/.local/lib/python3.12/site-packages/airflow/example_dags/example_latest_only_with_trigger.py
[2024-07-04T09:45:16.430+0000] {processor.py:840} INFO - DAG(s) 'latest_only_with_trigger' retrieved from /home/airflow/.local/lib/python3.12/site-packages/airflow/example_dags/example_latest_only_with_trigger.py
[2024-07-04T09:45:16.502+0000] {logging_mixin.py:188} INFO - [2024-07-04T09:45:16.501+0000] {dag.py:3096} INFO - Sync 1 DAGs
[2024-07-04T09:45:16.567+0000] {logging_mixin.py:188} INFO - [2024-07-04T09:45:16.566+0000] {dag.py:3954} INFO - Setting next_dagrun for latest_only_with_trigger to 2024-07-04 04:00:00+00:00, run_after=2024-07-04 08:00:00+00:00
[2024-07-04T09:45:16.619+0000] {processor.py:183} INFO - Processing /home/airflow/.local/lib/python3.12/site-packages/airflow/example_dags/example_latest_only_with_trigger.py took 0.229 seconds
[2024-07-04T09:45:47.106+0000] {processor.py:161} INFO - Started process (PID=1316) to work on /home/airflow/.local/lib/python3.12/site-packages/airflow/example_dags/example_latest_only_with_trigger.py
[2024-07-04T09:45:47.108+0000] {processor.py:830} INFO - Processing file /home/airflow/.local/lib/python3.12/site-packages/airflow/example_dags/example_latest_only_with_trigger.py for tasks to queue
[2024-07-04T09:45:47.110+0000] {logging_mixin.py:188} INFO - [2024-07-04T09:45:47.110+0000] {dagbag.py:545} INFO - Filling up the DagBag from /home/airflow/.local/lib/python3.12/site-packages/airflow/example_dags/example_latest_only_with_trigger.py
[2024-07-04T09:45:47.115+0000] {processor.py:840} INFO - DAG(s) 'latest_only_with_trigger' retrieved from /home/airflow/.local/lib/python3.12/site-packages/airflow/example_dags/example_latest_only_with_trigger.py
[2024-07-04T09:45:47.150+0000] {logging_mixin.py:188} INFO - [2024-07-04T09:45:47.150+0000] {dag.py:3096} INFO - Sync 1 DAGs
[2024-07-04T09:45:47.174+0000] {logging_mixin.py:188} INFO - [2024-07-04T09:45:47.173+0000] {dag.py:3954} INFO - Setting next_dagrun for latest_only_with_trigger to 2024-07-04 04:00:00+00:00, run_after=2024-07-04 08:00:00+00:00
[2024-07-04T09:45:47.199+0000] {processor.py:183} INFO - Processing /home/airflow/.local/lib/python3.12/site-packages/airflow/example_dags/example_latest_only_with_trigger.py took 0.100 seconds
[2024-07-04T09:46:17.412+0000] {processor.py:161} INFO - Started process (PID=1375) to work on /home/airflow/.local/lib/python3.12/site-packages/airflow/example_dags/example_latest_only_with_trigger.py
[2024-07-04T09:46:17.414+0000] {processor.py:830} INFO - Processing file /home/airflow/.local/lib/python3.12/site-packages/airflow/example_dags/example_latest_only_with_trigger.py for tasks to queue
[2024-07-04T09:46:17.416+0000] {logging_mixin.py:188} INFO - [2024-07-04T09:46:17.415+0000] {dagbag.py:545} INFO - Filling up the DagBag from /home/airflow/.local/lib/python3.12/site-packages/airflow/example_dags/example_latest_only_with_trigger.py
[2024-07-04T09:46:17.421+0000] {processor.py:840} INFO - DAG(s) 'latest_only_with_trigger' retrieved from /home/airflow/.local/lib/python3.12/site-packages/airflow/example_dags/example_latest_only_with_trigger.py
[2024-07-04T09:46:17.445+0000] {logging_mixin.py:188} INFO - [2024-07-04T09:46:17.444+0000] {dag.py:3096} INFO - Sync 1 DAGs
[2024-07-04T09:46:17.471+0000] {logging_mixin.py:188} INFO - [2024-07-04T09:46:17.471+0000] {dag.py:3954} INFO - Setting next_dagrun for latest_only_with_trigger to 2024-07-04 04:00:00+00:00, run_after=2024-07-04 08:00:00+00:00
[2024-07-04T09:46:17.490+0000] {processor.py:183} INFO - Processing /home/airflow/.local/lib/python3.12/site-packages/airflow/example_dags/example_latest_only_with_trigger.py took 0.083 seconds
[2024-07-04T09:46:47.819+0000] {processor.py:161} INFO - Started process (PID=1435) to work on /home/airflow/.local/lib/python3.12/site-packages/airflow/example_dags/example_latest_only_with_trigger.py
[2024-07-04T09:46:47.822+0000] {processor.py:830} INFO - Processing file /home/airflow/.local/lib/python3.12/site-packages/airflow/example_dags/example_latest_only_with_trigger.py for tasks to queue
[2024-07-04T09:46:47.824+0000] {logging_mixin.py:188} INFO - [2024-07-04T09:46:47.824+0000] {dagbag.py:545} INFO - Filling up the DagBag from /home/airflow/.local/lib/python3.12/site-packages/airflow/example_dags/example_latest_only_with_trigger.py
[2024-07-04T09:46:47.837+0000] {processor.py:840} INFO - DAG(s) 'latest_only_with_trigger' retrieved from /home/airflow/.local/lib/python3.12/site-packages/airflow/example_dags/example_latest_only_with_trigger.py
[2024-07-04T09:46:47.881+0000] {logging_mixin.py:188} INFO - [2024-07-04T09:46:47.881+0000] {dag.py:3096} INFO - Sync 1 DAGs
[2024-07-04T09:46:47.907+0000] {logging_mixin.py:188} INFO - [2024-07-04T09:46:47.906+0000] {dag.py:3954} INFO - Setting next_dagrun for latest_only_with_trigger to 2024-07-04 04:00:00+00:00, run_after=2024-07-04 08:00:00+00:00
[2024-07-04T09:46:47.937+0000] {processor.py:183} INFO - Processing /home/airflow/.local/lib/python3.12/site-packages/airflow/example_dags/example_latest_only_with_trigger.py took 0.131 seconds
[2024-07-04T09:47:20.114+0000] {processor.py:161} INFO - Started process (PID=1495) to work on /home/airflow/.local/lib/python3.12/site-packages/airflow/example_dags/example_latest_only_with_trigger.py
[2024-07-04T09:47:20.139+0000] {processor.py:830} INFO - Processing file /home/airflow/.local/lib/python3.12/site-packages/airflow/example_dags/example_latest_only_with_trigger.py for tasks to queue
[2024-07-04T09:47:20.143+0000] {logging_mixin.py:188} INFO - [2024-07-04T09:47:20.142+0000] {dagbag.py:545} INFO - Filling up the DagBag from /home/airflow/.local/lib/python3.12/site-packages/airflow/example_dags/example_latest_only_with_trigger.py
[2024-07-04T09:47:20.149+0000] {processor.py:840} INFO - DAG(s) 'latest_only_with_trigger' retrieved from /home/airflow/.local/lib/python3.12/site-packages/airflow/example_dags/example_latest_only_with_trigger.py
[2024-07-04T09:47:20.187+0000] {logging_mixin.py:188} INFO - [2024-07-04T09:47:20.186+0000] {dag.py:3096} INFO - Sync 1 DAGs
[2024-07-04T09:47:20.222+0000] {logging_mixin.py:188} INFO - [2024-07-04T09:47:20.222+0000] {dag.py:3954} INFO - Setting next_dagrun for latest_only_with_trigger to 2024-07-04 04:00:00+00:00, run_after=2024-07-04 08:00:00+00:00
[2024-07-04T09:47:20.244+0000] {processor.py:183} INFO - Processing /home/airflow/.local/lib/python3.12/site-packages/airflow/example_dags/example_latest_only_with_trigger.py took 0.150 seconds
[2024-07-04T09:47:51.938+0000] {processor.py:161} INFO - Started process (PID=1554) to work on /home/airflow/.local/lib/python3.12/site-packages/airflow/example_dags/example_latest_only_with_trigger.py
[2024-07-04T09:47:51.940+0000] {processor.py:830} INFO - Processing file /home/airflow/.local/lib/python3.12/site-packages/airflow/example_dags/example_latest_only_with_trigger.py for tasks to queue
[2024-07-04T09:47:51.942+0000] {logging_mixin.py:188} INFO - [2024-07-04T09:47:51.942+0000] {dagbag.py:545} INFO - Filling up the DagBag from /home/airflow/.local/lib/python3.12/site-packages/airflow/example_dags/example_latest_only_with_trigger.py
[2024-07-04T09:47:51.953+0000] {processor.py:840} INFO - DAG(s) 'latest_only_with_trigger' retrieved from /home/airflow/.local/lib/python3.12/site-packages/airflow/example_dags/example_latest_only_with_trigger.py
[2024-07-04T09:47:52.010+0000] {logging_mixin.py:188} INFO - [2024-07-04T09:47:52.010+0000] {dag.py:3096} INFO - Sync 1 DAGs
[2024-07-04T09:47:52.201+0000] {logging_mixin.py:188} INFO - [2024-07-04T09:47:52.201+0000] {dag.py:3954} INFO - Setting next_dagrun for latest_only_with_trigger to 2024-07-04 04:00:00+00:00, run_after=2024-07-04 08:00:00+00:00
[2024-07-04T09:47:52.323+0000] {processor.py:183} INFO - Processing /home/airflow/.local/lib/python3.12/site-packages/airflow/example_dags/example_latest_only_with_trigger.py took 0.392 seconds
[2024-07-04T09:48:22.570+0000] {processor.py:161} INFO - Started process (PID=1614) to work on /home/airflow/.local/lib/python3.12/site-packages/airflow/example_dags/example_latest_only_with_trigger.py
[2024-07-04T09:48:22.572+0000] {processor.py:830} INFO - Processing file /home/airflow/.local/lib/python3.12/site-packages/airflow/example_dags/example_latest_only_with_trigger.py for tasks to queue
[2024-07-04T09:48:22.574+0000] {logging_mixin.py:188} INFO - [2024-07-04T09:48:22.573+0000] {dagbag.py:545} INFO - Filling up the DagBag from /home/airflow/.local/lib/python3.12/site-packages/airflow/example_dags/example_latest_only_with_trigger.py
[2024-07-04T09:48:22.579+0000] {processor.py:840} INFO - DAG(s) 'latest_only_with_trigger' retrieved from /home/airflow/.local/lib/python3.12/site-packages/airflow/example_dags/example_latest_only_with_trigger.py
[2024-07-04T09:48:22.598+0000] {logging_mixin.py:188} INFO - [2024-07-04T09:48:22.598+0000] {dag.py:3096} INFO - Sync 1 DAGs
[2024-07-04T09:48:22.618+0000] {logging_mixin.py:188} INFO - [2024-07-04T09:48:22.617+0000] {dag.py:3954} INFO - Setting next_dagrun for latest_only_with_trigger to 2024-07-04 04:00:00+00:00, run_after=2024-07-04 08:00:00+00:00
[2024-07-04T09:48:22.638+0000] {processor.py:183} INFO - Processing /home/airflow/.local/lib/python3.12/site-packages/airflow/example_dags/example_latest_only_with_trigger.py took 0.073 seconds
[2024-07-04T09:48:55.555+0000] {processor.py:161} INFO - Started process (PID=1671) to work on /home/airflow/.local/lib/python3.12/site-packages/airflow/example_dags/example_latest_only_with_trigger.py
[2024-07-04T09:48:55.557+0000] {processor.py:830} INFO - Processing file /home/airflow/.local/lib/python3.12/site-packages/airflow/example_dags/example_latest_only_with_trigger.py for tasks to queue
[2024-07-04T09:48:55.563+0000] {logging_mixin.py:188} INFO - [2024-07-04T09:48:55.562+0000] {dagbag.py:545} INFO - Filling up the DagBag from /home/airflow/.local/lib/python3.12/site-packages/airflow/example_dags/example_latest_only_with_trigger.py
[2024-07-04T09:48:55.576+0000] {processor.py:840} INFO - DAG(s) 'latest_only_with_trigger' retrieved from /home/airflow/.local/lib/python3.12/site-packages/airflow/example_dags/example_latest_only_with_trigger.py
[2024-07-04T09:48:55.691+0000] {logging_mixin.py:188} INFO - [2024-07-04T09:48:55.690+0000] {dag.py:3096} INFO - Sync 1 DAGs
[2024-07-04T09:48:55.930+0000] {logging_mixin.py:188} INFO - [2024-07-04T09:48:55.930+0000] {dag.py:3954} INFO - Setting next_dagrun for latest_only_with_trigger to 2024-07-04 04:00:00+00:00, run_after=2024-07-04 08:00:00+00:00
[2024-07-04T09:48:56.057+0000] {processor.py:183} INFO - Processing /home/airflow/.local/lib/python3.12/site-packages/airflow/example_dags/example_latest_only_with_trigger.py took 0.515 seconds
[2024-07-04T09:49:26.511+0000] {processor.py:161} INFO - Started process (PID=1729) to work on /home/airflow/.local/lib/python3.12/site-packages/airflow/example_dags/example_latest_only_with_trigger.py
[2024-07-04T09:49:26.512+0000] {processor.py:830} INFO - Processing file /home/airflow/.local/lib/python3.12/site-packages/airflow/example_dags/example_latest_only_with_trigger.py for tasks to queue
[2024-07-04T09:49:26.513+0000] {logging_mixin.py:188} INFO - [2024-07-04T09:49:26.513+0000] {dagbag.py:545} INFO - Filling up the DagBag from /home/airflow/.local/lib/python3.12/site-packages/airflow/example_dags/example_latest_only_with_trigger.py
[2024-07-04T09:49:26.518+0000] {processor.py:840} INFO - DAG(s) 'latest_only_with_trigger' retrieved from /home/airflow/.local/lib/python3.12/site-packages/airflow/example_dags/example_latest_only_with_trigger.py
[2024-07-04T09:49:26.537+0000] {logging_mixin.py:188} INFO - [2024-07-04T09:49:26.537+0000] {dag.py:3096} INFO - Sync 1 DAGs
[2024-07-04T09:49:26.561+0000] {logging_mixin.py:188} INFO - [2024-07-04T09:49:26.561+0000] {dag.py:3954} INFO - Setting next_dagrun for latest_only_with_trigger to 2024-07-04 04:00:00+00:00, run_after=2024-07-04 08:00:00+00:00
[2024-07-04T09:49:26.584+0000] {processor.py:183} INFO - Processing /home/airflow/.local/lib/python3.12/site-packages/airflow/example_dags/example_latest_only_with_trigger.py took 0.078 seconds
[2024-07-04T09:49:57.244+0000] {processor.py:161} INFO - Started process (PID=1789) to work on /home/airflow/.local/lib/python3.12/site-packages/airflow/example_dags/example_latest_only_with_trigger.py
[2024-07-04T09:49:57.246+0000] {processor.py:830} INFO - Processing file /home/airflow/.local/lib/python3.12/site-packages/airflow/example_dags/example_latest_only_with_trigger.py for tasks to queue
[2024-07-04T09:49:57.249+0000] {logging_mixin.py:188} INFO - [2024-07-04T09:49:57.248+0000] {dagbag.py:545} INFO - Filling up the DagBag from /home/airflow/.local/lib/python3.12/site-packages/airflow/example_dags/example_latest_only_with_trigger.py
[2024-07-04T09:49:57.255+0000] {processor.py:840} INFO - DAG(s) 'latest_only_with_trigger' retrieved from /home/airflow/.local/lib/python3.12/site-packages/airflow/example_dags/example_latest_only_with_trigger.py
[2024-07-04T09:49:57.295+0000] {logging_mixin.py:188} INFO - [2024-07-04T09:49:57.295+0000] {dag.py:3096} INFO - Sync 1 DAGs
[2024-07-04T09:49:57.319+0000] {logging_mixin.py:188} INFO - [2024-07-04T09:49:57.319+0000] {dag.py:3954} INFO - Setting next_dagrun for latest_only_with_trigger to 2024-07-04 04:00:00+00:00, run_after=2024-07-04 08:00:00+00:00
[2024-07-04T09:49:57.341+0000] {processor.py:183} INFO - Processing /home/airflow/.local/lib/python3.12/site-packages/airflow/example_dags/example_latest_only_with_trigger.py took 0.102 seconds
[2024-07-04T09:50:28.222+0000] {processor.py:161} INFO - Started process (PID=1848) to work on /home/airflow/.local/lib/python3.12/site-packages/airflow/example_dags/example_latest_only_with_trigger.py
[2024-07-04T09:50:28.224+0000] {processor.py:830} INFO - Processing file /home/airflow/.local/lib/python3.12/site-packages/airflow/example_dags/example_latest_only_with_trigger.py for tasks to queue
[2024-07-04T09:50:28.232+0000] {logging_mixin.py:188} INFO - [2024-07-04T09:50:28.232+0000] {dagbag.py:545} INFO - Filling up the DagBag from /home/airflow/.local/lib/python3.12/site-packages/airflow/example_dags/example_latest_only_with_trigger.py
[2024-07-04T09:50:28.237+0000] {processor.py:840} INFO - DAG(s) 'latest_only_with_trigger' retrieved from /home/airflow/.local/lib/python3.12/site-packages/airflow/example_dags/example_latest_only_with_trigger.py
[2024-07-04T09:50:28.274+0000] {logging_mixin.py:188} INFO - [2024-07-04T09:50:28.273+0000] {dag.py:3096} INFO - Sync 1 DAGs
[2024-07-04T09:50:28.316+0000] {logging_mixin.py:188} INFO - [2024-07-04T09:50:28.316+0000] {dag.py:3954} INFO - Setting next_dagrun for latest_only_with_trigger to 2024-07-04 04:00:00+00:00, run_after=2024-07-04 08:00:00+00:00
[2024-07-04T09:50:28.352+0000] {processor.py:183} INFO - Processing /home/airflow/.local/lib/python3.12/site-packages/airflow/example_dags/example_latest_only_with_trigger.py took 0.136 seconds
[2024-07-04T09:50:58.659+0000] {processor.py:161} INFO - Started process (PID=1907) to work on /home/airflow/.local/lib/python3.12/site-packages/airflow/example_dags/example_latest_only_with_trigger.py
[2024-07-04T09:50:58.663+0000] {processor.py:830} INFO - Processing file /home/airflow/.local/lib/python3.12/site-packages/airflow/example_dags/example_latest_only_with_trigger.py for tasks to queue
[2024-07-04T09:50:58.665+0000] {logging_mixin.py:188} INFO - [2024-07-04T09:50:58.665+0000] {dagbag.py:545} INFO - Filling up the DagBag from /home/airflow/.local/lib/python3.12/site-packages/airflow/example_dags/example_latest_only_with_trigger.py
[2024-07-04T09:50:58.671+0000] {processor.py:840} INFO - DAG(s) 'latest_only_with_trigger' retrieved from /home/airflow/.local/lib/python3.12/site-packages/airflow/example_dags/example_latest_only_with_trigger.py
[2024-07-04T09:50:58.692+0000] {logging_mixin.py:188} INFO - [2024-07-04T09:50:58.692+0000] {dag.py:3096} INFO - Sync 1 DAGs
[2024-07-04T09:50:58.894+0000] {logging_mixin.py:188} INFO - [2024-07-04T09:50:58.893+0000] {dag.py:3954} INFO - Setting next_dagrun for latest_only_with_trigger to 2024-07-04 04:00:00+00:00, run_after=2024-07-04 08:00:00+00:00
[2024-07-04T09:50:58.932+0000] {processor.py:183} INFO - Processing /home/airflow/.local/lib/python3.12/site-packages/airflow/example_dags/example_latest_only_with_trigger.py took 0.279 seconds
[2024-07-04T09:51:29.061+0000] {processor.py:161} INFO - Started process (PID=1966) to work on /home/airflow/.local/lib/python3.12/site-packages/airflow/example_dags/example_latest_only_with_trigger.py
[2024-07-04T09:51:29.063+0000] {processor.py:830} INFO - Processing file /home/airflow/.local/lib/python3.12/site-packages/airflow/example_dags/example_latest_only_with_trigger.py for tasks to queue
[2024-07-04T09:51:29.066+0000] {logging_mixin.py:188} INFO - [2024-07-04T09:51:29.066+0000] {dagbag.py:545} INFO - Filling up the DagBag from /home/airflow/.local/lib/python3.12/site-packages/airflow/example_dags/example_latest_only_with_trigger.py
[2024-07-04T09:51:29.072+0000] {processor.py:840} INFO - DAG(s) 'latest_only_with_trigger' retrieved from /home/airflow/.local/lib/python3.12/site-packages/airflow/example_dags/example_latest_only_with_trigger.py
[2024-07-04T09:51:29.093+0000] {logging_mixin.py:188} INFO - [2024-07-04T09:51:29.093+0000] {dag.py:3096} INFO - Sync 1 DAGs
[2024-07-04T09:51:29.118+0000] {logging_mixin.py:188} INFO - [2024-07-04T09:51:29.118+0000] {dag.py:3954} INFO - Setting next_dagrun for latest_only_with_trigger to 2024-07-04 04:00:00+00:00, run_after=2024-07-04 08:00:00+00:00
[2024-07-04T09:51:29.272+0000] {processor.py:183} INFO - Processing /home/airflow/.local/lib/python3.12/site-packages/airflow/example_dags/example_latest_only_with_trigger.py took 0.216 seconds
[2024-07-04T09:51:59.408+0000] {processor.py:161} INFO - Started process (PID=2025) to work on /home/airflow/.local/lib/python3.12/site-packages/airflow/example_dags/example_latest_only_with_trigger.py
[2024-07-04T09:51:59.410+0000] {processor.py:830} INFO - Processing file /home/airflow/.local/lib/python3.12/site-packages/airflow/example_dags/example_latest_only_with_trigger.py for tasks to queue
[2024-07-04T09:51:59.412+0000] {logging_mixin.py:188} INFO - [2024-07-04T09:51:59.412+0000] {dagbag.py:545} INFO - Filling up the DagBag from /home/airflow/.local/lib/python3.12/site-packages/airflow/example_dags/example_latest_only_with_trigger.py
[2024-07-04T09:51:59.417+0000] {processor.py:840} INFO - DAG(s) 'latest_only_with_trigger' retrieved from /home/airflow/.local/lib/python3.12/site-packages/airflow/example_dags/example_latest_only_with_trigger.py
[2024-07-04T09:51:59.442+0000] {logging_mixin.py:188} INFO - [2024-07-04T09:51:59.442+0000] {dag.py:3096} INFO - Sync 1 DAGs
[2024-07-04T09:51:59.465+0000] {logging_mixin.py:188} INFO - [2024-07-04T09:51:59.465+0000] {dag.py:3954} INFO - Setting next_dagrun for latest_only_with_trigger to 2024-07-04 04:00:00+00:00, run_after=2024-07-04 08:00:00+00:00
[2024-07-04T09:51:59.486+0000] {processor.py:183} INFO - Processing /home/airflow/.local/lib/python3.12/site-packages/airflow/example_dags/example_latest_only_with_trigger.py took 0.083 seconds
[2024-07-04T09:52:30.027+0000] {processor.py:161} INFO - Started process (PID=2085) to work on /home/airflow/.local/lib/python3.12/site-packages/airflow/example_dags/example_latest_only_with_trigger.py
[2024-07-04T09:52:30.030+0000] {processor.py:830} INFO - Processing file /home/airflow/.local/lib/python3.12/site-packages/airflow/example_dags/example_latest_only_with_trigger.py for tasks to queue
[2024-07-04T09:52:30.037+0000] {logging_mixin.py:188} INFO - [2024-07-04T09:52:30.037+0000] {dagbag.py:545} INFO - Filling up the DagBag from /home/airflow/.local/lib/python3.12/site-packages/airflow/example_dags/example_latest_only_with_trigger.py
[2024-07-04T09:52:30.050+0000] {processor.py:840} INFO - DAG(s) 'latest_only_with_trigger' retrieved from /home/airflow/.local/lib/python3.12/site-packages/airflow/example_dags/example_latest_only_with_trigger.py
[2024-07-04T09:52:30.088+0000] {logging_mixin.py:188} INFO - [2024-07-04T09:52:30.088+0000] {dag.py:3096} INFO - Sync 1 DAGs
[2024-07-04T09:52:30.117+0000] {logging_mixin.py:188} INFO - [2024-07-04T09:52:30.116+0000] {dag.py:3954} INFO - Setting next_dagrun for latest_only_with_trigger to 2024-07-04 04:00:00+00:00, run_after=2024-07-04 08:00:00+00:00
[2024-07-04T09:52:30.141+0000] {processor.py:183} INFO - Processing /home/airflow/.local/lib/python3.12/site-packages/airflow/example_dags/example_latest_only_with_trigger.py took 0.132 seconds
[2024-07-04T09:53:00.880+0000] {processor.py:161} INFO - Started process (PID=2144) to work on /home/airflow/.local/lib/python3.12/site-packages/airflow/example_dags/example_latest_only_with_trigger.py
[2024-07-04T09:53:00.882+0000] {processor.py:830} INFO - Processing file /home/airflow/.local/lib/python3.12/site-packages/airflow/example_dags/example_latest_only_with_trigger.py for tasks to queue
[2024-07-04T09:53:00.884+0000] {logging_mixin.py:188} INFO - [2024-07-04T09:53:00.884+0000] {dagbag.py:545} INFO - Filling up the DagBag from /home/airflow/.local/lib/python3.12/site-packages/airflow/example_dags/example_latest_only_with_trigger.py
[2024-07-04T09:53:00.890+0000] {processor.py:840} INFO - DAG(s) 'latest_only_with_trigger' retrieved from /home/airflow/.local/lib/python3.12/site-packages/airflow/example_dags/example_latest_only_with_trigger.py
[2024-07-04T09:53:00.915+0000] {logging_mixin.py:188} INFO - [2024-07-04T09:53:00.914+0000] {dag.py:3096} INFO - Sync 1 DAGs
[2024-07-04T09:53:00.938+0000] {logging_mixin.py:188} INFO - [2024-07-04T09:53:00.938+0000] {dag.py:3954} INFO - Setting next_dagrun for latest_only_with_trigger to 2024-07-04 04:00:00+00:00, run_after=2024-07-04 08:00:00+00:00
[2024-07-04T09:53:00.965+0000] {processor.py:183} INFO - Processing /home/airflow/.local/lib/python3.12/site-packages/airflow/example_dags/example_latest_only_with_trigger.py took 0.090 seconds
[2024-07-04T09:53:31.831+0000] {processor.py:161} INFO - Started process (PID=2202) to work on /home/airflow/.local/lib/python3.12/site-packages/airflow/example_dags/example_latest_only_with_trigger.py
[2024-07-04T09:53:31.833+0000] {processor.py:830} INFO - Processing file /home/airflow/.local/lib/python3.12/site-packages/airflow/example_dags/example_latest_only_with_trigger.py for tasks to queue
[2024-07-04T09:53:31.836+0000] {logging_mixin.py:188} INFO - [2024-07-04T09:53:31.835+0000] {dagbag.py:545} INFO - Filling up the DagBag from /home/airflow/.local/lib/python3.12/site-packages/airflow/example_dags/example_latest_only_with_trigger.py
[2024-07-04T09:53:31.849+0000] {processor.py:840} INFO - DAG(s) 'latest_only_with_trigger' retrieved from /home/airflow/.local/lib/python3.12/site-packages/airflow/example_dags/example_latest_only_with_trigger.py
[2024-07-04T09:53:31.904+0000] {logging_mixin.py:188} INFO - [2024-07-04T09:53:31.903+0000] {dag.py:3096} INFO - Sync 1 DAGs
[2024-07-04T09:53:31.946+0000] {logging_mixin.py:188} INFO - [2024-07-04T09:53:31.945+0000] {dag.py:3954} INFO - Setting next_dagrun for latest_only_with_trigger to 2024-07-04 04:00:00+00:00, run_after=2024-07-04 08:00:00+00:00
[2024-07-04T09:53:32.015+0000] {processor.py:183} INFO - Processing /home/airflow/.local/lib/python3.12/site-packages/airflow/example_dags/example_latest_only_with_trigger.py took 0.192 seconds
[2024-07-04T09:54:16.866+0000] {processor.py:161} INFO - Started process (PID=2280) to work on /home/airflow/.local/lib/python3.12/site-packages/airflow/example_dags/example_latest_only_with_trigger.py
[2024-07-04T09:54:16.873+0000] {processor.py:830} INFO - Processing file /home/airflow/.local/lib/python3.12/site-packages/airflow/example_dags/example_latest_only_with_trigger.py for tasks to queue
[2024-07-04T09:54:16.875+0000] {logging_mixin.py:188} INFO - [2024-07-04T09:54:16.875+0000] {dagbag.py:545} INFO - Filling up the DagBag from /home/airflow/.local/lib/python3.12/site-packages/airflow/example_dags/example_latest_only_with_trigger.py
[2024-07-04T09:54:16.883+0000] {processor.py:840} INFO - DAG(s) 'latest_only_with_trigger' retrieved from /home/airflow/.local/lib/python3.12/site-packages/airflow/example_dags/example_latest_only_with_trigger.py
[2024-07-04T09:54:16.955+0000] {logging_mixin.py:188} INFO - [2024-07-04T09:54:16.955+0000] {dag.py:3096} INFO - Sync 1 DAGs
[2024-07-04T09:54:17.011+0000] {logging_mixin.py:188} INFO - [2024-07-04T09:54:17.011+0000] {dag.py:3954} INFO - Setting next_dagrun for latest_only_with_trigger to 2024-07-04 04:00:00+00:00, run_after=2024-07-04 08:00:00+00:00
[2024-07-04T09:54:17.133+0000] {processor.py:183} INFO - Processing /home/airflow/.local/lib/python3.12/site-packages/airflow/example_dags/example_latest_only_with_trigger.py took 0.277 seconds
[2024-07-04T09:54:47.231+0000] {processor.py:161} INFO - Started process (PID=2338) to work on /home/airflow/.local/lib/python3.12/site-packages/airflow/example_dags/example_latest_only_with_trigger.py
[2024-07-04T09:54:47.233+0000] {processor.py:830} INFO - Processing file /home/airflow/.local/lib/python3.12/site-packages/airflow/example_dags/example_latest_only_with_trigger.py for tasks to queue
[2024-07-04T09:54:47.235+0000] {logging_mixin.py:188} INFO - [2024-07-04T09:54:47.235+0000] {dagbag.py:545} INFO - Filling up the DagBag from /home/airflow/.local/lib/python3.12/site-packages/airflow/example_dags/example_latest_only_with_trigger.py
[2024-07-04T09:54:47.241+0000] {processor.py:840} INFO - DAG(s) 'latest_only_with_trigger' retrieved from /home/airflow/.local/lib/python3.12/site-packages/airflow/example_dags/example_latest_only_with_trigger.py
[2024-07-04T09:54:47.259+0000] {logging_mixin.py:188} INFO - [2024-07-04T09:54:47.259+0000] {dag.py:3096} INFO - Sync 1 DAGs
[2024-07-04T09:54:47.280+0000] {logging_mixin.py:188} INFO - [2024-07-04T09:54:47.279+0000] {dag.py:3954} INFO - Setting next_dagrun for latest_only_with_trigger to 2024-07-04 04:00:00+00:00, run_after=2024-07-04 08:00:00+00:00
[2024-07-04T09:54:47.302+0000] {processor.py:183} INFO - Processing /home/airflow/.local/lib/python3.12/site-packages/airflow/example_dags/example_latest_only_with_trigger.py took 0.076 seconds
[2024-07-04T09:55:18.239+0000] {processor.py:161} INFO - Started process (PID=2397) to work on /home/airflow/.local/lib/python3.12/site-packages/airflow/example_dags/example_latest_only_with_trigger.py
[2024-07-04T09:55:18.245+0000] {processor.py:830} INFO - Processing file /home/airflow/.local/lib/python3.12/site-packages/airflow/example_dags/example_latest_only_with_trigger.py for tasks to queue
[2024-07-04T09:55:18.249+0000] {logging_mixin.py:188} INFO - [2024-07-04T09:55:18.248+0000] {dagbag.py:545} INFO - Filling up the DagBag from /home/airflow/.local/lib/python3.12/site-packages/airflow/example_dags/example_latest_only_with_trigger.py
[2024-07-04T09:55:18.256+0000] {processor.py:840} INFO - DAG(s) 'latest_only_with_trigger' retrieved from /home/airflow/.local/lib/python3.12/site-packages/airflow/example_dags/example_latest_only_with_trigger.py
[2024-07-04T09:55:18.279+0000] {logging_mixin.py:188} INFO - [2024-07-04T09:55:18.279+0000] {dag.py:3096} INFO - Sync 1 DAGs
[2024-07-04T09:55:18.302+0000] {logging_mixin.py:188} INFO - [2024-07-04T09:55:18.302+0000] {dag.py:3954} INFO - Setting next_dagrun for latest_only_with_trigger to 2024-07-04 04:00:00+00:00, run_after=2024-07-04 08:00:00+00:00
[2024-07-04T09:55:18.329+0000] {processor.py:183} INFO - Processing /home/airflow/.local/lib/python3.12/site-packages/airflow/example_dags/example_latest_only_with_trigger.py took 0.096 seconds
[2024-07-04T09:55:49.212+0000] {processor.py:161} INFO - Started process (PID=2456) to work on /home/airflow/.local/lib/python3.12/site-packages/airflow/example_dags/example_latest_only_with_trigger.py
[2024-07-04T09:55:49.214+0000] {processor.py:830} INFO - Processing file /home/airflow/.local/lib/python3.12/site-packages/airflow/example_dags/example_latest_only_with_trigger.py for tasks to queue
[2024-07-04T09:55:49.216+0000] {logging_mixin.py:188} INFO - [2024-07-04T09:55:49.216+0000] {dagbag.py:545} INFO - Filling up the DagBag from /home/airflow/.local/lib/python3.12/site-packages/airflow/example_dags/example_latest_only_with_trigger.py
[2024-07-04T09:55:49.222+0000] {processor.py:840} INFO - DAG(s) 'latest_only_with_trigger' retrieved from /home/airflow/.local/lib/python3.12/site-packages/airflow/example_dags/example_latest_only_with_trigger.py
[2024-07-04T09:55:49.245+0000] {logging_mixin.py:188} INFO - [2024-07-04T09:55:49.244+0000] {dag.py:3096} INFO - Sync 1 DAGs
[2024-07-04T09:55:49.272+0000] {logging_mixin.py:188} INFO - [2024-07-04T09:55:49.272+0000] {dag.py:3954} INFO - Setting next_dagrun for latest_only_with_trigger to 2024-07-04 04:00:00+00:00, run_after=2024-07-04 08:00:00+00:00
[2024-07-04T09:55:49.294+0000] {processor.py:183} INFO - Processing /home/airflow/.local/lib/python3.12/site-packages/airflow/example_dags/example_latest_only_with_trigger.py took 0.088 seconds
[2024-07-04T09:56:21.013+0000] {processor.py:161} INFO - Started process (PID=2515) to work on /home/airflow/.local/lib/python3.12/site-packages/airflow/example_dags/example_latest_only_with_trigger.py
[2024-07-04T09:56:21.016+0000] {processor.py:830} INFO - Processing file /home/airflow/.local/lib/python3.12/site-packages/airflow/example_dags/example_latest_only_with_trigger.py for tasks to queue
[2024-07-04T09:56:21.026+0000] {logging_mixin.py:188} INFO - [2024-07-04T09:56:21.025+0000] {dagbag.py:545} INFO - Filling up the DagBag from /home/airflow/.local/lib/python3.12/site-packages/airflow/example_dags/example_latest_only_with_trigger.py
[2024-07-04T09:56:21.043+0000] {processor.py:840} INFO - DAG(s) 'latest_only_with_trigger' retrieved from /home/airflow/.local/lib/python3.12/site-packages/airflow/example_dags/example_latest_only_with_trigger.py
[2024-07-04T09:56:21.082+0000] {logging_mixin.py:188} INFO - [2024-07-04T09:56:21.082+0000] {dag.py:3096} INFO - Sync 1 DAGs
[2024-07-04T09:56:21.129+0000] {logging_mixin.py:188} INFO - [2024-07-04T09:56:21.128+0000] {dag.py:3954} INFO - Setting next_dagrun for latest_only_with_trigger to 2024-07-04 04:00:00+00:00, run_after=2024-07-04 08:00:00+00:00
[2024-07-04T09:56:21.171+0000] {processor.py:183} INFO - Processing /home/airflow/.local/lib/python3.12/site-packages/airflow/example_dags/example_latest_only_with_trigger.py took 0.180 seconds
[2024-07-04T09:56:51.401+0000] {processor.py:161} INFO - Started process (PID=2574) to work on /home/airflow/.local/lib/python3.12/site-packages/airflow/example_dags/example_latest_only_with_trigger.py
[2024-07-04T09:56:51.402+0000] {processor.py:830} INFO - Processing file /home/airflow/.local/lib/python3.12/site-packages/airflow/example_dags/example_latest_only_with_trigger.py for tasks to queue
[2024-07-04T09:56:51.405+0000] {logging_mixin.py:188} INFO - [2024-07-04T09:56:51.404+0000] {dagbag.py:545} INFO - Filling up the DagBag from /home/airflow/.local/lib/python3.12/site-packages/airflow/example_dags/example_latest_only_with_trigger.py
[2024-07-04T09:56:51.413+0000] {processor.py:840} INFO - DAG(s) 'latest_only_with_trigger' retrieved from /home/airflow/.local/lib/python3.12/site-packages/airflow/example_dags/example_latest_only_with_trigger.py
[2024-07-04T09:56:51.439+0000] {logging_mixin.py:188} INFO - [2024-07-04T09:56:51.439+0000] {dag.py:3096} INFO - Sync 1 DAGs
[2024-07-04T09:56:51.473+0000] {logging_mixin.py:188} INFO - [2024-07-04T09:56:51.472+0000] {dag.py:3954} INFO - Setting next_dagrun for latest_only_with_trigger to 2024-07-04 04:00:00+00:00, run_after=2024-07-04 08:00:00+00:00
[2024-07-04T09:56:51.502+0000] {processor.py:183} INFO - Processing /home/airflow/.local/lib/python3.12/site-packages/airflow/example_dags/example_latest_only_with_trigger.py took 0.110 seconds
[2024-07-04T09:57:21.925+0000] {processor.py:161} INFO - Started process (PID=2633) to work on /home/airflow/.local/lib/python3.12/site-packages/airflow/example_dags/example_latest_only_with_trigger.py
[2024-07-04T09:57:21.926+0000] {processor.py:830} INFO - Processing file /home/airflow/.local/lib/python3.12/site-packages/airflow/example_dags/example_latest_only_with_trigger.py for tasks to queue
[2024-07-04T09:57:21.928+0000] {logging_mixin.py:188} INFO - [2024-07-04T09:57:21.927+0000] {dagbag.py:545} INFO - Filling up the DagBag from /home/airflow/.local/lib/python3.12/site-packages/airflow/example_dags/example_latest_only_with_trigger.py
[2024-07-04T09:57:21.934+0000] {processor.py:840} INFO - DAG(s) 'latest_only_with_trigger' retrieved from /home/airflow/.local/lib/python3.12/site-packages/airflow/example_dags/example_latest_only_with_trigger.py
[2024-07-04T09:57:21.961+0000] {logging_mixin.py:188} INFO - [2024-07-04T09:57:21.961+0000] {dag.py:3096} INFO - Sync 1 DAGs
[2024-07-04T09:57:21.996+0000] {logging_mixin.py:188} INFO - [2024-07-04T09:57:21.995+0000] {dag.py:3954} INFO - Setting next_dagrun for latest_only_with_trigger to 2024-07-04 04:00:00+00:00, run_after=2024-07-04 08:00:00+00:00
[2024-07-04T09:57:22.021+0000] {processor.py:183} INFO - Processing /home/airflow/.local/lib/python3.12/site-packages/airflow/example_dags/example_latest_only_with_trigger.py took 0.102 seconds
[2024-07-04T09:57:53.017+0000] {processor.py:161} INFO - Started process (PID=2693) to work on /home/airflow/.local/lib/python3.12/site-packages/airflow/example_dags/example_latest_only_with_trigger.py
[2024-07-04T09:57:53.020+0000] {processor.py:830} INFO - Processing file /home/airflow/.local/lib/python3.12/site-packages/airflow/example_dags/example_latest_only_with_trigger.py for tasks to queue
[2024-07-04T09:57:53.025+0000] {logging_mixin.py:188} INFO - [2024-07-04T09:57:53.025+0000] {dagbag.py:545} INFO - Filling up the DagBag from /home/airflow/.local/lib/python3.12/site-packages/airflow/example_dags/example_latest_only_with_trigger.py
[2024-07-04T09:57:53.038+0000] {processor.py:840} INFO - DAG(s) 'latest_only_with_trigger' retrieved from /home/airflow/.local/lib/python3.12/site-packages/airflow/example_dags/example_latest_only_with_trigger.py
[2024-07-04T09:57:53.098+0000] {logging_mixin.py:188} INFO - [2024-07-04T09:57:53.092+0000] {dag.py:3096} INFO - Sync 1 DAGs
[2024-07-04T09:57:53.142+0000] {logging_mixin.py:188} INFO - [2024-07-04T09:57:53.141+0000] {dag.py:3954} INFO - Setting next_dagrun for latest_only_with_trigger to 2024-07-04 04:00:00+00:00, run_after=2024-07-04 08:00:00+00:00
[2024-07-04T09:57:53.190+0000] {processor.py:183} INFO - Processing /home/airflow/.local/lib/python3.12/site-packages/airflow/example_dags/example_latest_only_with_trigger.py took 0.186 seconds
[2024-07-04T09:58:23.751+0000] {processor.py:161} INFO - Started process (PID=2752) to work on /home/airflow/.local/lib/python3.12/site-packages/airflow/example_dags/example_latest_only_with_trigger.py
[2024-07-04T09:58:23.756+0000] {processor.py:830} INFO - Processing file /home/airflow/.local/lib/python3.12/site-packages/airflow/example_dags/example_latest_only_with_trigger.py for tasks to queue
[2024-07-04T09:58:23.758+0000] {logging_mixin.py:188} INFO - [2024-07-04T09:58:23.758+0000] {dagbag.py:545} INFO - Filling up the DagBag from /home/airflow/.local/lib/python3.12/site-packages/airflow/example_dags/example_latest_only_with_trigger.py
[2024-07-04T09:58:23.777+0000] {processor.py:840} INFO - DAG(s) 'latest_only_with_trigger' retrieved from /home/airflow/.local/lib/python3.12/site-packages/airflow/example_dags/example_latest_only_with_trigger.py
[2024-07-04T09:58:23.808+0000] {logging_mixin.py:188} INFO - [2024-07-04T09:58:23.808+0000] {dag.py:3096} INFO - Sync 1 DAGs
[2024-07-04T09:58:23.889+0000] {logging_mixin.py:188} INFO - [2024-07-04T09:58:23.889+0000] {dag.py:3954} INFO - Setting next_dagrun for latest_only_with_trigger to 2024-07-04 04:00:00+00:00, run_after=2024-07-04 08:00:00+00:00
[2024-07-04T09:58:23.934+0000] {processor.py:183} INFO - Processing /home/airflow/.local/lib/python3.12/site-packages/airflow/example_dags/example_latest_only_with_trigger.py took 0.188 seconds
[2024-07-04T09:58:53.993+0000] {processor.py:161} INFO - Started process (PID=2812) to work on /home/airflow/.local/lib/python3.12/site-packages/airflow/example_dags/example_latest_only_with_trigger.py
[2024-07-04T09:58:53.995+0000] {processor.py:830} INFO - Processing file /home/airflow/.local/lib/python3.12/site-packages/airflow/example_dags/example_latest_only_with_trigger.py for tasks to queue
[2024-07-04T09:58:53.997+0000] {logging_mixin.py:188} INFO - [2024-07-04T09:58:53.997+0000] {dagbag.py:545} INFO - Filling up the DagBag from /home/airflow/.local/lib/python3.12/site-packages/airflow/example_dags/example_latest_only_with_trigger.py
[2024-07-04T09:58:54.003+0000] {processor.py:840} INFO - DAG(s) 'latest_only_with_trigger' retrieved from /home/airflow/.local/lib/python3.12/site-packages/airflow/example_dags/example_latest_only_with_trigger.py
[2024-07-04T09:58:54.027+0000] {logging_mixin.py:188} INFO - [2024-07-04T09:58:54.027+0000] {dag.py:3096} INFO - Sync 1 DAGs
[2024-07-04T09:58:54.049+0000] {logging_mixin.py:188} INFO - [2024-07-04T09:58:54.048+0000] {dag.py:3954} INFO - Setting next_dagrun for latest_only_with_trigger to 2024-07-04 04:00:00+00:00, run_after=2024-07-04 08:00:00+00:00
[2024-07-04T09:58:54.068+0000] {processor.py:183} INFO - Processing /home/airflow/.local/lib/python3.12/site-packages/airflow/example_dags/example_latest_only_with_trigger.py took 0.081 seconds
[2024-07-04T09:59:24.472+0000] {processor.py:161} INFO - Started process (PID=2872) to work on /home/airflow/.local/lib/python3.12/site-packages/airflow/example_dags/example_latest_only_with_trigger.py
[2024-07-04T09:59:24.473+0000] {processor.py:830} INFO - Processing file /home/airflow/.local/lib/python3.12/site-packages/airflow/example_dags/example_latest_only_with_trigger.py for tasks to queue
[2024-07-04T09:59:24.475+0000] {logging_mixin.py:188} INFO - [2024-07-04T09:59:24.475+0000] {dagbag.py:545} INFO - Filling up the DagBag from /home/airflow/.local/lib/python3.12/site-packages/airflow/example_dags/example_latest_only_with_trigger.py
[2024-07-04T09:59:24.481+0000] {processor.py:840} INFO - DAG(s) 'latest_only_with_trigger' retrieved from /home/airflow/.local/lib/python3.12/site-packages/airflow/example_dags/example_latest_only_with_trigger.py
[2024-07-04T09:59:24.504+0000] {logging_mixin.py:188} INFO - [2024-07-04T09:59:24.503+0000] {dag.py:3096} INFO - Sync 1 DAGs
[2024-07-04T09:59:24.527+0000] {logging_mixin.py:188} INFO - [2024-07-04T09:59:24.527+0000] {dag.py:3954} INFO - Setting next_dagrun for latest_only_with_trigger to 2024-07-04 04:00:00+00:00, run_after=2024-07-04 08:00:00+00:00
[2024-07-04T09:59:24.552+0000] {processor.py:183} INFO - Processing /home/airflow/.local/lib/python3.12/site-packages/airflow/example_dags/example_latest_only_with_trigger.py took 0.086 seconds
[2024-07-04T09:59:54.804+0000] {processor.py:161} INFO - Started process (PID=2931) to work on /home/airflow/.local/lib/python3.12/site-packages/airflow/example_dags/example_latest_only_with_trigger.py
[2024-07-04T09:59:54.805+0000] {processor.py:830} INFO - Processing file /home/airflow/.local/lib/python3.12/site-packages/airflow/example_dags/example_latest_only_with_trigger.py for tasks to queue
[2024-07-04T09:59:54.808+0000] {logging_mixin.py:188} INFO - [2024-07-04T09:59:54.807+0000] {dagbag.py:545} INFO - Filling up the DagBag from /home/airflow/.local/lib/python3.12/site-packages/airflow/example_dags/example_latest_only_with_trigger.py
[2024-07-04T09:59:54.820+0000] {processor.py:840} INFO - DAG(s) 'latest_only_with_trigger' retrieved from /home/airflow/.local/lib/python3.12/site-packages/airflow/example_dags/example_latest_only_with_trigger.py
[2024-07-04T09:59:54.844+0000] {logging_mixin.py:188} INFO - [2024-07-04T09:59:54.844+0000] {dag.py:3096} INFO - Sync 1 DAGs
[2024-07-04T09:59:54.888+0000] {logging_mixin.py:188} INFO - [2024-07-04T09:59:54.887+0000] {dag.py:3954} INFO - Setting next_dagrun for latest_only_with_trigger to 2024-07-04 04:00:00+00:00, run_after=2024-07-04 08:00:00+00:00
[2024-07-04T09:59:54.956+0000] {processor.py:183} INFO - Processing /home/airflow/.local/lib/python3.12/site-packages/airflow/example_dags/example_latest_only_with_trigger.py took 0.158 seconds
[2024-07-04T10:00:25.759+0000] {processor.py:161} INFO - Started process (PID=2990) to work on /home/airflow/.local/lib/python3.12/site-packages/airflow/example_dags/example_latest_only_with_trigger.py
[2024-07-04T10:00:25.760+0000] {processor.py:830} INFO - Processing file /home/airflow/.local/lib/python3.12/site-packages/airflow/example_dags/example_latest_only_with_trigger.py for tasks to queue
[2024-07-04T10:00:25.763+0000] {logging_mixin.py:188} INFO - [2024-07-04T10:00:25.762+0000] {dagbag.py:545} INFO - Filling up the DagBag from /home/airflow/.local/lib/python3.12/site-packages/airflow/example_dags/example_latest_only_with_trigger.py
[2024-07-04T10:00:25.769+0000] {processor.py:840} INFO - DAG(s) 'latest_only_with_trigger' retrieved from /home/airflow/.local/lib/python3.12/site-packages/airflow/example_dags/example_latest_only_with_trigger.py
[2024-07-04T10:00:25.793+0000] {logging_mixin.py:188} INFO - [2024-07-04T10:00:25.793+0000] {dag.py:3096} INFO - Sync 1 DAGs
[2024-07-04T10:00:25.815+0000] {logging_mixin.py:188} INFO - [2024-07-04T10:00:25.815+0000] {dag.py:3954} INFO - Setting next_dagrun for latest_only_with_trigger to 2024-07-04 04:00:00+00:00, run_after=2024-07-04 08:00:00+00:00
[2024-07-04T10:00:25.835+0000] {processor.py:183} INFO - Processing /home/airflow/.local/lib/python3.12/site-packages/airflow/example_dags/example_latest_only_with_trigger.py took 0.082 seconds
[2024-07-04T10:00:56.387+0000] {processor.py:161} INFO - Started process (PID=3051) to work on /home/airflow/.local/lib/python3.12/site-packages/airflow/example_dags/example_latest_only_with_trigger.py
[2024-07-04T10:00:56.389+0000] {processor.py:830} INFO - Processing file /home/airflow/.local/lib/python3.12/site-packages/airflow/example_dags/example_latest_only_with_trigger.py for tasks to queue
[2024-07-04T10:00:56.391+0000] {logging_mixin.py:188} INFO - [2024-07-04T10:00:56.391+0000] {dagbag.py:545} INFO - Filling up the DagBag from /home/airflow/.local/lib/python3.12/site-packages/airflow/example_dags/example_latest_only_with_trigger.py
[2024-07-04T10:00:56.399+0000] {processor.py:840} INFO - DAG(s) 'latest_only_with_trigger' retrieved from /home/airflow/.local/lib/python3.12/site-packages/airflow/example_dags/example_latest_only_with_trigger.py
[2024-07-04T10:00:56.429+0000] {logging_mixin.py:188} INFO - [2024-07-04T10:00:56.429+0000] {dag.py:3096} INFO - Sync 1 DAGs
[2024-07-04T10:00:56.457+0000] {logging_mixin.py:188} INFO - [2024-07-04T10:00:56.457+0000] {dag.py:3954} INFO - Setting next_dagrun for latest_only_with_trigger to 2024-07-04 04:00:00+00:00, run_after=2024-07-04 08:00:00+00:00
[2024-07-04T10:00:56.488+0000] {processor.py:183} INFO - Processing /home/airflow/.local/lib/python3.12/site-packages/airflow/example_dags/example_latest_only_with_trigger.py took 0.108 seconds
[2024-07-04T10:01:27.296+0000] {processor.py:161} INFO - Started process (PID=3110) to work on /home/airflow/.local/lib/python3.12/site-packages/airflow/example_dags/example_latest_only_with_trigger.py
[2024-07-04T10:01:27.305+0000] {processor.py:830} INFO - Processing file /home/airflow/.local/lib/python3.12/site-packages/airflow/example_dags/example_latest_only_with_trigger.py for tasks to queue
[2024-07-04T10:01:27.314+0000] {logging_mixin.py:188} INFO - [2024-07-04T10:01:27.314+0000] {dagbag.py:545} INFO - Filling up the DagBag from /home/airflow/.local/lib/python3.12/site-packages/airflow/example_dags/example_latest_only_with_trigger.py
[2024-07-04T10:01:27.326+0000] {processor.py:840} INFO - DAG(s) 'latest_only_with_trigger' retrieved from /home/airflow/.local/lib/python3.12/site-packages/airflow/example_dags/example_latest_only_with_trigger.py
[2024-07-04T10:01:27.363+0000] {logging_mixin.py:188} INFO - [2024-07-04T10:01:27.363+0000] {dag.py:3096} INFO - Sync 1 DAGs
[2024-07-04T10:01:27.421+0000] {logging_mixin.py:188} INFO - [2024-07-04T10:01:27.421+0000] {dag.py:3954} INFO - Setting next_dagrun for latest_only_with_trigger to 2024-07-04 04:00:00+00:00, run_after=2024-07-04 08:00:00+00:00
[2024-07-04T10:01:27.468+0000] {processor.py:183} INFO - Processing /home/airflow/.local/lib/python3.12/site-packages/airflow/example_dags/example_latest_only_with_trigger.py took 0.181 seconds
[2024-07-04T10:01:57.663+0000] {processor.py:161} INFO - Started process (PID=3170) to work on /home/airflow/.local/lib/python3.12/site-packages/airflow/example_dags/example_latest_only_with_trigger.py
[2024-07-04T10:01:57.664+0000] {processor.py:830} INFO - Processing file /home/airflow/.local/lib/python3.12/site-packages/airflow/example_dags/example_latest_only_with_trigger.py for tasks to queue
[2024-07-04T10:01:57.667+0000] {logging_mixin.py:188} INFO - [2024-07-04T10:01:57.666+0000] {dagbag.py:545} INFO - Filling up the DagBag from /home/airflow/.local/lib/python3.12/site-packages/airflow/example_dags/example_latest_only_with_trigger.py
[2024-07-04T10:01:57.672+0000] {processor.py:840} INFO - DAG(s) 'latest_only_with_trigger' retrieved from /home/airflow/.local/lib/python3.12/site-packages/airflow/example_dags/example_latest_only_with_trigger.py
[2024-07-04T10:01:57.693+0000] {logging_mixin.py:188} INFO - [2024-07-04T10:01:57.693+0000] {dag.py:3096} INFO - Sync 1 DAGs
[2024-07-04T10:01:57.715+0000] {logging_mixin.py:188} INFO - [2024-07-04T10:01:57.715+0000] {dag.py:3954} INFO - Setting next_dagrun for latest_only_with_trigger to 2024-07-04 04:00:00+00:00, run_after=2024-07-04 08:00:00+00:00
[2024-07-04T10:01:57.735+0000] {processor.py:183} INFO - Processing /home/airflow/.local/lib/python3.12/site-packages/airflow/example_dags/example_latest_only_with_trigger.py took 0.080 seconds
[2024-07-04T10:02:27.896+0000] {processor.py:161} INFO - Started process (PID=3229) to work on /home/airflow/.local/lib/python3.12/site-packages/airflow/example_dags/example_latest_only_with_trigger.py
[2024-07-04T10:02:27.903+0000] {processor.py:830} INFO - Processing file /home/airflow/.local/lib/python3.12/site-packages/airflow/example_dags/example_latest_only_with_trigger.py for tasks to queue
[2024-07-04T10:02:27.907+0000] {logging_mixin.py:188} INFO - [2024-07-04T10:02:27.906+0000] {dagbag.py:545} INFO - Filling up the DagBag from /home/airflow/.local/lib/python3.12/site-packages/airflow/example_dags/example_latest_only_with_trigger.py
[2024-07-04T10:02:27.912+0000] {processor.py:840} INFO - DAG(s) 'latest_only_with_trigger' retrieved from /home/airflow/.local/lib/python3.12/site-packages/airflow/example_dags/example_latest_only_with_trigger.py
[2024-07-04T10:02:27.961+0000] {logging_mixin.py:188} INFO - [2024-07-04T10:02:27.961+0000] {dag.py:3096} INFO - Sync 1 DAGs
[2024-07-04T10:02:28.010+0000] {logging_mixin.py:188} INFO - [2024-07-04T10:02:28.009+0000] {dag.py:3954} INFO - Setting next_dagrun for latest_only_with_trigger to 2024-07-04 04:00:00+00:00, run_after=2024-07-04 08:00:00+00:00
[2024-07-04T10:02:28.044+0000] {processor.py:183} INFO - Processing /home/airflow/.local/lib/python3.12/site-packages/airflow/example_dags/example_latest_only_with_trigger.py took 0.153 seconds
[2024-07-04T10:02:58.434+0000] {processor.py:161} INFO - Started process (PID=3289) to work on /home/airflow/.local/lib/python3.12/site-packages/airflow/example_dags/example_latest_only_with_trigger.py
[2024-07-04T10:02:58.435+0000] {processor.py:830} INFO - Processing file /home/airflow/.local/lib/python3.12/site-packages/airflow/example_dags/example_latest_only_with_trigger.py for tasks to queue
[2024-07-04T10:02:58.439+0000] {logging_mixin.py:188} INFO - [2024-07-04T10:02:58.438+0000] {dagbag.py:545} INFO - Filling up the DagBag from /home/airflow/.local/lib/python3.12/site-packages/airflow/example_dags/example_latest_only_with_trigger.py
[2024-07-04T10:02:58.446+0000] {processor.py:840} INFO - DAG(s) 'latest_only_with_trigger' retrieved from /home/airflow/.local/lib/python3.12/site-packages/airflow/example_dags/example_latest_only_with_trigger.py
[2024-07-04T10:02:58.471+0000] {logging_mixin.py:188} INFO - [2024-07-04T10:02:58.471+0000] {dag.py:3096} INFO - Sync 1 DAGs
[2024-07-04T10:02:58.493+0000] {logging_mixin.py:188} INFO - [2024-07-04T10:02:58.493+0000] {dag.py:3954} INFO - Setting next_dagrun for latest_only_with_trigger to 2024-07-04 04:00:00+00:00, run_after=2024-07-04 08:00:00+00:00
[2024-07-04T10:02:58.516+0000] {processor.py:183} INFO - Processing /home/airflow/.local/lib/python3.12/site-packages/airflow/example_dags/example_latest_only_with_trigger.py took 0.089 seconds
[2024-07-04T10:03:29.768+0000] {processor.py:161} INFO - Started process (PID=3348) to work on /home/airflow/.local/lib/python3.12/site-packages/airflow/example_dags/example_latest_only_with_trigger.py
[2024-07-04T10:03:29.772+0000] {processor.py:830} INFO - Processing file /home/airflow/.local/lib/python3.12/site-packages/airflow/example_dags/example_latest_only_with_trigger.py for tasks to queue
[2024-07-04T10:03:29.792+0000] {logging_mixin.py:188} INFO - [2024-07-04T10:03:29.791+0000] {dagbag.py:545} INFO - Filling up the DagBag from /home/airflow/.local/lib/python3.12/site-packages/airflow/example_dags/example_latest_only_with_trigger.py
[2024-07-04T10:03:29.811+0000] {processor.py:840} INFO - DAG(s) 'latest_only_with_trigger' retrieved from /home/airflow/.local/lib/python3.12/site-packages/airflow/example_dags/example_latest_only_with_trigger.py
[2024-07-04T10:03:29.876+0000] {logging_mixin.py:188} INFO - [2024-07-04T10:03:29.876+0000] {dag.py:3096} INFO - Sync 1 DAGs
[2024-07-04T10:03:29.938+0000] {logging_mixin.py:188} INFO - [2024-07-04T10:03:29.937+0000] {dag.py:3954} INFO - Setting next_dagrun for latest_only_with_trigger to 2024-07-04 04:00:00+00:00, run_after=2024-07-04 08:00:00+00:00
[2024-07-04T10:03:29.995+0000] {processor.py:183} INFO - Processing /home/airflow/.local/lib/python3.12/site-packages/airflow/example_dags/example_latest_only_with_trigger.py took 0.269 seconds
