[2024-07-04T09:34:49.205+0000] {processor.py:161} INFO - Started process (PID=50) to work on /home/airflow/.local/lib/python3.12/site-packages/airflow/example_dags/example_task_group_decorator.py
[2024-07-04T09:34:49.206+0000] {processor.py:830} INFO - Processing file /home/airflow/.local/lib/python3.12/site-packages/airflow/example_dags/example_task_group_decorator.py for tasks to queue
[2024-07-04T09:34:49.222+0000] {logging_mixin.py:188} INFO - [2024-07-04T09:34:49.221+0000] {dagbag.py:545} INFO - Filling up the DagBag from /home/airflow/.local/lib/python3.12/site-packages/airflow/example_dags/example_task_group_decorator.py
[2024-07-04T09:34:49.503+0000] {processor.py:840} INFO - DAG(s) 'example_task_group_decorator' retrieved from /home/airflow/.local/lib/python3.12/site-packages/airflow/example_dags/example_task_group_decorator.py
[2024-07-04T09:34:50.325+0000] {logging_mixin.py:188} INFO - [2024-07-04T09:34:50.325+0000] {dag.py:3096} INFO - Sync 1 DAGs
[2024-07-04T09:34:50.540+0000] {logging_mixin.py:188} INFO - [2024-07-04T09:34:50.540+0000] {dag.py:3954} INFO - Setting next_dagrun for example_task_group_decorator to 2024-07-03 00:00:00+00:00, run_after=2024-07-04 00:00:00+00:00
[2024-07-04T09:34:50.857+0000] {processor.py:183} INFO - Processing /home/airflow/.local/lib/python3.12/site-packages/airflow/example_dags/example_task_group_decorator.py took 1.692 seconds
[2024-07-04T09:35:21.012+0000] {processor.py:161} INFO - Started process (PID=108) to work on /home/airflow/.local/lib/python3.12/site-packages/airflow/example_dags/example_task_group_decorator.py
[2024-07-04T09:35:21.013+0000] {processor.py:830} INFO - Processing file /home/airflow/.local/lib/python3.12/site-packages/airflow/example_dags/example_task_group_decorator.py for tasks to queue
[2024-07-04T09:35:21.015+0000] {logging_mixin.py:188} INFO - [2024-07-04T09:35:21.014+0000] {dagbag.py:545} INFO - Filling up the DagBag from /home/airflow/.local/lib/python3.12/site-packages/airflow/example_dags/example_task_group_decorator.py
[2024-07-04T09:35:21.028+0000] {processor.py:840} INFO - DAG(s) 'example_task_group_decorator' retrieved from /home/airflow/.local/lib/python3.12/site-packages/airflow/example_dags/example_task_group_decorator.py
[2024-07-04T09:35:21.051+0000] {logging_mixin.py:188} INFO - [2024-07-04T09:35:21.051+0000] {dag.py:3096} INFO - Sync 1 DAGs
[2024-07-04T09:35:21.072+0000] {logging_mixin.py:188} INFO - [2024-07-04T09:35:21.071+0000] {dag.py:3954} INFO - Setting next_dagrun for example_task_group_decorator to 2024-07-03 00:00:00+00:00, run_after=2024-07-04 00:00:00+00:00
[2024-07-04T09:35:21.092+0000] {processor.py:183} INFO - Processing /home/airflow/.local/lib/python3.12/site-packages/airflow/example_dags/example_task_group_decorator.py took 0.086 seconds
[2024-07-04T09:35:51.393+0000] {processor.py:161} INFO - Started process (PID=167) to work on /home/airflow/.local/lib/python3.12/site-packages/airflow/example_dags/example_task_group_decorator.py
[2024-07-04T09:35:51.394+0000] {processor.py:830} INFO - Processing file /home/airflow/.local/lib/python3.12/site-packages/airflow/example_dags/example_task_group_decorator.py for tasks to queue
[2024-07-04T09:35:51.397+0000] {logging_mixin.py:188} INFO - [2024-07-04T09:35:51.396+0000] {dagbag.py:545} INFO - Filling up the DagBag from /home/airflow/.local/lib/python3.12/site-packages/airflow/example_dags/example_task_group_decorator.py
[2024-07-04T09:35:51.414+0000] {processor.py:840} INFO - DAG(s) 'example_task_group_decorator' retrieved from /home/airflow/.local/lib/python3.12/site-packages/airflow/example_dags/example_task_group_decorator.py
[2024-07-04T09:35:51.447+0000] {logging_mixin.py:188} INFO - [2024-07-04T09:35:51.447+0000] {dag.py:3096} INFO - Sync 1 DAGs
[2024-07-04T09:35:51.476+0000] {logging_mixin.py:188} INFO - [2024-07-04T09:35:51.476+0000] {dag.py:3954} INFO - Setting next_dagrun for example_task_group_decorator to 2024-07-03 00:00:00+00:00, run_after=2024-07-04 00:00:00+00:00
[2024-07-04T09:35:51.502+0000] {processor.py:183} INFO - Processing /home/airflow/.local/lib/python3.12/site-packages/airflow/example_dags/example_task_group_decorator.py took 0.115 seconds
[2024-07-04T09:36:26.225+0000] {processor.py:161} INFO - Started process (PID=224) to work on /home/airflow/.local/lib/python3.12/site-packages/airflow/example_dags/example_task_group_decorator.py
[2024-07-04T09:36:26.232+0000] {processor.py:830} INFO - Processing file /home/airflow/.local/lib/python3.12/site-packages/airflow/example_dags/example_task_group_decorator.py for tasks to queue
[2024-07-04T09:36:26.239+0000] {logging_mixin.py:188} INFO - [2024-07-04T09:36:26.238+0000] {dagbag.py:545} INFO - Filling up the DagBag from /home/airflow/.local/lib/python3.12/site-packages/airflow/example_dags/example_task_group_decorator.py
[2024-07-04T09:36:26.477+0000] {processor.py:840} INFO - DAG(s) 'example_task_group_decorator' retrieved from /home/airflow/.local/lib/python3.12/site-packages/airflow/example_dags/example_task_group_decorator.py
[2024-07-04T09:36:26.866+0000] {logging_mixin.py:188} INFO - [2024-07-04T09:36:26.865+0000] {dag.py:3096} INFO - Sync 1 DAGs
[2024-07-04T09:36:27.088+0000] {logging_mixin.py:188} INFO - [2024-07-04T09:36:27.087+0000] {dag.py:3954} INFO - Setting next_dagrun for example_task_group_decorator to 2024-07-03 00:00:00+00:00, run_after=2024-07-04 00:00:00+00:00
[2024-07-04T09:36:27.173+0000] {processor.py:183} INFO - Processing /home/airflow/.local/lib/python3.12/site-packages/airflow/example_dags/example_task_group_decorator.py took 1.142 seconds
[2024-07-04T09:36:57.680+0000] {processor.py:161} INFO - Started process (PID=283) to work on /home/airflow/.local/lib/python3.12/site-packages/airflow/example_dags/example_task_group_decorator.py
[2024-07-04T09:36:57.688+0000] {processor.py:830} INFO - Processing file /home/airflow/.local/lib/python3.12/site-packages/airflow/example_dags/example_task_group_decorator.py for tasks to queue
[2024-07-04T09:36:57.699+0000] {logging_mixin.py:188} INFO - [2024-07-04T09:36:57.699+0000] {dagbag.py:545} INFO - Filling up the DagBag from /home/airflow/.local/lib/python3.12/site-packages/airflow/example_dags/example_task_group_decorator.py
[2024-07-04T09:36:57.761+0000] {processor.py:840} INFO - DAG(s) 'example_task_group_decorator' retrieved from /home/airflow/.local/lib/python3.12/site-packages/airflow/example_dags/example_task_group_decorator.py
[2024-07-04T09:36:57.839+0000] {logging_mixin.py:188} INFO - [2024-07-04T09:36:57.838+0000] {dag.py:3096} INFO - Sync 1 DAGs
[2024-07-04T09:36:57.882+0000] {logging_mixin.py:188} INFO - [2024-07-04T09:36:57.881+0000] {dag.py:3954} INFO - Setting next_dagrun for example_task_group_decorator to 2024-07-03 00:00:00+00:00, run_after=2024-07-04 00:00:00+00:00
[2024-07-04T09:36:57.944+0000] {processor.py:183} INFO - Processing /home/airflow/.local/lib/python3.12/site-packages/airflow/example_dags/example_task_group_decorator.py took 0.280 seconds
[2024-07-04T09:37:28.832+0000] {processor.py:161} INFO - Started process (PID=342) to work on /home/airflow/.local/lib/python3.12/site-packages/airflow/example_dags/example_task_group_decorator.py
[2024-07-04T09:37:28.833+0000] {processor.py:830} INFO - Processing file /home/airflow/.local/lib/python3.12/site-packages/airflow/example_dags/example_task_group_decorator.py for tasks to queue
[2024-07-04T09:37:28.834+0000] {logging_mixin.py:188} INFO - [2024-07-04T09:37:28.834+0000] {dagbag.py:545} INFO - Filling up the DagBag from /home/airflow/.local/lib/python3.12/site-packages/airflow/example_dags/example_task_group_decorator.py
[2024-07-04T09:37:28.855+0000] {processor.py:840} INFO - DAG(s) 'example_task_group_decorator' retrieved from /home/airflow/.local/lib/python3.12/site-packages/airflow/example_dags/example_task_group_decorator.py
[2024-07-04T09:37:28.887+0000] {logging_mixin.py:188} INFO - [2024-07-04T09:37:28.886+0000] {dag.py:3096} INFO - Sync 1 DAGs
[2024-07-04T09:37:28.909+0000] {logging_mixin.py:188} INFO - [2024-07-04T09:37:28.909+0000] {dag.py:3954} INFO - Setting next_dagrun for example_task_group_decorator to 2024-07-03 00:00:00+00:00, run_after=2024-07-04 00:00:00+00:00
[2024-07-04T09:37:28.931+0000] {processor.py:183} INFO - Processing /home/airflow/.local/lib/python3.12/site-packages/airflow/example_dags/example_task_group_decorator.py took 0.107 seconds
[2024-07-04T09:37:59.257+0000] {processor.py:161} INFO - Started process (PID=401) to work on /home/airflow/.local/lib/python3.12/site-packages/airflow/example_dags/example_task_group_decorator.py
[2024-07-04T09:37:59.260+0000] {processor.py:830} INFO - Processing file /home/airflow/.local/lib/python3.12/site-packages/airflow/example_dags/example_task_group_decorator.py for tasks to queue
[2024-07-04T09:37:59.262+0000] {logging_mixin.py:188} INFO - [2024-07-04T09:37:59.261+0000] {dagbag.py:545} INFO - Filling up the DagBag from /home/airflow/.local/lib/python3.12/site-packages/airflow/example_dags/example_task_group_decorator.py
[2024-07-04T09:37:59.275+0000] {processor.py:840} INFO - DAG(s) 'example_task_group_decorator' retrieved from /home/airflow/.local/lib/python3.12/site-packages/airflow/example_dags/example_task_group_decorator.py
[2024-07-04T09:37:59.302+0000] {logging_mixin.py:188} INFO - [2024-07-04T09:37:59.302+0000] {dag.py:3096} INFO - Sync 1 DAGs
[2024-07-04T09:37:59.323+0000] {logging_mixin.py:188} INFO - [2024-07-04T09:37:59.323+0000] {dag.py:3954} INFO - Setting next_dagrun for example_task_group_decorator to 2024-07-03 00:00:00+00:00, run_after=2024-07-04 00:00:00+00:00
[2024-07-04T09:37:59.350+0000] {processor.py:183} INFO - Processing /home/airflow/.local/lib/python3.12/site-packages/airflow/example_dags/example_task_group_decorator.py took 0.098 seconds
[2024-07-04T09:38:29.596+0000] {processor.py:161} INFO - Started process (PID=467) to work on /home/airflow/.local/lib/python3.12/site-packages/airflow/example_dags/example_task_group_decorator.py
[2024-07-04T09:38:29.598+0000] {processor.py:830} INFO - Processing file /home/airflow/.local/lib/python3.12/site-packages/airflow/example_dags/example_task_group_decorator.py for tasks to queue
[2024-07-04T09:38:29.600+0000] {logging_mixin.py:188} INFO - [2024-07-04T09:38:29.600+0000] {dagbag.py:545} INFO - Filling up the DagBag from /home/airflow/.local/lib/python3.12/site-packages/airflow/example_dags/example_task_group_decorator.py
[2024-07-04T09:38:29.623+0000] {processor.py:840} INFO - DAG(s) 'example_task_group_decorator' retrieved from /home/airflow/.local/lib/python3.12/site-packages/airflow/example_dags/example_task_group_decorator.py
[2024-07-04T09:38:29.648+0000] {logging_mixin.py:188} INFO - [2024-07-04T09:38:29.648+0000] {dag.py:3096} INFO - Sync 1 DAGs
[2024-07-04T09:38:29.696+0000] {logging_mixin.py:188} INFO - [2024-07-04T09:38:29.695+0000] {dag.py:3954} INFO - Setting next_dagrun for example_task_group_decorator to 2024-07-03 00:00:00+00:00, run_after=2024-07-04 00:00:00+00:00
[2024-07-04T09:38:29.728+0000] {processor.py:183} INFO - Processing /home/airflow/.local/lib/python3.12/site-packages/airflow/example_dags/example_task_group_decorator.py took 0.137 seconds
[2024-07-04T09:38:59.935+0000] {processor.py:161} INFO - Started process (PID=526) to work on /home/airflow/.local/lib/python3.12/site-packages/airflow/example_dags/example_task_group_decorator.py
[2024-07-04T09:38:59.936+0000] {processor.py:830} INFO - Processing file /home/airflow/.local/lib/python3.12/site-packages/airflow/example_dags/example_task_group_decorator.py for tasks to queue
[2024-07-04T09:38:59.938+0000] {logging_mixin.py:188} INFO - [2024-07-04T09:38:59.938+0000] {dagbag.py:545} INFO - Filling up the DagBag from /home/airflow/.local/lib/python3.12/site-packages/airflow/example_dags/example_task_group_decorator.py
[2024-07-04T09:38:59.956+0000] {processor.py:840} INFO - DAG(s) 'example_task_group_decorator' retrieved from /home/airflow/.local/lib/python3.12/site-packages/airflow/example_dags/example_task_group_decorator.py
[2024-07-04T09:39:00.007+0000] {logging_mixin.py:188} INFO - [2024-07-04T09:39:00.006+0000] {dag.py:3096} INFO - Sync 1 DAGs
[2024-07-04T09:39:00.042+0000] {logging_mixin.py:188} INFO - [2024-07-04T09:39:00.042+0000] {dag.py:3954} INFO - Setting next_dagrun for example_task_group_decorator to 2024-07-03 00:00:00+00:00, run_after=2024-07-04 00:00:00+00:00
[2024-07-04T09:39:00.072+0000] {processor.py:183} INFO - Processing /home/airflow/.local/lib/python3.12/site-packages/airflow/example_dags/example_task_group_decorator.py took 0.146 seconds
[2024-07-04T09:39:30.361+0000] {processor.py:161} INFO - Started process (PID=585) to work on /home/airflow/.local/lib/python3.12/site-packages/airflow/example_dags/example_task_group_decorator.py
[2024-07-04T09:39:30.362+0000] {processor.py:830} INFO - Processing file /home/airflow/.local/lib/python3.12/site-packages/airflow/example_dags/example_task_group_decorator.py for tasks to queue
[2024-07-04T09:39:30.365+0000] {logging_mixin.py:188} INFO - [2024-07-04T09:39:30.364+0000] {dagbag.py:545} INFO - Filling up the DagBag from /home/airflow/.local/lib/python3.12/site-packages/airflow/example_dags/example_task_group_decorator.py
[2024-07-04T09:39:30.390+0000] {processor.py:840} INFO - DAG(s) 'example_task_group_decorator' retrieved from /home/airflow/.local/lib/python3.12/site-packages/airflow/example_dags/example_task_group_decorator.py
[2024-07-04T09:39:30.413+0000] {logging_mixin.py:188} INFO - [2024-07-04T09:39:30.413+0000] {dag.py:3096} INFO - Sync 1 DAGs
[2024-07-04T09:39:30.432+0000] {logging_mixin.py:188} INFO - [2024-07-04T09:39:30.432+0000] {dag.py:3954} INFO - Setting next_dagrun for example_task_group_decorator to 2024-07-03 00:00:00+00:00, run_after=2024-07-04 00:00:00+00:00
[2024-07-04T09:39:30.457+0000] {processor.py:183} INFO - Processing /home/airflow/.local/lib/python3.12/site-packages/airflow/example_dags/example_task_group_decorator.py took 0.101 seconds
[2024-07-04T09:40:00.530+0000] {processor.py:161} INFO - Started process (PID=644) to work on /home/airflow/.local/lib/python3.12/site-packages/airflow/example_dags/example_task_group_decorator.py
[2024-07-04T09:40:00.531+0000] {processor.py:830} INFO - Processing file /home/airflow/.local/lib/python3.12/site-packages/airflow/example_dags/example_task_group_decorator.py for tasks to queue
[2024-07-04T09:40:00.533+0000] {logging_mixin.py:188} INFO - [2024-07-04T09:40:00.533+0000] {dagbag.py:545} INFO - Filling up the DagBag from /home/airflow/.local/lib/python3.12/site-packages/airflow/example_dags/example_task_group_decorator.py
[2024-07-04T09:40:00.546+0000] {processor.py:840} INFO - DAG(s) 'example_task_group_decorator' retrieved from /home/airflow/.local/lib/python3.12/site-packages/airflow/example_dags/example_task_group_decorator.py
[2024-07-04T09:40:00.569+0000] {logging_mixin.py:188} INFO - [2024-07-04T09:40:00.569+0000] {dag.py:3096} INFO - Sync 1 DAGs
[2024-07-04T09:40:00.590+0000] {logging_mixin.py:188} INFO - [2024-07-04T09:40:00.589+0000] {dag.py:3954} INFO - Setting next_dagrun for example_task_group_decorator to 2024-07-03 00:00:00+00:00, run_after=2024-07-04 00:00:00+00:00
[2024-07-04T09:40:00.613+0000] {processor.py:183} INFO - Processing /home/airflow/.local/lib/python3.12/site-packages/airflow/example_dags/example_task_group_decorator.py took 0.087 seconds
[2024-07-04T09:40:30.873+0000] {processor.py:161} INFO - Started process (PID=703) to work on /home/airflow/.local/lib/python3.12/site-packages/airflow/example_dags/example_task_group_decorator.py
[2024-07-04T09:40:30.875+0000] {processor.py:830} INFO - Processing file /home/airflow/.local/lib/python3.12/site-packages/airflow/example_dags/example_task_group_decorator.py for tasks to queue
[2024-07-04T09:40:30.878+0000] {logging_mixin.py:188} INFO - [2024-07-04T09:40:30.878+0000] {dagbag.py:545} INFO - Filling up the DagBag from /home/airflow/.local/lib/python3.12/site-packages/airflow/example_dags/example_task_group_decorator.py
[2024-07-04T09:40:30.896+0000] {processor.py:840} INFO - DAG(s) 'example_task_group_decorator' retrieved from /home/airflow/.local/lib/python3.12/site-packages/airflow/example_dags/example_task_group_decorator.py
[2024-07-04T09:40:30.934+0000] {logging_mixin.py:188} INFO - [2024-07-04T09:40:30.934+0000] {dag.py:3096} INFO - Sync 1 DAGs
[2024-07-04T09:40:30.962+0000] {logging_mixin.py:188} INFO - [2024-07-04T09:40:30.961+0000] {dag.py:3954} INFO - Setting next_dagrun for example_task_group_decorator to 2024-07-03 00:00:00+00:00, run_after=2024-07-04 00:00:00+00:00
[2024-07-04T09:40:30.991+0000] {processor.py:183} INFO - Processing /home/airflow/.local/lib/python3.12/site-packages/airflow/example_dags/example_task_group_decorator.py took 0.124 seconds
[2024-07-04T09:41:01.180+0000] {processor.py:161} INFO - Started process (PID=763) to work on /home/airflow/.local/lib/python3.12/site-packages/airflow/example_dags/example_task_group_decorator.py
[2024-07-04T09:41:01.181+0000] {processor.py:830} INFO - Processing file /home/airflow/.local/lib/python3.12/site-packages/airflow/example_dags/example_task_group_decorator.py for tasks to queue
[2024-07-04T09:41:01.183+0000] {logging_mixin.py:188} INFO - [2024-07-04T09:41:01.183+0000] {dagbag.py:545} INFO - Filling up the DagBag from /home/airflow/.local/lib/python3.12/site-packages/airflow/example_dags/example_task_group_decorator.py
[2024-07-04T09:41:01.203+0000] {processor.py:840} INFO - DAG(s) 'example_task_group_decorator' retrieved from /home/airflow/.local/lib/python3.12/site-packages/airflow/example_dags/example_task_group_decorator.py
[2024-07-04T09:41:01.238+0000] {logging_mixin.py:188} INFO - [2024-07-04T09:41:01.237+0000] {dag.py:3096} INFO - Sync 1 DAGs
[2024-07-04T09:41:01.268+0000] {logging_mixin.py:188} INFO - [2024-07-04T09:41:01.268+0000] {dag.py:3954} INFO - Setting next_dagrun for example_task_group_decorator to 2024-07-03 00:00:00+00:00, run_after=2024-07-04 00:00:00+00:00
[2024-07-04T09:41:01.292+0000] {processor.py:183} INFO - Processing /home/airflow/.local/lib/python3.12/site-packages/airflow/example_dags/example_task_group_decorator.py took 0.119 seconds
[2024-07-04T09:41:31.595+0000] {processor.py:161} INFO - Started process (PID=822) to work on /home/airflow/.local/lib/python3.12/site-packages/airflow/example_dags/example_task_group_decorator.py
[2024-07-04T09:41:31.597+0000] {processor.py:830} INFO - Processing file /home/airflow/.local/lib/python3.12/site-packages/airflow/example_dags/example_task_group_decorator.py for tasks to queue
[2024-07-04T09:41:31.598+0000] {logging_mixin.py:188} INFO - [2024-07-04T09:41:31.598+0000] {dagbag.py:545} INFO - Filling up the DagBag from /home/airflow/.local/lib/python3.12/site-packages/airflow/example_dags/example_task_group_decorator.py
[2024-07-04T09:41:31.625+0000] {processor.py:840} INFO - DAG(s) 'example_task_group_decorator' retrieved from /home/airflow/.local/lib/python3.12/site-packages/airflow/example_dags/example_task_group_decorator.py
[2024-07-04T09:41:31.667+0000] {logging_mixin.py:188} INFO - [2024-07-04T09:41:31.667+0000] {dag.py:3096} INFO - Sync 1 DAGs
[2024-07-04T09:41:31.711+0000] {logging_mixin.py:188} INFO - [2024-07-04T09:41:31.711+0000] {dag.py:3954} INFO - Setting next_dagrun for example_task_group_decorator to 2024-07-03 00:00:00+00:00, run_after=2024-07-04 00:00:00+00:00
[2024-07-04T09:41:31.747+0000] {processor.py:183} INFO - Processing /home/airflow/.local/lib/python3.12/site-packages/airflow/example_dags/example_task_group_decorator.py took 0.156 seconds
[2024-07-04T09:42:02.172+0000] {processor.py:161} INFO - Started process (PID=880) to work on /home/airflow/.local/lib/python3.12/site-packages/airflow/example_dags/example_task_group_decorator.py
[2024-07-04T09:42:02.194+0000] {processor.py:830} INFO - Processing file /home/airflow/.local/lib/python3.12/site-packages/airflow/example_dags/example_task_group_decorator.py for tasks to queue
[2024-07-04T09:42:02.311+0000] {logging_mixin.py:188} INFO - [2024-07-04T09:42:02.311+0000] {dagbag.py:545} INFO - Filling up the DagBag from /home/airflow/.local/lib/python3.12/site-packages/airflow/example_dags/example_task_group_decorator.py
[2024-07-04T09:42:03.127+0000] {processor.py:840} INFO - DAG(s) 'example_task_group_decorator' retrieved from /home/airflow/.local/lib/python3.12/site-packages/airflow/example_dags/example_task_group_decorator.py
[2024-07-04T09:42:03.265+0000] {logging_mixin.py:188} INFO - [2024-07-04T09:42:03.264+0000] {dag.py:3096} INFO - Sync 1 DAGs
[2024-07-04T09:42:03.364+0000] {logging_mixin.py:188} INFO - [2024-07-04T09:42:03.363+0000] {dag.py:3954} INFO - Setting next_dagrun for example_task_group_decorator to 2024-07-03 00:00:00+00:00, run_after=2024-07-04 00:00:00+00:00
[2024-07-04T09:42:03.497+0000] {processor.py:183} INFO - Processing /home/airflow/.local/lib/python3.12/site-packages/airflow/example_dags/example_task_group_decorator.py took 1.396 seconds
[2024-07-04T09:42:34.258+0000] {processor.py:161} INFO - Started process (PID=940) to work on /home/airflow/.local/lib/python3.12/site-packages/airflow/example_dags/example_task_group_decorator.py
[2024-07-04T09:42:34.265+0000] {processor.py:830} INFO - Processing file /home/airflow/.local/lib/python3.12/site-packages/airflow/example_dags/example_task_group_decorator.py for tasks to queue
[2024-07-04T09:42:34.267+0000] {logging_mixin.py:188} INFO - [2024-07-04T09:42:34.267+0000] {dagbag.py:545} INFO - Filling up the DagBag from /home/airflow/.local/lib/python3.12/site-packages/airflow/example_dags/example_task_group_decorator.py
[2024-07-04T09:42:34.304+0000] {processor.py:840} INFO - DAG(s) 'example_task_group_decorator' retrieved from /home/airflow/.local/lib/python3.12/site-packages/airflow/example_dags/example_task_group_decorator.py
[2024-07-04T09:42:34.346+0000] {logging_mixin.py:188} INFO - [2024-07-04T09:42:34.345+0000] {dag.py:3096} INFO - Sync 1 DAGs
[2024-07-04T09:42:34.399+0000] {logging_mixin.py:188} INFO - [2024-07-04T09:42:34.398+0000] {dag.py:3954} INFO - Setting next_dagrun for example_task_group_decorator to 2024-07-03 00:00:00+00:00, run_after=2024-07-04 00:00:00+00:00
[2024-07-04T09:42:34.458+0000] {processor.py:183} INFO - Processing /home/airflow/.local/lib/python3.12/site-packages/airflow/example_dags/example_task_group_decorator.py took 0.206 seconds
[2024-07-04T09:43:04.877+0000] {processor.py:161} INFO - Started process (PID=1000) to work on /home/airflow/.local/lib/python3.12/site-packages/airflow/example_dags/example_task_group_decorator.py
[2024-07-04T09:43:04.878+0000] {processor.py:830} INFO - Processing file /home/airflow/.local/lib/python3.12/site-packages/airflow/example_dags/example_task_group_decorator.py for tasks to queue
[2024-07-04T09:43:04.881+0000] {logging_mixin.py:188} INFO - [2024-07-04T09:43:04.881+0000] {dagbag.py:545} INFO - Filling up the DagBag from /home/airflow/.local/lib/python3.12/site-packages/airflow/example_dags/example_task_group_decorator.py
[2024-07-04T09:43:04.894+0000] {processor.py:840} INFO - DAG(s) 'example_task_group_decorator' retrieved from /home/airflow/.local/lib/python3.12/site-packages/airflow/example_dags/example_task_group_decorator.py
[2024-07-04T09:43:04.918+0000] {logging_mixin.py:188} INFO - [2024-07-04T09:43:04.918+0000] {dag.py:3096} INFO - Sync 1 DAGs
[2024-07-04T09:43:04.945+0000] {logging_mixin.py:188} INFO - [2024-07-04T09:43:04.945+0000] {dag.py:3954} INFO - Setting next_dagrun for example_task_group_decorator to 2024-07-03 00:00:00+00:00, run_after=2024-07-04 00:00:00+00:00
[2024-07-04T09:43:04.969+0000] {processor.py:183} INFO - Processing /home/airflow/.local/lib/python3.12/site-packages/airflow/example_dags/example_task_group_decorator.py took 0.097 seconds
[2024-07-04T09:43:35.326+0000] {processor.py:161} INFO - Started process (PID=1059) to work on /home/airflow/.local/lib/python3.12/site-packages/airflow/example_dags/example_task_group_decorator.py
[2024-07-04T09:43:35.327+0000] {processor.py:830} INFO - Processing file /home/airflow/.local/lib/python3.12/site-packages/airflow/example_dags/example_task_group_decorator.py for tasks to queue
[2024-07-04T09:43:35.329+0000] {logging_mixin.py:188} INFO - [2024-07-04T09:43:35.329+0000] {dagbag.py:545} INFO - Filling up the DagBag from /home/airflow/.local/lib/python3.12/site-packages/airflow/example_dags/example_task_group_decorator.py
[2024-07-04T09:43:35.346+0000] {processor.py:840} INFO - DAG(s) 'example_task_group_decorator' retrieved from /home/airflow/.local/lib/python3.12/site-packages/airflow/example_dags/example_task_group_decorator.py
[2024-07-04T09:43:35.378+0000] {logging_mixin.py:188} INFO - [2024-07-04T09:43:35.377+0000] {dag.py:3096} INFO - Sync 1 DAGs
[2024-07-04T09:43:35.405+0000] {logging_mixin.py:188} INFO - [2024-07-04T09:43:35.405+0000] {dag.py:3954} INFO - Setting next_dagrun for example_task_group_decorator to 2024-07-03 00:00:00+00:00, run_after=2024-07-04 00:00:00+00:00
[2024-07-04T09:43:35.426+0000] {processor.py:183} INFO - Processing /home/airflow/.local/lib/python3.12/site-packages/airflow/example_dags/example_task_group_decorator.py took 0.105 seconds
[2024-07-04T09:44:05.703+0000] {processor.py:161} INFO - Started process (PID=1118) to work on /home/airflow/.local/lib/python3.12/site-packages/airflow/example_dags/example_task_group_decorator.py
[2024-07-04T09:44:05.705+0000] {processor.py:830} INFO - Processing file /home/airflow/.local/lib/python3.12/site-packages/airflow/example_dags/example_task_group_decorator.py for tasks to queue
[2024-07-04T09:44:05.706+0000] {logging_mixin.py:188} INFO - [2024-07-04T09:44:05.706+0000] {dagbag.py:545} INFO - Filling up the DagBag from /home/airflow/.local/lib/python3.12/site-packages/airflow/example_dags/example_task_group_decorator.py
[2024-07-04T09:44:05.725+0000] {processor.py:840} INFO - DAG(s) 'example_task_group_decorator' retrieved from /home/airflow/.local/lib/python3.12/site-packages/airflow/example_dags/example_task_group_decorator.py
[2024-07-04T09:44:05.749+0000] {logging_mixin.py:188} INFO - [2024-07-04T09:44:05.749+0000] {dag.py:3096} INFO - Sync 1 DAGs
[2024-07-04T09:44:05.773+0000] {logging_mixin.py:188} INFO - [2024-07-04T09:44:05.772+0000] {dag.py:3954} INFO - Setting next_dagrun for example_task_group_decorator to 2024-07-03 00:00:00+00:00, run_after=2024-07-04 00:00:00+00:00
[2024-07-04T09:44:05.792+0000] {processor.py:183} INFO - Processing /home/airflow/.local/lib/python3.12/site-packages/airflow/example_dags/example_task_group_decorator.py took 0.095 seconds
[2024-07-04T09:44:36.748+0000] {processor.py:161} INFO - Started process (PID=1177) to work on /home/airflow/.local/lib/python3.12/site-packages/airflow/example_dags/example_task_group_decorator.py
[2024-07-04T09:44:36.749+0000] {processor.py:830} INFO - Processing file /home/airflow/.local/lib/python3.12/site-packages/airflow/example_dags/example_task_group_decorator.py for tasks to queue
[2024-07-04T09:44:36.751+0000] {logging_mixin.py:188} INFO - [2024-07-04T09:44:36.751+0000] {dagbag.py:545} INFO - Filling up the DagBag from /home/airflow/.local/lib/python3.12/site-packages/airflow/example_dags/example_task_group_decorator.py
[2024-07-04T09:44:36.765+0000] {processor.py:840} INFO - DAG(s) 'example_task_group_decorator' retrieved from /home/airflow/.local/lib/python3.12/site-packages/airflow/example_dags/example_task_group_decorator.py
[2024-07-04T09:44:36.792+0000] {logging_mixin.py:188} INFO - [2024-07-04T09:44:36.792+0000] {dag.py:3096} INFO - Sync 1 DAGs
[2024-07-04T09:44:36.818+0000] {logging_mixin.py:188} INFO - [2024-07-04T09:44:36.817+0000] {dag.py:3954} INFO - Setting next_dagrun for example_task_group_decorator to 2024-07-03 00:00:00+00:00, run_after=2024-07-04 00:00:00+00:00
[2024-07-04T09:44:36.850+0000] {processor.py:183} INFO - Processing /home/airflow/.local/lib/python3.12/site-packages/airflow/example_dags/example_task_group_decorator.py took 0.107 seconds
[2024-07-04T09:45:07.020+0000] {processor.py:161} INFO - Started process (PID=1236) to work on /home/airflow/.local/lib/python3.12/site-packages/airflow/example_dags/example_task_group_decorator.py
[2024-07-04T09:45:07.021+0000] {processor.py:830} INFO - Processing file /home/airflow/.local/lib/python3.12/site-packages/airflow/example_dags/example_task_group_decorator.py for tasks to queue
[2024-07-04T09:45:07.024+0000] {logging_mixin.py:188} INFO - [2024-07-04T09:45:07.024+0000] {dagbag.py:545} INFO - Filling up the DagBag from /home/airflow/.local/lib/python3.12/site-packages/airflow/example_dags/example_task_group_decorator.py
[2024-07-04T09:45:07.039+0000] {processor.py:840} INFO - DAG(s) 'example_task_group_decorator' retrieved from /home/airflow/.local/lib/python3.12/site-packages/airflow/example_dags/example_task_group_decorator.py
[2024-07-04T09:45:07.066+0000] {logging_mixin.py:188} INFO - [2024-07-04T09:45:07.065+0000] {dag.py:3096} INFO - Sync 1 DAGs
[2024-07-04T09:45:07.093+0000] {logging_mixin.py:188} INFO - [2024-07-04T09:45:07.092+0000] {dag.py:3954} INFO - Setting next_dagrun for example_task_group_decorator to 2024-07-03 00:00:00+00:00, run_after=2024-07-04 00:00:00+00:00
[2024-07-04T09:45:07.118+0000] {processor.py:183} INFO - Processing /home/airflow/.local/lib/python3.12/site-packages/airflow/example_dags/example_task_group_decorator.py took 0.105 seconds
[2024-07-04T09:45:37.454+0000] {processor.py:161} INFO - Started process (PID=1295) to work on /home/airflow/.local/lib/python3.12/site-packages/airflow/example_dags/example_task_group_decorator.py
[2024-07-04T09:45:37.456+0000] {processor.py:830} INFO - Processing file /home/airflow/.local/lib/python3.12/site-packages/airflow/example_dags/example_task_group_decorator.py for tasks to queue
[2024-07-04T09:45:37.458+0000] {logging_mixin.py:188} INFO - [2024-07-04T09:45:37.458+0000] {dagbag.py:545} INFO - Filling up the DagBag from /home/airflow/.local/lib/python3.12/site-packages/airflow/example_dags/example_task_group_decorator.py
[2024-07-04T09:45:37.477+0000] {processor.py:840} INFO - DAG(s) 'example_task_group_decorator' retrieved from /home/airflow/.local/lib/python3.12/site-packages/airflow/example_dags/example_task_group_decorator.py
[2024-07-04T09:45:37.502+0000] {logging_mixin.py:188} INFO - [2024-07-04T09:45:37.502+0000] {dag.py:3096} INFO - Sync 1 DAGs
[2024-07-04T09:45:37.524+0000] {logging_mixin.py:188} INFO - [2024-07-04T09:45:37.524+0000] {dag.py:3954} INFO - Setting next_dagrun for example_task_group_decorator to 2024-07-03 00:00:00+00:00, run_after=2024-07-04 00:00:00+00:00
[2024-07-04T09:45:37.553+0000] {processor.py:183} INFO - Processing /home/airflow/.local/lib/python3.12/site-packages/airflow/example_dags/example_task_group_decorator.py took 0.110 seconds
[2024-07-04T09:46:08.024+0000] {processor.py:161} INFO - Started process (PID=1354) to work on /home/airflow/.local/lib/python3.12/site-packages/airflow/example_dags/example_task_group_decorator.py
[2024-07-04T09:46:08.026+0000] {processor.py:830} INFO - Processing file /home/airflow/.local/lib/python3.12/site-packages/airflow/example_dags/example_task_group_decorator.py for tasks to queue
[2024-07-04T09:46:08.028+0000] {logging_mixin.py:188} INFO - [2024-07-04T09:46:08.028+0000] {dagbag.py:545} INFO - Filling up the DagBag from /home/airflow/.local/lib/python3.12/site-packages/airflow/example_dags/example_task_group_decorator.py
[2024-07-04T09:46:08.045+0000] {processor.py:840} INFO - DAG(s) 'example_task_group_decorator' retrieved from /home/airflow/.local/lib/python3.12/site-packages/airflow/example_dags/example_task_group_decorator.py
[2024-07-04T09:46:08.073+0000] {logging_mixin.py:188} INFO - [2024-07-04T09:46:08.073+0000] {dag.py:3096} INFO - Sync 1 DAGs
[2024-07-04T09:46:08.102+0000] {logging_mixin.py:188} INFO - [2024-07-04T09:46:08.102+0000] {dag.py:3954} INFO - Setting next_dagrun for example_task_group_decorator to 2024-07-03 00:00:00+00:00, run_after=2024-07-04 00:00:00+00:00
[2024-07-04T09:46:08.125+0000] {processor.py:183} INFO - Processing /home/airflow/.local/lib/python3.12/site-packages/airflow/example_dags/example_task_group_decorator.py took 0.107 seconds
[2024-07-04T09:46:38.400+0000] {processor.py:161} INFO - Started process (PID=1414) to work on /home/airflow/.local/lib/python3.12/site-packages/airflow/example_dags/example_task_group_decorator.py
[2024-07-04T09:46:38.401+0000] {processor.py:830} INFO - Processing file /home/airflow/.local/lib/python3.12/site-packages/airflow/example_dags/example_task_group_decorator.py for tasks to queue
[2024-07-04T09:46:38.403+0000] {logging_mixin.py:188} INFO - [2024-07-04T09:46:38.403+0000] {dagbag.py:545} INFO - Filling up the DagBag from /home/airflow/.local/lib/python3.12/site-packages/airflow/example_dags/example_task_group_decorator.py
[2024-07-04T09:46:38.420+0000] {processor.py:840} INFO - DAG(s) 'example_task_group_decorator' retrieved from /home/airflow/.local/lib/python3.12/site-packages/airflow/example_dags/example_task_group_decorator.py
[2024-07-04T09:46:38.455+0000] {logging_mixin.py:188} INFO - [2024-07-04T09:46:38.455+0000] {dag.py:3096} INFO - Sync 1 DAGs
[2024-07-04T09:46:38.485+0000] {logging_mixin.py:188} INFO - [2024-07-04T09:46:38.485+0000] {dag.py:3954} INFO - Setting next_dagrun for example_task_group_decorator to 2024-07-03 00:00:00+00:00, run_after=2024-07-04 00:00:00+00:00
[2024-07-04T09:46:38.516+0000] {processor.py:183} INFO - Processing /home/airflow/.local/lib/python3.12/site-packages/airflow/example_dags/example_task_group_decorator.py took 0.122 seconds
[2024-07-04T09:47:09.139+0000] {processor.py:161} INFO - Started process (PID=1472) to work on /home/airflow/.local/lib/python3.12/site-packages/airflow/example_dags/example_task_group_decorator.py
[2024-07-04T09:47:09.147+0000] {processor.py:830} INFO - Processing file /home/airflow/.local/lib/python3.12/site-packages/airflow/example_dags/example_task_group_decorator.py for tasks to queue
[2024-07-04T09:47:09.153+0000] {logging_mixin.py:188} INFO - [2024-07-04T09:47:09.152+0000] {dagbag.py:545} INFO - Filling up the DagBag from /home/airflow/.local/lib/python3.12/site-packages/airflow/example_dags/example_task_group_decorator.py
[2024-07-04T09:47:09.203+0000] {processor.py:840} INFO - DAG(s) 'example_task_group_decorator' retrieved from /home/airflow/.local/lib/python3.12/site-packages/airflow/example_dags/example_task_group_decorator.py
[2024-07-04T09:47:09.315+0000] {logging_mixin.py:188} INFO - [2024-07-04T09:47:09.315+0000] {dag.py:3096} INFO - Sync 1 DAGs
[2024-07-04T09:47:09.426+0000] {logging_mixin.py:188} INFO - [2024-07-04T09:47:09.426+0000] {dag.py:3954} INFO - Setting next_dagrun for example_task_group_decorator to 2024-07-03 00:00:00+00:00, run_after=2024-07-04 00:00:00+00:00
[2024-07-04T09:47:09.522+0000] {processor.py:183} INFO - Processing /home/airflow/.local/lib/python3.12/site-packages/airflow/example_dags/example_task_group_decorator.py took 0.421 seconds
[2024-07-04T09:47:39.691+0000] {processor.py:161} INFO - Started process (PID=1531) to work on /home/airflow/.local/lib/python3.12/site-packages/airflow/example_dags/example_task_group_decorator.py
[2024-07-04T09:47:39.705+0000] {processor.py:830} INFO - Processing file /home/airflow/.local/lib/python3.12/site-packages/airflow/example_dags/example_task_group_decorator.py for tasks to queue
[2024-07-04T09:47:39.729+0000] {logging_mixin.py:188} INFO - [2024-07-04T09:47:39.728+0000] {dagbag.py:545} INFO - Filling up the DagBag from /home/airflow/.local/lib/python3.12/site-packages/airflow/example_dags/example_task_group_decorator.py
[2024-07-04T09:47:39.759+0000] {processor.py:840} INFO - DAG(s) 'example_task_group_decorator' retrieved from /home/airflow/.local/lib/python3.12/site-packages/airflow/example_dags/example_task_group_decorator.py
[2024-07-04T09:47:39.882+0000] {logging_mixin.py:188} INFO - [2024-07-04T09:47:39.881+0000] {dag.py:3096} INFO - Sync 1 DAGs
[2024-07-04T09:47:39.979+0000] {logging_mixin.py:188} INFO - [2024-07-04T09:47:39.978+0000] {dag.py:3954} INFO - Setting next_dagrun for example_task_group_decorator to 2024-07-03 00:00:00+00:00, run_after=2024-07-04 00:00:00+00:00
[2024-07-04T09:47:40.051+0000] {processor.py:183} INFO - Processing /home/airflow/.local/lib/python3.12/site-packages/airflow/example_dags/example_task_group_decorator.py took 0.367 seconds
[2024-07-04T09:48:10.132+0000] {processor.py:161} INFO - Started process (PID=1591) to work on /home/airflow/.local/lib/python3.12/site-packages/airflow/example_dags/example_task_group_decorator.py
[2024-07-04T09:48:10.133+0000] {processor.py:830} INFO - Processing file /home/airflow/.local/lib/python3.12/site-packages/airflow/example_dags/example_task_group_decorator.py for tasks to queue
[2024-07-04T09:48:10.136+0000] {logging_mixin.py:188} INFO - [2024-07-04T09:48:10.135+0000] {dagbag.py:545} INFO - Filling up the DagBag from /home/airflow/.local/lib/python3.12/site-packages/airflow/example_dags/example_task_group_decorator.py
[2024-07-04T09:48:10.162+0000] {processor.py:840} INFO - DAG(s) 'example_task_group_decorator' retrieved from /home/airflow/.local/lib/python3.12/site-packages/airflow/example_dags/example_task_group_decorator.py
[2024-07-04T09:48:10.212+0000] {logging_mixin.py:188} INFO - [2024-07-04T09:48:10.212+0000] {dag.py:3096} INFO - Sync 1 DAGs
[2024-07-04T09:48:10.236+0000] {logging_mixin.py:188} INFO - [2024-07-04T09:48:10.235+0000] {dag.py:3954} INFO - Setting next_dagrun for example_task_group_decorator to 2024-07-03 00:00:00+00:00, run_after=2024-07-04 00:00:00+00:00
[2024-07-04T09:48:10.264+0000] {processor.py:183} INFO - Processing /home/airflow/.local/lib/python3.12/site-packages/airflow/example_dags/example_task_group_decorator.py took 0.139 seconds
[2024-07-04T09:48:40.705+0000] {processor.py:161} INFO - Started process (PID=1650) to work on /home/airflow/.local/lib/python3.12/site-packages/airflow/example_dags/example_task_group_decorator.py
[2024-07-04T09:48:40.706+0000] {processor.py:830} INFO - Processing file /home/airflow/.local/lib/python3.12/site-packages/airflow/example_dags/example_task_group_decorator.py for tasks to queue
[2024-07-04T09:48:40.708+0000] {logging_mixin.py:188} INFO - [2024-07-04T09:48:40.707+0000] {dagbag.py:545} INFO - Filling up the DagBag from /home/airflow/.local/lib/python3.12/site-packages/airflow/example_dags/example_task_group_decorator.py
[2024-07-04T09:48:40.724+0000] {processor.py:840} INFO - DAG(s) 'example_task_group_decorator' retrieved from /home/airflow/.local/lib/python3.12/site-packages/airflow/example_dags/example_task_group_decorator.py
[2024-07-04T09:48:40.754+0000] {logging_mixin.py:188} INFO - [2024-07-04T09:48:40.754+0000] {dag.py:3096} INFO - Sync 1 DAGs
[2024-07-04T09:48:40.777+0000] {logging_mixin.py:188} INFO - [2024-07-04T09:48:40.777+0000] {dag.py:3954} INFO - Setting next_dagrun for example_task_group_decorator to 2024-07-03 00:00:00+00:00, run_after=2024-07-04 00:00:00+00:00
[2024-07-04T09:48:40.802+0000] {processor.py:183} INFO - Processing /home/airflow/.local/lib/python3.12/site-packages/airflow/example_dags/example_task_group_decorator.py took 0.103 seconds
[2024-07-04T09:49:11.745+0000] {processor.py:161} INFO - Started process (PID=1709) to work on /home/airflow/.local/lib/python3.12/site-packages/airflow/example_dags/example_task_group_decorator.py
[2024-07-04T09:49:11.747+0000] {processor.py:830} INFO - Processing file /home/airflow/.local/lib/python3.12/site-packages/airflow/example_dags/example_task_group_decorator.py for tasks to queue
[2024-07-04T09:49:11.749+0000] {logging_mixin.py:188} INFO - [2024-07-04T09:49:11.748+0000] {dagbag.py:545} INFO - Filling up the DagBag from /home/airflow/.local/lib/python3.12/site-packages/airflow/example_dags/example_task_group_decorator.py
[2024-07-04T09:49:11.762+0000] {processor.py:840} INFO - DAG(s) 'example_task_group_decorator' retrieved from /home/airflow/.local/lib/python3.12/site-packages/airflow/example_dags/example_task_group_decorator.py
[2024-07-04T09:49:11.784+0000] {logging_mixin.py:188} INFO - [2024-07-04T09:49:11.784+0000] {dag.py:3096} INFO - Sync 1 DAGs
[2024-07-04T09:49:11.805+0000] {logging_mixin.py:188} INFO - [2024-07-04T09:49:11.804+0000] {dag.py:3954} INFO - Setting next_dagrun for example_task_group_decorator to 2024-07-03 00:00:00+00:00, run_after=2024-07-04 00:00:00+00:00
[2024-07-04T09:49:11.822+0000] {processor.py:183} INFO - Processing /home/airflow/.local/lib/python3.12/site-packages/airflow/example_dags/example_task_group_decorator.py took 0.082 seconds
[2024-07-04T09:49:42.975+0000] {processor.py:161} INFO - Started process (PID=1769) to work on /home/airflow/.local/lib/python3.12/site-packages/airflow/example_dags/example_task_group_decorator.py
[2024-07-04T09:49:42.976+0000] {processor.py:830} INFO - Processing file /home/airflow/.local/lib/python3.12/site-packages/airflow/example_dags/example_task_group_decorator.py for tasks to queue
[2024-07-04T09:49:42.978+0000] {logging_mixin.py:188} INFO - [2024-07-04T09:49:42.978+0000] {dagbag.py:545} INFO - Filling up the DagBag from /home/airflow/.local/lib/python3.12/site-packages/airflow/example_dags/example_task_group_decorator.py
[2024-07-04T09:49:42.995+0000] {processor.py:840} INFO - DAG(s) 'example_task_group_decorator' retrieved from /home/airflow/.local/lib/python3.12/site-packages/airflow/example_dags/example_task_group_decorator.py
[2024-07-04T09:49:43.021+0000] {logging_mixin.py:188} INFO - [2024-07-04T09:49:43.021+0000] {dag.py:3096} INFO - Sync 1 DAGs
[2024-07-04T09:49:43.053+0000] {logging_mixin.py:188} INFO - [2024-07-04T09:49:43.052+0000] {dag.py:3954} INFO - Setting next_dagrun for example_task_group_decorator to 2024-07-03 00:00:00+00:00, run_after=2024-07-04 00:00:00+00:00
[2024-07-04T09:49:43.069+0000] {processor.py:183} INFO - Processing /home/airflow/.local/lib/python3.12/site-packages/airflow/example_dags/example_task_group_decorator.py took 0.100 seconds
[2024-07-04T09:50:13.182+0000] {processor.py:161} INFO - Started process (PID=1827) to work on /home/airflow/.local/lib/python3.12/site-packages/airflow/example_dags/example_task_group_decorator.py
[2024-07-04T09:50:13.183+0000] {processor.py:830} INFO - Processing file /home/airflow/.local/lib/python3.12/site-packages/airflow/example_dags/example_task_group_decorator.py for tasks to queue
[2024-07-04T09:50:13.187+0000] {logging_mixin.py:188} INFO - [2024-07-04T09:50:13.186+0000] {dagbag.py:545} INFO - Filling up the DagBag from /home/airflow/.local/lib/python3.12/site-packages/airflow/example_dags/example_task_group_decorator.py
[2024-07-04T09:50:13.214+0000] {processor.py:840} INFO - DAG(s) 'example_task_group_decorator' retrieved from /home/airflow/.local/lib/python3.12/site-packages/airflow/example_dags/example_task_group_decorator.py
[2024-07-04T09:50:13.268+0000] {logging_mixin.py:188} INFO - [2024-07-04T09:50:13.267+0000] {dag.py:3096} INFO - Sync 1 DAGs
[2024-07-04T09:50:13.476+0000] {logging_mixin.py:188} INFO - [2024-07-04T09:50:13.475+0000] {dag.py:3954} INFO - Setting next_dagrun for example_task_group_decorator to 2024-07-03 00:00:00+00:00, run_after=2024-07-04 00:00:00+00:00
[2024-07-04T09:50:13.514+0000] {processor.py:183} INFO - Processing /home/airflow/.local/lib/python3.12/site-packages/airflow/example_dags/example_task_group_decorator.py took 0.347 seconds
[2024-07-04T09:50:44.812+0000] {processor.py:161} INFO - Started process (PID=1887) to work on /home/airflow/.local/lib/python3.12/site-packages/airflow/example_dags/example_task_group_decorator.py
[2024-07-04T09:50:44.813+0000] {processor.py:830} INFO - Processing file /home/airflow/.local/lib/python3.12/site-packages/airflow/example_dags/example_task_group_decorator.py for tasks to queue
[2024-07-04T09:50:44.815+0000] {logging_mixin.py:188} INFO - [2024-07-04T09:50:44.815+0000] {dagbag.py:545} INFO - Filling up the DagBag from /home/airflow/.local/lib/python3.12/site-packages/airflow/example_dags/example_task_group_decorator.py
[2024-07-04T09:50:44.836+0000] {processor.py:840} INFO - DAG(s) 'example_task_group_decorator' retrieved from /home/airflow/.local/lib/python3.12/site-packages/airflow/example_dags/example_task_group_decorator.py
[2024-07-04T09:50:44.865+0000] {logging_mixin.py:188} INFO - [2024-07-04T09:50:44.862+0000] {dag.py:3096} INFO - Sync 1 DAGs
[2024-07-04T09:50:44.909+0000] {logging_mixin.py:188} INFO - [2024-07-04T09:50:44.909+0000] {dag.py:3954} INFO - Setting next_dagrun for example_task_group_decorator to 2024-07-03 00:00:00+00:00, run_after=2024-07-04 00:00:00+00:00
[2024-07-04T09:50:45.075+0000] {processor.py:183} INFO - Processing /home/airflow/.local/lib/python3.12/site-packages/airflow/example_dags/example_task_group_decorator.py took 0.269 seconds
[2024-07-04T09:51:16.000+0000] {processor.py:161} INFO - Started process (PID=1946) to work on /home/airflow/.local/lib/python3.12/site-packages/airflow/example_dags/example_task_group_decorator.py
[2024-07-04T09:51:16.018+0000] {processor.py:830} INFO - Processing file /home/airflow/.local/lib/python3.12/site-packages/airflow/example_dags/example_task_group_decorator.py for tasks to queue
[2024-07-04T09:51:16.020+0000] {logging_mixin.py:188} INFO - [2024-07-04T09:51:16.019+0000] {dagbag.py:545} INFO - Filling up the DagBag from /home/airflow/.local/lib/python3.12/site-packages/airflow/example_dags/example_task_group_decorator.py
[2024-07-04T09:51:16.043+0000] {processor.py:840} INFO - DAG(s) 'example_task_group_decorator' retrieved from /home/airflow/.local/lib/python3.12/site-packages/airflow/example_dags/example_task_group_decorator.py
[2024-07-04T09:51:16.105+0000] {logging_mixin.py:188} INFO - [2024-07-04T09:51:16.105+0000] {dag.py:3096} INFO - Sync 1 DAGs
[2024-07-04T09:51:16.159+0000] {logging_mixin.py:188} INFO - [2024-07-04T09:51:16.158+0000] {dag.py:3954} INFO - Setting next_dagrun for example_task_group_decorator to 2024-07-03 00:00:00+00:00, run_after=2024-07-04 00:00:00+00:00
[2024-07-04T09:51:16.192+0000] {processor.py:183} INFO - Processing /home/airflow/.local/lib/python3.12/site-packages/airflow/example_dags/example_task_group_decorator.py took 0.209 seconds
[2024-07-04T09:51:47.059+0000] {processor.py:161} INFO - Started process (PID=2005) to work on /home/airflow/.local/lib/python3.12/site-packages/airflow/example_dags/example_task_group_decorator.py
[2024-07-04T09:51:47.060+0000] {processor.py:830} INFO - Processing file /home/airflow/.local/lib/python3.12/site-packages/airflow/example_dags/example_task_group_decorator.py for tasks to queue
[2024-07-04T09:51:47.062+0000] {logging_mixin.py:188} INFO - [2024-07-04T09:51:47.062+0000] {dagbag.py:545} INFO - Filling up the DagBag from /home/airflow/.local/lib/python3.12/site-packages/airflow/example_dags/example_task_group_decorator.py
[2024-07-04T09:51:47.076+0000] {processor.py:840} INFO - DAG(s) 'example_task_group_decorator' retrieved from /home/airflow/.local/lib/python3.12/site-packages/airflow/example_dags/example_task_group_decorator.py
[2024-07-04T09:51:47.099+0000] {logging_mixin.py:188} INFO - [2024-07-04T09:51:47.099+0000] {dag.py:3096} INFO - Sync 1 DAGs
[2024-07-04T09:51:47.121+0000] {logging_mixin.py:188} INFO - [2024-07-04T09:51:47.121+0000] {dag.py:3954} INFO - Setting next_dagrun for example_task_group_decorator to 2024-07-03 00:00:00+00:00, run_after=2024-07-04 00:00:00+00:00
[2024-07-04T09:51:47.142+0000] {processor.py:183} INFO - Processing /home/airflow/.local/lib/python3.12/site-packages/airflow/example_dags/example_task_group_decorator.py took 0.088 seconds
[2024-07-04T09:52:17.694+0000] {processor.py:161} INFO - Started process (PID=2065) to work on /home/airflow/.local/lib/python3.12/site-packages/airflow/example_dags/example_task_group_decorator.py
[2024-07-04T09:52:17.696+0000] {processor.py:830} INFO - Processing file /home/airflow/.local/lib/python3.12/site-packages/airflow/example_dags/example_task_group_decorator.py for tasks to queue
[2024-07-04T09:52:17.699+0000] {logging_mixin.py:188} INFO - [2024-07-04T09:52:17.699+0000] {dagbag.py:545} INFO - Filling up the DagBag from /home/airflow/.local/lib/python3.12/site-packages/airflow/example_dags/example_task_group_decorator.py
[2024-07-04T09:52:17.716+0000] {processor.py:840} INFO - DAG(s) 'example_task_group_decorator' retrieved from /home/airflow/.local/lib/python3.12/site-packages/airflow/example_dags/example_task_group_decorator.py
[2024-07-04T09:52:17.766+0000] {logging_mixin.py:188} INFO - [2024-07-04T09:52:17.766+0000] {dag.py:3096} INFO - Sync 1 DAGs
[2024-07-04T09:52:17.792+0000] {logging_mixin.py:188} INFO - [2024-07-04T09:52:17.792+0000] {dag.py:3954} INFO - Setting next_dagrun for example_task_group_decorator to 2024-07-03 00:00:00+00:00, run_after=2024-07-04 00:00:00+00:00
[2024-07-04T09:52:17.812+0000] {processor.py:183} INFO - Processing /home/airflow/.local/lib/python3.12/site-packages/airflow/example_dags/example_task_group_decorator.py took 0.125 seconds
[2024-07-04T09:52:48.104+0000] {processor.py:161} INFO - Started process (PID=2123) to work on /home/airflow/.local/lib/python3.12/site-packages/airflow/example_dags/example_task_group_decorator.py
[2024-07-04T09:52:48.106+0000] {processor.py:830} INFO - Processing file /home/airflow/.local/lib/python3.12/site-packages/airflow/example_dags/example_task_group_decorator.py for tasks to queue
[2024-07-04T09:52:48.110+0000] {logging_mixin.py:188} INFO - [2024-07-04T09:52:48.110+0000] {dagbag.py:545} INFO - Filling up the DagBag from /home/airflow/.local/lib/python3.12/site-packages/airflow/example_dags/example_task_group_decorator.py
[2024-07-04T09:52:48.152+0000] {processor.py:840} INFO - DAG(s) 'example_task_group_decorator' retrieved from /home/airflow/.local/lib/python3.12/site-packages/airflow/example_dags/example_task_group_decorator.py
[2024-07-04T09:52:48.281+0000] {logging_mixin.py:188} INFO - [2024-07-04T09:52:48.280+0000] {dag.py:3096} INFO - Sync 1 DAGs
[2024-07-04T09:52:48.453+0000] {logging_mixin.py:188} INFO - [2024-07-04T09:52:48.452+0000] {dag.py:3954} INFO - Setting next_dagrun for example_task_group_decorator to 2024-07-03 00:00:00+00:00, run_after=2024-07-04 00:00:00+00:00
[2024-07-04T09:52:48.577+0000] {processor.py:183} INFO - Processing /home/airflow/.local/lib/python3.12/site-packages/airflow/example_dags/example_task_group_decorator.py took 0.482 seconds
[2024-07-04T09:53:19.031+0000] {processor.py:161} INFO - Started process (PID=2181) to work on /home/airflow/.local/lib/python3.12/site-packages/airflow/example_dags/example_task_group_decorator.py
[2024-07-04T09:53:19.032+0000] {processor.py:830} INFO - Processing file /home/airflow/.local/lib/python3.12/site-packages/airflow/example_dags/example_task_group_decorator.py for tasks to queue
[2024-07-04T09:53:19.034+0000] {logging_mixin.py:188} INFO - [2024-07-04T09:53:19.034+0000] {dagbag.py:545} INFO - Filling up the DagBag from /home/airflow/.local/lib/python3.12/site-packages/airflow/example_dags/example_task_group_decorator.py
[2024-07-04T09:53:19.047+0000] {processor.py:840} INFO - DAG(s) 'example_task_group_decorator' retrieved from /home/airflow/.local/lib/python3.12/site-packages/airflow/example_dags/example_task_group_decorator.py
[2024-07-04T09:53:19.072+0000] {logging_mixin.py:188} INFO - [2024-07-04T09:53:19.072+0000] {dag.py:3096} INFO - Sync 1 DAGs
[2024-07-04T09:53:19.094+0000] {logging_mixin.py:188} INFO - [2024-07-04T09:53:19.094+0000] {dag.py:3954} INFO - Setting next_dagrun for example_task_group_decorator to 2024-07-03 00:00:00+00:00, run_after=2024-07-04 00:00:00+00:00
[2024-07-04T09:53:19.115+0000] {processor.py:183} INFO - Processing /home/airflow/.local/lib/python3.12/site-packages/airflow/example_dags/example_task_group_decorator.py took 0.089 seconds
[2024-07-04T09:53:50.874+0000] {processor.py:161} INFO - Started process (PID=2240) to work on /home/airflow/.local/lib/python3.12/site-packages/airflow/example_dags/example_task_group_decorator.py
[2024-07-04T09:53:50.946+0000] {processor.py:830} INFO - Processing file /home/airflow/.local/lib/python3.12/site-packages/airflow/example_dags/example_task_group_decorator.py for tasks to queue
[2024-07-04T09:53:51.412+0000] {logging_mixin.py:188} INFO - [2024-07-04T09:53:51.359+0000] {dagbag.py:545} INFO - Filling up the DagBag from /home/airflow/.local/lib/python3.12/site-packages/airflow/example_dags/example_task_group_decorator.py
[2024-07-04T09:53:52.188+0000] {processor.py:840} INFO - DAG(s) 'example_task_group_decorator' retrieved from /home/airflow/.local/lib/python3.12/site-packages/airflow/example_dags/example_task_group_decorator.py
[2024-07-04T09:53:52.339+0000] {logging_mixin.py:188} INFO - [2024-07-04T09:53:52.338+0000] {dag.py:3096} INFO - Sync 1 DAGs
[2024-07-04T09:53:52.503+0000] {logging_mixin.py:188} INFO - [2024-07-04T09:53:52.502+0000] {dag.py:3954} INFO - Setting next_dagrun for example_task_group_decorator to 2024-07-03 00:00:00+00:00, run_after=2024-07-04 00:00:00+00:00
[2024-07-04T09:53:52.602+0000] {processor.py:183} INFO - Processing /home/airflow/.local/lib/python3.12/site-packages/airflow/example_dags/example_task_group_decorator.py took 2.324 seconds
[2024-07-04T09:54:22.750+0000] {processor.py:161} INFO - Started process (PID=2299) to work on /home/airflow/.local/lib/python3.12/site-packages/airflow/example_dags/example_task_group_decorator.py
[2024-07-04T09:54:22.751+0000] {processor.py:830} INFO - Processing file /home/airflow/.local/lib/python3.12/site-packages/airflow/example_dags/example_task_group_decorator.py for tasks to queue
[2024-07-04T09:54:22.759+0000] {logging_mixin.py:188} INFO - [2024-07-04T09:54:22.758+0000] {dagbag.py:545} INFO - Filling up the DagBag from /home/airflow/.local/lib/python3.12/site-packages/airflow/example_dags/example_task_group_decorator.py
[2024-07-04T09:54:22.790+0000] {processor.py:840} INFO - DAG(s) 'example_task_group_decorator' retrieved from /home/airflow/.local/lib/python3.12/site-packages/airflow/example_dags/example_task_group_decorator.py
[2024-07-04T09:54:22.844+0000] {logging_mixin.py:188} INFO - [2024-07-04T09:54:22.843+0000] {dag.py:3096} INFO - Sync 1 DAGs
[2024-07-04T09:54:22.891+0000] {logging_mixin.py:188} INFO - [2024-07-04T09:54:22.890+0000] {dag.py:3954} INFO - Setting next_dagrun for example_task_group_decorator to 2024-07-03 00:00:00+00:00, run_after=2024-07-04 00:00:00+00:00
[2024-07-04T09:54:22.933+0000] {processor.py:183} INFO - Processing /home/airflow/.local/lib/python3.12/site-packages/airflow/example_dags/example_task_group_decorator.py took 0.200 seconds
[2024-07-04T09:54:53.426+0000] {processor.py:161} INFO - Started process (PID=2357) to work on /home/airflow/.local/lib/python3.12/site-packages/airflow/example_dags/example_task_group_decorator.py
[2024-07-04T09:54:53.428+0000] {processor.py:830} INFO - Processing file /home/airflow/.local/lib/python3.12/site-packages/airflow/example_dags/example_task_group_decorator.py for tasks to queue
[2024-07-04T09:54:53.430+0000] {logging_mixin.py:188} INFO - [2024-07-04T09:54:53.430+0000] {dagbag.py:545} INFO - Filling up the DagBag from /home/airflow/.local/lib/python3.12/site-packages/airflow/example_dags/example_task_group_decorator.py
[2024-07-04T09:54:53.446+0000] {processor.py:840} INFO - DAG(s) 'example_task_group_decorator' retrieved from /home/airflow/.local/lib/python3.12/site-packages/airflow/example_dags/example_task_group_decorator.py
[2024-07-04T09:54:53.510+0000] {logging_mixin.py:188} INFO - [2024-07-04T09:54:53.509+0000] {dag.py:3096} INFO - Sync 1 DAGs
[2024-07-04T09:54:53.652+0000] {logging_mixin.py:188} INFO - [2024-07-04T09:54:53.652+0000] {dag.py:3954} INFO - Setting next_dagrun for example_task_group_decorator to 2024-07-03 00:00:00+00:00, run_after=2024-07-04 00:00:00+00:00
[2024-07-04T09:54:53.796+0000] {processor.py:183} INFO - Processing /home/airflow/.local/lib/python3.12/site-packages/airflow/example_dags/example_task_group_decorator.py took 0.376 seconds
[2024-07-04T09:55:24.170+0000] {processor.py:161} INFO - Started process (PID=2416) to work on /home/airflow/.local/lib/python3.12/site-packages/airflow/example_dags/example_task_group_decorator.py
[2024-07-04T09:55:24.172+0000] {processor.py:830} INFO - Processing file /home/airflow/.local/lib/python3.12/site-packages/airflow/example_dags/example_task_group_decorator.py for tasks to queue
[2024-07-04T09:55:24.174+0000] {logging_mixin.py:188} INFO - [2024-07-04T09:55:24.174+0000] {dagbag.py:545} INFO - Filling up the DagBag from /home/airflow/.local/lib/python3.12/site-packages/airflow/example_dags/example_task_group_decorator.py
[2024-07-04T09:55:24.192+0000] {processor.py:840} INFO - DAG(s) 'example_task_group_decorator' retrieved from /home/airflow/.local/lib/python3.12/site-packages/airflow/example_dags/example_task_group_decorator.py
[2024-07-04T09:55:24.218+0000] {logging_mixin.py:188} INFO - [2024-07-04T09:55:24.218+0000] {dag.py:3096} INFO - Sync 1 DAGs
[2024-07-04T09:55:24.242+0000] {logging_mixin.py:188} INFO - [2024-07-04T09:55:24.242+0000] {dag.py:3954} INFO - Setting next_dagrun for example_task_group_decorator to 2024-07-03 00:00:00+00:00, run_after=2024-07-04 00:00:00+00:00
[2024-07-04T09:55:24.271+0000] {processor.py:183} INFO - Processing /home/airflow/.local/lib/python3.12/site-packages/airflow/example_dags/example_task_group_decorator.py took 0.106 seconds
[2024-07-04T09:55:54.599+0000] {processor.py:161} INFO - Started process (PID=2473) to work on /home/airflow/.local/lib/python3.12/site-packages/airflow/example_dags/example_task_group_decorator.py
[2024-07-04T09:55:54.600+0000] {processor.py:830} INFO - Processing file /home/airflow/.local/lib/python3.12/site-packages/airflow/example_dags/example_task_group_decorator.py for tasks to queue
[2024-07-04T09:55:54.606+0000] {logging_mixin.py:188} INFO - [2024-07-04T09:55:54.605+0000] {dagbag.py:545} INFO - Filling up the DagBag from /home/airflow/.local/lib/python3.12/site-packages/airflow/example_dags/example_task_group_decorator.py
[2024-07-04T09:55:54.634+0000] {processor.py:840} INFO - DAG(s) 'example_task_group_decorator' retrieved from /home/airflow/.local/lib/python3.12/site-packages/airflow/example_dags/example_task_group_decorator.py
[2024-07-04T09:55:54.675+0000] {logging_mixin.py:188} INFO - [2024-07-04T09:55:54.675+0000] {dag.py:3096} INFO - Sync 1 DAGs
[2024-07-04T09:55:54.704+0000] {logging_mixin.py:188} INFO - [2024-07-04T09:55:54.704+0000] {dag.py:3954} INFO - Setting next_dagrun for example_task_group_decorator to 2024-07-03 00:00:00+00:00, run_after=2024-07-04 00:00:00+00:00
[2024-07-04T09:55:54.734+0000] {processor.py:183} INFO - Processing /home/airflow/.local/lib/python3.12/site-packages/airflow/example_dags/example_task_group_decorator.py took 0.142 seconds
[2024-07-04T09:56:24.796+0000] {processor.py:161} INFO - Started process (PID=2532) to work on /home/airflow/.local/lib/python3.12/site-packages/airflow/example_dags/example_task_group_decorator.py
[2024-07-04T09:56:24.798+0000] {processor.py:830} INFO - Processing file /home/airflow/.local/lib/python3.12/site-packages/airflow/example_dags/example_task_group_decorator.py for tasks to queue
[2024-07-04T09:56:24.801+0000] {logging_mixin.py:188} INFO - [2024-07-04T09:56:24.800+0000] {dagbag.py:545} INFO - Filling up the DagBag from /home/airflow/.local/lib/python3.12/site-packages/airflow/example_dags/example_task_group_decorator.py
[2024-07-04T09:56:24.834+0000] {processor.py:840} INFO - DAG(s) 'example_task_group_decorator' retrieved from /home/airflow/.local/lib/python3.12/site-packages/airflow/example_dags/example_task_group_decorator.py
[2024-07-04T09:56:24.879+0000] {logging_mixin.py:188} INFO - [2024-07-04T09:56:24.878+0000] {dag.py:3096} INFO - Sync 1 DAGs
[2024-07-04T09:56:24.927+0000] {logging_mixin.py:188} INFO - [2024-07-04T09:56:24.926+0000] {dag.py:3954} INFO - Setting next_dagrun for example_task_group_decorator to 2024-07-03 00:00:00+00:00, run_after=2024-07-04 00:00:00+00:00
[2024-07-04T09:56:24.960+0000] {processor.py:183} INFO - Processing /home/airflow/.local/lib/python3.12/site-packages/airflow/example_dags/example_task_group_decorator.py took 0.174 seconds
[2024-07-04T09:56:55.436+0000] {processor.py:161} INFO - Started process (PID=2591) to work on /home/airflow/.local/lib/python3.12/site-packages/airflow/example_dags/example_task_group_decorator.py
[2024-07-04T09:56:55.437+0000] {processor.py:830} INFO - Processing file /home/airflow/.local/lib/python3.12/site-packages/airflow/example_dags/example_task_group_decorator.py for tasks to queue
[2024-07-04T09:56:55.439+0000] {logging_mixin.py:188} INFO - [2024-07-04T09:56:55.439+0000] {dagbag.py:545} INFO - Filling up the DagBag from /home/airflow/.local/lib/python3.12/site-packages/airflow/example_dags/example_task_group_decorator.py
[2024-07-04T09:56:55.456+0000] {processor.py:840} INFO - DAG(s) 'example_task_group_decorator' retrieved from /home/airflow/.local/lib/python3.12/site-packages/airflow/example_dags/example_task_group_decorator.py
[2024-07-04T09:56:55.480+0000] {logging_mixin.py:188} INFO - [2024-07-04T09:56:55.480+0000] {dag.py:3096} INFO - Sync 1 DAGs
[2024-07-04T09:56:55.504+0000] {logging_mixin.py:188} INFO - [2024-07-04T09:56:55.503+0000] {dag.py:3954} INFO - Setting next_dagrun for example_task_group_decorator to 2024-07-03 00:00:00+00:00, run_after=2024-07-04 00:00:00+00:00
[2024-07-04T09:56:55.528+0000] {processor.py:183} INFO - Processing /home/airflow/.local/lib/python3.12/site-packages/airflow/example_dags/example_task_group_decorator.py took 0.098 seconds
[2024-07-04T09:57:26.009+0000] {processor.py:161} INFO - Started process (PID=2650) to work on /home/airflow/.local/lib/python3.12/site-packages/airflow/example_dags/example_task_group_decorator.py
[2024-07-04T09:57:26.012+0000] {processor.py:830} INFO - Processing file /home/airflow/.local/lib/python3.12/site-packages/airflow/example_dags/example_task_group_decorator.py for tasks to queue
[2024-07-04T09:57:26.014+0000] {logging_mixin.py:188} INFO - [2024-07-04T09:57:26.014+0000] {dagbag.py:545} INFO - Filling up the DagBag from /home/airflow/.local/lib/python3.12/site-packages/airflow/example_dags/example_task_group_decorator.py
[2024-07-04T09:57:26.029+0000] {processor.py:840} INFO - DAG(s) 'example_task_group_decorator' retrieved from /home/airflow/.local/lib/python3.12/site-packages/airflow/example_dags/example_task_group_decorator.py
[2024-07-04T09:57:26.060+0000] {logging_mixin.py:188} INFO - [2024-07-04T09:57:26.060+0000] {dag.py:3096} INFO - Sync 1 DAGs
[2024-07-04T09:57:26.084+0000] {logging_mixin.py:188} INFO - [2024-07-04T09:57:26.083+0000] {dag.py:3954} INFO - Setting next_dagrun for example_task_group_decorator to 2024-07-03 00:00:00+00:00, run_after=2024-07-04 00:00:00+00:00
[2024-07-04T09:57:26.107+0000] {processor.py:183} INFO - Processing /home/airflow/.local/lib/python3.12/site-packages/airflow/example_dags/example_task_group_decorator.py took 0.105 seconds
[2024-07-04T09:57:56.906+0000] {processor.py:161} INFO - Started process (PID=2710) to work on /home/airflow/.local/lib/python3.12/site-packages/airflow/example_dags/example_task_group_decorator.py
[2024-07-04T09:57:56.907+0000] {processor.py:830} INFO - Processing file /home/airflow/.local/lib/python3.12/site-packages/airflow/example_dags/example_task_group_decorator.py for tasks to queue
[2024-07-04T09:57:56.909+0000] {logging_mixin.py:188} INFO - [2024-07-04T09:57:56.909+0000] {dagbag.py:545} INFO - Filling up the DagBag from /home/airflow/.local/lib/python3.12/site-packages/airflow/example_dags/example_task_group_decorator.py
[2024-07-04T09:57:56.927+0000] {processor.py:840} INFO - DAG(s) 'example_task_group_decorator' retrieved from /home/airflow/.local/lib/python3.12/site-packages/airflow/example_dags/example_task_group_decorator.py
[2024-07-04T09:57:56.955+0000] {logging_mixin.py:188} INFO - [2024-07-04T09:57:56.954+0000] {dag.py:3096} INFO - Sync 1 DAGs
[2024-07-04T09:57:56.980+0000] {logging_mixin.py:188} INFO - [2024-07-04T09:57:56.980+0000] {dag.py:3954} INFO - Setting next_dagrun for example_task_group_decorator to 2024-07-03 00:00:00+00:00, run_after=2024-07-04 00:00:00+00:00
[2024-07-04T09:57:57.004+0000] {processor.py:183} INFO - Processing /home/airflow/.local/lib/python3.12/site-packages/airflow/example_dags/example_task_group_decorator.py took 0.104 seconds
[2024-07-04T09:58:27.152+0000] {processor.py:161} INFO - Started process (PID=2769) to work on /home/airflow/.local/lib/python3.12/site-packages/airflow/example_dags/example_task_group_decorator.py
[2024-07-04T09:58:27.154+0000] {processor.py:830} INFO - Processing file /home/airflow/.local/lib/python3.12/site-packages/airflow/example_dags/example_task_group_decorator.py for tasks to queue
[2024-07-04T09:58:27.167+0000] {logging_mixin.py:188} INFO - [2024-07-04T09:58:27.167+0000] {dagbag.py:545} INFO - Filling up the DagBag from /home/airflow/.local/lib/python3.12/site-packages/airflow/example_dags/example_task_group_decorator.py
[2024-07-04T09:58:27.193+0000] {processor.py:840} INFO - DAG(s) 'example_task_group_decorator' retrieved from /home/airflow/.local/lib/python3.12/site-packages/airflow/example_dags/example_task_group_decorator.py
[2024-07-04T09:58:27.244+0000] {logging_mixin.py:188} INFO - [2024-07-04T09:58:27.244+0000] {dag.py:3096} INFO - Sync 1 DAGs
[2024-07-04T09:58:27.275+0000] {logging_mixin.py:188} INFO - [2024-07-04T09:58:27.275+0000] {dag.py:3954} INFO - Setting next_dagrun for example_task_group_decorator to 2024-07-03 00:00:00+00:00, run_after=2024-07-04 00:00:00+00:00
[2024-07-04T09:58:27.327+0000] {processor.py:183} INFO - Processing /home/airflow/.local/lib/python3.12/site-packages/airflow/example_dags/example_task_group_decorator.py took 0.188 seconds
[2024-07-04T09:58:57.370+0000] {processor.py:161} INFO - Started process (PID=2829) to work on /home/airflow/.local/lib/python3.12/site-packages/airflow/example_dags/example_task_group_decorator.py
[2024-07-04T09:58:57.371+0000] {processor.py:830} INFO - Processing file /home/airflow/.local/lib/python3.12/site-packages/airflow/example_dags/example_task_group_decorator.py for tasks to queue
[2024-07-04T09:58:57.373+0000] {logging_mixin.py:188} INFO - [2024-07-04T09:58:57.373+0000] {dagbag.py:545} INFO - Filling up the DagBag from /home/airflow/.local/lib/python3.12/site-packages/airflow/example_dags/example_task_group_decorator.py
[2024-07-04T09:58:57.386+0000] {processor.py:840} INFO - DAG(s) 'example_task_group_decorator' retrieved from /home/airflow/.local/lib/python3.12/site-packages/airflow/example_dags/example_task_group_decorator.py
[2024-07-04T09:58:57.408+0000] {logging_mixin.py:188} INFO - [2024-07-04T09:58:57.408+0000] {dag.py:3096} INFO - Sync 1 DAGs
[2024-07-04T09:58:57.429+0000] {logging_mixin.py:188} INFO - [2024-07-04T09:58:57.428+0000] {dag.py:3954} INFO - Setting next_dagrun for example_task_group_decorator to 2024-07-03 00:00:00+00:00, run_after=2024-07-04 00:00:00+00:00
[2024-07-04T09:58:57.448+0000] {processor.py:183} INFO - Processing /home/airflow/.local/lib/python3.12/site-packages/airflow/example_dags/example_task_group_decorator.py took 0.083 seconds
[2024-07-04T09:59:27.534+0000] {processor.py:161} INFO - Started process (PID=2888) to work on /home/airflow/.local/lib/python3.12/site-packages/airflow/example_dags/example_task_group_decorator.py
[2024-07-04T09:59:27.536+0000] {processor.py:830} INFO - Processing file /home/airflow/.local/lib/python3.12/site-packages/airflow/example_dags/example_task_group_decorator.py for tasks to queue
[2024-07-04T09:59:27.547+0000] {logging_mixin.py:188} INFO - [2024-07-04T09:59:27.546+0000] {dagbag.py:545} INFO - Filling up the DagBag from /home/airflow/.local/lib/python3.12/site-packages/airflow/example_dags/example_task_group_decorator.py
[2024-07-04T09:59:27.574+0000] {processor.py:840} INFO - DAG(s) 'example_task_group_decorator' retrieved from /home/airflow/.local/lib/python3.12/site-packages/airflow/example_dags/example_task_group_decorator.py
[2024-07-04T09:59:27.600+0000] {logging_mixin.py:188} INFO - [2024-07-04T09:59:27.599+0000] {dag.py:3096} INFO - Sync 1 DAGs
[2024-07-04T09:59:27.627+0000] {logging_mixin.py:188} INFO - [2024-07-04T09:59:27.627+0000] {dag.py:3954} INFO - Setting next_dagrun for example_task_group_decorator to 2024-07-03 00:00:00+00:00, run_after=2024-07-04 00:00:00+00:00
[2024-07-04T09:59:27.675+0000] {processor.py:183} INFO - Processing /home/airflow/.local/lib/python3.12/site-packages/airflow/example_dags/example_task_group_decorator.py took 0.147 seconds
[2024-07-04T09:59:57.765+0000] {processor.py:161} INFO - Started process (PID=2947) to work on /home/airflow/.local/lib/python3.12/site-packages/airflow/example_dags/example_task_group_decorator.py
[2024-07-04T09:59:57.766+0000] {processor.py:830} INFO - Processing file /home/airflow/.local/lib/python3.12/site-packages/airflow/example_dags/example_task_group_decorator.py for tasks to queue
[2024-07-04T09:59:57.768+0000] {logging_mixin.py:188} INFO - [2024-07-04T09:59:57.767+0000] {dagbag.py:545} INFO - Filling up the DagBag from /home/airflow/.local/lib/python3.12/site-packages/airflow/example_dags/example_task_group_decorator.py
[2024-07-04T09:59:57.783+0000] {processor.py:840} INFO - DAG(s) 'example_task_group_decorator' retrieved from /home/airflow/.local/lib/python3.12/site-packages/airflow/example_dags/example_task_group_decorator.py
[2024-07-04T09:59:57.807+0000] {logging_mixin.py:188} INFO - [2024-07-04T09:59:57.806+0000] {dag.py:3096} INFO - Sync 1 DAGs
[2024-07-04T09:59:57.827+0000] {logging_mixin.py:188} INFO - [2024-07-04T09:59:57.826+0000] {dag.py:3954} INFO - Setting next_dagrun for example_task_group_decorator to 2024-07-03 00:00:00+00:00, run_after=2024-07-04 00:00:00+00:00
[2024-07-04T09:59:57.851+0000] {processor.py:183} INFO - Processing /home/airflow/.local/lib/python3.12/site-packages/airflow/example_dags/example_task_group_decorator.py took 0.091 seconds
[2024-07-04T10:00:28.802+0000] {processor.py:161} INFO - Started process (PID=3006) to work on /home/airflow/.local/lib/python3.12/site-packages/airflow/example_dags/example_task_group_decorator.py
[2024-07-04T10:00:28.803+0000] {processor.py:830} INFO - Processing file /home/airflow/.local/lib/python3.12/site-packages/airflow/example_dags/example_task_group_decorator.py for tasks to queue
[2024-07-04T10:00:28.807+0000] {logging_mixin.py:188} INFO - [2024-07-04T10:00:28.806+0000] {dagbag.py:545} INFO - Filling up the DagBag from /home/airflow/.local/lib/python3.12/site-packages/airflow/example_dags/example_task_group_decorator.py
[2024-07-04T10:00:28.838+0000] {processor.py:840} INFO - DAG(s) 'example_task_group_decorator' retrieved from /home/airflow/.local/lib/python3.12/site-packages/airflow/example_dags/example_task_group_decorator.py
[2024-07-04T10:00:28.867+0000] {logging_mixin.py:188} INFO - [2024-07-04T10:00:28.866+0000] {dag.py:3096} INFO - Sync 1 DAGs
[2024-07-04T10:00:28.892+0000] {logging_mixin.py:188} INFO - [2024-07-04T10:00:28.892+0000] {dag.py:3954} INFO - Setting next_dagrun for example_task_group_decorator to 2024-07-03 00:00:00+00:00, run_after=2024-07-04 00:00:00+00:00
[2024-07-04T10:00:28.913+0000] {processor.py:183} INFO - Processing /home/airflow/.local/lib/python3.12/site-packages/airflow/example_dags/example_task_group_decorator.py took 0.120 seconds
[2024-07-04T10:00:59.201+0000] {processor.py:161} INFO - Started process (PID=3067) to work on /home/airflow/.local/lib/python3.12/site-packages/airflow/example_dags/example_task_group_decorator.py
[2024-07-04T10:00:59.203+0000] {processor.py:830} INFO - Processing file /home/airflow/.local/lib/python3.12/site-packages/airflow/example_dags/example_task_group_decorator.py for tasks to queue
[2024-07-04T10:00:59.205+0000] {logging_mixin.py:188} INFO - [2024-07-04T10:00:59.205+0000] {dagbag.py:545} INFO - Filling up the DagBag from /home/airflow/.local/lib/python3.12/site-packages/airflow/example_dags/example_task_group_decorator.py
[2024-07-04T10:00:59.231+0000] {processor.py:840} INFO - DAG(s) 'example_task_group_decorator' retrieved from /home/airflow/.local/lib/python3.12/site-packages/airflow/example_dags/example_task_group_decorator.py
[2024-07-04T10:00:59.264+0000] {logging_mixin.py:188} INFO - [2024-07-04T10:00:59.263+0000] {dag.py:3096} INFO - Sync 1 DAGs
[2024-07-04T10:00:59.290+0000] {logging_mixin.py:188} INFO - [2024-07-04T10:00:59.290+0000] {dag.py:3954} INFO - Setting next_dagrun for example_task_group_decorator to 2024-07-03 00:00:00+00:00, run_after=2024-07-04 00:00:00+00:00
[2024-07-04T10:00:59.316+0000] {processor.py:183} INFO - Processing /home/airflow/.local/lib/python3.12/site-packages/airflow/example_dags/example_task_group_decorator.py took 0.122 seconds
[2024-07-04T10:01:30.562+0000] {processor.py:161} INFO - Started process (PID=3126) to work on /home/airflow/.local/lib/python3.12/site-packages/airflow/example_dags/example_task_group_decorator.py
[2024-07-04T10:01:30.563+0000] {processor.py:830} INFO - Processing file /home/airflow/.local/lib/python3.12/site-packages/airflow/example_dags/example_task_group_decorator.py for tasks to queue
[2024-07-04T10:01:30.566+0000] {logging_mixin.py:188} INFO - [2024-07-04T10:01:30.566+0000] {dagbag.py:545} INFO - Filling up the DagBag from /home/airflow/.local/lib/python3.12/site-packages/airflow/example_dags/example_task_group_decorator.py
[2024-07-04T10:01:30.603+0000] {processor.py:840} INFO - DAG(s) 'example_task_group_decorator' retrieved from /home/airflow/.local/lib/python3.12/site-packages/airflow/example_dags/example_task_group_decorator.py
[2024-07-04T10:01:30.650+0000] {logging_mixin.py:188} INFO - [2024-07-04T10:01:30.650+0000] {dag.py:3096} INFO - Sync 1 DAGs
[2024-07-04T10:01:30.682+0000] {logging_mixin.py:188} INFO - [2024-07-04T10:01:30.681+0000] {dag.py:3954} INFO - Setting next_dagrun for example_task_group_decorator to 2024-07-03 00:00:00+00:00, run_after=2024-07-04 00:00:00+00:00
[2024-07-04T10:01:30.710+0000] {processor.py:183} INFO - Processing /home/airflow/.local/lib/python3.12/site-packages/airflow/example_dags/example_task_group_decorator.py took 0.158 seconds
[2024-07-04T10:02:00.887+0000] {processor.py:161} INFO - Started process (PID=3184) to work on /home/airflow/.local/lib/python3.12/site-packages/airflow/example_dags/example_task_group_decorator.py
[2024-07-04T10:02:00.888+0000] {processor.py:830} INFO - Processing file /home/airflow/.local/lib/python3.12/site-packages/airflow/example_dags/example_task_group_decorator.py for tasks to queue
[2024-07-04T10:02:00.894+0000] {logging_mixin.py:188} INFO - [2024-07-04T10:02:00.893+0000] {dagbag.py:545} INFO - Filling up the DagBag from /home/airflow/.local/lib/python3.12/site-packages/airflow/example_dags/example_task_group_decorator.py
[2024-07-04T10:02:00.924+0000] {processor.py:840} INFO - DAG(s) 'example_task_group_decorator' retrieved from /home/airflow/.local/lib/python3.12/site-packages/airflow/example_dags/example_task_group_decorator.py
[2024-07-04T10:02:00.994+0000] {logging_mixin.py:188} INFO - [2024-07-04T10:02:00.993+0000] {dag.py:3096} INFO - Sync 1 DAGs
[2024-07-04T10:02:01.056+0000] {logging_mixin.py:188} INFO - [2024-07-04T10:02:01.055+0000] {dag.py:3954} INFO - Setting next_dagrun for example_task_group_decorator to 2024-07-03 00:00:00+00:00, run_after=2024-07-04 00:00:00+00:00
[2024-07-04T10:02:01.112+0000] {processor.py:183} INFO - Processing /home/airflow/.local/lib/python3.12/site-packages/airflow/example_dags/example_task_group_decorator.py took 0.233 seconds
[2024-07-04T10:02:31.194+0000] {processor.py:161} INFO - Started process (PID=3241) to work on /home/airflow/.local/lib/python3.12/site-packages/airflow/example_dags/example_task_group_decorator.py
[2024-07-04T10:02:31.195+0000] {processor.py:830} INFO - Processing file /home/airflow/.local/lib/python3.12/site-packages/airflow/example_dags/example_task_group_decorator.py for tasks to queue
[2024-07-04T10:02:31.198+0000] {logging_mixin.py:188} INFO - [2024-07-04T10:02:31.197+0000] {dagbag.py:545} INFO - Filling up the DagBag from /home/airflow/.local/lib/python3.12/site-packages/airflow/example_dags/example_task_group_decorator.py
[2024-07-04T10:02:31.215+0000] {processor.py:840} INFO - DAG(s) 'example_task_group_decorator' retrieved from /home/airflow/.local/lib/python3.12/site-packages/airflow/example_dags/example_task_group_decorator.py
[2024-07-04T10:02:31.240+0000] {logging_mixin.py:188} INFO - [2024-07-04T10:02:31.240+0000] {dag.py:3096} INFO - Sync 1 DAGs
[2024-07-04T10:02:31.264+0000] {logging_mixin.py:188} INFO - [2024-07-04T10:02:31.264+0000] {dag.py:3954} INFO - Setting next_dagrun for example_task_group_decorator to 2024-07-03 00:00:00+00:00, run_after=2024-07-04 00:00:00+00:00
[2024-07-04T10:02:31.285+0000] {processor.py:183} INFO - Processing /home/airflow/.local/lib/python3.12/site-packages/airflow/example_dags/example_task_group_decorator.py took 0.098 seconds
[2024-07-04T10:03:01.774+0000] {processor.py:161} INFO - Started process (PID=3301) to work on /home/airflow/.local/lib/python3.12/site-packages/airflow/example_dags/example_task_group_decorator.py
[2024-07-04T10:03:01.775+0000] {processor.py:830} INFO - Processing file /home/airflow/.local/lib/python3.12/site-packages/airflow/example_dags/example_task_group_decorator.py for tasks to queue
[2024-07-04T10:03:01.779+0000] {logging_mixin.py:188} INFO - [2024-07-04T10:03:01.777+0000] {dagbag.py:545} INFO - Filling up the DagBag from /home/airflow/.local/lib/python3.12/site-packages/airflow/example_dags/example_task_group_decorator.py
[2024-07-04T10:03:01.804+0000] {processor.py:840} INFO - DAG(s) 'example_task_group_decorator' retrieved from /home/airflow/.local/lib/python3.12/site-packages/airflow/example_dags/example_task_group_decorator.py
[2024-07-04T10:03:01.862+0000] {logging_mixin.py:188} INFO - [2024-07-04T10:03:01.861+0000] {dag.py:3096} INFO - Sync 1 DAGs
[2024-07-04T10:03:01.907+0000] {logging_mixin.py:188} INFO - [2024-07-04T10:03:01.907+0000] {dag.py:3954} INFO - Setting next_dagrun for example_task_group_decorator to 2024-07-03 00:00:00+00:00, run_after=2024-07-04 00:00:00+00:00
[2024-07-04T10:03:01.950+0000] {processor.py:183} INFO - Processing /home/airflow/.local/lib/python3.12/site-packages/airflow/example_dags/example_task_group_decorator.py took 0.182 seconds
[2024-07-04T10:03:32.098+0000] {processor.py:161} INFO - Started process (PID=3360) to work on /home/airflow/.local/lib/python3.12/site-packages/airflow/example_dags/example_task_group_decorator.py
[2024-07-04T10:03:32.100+0000] {processor.py:830} INFO - Processing file /home/airflow/.local/lib/python3.12/site-packages/airflow/example_dags/example_task_group_decorator.py for tasks to queue
[2024-07-04T10:03:32.103+0000] {logging_mixin.py:188} INFO - [2024-07-04T10:03:32.103+0000] {dagbag.py:545} INFO - Filling up the DagBag from /home/airflow/.local/lib/python3.12/site-packages/airflow/example_dags/example_task_group_decorator.py
[2024-07-04T10:03:32.125+0000] {processor.py:840} INFO - DAG(s) 'example_task_group_decorator' retrieved from /home/airflow/.local/lib/python3.12/site-packages/airflow/example_dags/example_task_group_decorator.py
[2024-07-04T10:03:32.168+0000] {logging_mixin.py:188} INFO - [2024-07-04T10:03:32.167+0000] {dag.py:3096} INFO - Sync 1 DAGs
[2024-07-04T10:03:32.204+0000] {logging_mixin.py:188} INFO - [2024-07-04T10:03:32.204+0000] {dag.py:3954} INFO - Setting next_dagrun for example_task_group_decorator to 2024-07-03 00:00:00+00:00, run_after=2024-07-04 00:00:00+00:00
[2024-07-04T10:03:32.235+0000] {processor.py:183} INFO - Processing /home/airflow/.local/lib/python3.12/site-packages/airflow/example_dags/example_task_group_decorator.py took 0.143 seconds
