[2024-07-04T09:34:28.481+0000] {processor.py:161} INFO - Started process (PID=37) to work on /home/airflow/.local/lib/python3.12/site-packages/airflow/example_dags/example_sla_dag.py
[2024-07-04T09:34:28.493+0000] {processor.py:830} INFO - Processing file /home/airflow/.local/lib/python3.12/site-packages/airflow/example_dags/example_sla_dag.py for tasks to queue
[2024-07-04T09:34:28.517+0000] {logging_mixin.py:188} INFO - [2024-07-04T09:34:28.516+0000] {dagbag.py:545} INFO - Filling up the DagBag from /home/airflow/.local/lib/python3.12/site-packages/airflow/example_dags/example_sla_dag.py
[2024-07-04T09:34:28.622+0000] {processor.py:840} INFO - DAG(s) 'example_sla_dag' retrieved from /home/airflow/.local/lib/python3.12/site-packages/airflow/example_dags/example_sla_dag.py
[2024-07-04T09:34:29.976+0000] {logging_mixin.py:188} INFO - [2024-07-04T09:34:29.975+0000] {dag.py:3096} INFO - Sync 1 DAGs
[2024-07-04T09:34:31.833+0000] {logging_mixin.py:188} INFO - [2024-07-04T09:34:31.832+0000] {dag.py:3954} INFO - Setting next_dagrun for example_sla_dag to 2024-07-04 09:32:00+00:00, run_after=2024-07-04 09:34:00+00:00
[2024-07-04T09:34:32.756+0000] {processor.py:183} INFO - Processing /home/airflow/.local/lib/python3.12/site-packages/airflow/example_dags/example_sla_dag.py took 4.307 seconds
[2024-07-04T09:35:13.647+0000] {processor.py:161} INFO - Started process (PID=95) to work on /home/airflow/.local/lib/python3.12/site-packages/airflow/example_dags/example_sla_dag.py
[2024-07-04T09:35:13.649+0000] {processor.py:830} INFO - Processing file /home/airflow/.local/lib/python3.12/site-packages/airflow/example_dags/example_sla_dag.py for tasks to queue
[2024-07-04T09:35:13.685+0000] {logging_mixin.py:188} INFO - [2024-07-04T09:35:13.684+0000] {dagbag.py:545} INFO - Filling up the DagBag from /home/airflow/.local/lib/python3.12/site-packages/airflow/example_dags/example_sla_dag.py
[2024-07-04T09:35:13.865+0000] {processor.py:840} INFO - DAG(s) 'example_sla_dag' retrieved from /home/airflow/.local/lib/python3.12/site-packages/airflow/example_dags/example_sla_dag.py
[2024-07-04T09:35:13.942+0000] {logging_mixin.py:188} INFO - [2024-07-04T09:35:13.939+0000] {dag.py:3096} INFO - Sync 1 DAGs
[2024-07-04T09:35:14.005+0000] {logging_mixin.py:188} INFO - [2024-07-04T09:35:14.005+0000] {dag.py:3954} INFO - Setting next_dagrun for example_sla_dag to 2024-07-04 09:32:00+00:00, run_after=2024-07-04 09:34:00+00:00
[2024-07-04T09:35:14.134+0000] {processor.py:183} INFO - Processing /home/airflow/.local/lib/python3.12/site-packages/airflow/example_dags/example_sla_dag.py took 0.500 seconds
[2024-07-04T09:35:44.263+0000] {processor.py:161} INFO - Started process (PID=152) to work on /home/airflow/.local/lib/python3.12/site-packages/airflow/example_dags/example_sla_dag.py
[2024-07-04T09:35:44.264+0000] {processor.py:830} INFO - Processing file /home/airflow/.local/lib/python3.12/site-packages/airflow/example_dags/example_sla_dag.py for tasks to queue
[2024-07-04T09:35:44.267+0000] {logging_mixin.py:188} INFO - [2024-07-04T09:35:44.267+0000] {dagbag.py:545} INFO - Filling up the DagBag from /home/airflow/.local/lib/python3.12/site-packages/airflow/example_dags/example_sla_dag.py
[2024-07-04T09:35:44.295+0000] {processor.py:840} INFO - DAG(s) 'example_sla_dag' retrieved from /home/airflow/.local/lib/python3.12/site-packages/airflow/example_dags/example_sla_dag.py
[2024-07-04T09:35:44.377+0000] {logging_mixin.py:188} INFO - [2024-07-04T09:35:44.376+0000] {dag.py:3096} INFO - Sync 1 DAGs
[2024-07-04T09:35:44.505+0000] {logging_mixin.py:188} INFO - [2024-07-04T09:35:44.505+0000] {dag.py:3954} INFO - Setting next_dagrun for example_sla_dag to 2024-07-04 09:32:00+00:00, run_after=2024-07-04 09:34:00+00:00
[2024-07-04T09:35:44.567+0000] {processor.py:183} INFO - Processing /home/airflow/.local/lib/python3.12/site-packages/airflow/example_dags/example_sla_dag.py took 0.321 seconds
[2024-07-04T09:36:14.630+0000] {processor.py:161} INFO - Started process (PID=211) to work on /home/airflow/.local/lib/python3.12/site-packages/airflow/example_dags/example_sla_dag.py
[2024-07-04T09:36:14.631+0000] {processor.py:830} INFO - Processing file /home/airflow/.local/lib/python3.12/site-packages/airflow/example_dags/example_sla_dag.py for tasks to queue
[2024-07-04T09:36:14.633+0000] {logging_mixin.py:188} INFO - [2024-07-04T09:36:14.633+0000] {dagbag.py:545} INFO - Filling up the DagBag from /home/airflow/.local/lib/python3.12/site-packages/airflow/example_dags/example_sla_dag.py
[2024-07-04T09:36:14.642+0000] {processor.py:840} INFO - DAG(s) 'example_sla_dag' retrieved from /home/airflow/.local/lib/python3.12/site-packages/airflow/example_dags/example_sla_dag.py
[2024-07-04T09:36:14.663+0000] {logging_mixin.py:188} INFO - [2024-07-04T09:36:14.663+0000] {dag.py:3096} INFO - Sync 1 DAGs
[2024-07-04T09:36:14.695+0000] {logging_mixin.py:188} INFO - [2024-07-04T09:36:14.695+0000] {dag.py:3954} INFO - Setting next_dagrun for example_sla_dag to 2024-07-04 09:34:00+00:00, run_after=2024-07-04 09:36:00+00:00
[2024-07-04T09:36:14.726+0000] {processor.py:183} INFO - Processing /home/airflow/.local/lib/python3.12/site-packages/airflow/example_dags/example_sla_dag.py took 0.101 seconds
[2024-07-04T09:36:45.457+0000] {processor.py:161} INFO - Started process (PID=270) to work on /home/airflow/.local/lib/python3.12/site-packages/airflow/example_dags/example_sla_dag.py
[2024-07-04T09:36:45.458+0000] {processor.py:830} INFO - Processing file /home/airflow/.local/lib/python3.12/site-packages/airflow/example_dags/example_sla_dag.py for tasks to queue
[2024-07-04T09:36:45.460+0000] {logging_mixin.py:188} INFO - [2024-07-04T09:36:45.460+0000] {dagbag.py:545} INFO - Filling up the DagBag from /home/airflow/.local/lib/python3.12/site-packages/airflow/example_dags/example_sla_dag.py
[2024-07-04T09:36:45.468+0000] {processor.py:840} INFO - DAG(s) 'example_sla_dag' retrieved from /home/airflow/.local/lib/python3.12/site-packages/airflow/example_dags/example_sla_dag.py
[2024-07-04T09:36:45.489+0000] {logging_mixin.py:188} INFO - [2024-07-04T09:36:45.489+0000] {dag.py:3096} INFO - Sync 1 DAGs
[2024-07-04T09:36:45.513+0000] {logging_mixin.py:188} INFO - [2024-07-04T09:36:45.512+0000] {dag.py:3954} INFO - Setting next_dagrun for example_sla_dag to 2024-07-04 09:34:00+00:00, run_after=2024-07-04 09:36:00+00:00
[2024-07-04T09:36:45.534+0000] {processor.py:183} INFO - Processing /home/airflow/.local/lib/python3.12/site-packages/airflow/example_dags/example_sla_dag.py took 0.083 seconds
[2024-07-04T09:37:15.889+0000] {processor.py:161} INFO - Started process (PID=329) to work on /home/airflow/.local/lib/python3.12/site-packages/airflow/example_dags/example_sla_dag.py
[2024-07-04T09:37:15.891+0000] {processor.py:830} INFO - Processing file /home/airflow/.local/lib/python3.12/site-packages/airflow/example_dags/example_sla_dag.py for tasks to queue
[2024-07-04T09:37:15.892+0000] {logging_mixin.py:188} INFO - [2024-07-04T09:37:15.892+0000] {dagbag.py:545} INFO - Filling up the DagBag from /home/airflow/.local/lib/python3.12/site-packages/airflow/example_dags/example_sla_dag.py
[2024-07-04T09:37:15.900+0000] {processor.py:840} INFO - DAG(s) 'example_sla_dag' retrieved from /home/airflow/.local/lib/python3.12/site-packages/airflow/example_dags/example_sla_dag.py
[2024-07-04T09:37:15.918+0000] {logging_mixin.py:188} INFO - [2024-07-04T09:37:15.918+0000] {dag.py:3096} INFO - Sync 1 DAGs
[2024-07-04T09:37:15.940+0000] {logging_mixin.py:188} INFO - [2024-07-04T09:37:15.940+0000] {dag.py:3954} INFO - Setting next_dagrun for example_sla_dag to 2024-07-04 09:34:00+00:00, run_after=2024-07-04 09:36:00+00:00
[2024-07-04T09:37:15.956+0000] {processor.py:183} INFO - Processing /home/airflow/.local/lib/python3.12/site-packages/airflow/example_dags/example_sla_dag.py took 0.072 seconds
[2024-07-04T09:37:46.240+0000] {processor.py:161} INFO - Started process (PID=388) to work on /home/airflow/.local/lib/python3.12/site-packages/airflow/example_dags/example_sla_dag.py
[2024-07-04T09:37:46.242+0000] {processor.py:830} INFO - Processing file /home/airflow/.local/lib/python3.12/site-packages/airflow/example_dags/example_sla_dag.py for tasks to queue
[2024-07-04T09:37:46.244+0000] {logging_mixin.py:188} INFO - [2024-07-04T09:37:46.243+0000] {dagbag.py:545} INFO - Filling up the DagBag from /home/airflow/.local/lib/python3.12/site-packages/airflow/example_dags/example_sla_dag.py
[2024-07-04T09:37:46.252+0000] {processor.py:840} INFO - DAG(s) 'example_sla_dag' retrieved from /home/airflow/.local/lib/python3.12/site-packages/airflow/example_dags/example_sla_dag.py
[2024-07-04T09:37:46.279+0000] {logging_mixin.py:188} INFO - [2024-07-04T09:37:46.279+0000] {dag.py:3096} INFO - Sync 1 DAGs
[2024-07-04T09:37:46.309+0000] {logging_mixin.py:188} INFO - [2024-07-04T09:37:46.308+0000] {dag.py:3954} INFO - Setting next_dagrun for example_sla_dag to 2024-07-04 09:34:00+00:00, run_after=2024-07-04 09:36:00+00:00
[2024-07-04T09:37:46.332+0000] {processor.py:183} INFO - Processing /home/airflow/.local/lib/python3.12/site-packages/airflow/example_dags/example_sla_dag.py took 0.099 seconds
[2024-07-04T09:38:16.596+0000] {processor.py:161} INFO - Started process (PID=447) to work on /home/airflow/.local/lib/python3.12/site-packages/airflow/example_dags/example_sla_dag.py
[2024-07-04T09:38:16.596+0000] {processor.py:830} INFO - Processing file /home/airflow/.local/lib/python3.12/site-packages/airflow/example_dags/example_sla_dag.py for tasks to queue
[2024-07-04T09:38:16.598+0000] {logging_mixin.py:188} INFO - [2024-07-04T09:38:16.598+0000] {dagbag.py:545} INFO - Filling up the DagBag from /home/airflow/.local/lib/python3.12/site-packages/airflow/example_dags/example_sla_dag.py
[2024-07-04T09:38:16.607+0000] {processor.py:840} INFO - DAG(s) 'example_sla_dag' retrieved from /home/airflow/.local/lib/python3.12/site-packages/airflow/example_dags/example_sla_dag.py
[2024-07-04T09:38:16.632+0000] {logging_mixin.py:188} INFO - [2024-07-04T09:38:16.632+0000] {dag.py:3096} INFO - Sync 1 DAGs
[2024-07-04T09:38:16.678+0000] {logging_mixin.py:188} INFO - [2024-07-04T09:38:16.677+0000] {dag.py:3954} INFO - Setting next_dagrun for example_sla_dag to 2024-07-04 09:36:00+00:00, run_after=2024-07-04 09:38:00+00:00
[2024-07-04T09:38:16.715+0000] {processor.py:183} INFO - Processing /home/airflow/.local/lib/python3.12/site-packages/airflow/example_dags/example_sla_dag.py took 0.125 seconds
[2024-07-04T09:38:46.750+0000] {processor.py:161} INFO - Started process (PID=506) to work on /home/airflow/.local/lib/python3.12/site-packages/airflow/example_dags/example_sla_dag.py
[2024-07-04T09:38:46.751+0000] {processor.py:830} INFO - Processing file /home/airflow/.local/lib/python3.12/site-packages/airflow/example_dags/example_sla_dag.py for tasks to queue
[2024-07-04T09:38:46.753+0000] {logging_mixin.py:188} INFO - [2024-07-04T09:38:46.753+0000] {dagbag.py:545} INFO - Filling up the DagBag from /home/airflow/.local/lib/python3.12/site-packages/airflow/example_dags/example_sla_dag.py
[2024-07-04T09:38:46.761+0000] {processor.py:840} INFO - DAG(s) 'example_sla_dag' retrieved from /home/airflow/.local/lib/python3.12/site-packages/airflow/example_dags/example_sla_dag.py
[2024-07-04T09:38:46.780+0000] {logging_mixin.py:188} INFO - [2024-07-04T09:38:46.779+0000] {dag.py:3096} INFO - Sync 1 DAGs
[2024-07-04T09:38:46.801+0000] {logging_mixin.py:188} INFO - [2024-07-04T09:38:46.801+0000] {dag.py:3954} INFO - Setting next_dagrun for example_sla_dag to 2024-07-04 09:36:00+00:00, run_after=2024-07-04 09:38:00+00:00
[2024-07-04T09:38:46.821+0000] {processor.py:183} INFO - Processing /home/airflow/.local/lib/python3.12/site-packages/airflow/example_dags/example_sla_dag.py took 0.076 seconds
[2024-07-04T09:39:16.960+0000] {processor.py:161} INFO - Started process (PID=565) to work on /home/airflow/.local/lib/python3.12/site-packages/airflow/example_dags/example_sla_dag.py
[2024-07-04T09:39:16.972+0000] {processor.py:830} INFO - Processing file /home/airflow/.local/lib/python3.12/site-packages/airflow/example_dags/example_sla_dag.py for tasks to queue
[2024-07-04T09:39:16.982+0000] {logging_mixin.py:188} INFO - [2024-07-04T09:39:16.981+0000] {dagbag.py:545} INFO - Filling up the DagBag from /home/airflow/.local/lib/python3.12/site-packages/airflow/example_dags/example_sla_dag.py
[2024-07-04T09:39:17.013+0000] {processor.py:840} INFO - DAG(s) 'example_sla_dag' retrieved from /home/airflow/.local/lib/python3.12/site-packages/airflow/example_dags/example_sla_dag.py
[2024-07-04T09:39:17.094+0000] {logging_mixin.py:188} INFO - [2024-07-04T09:39:17.093+0000] {dag.py:3096} INFO - Sync 1 DAGs
[2024-07-04T09:39:17.352+0000] {logging_mixin.py:188} INFO - [2024-07-04T09:39:17.351+0000] {dag.py:3954} INFO - Setting next_dagrun for example_sla_dag to 2024-07-04 09:36:00+00:00, run_after=2024-07-04 09:38:00+00:00
[2024-07-04T09:39:17.385+0000] {processor.py:183} INFO - Processing /home/airflow/.local/lib/python3.12/site-packages/airflow/example_dags/example_sla_dag.py took 0.453 seconds
[2024-07-04T09:39:47.492+0000] {processor.py:161} INFO - Started process (PID=624) to work on /home/airflow/.local/lib/python3.12/site-packages/airflow/example_dags/example_sla_dag.py
[2024-07-04T09:39:47.493+0000] {processor.py:830} INFO - Processing file /home/airflow/.local/lib/python3.12/site-packages/airflow/example_dags/example_sla_dag.py for tasks to queue
[2024-07-04T09:39:47.495+0000] {logging_mixin.py:188} INFO - [2024-07-04T09:39:47.495+0000] {dagbag.py:545} INFO - Filling up the DagBag from /home/airflow/.local/lib/python3.12/site-packages/airflow/example_dags/example_sla_dag.py
[2024-07-04T09:39:47.510+0000] {processor.py:840} INFO - DAG(s) 'example_sla_dag' retrieved from /home/airflow/.local/lib/python3.12/site-packages/airflow/example_dags/example_sla_dag.py
[2024-07-04T09:39:47.541+0000] {logging_mixin.py:188} INFO - [2024-07-04T09:39:47.540+0000] {dag.py:3096} INFO - Sync 1 DAGs
[2024-07-04T09:39:47.576+0000] {logging_mixin.py:188} INFO - [2024-07-04T09:39:47.574+0000] {dag.py:3954} INFO - Setting next_dagrun for example_sla_dag to 2024-07-04 09:36:00+00:00, run_after=2024-07-04 09:38:00+00:00
[2024-07-04T09:39:47.598+0000] {processor.py:183} INFO - Processing /home/airflow/.local/lib/python3.12/site-packages/airflow/example_dags/example_sla_dag.py took 0.112 seconds
[2024-07-04T09:40:17.829+0000] {processor.py:161} INFO - Started process (PID=684) to work on /home/airflow/.local/lib/python3.12/site-packages/airflow/example_dags/example_sla_dag.py
[2024-07-04T09:40:17.830+0000] {processor.py:830} INFO - Processing file /home/airflow/.local/lib/python3.12/site-packages/airflow/example_dags/example_sla_dag.py for tasks to queue
[2024-07-04T09:40:17.832+0000] {logging_mixin.py:188} INFO - [2024-07-04T09:40:17.832+0000] {dagbag.py:545} INFO - Filling up the DagBag from /home/airflow/.local/lib/python3.12/site-packages/airflow/example_dags/example_sla_dag.py
[2024-07-04T09:40:17.841+0000] {processor.py:840} INFO - DAG(s) 'example_sla_dag' retrieved from /home/airflow/.local/lib/python3.12/site-packages/airflow/example_dags/example_sla_dag.py
[2024-07-04T09:40:17.865+0000] {logging_mixin.py:188} INFO - [2024-07-04T09:40:17.865+0000] {dag.py:3096} INFO - Sync 1 DAGs
[2024-07-04T09:40:17.887+0000] {logging_mixin.py:188} INFO - [2024-07-04T09:40:17.887+0000] {dag.py:3954} INFO - Setting next_dagrun for example_sla_dag to 2024-07-04 09:38:00+00:00, run_after=2024-07-04 09:40:00+00:00
[2024-07-04T09:40:17.908+0000] {processor.py:183} INFO - Processing /home/airflow/.local/lib/python3.12/site-packages/airflow/example_dags/example_sla_dag.py took 0.084 seconds
[2024-07-04T09:40:48.250+0000] {processor.py:161} INFO - Started process (PID=741) to work on /home/airflow/.local/lib/python3.12/site-packages/airflow/example_dags/example_sla_dag.py
[2024-07-04T09:40:48.256+0000] {processor.py:830} INFO - Processing file /home/airflow/.local/lib/python3.12/site-packages/airflow/example_dags/example_sla_dag.py for tasks to queue
[2024-07-04T09:40:48.259+0000] {logging_mixin.py:188} INFO - [2024-07-04T09:40:48.259+0000] {dagbag.py:545} INFO - Filling up the DagBag from /home/airflow/.local/lib/python3.12/site-packages/airflow/example_dags/example_sla_dag.py
[2024-07-04T09:40:48.268+0000] {processor.py:840} INFO - DAG(s) 'example_sla_dag' retrieved from /home/airflow/.local/lib/python3.12/site-packages/airflow/example_dags/example_sla_dag.py
[2024-07-04T09:40:48.310+0000] {logging_mixin.py:188} INFO - [2024-07-04T09:40:48.309+0000] {dag.py:3096} INFO - Sync 1 DAGs
[2024-07-04T09:40:48.359+0000] {logging_mixin.py:188} INFO - [2024-07-04T09:40:48.358+0000] {dag.py:3954} INFO - Setting next_dagrun for example_sla_dag to 2024-07-04 09:38:00+00:00, run_after=2024-07-04 09:40:00+00:00
[2024-07-04T09:40:48.392+0000] {processor.py:183} INFO - Processing /home/airflow/.local/lib/python3.12/site-packages/airflow/example_dags/example_sla_dag.py took 0.147 seconds
[2024-07-04T09:41:19.395+0000] {processor.py:161} INFO - Started process (PID=801) to work on /home/airflow/.local/lib/python3.12/site-packages/airflow/example_dags/example_sla_dag.py
[2024-07-04T09:41:19.397+0000] {processor.py:830} INFO - Processing file /home/airflow/.local/lib/python3.12/site-packages/airflow/example_dags/example_sla_dag.py for tasks to queue
[2024-07-04T09:41:19.400+0000] {logging_mixin.py:188} INFO - [2024-07-04T09:41:19.400+0000] {dagbag.py:545} INFO - Filling up the DagBag from /home/airflow/.local/lib/python3.12/site-packages/airflow/example_dags/example_sla_dag.py
[2024-07-04T09:41:19.408+0000] {processor.py:840} INFO - DAG(s) 'example_sla_dag' retrieved from /home/airflow/.local/lib/python3.12/site-packages/airflow/example_dags/example_sla_dag.py
[2024-07-04T09:41:19.428+0000] {logging_mixin.py:188} INFO - [2024-07-04T09:41:19.428+0000] {dag.py:3096} INFO - Sync 1 DAGs
[2024-07-04T09:41:19.458+0000] {logging_mixin.py:188} INFO - [2024-07-04T09:41:19.457+0000] {dag.py:3954} INFO - Setting next_dagrun for example_sla_dag to 2024-07-04 09:38:00+00:00, run_after=2024-07-04 09:40:00+00:00
[2024-07-04T09:41:19.485+0000] {processor.py:183} INFO - Processing /home/airflow/.local/lib/python3.12/site-packages/airflow/example_dags/example_sla_dag.py took 0.095 seconds
[2024-07-04T09:41:49.766+0000] {processor.py:161} INFO - Started process (PID=860) to work on /home/airflow/.local/lib/python3.12/site-packages/airflow/example_dags/example_sla_dag.py
[2024-07-04T09:41:49.767+0000] {processor.py:830} INFO - Processing file /home/airflow/.local/lib/python3.12/site-packages/airflow/example_dags/example_sla_dag.py for tasks to queue
[2024-07-04T09:41:49.768+0000] {logging_mixin.py:188} INFO - [2024-07-04T09:41:49.768+0000] {dagbag.py:545} INFO - Filling up the DagBag from /home/airflow/.local/lib/python3.12/site-packages/airflow/example_dags/example_sla_dag.py
[2024-07-04T09:41:49.776+0000] {processor.py:840} INFO - DAG(s) 'example_sla_dag' retrieved from /home/airflow/.local/lib/python3.12/site-packages/airflow/example_dags/example_sla_dag.py
[2024-07-04T09:41:49.796+0000] {logging_mixin.py:188} INFO - [2024-07-04T09:41:49.796+0000] {dag.py:3096} INFO - Sync 1 DAGs
[2024-07-04T09:41:49.819+0000] {logging_mixin.py:188} INFO - [2024-07-04T09:41:49.819+0000] {dag.py:3954} INFO - Setting next_dagrun for example_sla_dag to 2024-07-04 09:38:00+00:00, run_after=2024-07-04 09:40:00+00:00
[2024-07-04T09:41:49.843+0000] {processor.py:183} INFO - Processing /home/airflow/.local/lib/python3.12/site-packages/airflow/example_dags/example_sla_dag.py took 0.082 seconds
[2024-07-04T09:42:20.480+0000] {processor.py:161} INFO - Started process (PID=918) to work on /home/airflow/.local/lib/python3.12/site-packages/airflow/example_dags/example_sla_dag.py
[2024-07-04T09:42:20.481+0000] {processor.py:830} INFO - Processing file /home/airflow/.local/lib/python3.12/site-packages/airflow/example_dags/example_sla_dag.py for tasks to queue
[2024-07-04T09:42:20.484+0000] {logging_mixin.py:188} INFO - [2024-07-04T09:42:20.483+0000] {dagbag.py:545} INFO - Filling up the DagBag from /home/airflow/.local/lib/python3.12/site-packages/airflow/example_dags/example_sla_dag.py
[2024-07-04T09:42:20.498+0000] {processor.py:840} INFO - DAG(s) 'example_sla_dag' retrieved from /home/airflow/.local/lib/python3.12/site-packages/airflow/example_dags/example_sla_dag.py
[2024-07-04T09:42:20.536+0000] {logging_mixin.py:188} INFO - [2024-07-04T09:42:20.535+0000] {dag.py:3096} INFO - Sync 1 DAGs
[2024-07-04T09:42:20.581+0000] {logging_mixin.py:188} INFO - [2024-07-04T09:42:20.580+0000] {dag.py:3954} INFO - Setting next_dagrun for example_sla_dag to 2024-07-04 09:40:00+00:00, run_after=2024-07-04 09:42:00+00:00
[2024-07-04T09:42:20.619+0000] {processor.py:183} INFO - Processing /home/airflow/.local/lib/python3.12/site-packages/airflow/example_dags/example_sla_dag.py took 0.147 seconds
[2024-07-04T09:42:50.690+0000] {processor.py:161} INFO - Started process (PID=977) to work on /home/airflow/.local/lib/python3.12/site-packages/airflow/example_dags/example_sla_dag.py
[2024-07-04T09:42:50.691+0000] {processor.py:830} INFO - Processing file /home/airflow/.local/lib/python3.12/site-packages/airflow/example_dags/example_sla_dag.py for tasks to queue
[2024-07-04T09:42:50.693+0000] {logging_mixin.py:188} INFO - [2024-07-04T09:42:50.693+0000] {dagbag.py:545} INFO - Filling up the DagBag from /home/airflow/.local/lib/python3.12/site-packages/airflow/example_dags/example_sla_dag.py
[2024-07-04T09:42:50.704+0000] {processor.py:840} INFO - DAG(s) 'example_sla_dag' retrieved from /home/airflow/.local/lib/python3.12/site-packages/airflow/example_dags/example_sla_dag.py
[2024-07-04T09:42:50.726+0000] {logging_mixin.py:188} INFO - [2024-07-04T09:42:50.726+0000] {dag.py:3096} INFO - Sync 1 DAGs
[2024-07-04T09:42:50.750+0000] {logging_mixin.py:188} INFO - [2024-07-04T09:42:50.749+0000] {dag.py:3954} INFO - Setting next_dagrun for example_sla_dag to 2024-07-04 09:40:00+00:00, run_after=2024-07-04 09:42:00+00:00
[2024-07-04T09:42:50.775+0000] {processor.py:183} INFO - Processing /home/airflow/.local/lib/python3.12/site-packages/airflow/example_dags/example_sla_dag.py took 0.092 seconds
[2024-07-04T09:43:21.158+0000] {processor.py:161} INFO - Started process (PID=1038) to work on /home/airflow/.local/lib/python3.12/site-packages/airflow/example_dags/example_sla_dag.py
[2024-07-04T09:43:21.162+0000] {processor.py:830} INFO - Processing file /home/airflow/.local/lib/python3.12/site-packages/airflow/example_dags/example_sla_dag.py for tasks to queue
[2024-07-04T09:43:21.165+0000] {logging_mixin.py:188} INFO - [2024-07-04T09:43:21.165+0000] {dagbag.py:545} INFO - Filling up the DagBag from /home/airflow/.local/lib/python3.12/site-packages/airflow/example_dags/example_sla_dag.py
[2024-07-04T09:43:21.174+0000] {processor.py:840} INFO - DAG(s) 'example_sla_dag' retrieved from /home/airflow/.local/lib/python3.12/site-packages/airflow/example_dags/example_sla_dag.py
[2024-07-04T09:43:21.198+0000] {logging_mixin.py:188} INFO - [2024-07-04T09:43:21.198+0000] {dag.py:3096} INFO - Sync 1 DAGs
[2024-07-04T09:43:21.222+0000] {logging_mixin.py:188} INFO - [2024-07-04T09:43:21.222+0000] {dag.py:3954} INFO - Setting next_dagrun for example_sla_dag to 2024-07-04 09:40:00+00:00, run_after=2024-07-04 09:42:00+00:00
[2024-07-04T09:43:21.241+0000] {processor.py:183} INFO - Processing /home/airflow/.local/lib/python3.12/site-packages/airflow/example_dags/example_sla_dag.py took 0.088 seconds
[2024-07-04T09:43:51.367+0000] {processor.py:161} INFO - Started process (PID=1097) to work on /home/airflow/.local/lib/python3.12/site-packages/airflow/example_dags/example_sla_dag.py
[2024-07-04T09:43:51.369+0000] {processor.py:830} INFO - Processing file /home/airflow/.local/lib/python3.12/site-packages/airflow/example_dags/example_sla_dag.py for tasks to queue
[2024-07-04T09:43:51.371+0000] {logging_mixin.py:188} INFO - [2024-07-04T09:43:51.371+0000] {dagbag.py:545} INFO - Filling up the DagBag from /home/airflow/.local/lib/python3.12/site-packages/airflow/example_dags/example_sla_dag.py
[2024-07-04T09:43:51.380+0000] {processor.py:840} INFO - DAG(s) 'example_sla_dag' retrieved from /home/airflow/.local/lib/python3.12/site-packages/airflow/example_dags/example_sla_dag.py
[2024-07-04T09:43:51.405+0000] {logging_mixin.py:188} INFO - [2024-07-04T09:43:51.405+0000] {dag.py:3096} INFO - Sync 1 DAGs
[2024-07-04T09:43:51.430+0000] {logging_mixin.py:188} INFO - [2024-07-04T09:43:51.430+0000] {dag.py:3954} INFO - Setting next_dagrun for example_sla_dag to 2024-07-04 09:40:00+00:00, run_after=2024-07-04 09:42:00+00:00
[2024-07-04T09:43:51.450+0000] {processor.py:183} INFO - Processing /home/airflow/.local/lib/python3.12/site-packages/airflow/example_dags/example_sla_dag.py took 0.088 seconds
[2024-07-04T09:44:22.210+0000] {processor.py:161} INFO - Started process (PID=1156) to work on /home/airflow/.local/lib/python3.12/site-packages/airflow/example_dags/example_sla_dag.py
[2024-07-04T09:44:22.228+0000] {processor.py:830} INFO - Processing file /home/airflow/.local/lib/python3.12/site-packages/airflow/example_dags/example_sla_dag.py for tasks to queue
[2024-07-04T09:44:22.237+0000] {logging_mixin.py:188} INFO - [2024-07-04T09:44:22.237+0000] {dagbag.py:545} INFO - Filling up the DagBag from /home/airflow/.local/lib/python3.12/site-packages/airflow/example_dags/example_sla_dag.py
[2024-07-04T09:44:22.255+0000] {processor.py:840} INFO - DAG(s) 'example_sla_dag' retrieved from /home/airflow/.local/lib/python3.12/site-packages/airflow/example_dags/example_sla_dag.py
[2024-07-04T09:44:22.299+0000] {logging_mixin.py:188} INFO - [2024-07-04T09:44:22.299+0000] {dag.py:3096} INFO - Sync 1 DAGs
[2024-07-04T09:44:22.380+0000] {logging_mixin.py:188} INFO - [2024-07-04T09:44:22.379+0000] {dag.py:3954} INFO - Setting next_dagrun for example_sla_dag to 2024-07-04 09:42:00+00:00, run_after=2024-07-04 09:44:00+00:00
[2024-07-04T09:44:22.416+0000] {processor.py:183} INFO - Processing /home/airflow/.local/lib/python3.12/site-packages/airflow/example_dags/example_sla_dag.py took 0.213 seconds
[2024-07-04T09:44:52.460+0000] {processor.py:161} INFO - Started process (PID=1215) to work on /home/airflow/.local/lib/python3.12/site-packages/airflow/example_dags/example_sla_dag.py
[2024-07-04T09:44:52.462+0000] {processor.py:830} INFO - Processing file /home/airflow/.local/lib/python3.12/site-packages/airflow/example_dags/example_sla_dag.py for tasks to queue
[2024-07-04T09:44:52.464+0000] {logging_mixin.py:188} INFO - [2024-07-04T09:44:52.463+0000] {dagbag.py:545} INFO - Filling up the DagBag from /home/airflow/.local/lib/python3.12/site-packages/airflow/example_dags/example_sla_dag.py
[2024-07-04T09:44:52.475+0000] {processor.py:840} INFO - DAG(s) 'example_sla_dag' retrieved from /home/airflow/.local/lib/python3.12/site-packages/airflow/example_dags/example_sla_dag.py
[2024-07-04T09:44:52.504+0000] {logging_mixin.py:188} INFO - [2024-07-04T09:44:52.503+0000] {dag.py:3096} INFO - Sync 1 DAGs
[2024-07-04T09:44:52.544+0000] {logging_mixin.py:188} INFO - [2024-07-04T09:44:52.544+0000] {dag.py:3954} INFO - Setting next_dagrun for example_sla_dag to 2024-07-04 09:42:00+00:00, run_after=2024-07-04 09:44:00+00:00
[2024-07-04T09:44:52.568+0000] {processor.py:183} INFO - Processing /home/airflow/.local/lib/python3.12/site-packages/airflow/example_dags/example_sla_dag.py took 0.116 seconds
[2024-07-04T09:45:23.544+0000] {processor.py:161} INFO - Started process (PID=1274) to work on /home/airflow/.local/lib/python3.12/site-packages/airflow/example_dags/example_sla_dag.py
[2024-07-04T09:45:23.566+0000] {processor.py:830} INFO - Processing file /home/airflow/.local/lib/python3.12/site-packages/airflow/example_dags/example_sla_dag.py for tasks to queue
[2024-07-04T09:45:23.570+0000] {logging_mixin.py:188} INFO - [2024-07-04T09:45:23.569+0000] {dagbag.py:545} INFO - Filling up the DagBag from /home/airflow/.local/lib/python3.12/site-packages/airflow/example_dags/example_sla_dag.py
[2024-07-04T09:45:23.588+0000] {processor.py:840} INFO - DAG(s) 'example_sla_dag' retrieved from /home/airflow/.local/lib/python3.12/site-packages/airflow/example_dags/example_sla_dag.py
[2024-07-04T09:45:23.674+0000] {logging_mixin.py:188} INFO - [2024-07-04T09:45:23.673+0000] {dag.py:3096} INFO - Sync 1 DAGs
[2024-07-04T09:45:23.833+0000] {logging_mixin.py:188} INFO - [2024-07-04T09:45:23.832+0000] {dag.py:3954} INFO - Setting next_dagrun for example_sla_dag to 2024-07-04 09:42:00+00:00, run_after=2024-07-04 09:44:00+00:00
[2024-07-04T09:45:23.999+0000] {processor.py:183} INFO - Processing /home/airflow/.local/lib/python3.12/site-packages/airflow/example_dags/example_sla_dag.py took 0.472 seconds
[2024-07-04T09:45:54.974+0000] {processor.py:161} INFO - Started process (PID=1333) to work on /home/airflow/.local/lib/python3.12/site-packages/airflow/example_dags/example_sla_dag.py
[2024-07-04T09:45:54.976+0000] {processor.py:830} INFO - Processing file /home/airflow/.local/lib/python3.12/site-packages/airflow/example_dags/example_sla_dag.py for tasks to queue
[2024-07-04T09:45:54.978+0000] {logging_mixin.py:188} INFO - [2024-07-04T09:45:54.977+0000] {dagbag.py:545} INFO - Filling up the DagBag from /home/airflow/.local/lib/python3.12/site-packages/airflow/example_dags/example_sla_dag.py
[2024-07-04T09:45:54.986+0000] {processor.py:840} INFO - DAG(s) 'example_sla_dag' retrieved from /home/airflow/.local/lib/python3.12/site-packages/airflow/example_dags/example_sla_dag.py
[2024-07-04T09:45:55.005+0000] {logging_mixin.py:188} INFO - [2024-07-04T09:45:55.005+0000] {dag.py:3096} INFO - Sync 1 DAGs
[2024-07-04T09:45:55.031+0000] {logging_mixin.py:188} INFO - [2024-07-04T09:45:55.031+0000] {dag.py:3954} INFO - Setting next_dagrun for example_sla_dag to 2024-07-04 09:42:00+00:00, run_after=2024-07-04 09:44:00+00:00
[2024-07-04T09:45:55.051+0000] {processor.py:183} INFO - Processing /home/airflow/.local/lib/python3.12/site-packages/airflow/example_dags/example_sla_dag.py took 0.082 seconds
[2024-07-04T09:46:25.260+0000] {processor.py:161} INFO - Started process (PID=1392) to work on /home/airflow/.local/lib/python3.12/site-packages/airflow/example_dags/example_sla_dag.py
[2024-07-04T09:46:25.261+0000] {processor.py:830} INFO - Processing file /home/airflow/.local/lib/python3.12/site-packages/airflow/example_dags/example_sla_dag.py for tasks to queue
[2024-07-04T09:46:25.263+0000] {logging_mixin.py:188} INFO - [2024-07-04T09:46:25.262+0000] {dagbag.py:545} INFO - Filling up the DagBag from /home/airflow/.local/lib/python3.12/site-packages/airflow/example_dags/example_sla_dag.py
[2024-07-04T09:46:25.270+0000] {processor.py:840} INFO - DAG(s) 'example_sla_dag' retrieved from /home/airflow/.local/lib/python3.12/site-packages/airflow/example_dags/example_sla_dag.py
[2024-07-04T09:46:25.293+0000] {logging_mixin.py:188} INFO - [2024-07-04T09:46:25.292+0000] {dag.py:3096} INFO - Sync 1 DAGs
[2024-07-04T09:46:25.321+0000] {logging_mixin.py:188} INFO - [2024-07-04T09:46:25.320+0000] {dag.py:3954} INFO - Setting next_dagrun for example_sla_dag to 2024-07-04 09:44:00+00:00, run_after=2024-07-04 09:46:00+00:00
[2024-07-04T09:46:25.339+0000] {processor.py:183} INFO - Processing /home/airflow/.local/lib/python3.12/site-packages/airflow/example_dags/example_sla_dag.py took 0.084 seconds
[2024-07-04T09:46:56.103+0000] {processor.py:161} INFO - Started process (PID=1452) to work on /home/airflow/.local/lib/python3.12/site-packages/airflow/example_dags/example_sla_dag.py
[2024-07-04T09:46:56.104+0000] {processor.py:830} INFO - Processing file /home/airflow/.local/lib/python3.12/site-packages/airflow/example_dags/example_sla_dag.py for tasks to queue
[2024-07-04T09:46:56.106+0000] {logging_mixin.py:188} INFO - [2024-07-04T09:46:56.105+0000] {dagbag.py:545} INFO - Filling up the DagBag from /home/airflow/.local/lib/python3.12/site-packages/airflow/example_dags/example_sla_dag.py
[2024-07-04T09:46:56.114+0000] {processor.py:840} INFO - DAG(s) 'example_sla_dag' retrieved from /home/airflow/.local/lib/python3.12/site-packages/airflow/example_dags/example_sla_dag.py
[2024-07-04T09:46:56.141+0000] {logging_mixin.py:188} INFO - [2024-07-04T09:46:56.141+0000] {dag.py:3096} INFO - Sync 1 DAGs
[2024-07-04T09:46:56.166+0000] {logging_mixin.py:188} INFO - [2024-07-04T09:46:56.166+0000] {dag.py:3954} INFO - Setting next_dagrun for example_sla_dag to 2024-07-04 09:44:00+00:00, run_after=2024-07-04 09:46:00+00:00
[2024-07-04T09:46:56.186+0000] {processor.py:183} INFO - Processing /home/airflow/.local/lib/python3.12/site-packages/airflow/example_dags/example_sla_dag.py took 0.090 seconds
[2024-07-04T09:47:26.963+0000] {processor.py:161} INFO - Started process (PID=1512) to work on /home/airflow/.local/lib/python3.12/site-packages/airflow/example_dags/example_sla_dag.py
[2024-07-04T09:47:26.964+0000] {processor.py:830} INFO - Processing file /home/airflow/.local/lib/python3.12/site-packages/airflow/example_dags/example_sla_dag.py for tasks to queue
[2024-07-04T09:47:26.966+0000] {logging_mixin.py:188} INFO - [2024-07-04T09:47:26.966+0000] {dagbag.py:545} INFO - Filling up the DagBag from /home/airflow/.local/lib/python3.12/site-packages/airflow/example_dags/example_sla_dag.py
[2024-07-04T09:47:26.978+0000] {processor.py:840} INFO - DAG(s) 'example_sla_dag' retrieved from /home/airflow/.local/lib/python3.12/site-packages/airflow/example_dags/example_sla_dag.py
[2024-07-04T09:47:26.998+0000] {logging_mixin.py:188} INFO - [2024-07-04T09:47:26.998+0000] {dag.py:3096} INFO - Sync 1 DAGs
[2024-07-04T09:47:27.019+0000] {logging_mixin.py:188} INFO - [2024-07-04T09:47:27.019+0000] {dag.py:3954} INFO - Setting next_dagrun for example_sla_dag to 2024-07-04 09:44:00+00:00, run_after=2024-07-04 09:46:00+00:00
[2024-07-04T09:47:27.037+0000] {processor.py:183} INFO - Processing /home/airflow/.local/lib/python3.12/site-packages/airflow/example_dags/example_sla_dag.py took 0.079 seconds
[2024-07-04T09:47:57.659+0000] {processor.py:161} INFO - Started process (PID=1571) to work on /home/airflow/.local/lib/python3.12/site-packages/airflow/example_dags/example_sla_dag.py
[2024-07-04T09:47:57.661+0000] {processor.py:830} INFO - Processing file /home/airflow/.local/lib/python3.12/site-packages/airflow/example_dags/example_sla_dag.py for tasks to queue
[2024-07-04T09:47:57.663+0000] {logging_mixin.py:188} INFO - [2024-07-04T09:47:57.662+0000] {dagbag.py:545} INFO - Filling up the DagBag from /home/airflow/.local/lib/python3.12/site-packages/airflow/example_dags/example_sla_dag.py
[2024-07-04T09:47:57.673+0000] {processor.py:840} INFO - DAG(s) 'example_sla_dag' retrieved from /home/airflow/.local/lib/python3.12/site-packages/airflow/example_dags/example_sla_dag.py
[2024-07-04T09:47:57.704+0000] {logging_mixin.py:188} INFO - [2024-07-04T09:47:57.703+0000] {dag.py:3096} INFO - Sync 1 DAGs
[2024-07-04T09:47:57.728+0000] {logging_mixin.py:188} INFO - [2024-07-04T09:47:57.728+0000] {dag.py:3954} INFO - Setting next_dagrun for example_sla_dag to 2024-07-04 09:44:00+00:00, run_after=2024-07-04 09:46:00+00:00
[2024-07-04T09:47:57.746+0000] {processor.py:183} INFO - Processing /home/airflow/.local/lib/python3.12/site-packages/airflow/example_dags/example_sla_dag.py took 0.093 seconds
[2024-07-04T09:48:28.573+0000] {processor.py:161} INFO - Started process (PID=1631) to work on /home/airflow/.local/lib/python3.12/site-packages/airflow/example_dags/example_sla_dag.py
[2024-07-04T09:48:28.574+0000] {processor.py:830} INFO - Processing file /home/airflow/.local/lib/python3.12/site-packages/airflow/example_dags/example_sla_dag.py for tasks to queue
[2024-07-04T09:48:28.576+0000] {logging_mixin.py:188} INFO - [2024-07-04T09:48:28.576+0000] {dagbag.py:545} INFO - Filling up the DagBag from /home/airflow/.local/lib/python3.12/site-packages/airflow/example_dags/example_sla_dag.py
[2024-07-04T09:48:28.584+0000] {processor.py:840} INFO - DAG(s) 'example_sla_dag' retrieved from /home/airflow/.local/lib/python3.12/site-packages/airflow/example_dags/example_sla_dag.py
[2024-07-04T09:48:28.607+0000] {logging_mixin.py:188} INFO - [2024-07-04T09:48:28.606+0000] {dag.py:3096} INFO - Sync 1 DAGs
[2024-07-04T09:48:28.632+0000] {logging_mixin.py:188} INFO - [2024-07-04T09:48:28.632+0000] {dag.py:3954} INFO - Setting next_dagrun for example_sla_dag to 2024-07-04 09:46:00+00:00, run_after=2024-07-04 09:48:00+00:00
[2024-07-04T09:48:28.653+0000] {processor.py:183} INFO - Processing /home/airflow/.local/lib/python3.12/site-packages/airflow/example_dags/example_sla_dag.py took 0.085 seconds
[2024-07-04T09:49:02.340+0000] {processor.py:161} INFO - Started process (PID=1690) to work on /home/airflow/.local/lib/python3.12/site-packages/airflow/example_dags/example_sla_dag.py
[2024-07-04T09:49:02.350+0000] {processor.py:830} INFO - Processing file /home/airflow/.local/lib/python3.12/site-packages/airflow/example_dags/example_sla_dag.py for tasks to queue
[2024-07-04T09:49:02.353+0000] {logging_mixin.py:188} INFO - [2024-07-04T09:49:02.352+0000] {dagbag.py:545} INFO - Filling up the DagBag from /home/airflow/.local/lib/python3.12/site-packages/airflow/example_dags/example_sla_dag.py
[2024-07-04T09:49:02.370+0000] {processor.py:840} INFO - DAG(s) 'example_sla_dag' retrieved from /home/airflow/.local/lib/python3.12/site-packages/airflow/example_dags/example_sla_dag.py
[2024-07-04T09:49:02.431+0000] {logging_mixin.py:188} INFO - [2024-07-04T09:49:02.431+0000] {dag.py:3096} INFO - Sync 1 DAGs
[2024-07-04T09:49:02.474+0000] {logging_mixin.py:188} INFO - [2024-07-04T09:49:02.474+0000] {dag.py:3954} INFO - Setting next_dagrun for example_sla_dag to 2024-07-04 09:46:00+00:00, run_after=2024-07-04 09:48:00+00:00
[2024-07-04T09:49:03.065+0000] {processor.py:183} INFO - Processing /home/airflow/.local/lib/python3.12/site-packages/airflow/example_dags/example_sla_dag.py took 0.734 seconds
[2024-07-04T09:49:33.435+0000] {processor.py:161} INFO - Started process (PID=1749) to work on /home/airflow/.local/lib/python3.12/site-packages/airflow/example_dags/example_sla_dag.py
[2024-07-04T09:49:33.436+0000] {processor.py:830} INFO - Processing file /home/airflow/.local/lib/python3.12/site-packages/airflow/example_dags/example_sla_dag.py for tasks to queue
[2024-07-04T09:49:33.442+0000] {logging_mixin.py:188} INFO - [2024-07-04T09:49:33.442+0000] {dagbag.py:545} INFO - Filling up the DagBag from /home/airflow/.local/lib/python3.12/site-packages/airflow/example_dags/example_sla_dag.py
[2024-07-04T09:49:33.453+0000] {processor.py:840} INFO - DAG(s) 'example_sla_dag' retrieved from /home/airflow/.local/lib/python3.12/site-packages/airflow/example_dags/example_sla_dag.py
[2024-07-04T09:49:33.480+0000] {logging_mixin.py:188} INFO - [2024-07-04T09:49:33.479+0000] {dag.py:3096} INFO - Sync 1 DAGs
[2024-07-04T09:49:33.516+0000] {logging_mixin.py:188} INFO - [2024-07-04T09:49:33.516+0000] {dag.py:3954} INFO - Setting next_dagrun for example_sla_dag to 2024-07-04 09:46:00+00:00, run_after=2024-07-04 09:48:00+00:00
[2024-07-04T09:49:33.680+0000] {processor.py:183} INFO - Processing /home/airflow/.local/lib/python3.12/site-packages/airflow/example_dags/example_sla_dag.py took 0.250 seconds
[2024-07-04T09:50:04.221+0000] {processor.py:161} INFO - Started process (PID=1815) to work on /home/airflow/.local/lib/python3.12/site-packages/airflow/example_dags/example_sla_dag.py
[2024-07-04T09:50:04.222+0000] {processor.py:830} INFO - Processing file /home/airflow/.local/lib/python3.12/site-packages/airflow/example_dags/example_sla_dag.py for tasks to queue
[2024-07-04T09:50:04.224+0000] {logging_mixin.py:188} INFO - [2024-07-04T09:50:04.223+0000] {dagbag.py:545} INFO - Filling up the DagBag from /home/airflow/.local/lib/python3.12/site-packages/airflow/example_dags/example_sla_dag.py
[2024-07-04T09:50:04.232+0000] {processor.py:840} INFO - DAG(s) 'example_sla_dag' retrieved from /home/airflow/.local/lib/python3.12/site-packages/airflow/example_dags/example_sla_dag.py
[2024-07-04T09:50:04.250+0000] {logging_mixin.py:188} INFO - [2024-07-04T09:50:04.250+0000] {dag.py:3096} INFO - Sync 1 DAGs
[2024-07-04T09:50:04.277+0000] {logging_mixin.py:188} INFO - [2024-07-04T09:50:04.277+0000] {dag.py:3954} INFO - Setting next_dagrun for example_sla_dag to 2024-07-04 09:48:00+00:00, run_after=2024-07-04 09:50:00+00:00
[2024-07-04T09:50:04.296+0000] {processor.py:183} INFO - Processing /home/airflow/.local/lib/python3.12/site-packages/airflow/example_dags/example_sla_dag.py took 0.080 seconds
[2024-07-04T09:50:34.474+0000] {processor.py:161} INFO - Started process (PID=1874) to work on /home/airflow/.local/lib/python3.12/site-packages/airflow/example_dags/example_sla_dag.py
[2024-07-04T09:50:34.476+0000] {processor.py:830} INFO - Processing file /home/airflow/.local/lib/python3.12/site-packages/airflow/example_dags/example_sla_dag.py for tasks to queue
[2024-07-04T09:50:34.479+0000] {logging_mixin.py:188} INFO - [2024-07-04T09:50:34.478+0000] {dagbag.py:545} INFO - Filling up the DagBag from /home/airflow/.local/lib/python3.12/site-packages/airflow/example_dags/example_sla_dag.py
[2024-07-04T09:50:34.488+0000] {processor.py:840} INFO - DAG(s) 'example_sla_dag' retrieved from /home/airflow/.local/lib/python3.12/site-packages/airflow/example_dags/example_sla_dag.py
[2024-07-04T09:50:34.513+0000] {logging_mixin.py:188} INFO - [2024-07-04T09:50:34.512+0000] {dag.py:3096} INFO - Sync 1 DAGs
[2024-07-04T09:50:34.543+0000] {logging_mixin.py:188} INFO - [2024-07-04T09:50:34.543+0000] {dag.py:3954} INFO - Setting next_dagrun for example_sla_dag to 2024-07-04 09:48:00+00:00, run_after=2024-07-04 09:50:00+00:00
[2024-07-04T09:50:34.571+0000] {processor.py:183} INFO - Processing /home/airflow/.local/lib/python3.12/site-packages/airflow/example_dags/example_sla_dag.py took 0.102 seconds
[2024-07-04T09:51:04.824+0000] {processor.py:161} INFO - Started process (PID=1933) to work on /home/airflow/.local/lib/python3.12/site-packages/airflow/example_dags/example_sla_dag.py
[2024-07-04T09:51:04.826+0000] {processor.py:830} INFO - Processing file /home/airflow/.local/lib/python3.12/site-packages/airflow/example_dags/example_sla_dag.py for tasks to queue
[2024-07-04T09:51:04.829+0000] {logging_mixin.py:188} INFO - [2024-07-04T09:51:04.829+0000] {dagbag.py:545} INFO - Filling up the DagBag from /home/airflow/.local/lib/python3.12/site-packages/airflow/example_dags/example_sla_dag.py
[2024-07-04T09:51:04.838+0000] {processor.py:840} INFO - DAG(s) 'example_sla_dag' retrieved from /home/airflow/.local/lib/python3.12/site-packages/airflow/example_dags/example_sla_dag.py
[2024-07-04T09:51:04.865+0000] {logging_mixin.py:188} INFO - [2024-07-04T09:51:04.865+0000] {dag.py:3096} INFO - Sync 1 DAGs
[2024-07-04T09:51:04.898+0000] {logging_mixin.py:188} INFO - [2024-07-04T09:51:04.898+0000] {dag.py:3954} INFO - Setting next_dagrun for example_sla_dag to 2024-07-04 09:48:00+00:00, run_after=2024-07-04 09:50:00+00:00
[2024-07-04T09:51:04.926+0000] {processor.py:183} INFO - Processing /home/airflow/.local/lib/python3.12/site-packages/airflow/example_dags/example_sla_dag.py took 0.109 seconds
[2024-07-04T09:51:35.606+0000] {processor.py:161} INFO - Started process (PID=1990) to work on /home/airflow/.local/lib/python3.12/site-packages/airflow/example_dags/example_sla_dag.py
[2024-07-04T09:51:35.618+0000] {processor.py:830} INFO - Processing file /home/airflow/.local/lib/python3.12/site-packages/airflow/example_dags/example_sla_dag.py for tasks to queue
[2024-07-04T09:51:35.620+0000] {logging_mixin.py:188} INFO - [2024-07-04T09:51:35.619+0000] {dagbag.py:545} INFO - Filling up the DagBag from /home/airflow/.local/lib/python3.12/site-packages/airflow/example_dags/example_sla_dag.py
[2024-07-04T09:51:36.021+0000] {processor.py:840} INFO - DAG(s) 'example_sla_dag' retrieved from /home/airflow/.local/lib/python3.12/site-packages/airflow/example_dags/example_sla_dag.py
[2024-07-04T09:51:36.116+0000] {logging_mixin.py:188} INFO - [2024-07-04T09:51:36.115+0000] {dag.py:3096} INFO - Sync 1 DAGs
[2024-07-04T09:51:36.198+0000] {logging_mixin.py:188} INFO - [2024-07-04T09:51:36.197+0000] {dag.py:3954} INFO - Setting next_dagrun for example_sla_dag to 2024-07-04 09:48:00+00:00, run_after=2024-07-04 09:50:00+00:00
[2024-07-04T09:51:36.248+0000] {processor.py:183} INFO - Processing /home/airflow/.local/lib/python3.12/site-packages/airflow/example_dags/example_sla_dag.py took 0.648 seconds
[2024-07-04T09:52:07.098+0000] {processor.py:161} INFO - Started process (PID=2050) to work on /home/airflow/.local/lib/python3.12/site-packages/airflow/example_dags/example_sla_dag.py
[2024-07-04T09:52:07.105+0000] {processor.py:830} INFO - Processing file /home/airflow/.local/lib/python3.12/site-packages/airflow/example_dags/example_sla_dag.py for tasks to queue
[2024-07-04T09:52:07.107+0000] {logging_mixin.py:188} INFO - [2024-07-04T09:52:07.107+0000] {dagbag.py:545} INFO - Filling up the DagBag from /home/airflow/.local/lib/python3.12/site-packages/airflow/example_dags/example_sla_dag.py
[2024-07-04T09:52:07.124+0000] {processor.py:840} INFO - DAG(s) 'example_sla_dag' retrieved from /home/airflow/.local/lib/python3.12/site-packages/airflow/example_dags/example_sla_dag.py
[2024-07-04T09:52:07.149+0000] {logging_mixin.py:188} INFO - [2024-07-04T09:52:07.148+0000] {dag.py:3096} INFO - Sync 1 DAGs
[2024-07-04T09:52:07.202+0000] {logging_mixin.py:188} INFO - [2024-07-04T09:52:07.202+0000] {dag.py:3954} INFO - Setting next_dagrun for example_sla_dag to 2024-07-04 09:50:00+00:00, run_after=2024-07-04 09:52:00+00:00
[2024-07-04T09:52:07.243+0000] {processor.py:183} INFO - Processing /home/airflow/.local/lib/python3.12/site-packages/airflow/example_dags/example_sla_dag.py took 0.153 seconds
[2024-07-04T09:52:37.315+0000] {processor.py:161} INFO - Started process (PID=2108) to work on /home/airflow/.local/lib/python3.12/site-packages/airflow/example_dags/example_sla_dag.py
[2024-07-04T09:52:37.316+0000] {processor.py:830} INFO - Processing file /home/airflow/.local/lib/python3.12/site-packages/airflow/example_dags/example_sla_dag.py for tasks to queue
[2024-07-04T09:52:37.318+0000] {logging_mixin.py:188} INFO - [2024-07-04T09:52:37.318+0000] {dagbag.py:545} INFO - Filling up the DagBag from /home/airflow/.local/lib/python3.12/site-packages/airflow/example_dags/example_sla_dag.py
[2024-07-04T09:52:37.327+0000] {processor.py:840} INFO - DAG(s) 'example_sla_dag' retrieved from /home/airflow/.local/lib/python3.12/site-packages/airflow/example_dags/example_sla_dag.py
[2024-07-04T09:52:37.346+0000] {logging_mixin.py:188} INFO - [2024-07-04T09:52:37.346+0000] {dag.py:3096} INFO - Sync 1 DAGs
[2024-07-04T09:52:37.370+0000] {logging_mixin.py:188} INFO - [2024-07-04T09:52:37.369+0000] {dag.py:3954} INFO - Setting next_dagrun for example_sla_dag to 2024-07-04 09:50:00+00:00, run_after=2024-07-04 09:52:00+00:00
[2024-07-04T09:52:37.392+0000] {processor.py:183} INFO - Processing /home/airflow/.local/lib/python3.12/site-packages/airflow/example_dags/example_sla_dag.py took 0.082 seconds
[2024-07-04T09:53:07.975+0000] {processor.py:161} INFO - Started process (PID=2167) to work on /home/airflow/.local/lib/python3.12/site-packages/airflow/example_dags/example_sla_dag.py
[2024-07-04T09:53:07.977+0000] {processor.py:830} INFO - Processing file /home/airflow/.local/lib/python3.12/site-packages/airflow/example_dags/example_sla_dag.py for tasks to queue
[2024-07-04T09:53:07.979+0000] {logging_mixin.py:188} INFO - [2024-07-04T09:53:07.979+0000] {dagbag.py:545} INFO - Filling up the DagBag from /home/airflow/.local/lib/python3.12/site-packages/airflow/example_dags/example_sla_dag.py
[2024-07-04T09:53:07.987+0000] {processor.py:840} INFO - DAG(s) 'example_sla_dag' retrieved from /home/airflow/.local/lib/python3.12/site-packages/airflow/example_dags/example_sla_dag.py
[2024-07-04T09:53:08.008+0000] {logging_mixin.py:188} INFO - [2024-07-04T09:53:08.007+0000] {dag.py:3096} INFO - Sync 1 DAGs
[2024-07-04T09:53:08.032+0000] {logging_mixin.py:188} INFO - [2024-07-04T09:53:08.032+0000] {dag.py:3954} INFO - Setting next_dagrun for example_sla_dag to 2024-07-04 09:50:00+00:00, run_after=2024-07-04 09:52:00+00:00
[2024-07-04T09:53:08.050+0000] {processor.py:183} INFO - Processing /home/airflow/.local/lib/python3.12/site-packages/airflow/example_dags/example_sla_dag.py took 0.081 seconds
[2024-07-04T09:53:40.635+0000] {processor.py:161} INFO - Started process (PID=2226) to work on /home/airflow/.local/lib/python3.12/site-packages/airflow/example_dags/example_sla_dag.py
[2024-07-04T09:53:40.638+0000] {processor.py:830} INFO - Processing file /home/airflow/.local/lib/python3.12/site-packages/airflow/example_dags/example_sla_dag.py for tasks to queue
[2024-07-04T09:53:40.693+0000] {logging_mixin.py:188} INFO - [2024-07-04T09:53:40.692+0000] {dagbag.py:545} INFO - Filling up the DagBag from /home/airflow/.local/lib/python3.12/site-packages/airflow/example_dags/example_sla_dag.py
[2024-07-04T09:53:40.739+0000] {processor.py:840} INFO - DAG(s) 'example_sla_dag' retrieved from /home/airflow/.local/lib/python3.12/site-packages/airflow/example_dags/example_sla_dag.py
[2024-07-04T09:53:40.883+0000] {logging_mixin.py:188} INFO - [2024-07-04T09:53:40.882+0000] {dag.py:3096} INFO - Sync 1 DAGs
[2024-07-04T09:53:41.285+0000] {logging_mixin.py:188} INFO - [2024-07-04T09:53:41.284+0000] {dag.py:3954} INFO - Setting next_dagrun for example_sla_dag to 2024-07-04 09:50:00+00:00, run_after=2024-07-04 09:52:00+00:00
[2024-07-04T09:53:41.386+0000] {processor.py:183} INFO - Processing /home/airflow/.local/lib/python3.12/site-packages/airflow/example_dags/example_sla_dag.py took 0.777 seconds
[2024-07-04T09:54:14.746+0000] {processor.py:161} INFO - Started process (PID=2271) to work on /home/airflow/.local/lib/python3.12/site-packages/airflow/example_dags/example_sla_dag.py
[2024-07-04T09:54:14.769+0000] {processor.py:830} INFO - Processing file /home/airflow/.local/lib/python3.12/site-packages/airflow/example_dags/example_sla_dag.py for tasks to queue
[2024-07-04T09:54:14.772+0000] {logging_mixin.py:188} INFO - [2024-07-04T09:54:14.771+0000] {dagbag.py:545} INFO - Filling up the DagBag from /home/airflow/.local/lib/python3.12/site-packages/airflow/example_dags/example_sla_dag.py
[2024-07-04T09:54:14.795+0000] {processor.py:840} INFO - DAG(s) 'example_sla_dag' retrieved from /home/airflow/.local/lib/python3.12/site-packages/airflow/example_dags/example_sla_dag.py
[2024-07-04T09:54:14.832+0000] {logging_mixin.py:188} INFO - [2024-07-04T09:54:14.832+0000] {dag.py:3096} INFO - Sync 1 DAGs
[2024-07-04T09:54:14.925+0000] {logging_mixin.py:188} INFO - [2024-07-04T09:54:14.924+0000] {dag.py:3954} INFO - Setting next_dagrun for example_sla_dag to 2024-07-04 09:52:00+00:00, run_after=2024-07-04 09:54:00+00:00
[2024-07-04T09:54:15.026+0000] {processor.py:183} INFO - Processing /home/airflow/.local/lib/python3.12/site-packages/airflow/example_dags/example_sla_dag.py took 0.301 seconds
[2024-07-04T09:54:45.612+0000] {processor.py:161} INFO - Started process (PID=2329) to work on /home/airflow/.local/lib/python3.12/site-packages/airflow/example_dags/example_sla_dag.py
[2024-07-04T09:54:45.613+0000] {processor.py:830} INFO - Processing file /home/airflow/.local/lib/python3.12/site-packages/airflow/example_dags/example_sla_dag.py for tasks to queue
[2024-07-04T09:54:45.615+0000] {logging_mixin.py:188} INFO - [2024-07-04T09:54:45.615+0000] {dagbag.py:545} INFO - Filling up the DagBag from /home/airflow/.local/lib/python3.12/site-packages/airflow/example_dags/example_sla_dag.py
[2024-07-04T09:54:45.624+0000] {processor.py:840} INFO - DAG(s) 'example_sla_dag' retrieved from /home/airflow/.local/lib/python3.12/site-packages/airflow/example_dags/example_sla_dag.py
[2024-07-04T09:54:45.649+0000] {logging_mixin.py:188} INFO - [2024-07-04T09:54:45.649+0000] {dag.py:3096} INFO - Sync 1 DAGs
[2024-07-04T09:54:45.674+0000] {logging_mixin.py:188} INFO - [2024-07-04T09:54:45.674+0000] {dag.py:3954} INFO - Setting next_dagrun for example_sla_dag to 2024-07-04 09:52:00+00:00, run_after=2024-07-04 09:54:00+00:00
[2024-07-04T09:54:45.696+0000] {processor.py:183} INFO - Processing /home/airflow/.local/lib/python3.12/site-packages/airflow/example_dags/example_sla_dag.py took 0.089 seconds
[2024-07-04T09:55:16.457+0000] {processor.py:161} INFO - Started process (PID=2388) to work on /home/airflow/.local/lib/python3.12/site-packages/airflow/example_dags/example_sla_dag.py
[2024-07-04T09:55:16.459+0000] {processor.py:830} INFO - Processing file /home/airflow/.local/lib/python3.12/site-packages/airflow/example_dags/example_sla_dag.py for tasks to queue
[2024-07-04T09:55:16.461+0000] {logging_mixin.py:188} INFO - [2024-07-04T09:55:16.461+0000] {dagbag.py:545} INFO - Filling up the DagBag from /home/airflow/.local/lib/python3.12/site-packages/airflow/example_dags/example_sla_dag.py
[2024-07-04T09:55:16.480+0000] {processor.py:840} INFO - DAG(s) 'example_sla_dag' retrieved from /home/airflow/.local/lib/python3.12/site-packages/airflow/example_dags/example_sla_dag.py
[2024-07-04T09:55:16.511+0000] {logging_mixin.py:188} INFO - [2024-07-04T09:55:16.510+0000] {dag.py:3096} INFO - Sync 1 DAGs
[2024-07-04T09:55:16.565+0000] {logging_mixin.py:188} INFO - [2024-07-04T09:55:16.565+0000] {dag.py:3954} INFO - Setting next_dagrun for example_sla_dag to 2024-07-04 09:52:00+00:00, run_after=2024-07-04 09:54:00+00:00
[2024-07-04T09:55:16.592+0000] {processor.py:183} INFO - Processing /home/airflow/.local/lib/python3.12/site-packages/airflow/example_dags/example_sla_dag.py took 0.142 seconds
[2024-07-04T09:55:47.418+0000] {processor.py:161} INFO - Started process (PID=2447) to work on /home/airflow/.local/lib/python3.12/site-packages/airflow/example_dags/example_sla_dag.py
[2024-07-04T09:55:47.420+0000] {processor.py:830} INFO - Processing file /home/airflow/.local/lib/python3.12/site-packages/airflow/example_dags/example_sla_dag.py for tasks to queue
[2024-07-04T09:55:47.430+0000] {logging_mixin.py:188} INFO - [2024-07-04T09:55:47.429+0000] {dagbag.py:545} INFO - Filling up the DagBag from /home/airflow/.local/lib/python3.12/site-packages/airflow/example_dags/example_sla_dag.py
[2024-07-04T09:55:47.446+0000] {processor.py:840} INFO - DAG(s) 'example_sla_dag' retrieved from /home/airflow/.local/lib/python3.12/site-packages/airflow/example_dags/example_sla_dag.py
[2024-07-04T09:55:47.487+0000] {logging_mixin.py:188} INFO - [2024-07-04T09:55:47.487+0000] {dag.py:3096} INFO - Sync 1 DAGs
[2024-07-04T09:55:47.524+0000] {logging_mixin.py:188} INFO - [2024-07-04T09:55:47.524+0000] {dag.py:3954} INFO - Setting next_dagrun for example_sla_dag to 2024-07-04 09:52:00+00:00, run_after=2024-07-04 09:54:00+00:00
[2024-07-04T09:55:47.545+0000] {processor.py:183} INFO - Processing /home/airflow/.local/lib/python3.12/site-packages/airflow/example_dags/example_sla_dag.py took 0.134 seconds
[2024-07-04T09:56:17.827+0000] {processor.py:161} INFO - Started process (PID=2506) to work on /home/airflow/.local/lib/python3.12/site-packages/airflow/example_dags/example_sla_dag.py
[2024-07-04T09:56:17.829+0000] {processor.py:830} INFO - Processing file /home/airflow/.local/lib/python3.12/site-packages/airflow/example_dags/example_sla_dag.py for tasks to queue
[2024-07-04T09:56:17.832+0000] {logging_mixin.py:188} INFO - [2024-07-04T09:56:17.831+0000] {dagbag.py:545} INFO - Filling up the DagBag from /home/airflow/.local/lib/python3.12/site-packages/airflow/example_dags/example_sla_dag.py
[2024-07-04T09:56:17.860+0000] {processor.py:840} INFO - DAG(s) 'example_sla_dag' retrieved from /home/airflow/.local/lib/python3.12/site-packages/airflow/example_dags/example_sla_dag.py
[2024-07-04T09:56:17.906+0000] {logging_mixin.py:188} INFO - [2024-07-04T09:56:17.906+0000] {dag.py:3096} INFO - Sync 1 DAGs
[2024-07-04T09:56:17.976+0000] {logging_mixin.py:188} INFO - [2024-07-04T09:56:17.974+0000] {dag.py:3954} INFO - Setting next_dagrun for example_sla_dag to 2024-07-04 09:54:00+00:00, run_after=2024-07-04 09:56:00+00:00
[2024-07-04T09:56:18.077+0000] {processor.py:183} INFO - Processing /home/airflow/.local/lib/python3.12/site-packages/airflow/example_dags/example_sla_dag.py took 0.259 seconds
[2024-07-04T09:56:48.458+0000] {processor.py:161} INFO - Started process (PID=2564) to work on /home/airflow/.local/lib/python3.12/site-packages/airflow/example_dags/example_sla_dag.py
[2024-07-04T09:56:48.460+0000] {processor.py:830} INFO - Processing file /home/airflow/.local/lib/python3.12/site-packages/airflow/example_dags/example_sla_dag.py for tasks to queue
[2024-07-04T09:56:48.461+0000] {logging_mixin.py:188} INFO - [2024-07-04T09:56:48.461+0000] {dagbag.py:545} INFO - Filling up the DagBag from /home/airflow/.local/lib/python3.12/site-packages/airflow/example_dags/example_sla_dag.py
[2024-07-04T09:56:48.469+0000] {processor.py:840} INFO - DAG(s) 'example_sla_dag' retrieved from /home/airflow/.local/lib/python3.12/site-packages/airflow/example_dags/example_sla_dag.py
[2024-07-04T09:56:48.489+0000] {logging_mixin.py:188} INFO - [2024-07-04T09:56:48.489+0000] {dag.py:3096} INFO - Sync 1 DAGs
[2024-07-04T09:56:48.510+0000] {logging_mixin.py:188} INFO - [2024-07-04T09:56:48.510+0000] {dag.py:3954} INFO - Setting next_dagrun for example_sla_dag to 2024-07-04 09:54:00+00:00, run_after=2024-07-04 09:56:00+00:00
[2024-07-04T09:56:48.530+0000] {processor.py:183} INFO - Processing /home/airflow/.local/lib/python3.12/site-packages/airflow/example_dags/example_sla_dag.py took 0.077 seconds
[2024-07-04T09:57:19.152+0000] {processor.py:161} INFO - Started process (PID=2623) to work on /home/airflow/.local/lib/python3.12/site-packages/airflow/example_dags/example_sla_dag.py
[2024-07-04T09:57:19.153+0000] {processor.py:830} INFO - Processing file /home/airflow/.local/lib/python3.12/site-packages/airflow/example_dags/example_sla_dag.py for tasks to queue
[2024-07-04T09:57:19.156+0000] {logging_mixin.py:188} INFO - [2024-07-04T09:57:19.155+0000] {dagbag.py:545} INFO - Filling up the DagBag from /home/airflow/.local/lib/python3.12/site-packages/airflow/example_dags/example_sla_dag.py
[2024-07-04T09:57:19.166+0000] {processor.py:840} INFO - DAG(s) 'example_sla_dag' retrieved from /home/airflow/.local/lib/python3.12/site-packages/airflow/example_dags/example_sla_dag.py
[2024-07-04T09:57:19.188+0000] {logging_mixin.py:188} INFO - [2024-07-04T09:57:19.188+0000] {dag.py:3096} INFO - Sync 1 DAGs
[2024-07-04T09:57:19.219+0000] {logging_mixin.py:188} INFO - [2024-07-04T09:57:19.218+0000] {dag.py:3954} INFO - Setting next_dagrun for example_sla_dag to 2024-07-04 09:54:00+00:00, run_after=2024-07-04 09:56:00+00:00
[2024-07-04T09:57:19.241+0000] {processor.py:183} INFO - Processing /home/airflow/.local/lib/python3.12/site-packages/airflow/example_dags/example_sla_dag.py took 0.096 seconds
[2024-07-04T09:57:50.107+0000] {processor.py:161} INFO - Started process (PID=2683) to work on /home/airflow/.local/lib/python3.12/site-packages/airflow/example_dags/example_sla_dag.py
[2024-07-04T09:57:50.108+0000] {processor.py:830} INFO - Processing file /home/airflow/.local/lib/python3.12/site-packages/airflow/example_dags/example_sla_dag.py for tasks to queue
[2024-07-04T09:57:50.110+0000] {logging_mixin.py:188} INFO - [2024-07-04T09:57:50.109+0000] {dagbag.py:545} INFO - Filling up the DagBag from /home/airflow/.local/lib/python3.12/site-packages/airflow/example_dags/example_sla_dag.py
[2024-07-04T09:57:50.118+0000] {processor.py:840} INFO - DAG(s) 'example_sla_dag' retrieved from /home/airflow/.local/lib/python3.12/site-packages/airflow/example_dags/example_sla_dag.py
[2024-07-04T09:57:50.135+0000] {logging_mixin.py:188} INFO - [2024-07-04T09:57:50.135+0000] {dag.py:3096} INFO - Sync 1 DAGs
[2024-07-04T09:57:50.159+0000] {logging_mixin.py:188} INFO - [2024-07-04T09:57:50.158+0000] {dag.py:3954} INFO - Setting next_dagrun for example_sla_dag to 2024-07-04 09:54:00+00:00, run_after=2024-07-04 09:56:00+00:00
[2024-07-04T09:57:50.178+0000] {processor.py:183} INFO - Processing /home/airflow/.local/lib/python3.12/site-packages/airflow/example_dags/example_sla_dag.py took 0.076 seconds
[2024-07-04T09:58:20.666+0000] {processor.py:161} INFO - Started process (PID=2742) to work on /home/airflow/.local/lib/python3.12/site-packages/airflow/example_dags/example_sla_dag.py
[2024-07-04T09:58:20.668+0000] {processor.py:830} INFO - Processing file /home/airflow/.local/lib/python3.12/site-packages/airflow/example_dags/example_sla_dag.py for tasks to queue
[2024-07-04T09:58:20.670+0000] {logging_mixin.py:188} INFO - [2024-07-04T09:58:20.670+0000] {dagbag.py:545} INFO - Filling up the DagBag from /home/airflow/.local/lib/python3.12/site-packages/airflow/example_dags/example_sla_dag.py
[2024-07-04T09:58:20.681+0000] {processor.py:840} INFO - DAG(s) 'example_sla_dag' retrieved from /home/airflow/.local/lib/python3.12/site-packages/airflow/example_dags/example_sla_dag.py
[2024-07-04T09:58:20.712+0000] {logging_mixin.py:188} INFO - [2024-07-04T09:58:20.711+0000] {dag.py:3096} INFO - Sync 1 DAGs
[2024-07-04T09:58:20.749+0000] {logging_mixin.py:188} INFO - [2024-07-04T09:58:20.748+0000] {dag.py:3954} INFO - Setting next_dagrun for example_sla_dag to 2024-07-04 09:56:00+00:00, run_after=2024-07-04 09:58:00+00:00
[2024-07-04T09:58:20.812+0000] {processor.py:183} INFO - Processing /home/airflow/.local/lib/python3.12/site-packages/airflow/example_dags/example_sla_dag.py took 0.153 seconds
[2024-07-04T09:58:50.924+0000] {processor.py:161} INFO - Started process (PID=2802) to work on /home/airflow/.local/lib/python3.12/site-packages/airflow/example_dags/example_sla_dag.py
[2024-07-04T09:58:50.925+0000] {processor.py:830} INFO - Processing file /home/airflow/.local/lib/python3.12/site-packages/airflow/example_dags/example_sla_dag.py for tasks to queue
[2024-07-04T09:58:50.927+0000] {logging_mixin.py:188} INFO - [2024-07-04T09:58:50.927+0000] {dagbag.py:545} INFO - Filling up the DagBag from /home/airflow/.local/lib/python3.12/site-packages/airflow/example_dags/example_sla_dag.py
[2024-07-04T09:58:50.938+0000] {processor.py:840} INFO - DAG(s) 'example_sla_dag' retrieved from /home/airflow/.local/lib/python3.12/site-packages/airflow/example_dags/example_sla_dag.py
[2024-07-04T09:58:50.960+0000] {logging_mixin.py:188} INFO - [2024-07-04T09:58:50.960+0000] {dag.py:3096} INFO - Sync 1 DAGs
[2024-07-04T09:58:50.984+0000] {logging_mixin.py:188} INFO - [2024-07-04T09:58:50.984+0000] {dag.py:3954} INFO - Setting next_dagrun for example_sla_dag to 2024-07-04 09:56:00+00:00, run_after=2024-07-04 09:58:00+00:00
[2024-07-04T09:58:51.001+0000] {processor.py:183} INFO - Processing /home/airflow/.local/lib/python3.12/site-packages/airflow/example_dags/example_sla_dag.py took 0.082 seconds
[2024-07-04T09:59:21.052+0000] {processor.py:161} INFO - Started process (PID=2861) to work on /home/airflow/.local/lib/python3.12/site-packages/airflow/example_dags/example_sla_dag.py
[2024-07-04T09:59:21.053+0000] {processor.py:830} INFO - Processing file /home/airflow/.local/lib/python3.12/site-packages/airflow/example_dags/example_sla_dag.py for tasks to queue
[2024-07-04T09:59:21.054+0000] {logging_mixin.py:188} INFO - [2024-07-04T09:59:21.054+0000] {dagbag.py:545} INFO - Filling up the DagBag from /home/airflow/.local/lib/python3.12/site-packages/airflow/example_dags/example_sla_dag.py
[2024-07-04T09:59:21.062+0000] {processor.py:840} INFO - DAG(s) 'example_sla_dag' retrieved from /home/airflow/.local/lib/python3.12/site-packages/airflow/example_dags/example_sla_dag.py
[2024-07-04T09:59:21.082+0000] {logging_mixin.py:188} INFO - [2024-07-04T09:59:21.081+0000] {dag.py:3096} INFO - Sync 1 DAGs
[2024-07-04T09:59:21.104+0000] {logging_mixin.py:188} INFO - [2024-07-04T09:59:21.104+0000] {dag.py:3954} INFO - Setting next_dagrun for example_sla_dag to 2024-07-04 09:56:00+00:00, run_after=2024-07-04 09:58:00+00:00
[2024-07-04T09:59:21.124+0000] {processor.py:183} INFO - Processing /home/airflow/.local/lib/python3.12/site-packages/airflow/example_dags/example_sla_dag.py took 0.079 seconds
[2024-07-04T09:59:51.659+0000] {processor.py:161} INFO - Started process (PID=2920) to work on /home/airflow/.local/lib/python3.12/site-packages/airflow/example_dags/example_sla_dag.py
[2024-07-04T09:59:51.661+0000] {processor.py:830} INFO - Processing file /home/airflow/.local/lib/python3.12/site-packages/airflow/example_dags/example_sla_dag.py for tasks to queue
[2024-07-04T09:59:51.662+0000] {logging_mixin.py:188} INFO - [2024-07-04T09:59:51.662+0000] {dagbag.py:545} INFO - Filling up the DagBag from /home/airflow/.local/lib/python3.12/site-packages/airflow/example_dags/example_sla_dag.py
[2024-07-04T09:59:51.671+0000] {processor.py:840} INFO - DAG(s) 'example_sla_dag' retrieved from /home/airflow/.local/lib/python3.12/site-packages/airflow/example_dags/example_sla_dag.py
[2024-07-04T09:59:51.690+0000] {logging_mixin.py:188} INFO - [2024-07-04T09:59:51.689+0000] {dag.py:3096} INFO - Sync 1 DAGs
[2024-07-04T09:59:51.712+0000] {logging_mixin.py:188} INFO - [2024-07-04T09:59:51.712+0000] {dag.py:3954} INFO - Setting next_dagrun for example_sla_dag to 2024-07-04 09:56:00+00:00, run_after=2024-07-04 09:58:00+00:00
[2024-07-04T09:59:51.735+0000] {processor.py:183} INFO - Processing /home/airflow/.local/lib/python3.12/site-packages/airflow/example_dags/example_sla_dag.py took 0.082 seconds
[2024-07-04T10:00:22.447+0000] {processor.py:161} INFO - Started process (PID=2979) to work on /home/airflow/.local/lib/python3.12/site-packages/airflow/example_dags/example_sla_dag.py
[2024-07-04T10:00:22.450+0000] {processor.py:830} INFO - Processing file /home/airflow/.local/lib/python3.12/site-packages/airflow/example_dags/example_sla_dag.py for tasks to queue
[2024-07-04T10:00:22.457+0000] {logging_mixin.py:188} INFO - [2024-07-04T10:00:22.457+0000] {dagbag.py:545} INFO - Filling up the DagBag from /home/airflow/.local/lib/python3.12/site-packages/airflow/example_dags/example_sla_dag.py
[2024-07-04T10:00:22.474+0000] {processor.py:840} INFO - DAG(s) 'example_sla_dag' retrieved from /home/airflow/.local/lib/python3.12/site-packages/airflow/example_dags/example_sla_dag.py
[2024-07-04T10:00:22.513+0000] {logging_mixin.py:188} INFO - [2024-07-04T10:00:22.512+0000] {dag.py:3096} INFO - Sync 1 DAGs
[2024-07-04T10:00:22.549+0000] {logging_mixin.py:188} INFO - [2024-07-04T10:00:22.548+0000] {dag.py:3954} INFO - Setting next_dagrun for example_sla_dag to 2024-07-04 09:58:00+00:00, run_after=2024-07-04 10:00:00+00:00
[2024-07-04T10:00:22.603+0000] {processor.py:183} INFO - Processing /home/airflow/.local/lib/python3.12/site-packages/airflow/example_dags/example_sla_dag.py took 0.166 seconds
[2024-07-04T10:00:53.629+0000] {processor.py:161} INFO - Started process (PID=3041) to work on /home/airflow/.local/lib/python3.12/site-packages/airflow/example_dags/example_sla_dag.py
[2024-07-04T10:00:53.641+0000] {processor.py:830} INFO - Processing file /home/airflow/.local/lib/python3.12/site-packages/airflow/example_dags/example_sla_dag.py for tasks to queue
[2024-07-04T10:00:53.644+0000] {logging_mixin.py:188} INFO - [2024-07-04T10:00:53.644+0000] {dagbag.py:545} INFO - Filling up the DagBag from /home/airflow/.local/lib/python3.12/site-packages/airflow/example_dags/example_sla_dag.py
[2024-07-04T10:00:53.703+0000] {processor.py:840} INFO - DAG(s) 'example_sla_dag' retrieved from /home/airflow/.local/lib/python3.12/site-packages/airflow/example_dags/example_sla_dag.py
[2024-07-04T10:00:53.853+0000] {logging_mixin.py:188} INFO - [2024-07-04T10:00:53.853+0000] {dag.py:3096} INFO - Sync 1 DAGs
[2024-07-04T10:00:53.928+0000] {logging_mixin.py:188} INFO - [2024-07-04T10:00:53.927+0000] {dag.py:3954} INFO - Setting next_dagrun for example_sla_dag to 2024-07-04 09:58:00+00:00, run_after=2024-07-04 10:00:00+00:00
[2024-07-04T10:00:54.022+0000] {processor.py:183} INFO - Processing /home/airflow/.local/lib/python3.12/site-packages/airflow/example_dags/example_sla_dag.py took 0.409 seconds
[2024-07-04T10:01:24.510+0000] {processor.py:161} INFO - Started process (PID=3100) to work on /home/airflow/.local/lib/python3.12/site-packages/airflow/example_dags/example_sla_dag.py
[2024-07-04T10:01:24.512+0000] {processor.py:830} INFO - Processing file /home/airflow/.local/lib/python3.12/site-packages/airflow/example_dags/example_sla_dag.py for tasks to queue
[2024-07-04T10:01:24.515+0000] {logging_mixin.py:188} INFO - [2024-07-04T10:01:24.514+0000] {dagbag.py:545} INFO - Filling up the DagBag from /home/airflow/.local/lib/python3.12/site-packages/airflow/example_dags/example_sla_dag.py
[2024-07-04T10:01:24.529+0000] {processor.py:840} INFO - DAG(s) 'example_sla_dag' retrieved from /home/airflow/.local/lib/python3.12/site-packages/airflow/example_dags/example_sla_dag.py
[2024-07-04T10:01:24.557+0000] {logging_mixin.py:188} INFO - [2024-07-04T10:01:24.557+0000] {dag.py:3096} INFO - Sync 1 DAGs
[2024-07-04T10:01:24.593+0000] {logging_mixin.py:188} INFO - [2024-07-04T10:01:24.592+0000] {dag.py:3954} INFO - Setting next_dagrun for example_sla_dag to 2024-07-04 09:58:00+00:00, run_after=2024-07-04 10:00:00+00:00
[2024-07-04T10:01:24.623+0000] {processor.py:183} INFO - Processing /home/airflow/.local/lib/python3.12/site-packages/airflow/example_dags/example_sla_dag.py took 0.120 seconds
[2024-07-04T10:01:55.553+0000] {processor.py:161} INFO - Started process (PID=3160) to work on /home/airflow/.local/lib/python3.12/site-packages/airflow/example_dags/example_sla_dag.py
[2024-07-04T10:01:55.554+0000] {processor.py:830} INFO - Processing file /home/airflow/.local/lib/python3.12/site-packages/airflow/example_dags/example_sla_dag.py for tasks to queue
[2024-07-04T10:01:55.556+0000] {logging_mixin.py:188} INFO - [2024-07-04T10:01:55.556+0000] {dagbag.py:545} INFO - Filling up the DagBag from /home/airflow/.local/lib/python3.12/site-packages/airflow/example_dags/example_sla_dag.py
[2024-07-04T10:01:55.564+0000] {processor.py:840} INFO - DAG(s) 'example_sla_dag' retrieved from /home/airflow/.local/lib/python3.12/site-packages/airflow/example_dags/example_sla_dag.py
[2024-07-04T10:01:55.584+0000] {logging_mixin.py:188} INFO - [2024-07-04T10:01:55.584+0000] {dag.py:3096} INFO - Sync 1 DAGs
[2024-07-04T10:01:55.609+0000] {logging_mixin.py:188} INFO - [2024-07-04T10:01:55.609+0000] {dag.py:3954} INFO - Setting next_dagrun for example_sla_dag to 2024-07-04 09:58:00+00:00, run_after=2024-07-04 10:00:00+00:00
[2024-07-04T10:01:55.641+0000] {processor.py:183} INFO - Processing /home/airflow/.local/lib/python3.12/site-packages/airflow/example_dags/example_sla_dag.py took 0.094 seconds
[2024-07-04T10:02:25.976+0000] {processor.py:161} INFO - Started process (PID=3219) to work on /home/airflow/.local/lib/python3.12/site-packages/airflow/example_dags/example_sla_dag.py
[2024-07-04T10:02:25.977+0000] {processor.py:830} INFO - Processing file /home/airflow/.local/lib/python3.12/site-packages/airflow/example_dags/example_sla_dag.py for tasks to queue
[2024-07-04T10:02:25.979+0000] {logging_mixin.py:188} INFO - [2024-07-04T10:02:25.979+0000] {dagbag.py:545} INFO - Filling up the DagBag from /home/airflow/.local/lib/python3.12/site-packages/airflow/example_dags/example_sla_dag.py
[2024-07-04T10:02:25.987+0000] {processor.py:840} INFO - DAG(s) 'example_sla_dag' retrieved from /home/airflow/.local/lib/python3.12/site-packages/airflow/example_dags/example_sla_dag.py
[2024-07-04T10:02:26.006+0000] {logging_mixin.py:188} INFO - [2024-07-04T10:02:26.006+0000] {dag.py:3096} INFO - Sync 1 DAGs
[2024-07-04T10:02:26.035+0000] {logging_mixin.py:188} INFO - [2024-07-04T10:02:26.034+0000] {dag.py:3954} INFO - Setting next_dagrun for example_sla_dag to 2024-07-04 10:00:00+00:00, run_after=2024-07-04 10:02:00+00:00
[2024-07-04T10:02:26.057+0000] {processor.py:183} INFO - Processing /home/airflow/.local/lib/python3.12/site-packages/airflow/example_dags/example_sla_dag.py took 0.087 seconds
[2024-07-04T10:02:56.499+0000] {processor.py:161} INFO - Started process (PID=3279) to work on /home/airflow/.local/lib/python3.12/site-packages/airflow/example_dags/example_sla_dag.py
[2024-07-04T10:02:56.501+0000] {processor.py:830} INFO - Processing file /home/airflow/.local/lib/python3.12/site-packages/airflow/example_dags/example_sla_dag.py for tasks to queue
[2024-07-04T10:02:56.503+0000] {logging_mixin.py:188} INFO - [2024-07-04T10:02:56.502+0000] {dagbag.py:545} INFO - Filling up the DagBag from /home/airflow/.local/lib/python3.12/site-packages/airflow/example_dags/example_sla_dag.py
[2024-07-04T10:02:56.511+0000] {processor.py:840} INFO - DAG(s) 'example_sla_dag' retrieved from /home/airflow/.local/lib/python3.12/site-packages/airflow/example_dags/example_sla_dag.py
[2024-07-04T10:02:56.529+0000] {logging_mixin.py:188} INFO - [2024-07-04T10:02:56.529+0000] {dag.py:3096} INFO - Sync 1 DAGs
[2024-07-04T10:02:56.560+0000] {logging_mixin.py:188} INFO - [2024-07-04T10:02:56.559+0000] {dag.py:3954} INFO - Setting next_dagrun for example_sla_dag to 2024-07-04 10:00:00+00:00, run_after=2024-07-04 10:02:00+00:00
[2024-07-04T10:02:56.586+0000] {processor.py:183} INFO - Processing /home/airflow/.local/lib/python3.12/site-packages/airflow/example_dags/example_sla_dag.py took 0.093 seconds
[2024-07-04T10:03:27.315+0000] {processor.py:161} INFO - Started process (PID=3338) to work on /home/airflow/.local/lib/python3.12/site-packages/airflow/example_dags/example_sla_dag.py
[2024-07-04T10:03:27.317+0000] {processor.py:830} INFO - Processing file /home/airflow/.local/lib/python3.12/site-packages/airflow/example_dags/example_sla_dag.py for tasks to queue
[2024-07-04T10:03:27.321+0000] {logging_mixin.py:188} INFO - [2024-07-04T10:03:27.320+0000] {dagbag.py:545} INFO - Filling up the DagBag from /home/airflow/.local/lib/python3.12/site-packages/airflow/example_dags/example_sla_dag.py
[2024-07-04T10:03:27.337+0000] {processor.py:840} INFO - DAG(s) 'example_sla_dag' retrieved from /home/airflow/.local/lib/python3.12/site-packages/airflow/example_dags/example_sla_dag.py
[2024-07-04T10:03:27.390+0000] {logging_mixin.py:188} INFO - [2024-07-04T10:03:27.389+0000] {dag.py:3096} INFO - Sync 1 DAGs
[2024-07-04T10:03:27.457+0000] {logging_mixin.py:188} INFO - [2024-07-04T10:03:27.457+0000] {dag.py:3954} INFO - Setting next_dagrun for example_sla_dag to 2024-07-04 10:00:00+00:00, run_after=2024-07-04 10:02:00+00:00
[2024-07-04T10:03:27.492+0000] {processor.py:183} INFO - Processing /home/airflow/.local/lib/python3.12/site-packages/airflow/example_dags/example_sla_dag.py took 0.190 seconds
[2024-07-04T10:04:03.875+0000] {processor.py:161} INFO - Started process (PID=3397) to work on /home/airflow/.local/lib/python3.12/site-packages/airflow/example_dags/example_sla_dag.py
[2024-07-04T10:04:03.884+0000] {processor.py:830} INFO - Processing file /home/airflow/.local/lib/python3.12/site-packages/airflow/example_dags/example_sla_dag.py for tasks to queue
[2024-07-04T10:04:03.920+0000] {logging_mixin.py:188} INFO - [2024-07-04T10:04:03.920+0000] {dagbag.py:545} INFO - Filling up the DagBag from /home/airflow/.local/lib/python3.12/site-packages/airflow/example_dags/example_sla_dag.py
[2024-07-04T10:04:04.491+0000] {processor.py:840} INFO - DAG(s) 'example_sla_dag' retrieved from /home/airflow/.local/lib/python3.12/site-packages/airflow/example_dags/example_sla_dag.py
