[2024-07-04T09:34:58.748+0000] {processor.py:161} INFO - Started process (PID=67) to work on /home/airflow/.local/lib/python3.12/site-packages/airflow/example_dags/example_xcom.py
[2024-07-04T09:34:58.756+0000] {processor.py:830} INFO - Processing file /home/airflow/.local/lib/python3.12/site-packages/airflow/example_dags/example_xcom.py for tasks to queue
[2024-07-04T09:34:58.765+0000] {logging_mixin.py:188} INFO - [2024-07-04T09:34:58.764+0000] {dagbag.py:545} INFO - Filling up the DagBag from /home/airflow/.local/lib/python3.12/site-packages/airflow/example_dags/example_xcom.py
[2024-07-04T09:34:58.774+0000] {processor.py:840} INFO - DAG(s) 'example_xcom' retrieved from /home/airflow/.local/lib/python3.12/site-packages/airflow/example_dags/example_xcom.py
[2024-07-04T09:34:59.260+0000] {logging_mixin.py:188} INFO - [2024-07-04T09:34:59.260+0000] {dag.py:3096} INFO - Sync 1 DAGs
[2024-07-04T09:34:59.437+0000] {logging_mixin.py:188} INFO - [2024-07-04T09:34:59.436+0000] {dag.py:3954} INFO - Setting next_dagrun for example_xcom to 2021-01-01 00:00:00+00:00, run_after=2021-01-01 00:00:00+00:00
[2024-07-04T09:34:59.548+0000] {processor.py:183} INFO - Processing /home/airflow/.local/lib/python3.12/site-packages/airflow/example_dags/example_xcom.py took 0.811 seconds
[2024-07-04T09:35:29.813+0000] {processor.py:161} INFO - Started process (PID=126) to work on /home/airflow/.local/lib/python3.12/site-packages/airflow/example_dags/example_xcom.py
[2024-07-04T09:35:29.814+0000] {processor.py:830} INFO - Processing file /home/airflow/.local/lib/python3.12/site-packages/airflow/example_dags/example_xcom.py for tasks to queue
[2024-07-04T09:35:29.816+0000] {logging_mixin.py:188} INFO - [2024-07-04T09:35:29.816+0000] {dagbag.py:545} INFO - Filling up the DagBag from /home/airflow/.local/lib/python3.12/site-packages/airflow/example_dags/example_xcom.py
[2024-07-04T09:35:29.823+0000] {processor.py:840} INFO - DAG(s) 'example_xcom' retrieved from /home/airflow/.local/lib/python3.12/site-packages/airflow/example_dags/example_xcom.py
[2024-07-04T09:35:29.843+0000] {logging_mixin.py:188} INFO - [2024-07-04T09:35:29.843+0000] {dag.py:3096} INFO - Sync 1 DAGs
[2024-07-04T09:35:29.870+0000] {logging_mixin.py:188} INFO - [2024-07-04T09:35:29.870+0000] {dag.py:3954} INFO - Setting next_dagrun for example_xcom to 2021-01-01 00:00:00+00:00, run_after=2021-01-01 00:00:00+00:00
[2024-07-04T09:35:29.895+0000] {processor.py:183} INFO - Processing /home/airflow/.local/lib/python3.12/site-packages/airflow/example_dags/example_xcom.py took 0.088 seconds
[2024-07-04T09:36:00.091+0000] {processor.py:161} INFO - Started process (PID=185) to work on /home/airflow/.local/lib/python3.12/site-packages/airflow/example_dags/example_xcom.py
[2024-07-04T09:36:00.092+0000] {processor.py:830} INFO - Processing file /home/airflow/.local/lib/python3.12/site-packages/airflow/example_dags/example_xcom.py for tasks to queue
[2024-07-04T09:36:00.095+0000] {logging_mixin.py:188} INFO - [2024-07-04T09:36:00.094+0000] {dagbag.py:545} INFO - Filling up the DagBag from /home/airflow/.local/lib/python3.12/site-packages/airflow/example_dags/example_xcom.py
[2024-07-04T09:36:00.102+0000] {processor.py:840} INFO - DAG(s) 'example_xcom' retrieved from /home/airflow/.local/lib/python3.12/site-packages/airflow/example_dags/example_xcom.py
[2024-07-04T09:36:00.125+0000] {logging_mixin.py:188} INFO - [2024-07-04T09:36:00.124+0000] {dag.py:3096} INFO - Sync 1 DAGs
[2024-07-04T09:36:00.144+0000] {logging_mixin.py:188} INFO - [2024-07-04T09:36:00.143+0000] {dag.py:3954} INFO - Setting next_dagrun for example_xcom to 2021-01-01 00:00:00+00:00, run_after=2021-01-01 00:00:00+00:00
[2024-07-04T09:36:00.168+0000] {processor.py:183} INFO - Processing /home/airflow/.local/lib/python3.12/site-packages/airflow/example_dags/example_xcom.py took 0.082 seconds
[2024-07-04T09:36:33.551+0000] {processor.py:161} INFO - Started process (PID=244) to work on /home/airflow/.local/lib/python3.12/site-packages/airflow/example_dags/example_xcom.py
[2024-07-04T09:36:33.561+0000] {processor.py:830} INFO - Processing file /home/airflow/.local/lib/python3.12/site-packages/airflow/example_dags/example_xcom.py for tasks to queue
[2024-07-04T09:36:33.570+0000] {logging_mixin.py:188} INFO - [2024-07-04T09:36:33.569+0000] {dagbag.py:545} INFO - Filling up the DagBag from /home/airflow/.local/lib/python3.12/site-packages/airflow/example_dags/example_xcom.py
[2024-07-04T09:36:33.639+0000] {processor.py:840} INFO - DAG(s) 'example_xcom' retrieved from /home/airflow/.local/lib/python3.12/site-packages/airflow/example_dags/example_xcom.py
[2024-07-04T09:36:33.690+0000] {logging_mixin.py:188} INFO - [2024-07-04T09:36:33.690+0000] {dag.py:3096} INFO - Sync 1 DAGs
[2024-07-04T09:36:33.807+0000] {logging_mixin.py:188} INFO - [2024-07-04T09:36:33.807+0000] {dag.py:3954} INFO - Setting next_dagrun for example_xcom to 2021-01-01 00:00:00+00:00, run_after=2021-01-01 00:00:00+00:00
[2024-07-04T09:36:33.870+0000] {processor.py:183} INFO - Processing /home/airflow/.local/lib/python3.12/site-packages/airflow/example_dags/example_xcom.py took 0.337 seconds
[2024-07-04T09:37:04.234+0000] {processor.py:161} INFO - Started process (PID=301) to work on /home/airflow/.local/lib/python3.12/site-packages/airflow/example_dags/example_xcom.py
[2024-07-04T09:37:04.241+0000] {processor.py:830} INFO - Processing file /home/airflow/.local/lib/python3.12/site-packages/airflow/example_dags/example_xcom.py for tasks to queue
[2024-07-04T09:37:04.246+0000] {logging_mixin.py:188} INFO - [2024-07-04T09:37:04.245+0000] {dagbag.py:545} INFO - Filling up the DagBag from /home/airflow/.local/lib/python3.12/site-packages/airflow/example_dags/example_xcom.py
[2024-07-04T09:37:04.256+0000] {processor.py:840} INFO - DAG(s) 'example_xcom' retrieved from /home/airflow/.local/lib/python3.12/site-packages/airflow/example_dags/example_xcom.py
[2024-07-04T09:37:04.284+0000] {logging_mixin.py:188} INFO - [2024-07-04T09:37:04.283+0000] {dag.py:3096} INFO - Sync 1 DAGs
[2024-07-04T09:37:04.308+0000] {logging_mixin.py:188} INFO - [2024-07-04T09:37:04.308+0000] {dag.py:3954} INFO - Setting next_dagrun for example_xcom to 2021-01-01 00:00:00+00:00, run_after=2021-01-01 00:00:00+00:00
[2024-07-04T09:37:04.334+0000] {processor.py:183} INFO - Processing /home/airflow/.local/lib/python3.12/site-packages/airflow/example_dags/example_xcom.py took 0.108 seconds
[2024-07-04T09:37:34.558+0000] {processor.py:161} INFO - Started process (PID=360) to work on /home/airflow/.local/lib/python3.12/site-packages/airflow/example_dags/example_xcom.py
[2024-07-04T09:37:34.571+0000] {processor.py:830} INFO - Processing file /home/airflow/.local/lib/python3.12/site-packages/airflow/example_dags/example_xcom.py for tasks to queue
[2024-07-04T09:37:34.574+0000] {logging_mixin.py:188} INFO - [2024-07-04T09:37:34.573+0000] {dagbag.py:545} INFO - Filling up the DagBag from /home/airflow/.local/lib/python3.12/site-packages/airflow/example_dags/example_xcom.py
[2024-07-04T09:37:34.589+0000] {processor.py:840} INFO - DAG(s) 'example_xcom' retrieved from /home/airflow/.local/lib/python3.12/site-packages/airflow/example_dags/example_xcom.py
[2024-07-04T09:37:34.647+0000] {logging_mixin.py:188} INFO - [2024-07-04T09:37:34.646+0000] {dag.py:3096} INFO - Sync 1 DAGs
[2024-07-04T09:37:34.712+0000] {logging_mixin.py:188} INFO - [2024-07-04T09:37:34.711+0000] {dag.py:3954} INFO - Setting next_dagrun for example_xcom to 2021-01-01 00:00:00+00:00, run_after=2021-01-01 00:00:00+00:00
[2024-07-04T09:37:34.775+0000] {processor.py:183} INFO - Processing /home/airflow/.local/lib/python3.12/site-packages/airflow/example_dags/example_xcom.py took 0.222 seconds
[2024-07-04T09:38:04.984+0000] {processor.py:161} INFO - Started process (PID=419) to work on /home/airflow/.local/lib/python3.12/site-packages/airflow/example_dags/example_xcom.py
[2024-07-04T09:38:04.986+0000] {processor.py:830} INFO - Processing file /home/airflow/.local/lib/python3.12/site-packages/airflow/example_dags/example_xcom.py for tasks to queue
[2024-07-04T09:38:04.988+0000] {logging_mixin.py:188} INFO - [2024-07-04T09:38:04.987+0000] {dagbag.py:545} INFO - Filling up the DagBag from /home/airflow/.local/lib/python3.12/site-packages/airflow/example_dags/example_xcom.py
[2024-07-04T09:38:04.995+0000] {processor.py:840} INFO - DAG(s) 'example_xcom' retrieved from /home/airflow/.local/lib/python3.12/site-packages/airflow/example_dags/example_xcom.py
[2024-07-04T09:38:05.013+0000] {logging_mixin.py:188} INFO - [2024-07-04T09:38:05.012+0000] {dag.py:3096} INFO - Sync 1 DAGs
[2024-07-04T09:38:05.036+0000] {logging_mixin.py:188} INFO - [2024-07-04T09:38:05.035+0000] {dag.py:3954} INFO - Setting next_dagrun for example_xcom to 2021-01-01 00:00:00+00:00, run_after=2021-01-01 00:00:00+00:00
[2024-07-04T09:38:05.087+0000] {processor.py:183} INFO - Processing /home/airflow/.local/lib/python3.12/site-packages/airflow/example_dags/example_xcom.py took 0.107 seconds
[2024-07-04T09:38:35.435+0000] {processor.py:161} INFO - Started process (PID=479) to work on /home/airflow/.local/lib/python3.12/site-packages/airflow/example_dags/example_xcom.py
[2024-07-04T09:38:35.438+0000] {processor.py:830} INFO - Processing file /home/airflow/.local/lib/python3.12/site-packages/airflow/example_dags/example_xcom.py for tasks to queue
[2024-07-04T09:38:35.440+0000] {logging_mixin.py:188} INFO - [2024-07-04T09:38:35.440+0000] {dagbag.py:545} INFO - Filling up the DagBag from /home/airflow/.local/lib/python3.12/site-packages/airflow/example_dags/example_xcom.py
[2024-07-04T09:38:35.448+0000] {processor.py:840} INFO - DAG(s) 'example_xcom' retrieved from /home/airflow/.local/lib/python3.12/site-packages/airflow/example_dags/example_xcom.py
[2024-07-04T09:38:35.494+0000] {logging_mixin.py:188} INFO - [2024-07-04T09:38:35.494+0000] {dag.py:3096} INFO - Sync 1 DAGs
[2024-07-04T09:38:35.531+0000] {logging_mixin.py:188} INFO - [2024-07-04T09:38:35.531+0000] {dag.py:3954} INFO - Setting next_dagrun for example_xcom to 2021-01-01 00:00:00+00:00, run_after=2021-01-01 00:00:00+00:00
[2024-07-04T09:38:35.562+0000] {processor.py:183} INFO - Processing /home/airflow/.local/lib/python3.12/site-packages/airflow/example_dags/example_xcom.py took 0.141 seconds
[2024-07-04T09:39:05.751+0000] {processor.py:161} INFO - Started process (PID=538) to work on /home/airflow/.local/lib/python3.12/site-packages/airflow/example_dags/example_xcom.py
[2024-07-04T09:39:05.752+0000] {processor.py:830} INFO - Processing file /home/airflow/.local/lib/python3.12/site-packages/airflow/example_dags/example_xcom.py for tasks to queue
[2024-07-04T09:39:05.754+0000] {logging_mixin.py:188} INFO - [2024-07-04T09:39:05.754+0000] {dagbag.py:545} INFO - Filling up the DagBag from /home/airflow/.local/lib/python3.12/site-packages/airflow/example_dags/example_xcom.py
[2024-07-04T09:39:05.774+0000] {processor.py:840} INFO - DAG(s) 'example_xcom' retrieved from /home/airflow/.local/lib/python3.12/site-packages/airflow/example_dags/example_xcom.py
[2024-07-04T09:39:05.792+0000] {logging_mixin.py:188} INFO - [2024-07-04T09:39:05.792+0000] {dag.py:3096} INFO - Sync 1 DAGs
[2024-07-04T09:39:05.813+0000] {logging_mixin.py:188} INFO - [2024-07-04T09:39:05.813+0000] {dag.py:3954} INFO - Setting next_dagrun for example_xcom to 2021-01-01 00:00:00+00:00, run_after=2021-01-01 00:00:00+00:00
[2024-07-04T09:39:05.834+0000] {processor.py:183} INFO - Processing /home/airflow/.local/lib/python3.12/site-packages/airflow/example_dags/example_xcom.py took 0.088 seconds
[2024-07-04T09:39:36.040+0000] {processor.py:161} INFO - Started process (PID=597) to work on /home/airflow/.local/lib/python3.12/site-packages/airflow/example_dags/example_xcom.py
[2024-07-04T09:39:36.041+0000] {processor.py:830} INFO - Processing file /home/airflow/.local/lib/python3.12/site-packages/airflow/example_dags/example_xcom.py for tasks to queue
[2024-07-04T09:39:36.043+0000] {logging_mixin.py:188} INFO - [2024-07-04T09:39:36.042+0000] {dagbag.py:545} INFO - Filling up the DagBag from /home/airflow/.local/lib/python3.12/site-packages/airflow/example_dags/example_xcom.py
[2024-07-04T09:39:36.049+0000] {processor.py:840} INFO - DAG(s) 'example_xcom' retrieved from /home/airflow/.local/lib/python3.12/site-packages/airflow/example_dags/example_xcom.py
[2024-07-04T09:39:36.071+0000] {logging_mixin.py:188} INFO - [2024-07-04T09:39:36.071+0000] {dag.py:3096} INFO - Sync 1 DAGs
[2024-07-04T09:39:36.089+0000] {logging_mixin.py:188} INFO - [2024-07-04T09:39:36.089+0000] {dag.py:3954} INFO - Setting next_dagrun for example_xcom to 2021-01-01 00:00:00+00:00, run_after=2021-01-01 00:00:00+00:00
[2024-07-04T09:39:36.112+0000] {processor.py:183} INFO - Processing /home/airflow/.local/lib/python3.12/site-packages/airflow/example_dags/example_xcom.py took 0.077 seconds
[2024-07-04T09:40:06.216+0000] {processor.py:161} INFO - Started process (PID=656) to work on /home/airflow/.local/lib/python3.12/site-packages/airflow/example_dags/example_xcom.py
[2024-07-04T09:40:06.217+0000] {processor.py:830} INFO - Processing file /home/airflow/.local/lib/python3.12/site-packages/airflow/example_dags/example_xcom.py for tasks to queue
[2024-07-04T09:40:06.219+0000] {logging_mixin.py:188} INFO - [2024-07-04T09:40:06.219+0000] {dagbag.py:545} INFO - Filling up the DagBag from /home/airflow/.local/lib/python3.12/site-packages/airflow/example_dags/example_xcom.py
[2024-07-04T09:40:06.228+0000] {processor.py:840} INFO - DAG(s) 'example_xcom' retrieved from /home/airflow/.local/lib/python3.12/site-packages/airflow/example_dags/example_xcom.py
[2024-07-04T09:40:06.251+0000] {logging_mixin.py:188} INFO - [2024-07-04T09:40:06.251+0000] {dag.py:3096} INFO - Sync 1 DAGs
[2024-07-04T09:40:06.273+0000] {logging_mixin.py:188} INFO - [2024-07-04T09:40:06.273+0000] {dag.py:3954} INFO - Setting next_dagrun for example_xcom to 2021-01-01 00:00:00+00:00, run_after=2021-01-01 00:00:00+00:00
[2024-07-04T09:40:06.292+0000] {processor.py:183} INFO - Processing /home/airflow/.local/lib/python3.12/site-packages/airflow/example_dags/example_xcom.py took 0.083 seconds
[2024-07-04T09:40:36.674+0000] {processor.py:161} INFO - Started process (PID=715) to work on /home/airflow/.local/lib/python3.12/site-packages/airflow/example_dags/example_xcom.py
[2024-07-04T09:40:36.675+0000] {processor.py:830} INFO - Processing file /home/airflow/.local/lib/python3.12/site-packages/airflow/example_dags/example_xcom.py for tasks to queue
[2024-07-04T09:40:36.677+0000] {logging_mixin.py:188} INFO - [2024-07-04T09:40:36.677+0000] {dagbag.py:545} INFO - Filling up the DagBag from /home/airflow/.local/lib/python3.12/site-packages/airflow/example_dags/example_xcom.py
[2024-07-04T09:40:36.688+0000] {processor.py:840} INFO - DAG(s) 'example_xcom' retrieved from /home/airflow/.local/lib/python3.12/site-packages/airflow/example_dags/example_xcom.py
[2024-07-04T09:40:36.709+0000] {logging_mixin.py:188} INFO - [2024-07-04T09:40:36.709+0000] {dag.py:3096} INFO - Sync 1 DAGs
[2024-07-04T09:40:36.737+0000] {logging_mixin.py:188} INFO - [2024-07-04T09:40:36.737+0000] {dag.py:3954} INFO - Setting next_dagrun for example_xcom to 2021-01-01 00:00:00+00:00, run_after=2021-01-01 00:00:00+00:00
[2024-07-04T09:40:36.767+0000] {processor.py:183} INFO - Processing /home/airflow/.local/lib/python3.12/site-packages/airflow/example_dags/example_xcom.py took 0.099 seconds
[2024-07-04T09:41:06.890+0000] {processor.py:161} INFO - Started process (PID=775) to work on /home/airflow/.local/lib/python3.12/site-packages/airflow/example_dags/example_xcom.py
[2024-07-04T09:41:06.897+0000] {processor.py:830} INFO - Processing file /home/airflow/.local/lib/python3.12/site-packages/airflow/example_dags/example_xcom.py for tasks to queue
[2024-07-04T09:41:06.901+0000] {logging_mixin.py:188} INFO - [2024-07-04T09:41:06.899+0000] {dagbag.py:545} INFO - Filling up the DagBag from /home/airflow/.local/lib/python3.12/site-packages/airflow/example_dags/example_xcom.py
[2024-07-04T09:41:06.914+0000] {processor.py:840} INFO - DAG(s) 'example_xcom' retrieved from /home/airflow/.local/lib/python3.12/site-packages/airflow/example_dags/example_xcom.py
[2024-07-04T09:41:06.939+0000] {logging_mixin.py:188} INFO - [2024-07-04T09:41:06.938+0000] {dag.py:3096} INFO - Sync 1 DAGs
[2024-07-04T09:41:06.968+0000] {logging_mixin.py:188} INFO - [2024-07-04T09:41:06.967+0000] {dag.py:3954} INFO - Setting next_dagrun for example_xcom to 2021-01-01 00:00:00+00:00, run_after=2021-01-01 00:00:00+00:00
[2024-07-04T09:41:07.003+0000] {processor.py:183} INFO - Processing /home/airflow/.local/lib/python3.12/site-packages/airflow/example_dags/example_xcom.py took 0.125 seconds
[2024-07-04T09:41:37.390+0000] {processor.py:161} INFO - Started process (PID=834) to work on /home/airflow/.local/lib/python3.12/site-packages/airflow/example_dags/example_xcom.py
[2024-07-04T09:41:37.391+0000] {processor.py:830} INFO - Processing file /home/airflow/.local/lib/python3.12/site-packages/airflow/example_dags/example_xcom.py for tasks to queue
[2024-07-04T09:41:37.393+0000] {logging_mixin.py:188} INFO - [2024-07-04T09:41:37.392+0000] {dagbag.py:545} INFO - Filling up the DagBag from /home/airflow/.local/lib/python3.12/site-packages/airflow/example_dags/example_xcom.py
[2024-07-04T09:41:37.400+0000] {processor.py:840} INFO - DAG(s) 'example_xcom' retrieved from /home/airflow/.local/lib/python3.12/site-packages/airflow/example_dags/example_xcom.py
[2024-07-04T09:41:37.426+0000] {logging_mixin.py:188} INFO - [2024-07-04T09:41:37.425+0000] {dag.py:3096} INFO - Sync 1 DAGs
[2024-07-04T09:41:37.450+0000] {logging_mixin.py:188} INFO - [2024-07-04T09:41:37.450+0000] {dag.py:3954} INFO - Setting next_dagrun for example_xcom to 2021-01-01 00:00:00+00:00, run_after=2021-01-01 00:00:00+00:00
[2024-07-04T09:41:37.473+0000] {processor.py:183} INFO - Processing /home/airflow/.local/lib/python3.12/site-packages/airflow/example_dags/example_xcom.py took 0.089 seconds
[2024-07-04T09:42:07.937+0000] {processor.py:161} INFO - Started process (PID=892) to work on /home/airflow/.local/lib/python3.12/site-packages/airflow/example_dags/example_xcom.py
[2024-07-04T09:42:07.938+0000] {processor.py:830} INFO - Processing file /home/airflow/.local/lib/python3.12/site-packages/airflow/example_dags/example_xcom.py for tasks to queue
[2024-07-04T09:42:07.940+0000] {logging_mixin.py:188} INFO - [2024-07-04T09:42:07.940+0000] {dagbag.py:545} INFO - Filling up the DagBag from /home/airflow/.local/lib/python3.12/site-packages/airflow/example_dags/example_xcom.py
[2024-07-04T09:42:07.948+0000] {processor.py:840} INFO - DAG(s) 'example_xcom' retrieved from /home/airflow/.local/lib/python3.12/site-packages/airflow/example_dags/example_xcom.py
[2024-07-04T09:42:07.970+0000] {logging_mixin.py:188} INFO - [2024-07-04T09:42:07.969+0000] {dag.py:3096} INFO - Sync 1 DAGs
[2024-07-04T09:42:08.001+0000] {logging_mixin.py:188} INFO - [2024-07-04T09:42:08.001+0000] {dag.py:3954} INFO - Setting next_dagrun for example_xcom to 2021-01-01 00:00:00+00:00, run_after=2021-01-01 00:00:00+00:00
[2024-07-04T09:42:08.038+0000] {processor.py:183} INFO - Processing /home/airflow/.local/lib/python3.12/site-packages/airflow/example_dags/example_xcom.py took 0.107 seconds
[2024-07-04T09:42:39.044+0000] {processor.py:161} INFO - Started process (PID=952) to work on /home/airflow/.local/lib/python3.12/site-packages/airflow/example_dags/example_xcom.py
[2024-07-04T09:42:39.046+0000] {processor.py:830} INFO - Processing file /home/airflow/.local/lib/python3.12/site-packages/airflow/example_dags/example_xcom.py for tasks to queue
[2024-07-04T09:42:39.055+0000] {logging_mixin.py:188} INFO - [2024-07-04T09:42:39.054+0000] {dagbag.py:545} INFO - Filling up the DagBag from /home/airflow/.local/lib/python3.12/site-packages/airflow/example_dags/example_xcom.py
[2024-07-04T09:42:39.077+0000] {processor.py:840} INFO - DAG(s) 'example_xcom' retrieved from /home/airflow/.local/lib/python3.12/site-packages/airflow/example_dags/example_xcom.py
[2024-07-04T09:42:39.100+0000] {logging_mixin.py:188} INFO - [2024-07-04T09:42:39.099+0000] {dag.py:3096} INFO - Sync 1 DAGs
[2024-07-04T09:42:39.126+0000] {logging_mixin.py:188} INFO - [2024-07-04T09:42:39.126+0000] {dag.py:3954} INFO - Setting next_dagrun for example_xcom to 2021-01-01 00:00:00+00:00, run_after=2021-01-01 00:00:00+00:00
[2024-07-04T09:42:39.171+0000] {processor.py:183} INFO - Processing /home/airflow/.local/lib/python3.12/site-packages/airflow/example_dags/example_xcom.py took 0.155 seconds
[2024-07-04T09:43:09.743+0000] {processor.py:161} INFO - Started process (PID=1012) to work on /home/airflow/.local/lib/python3.12/site-packages/airflow/example_dags/example_xcom.py
[2024-07-04T09:43:09.745+0000] {processor.py:830} INFO - Processing file /home/airflow/.local/lib/python3.12/site-packages/airflow/example_dags/example_xcom.py for tasks to queue
[2024-07-04T09:43:09.748+0000] {logging_mixin.py:188} INFO - [2024-07-04T09:43:09.748+0000] {dagbag.py:545} INFO - Filling up the DagBag from /home/airflow/.local/lib/python3.12/site-packages/airflow/example_dags/example_xcom.py
[2024-07-04T09:43:09.757+0000] {processor.py:840} INFO - DAG(s) 'example_xcom' retrieved from /home/airflow/.local/lib/python3.12/site-packages/airflow/example_dags/example_xcom.py
[2024-07-04T09:43:09.808+0000] {logging_mixin.py:188} INFO - [2024-07-04T09:43:09.808+0000] {dag.py:3096} INFO - Sync 1 DAGs
[2024-07-04T09:43:09.842+0000] {logging_mixin.py:188} INFO - [2024-07-04T09:43:09.842+0000] {dag.py:3954} INFO - Setting next_dagrun for example_xcom to 2021-01-01 00:00:00+00:00, run_after=2021-01-01 00:00:00+00:00
[2024-07-04T09:43:09.883+0000] {processor.py:183} INFO - Processing /home/airflow/.local/lib/python3.12/site-packages/airflow/example_dags/example_xcom.py took 0.145 seconds
[2024-07-04T09:43:40.153+0000] {processor.py:161} INFO - Started process (PID=1071) to work on /home/airflow/.local/lib/python3.12/site-packages/airflow/example_dags/example_xcom.py
[2024-07-04T09:43:40.154+0000] {processor.py:830} INFO - Processing file /home/airflow/.local/lib/python3.12/site-packages/airflow/example_dags/example_xcom.py for tasks to queue
[2024-07-04T09:43:40.156+0000] {logging_mixin.py:188} INFO - [2024-07-04T09:43:40.156+0000] {dagbag.py:545} INFO - Filling up the DagBag from /home/airflow/.local/lib/python3.12/site-packages/airflow/example_dags/example_xcom.py
[2024-07-04T09:43:40.163+0000] {processor.py:840} INFO - DAG(s) 'example_xcom' retrieved from /home/airflow/.local/lib/python3.12/site-packages/airflow/example_dags/example_xcom.py
[2024-07-04T09:43:40.183+0000] {logging_mixin.py:188} INFO - [2024-07-04T09:43:40.183+0000] {dag.py:3096} INFO - Sync 1 DAGs
[2024-07-04T09:43:40.203+0000] {logging_mixin.py:188} INFO - [2024-07-04T09:43:40.203+0000] {dag.py:3954} INFO - Setting next_dagrun for example_xcom to 2021-01-01 00:00:00+00:00, run_after=2021-01-01 00:00:00+00:00
[2024-07-04T09:43:40.227+0000] {processor.py:183} INFO - Processing /home/airflow/.local/lib/python3.12/site-packages/airflow/example_dags/example_xcom.py took 0.079 seconds
[2024-07-04T09:44:10.533+0000] {processor.py:161} INFO - Started process (PID=1130) to work on /home/airflow/.local/lib/python3.12/site-packages/airflow/example_dags/example_xcom.py
[2024-07-04T09:44:10.534+0000] {processor.py:830} INFO - Processing file /home/airflow/.local/lib/python3.12/site-packages/airflow/example_dags/example_xcom.py for tasks to queue
[2024-07-04T09:44:10.536+0000] {logging_mixin.py:188} INFO - [2024-07-04T09:44:10.536+0000] {dagbag.py:545} INFO - Filling up the DagBag from /home/airflow/.local/lib/python3.12/site-packages/airflow/example_dags/example_xcom.py
[2024-07-04T09:44:10.543+0000] {processor.py:840} INFO - DAG(s) 'example_xcom' retrieved from /home/airflow/.local/lib/python3.12/site-packages/airflow/example_dags/example_xcom.py
[2024-07-04T09:44:10.565+0000] {logging_mixin.py:188} INFO - [2024-07-04T09:44:10.564+0000] {dag.py:3096} INFO - Sync 1 DAGs
[2024-07-04T09:44:10.584+0000] {logging_mixin.py:188} INFO - [2024-07-04T09:44:10.583+0000] {dag.py:3954} INFO - Setting next_dagrun for example_xcom to 2021-01-01 00:00:00+00:00, run_after=2021-01-01 00:00:00+00:00
[2024-07-04T09:44:10.606+0000] {processor.py:183} INFO - Processing /home/airflow/.local/lib/python3.12/site-packages/airflow/example_dags/example_xcom.py took 0.078 seconds
[2024-07-04T09:44:40.786+0000] {processor.py:161} INFO - Started process (PID=1189) to work on /home/airflow/.local/lib/python3.12/site-packages/airflow/example_dags/example_xcom.py
[2024-07-04T09:44:40.787+0000] {processor.py:830} INFO - Processing file /home/airflow/.local/lib/python3.12/site-packages/airflow/example_dags/example_xcom.py for tasks to queue
[2024-07-04T09:44:40.789+0000] {logging_mixin.py:188} INFO - [2024-07-04T09:44:40.789+0000] {dagbag.py:545} INFO - Filling up the DagBag from /home/airflow/.local/lib/python3.12/site-packages/airflow/example_dags/example_xcom.py
[2024-07-04T09:44:40.796+0000] {processor.py:840} INFO - DAG(s) 'example_xcom' retrieved from /home/airflow/.local/lib/python3.12/site-packages/airflow/example_dags/example_xcom.py
[2024-07-04T09:44:40.816+0000] {logging_mixin.py:188} INFO - [2024-07-04T09:44:40.816+0000] {dag.py:3096} INFO - Sync 1 DAGs
[2024-07-04T09:44:40.839+0000] {logging_mixin.py:188} INFO - [2024-07-04T09:44:40.839+0000] {dag.py:3954} INFO - Setting next_dagrun for example_xcom to 2021-01-01 00:00:00+00:00, run_after=2021-01-01 00:00:00+00:00
[2024-07-04T09:44:40.860+0000] {processor.py:183} INFO - Processing /home/airflow/.local/lib/python3.12/site-packages/airflow/example_dags/example_xcom.py took 0.079 seconds
[2024-07-04T09:45:11.067+0000] {processor.py:161} INFO - Started process (PID=1248) to work on /home/airflow/.local/lib/python3.12/site-packages/airflow/example_dags/example_xcom.py
[2024-07-04T09:45:11.068+0000] {processor.py:830} INFO - Processing file /home/airflow/.local/lib/python3.12/site-packages/airflow/example_dags/example_xcom.py for tasks to queue
[2024-07-04T09:45:11.070+0000] {logging_mixin.py:188} INFO - [2024-07-04T09:45:11.070+0000] {dagbag.py:545} INFO - Filling up the DagBag from /home/airflow/.local/lib/python3.12/site-packages/airflow/example_dags/example_xcom.py
[2024-07-04T09:45:11.077+0000] {processor.py:840} INFO - DAG(s) 'example_xcom' retrieved from /home/airflow/.local/lib/python3.12/site-packages/airflow/example_dags/example_xcom.py
[2024-07-04T09:45:11.103+0000] {logging_mixin.py:188} INFO - [2024-07-04T09:45:11.103+0000] {dag.py:3096} INFO - Sync 1 DAGs
[2024-07-04T09:45:11.124+0000] {logging_mixin.py:188} INFO - [2024-07-04T09:45:11.124+0000] {dag.py:3954} INFO - Setting next_dagrun for example_xcom to 2021-01-01 00:00:00+00:00, run_after=2021-01-01 00:00:00+00:00
[2024-07-04T09:45:11.145+0000] {processor.py:183} INFO - Processing /home/airflow/.local/lib/python3.12/site-packages/airflow/example_dags/example_xcom.py took 0.084 seconds
[2024-07-04T09:45:41.519+0000] {processor.py:161} INFO - Started process (PID=1307) to work on /home/airflow/.local/lib/python3.12/site-packages/airflow/example_dags/example_xcom.py
[2024-07-04T09:45:41.521+0000] {processor.py:830} INFO - Processing file /home/airflow/.local/lib/python3.12/site-packages/airflow/example_dags/example_xcom.py for tasks to queue
[2024-07-04T09:45:41.523+0000] {logging_mixin.py:188} INFO - [2024-07-04T09:45:41.523+0000] {dagbag.py:545} INFO - Filling up the DagBag from /home/airflow/.local/lib/python3.12/site-packages/airflow/example_dags/example_xcom.py
[2024-07-04T09:45:41.532+0000] {processor.py:840} INFO - DAG(s) 'example_xcom' retrieved from /home/airflow/.local/lib/python3.12/site-packages/airflow/example_dags/example_xcom.py
[2024-07-04T09:45:41.553+0000] {logging_mixin.py:188} INFO - [2024-07-04T09:45:41.553+0000] {dag.py:3096} INFO - Sync 1 DAGs
[2024-07-04T09:45:41.576+0000] {logging_mixin.py:188} INFO - [2024-07-04T09:45:41.575+0000] {dag.py:3954} INFO - Setting next_dagrun for example_xcom to 2021-01-01 00:00:00+00:00, run_after=2021-01-01 00:00:00+00:00
[2024-07-04T09:45:41.601+0000] {processor.py:183} INFO - Processing /home/airflow/.local/lib/python3.12/site-packages/airflow/example_dags/example_xcom.py took 0.089 seconds
[2024-07-04T09:46:12.013+0000] {processor.py:161} INFO - Started process (PID=1366) to work on /home/airflow/.local/lib/python3.12/site-packages/airflow/example_dags/example_xcom.py
[2024-07-04T09:46:12.014+0000] {processor.py:830} INFO - Processing file /home/airflow/.local/lib/python3.12/site-packages/airflow/example_dags/example_xcom.py for tasks to queue
[2024-07-04T09:46:12.016+0000] {logging_mixin.py:188} INFO - [2024-07-04T09:46:12.016+0000] {dagbag.py:545} INFO - Filling up the DagBag from /home/airflow/.local/lib/python3.12/site-packages/airflow/example_dags/example_xcom.py
[2024-07-04T09:46:12.025+0000] {processor.py:840} INFO - DAG(s) 'example_xcom' retrieved from /home/airflow/.local/lib/python3.12/site-packages/airflow/example_dags/example_xcom.py
[2024-07-04T09:46:12.045+0000] {logging_mixin.py:188} INFO - [2024-07-04T09:46:12.044+0000] {dag.py:3096} INFO - Sync 1 DAGs
[2024-07-04T09:46:12.068+0000] {logging_mixin.py:188} INFO - [2024-07-04T09:46:12.068+0000] {dag.py:3954} INFO - Setting next_dagrun for example_xcom to 2021-01-01 00:00:00+00:00, run_after=2021-01-01 00:00:00+00:00
[2024-07-04T09:46:12.088+0000] {processor.py:183} INFO - Processing /home/airflow/.local/lib/python3.12/site-packages/airflow/example_dags/example_xcom.py took 0.081 seconds
[2024-07-04T09:46:42.291+0000] {processor.py:161} INFO - Started process (PID=1426) to work on /home/airflow/.local/lib/python3.12/site-packages/airflow/example_dags/example_xcom.py
[2024-07-04T09:46:42.292+0000] {processor.py:830} INFO - Processing file /home/airflow/.local/lib/python3.12/site-packages/airflow/example_dags/example_xcom.py for tasks to queue
[2024-07-04T09:46:42.294+0000] {logging_mixin.py:188} INFO - [2024-07-04T09:46:42.293+0000] {dagbag.py:545} INFO - Filling up the DagBag from /home/airflow/.local/lib/python3.12/site-packages/airflow/example_dags/example_xcom.py
[2024-07-04T09:46:42.302+0000] {processor.py:840} INFO - DAG(s) 'example_xcom' retrieved from /home/airflow/.local/lib/python3.12/site-packages/airflow/example_dags/example_xcom.py
[2024-07-04T09:46:42.322+0000] {logging_mixin.py:188} INFO - [2024-07-04T09:46:42.322+0000] {dag.py:3096} INFO - Sync 1 DAGs
[2024-07-04T09:46:42.349+0000] {logging_mixin.py:188} INFO - [2024-07-04T09:46:42.348+0000] {dag.py:3954} INFO - Setting next_dagrun for example_xcom to 2021-01-01 00:00:00+00:00, run_after=2021-01-01 00:00:00+00:00
[2024-07-04T09:46:42.372+0000] {processor.py:183} INFO - Processing /home/airflow/.local/lib/python3.12/site-packages/airflow/example_dags/example_xcom.py took 0.086 seconds
[2024-07-04T09:47:18.509+0000] {processor.py:161} INFO - Started process (PID=1486) to work on /home/airflow/.local/lib/python3.12/site-packages/airflow/example_dags/example_xcom.py
[2024-07-04T09:47:18.521+0000] {processor.py:830} INFO - Processing file /home/airflow/.local/lib/python3.12/site-packages/airflow/example_dags/example_xcom.py for tasks to queue
[2024-07-04T09:47:18.529+0000] {logging_mixin.py:188} INFO - [2024-07-04T09:47:18.528+0000] {dagbag.py:545} INFO - Filling up the DagBag from /home/airflow/.local/lib/python3.12/site-packages/airflow/example_dags/example_xcom.py
[2024-07-04T09:47:18.589+0000] {processor.py:840} INFO - DAG(s) 'example_xcom' retrieved from /home/airflow/.local/lib/python3.12/site-packages/airflow/example_dags/example_xcom.py
[2024-07-04T09:47:18.697+0000] {logging_mixin.py:188} INFO - [2024-07-04T09:47:18.691+0000] {dag.py:3096} INFO - Sync 1 DAGs
[2024-07-04T09:47:18.773+0000] {logging_mixin.py:188} INFO - [2024-07-04T09:47:18.773+0000] {dag.py:3954} INFO - Setting next_dagrun for example_xcom to 2021-01-01 00:00:00+00:00, run_after=2021-01-01 00:00:00+00:00
[2024-07-04T09:47:18.837+0000] {processor.py:183} INFO - Processing /home/airflow/.local/lib/python3.12/site-packages/airflow/example_dags/example_xcom.py took 0.356 seconds
[2024-07-04T09:47:49.558+0000] {processor.py:161} INFO - Started process (PID=1545) to work on /home/airflow/.local/lib/python3.12/site-packages/airflow/example_dags/example_xcom.py
[2024-07-04T09:47:49.579+0000] {processor.py:830} INFO - Processing file /home/airflow/.local/lib/python3.12/site-packages/airflow/example_dags/example_xcom.py for tasks to queue
[2024-07-04T09:47:49.593+0000] {logging_mixin.py:188} INFO - [2024-07-04T09:47:49.593+0000] {dagbag.py:545} INFO - Filling up the DagBag from /home/airflow/.local/lib/python3.12/site-packages/airflow/example_dags/example_xcom.py
[2024-07-04T09:47:49.609+0000] {processor.py:840} INFO - DAG(s) 'example_xcom' retrieved from /home/airflow/.local/lib/python3.12/site-packages/airflow/example_dags/example_xcom.py
[2024-07-04T09:47:49.666+0000] {logging_mixin.py:188} INFO - [2024-07-04T09:47:49.666+0000] {dag.py:3096} INFO - Sync 1 DAGs
[2024-07-04T09:47:49.749+0000] {logging_mixin.py:188} INFO - [2024-07-04T09:47:49.748+0000] {dag.py:3954} INFO - Setting next_dagrun for example_xcom to 2021-01-01 00:00:00+00:00, run_after=2021-01-01 00:00:00+00:00
[2024-07-04T09:47:49.861+0000] {processor.py:183} INFO - Processing /home/airflow/.local/lib/python3.12/site-packages/airflow/example_dags/example_xcom.py took 0.310 seconds
[2024-07-04T09:48:20.183+0000] {processor.py:161} INFO - Started process (PID=1603) to work on /home/airflow/.local/lib/python3.12/site-packages/airflow/example_dags/example_xcom.py
[2024-07-04T09:48:20.185+0000] {processor.py:830} INFO - Processing file /home/airflow/.local/lib/python3.12/site-packages/airflow/example_dags/example_xcom.py for tasks to queue
[2024-07-04T09:48:20.187+0000] {logging_mixin.py:188} INFO - [2024-07-04T09:48:20.186+0000] {dagbag.py:545} INFO - Filling up the DagBag from /home/airflow/.local/lib/python3.12/site-packages/airflow/example_dags/example_xcom.py
[2024-07-04T09:48:20.194+0000] {processor.py:840} INFO - DAG(s) 'example_xcom' retrieved from /home/airflow/.local/lib/python3.12/site-packages/airflow/example_dags/example_xcom.py
[2024-07-04T09:48:20.217+0000] {logging_mixin.py:188} INFO - [2024-07-04T09:48:20.217+0000] {dag.py:3096} INFO - Sync 1 DAGs
[2024-07-04T09:48:20.244+0000] {logging_mixin.py:188} INFO - [2024-07-04T09:48:20.243+0000] {dag.py:3954} INFO - Setting next_dagrun for example_xcom to 2021-01-01 00:00:00+00:00, run_after=2021-01-01 00:00:00+00:00
[2024-07-04T09:48:20.273+0000] {processor.py:183} INFO - Processing /home/airflow/.local/lib/python3.12/site-packages/airflow/example_dags/example_xcom.py took 0.099 seconds
[2024-07-04T09:48:50.660+0000] {processor.py:161} INFO - Started process (PID=1662) to work on /home/airflow/.local/lib/python3.12/site-packages/airflow/example_dags/example_xcom.py
[2024-07-04T09:48:50.662+0000] {processor.py:830} INFO - Processing file /home/airflow/.local/lib/python3.12/site-packages/airflow/example_dags/example_xcom.py for tasks to queue
[2024-07-04T09:48:50.664+0000] {logging_mixin.py:188} INFO - [2024-07-04T09:48:50.664+0000] {dagbag.py:545} INFO - Filling up the DagBag from /home/airflow/.local/lib/python3.12/site-packages/airflow/example_dags/example_xcom.py
[2024-07-04T09:48:50.674+0000] {processor.py:840} INFO - DAG(s) 'example_xcom' retrieved from /home/airflow/.local/lib/python3.12/site-packages/airflow/example_dags/example_xcom.py
[2024-07-04T09:48:50.715+0000] {logging_mixin.py:188} INFO - [2024-07-04T09:48:50.704+0000] {dag.py:3096} INFO - Sync 1 DAGs
[2024-07-04T09:48:50.763+0000] {logging_mixin.py:188} INFO - [2024-07-04T09:48:50.762+0000] {dag.py:3954} INFO - Setting next_dagrun for example_xcom to 2021-01-01 00:00:00+00:00, run_after=2021-01-01 00:00:00+00:00
[2024-07-04T09:48:50.787+0000] {processor.py:183} INFO - Processing /home/airflow/.local/lib/python3.12/site-packages/airflow/example_dags/example_xcom.py took 0.134 seconds
[2024-07-04T09:49:20.897+0000] {processor.py:161} INFO - Started process (PID=1721) to work on /home/airflow/.local/lib/python3.12/site-packages/airflow/example_dags/example_xcom.py
[2024-07-04T09:49:20.898+0000] {processor.py:830} INFO - Processing file /home/airflow/.local/lib/python3.12/site-packages/airflow/example_dags/example_xcom.py for tasks to queue
[2024-07-04T09:49:20.902+0000] {logging_mixin.py:188} INFO - [2024-07-04T09:49:20.901+0000] {dagbag.py:545} INFO - Filling up the DagBag from /home/airflow/.local/lib/python3.12/site-packages/airflow/example_dags/example_xcom.py
[2024-07-04T09:49:20.933+0000] {processor.py:840} INFO - DAG(s) 'example_xcom' retrieved from /home/airflow/.local/lib/python3.12/site-packages/airflow/example_dags/example_xcom.py
[2024-07-04T09:49:21.015+0000] {logging_mixin.py:188} INFO - [2024-07-04T09:49:21.015+0000] {dag.py:3096} INFO - Sync 1 DAGs
[2024-07-04T09:49:21.063+0000] {logging_mixin.py:188} INFO - [2024-07-04T09:49:21.062+0000] {dag.py:3954} INFO - Setting next_dagrun for example_xcom to 2021-01-01 00:00:00+00:00, run_after=2021-01-01 00:00:00+00:00
[2024-07-04T09:49:21.102+0000] {processor.py:183} INFO - Processing /home/airflow/.local/lib/python3.12/site-packages/airflow/example_dags/example_xcom.py took 0.211 seconds
[2024-07-04T09:49:51.736+0000] {processor.py:161} INFO - Started process (PID=1781) to work on /home/airflow/.local/lib/python3.12/site-packages/airflow/example_dags/example_xcom.py
[2024-07-04T09:49:51.737+0000] {processor.py:830} INFO - Processing file /home/airflow/.local/lib/python3.12/site-packages/airflow/example_dags/example_xcom.py for tasks to queue
[2024-07-04T09:49:51.739+0000] {logging_mixin.py:188} INFO - [2024-07-04T09:49:51.739+0000] {dagbag.py:545} INFO - Filling up the DagBag from /home/airflow/.local/lib/python3.12/site-packages/airflow/example_dags/example_xcom.py
[2024-07-04T09:49:51.750+0000] {processor.py:840} INFO - DAG(s) 'example_xcom' retrieved from /home/airflow/.local/lib/python3.12/site-packages/airflow/example_dags/example_xcom.py
[2024-07-04T09:49:51.785+0000] {logging_mixin.py:188} INFO - [2024-07-04T09:49:51.785+0000] {dag.py:3096} INFO - Sync 1 DAGs
[2024-07-04T09:49:51.812+0000] {logging_mixin.py:188} INFO - [2024-07-04T09:49:51.812+0000] {dag.py:3954} INFO - Setting next_dagrun for example_xcom to 2021-01-01 00:00:00+00:00, run_after=2021-01-01 00:00:00+00:00
[2024-07-04T09:49:51.838+0000] {processor.py:183} INFO - Processing /home/airflow/.local/lib/python3.12/site-packages/airflow/example_dags/example_xcom.py took 0.108 seconds
[2024-07-04T09:50:22.021+0000] {processor.py:161} INFO - Started process (PID=1840) to work on /home/airflow/.local/lib/python3.12/site-packages/airflow/example_dags/example_xcom.py
[2024-07-04T09:50:22.022+0000] {processor.py:830} INFO - Processing file /home/airflow/.local/lib/python3.12/site-packages/airflow/example_dags/example_xcom.py for tasks to queue
[2024-07-04T09:50:22.024+0000] {logging_mixin.py:188} INFO - [2024-07-04T09:50:22.023+0000] {dagbag.py:545} INFO - Filling up the DagBag from /home/airflow/.local/lib/python3.12/site-packages/airflow/example_dags/example_xcom.py
[2024-07-04T09:50:22.049+0000] {processor.py:840} INFO - DAG(s) 'example_xcom' retrieved from /home/airflow/.local/lib/python3.12/site-packages/airflow/example_dags/example_xcom.py
[2024-07-04T09:50:22.100+0000] {logging_mixin.py:188} INFO - [2024-07-04T09:50:22.100+0000] {dag.py:3096} INFO - Sync 1 DAGs
[2024-07-04T09:50:22.603+0000] {logging_mixin.py:188} INFO - [2024-07-04T09:50:22.603+0000] {dag.py:3954} INFO - Setting next_dagrun for example_xcom to 2021-01-01 00:00:00+00:00, run_after=2021-01-01 00:00:00+00:00
[2024-07-04T09:50:22.639+0000] {processor.py:183} INFO - Processing /home/airflow/.local/lib/python3.12/site-packages/airflow/example_dags/example_xcom.py took 0.626 seconds
[2024-07-04T09:50:52.873+0000] {processor.py:161} INFO - Started process (PID=1899) to work on /home/airflow/.local/lib/python3.12/site-packages/airflow/example_dags/example_xcom.py
[2024-07-04T09:50:52.876+0000] {processor.py:830} INFO - Processing file /home/airflow/.local/lib/python3.12/site-packages/airflow/example_dags/example_xcom.py for tasks to queue
[2024-07-04T09:50:52.879+0000] {logging_mixin.py:188} INFO - [2024-07-04T09:50:52.879+0000] {dagbag.py:545} INFO - Filling up the DagBag from /home/airflow/.local/lib/python3.12/site-packages/airflow/example_dags/example_xcom.py
[2024-07-04T09:50:52.894+0000] {processor.py:840} INFO - DAG(s) 'example_xcom' retrieved from /home/airflow/.local/lib/python3.12/site-packages/airflow/example_dags/example_xcom.py
[2024-07-04T09:50:52.966+0000] {logging_mixin.py:188} INFO - [2024-07-04T09:50:52.965+0000] {dag.py:3096} INFO - Sync 1 DAGs
[2024-07-04T09:50:53.029+0000] {logging_mixin.py:188} INFO - [2024-07-04T09:50:53.029+0000] {dag.py:3954} INFO - Setting next_dagrun for example_xcom to 2021-01-01 00:00:00+00:00, run_after=2021-01-01 00:00:00+00:00
[2024-07-04T09:50:53.432+0000] {processor.py:183} INFO - Processing /home/airflow/.local/lib/python3.12/site-packages/airflow/example_dags/example_xcom.py took 0.569 seconds
[2024-07-04T09:51:24.074+0000] {processor.py:161} INFO - Started process (PID=1958) to work on /home/airflow/.local/lib/python3.12/site-packages/airflow/example_dags/example_xcom.py
[2024-07-04T09:51:24.075+0000] {processor.py:830} INFO - Processing file /home/airflow/.local/lib/python3.12/site-packages/airflow/example_dags/example_xcom.py for tasks to queue
[2024-07-04T09:51:24.078+0000] {logging_mixin.py:188} INFO - [2024-07-04T09:51:24.078+0000] {dagbag.py:545} INFO - Filling up the DagBag from /home/airflow/.local/lib/python3.12/site-packages/airflow/example_dags/example_xcom.py
[2024-07-04T09:51:24.088+0000] {processor.py:840} INFO - DAG(s) 'example_xcom' retrieved from /home/airflow/.local/lib/python3.12/site-packages/airflow/example_dags/example_xcom.py
[2024-07-04T09:51:24.118+0000] {logging_mixin.py:188} INFO - [2024-07-04T09:51:24.117+0000] {dag.py:3096} INFO - Sync 1 DAGs
[2024-07-04T09:51:24.151+0000] {logging_mixin.py:188} INFO - [2024-07-04T09:51:24.150+0000] {dag.py:3954} INFO - Setting next_dagrun for example_xcom to 2021-01-01 00:00:00+00:00, run_after=2021-01-01 00:00:00+00:00
[2024-07-04T09:51:24.176+0000] {processor.py:183} INFO - Processing /home/airflow/.local/lib/python3.12/site-packages/airflow/example_dags/example_xcom.py took 0.109 seconds
[2024-07-04T09:51:54.951+0000] {processor.py:161} INFO - Started process (PID=2017) to work on /home/airflow/.local/lib/python3.12/site-packages/airflow/example_dags/example_xcom.py
[2024-07-04T09:51:54.952+0000] {processor.py:830} INFO - Processing file /home/airflow/.local/lib/python3.12/site-packages/airflow/example_dags/example_xcom.py for tasks to queue
[2024-07-04T09:51:54.955+0000] {logging_mixin.py:188} INFO - [2024-07-04T09:51:54.955+0000] {dagbag.py:545} INFO - Filling up the DagBag from /home/airflow/.local/lib/python3.12/site-packages/airflow/example_dags/example_xcom.py
[2024-07-04T09:51:54.963+0000] {processor.py:840} INFO - DAG(s) 'example_xcom' retrieved from /home/airflow/.local/lib/python3.12/site-packages/airflow/example_dags/example_xcom.py
[2024-07-04T09:51:54.985+0000] {logging_mixin.py:188} INFO - [2024-07-04T09:51:54.985+0000] {dag.py:3096} INFO - Sync 1 DAGs
[2024-07-04T09:51:55.010+0000] {logging_mixin.py:188} INFO - [2024-07-04T09:51:55.009+0000] {dag.py:3954} INFO - Setting next_dagrun for example_xcom to 2021-01-01 00:00:00+00:00, run_after=2021-01-01 00:00:00+00:00
[2024-07-04T09:51:55.033+0000] {processor.py:183} INFO - Processing /home/airflow/.local/lib/python3.12/site-packages/airflow/example_dags/example_xcom.py took 0.089 seconds
[2024-07-04T09:52:25.516+0000] {processor.py:161} INFO - Started process (PID=2077) to work on /home/airflow/.local/lib/python3.12/site-packages/airflow/example_dags/example_xcom.py
[2024-07-04T09:52:25.517+0000] {processor.py:830} INFO - Processing file /home/airflow/.local/lib/python3.12/site-packages/airflow/example_dags/example_xcom.py for tasks to queue
[2024-07-04T09:52:25.519+0000] {logging_mixin.py:188} INFO - [2024-07-04T09:52:25.519+0000] {dagbag.py:545} INFO - Filling up the DagBag from /home/airflow/.local/lib/python3.12/site-packages/airflow/example_dags/example_xcom.py
[2024-07-04T09:52:25.533+0000] {processor.py:840} INFO - DAG(s) 'example_xcom' retrieved from /home/airflow/.local/lib/python3.12/site-packages/airflow/example_dags/example_xcom.py
[2024-07-04T09:52:25.557+0000] {logging_mixin.py:188} INFO - [2024-07-04T09:52:25.557+0000] {dag.py:3096} INFO - Sync 1 DAGs
[2024-07-04T09:52:25.587+0000] {logging_mixin.py:188} INFO - [2024-07-04T09:52:25.586+0000] {dag.py:3954} INFO - Setting next_dagrun for example_xcom to 2021-01-01 00:00:00+00:00, run_after=2021-01-01 00:00:00+00:00
[2024-07-04T09:52:25.615+0000] {processor.py:183} INFO - Processing /home/airflow/.local/lib/python3.12/site-packages/airflow/example_dags/example_xcom.py took 0.105 seconds
[2024-07-04T09:52:56.212+0000] {processor.py:161} INFO - Started process (PID=2136) to work on /home/airflow/.local/lib/python3.12/site-packages/airflow/example_dags/example_xcom.py
[2024-07-04T09:52:56.228+0000] {processor.py:830} INFO - Processing file /home/airflow/.local/lib/python3.12/site-packages/airflow/example_dags/example_xcom.py for tasks to queue
[2024-07-04T09:52:56.254+0000] {logging_mixin.py:188} INFO - [2024-07-04T09:52:56.251+0000] {dagbag.py:545} INFO - Filling up the DagBag from /home/airflow/.local/lib/python3.12/site-packages/airflow/example_dags/example_xcom.py
[2024-07-04T09:52:56.297+0000] {processor.py:840} INFO - DAG(s) 'example_xcom' retrieved from /home/airflow/.local/lib/python3.12/site-packages/airflow/example_dags/example_xcom.py
[2024-07-04T09:52:56.407+0000] {logging_mixin.py:188} INFO - [2024-07-04T09:52:56.407+0000] {dag.py:3096} INFO - Sync 1 DAGs
[2024-07-04T09:52:56.510+0000] {logging_mixin.py:188} INFO - [2024-07-04T09:52:56.509+0000] {dag.py:3954} INFO - Setting next_dagrun for example_xcom to 2021-01-01 00:00:00+00:00, run_after=2021-01-01 00:00:00+00:00
[2024-07-04T09:52:56.579+0000] {processor.py:183} INFO - Processing /home/airflow/.local/lib/python3.12/site-packages/airflow/example_dags/example_xcom.py took 0.405 seconds
[2024-07-04T09:53:26.895+0000] {processor.py:161} INFO - Started process (PID=2194) to work on /home/airflow/.local/lib/python3.12/site-packages/airflow/example_dags/example_xcom.py
[2024-07-04T09:53:26.896+0000] {processor.py:830} INFO - Processing file /home/airflow/.local/lib/python3.12/site-packages/airflow/example_dags/example_xcom.py for tasks to queue
[2024-07-04T09:53:26.899+0000] {logging_mixin.py:188} INFO - [2024-07-04T09:53:26.898+0000] {dagbag.py:545} INFO - Filling up the DagBag from /home/airflow/.local/lib/python3.12/site-packages/airflow/example_dags/example_xcom.py
[2024-07-04T09:53:26.906+0000] {processor.py:840} INFO - DAG(s) 'example_xcom' retrieved from /home/airflow/.local/lib/python3.12/site-packages/airflow/example_dags/example_xcom.py
[2024-07-04T09:53:26.928+0000] {logging_mixin.py:188} INFO - [2024-07-04T09:53:26.927+0000] {dag.py:3096} INFO - Sync 1 DAGs
[2024-07-04T09:53:26.950+0000] {logging_mixin.py:188} INFO - [2024-07-04T09:53:26.950+0000] {dag.py:3954} INFO - Setting next_dagrun for example_xcom to 2021-01-01 00:00:00+00:00, run_after=2021-01-01 00:00:00+00:00
[2024-07-04T09:53:26.981+0000] {processor.py:183} INFO - Processing /home/airflow/.local/lib/python3.12/site-packages/airflow/example_dags/example_xcom.py took 0.090 seconds
[2024-07-04T09:53:57.152+0000] {processor.py:161} INFO - Started process (PID=2253) to work on /home/airflow/.local/lib/python3.12/site-packages/airflow/example_dags/example_xcom.py
[2024-07-04T09:53:57.154+0000] {processor.py:830} INFO - Processing file /home/airflow/.local/lib/python3.12/site-packages/airflow/example_dags/example_xcom.py for tasks to queue
[2024-07-04T09:53:57.158+0000] {logging_mixin.py:188} INFO - [2024-07-04T09:53:57.157+0000] {dagbag.py:545} INFO - Filling up the DagBag from /home/airflow/.local/lib/python3.12/site-packages/airflow/example_dags/example_xcom.py
[2024-07-04T09:53:57.167+0000] {processor.py:840} INFO - DAG(s) 'example_xcom' retrieved from /home/airflow/.local/lib/python3.12/site-packages/airflow/example_dags/example_xcom.py
[2024-07-04T09:53:57.196+0000] {logging_mixin.py:188} INFO - [2024-07-04T09:53:57.196+0000] {dag.py:3096} INFO - Sync 1 DAGs
[2024-07-04T09:53:57.230+0000] {logging_mixin.py:188} INFO - [2024-07-04T09:53:57.229+0000] {dag.py:3954} INFO - Setting next_dagrun for example_xcom to 2021-01-01 00:00:00+00:00, run_after=2021-01-01 00:00:00+00:00
[2024-07-04T09:53:57.256+0000] {processor.py:183} INFO - Processing /home/airflow/.local/lib/python3.12/site-packages/airflow/example_dags/example_xcom.py took 0.111 seconds
[2024-07-04T09:54:27.602+0000] {processor.py:161} INFO - Started process (PID=2312) to work on /home/airflow/.local/lib/python3.12/site-packages/airflow/example_dags/example_xcom.py
[2024-07-04T09:54:27.603+0000] {processor.py:830} INFO - Processing file /home/airflow/.local/lib/python3.12/site-packages/airflow/example_dags/example_xcom.py for tasks to queue
[2024-07-04T09:54:27.605+0000] {logging_mixin.py:188} INFO - [2024-07-04T09:54:27.605+0000] {dagbag.py:545} INFO - Filling up the DagBag from /home/airflow/.local/lib/python3.12/site-packages/airflow/example_dags/example_xcom.py
[2024-07-04T09:54:27.615+0000] {processor.py:840} INFO - DAG(s) 'example_xcom' retrieved from /home/airflow/.local/lib/python3.12/site-packages/airflow/example_dags/example_xcom.py
[2024-07-04T09:54:27.650+0000] {logging_mixin.py:188} INFO - [2024-07-04T09:54:27.650+0000] {dag.py:3096} INFO - Sync 1 DAGs
[2024-07-04T09:54:27.675+0000] {logging_mixin.py:188} INFO - [2024-07-04T09:54:27.675+0000] {dag.py:3954} INFO - Setting next_dagrun for example_xcom to 2021-01-01 00:00:00+00:00, run_after=2021-01-01 00:00:00+00:00
[2024-07-04T09:54:27.702+0000] {processor.py:183} INFO - Processing /home/airflow/.local/lib/python3.12/site-packages/airflow/example_dags/example_xcom.py took 0.106 seconds
[2024-07-04T09:54:58.076+0000] {processor.py:161} INFO - Started process (PID=2370) to work on /home/airflow/.local/lib/python3.12/site-packages/airflow/example_dags/example_xcom.py
[2024-07-04T09:54:58.084+0000] {processor.py:830} INFO - Processing file /home/airflow/.local/lib/python3.12/site-packages/airflow/example_dags/example_xcom.py for tasks to queue
[2024-07-04T09:54:58.089+0000] {logging_mixin.py:188} INFO - [2024-07-04T09:54:58.089+0000] {dagbag.py:545} INFO - Filling up the DagBag from /home/airflow/.local/lib/python3.12/site-packages/airflow/example_dags/example_xcom.py
[2024-07-04T09:54:58.116+0000] {processor.py:840} INFO - DAG(s) 'example_xcom' retrieved from /home/airflow/.local/lib/python3.12/site-packages/airflow/example_dags/example_xcom.py
[2024-07-04T09:54:58.157+0000] {logging_mixin.py:188} INFO - [2024-07-04T09:54:58.157+0000] {dag.py:3096} INFO - Sync 1 DAGs
[2024-07-04T09:54:58.195+0000] {logging_mixin.py:188} INFO - [2024-07-04T09:54:58.194+0000] {dag.py:3954} INFO - Setting next_dagrun for example_xcom to 2021-01-01 00:00:00+00:00, run_after=2021-01-01 00:00:00+00:00
[2024-07-04T09:54:58.264+0000] {processor.py:183} INFO - Processing /home/airflow/.local/lib/python3.12/site-packages/airflow/example_dags/example_xcom.py took 0.195 seconds
[2024-07-04T09:55:29.372+0000] {processor.py:161} INFO - Started process (PID=2429) to work on /home/airflow/.local/lib/python3.12/site-packages/airflow/example_dags/example_xcom.py
[2024-07-04T09:55:29.389+0000] {processor.py:830} INFO - Processing file /home/airflow/.local/lib/python3.12/site-packages/airflow/example_dags/example_xcom.py for tasks to queue
[2024-07-04T09:55:29.422+0000] {logging_mixin.py:188} INFO - [2024-07-04T09:55:29.421+0000] {dagbag.py:545} INFO - Filling up the DagBag from /home/airflow/.local/lib/python3.12/site-packages/airflow/example_dags/example_xcom.py
[2024-07-04T09:55:29.532+0000] {processor.py:840} INFO - DAG(s) 'example_xcom' retrieved from /home/airflow/.local/lib/python3.12/site-packages/airflow/example_dags/example_xcom.py
[2024-07-04T09:55:29.970+0000] {logging_mixin.py:188} INFO - [2024-07-04T09:55:29.970+0000] {dag.py:3096} INFO - Sync 1 DAGs
[2024-07-04T09:55:30.342+0000] {logging_mixin.py:188} INFO - [2024-07-04T09:55:30.342+0000] {dag.py:3954} INFO - Setting next_dagrun for example_xcom to 2021-01-01 00:00:00+00:00, run_after=2021-01-01 00:00:00+00:00
[2024-07-04T09:55:30.486+0000] {processor.py:183} INFO - Processing /home/airflow/.local/lib/python3.12/site-packages/airflow/example_dags/example_xcom.py took 1.134 seconds
[2024-07-04T09:56:00.928+0000] {processor.py:161} INFO - Started process (PID=2488) to work on /home/airflow/.local/lib/python3.12/site-packages/airflow/example_dags/example_xcom.py
[2024-07-04T09:56:00.934+0000] {processor.py:830} INFO - Processing file /home/airflow/.local/lib/python3.12/site-packages/airflow/example_dags/example_xcom.py for tasks to queue
[2024-07-04T09:56:00.939+0000] {logging_mixin.py:188} INFO - [2024-07-04T09:56:00.938+0000] {dagbag.py:545} INFO - Filling up the DagBag from /home/airflow/.local/lib/python3.12/site-packages/airflow/example_dags/example_xcom.py
[2024-07-04T09:56:00.949+0000] {processor.py:840} INFO - DAG(s) 'example_xcom' retrieved from /home/airflow/.local/lib/python3.12/site-packages/airflow/example_dags/example_xcom.py
[2024-07-04T09:56:00.980+0000] {logging_mixin.py:188} INFO - [2024-07-04T09:56:00.980+0000] {dag.py:3096} INFO - Sync 1 DAGs
[2024-07-04T09:56:01.010+0000] {logging_mixin.py:188} INFO - [2024-07-04T09:56:01.009+0000] {dag.py:3954} INFO - Setting next_dagrun for example_xcom to 2021-01-01 00:00:00+00:00, run_after=2021-01-01 00:00:00+00:00
[2024-07-04T09:56:01.034+0000] {processor.py:183} INFO - Processing /home/airflow/.local/lib/python3.12/site-packages/airflow/example_dags/example_xcom.py took 0.114 seconds
[2024-07-04T09:56:31.806+0000] {processor.py:161} INFO - Started process (PID=2547) to work on /home/airflow/.local/lib/python3.12/site-packages/airflow/example_dags/example_xcom.py
[2024-07-04T09:56:31.807+0000] {processor.py:830} INFO - Processing file /home/airflow/.local/lib/python3.12/site-packages/airflow/example_dags/example_xcom.py for tasks to queue
[2024-07-04T09:56:31.809+0000] {logging_mixin.py:188} INFO - [2024-07-04T09:56:31.809+0000] {dagbag.py:545} INFO - Filling up the DagBag from /home/airflow/.local/lib/python3.12/site-packages/airflow/example_dags/example_xcom.py
[2024-07-04T09:56:31.821+0000] {processor.py:840} INFO - DAG(s) 'example_xcom' retrieved from /home/airflow/.local/lib/python3.12/site-packages/airflow/example_dags/example_xcom.py
[2024-07-04T09:56:31.850+0000] {logging_mixin.py:188} INFO - [2024-07-04T09:56:31.850+0000] {dag.py:3096} INFO - Sync 1 DAGs
[2024-07-04T09:56:31.874+0000] {logging_mixin.py:188} INFO - [2024-07-04T09:56:31.874+0000] {dag.py:3954} INFO - Setting next_dagrun for example_xcom to 2021-01-01 00:00:00+00:00, run_after=2021-01-01 00:00:00+00:00
[2024-07-04T09:56:31.899+0000] {processor.py:183} INFO - Processing /home/airflow/.local/lib/python3.12/site-packages/airflow/example_dags/example_xcom.py took 0.099 seconds
[2024-07-04T09:57:02.555+0000] {processor.py:161} INFO - Started process (PID=2606) to work on /home/airflow/.local/lib/python3.12/site-packages/airflow/example_dags/example_xcom.py
[2024-07-04T09:57:02.556+0000] {processor.py:830} INFO - Processing file /home/airflow/.local/lib/python3.12/site-packages/airflow/example_dags/example_xcom.py for tasks to queue
[2024-07-04T09:57:02.560+0000] {logging_mixin.py:188} INFO - [2024-07-04T09:57:02.560+0000] {dagbag.py:545} INFO - Filling up the DagBag from /home/airflow/.local/lib/python3.12/site-packages/airflow/example_dags/example_xcom.py
[2024-07-04T09:57:02.575+0000] {processor.py:840} INFO - DAG(s) 'example_xcom' retrieved from /home/airflow/.local/lib/python3.12/site-packages/airflow/example_dags/example_xcom.py
[2024-07-04T09:57:02.617+0000] {logging_mixin.py:188} INFO - [2024-07-04T09:57:02.617+0000] {dag.py:3096} INFO - Sync 1 DAGs
[2024-07-04T09:57:02.649+0000] {logging_mixin.py:188} INFO - [2024-07-04T09:57:02.649+0000] {dag.py:3954} INFO - Setting next_dagrun for example_xcom to 2021-01-01 00:00:00+00:00, run_after=2021-01-01 00:00:00+00:00
[2024-07-04T09:57:02.680+0000] {processor.py:183} INFO - Processing /home/airflow/.local/lib/python3.12/site-packages/airflow/example_dags/example_xcom.py took 0.133 seconds
[2024-07-04T09:57:33.259+0000] {processor.py:161} INFO - Started process (PID=2665) to work on /home/airflow/.local/lib/python3.12/site-packages/airflow/example_dags/example_xcom.py
[2024-07-04T09:57:33.261+0000] {processor.py:830} INFO - Processing file /home/airflow/.local/lib/python3.12/site-packages/airflow/example_dags/example_xcom.py for tasks to queue
[2024-07-04T09:57:33.265+0000] {logging_mixin.py:188} INFO - [2024-07-04T09:57:33.265+0000] {dagbag.py:545} INFO - Filling up the DagBag from /home/airflow/.local/lib/python3.12/site-packages/airflow/example_dags/example_xcom.py
[2024-07-04T09:57:33.277+0000] {processor.py:840} INFO - DAG(s) 'example_xcom' retrieved from /home/airflow/.local/lib/python3.12/site-packages/airflow/example_dags/example_xcom.py
[2024-07-04T09:57:33.308+0000] {logging_mixin.py:188} INFO - [2024-07-04T09:57:33.308+0000] {dag.py:3096} INFO - Sync 1 DAGs
[2024-07-04T09:57:33.332+0000] {logging_mixin.py:188} INFO - [2024-07-04T09:57:33.331+0000] {dag.py:3954} INFO - Setting next_dagrun for example_xcom to 2021-01-01 00:00:00+00:00, run_after=2021-01-01 00:00:00+00:00
[2024-07-04T09:57:33.359+0000] {processor.py:183} INFO - Processing /home/airflow/.local/lib/python3.12/site-packages/airflow/example_dags/example_xcom.py took 0.108 seconds
[2024-07-04T09:58:03.912+0000] {processor.py:161} INFO - Started process (PID=2725) to work on /home/airflow/.local/lib/python3.12/site-packages/airflow/example_dags/example_xcom.py
[2024-07-04T09:58:03.913+0000] {processor.py:830} INFO - Processing file /home/airflow/.local/lib/python3.12/site-packages/airflow/example_dags/example_xcom.py for tasks to queue
[2024-07-04T09:58:03.915+0000] {logging_mixin.py:188} INFO - [2024-07-04T09:58:03.915+0000] {dagbag.py:545} INFO - Filling up the DagBag from /home/airflow/.local/lib/python3.12/site-packages/airflow/example_dags/example_xcom.py
[2024-07-04T09:58:03.923+0000] {processor.py:840} INFO - DAG(s) 'example_xcom' retrieved from /home/airflow/.local/lib/python3.12/site-packages/airflow/example_dags/example_xcom.py
[2024-07-04T09:58:03.944+0000] {logging_mixin.py:188} INFO - [2024-07-04T09:58:03.944+0000] {dag.py:3096} INFO - Sync 1 DAGs
[2024-07-04T09:58:03.969+0000] {logging_mixin.py:188} INFO - [2024-07-04T09:58:03.969+0000] {dag.py:3954} INFO - Setting next_dagrun for example_xcom to 2021-01-01 00:00:00+00:00, run_after=2021-01-01 00:00:00+00:00
[2024-07-04T09:58:03.992+0000] {processor.py:183} INFO - Processing /home/airflow/.local/lib/python3.12/site-packages/airflow/example_dags/example_xcom.py took 0.085 seconds
[2024-07-04T09:58:34.140+0000] {processor.py:161} INFO - Started process (PID=2784) to work on /home/airflow/.local/lib/python3.12/site-packages/airflow/example_dags/example_xcom.py
[2024-07-04T09:58:34.142+0000] {processor.py:830} INFO - Processing file /home/airflow/.local/lib/python3.12/site-packages/airflow/example_dags/example_xcom.py for tasks to queue
[2024-07-04T09:58:34.143+0000] {logging_mixin.py:188} INFO - [2024-07-04T09:58:34.143+0000] {dagbag.py:545} INFO - Filling up the DagBag from /home/airflow/.local/lib/python3.12/site-packages/airflow/example_dags/example_xcom.py
[2024-07-04T09:58:34.150+0000] {processor.py:840} INFO - DAG(s) 'example_xcom' retrieved from /home/airflow/.local/lib/python3.12/site-packages/airflow/example_dags/example_xcom.py
[2024-07-04T09:58:34.169+0000] {logging_mixin.py:188} INFO - [2024-07-04T09:58:34.168+0000] {dag.py:3096} INFO - Sync 1 DAGs
[2024-07-04T09:58:34.188+0000] {logging_mixin.py:188} INFO - [2024-07-04T09:58:34.187+0000] {dag.py:3954} INFO - Setting next_dagrun for example_xcom to 2021-01-01 00:00:00+00:00, run_after=2021-01-01 00:00:00+00:00
[2024-07-04T09:58:34.207+0000] {processor.py:183} INFO - Processing /home/airflow/.local/lib/python3.12/site-packages/airflow/example_dags/example_xcom.py took 0.072 seconds
[2024-07-04T09:59:04.498+0000] {processor.py:161} INFO - Started process (PID=2844) to work on /home/airflow/.local/lib/python3.12/site-packages/airflow/example_dags/example_xcom.py
[2024-07-04T09:59:04.500+0000] {processor.py:830} INFO - Processing file /home/airflow/.local/lib/python3.12/site-packages/airflow/example_dags/example_xcom.py for tasks to queue
[2024-07-04T09:59:04.502+0000] {logging_mixin.py:188} INFO - [2024-07-04T09:59:04.501+0000] {dagbag.py:545} INFO - Filling up the DagBag from /home/airflow/.local/lib/python3.12/site-packages/airflow/example_dags/example_xcom.py
[2024-07-04T09:59:04.510+0000] {processor.py:840} INFO - DAG(s) 'example_xcom' retrieved from /home/airflow/.local/lib/python3.12/site-packages/airflow/example_dags/example_xcom.py
[2024-07-04T09:59:04.537+0000] {logging_mixin.py:188} INFO - [2024-07-04T09:59:04.536+0000] {dag.py:3096} INFO - Sync 1 DAGs
[2024-07-04T09:59:04.565+0000] {logging_mixin.py:188} INFO - [2024-07-04T09:59:04.564+0000] {dag.py:3954} INFO - Setting next_dagrun for example_xcom to 2021-01-01 00:00:00+00:00, run_after=2021-01-01 00:00:00+00:00
[2024-07-04T09:59:04.591+0000] {processor.py:183} INFO - Processing /home/airflow/.local/lib/python3.12/site-packages/airflow/example_dags/example_xcom.py took 0.099 seconds
[2024-07-04T09:59:41.932+0000] {processor.py:161} INFO - Started process (PID=2901) to work on /home/airflow/.local/lib/python3.12/site-packages/airflow/example_dags/example_xcom.py
[2024-07-04T09:59:41.936+0000] {processor.py:830} INFO - Processing file /home/airflow/.local/lib/python3.12/site-packages/airflow/example_dags/example_xcom.py for tasks to queue
[2024-07-04T09:59:41.944+0000] {logging_mixin.py:188} INFO - [2024-07-04T09:59:41.943+0000] {dagbag.py:545} INFO - Filling up the DagBag from /home/airflow/.local/lib/python3.12/site-packages/airflow/example_dags/example_xcom.py
[2024-07-04T09:59:41.958+0000] {processor.py:840} INFO - DAG(s) 'example_xcom' retrieved from /home/airflow/.local/lib/python3.12/site-packages/airflow/example_dags/example_xcom.py
[2024-07-04T09:59:42.020+0000] {logging_mixin.py:188} INFO - [2024-07-04T09:59:42.020+0000] {dag.py:3096} INFO - Sync 1 DAGs
[2024-07-04T09:59:42.099+0000] {logging_mixin.py:188} INFO - [2024-07-04T09:59:42.098+0000] {dag.py:3954} INFO - Setting next_dagrun for example_xcom to 2021-01-01 00:00:00+00:00, run_after=2021-01-01 00:00:00+00:00
[2024-07-04T09:59:42.151+0000] {processor.py:183} INFO - Processing /home/airflow/.local/lib/python3.12/site-packages/airflow/example_dags/example_xcom.py took 0.233 seconds
[2024-07-04T10:00:14.095+0000] {processor.py:161} INFO - Started process (PID=2960) to work on /home/airflow/.local/lib/python3.12/site-packages/airflow/example_dags/example_xcom.py
[2024-07-04T10:00:14.103+0000] {processor.py:830} INFO - Processing file /home/airflow/.local/lib/python3.12/site-packages/airflow/example_dags/example_xcom.py for tasks to queue
[2024-07-04T10:00:14.110+0000] {logging_mixin.py:188} INFO - [2024-07-04T10:00:14.107+0000] {dagbag.py:545} INFO - Filling up the DagBag from /home/airflow/.local/lib/python3.12/site-packages/airflow/example_dags/example_xcom.py
[2024-07-04T10:00:14.127+0000] {processor.py:840} INFO - DAG(s) 'example_xcom' retrieved from /home/airflow/.local/lib/python3.12/site-packages/airflow/example_dags/example_xcom.py
[2024-07-04T10:00:14.223+0000] {logging_mixin.py:188} INFO - [2024-07-04T10:00:14.222+0000] {dag.py:3096} INFO - Sync 1 DAGs
[2024-07-04T10:00:14.314+0000] {logging_mixin.py:188} INFO - [2024-07-04T10:00:14.314+0000] {dag.py:3954} INFO - Setting next_dagrun for example_xcom to 2021-01-01 00:00:00+00:00, run_after=2021-01-01 00:00:00+00:00
[2024-07-04T10:00:14.395+0000] {processor.py:183} INFO - Processing /home/airflow/.local/lib/python3.12/site-packages/airflow/example_dags/example_xcom.py took 0.324 seconds
[2024-07-04T10:00:45.472+0000] {processor.py:161} INFO - Started process (PID=3027) to work on /home/airflow/.local/lib/python3.12/site-packages/airflow/example_dags/example_xcom.py
[2024-07-04T10:00:45.473+0000] {processor.py:830} INFO - Processing file /home/airflow/.local/lib/python3.12/site-packages/airflow/example_dags/example_xcom.py for tasks to queue
[2024-07-04T10:00:45.475+0000] {logging_mixin.py:188} INFO - [2024-07-04T10:00:45.475+0000] {dagbag.py:545} INFO - Filling up the DagBag from /home/airflow/.local/lib/python3.12/site-packages/airflow/example_dags/example_xcom.py
[2024-07-04T10:00:45.485+0000] {processor.py:840} INFO - DAG(s) 'example_xcom' retrieved from /home/airflow/.local/lib/python3.12/site-packages/airflow/example_dags/example_xcom.py
[2024-07-04T10:00:45.533+0000] {logging_mixin.py:188} INFO - [2024-07-04T10:00:45.533+0000] {dag.py:3096} INFO - Sync 1 DAGs
[2024-07-04T10:00:45.576+0000] {logging_mixin.py:188} INFO - [2024-07-04T10:00:45.575+0000] {dag.py:3954} INFO - Setting next_dagrun for example_xcom to 2021-01-01 00:00:00+00:00, run_after=2021-01-01 00:00:00+00:00
[2024-07-04T10:00:45.618+0000] {processor.py:183} INFO - Processing /home/airflow/.local/lib/python3.12/site-packages/airflow/example_dags/example_xcom.py took 0.152 seconds
[2024-07-04T10:01:16.294+0000] {processor.py:161} INFO - Started process (PID=3086) to work on /home/airflow/.local/lib/python3.12/site-packages/airflow/example_dags/example_xcom.py
[2024-07-04T10:01:16.296+0000] {processor.py:830} INFO - Processing file /home/airflow/.local/lib/python3.12/site-packages/airflow/example_dags/example_xcom.py for tasks to queue
[2024-07-04T10:01:16.298+0000] {logging_mixin.py:188} INFO - [2024-07-04T10:01:16.297+0000] {dagbag.py:545} INFO - Filling up the DagBag from /home/airflow/.local/lib/python3.12/site-packages/airflow/example_dags/example_xcom.py
[2024-07-04T10:01:16.310+0000] {processor.py:840} INFO - DAG(s) 'example_xcom' retrieved from /home/airflow/.local/lib/python3.12/site-packages/airflow/example_dags/example_xcom.py
[2024-07-04T10:01:16.330+0000] {logging_mixin.py:188} INFO - [2024-07-04T10:01:16.330+0000] {dag.py:3096} INFO - Sync 1 DAGs
[2024-07-04T10:01:16.413+0000] {logging_mixin.py:188} INFO - [2024-07-04T10:01:16.412+0000] {dag.py:3954} INFO - Setting next_dagrun for example_xcom to 2021-01-01 00:00:00+00:00, run_after=2021-01-01 00:00:00+00:00
[2024-07-04T10:01:16.476+0000] {processor.py:183} INFO - Processing /home/airflow/.local/lib/python3.12/site-packages/airflow/example_dags/example_xcom.py took 0.187 seconds
[2024-07-04T10:01:47.451+0000] {processor.py:161} INFO - Started process (PID=3146) to work on /home/airflow/.local/lib/python3.12/site-packages/airflow/example_dags/example_xcom.py
[2024-07-04T10:01:47.452+0000] {processor.py:830} INFO - Processing file /home/airflow/.local/lib/python3.12/site-packages/airflow/example_dags/example_xcom.py for tasks to queue
[2024-07-04T10:01:47.454+0000] {logging_mixin.py:188} INFO - [2024-07-04T10:01:47.454+0000] {dagbag.py:545} INFO - Filling up the DagBag from /home/airflow/.local/lib/python3.12/site-packages/airflow/example_dags/example_xcom.py
[2024-07-04T10:01:47.462+0000] {processor.py:840} INFO - DAG(s) 'example_xcom' retrieved from /home/airflow/.local/lib/python3.12/site-packages/airflow/example_dags/example_xcom.py
[2024-07-04T10:01:47.483+0000] {logging_mixin.py:188} INFO - [2024-07-04T10:01:47.482+0000] {dag.py:3096} INFO - Sync 1 DAGs
[2024-07-04T10:01:47.507+0000] {logging_mixin.py:188} INFO - [2024-07-04T10:01:47.506+0000] {dag.py:3954} INFO - Setting next_dagrun for example_xcom to 2021-01-01 00:00:00+00:00, run_after=2021-01-01 00:00:00+00:00
[2024-07-04T10:01:47.526+0000] {processor.py:183} INFO - Processing /home/airflow/.local/lib/python3.12/site-packages/airflow/example_dags/example_xcom.py took 0.081 seconds
[2024-07-04T10:02:17.777+0000] {processor.py:161} INFO - Started process (PID=3204) to work on /home/airflow/.local/lib/python3.12/site-packages/airflow/example_dags/example_xcom.py
[2024-07-04T10:02:17.778+0000] {processor.py:830} INFO - Processing file /home/airflow/.local/lib/python3.12/site-packages/airflow/example_dags/example_xcom.py for tasks to queue
[2024-07-04T10:02:17.781+0000] {logging_mixin.py:188} INFO - [2024-07-04T10:02:17.781+0000] {dagbag.py:545} INFO - Filling up the DagBag from /home/airflow/.local/lib/python3.12/site-packages/airflow/example_dags/example_xcom.py
[2024-07-04T10:02:17.791+0000] {processor.py:840} INFO - DAG(s) 'example_xcom' retrieved from /home/airflow/.local/lib/python3.12/site-packages/airflow/example_dags/example_xcom.py
[2024-07-04T10:02:17.816+0000] {logging_mixin.py:188} INFO - [2024-07-04T10:02:17.816+0000] {dag.py:3096} INFO - Sync 1 DAGs
[2024-07-04T10:02:17.850+0000] {logging_mixin.py:188} INFO - [2024-07-04T10:02:17.849+0000] {dag.py:3954} INFO - Setting next_dagrun for example_xcom to 2021-01-01 00:00:00+00:00, run_after=2021-01-01 00:00:00+00:00
[2024-07-04T10:02:17.888+0000] {processor.py:183} INFO - Processing /home/airflow/.local/lib/python3.12/site-packages/airflow/example_dags/example_xcom.py took 0.116 seconds
[2024-07-04T10:02:48.091+0000] {processor.py:161} INFO - Started process (PID=3264) to work on /home/airflow/.local/lib/python3.12/site-packages/airflow/example_dags/example_xcom.py
[2024-07-04T10:02:48.097+0000] {processor.py:830} INFO - Processing file /home/airflow/.local/lib/python3.12/site-packages/airflow/example_dags/example_xcom.py for tasks to queue
[2024-07-04T10:02:48.100+0000] {logging_mixin.py:188} INFO - [2024-07-04T10:02:48.100+0000] {dagbag.py:545} INFO - Filling up the DagBag from /home/airflow/.local/lib/python3.12/site-packages/airflow/example_dags/example_xcom.py
[2024-07-04T10:02:48.126+0000] {processor.py:840} INFO - DAG(s) 'example_xcom' retrieved from /home/airflow/.local/lib/python3.12/site-packages/airflow/example_dags/example_xcom.py
[2024-07-04T10:02:48.221+0000] {logging_mixin.py:188} INFO - [2024-07-04T10:02:48.220+0000] {dag.py:3096} INFO - Sync 1 DAGs
[2024-07-04T10:02:48.275+0000] {logging_mixin.py:188} INFO - [2024-07-04T10:02:48.274+0000] {dag.py:3954} INFO - Setting next_dagrun for example_xcom to 2021-01-01 00:00:00+00:00, run_after=2021-01-01 00:00:00+00:00
[2024-07-04T10:02:48.412+0000] {processor.py:183} INFO - Processing /home/airflow/.local/lib/python3.12/site-packages/airflow/example_dags/example_xcom.py took 0.340 seconds
[2024-07-04T10:03:19.042+0000] {processor.py:161} INFO - Started process (PID=3324) to work on /home/airflow/.local/lib/python3.12/site-packages/airflow/example_dags/example_xcom.py
[2024-07-04T10:03:19.044+0000] {processor.py:830} INFO - Processing file /home/airflow/.local/lib/python3.12/site-packages/airflow/example_dags/example_xcom.py for tasks to queue
[2024-07-04T10:03:19.051+0000] {logging_mixin.py:188} INFO - [2024-07-04T10:03:19.051+0000] {dagbag.py:545} INFO - Filling up the DagBag from /home/airflow/.local/lib/python3.12/site-packages/airflow/example_dags/example_xcom.py
[2024-07-04T10:03:19.061+0000] {processor.py:840} INFO - DAG(s) 'example_xcom' retrieved from /home/airflow/.local/lib/python3.12/site-packages/airflow/example_dags/example_xcom.py
[2024-07-04T10:03:19.088+0000] {logging_mixin.py:188} INFO - [2024-07-04T10:03:19.087+0000] {dag.py:3096} INFO - Sync 1 DAGs
[2024-07-04T10:03:19.116+0000] {logging_mixin.py:188} INFO - [2024-07-04T10:03:19.115+0000] {dag.py:3954} INFO - Setting next_dagrun for example_xcom to 2021-01-01 00:00:00+00:00, run_after=2021-01-01 00:00:00+00:00
[2024-07-04T10:03:19.139+0000] {processor.py:183} INFO - Processing /home/airflow/.local/lib/python3.12/site-packages/airflow/example_dags/example_xcom.py took 0.114 seconds
[2024-07-04T10:03:49.960+0000] {processor.py:161} INFO - Started process (PID=3383) to work on /home/airflow/.local/lib/python3.12/site-packages/airflow/example_dags/example_xcom.py
[2024-07-04T10:03:49.975+0000] {processor.py:830} INFO - Processing file /home/airflow/.local/lib/python3.12/site-packages/airflow/example_dags/example_xcom.py for tasks to queue
[2024-07-04T10:03:49.980+0000] {logging_mixin.py:188} INFO - [2024-07-04T10:03:49.979+0000] {dagbag.py:545} INFO - Filling up the DagBag from /home/airflow/.local/lib/python3.12/site-packages/airflow/example_dags/example_xcom.py
[2024-07-04T10:03:49.996+0000] {processor.py:840} INFO - DAG(s) 'example_xcom' retrieved from /home/airflow/.local/lib/python3.12/site-packages/airflow/example_dags/example_xcom.py
[2024-07-04T10:03:50.042+0000] {logging_mixin.py:188} INFO - [2024-07-04T10:03:50.041+0000] {dag.py:3096} INFO - Sync 1 DAGs
[2024-07-04T10:03:50.127+0000] {logging_mixin.py:188} INFO - [2024-07-04T10:03:50.127+0000] {dag.py:3954} INFO - Setting next_dagrun for example_xcom to 2021-01-01 00:00:00+00:00, run_after=2021-01-01 00:00:00+00:00
[2024-07-04T10:03:50.164+0000] {processor.py:183} INFO - Processing /home/airflow/.local/lib/python3.12/site-packages/airflow/example_dags/example_xcom.py took 0.212 seconds
