[2024-07-04T09:34:45.336+0000] {processor.py:161} INFO - Started process (PID=44) to work on /home/airflow/.local/lib/python3.12/site-packages/airflow/example_dags/example_nested_branch_dag.py
[2024-07-04T09:34:45.361+0000] {processor.py:830} INFO - Processing file /home/airflow/.local/lib/python3.12/site-packages/airflow/example_dags/example_nested_branch_dag.py for tasks to queue
[2024-07-04T09:34:45.374+0000] {logging_mixin.py:188} INFO - [2024-07-04T09:34:45.374+0000] {dagbag.py:545} INFO - Filling up the DagBag from /home/airflow/.local/lib/python3.12/site-packages/airflow/example_dags/example_nested_branch_dag.py
[2024-07-04T09:34:45.544+0000] {processor.py:840} INFO - DAG(s) 'example_nested_branch_dag' retrieved from /home/airflow/.local/lib/python3.12/site-packages/airflow/example_dags/example_nested_branch_dag.py
[2024-07-04T09:34:46.239+0000] {logging_mixin.py:188} INFO - [2024-07-04T09:34:46.239+0000] {dag.py:3096} INFO - Sync 1 DAGs
[2024-07-04T09:34:46.449+0000] {logging_mixin.py:188} INFO - [2024-07-04T09:34:46.448+0000] {dag.py:3954} INFO - Setting next_dagrun for example_nested_branch_dag to 2024-07-03 00:00:00+00:00, run_after=2024-07-04 00:00:00+00:00
[2024-07-04T09:34:46.596+0000] {processor.py:183} INFO - Processing /home/airflow/.local/lib/python3.12/site-packages/airflow/example_dags/example_nested_branch_dag.py took 1.319 seconds
[2024-07-04T09:35:16.730+0000] {processor.py:161} INFO - Started process (PID=102) to work on /home/airflow/.local/lib/python3.12/site-packages/airflow/example_dags/example_nested_branch_dag.py
[2024-07-04T09:35:16.731+0000] {processor.py:830} INFO - Processing file /home/airflow/.local/lib/python3.12/site-packages/airflow/example_dags/example_nested_branch_dag.py for tasks to queue
[2024-07-04T09:35:16.733+0000] {logging_mixin.py:188} INFO - [2024-07-04T09:35:16.733+0000] {dagbag.py:545} INFO - Filling up the DagBag from /home/airflow/.local/lib/python3.12/site-packages/airflow/example_dags/example_nested_branch_dag.py
[2024-07-04T09:35:16.742+0000] {processor.py:840} INFO - DAG(s) 'example_nested_branch_dag' retrieved from /home/airflow/.local/lib/python3.12/site-packages/airflow/example_dags/example_nested_branch_dag.py
[2024-07-04T09:35:16.764+0000] {logging_mixin.py:188} INFO - [2024-07-04T09:35:16.764+0000] {dag.py:3096} INFO - Sync 1 DAGs
[2024-07-04T09:35:16.784+0000] {logging_mixin.py:188} INFO - [2024-07-04T09:35:16.784+0000] {dag.py:3954} INFO - Setting next_dagrun for example_nested_branch_dag to 2024-07-03 00:00:00+00:00, run_after=2024-07-04 00:00:00+00:00
[2024-07-04T09:35:16.805+0000] {processor.py:183} INFO - Processing /home/airflow/.local/lib/python3.12/site-packages/airflow/example_dags/example_nested_branch_dag.py took 0.079 seconds
[2024-07-04T09:35:47.330+0000] {processor.py:161} INFO - Started process (PID=159) to work on /home/airflow/.local/lib/python3.12/site-packages/airflow/example_dags/example_nested_branch_dag.py
[2024-07-04T09:35:47.332+0000] {processor.py:830} INFO - Processing file /home/airflow/.local/lib/python3.12/site-packages/airflow/example_dags/example_nested_branch_dag.py for tasks to queue
[2024-07-04T09:35:47.344+0000] {logging_mixin.py:188} INFO - [2024-07-04T09:35:47.341+0000] {dagbag.py:545} INFO - Filling up the DagBag from /home/airflow/.local/lib/python3.12/site-packages/airflow/example_dags/example_nested_branch_dag.py
[2024-07-04T09:35:47.447+0000] {processor.py:840} INFO - DAG(s) 'example_nested_branch_dag' retrieved from /home/airflow/.local/lib/python3.12/site-packages/airflow/example_dags/example_nested_branch_dag.py
[2024-07-04T09:35:47.494+0000] {logging_mixin.py:188} INFO - [2024-07-04T09:35:47.493+0000] {dag.py:3096} INFO - Sync 1 DAGs
[2024-07-04T09:35:47.536+0000] {logging_mixin.py:188} INFO - [2024-07-04T09:35:47.536+0000] {dag.py:3954} INFO - Setting next_dagrun for example_nested_branch_dag to 2024-07-03 00:00:00+00:00, run_after=2024-07-04 00:00:00+00:00
[2024-07-04T09:35:47.593+0000] {processor.py:183} INFO - Processing /home/airflow/.local/lib/python3.12/site-packages/airflow/example_dags/example_nested_branch_dag.py took 0.277 seconds
[2024-07-04T09:36:22.165+0000] {processor.py:161} INFO - Started process (PID=218) to work on /home/airflow/.local/lib/python3.12/site-packages/airflow/example_dags/example_nested_branch_dag.py
[2024-07-04T09:36:22.218+0000] {processor.py:830} INFO - Processing file /home/airflow/.local/lib/python3.12/site-packages/airflow/example_dags/example_nested_branch_dag.py for tasks to queue
[2024-07-04T09:36:22.241+0000] {logging_mixin.py:188} INFO - [2024-07-04T09:36:22.240+0000] {dagbag.py:545} INFO - Filling up the DagBag from /home/airflow/.local/lib/python3.12/site-packages/airflow/example_dags/example_nested_branch_dag.py
[2024-07-04T09:36:22.289+0000] {processor.py:840} INFO - DAG(s) 'example_nested_branch_dag' retrieved from /home/airflow/.local/lib/python3.12/site-packages/airflow/example_dags/example_nested_branch_dag.py
[2024-07-04T09:36:23.125+0000] {logging_mixin.py:188} INFO - [2024-07-04T09:36:23.124+0000] {dag.py:3096} INFO - Sync 1 DAGs
[2024-07-04T09:36:23.352+0000] {logging_mixin.py:188} INFO - [2024-07-04T09:36:23.352+0000] {dag.py:3954} INFO - Setting next_dagrun for example_nested_branch_dag to 2024-07-03 00:00:00+00:00, run_after=2024-07-04 00:00:00+00:00
[2024-07-04T09:36:23.422+0000] {processor.py:183} INFO - Processing /home/airflow/.local/lib/python3.12/site-packages/airflow/example_dags/example_nested_branch_dag.py took 1.270 seconds
[2024-07-04T09:36:54.329+0000] {processor.py:161} INFO - Started process (PID=278) to work on /home/airflow/.local/lib/python3.12/site-packages/airflow/example_dags/example_nested_branch_dag.py
[2024-07-04T09:36:54.331+0000] {processor.py:830} INFO - Processing file /home/airflow/.local/lib/python3.12/site-packages/airflow/example_dags/example_nested_branch_dag.py for tasks to queue
[2024-07-04T09:36:54.333+0000] {logging_mixin.py:188} INFO - [2024-07-04T09:36:54.332+0000] {dagbag.py:545} INFO - Filling up the DagBag from /home/airflow/.local/lib/python3.12/site-packages/airflow/example_dags/example_nested_branch_dag.py
[2024-07-04T09:36:54.344+0000] {processor.py:840} INFO - DAG(s) 'example_nested_branch_dag' retrieved from /home/airflow/.local/lib/python3.12/site-packages/airflow/example_dags/example_nested_branch_dag.py
[2024-07-04T09:36:54.374+0000] {logging_mixin.py:188} INFO - [2024-07-04T09:36:54.373+0000] {dag.py:3096} INFO - Sync 1 DAGs
[2024-07-04T09:36:54.404+0000] {logging_mixin.py:188} INFO - [2024-07-04T09:36:54.404+0000] {dag.py:3954} INFO - Setting next_dagrun for example_nested_branch_dag to 2024-07-03 00:00:00+00:00, run_after=2024-07-04 00:00:00+00:00
[2024-07-04T09:36:54.431+0000] {processor.py:183} INFO - Processing /home/airflow/.local/lib/python3.12/site-packages/airflow/example_dags/example_nested_branch_dag.py took 0.108 seconds
[2024-07-04T09:37:24.551+0000] {processor.py:161} INFO - Started process (PID=337) to work on /home/airflow/.local/lib/python3.12/site-packages/airflow/example_dags/example_nested_branch_dag.py
[2024-07-04T09:37:24.552+0000] {processor.py:830} INFO - Processing file /home/airflow/.local/lib/python3.12/site-packages/airflow/example_dags/example_nested_branch_dag.py for tasks to queue
[2024-07-04T09:37:24.554+0000] {logging_mixin.py:188} INFO - [2024-07-04T09:37:24.554+0000] {dagbag.py:545} INFO - Filling up the DagBag from /home/airflow/.local/lib/python3.12/site-packages/airflow/example_dags/example_nested_branch_dag.py
[2024-07-04T09:37:24.565+0000] {processor.py:840} INFO - DAG(s) 'example_nested_branch_dag' retrieved from /home/airflow/.local/lib/python3.12/site-packages/airflow/example_dags/example_nested_branch_dag.py
[2024-07-04T09:37:24.584+0000] {logging_mixin.py:188} INFO - [2024-07-04T09:37:24.584+0000] {dag.py:3096} INFO - Sync 1 DAGs
[2024-07-04T09:37:24.603+0000] {logging_mixin.py:188} INFO - [2024-07-04T09:37:24.603+0000] {dag.py:3954} INFO - Setting next_dagrun for example_nested_branch_dag to 2024-07-03 00:00:00+00:00, run_after=2024-07-04 00:00:00+00:00
[2024-07-04T09:37:24.620+0000] {processor.py:183} INFO - Processing /home/airflow/.local/lib/python3.12/site-packages/airflow/example_dags/example_nested_branch_dag.py took 0.075 seconds
[2024-07-04T09:37:54.973+0000] {processor.py:161} INFO - Started process (PID=396) to work on /home/airflow/.local/lib/python3.12/site-packages/airflow/example_dags/example_nested_branch_dag.py
[2024-07-04T09:37:54.976+0000] {processor.py:830} INFO - Processing file /home/airflow/.local/lib/python3.12/site-packages/airflow/example_dags/example_nested_branch_dag.py for tasks to queue
[2024-07-04T09:37:54.985+0000] {logging_mixin.py:188} INFO - [2024-07-04T09:37:54.985+0000] {dagbag.py:545} INFO - Filling up the DagBag from /home/airflow/.local/lib/python3.12/site-packages/airflow/example_dags/example_nested_branch_dag.py
[2024-07-04T09:37:55.012+0000] {processor.py:840} INFO - DAG(s) 'example_nested_branch_dag' retrieved from /home/airflow/.local/lib/python3.12/site-packages/airflow/example_dags/example_nested_branch_dag.py
[2024-07-04T09:37:55.049+0000] {logging_mixin.py:188} INFO - [2024-07-04T09:37:55.048+0000] {dag.py:3096} INFO - Sync 1 DAGs
[2024-07-04T09:37:55.071+0000] {logging_mixin.py:188} INFO - [2024-07-04T09:37:55.070+0000] {dag.py:3954} INFO - Setting next_dagrun for example_nested_branch_dag to 2024-07-03 00:00:00+00:00, run_after=2024-07-04 00:00:00+00:00
[2024-07-04T09:37:55.092+0000] {processor.py:183} INFO - Processing /home/airflow/.local/lib/python3.12/site-packages/airflow/example_dags/example_nested_branch_dag.py took 0.129 seconds
[2024-07-04T09:38:25.383+0000] {processor.py:161} INFO - Started process (PID=455) to work on /home/airflow/.local/lib/python3.12/site-packages/airflow/example_dags/example_nested_branch_dag.py
[2024-07-04T09:38:25.384+0000] {processor.py:830} INFO - Processing file /home/airflow/.local/lib/python3.12/site-packages/airflow/example_dags/example_nested_branch_dag.py for tasks to queue
[2024-07-04T09:38:25.386+0000] {logging_mixin.py:188} INFO - [2024-07-04T09:38:25.386+0000] {dagbag.py:545} INFO - Filling up the DagBag from /home/airflow/.local/lib/python3.12/site-packages/airflow/example_dags/example_nested_branch_dag.py
[2024-07-04T09:38:25.397+0000] {processor.py:840} INFO - DAG(s) 'example_nested_branch_dag' retrieved from /home/airflow/.local/lib/python3.12/site-packages/airflow/example_dags/example_nested_branch_dag.py
[2024-07-04T09:38:25.426+0000] {logging_mixin.py:188} INFO - [2024-07-04T09:38:25.426+0000] {dag.py:3096} INFO - Sync 1 DAGs
[2024-07-04T09:38:25.455+0000] {logging_mixin.py:188} INFO - [2024-07-04T09:38:25.454+0000] {dag.py:3954} INFO - Setting next_dagrun for example_nested_branch_dag to 2024-07-03 00:00:00+00:00, run_after=2024-07-04 00:00:00+00:00
[2024-07-04T09:38:25.477+0000] {processor.py:183} INFO - Processing /home/airflow/.local/lib/python3.12/site-packages/airflow/example_dags/example_nested_branch_dag.py took 0.100 seconds
[2024-07-04T09:38:55.562+0000] {processor.py:161} INFO - Started process (PID=515) to work on /home/airflow/.local/lib/python3.12/site-packages/airflow/example_dags/example_nested_branch_dag.py
[2024-07-04T09:38:55.563+0000] {processor.py:830} INFO - Processing file /home/airflow/.local/lib/python3.12/site-packages/airflow/example_dags/example_nested_branch_dag.py for tasks to queue
[2024-07-04T09:38:55.565+0000] {logging_mixin.py:188} INFO - [2024-07-04T09:38:55.565+0000] {dagbag.py:545} INFO - Filling up the DagBag from /home/airflow/.local/lib/python3.12/site-packages/airflow/example_dags/example_nested_branch_dag.py
[2024-07-04T09:38:55.576+0000] {processor.py:840} INFO - DAG(s) 'example_nested_branch_dag' retrieved from /home/airflow/.local/lib/python3.12/site-packages/airflow/example_dags/example_nested_branch_dag.py
[2024-07-04T09:38:55.597+0000] {logging_mixin.py:188} INFO - [2024-07-04T09:38:55.597+0000] {dag.py:3096} INFO - Sync 1 DAGs
[2024-07-04T09:38:55.620+0000] {logging_mixin.py:188} INFO - [2024-07-04T09:38:55.619+0000] {dag.py:3954} INFO - Setting next_dagrun for example_nested_branch_dag to 2024-07-03 00:00:00+00:00, run_after=2024-07-04 00:00:00+00:00
[2024-07-04T09:38:55.642+0000] {processor.py:183} INFO - Processing /home/airflow/.local/lib/python3.12/site-packages/airflow/example_dags/example_nested_branch_dag.py took 0.088 seconds
[2024-07-04T09:39:26.185+0000] {processor.py:161} INFO - Started process (PID=574) to work on /home/airflow/.local/lib/python3.12/site-packages/airflow/example_dags/example_nested_branch_dag.py
[2024-07-04T09:39:26.187+0000] {processor.py:830} INFO - Processing file /home/airflow/.local/lib/python3.12/site-packages/airflow/example_dags/example_nested_branch_dag.py for tasks to queue
[2024-07-04T09:39:26.189+0000] {logging_mixin.py:188} INFO - [2024-07-04T09:39:26.189+0000] {dagbag.py:545} INFO - Filling up the DagBag from /home/airflow/.local/lib/python3.12/site-packages/airflow/example_dags/example_nested_branch_dag.py
[2024-07-04T09:39:26.199+0000] {processor.py:840} INFO - DAG(s) 'example_nested_branch_dag' retrieved from /home/airflow/.local/lib/python3.12/site-packages/airflow/example_dags/example_nested_branch_dag.py
[2024-07-04T09:39:26.218+0000] {logging_mixin.py:188} INFO - [2024-07-04T09:39:26.217+0000] {dag.py:3096} INFO - Sync 1 DAGs
[2024-07-04T09:39:26.238+0000] {logging_mixin.py:188} INFO - [2024-07-04T09:39:26.238+0000] {dag.py:3954} INFO - Setting next_dagrun for example_nested_branch_dag to 2024-07-03 00:00:00+00:00, run_after=2024-07-04 00:00:00+00:00
[2024-07-04T09:39:26.258+0000] {processor.py:183} INFO - Processing /home/airflow/.local/lib/python3.12/site-packages/airflow/example_dags/example_nested_branch_dag.py took 0.078 seconds
[2024-07-04T09:39:56.383+0000] {processor.py:161} INFO - Started process (PID=633) to work on /home/airflow/.local/lib/python3.12/site-packages/airflow/example_dags/example_nested_branch_dag.py
[2024-07-04T09:39:56.384+0000] {processor.py:830} INFO - Processing file /home/airflow/.local/lib/python3.12/site-packages/airflow/example_dags/example_nested_branch_dag.py for tasks to queue
[2024-07-04T09:39:56.386+0000] {logging_mixin.py:188} INFO - [2024-07-04T09:39:56.385+0000] {dagbag.py:545} INFO - Filling up the DagBag from /home/airflow/.local/lib/python3.12/site-packages/airflow/example_dags/example_nested_branch_dag.py
[2024-07-04T09:39:56.394+0000] {processor.py:840} INFO - DAG(s) 'example_nested_branch_dag' retrieved from /home/airflow/.local/lib/python3.12/site-packages/airflow/example_dags/example_nested_branch_dag.py
[2024-07-04T09:39:56.418+0000] {logging_mixin.py:188} INFO - [2024-07-04T09:39:56.418+0000] {dag.py:3096} INFO - Sync 1 DAGs
[2024-07-04T09:39:56.439+0000] {logging_mixin.py:188} INFO - [2024-07-04T09:39:56.439+0000] {dag.py:3954} INFO - Setting next_dagrun for example_nested_branch_dag to 2024-07-03 00:00:00+00:00, run_after=2024-07-04 00:00:00+00:00
[2024-07-04T09:39:56.461+0000] {processor.py:183} INFO - Processing /home/airflow/.local/lib/python3.12/site-packages/airflow/example_dags/example_nested_branch_dag.py took 0.083 seconds
[2024-07-04T09:40:26.522+0000] {processor.py:161} INFO - Started process (PID=692) to work on /home/airflow/.local/lib/python3.12/site-packages/airflow/example_dags/example_nested_branch_dag.py
[2024-07-04T09:40:26.523+0000] {processor.py:830} INFO - Processing file /home/airflow/.local/lib/python3.12/site-packages/airflow/example_dags/example_nested_branch_dag.py for tasks to queue
[2024-07-04T09:40:26.526+0000] {logging_mixin.py:188} INFO - [2024-07-04T09:40:26.525+0000] {dagbag.py:545} INFO - Filling up the DagBag from /home/airflow/.local/lib/python3.12/site-packages/airflow/example_dags/example_nested_branch_dag.py
[2024-07-04T09:40:26.535+0000] {processor.py:840} INFO - DAG(s) 'example_nested_branch_dag' retrieved from /home/airflow/.local/lib/python3.12/site-packages/airflow/example_dags/example_nested_branch_dag.py
[2024-07-04T09:40:26.554+0000] {logging_mixin.py:188} INFO - [2024-07-04T09:40:26.554+0000] {dag.py:3096} INFO - Sync 1 DAGs
[2024-07-04T09:40:26.574+0000] {logging_mixin.py:188} INFO - [2024-07-04T09:40:26.574+0000] {dag.py:3954} INFO - Setting next_dagrun for example_nested_branch_dag to 2024-07-03 00:00:00+00:00, run_after=2024-07-04 00:00:00+00:00
[2024-07-04T09:40:26.598+0000] {processor.py:183} INFO - Processing /home/airflow/.local/lib/python3.12/site-packages/airflow/example_dags/example_nested_branch_dag.py took 0.081 seconds
[2024-07-04T09:40:56.770+0000] {processor.py:161} INFO - Started process (PID=751) to work on /home/airflow/.local/lib/python3.12/site-packages/airflow/example_dags/example_nested_branch_dag.py
[2024-07-04T09:40:56.772+0000] {processor.py:830} INFO - Processing file /home/airflow/.local/lib/python3.12/site-packages/airflow/example_dags/example_nested_branch_dag.py for tasks to queue
[2024-07-04T09:40:56.774+0000] {logging_mixin.py:188} INFO - [2024-07-04T09:40:56.774+0000] {dagbag.py:545} INFO - Filling up the DagBag from /home/airflow/.local/lib/python3.12/site-packages/airflow/example_dags/example_nested_branch_dag.py
[2024-07-04T09:40:56.785+0000] {processor.py:840} INFO - DAG(s) 'example_nested_branch_dag' retrieved from /home/airflow/.local/lib/python3.12/site-packages/airflow/example_dags/example_nested_branch_dag.py
[2024-07-04T09:40:56.813+0000] {logging_mixin.py:188} INFO - [2024-07-04T09:40:56.813+0000] {dag.py:3096} INFO - Sync 1 DAGs
[2024-07-04T09:40:56.851+0000] {logging_mixin.py:188} INFO - [2024-07-04T09:40:56.851+0000] {dag.py:3954} INFO - Setting next_dagrun for example_nested_branch_dag to 2024-07-03 00:00:00+00:00, run_after=2024-07-04 00:00:00+00:00
[2024-07-04T09:40:56.904+0000] {processor.py:183} INFO - Processing /home/airflow/.local/lib/python3.12/site-packages/airflow/example_dags/example_nested_branch_dag.py took 0.144 seconds
[2024-07-04T09:41:27.010+0000] {processor.py:161} INFO - Started process (PID=810) to work on /home/airflow/.local/lib/python3.12/site-packages/airflow/example_dags/example_nested_branch_dag.py
[2024-07-04T09:41:27.011+0000] {processor.py:830} INFO - Processing file /home/airflow/.local/lib/python3.12/site-packages/airflow/example_dags/example_nested_branch_dag.py for tasks to queue
[2024-07-04T09:41:27.017+0000] {logging_mixin.py:188} INFO - [2024-07-04T09:41:27.016+0000] {dagbag.py:545} INFO - Filling up the DagBag from /home/airflow/.local/lib/python3.12/site-packages/airflow/example_dags/example_nested_branch_dag.py
[2024-07-04T09:41:27.027+0000] {processor.py:840} INFO - DAG(s) 'example_nested_branch_dag' retrieved from /home/airflow/.local/lib/python3.12/site-packages/airflow/example_dags/example_nested_branch_dag.py
[2024-07-04T09:41:27.048+0000] {logging_mixin.py:188} INFO - [2024-07-04T09:41:27.048+0000] {dag.py:3096} INFO - Sync 1 DAGs
[2024-07-04T09:41:27.073+0000] {logging_mixin.py:188} INFO - [2024-07-04T09:41:27.073+0000] {dag.py:3954} INFO - Setting next_dagrun for example_nested_branch_dag to 2024-07-03 00:00:00+00:00, run_after=2024-07-04 00:00:00+00:00
[2024-07-04T09:41:27.094+0000] {processor.py:183} INFO - Processing /home/airflow/.local/lib/python3.12/site-packages/airflow/example_dags/example_nested_branch_dag.py took 0.090 seconds
[2024-07-04T09:41:57.205+0000] {processor.py:161} INFO - Started process (PID=869) to work on /home/airflow/.local/lib/python3.12/site-packages/airflow/example_dags/example_nested_branch_dag.py
[2024-07-04T09:41:57.206+0000] {processor.py:830} INFO - Processing file /home/airflow/.local/lib/python3.12/site-packages/airflow/example_dags/example_nested_branch_dag.py for tasks to queue
[2024-07-04T09:41:57.208+0000] {logging_mixin.py:188} INFO - [2024-07-04T09:41:57.207+0000] {dagbag.py:545} INFO - Filling up the DagBag from /home/airflow/.local/lib/python3.12/site-packages/airflow/example_dags/example_nested_branch_dag.py
[2024-07-04T09:41:57.217+0000] {processor.py:840} INFO - DAG(s) 'example_nested_branch_dag' retrieved from /home/airflow/.local/lib/python3.12/site-packages/airflow/example_dags/example_nested_branch_dag.py
[2024-07-04T09:41:57.237+0000] {logging_mixin.py:188} INFO - [2024-07-04T09:41:57.237+0000] {dag.py:3096} INFO - Sync 1 DAGs
[2024-07-04T09:41:57.258+0000] {logging_mixin.py:188} INFO - [2024-07-04T09:41:57.258+0000] {dag.py:3954} INFO - Setting next_dagrun for example_nested_branch_dag to 2024-07-03 00:00:00+00:00, run_after=2024-07-04 00:00:00+00:00
[2024-07-04T09:41:57.279+0000] {processor.py:183} INFO - Processing /home/airflow/.local/lib/python3.12/site-packages/airflow/example_dags/example_nested_branch_dag.py took 0.080 seconds
[2024-07-04T09:42:27.742+0000] {processor.py:161} INFO - Started process (PID=927) to work on /home/airflow/.local/lib/python3.12/site-packages/airflow/example_dags/example_nested_branch_dag.py
[2024-07-04T09:42:27.748+0000] {processor.py:830} INFO - Processing file /home/airflow/.local/lib/python3.12/site-packages/airflow/example_dags/example_nested_branch_dag.py for tasks to queue
[2024-07-04T09:42:27.754+0000] {logging_mixin.py:188} INFO - [2024-07-04T09:42:27.753+0000] {dagbag.py:545} INFO - Filling up the DagBag from /home/airflow/.local/lib/python3.12/site-packages/airflow/example_dags/example_nested_branch_dag.py
[2024-07-04T09:42:27.795+0000] {processor.py:840} INFO - DAG(s) 'example_nested_branch_dag' retrieved from /home/airflow/.local/lib/python3.12/site-packages/airflow/example_dags/example_nested_branch_dag.py
[2024-07-04T09:42:27.853+0000] {logging_mixin.py:188} INFO - [2024-07-04T09:42:27.852+0000] {dag.py:3096} INFO - Sync 1 DAGs
[2024-07-04T09:42:27.887+0000] {logging_mixin.py:188} INFO - [2024-07-04T09:42:27.887+0000] {dag.py:3954} INFO - Setting next_dagrun for example_nested_branch_dag to 2024-07-03 00:00:00+00:00, run_after=2024-07-04 00:00:00+00:00
[2024-07-04T09:42:27.918+0000] {processor.py:183} INFO - Processing /home/airflow/.local/lib/python3.12/site-packages/airflow/example_dags/example_nested_branch_dag.py took 0.194 seconds
[2024-07-04T09:42:58.333+0000] {processor.py:161} INFO - Started process (PID=986) to work on /home/airflow/.local/lib/python3.12/site-packages/airflow/example_dags/example_nested_branch_dag.py
[2024-07-04T09:42:58.336+0000] {processor.py:830} INFO - Processing file /home/airflow/.local/lib/python3.12/site-packages/airflow/example_dags/example_nested_branch_dag.py for tasks to queue
[2024-07-04T09:42:58.339+0000] {logging_mixin.py:188} INFO - [2024-07-04T09:42:58.338+0000] {dagbag.py:545} INFO - Filling up the DagBag from /home/airflow/.local/lib/python3.12/site-packages/airflow/example_dags/example_nested_branch_dag.py
[2024-07-04T09:42:58.350+0000] {processor.py:840} INFO - DAG(s) 'example_nested_branch_dag' retrieved from /home/airflow/.local/lib/python3.12/site-packages/airflow/example_dags/example_nested_branch_dag.py
[2024-07-04T09:42:58.378+0000] {logging_mixin.py:188} INFO - [2024-07-04T09:42:58.378+0000] {dag.py:3096} INFO - Sync 1 DAGs
[2024-07-04T09:42:58.407+0000] {logging_mixin.py:188} INFO - [2024-07-04T09:42:58.407+0000] {dag.py:3954} INFO - Setting next_dagrun for example_nested_branch_dag to 2024-07-03 00:00:00+00:00, run_after=2024-07-04 00:00:00+00:00
[2024-07-04T09:42:58.451+0000] {processor.py:183} INFO - Processing /home/airflow/.local/lib/python3.12/site-packages/airflow/example_dags/example_nested_branch_dag.py took 0.123 seconds
[2024-07-04T09:43:28.494+0000] {processor.py:161} INFO - Started process (PID=1044) to work on /home/airflow/.local/lib/python3.12/site-packages/airflow/example_dags/example_nested_branch_dag.py
[2024-07-04T09:43:28.495+0000] {processor.py:830} INFO - Processing file /home/airflow/.local/lib/python3.12/site-packages/airflow/example_dags/example_nested_branch_dag.py for tasks to queue
[2024-07-04T09:43:28.497+0000] {logging_mixin.py:188} INFO - [2024-07-04T09:43:28.497+0000] {dagbag.py:545} INFO - Filling up the DagBag from /home/airflow/.local/lib/python3.12/site-packages/airflow/example_dags/example_nested_branch_dag.py
[2024-07-04T09:43:28.507+0000] {processor.py:840} INFO - DAG(s) 'example_nested_branch_dag' retrieved from /home/airflow/.local/lib/python3.12/site-packages/airflow/example_dags/example_nested_branch_dag.py
[2024-07-04T09:43:28.525+0000] {logging_mixin.py:188} INFO - [2024-07-04T09:43:28.525+0000] {dag.py:3096} INFO - Sync 1 DAGs
[2024-07-04T09:43:28.554+0000] {logging_mixin.py:188} INFO - [2024-07-04T09:43:28.554+0000] {dag.py:3954} INFO - Setting next_dagrun for example_nested_branch_dag to 2024-07-03 00:00:00+00:00, run_after=2024-07-04 00:00:00+00:00
[2024-07-04T09:43:28.576+0000] {processor.py:183} INFO - Processing /home/airflow/.local/lib/python3.12/site-packages/airflow/example_dags/example_nested_branch_dag.py took 0.088 seconds
[2024-07-04T09:43:58.808+0000] {processor.py:161} INFO - Started process (PID=1103) to work on /home/airflow/.local/lib/python3.12/site-packages/airflow/example_dags/example_nested_branch_dag.py
[2024-07-04T09:43:58.810+0000] {processor.py:830} INFO - Processing file /home/airflow/.local/lib/python3.12/site-packages/airflow/example_dags/example_nested_branch_dag.py for tasks to queue
[2024-07-04T09:43:58.812+0000] {logging_mixin.py:188} INFO - [2024-07-04T09:43:58.811+0000] {dagbag.py:545} INFO - Filling up the DagBag from /home/airflow/.local/lib/python3.12/site-packages/airflow/example_dags/example_nested_branch_dag.py
[2024-07-04T09:43:58.821+0000] {processor.py:840} INFO - DAG(s) 'example_nested_branch_dag' retrieved from /home/airflow/.local/lib/python3.12/site-packages/airflow/example_dags/example_nested_branch_dag.py
[2024-07-04T09:43:58.841+0000] {logging_mixin.py:188} INFO - [2024-07-04T09:43:58.841+0000] {dag.py:3096} INFO - Sync 1 DAGs
[2024-07-04T09:43:58.861+0000] {logging_mixin.py:188} INFO - [2024-07-04T09:43:58.860+0000] {dag.py:3954} INFO - Setting next_dagrun for example_nested_branch_dag to 2024-07-03 00:00:00+00:00, run_after=2024-07-04 00:00:00+00:00
[2024-07-04T09:43:58.882+0000] {processor.py:183} INFO - Processing /home/airflow/.local/lib/python3.12/site-packages/airflow/example_dags/example_nested_branch_dag.py took 0.078 seconds
[2024-07-04T09:44:29.773+0000] {processor.py:161} INFO - Started process (PID=1162) to work on /home/airflow/.local/lib/python3.12/site-packages/airflow/example_dags/example_nested_branch_dag.py
[2024-07-04T09:44:29.774+0000] {processor.py:830} INFO - Processing file /home/airflow/.local/lib/python3.12/site-packages/airflow/example_dags/example_nested_branch_dag.py for tasks to queue
[2024-07-04T09:44:29.776+0000] {logging_mixin.py:188} INFO - [2024-07-04T09:44:29.776+0000] {dagbag.py:545} INFO - Filling up the DagBag from /home/airflow/.local/lib/python3.12/site-packages/airflow/example_dags/example_nested_branch_dag.py
[2024-07-04T09:44:29.793+0000] {processor.py:840} INFO - DAG(s) 'example_nested_branch_dag' retrieved from /home/airflow/.local/lib/python3.12/site-packages/airflow/example_dags/example_nested_branch_dag.py
[2024-07-04T09:44:29.823+0000] {logging_mixin.py:188} INFO - [2024-07-04T09:44:29.823+0000] {dag.py:3096} INFO - Sync 1 DAGs
[2024-07-04T09:44:29.856+0000] {logging_mixin.py:188} INFO - [2024-07-04T09:44:29.856+0000] {dag.py:3954} INFO - Setting next_dagrun for example_nested_branch_dag to 2024-07-03 00:00:00+00:00, run_after=2024-07-04 00:00:00+00:00
[2024-07-04T09:44:29.895+0000] {processor.py:183} INFO - Processing /home/airflow/.local/lib/python3.12/site-packages/airflow/example_dags/example_nested_branch_dag.py took 0.127 seconds
[2024-07-04T09:45:00.032+0000] {processor.py:161} INFO - Started process (PID=1221) to work on /home/airflow/.local/lib/python3.12/site-packages/airflow/example_dags/example_nested_branch_dag.py
[2024-07-04T09:45:00.033+0000] {processor.py:830} INFO - Processing file /home/airflow/.local/lib/python3.12/site-packages/airflow/example_dags/example_nested_branch_dag.py for tasks to queue
[2024-07-04T09:45:00.035+0000] {logging_mixin.py:188} INFO - [2024-07-04T09:45:00.035+0000] {dagbag.py:545} INFO - Filling up the DagBag from /home/airflow/.local/lib/python3.12/site-packages/airflow/example_dags/example_nested_branch_dag.py
[2024-07-04T09:45:00.044+0000] {processor.py:840} INFO - DAG(s) 'example_nested_branch_dag' retrieved from /home/airflow/.local/lib/python3.12/site-packages/airflow/example_dags/example_nested_branch_dag.py
[2024-07-04T09:45:00.067+0000] {logging_mixin.py:188} INFO - [2024-07-04T09:45:00.067+0000] {dag.py:3096} INFO - Sync 1 DAGs
[2024-07-04T09:45:00.088+0000] {logging_mixin.py:188} INFO - [2024-07-04T09:45:00.088+0000] {dag.py:3954} INFO - Setting next_dagrun for example_nested_branch_dag to 2024-07-03 00:00:00+00:00, run_after=2024-07-04 00:00:00+00:00
[2024-07-04T09:45:00.112+0000] {processor.py:183} INFO - Processing /home/airflow/.local/lib/python3.12/site-packages/airflow/example_dags/example_nested_branch_dag.py took 0.086 seconds
[2024-07-04T09:45:30.312+0000] {processor.py:161} INFO - Started process (PID=1280) to work on /home/airflow/.local/lib/python3.12/site-packages/airflow/example_dags/example_nested_branch_dag.py
[2024-07-04T09:45:30.314+0000] {processor.py:830} INFO - Processing file /home/airflow/.local/lib/python3.12/site-packages/airflow/example_dags/example_nested_branch_dag.py for tasks to queue
[2024-07-04T09:45:30.318+0000] {logging_mixin.py:188} INFO - [2024-07-04T09:45:30.317+0000] {dagbag.py:545} INFO - Filling up the DagBag from /home/airflow/.local/lib/python3.12/site-packages/airflow/example_dags/example_nested_branch_dag.py
[2024-07-04T09:45:30.345+0000] {processor.py:840} INFO - DAG(s) 'example_nested_branch_dag' retrieved from /home/airflow/.local/lib/python3.12/site-packages/airflow/example_dags/example_nested_branch_dag.py
[2024-07-04T09:45:30.513+0000] {logging_mixin.py:188} INFO - [2024-07-04T09:45:30.512+0000] {dag.py:3096} INFO - Sync 1 DAGs
[2024-07-04T09:45:30.605+0000] {logging_mixin.py:188} INFO - [2024-07-04T09:45:30.604+0000] {dag.py:3954} INFO - Setting next_dagrun for example_nested_branch_dag to 2024-07-03 00:00:00+00:00, run_after=2024-07-04 00:00:00+00:00
[2024-07-04T09:45:30.636+0000] {processor.py:183} INFO - Processing /home/airflow/.local/lib/python3.12/site-packages/airflow/example_dags/example_nested_branch_dag.py took 0.342 seconds
[2024-07-04T09:46:01.464+0000] {processor.py:161} INFO - Started process (PID=1345) to work on /home/airflow/.local/lib/python3.12/site-packages/airflow/example_dags/example_nested_branch_dag.py
[2024-07-04T09:46:01.470+0000] {processor.py:830} INFO - Processing file /home/airflow/.local/lib/python3.12/site-packages/airflow/example_dags/example_nested_branch_dag.py for tasks to queue
[2024-07-04T09:46:01.489+0000] {logging_mixin.py:188} INFO - [2024-07-04T09:46:01.489+0000] {dagbag.py:545} INFO - Filling up the DagBag from /home/airflow/.local/lib/python3.12/site-packages/airflow/example_dags/example_nested_branch_dag.py
[2024-07-04T09:46:01.526+0000] {processor.py:840} INFO - DAG(s) 'example_nested_branch_dag' retrieved from /home/airflow/.local/lib/python3.12/site-packages/airflow/example_dags/example_nested_branch_dag.py
[2024-07-04T09:46:01.587+0000] {logging_mixin.py:188} INFO - [2024-07-04T09:46:01.587+0000] {dag.py:3096} INFO - Sync 1 DAGs
[2024-07-04T09:46:01.644+0000] {logging_mixin.py:188} INFO - [2024-07-04T09:46:01.644+0000] {dag.py:3954} INFO - Setting next_dagrun for example_nested_branch_dag to 2024-07-03 00:00:00+00:00, run_after=2024-07-04 00:00:00+00:00
[2024-07-04T09:46:01.691+0000] {processor.py:183} INFO - Processing /home/airflow/.local/lib/python3.12/site-packages/airflow/example_dags/example_nested_branch_dag.py took 0.253 seconds
[2024-07-04T09:46:32.688+0000] {processor.py:161} INFO - Started process (PID=1405) to work on /home/airflow/.local/lib/python3.12/site-packages/airflow/example_dags/example_nested_branch_dag.py
[2024-07-04T09:46:32.694+0000] {processor.py:830} INFO - Processing file /home/airflow/.local/lib/python3.12/site-packages/airflow/example_dags/example_nested_branch_dag.py for tasks to queue
[2024-07-04T09:46:32.705+0000] {logging_mixin.py:188} INFO - [2024-07-04T09:46:32.704+0000] {dagbag.py:545} INFO - Filling up the DagBag from /home/airflow/.local/lib/python3.12/site-packages/airflow/example_dags/example_nested_branch_dag.py
[2024-07-04T09:46:32.726+0000] {processor.py:840} INFO - DAG(s) 'example_nested_branch_dag' retrieved from /home/airflow/.local/lib/python3.12/site-packages/airflow/example_dags/example_nested_branch_dag.py
[2024-07-04T09:46:32.795+0000] {logging_mixin.py:188} INFO - [2024-07-04T09:46:32.794+0000] {dag.py:3096} INFO - Sync 1 DAGs
[2024-07-04T09:46:32.859+0000] {logging_mixin.py:188} INFO - [2024-07-04T09:46:32.858+0000] {dag.py:3954} INFO - Setting next_dagrun for example_nested_branch_dag to 2024-07-03 00:00:00+00:00, run_after=2024-07-04 00:00:00+00:00
[2024-07-04T09:46:32.929+0000] {processor.py:183} INFO - Processing /home/airflow/.local/lib/python3.12/site-packages/airflow/example_dags/example_nested_branch_dag.py took 0.246 seconds
[2024-07-04T09:47:03.492+0000] {processor.py:161} INFO - Started process (PID=1465) to work on /home/airflow/.local/lib/python3.12/site-packages/airflow/example_dags/example_nested_branch_dag.py
[2024-07-04T09:47:03.494+0000] {processor.py:830} INFO - Processing file /home/airflow/.local/lib/python3.12/site-packages/airflow/example_dags/example_nested_branch_dag.py for tasks to queue
[2024-07-04T09:47:03.497+0000] {logging_mixin.py:188} INFO - [2024-07-04T09:47:03.496+0000] {dagbag.py:545} INFO - Filling up the DagBag from /home/airflow/.local/lib/python3.12/site-packages/airflow/example_dags/example_nested_branch_dag.py
[2024-07-04T09:47:03.510+0000] {processor.py:840} INFO - DAG(s) 'example_nested_branch_dag' retrieved from /home/airflow/.local/lib/python3.12/site-packages/airflow/example_dags/example_nested_branch_dag.py
[2024-07-04T09:47:03.531+0000] {logging_mixin.py:188} INFO - [2024-07-04T09:47:03.531+0000] {dag.py:3096} INFO - Sync 1 DAGs
[2024-07-04T09:47:03.552+0000] {logging_mixin.py:188} INFO - [2024-07-04T09:47:03.552+0000] {dag.py:3954} INFO - Setting next_dagrun for example_nested_branch_dag to 2024-07-03 00:00:00+00:00, run_after=2024-07-04 00:00:00+00:00
[2024-07-04T09:47:03.577+0000] {processor.py:183} INFO - Processing /home/airflow/.local/lib/python3.12/site-packages/airflow/example_dags/example_nested_branch_dag.py took 0.094 seconds
[2024-07-04T09:47:34.397+0000] {processor.py:161} INFO - Started process (PID=1524) to work on /home/airflow/.local/lib/python3.12/site-packages/airflow/example_dags/example_nested_branch_dag.py
[2024-07-04T09:47:34.398+0000] {processor.py:830} INFO - Processing file /home/airflow/.local/lib/python3.12/site-packages/airflow/example_dags/example_nested_branch_dag.py for tasks to queue
[2024-07-04T09:47:34.400+0000] {logging_mixin.py:188} INFO - [2024-07-04T09:47:34.400+0000] {dagbag.py:545} INFO - Filling up the DagBag from /home/airflow/.local/lib/python3.12/site-packages/airflow/example_dags/example_nested_branch_dag.py
[2024-07-04T09:47:34.410+0000] {processor.py:840} INFO - DAG(s) 'example_nested_branch_dag' retrieved from /home/airflow/.local/lib/python3.12/site-packages/airflow/example_dags/example_nested_branch_dag.py
[2024-07-04T09:47:34.437+0000] {logging_mixin.py:188} INFO - [2024-07-04T09:47:34.436+0000] {dag.py:3096} INFO - Sync 1 DAGs
[2024-07-04T09:47:34.459+0000] {logging_mixin.py:188} INFO - [2024-07-04T09:47:34.458+0000] {dag.py:3954} INFO - Setting next_dagrun for example_nested_branch_dag to 2024-07-03 00:00:00+00:00, run_after=2024-07-04 00:00:00+00:00
[2024-07-04T09:47:34.480+0000] {processor.py:183} INFO - Processing /home/airflow/.local/lib/python3.12/site-packages/airflow/example_dags/example_nested_branch_dag.py took 0.088 seconds
[2024-07-04T09:48:05.097+0000] {processor.py:161} INFO - Started process (PID=1584) to work on /home/airflow/.local/lib/python3.12/site-packages/airflow/example_dags/example_nested_branch_dag.py
[2024-07-04T09:48:05.098+0000] {processor.py:830} INFO - Processing file /home/airflow/.local/lib/python3.12/site-packages/airflow/example_dags/example_nested_branch_dag.py for tasks to queue
[2024-07-04T09:48:05.100+0000] {logging_mixin.py:188} INFO - [2024-07-04T09:48:05.099+0000] {dagbag.py:545} INFO - Filling up the DagBag from /home/airflow/.local/lib/python3.12/site-packages/airflow/example_dags/example_nested_branch_dag.py
[2024-07-04T09:48:05.110+0000] {processor.py:840} INFO - DAG(s) 'example_nested_branch_dag' retrieved from /home/airflow/.local/lib/python3.12/site-packages/airflow/example_dags/example_nested_branch_dag.py
[2024-07-04T09:48:05.134+0000] {logging_mixin.py:188} INFO - [2024-07-04T09:48:05.133+0000] {dag.py:3096} INFO - Sync 1 DAGs
[2024-07-04T09:48:05.154+0000] {logging_mixin.py:188} INFO - [2024-07-04T09:48:05.154+0000] {dag.py:3954} INFO - Setting next_dagrun for example_nested_branch_dag to 2024-07-03 00:00:00+00:00, run_after=2024-07-04 00:00:00+00:00
[2024-07-04T09:48:05.188+0000] {processor.py:183} INFO - Processing /home/airflow/.local/lib/python3.12/site-packages/airflow/example_dags/example_nested_branch_dag.py took 0.096 seconds
[2024-07-04T09:48:35.359+0000] {processor.py:161} INFO - Started process (PID=1643) to work on /home/airflow/.local/lib/python3.12/site-packages/airflow/example_dags/example_nested_branch_dag.py
[2024-07-04T09:48:35.360+0000] {processor.py:830} INFO - Processing file /home/airflow/.local/lib/python3.12/site-packages/airflow/example_dags/example_nested_branch_dag.py for tasks to queue
[2024-07-04T09:48:35.362+0000] {logging_mixin.py:188} INFO - [2024-07-04T09:48:35.362+0000] {dagbag.py:545} INFO - Filling up the DagBag from /home/airflow/.local/lib/python3.12/site-packages/airflow/example_dags/example_nested_branch_dag.py
[2024-07-04T09:48:35.373+0000] {processor.py:840} INFO - DAG(s) 'example_nested_branch_dag' retrieved from /home/airflow/.local/lib/python3.12/site-packages/airflow/example_dags/example_nested_branch_dag.py
[2024-07-04T09:48:35.396+0000] {logging_mixin.py:188} INFO - [2024-07-04T09:48:35.396+0000] {dag.py:3096} INFO - Sync 1 DAGs
[2024-07-04T09:48:35.427+0000] {logging_mixin.py:188} INFO - [2024-07-04T09:48:35.426+0000] {dag.py:3954} INFO - Setting next_dagrun for example_nested_branch_dag to 2024-07-03 00:00:00+00:00, run_after=2024-07-04 00:00:00+00:00
[2024-07-04T09:48:35.454+0000] {processor.py:183} INFO - Processing /home/airflow/.local/lib/python3.12/site-packages/airflow/example_dags/example_nested_branch_dag.py took 0.102 seconds
[2024-07-04T09:49:06.218+0000] {processor.py:161} INFO - Started process (PID=1702) to work on /home/airflow/.local/lib/python3.12/site-packages/airflow/example_dags/example_nested_branch_dag.py
[2024-07-04T09:49:06.220+0000] {processor.py:830} INFO - Processing file /home/airflow/.local/lib/python3.12/site-packages/airflow/example_dags/example_nested_branch_dag.py for tasks to queue
[2024-07-04T09:49:06.222+0000] {logging_mixin.py:188} INFO - [2024-07-04T09:49:06.222+0000] {dagbag.py:545} INFO - Filling up the DagBag from /home/airflow/.local/lib/python3.12/site-packages/airflow/example_dags/example_nested_branch_dag.py
[2024-07-04T09:49:06.234+0000] {processor.py:840} INFO - DAG(s) 'example_nested_branch_dag' retrieved from /home/airflow/.local/lib/python3.12/site-packages/airflow/example_dags/example_nested_branch_dag.py
[2024-07-04T09:49:06.260+0000] {logging_mixin.py:188} INFO - [2024-07-04T09:49:06.259+0000] {dag.py:3096} INFO - Sync 1 DAGs
[2024-07-04T09:49:06.285+0000] {logging_mixin.py:188} INFO - [2024-07-04T09:49:06.285+0000] {dag.py:3954} INFO - Setting next_dagrun for example_nested_branch_dag to 2024-07-03 00:00:00+00:00, run_after=2024-07-04 00:00:00+00:00
[2024-07-04T09:49:06.308+0000] {processor.py:183} INFO - Processing /home/airflow/.local/lib/python3.12/site-packages/airflow/example_dags/example_nested_branch_dag.py took 0.095 seconds
[2024-07-04T09:49:36.983+0000] {processor.py:161} INFO - Started process (PID=1762) to work on /home/airflow/.local/lib/python3.12/site-packages/airflow/example_dags/example_nested_branch_dag.py
[2024-07-04T09:49:36.992+0000] {processor.py:830} INFO - Processing file /home/airflow/.local/lib/python3.12/site-packages/airflow/example_dags/example_nested_branch_dag.py for tasks to queue
[2024-07-04T09:49:36.996+0000] {logging_mixin.py:188} INFO - [2024-07-04T09:49:36.996+0000] {dagbag.py:545} INFO - Filling up the DagBag from /home/airflow/.local/lib/python3.12/site-packages/airflow/example_dags/example_nested_branch_dag.py
[2024-07-04T09:49:37.026+0000] {processor.py:840} INFO - DAG(s) 'example_nested_branch_dag' retrieved from /home/airflow/.local/lib/python3.12/site-packages/airflow/example_dags/example_nested_branch_dag.py
[2024-07-04T09:49:37.074+0000] {logging_mixin.py:188} INFO - [2024-07-04T09:49:37.074+0000] {dag.py:3096} INFO - Sync 1 DAGs
[2024-07-04T09:49:37.503+0000] {logging_mixin.py:188} INFO - [2024-07-04T09:49:37.503+0000] {dag.py:3954} INFO - Setting next_dagrun for example_nested_branch_dag to 2024-07-03 00:00:00+00:00, run_after=2024-07-04 00:00:00+00:00
[2024-07-04T09:49:37.563+0000] {processor.py:183} INFO - Processing /home/airflow/.local/lib/python3.12/site-packages/airflow/example_dags/example_nested_branch_dag.py took 0.588 seconds
[2024-07-04T09:50:07.724+0000] {processor.py:161} INFO - Started process (PID=1821) to work on /home/airflow/.local/lib/python3.12/site-packages/airflow/example_dags/example_nested_branch_dag.py
[2024-07-04T09:50:07.725+0000] {processor.py:830} INFO - Processing file /home/airflow/.local/lib/python3.12/site-packages/airflow/example_dags/example_nested_branch_dag.py for tasks to queue
[2024-07-04T09:50:07.728+0000] {logging_mixin.py:188} INFO - [2024-07-04T09:50:07.727+0000] {dagbag.py:545} INFO - Filling up the DagBag from /home/airflow/.local/lib/python3.12/site-packages/airflow/example_dags/example_nested_branch_dag.py
[2024-07-04T09:50:07.744+0000] {processor.py:840} INFO - DAG(s) 'example_nested_branch_dag' retrieved from /home/airflow/.local/lib/python3.12/site-packages/airflow/example_dags/example_nested_branch_dag.py
[2024-07-04T09:50:07.767+0000] {logging_mixin.py:188} INFO - [2024-07-04T09:50:07.767+0000] {dag.py:3096} INFO - Sync 1 DAGs
[2024-07-04T09:50:07.791+0000] {logging_mixin.py:188} INFO - [2024-07-04T09:50:07.790+0000] {dag.py:3954} INFO - Setting next_dagrun for example_nested_branch_dag to 2024-07-03 00:00:00+00:00, run_after=2024-07-04 00:00:00+00:00
[2024-07-04T09:50:07.945+0000] {processor.py:183} INFO - Processing /home/airflow/.local/lib/python3.12/site-packages/airflow/example_dags/example_nested_branch_dag.py took 0.229 seconds
[2024-07-04T09:50:37.997+0000] {processor.py:161} INFO - Started process (PID=1879) to work on /home/airflow/.local/lib/python3.12/site-packages/airflow/example_dags/example_nested_branch_dag.py
[2024-07-04T09:50:37.998+0000] {processor.py:830} INFO - Processing file /home/airflow/.local/lib/python3.12/site-packages/airflow/example_dags/example_nested_branch_dag.py for tasks to queue
[2024-07-04T09:50:38.000+0000] {logging_mixin.py:188} INFO - [2024-07-04T09:50:38.000+0000] {dagbag.py:545} INFO - Filling up the DagBag from /home/airflow/.local/lib/python3.12/site-packages/airflow/example_dags/example_nested_branch_dag.py
[2024-07-04T09:50:38.010+0000] {processor.py:840} INFO - DAG(s) 'example_nested_branch_dag' retrieved from /home/airflow/.local/lib/python3.12/site-packages/airflow/example_dags/example_nested_branch_dag.py
[2024-07-04T09:50:38.033+0000] {logging_mixin.py:188} INFO - [2024-07-04T09:50:38.033+0000] {dag.py:3096} INFO - Sync 1 DAGs
[2024-07-04T09:50:38.053+0000] {logging_mixin.py:188} INFO - [2024-07-04T09:50:38.053+0000] {dag.py:3954} INFO - Setting next_dagrun for example_nested_branch_dag to 2024-07-03 00:00:00+00:00, run_after=2024-07-04 00:00:00+00:00
[2024-07-04T09:50:38.074+0000] {processor.py:183} INFO - Processing /home/airflow/.local/lib/python3.12/site-packages/airflow/example_dags/example_nested_branch_dag.py took 0.082 seconds
[2024-07-04T09:51:08.334+0000] {processor.py:161} INFO - Started process (PID=1938) to work on /home/airflow/.local/lib/python3.12/site-packages/airflow/example_dags/example_nested_branch_dag.py
[2024-07-04T09:51:08.335+0000] {processor.py:830} INFO - Processing file /home/airflow/.local/lib/python3.12/site-packages/airflow/example_dags/example_nested_branch_dag.py for tasks to queue
[2024-07-04T09:51:08.337+0000] {logging_mixin.py:188} INFO - [2024-07-04T09:51:08.337+0000] {dagbag.py:545} INFO - Filling up the DagBag from /home/airflow/.local/lib/python3.12/site-packages/airflow/example_dags/example_nested_branch_dag.py
[2024-07-04T09:51:08.350+0000] {processor.py:840} INFO - DAG(s) 'example_nested_branch_dag' retrieved from /home/airflow/.local/lib/python3.12/site-packages/airflow/example_dags/example_nested_branch_dag.py
[2024-07-04T09:51:08.386+0000] {logging_mixin.py:188} INFO - [2024-07-04T09:51:08.386+0000] {dag.py:3096} INFO - Sync 1 DAGs
[2024-07-04T09:51:08.414+0000] {logging_mixin.py:188} INFO - [2024-07-04T09:51:08.414+0000] {dag.py:3954} INFO - Setting next_dagrun for example_nested_branch_dag to 2024-07-03 00:00:00+00:00, run_after=2024-07-04 00:00:00+00:00
[2024-07-04T09:51:08.435+0000] {processor.py:183} INFO - Processing /home/airflow/.local/lib/python3.12/site-packages/airflow/example_dags/example_nested_branch_dag.py took 0.111 seconds
[2024-07-04T09:51:38.624+0000] {processor.py:161} INFO - Started process (PID=1997) to work on /home/airflow/.local/lib/python3.12/site-packages/airflow/example_dags/example_nested_branch_dag.py
[2024-07-04T09:51:38.626+0000] {processor.py:830} INFO - Processing file /home/airflow/.local/lib/python3.12/site-packages/airflow/example_dags/example_nested_branch_dag.py for tasks to queue
[2024-07-04T09:51:38.628+0000] {logging_mixin.py:188} INFO - [2024-07-04T09:51:38.628+0000] {dagbag.py:545} INFO - Filling up the DagBag from /home/airflow/.local/lib/python3.12/site-packages/airflow/example_dags/example_nested_branch_dag.py
[2024-07-04T09:51:38.637+0000] {processor.py:840} INFO - DAG(s) 'example_nested_branch_dag' retrieved from /home/airflow/.local/lib/python3.12/site-packages/airflow/example_dags/example_nested_branch_dag.py
[2024-07-04T09:51:38.662+0000] {logging_mixin.py:188} INFO - [2024-07-04T09:51:38.662+0000] {dag.py:3096} INFO - Sync 1 DAGs
[2024-07-04T09:51:38.687+0000] {logging_mixin.py:188} INFO - [2024-07-04T09:51:38.687+0000] {dag.py:3954} INFO - Setting next_dagrun for example_nested_branch_dag to 2024-07-03 00:00:00+00:00, run_after=2024-07-04 00:00:00+00:00
[2024-07-04T09:51:38.710+0000] {processor.py:183} INFO - Processing /home/airflow/.local/lib/python3.12/site-packages/airflow/example_dags/example_nested_branch_dag.py took 0.091 seconds
[2024-07-04T09:52:09.232+0000] {processor.py:161} INFO - Started process (PID=2058) to work on /home/airflow/.local/lib/python3.12/site-packages/airflow/example_dags/example_nested_branch_dag.py
[2024-07-04T09:52:09.242+0000] {processor.py:830} INFO - Processing file /home/airflow/.local/lib/python3.12/site-packages/airflow/example_dags/example_nested_branch_dag.py for tasks to queue
[2024-07-04T09:52:09.257+0000] {logging_mixin.py:188} INFO - [2024-07-04T09:52:09.256+0000] {dagbag.py:545} INFO - Filling up the DagBag from /home/airflow/.local/lib/python3.12/site-packages/airflow/example_dags/example_nested_branch_dag.py
[2024-07-04T09:52:09.271+0000] {processor.py:840} INFO - DAG(s) 'example_nested_branch_dag' retrieved from /home/airflow/.local/lib/python3.12/site-packages/airflow/example_dags/example_nested_branch_dag.py
[2024-07-04T09:52:09.323+0000] {logging_mixin.py:188} INFO - [2024-07-04T09:52:09.322+0000] {dag.py:3096} INFO - Sync 1 DAGs
[2024-07-04T09:52:09.362+0000] {logging_mixin.py:188} INFO - [2024-07-04T09:52:09.361+0000] {dag.py:3954} INFO - Setting next_dagrun for example_nested_branch_dag to 2024-07-03 00:00:00+00:00, run_after=2024-07-04 00:00:00+00:00
[2024-07-04T09:52:09.399+0000] {processor.py:183} INFO - Processing /home/airflow/.local/lib/python3.12/site-packages/airflow/example_dags/example_nested_branch_dag.py took 0.173 seconds
[2024-07-04T09:52:39.780+0000] {processor.py:161} INFO - Started process (PID=2117) to work on /home/airflow/.local/lib/python3.12/site-packages/airflow/example_dags/example_nested_branch_dag.py
[2024-07-04T09:52:39.783+0000] {processor.py:830} INFO - Processing file /home/airflow/.local/lib/python3.12/site-packages/airflow/example_dags/example_nested_branch_dag.py for tasks to queue
[2024-07-04T09:52:39.788+0000] {logging_mixin.py:188} INFO - [2024-07-04T09:52:39.788+0000] {dagbag.py:545} INFO - Filling up the DagBag from /home/airflow/.local/lib/python3.12/site-packages/airflow/example_dags/example_nested_branch_dag.py
[2024-07-04T09:52:39.807+0000] {processor.py:840} INFO - DAG(s) 'example_nested_branch_dag' retrieved from /home/airflow/.local/lib/python3.12/site-packages/airflow/example_dags/example_nested_branch_dag.py
[2024-07-04T09:52:39.837+0000] {logging_mixin.py:188} INFO - [2024-07-04T09:52:39.837+0000] {dag.py:3096} INFO - Sync 1 DAGs
[2024-07-04T09:52:39.909+0000] {logging_mixin.py:188} INFO - [2024-07-04T09:52:39.909+0000] {dag.py:3954} INFO - Setting next_dagrun for example_nested_branch_dag to 2024-07-03 00:00:00+00:00, run_after=2024-07-04 00:00:00+00:00
[2024-07-04T09:52:39.956+0000] {processor.py:183} INFO - Processing /home/airflow/.local/lib/python3.12/site-packages/airflow/example_dags/example_nested_branch_dag.py took 0.182 seconds
[2024-07-04T09:53:10.389+0000] {processor.py:161} INFO - Started process (PID=2175) to work on /home/airflow/.local/lib/python3.12/site-packages/airflow/example_dags/example_nested_branch_dag.py
[2024-07-04T09:53:10.390+0000] {processor.py:830} INFO - Processing file /home/airflow/.local/lib/python3.12/site-packages/airflow/example_dags/example_nested_branch_dag.py for tasks to queue
[2024-07-04T09:53:10.393+0000] {logging_mixin.py:188} INFO - [2024-07-04T09:53:10.393+0000] {dagbag.py:545} INFO - Filling up the DagBag from /home/airflow/.local/lib/python3.12/site-packages/airflow/example_dags/example_nested_branch_dag.py
[2024-07-04T09:53:10.404+0000] {processor.py:840} INFO - DAG(s) 'example_nested_branch_dag' retrieved from /home/airflow/.local/lib/python3.12/site-packages/airflow/example_dags/example_nested_branch_dag.py
[2024-07-04T09:53:10.436+0000] {logging_mixin.py:188} INFO - [2024-07-04T09:53:10.435+0000] {dag.py:3096} INFO - Sync 1 DAGs
[2024-07-04T09:53:10.460+0000] {logging_mixin.py:188} INFO - [2024-07-04T09:53:10.460+0000] {dag.py:3954} INFO - Setting next_dagrun for example_nested_branch_dag to 2024-07-03 00:00:00+00:00, run_after=2024-07-04 00:00:00+00:00
[2024-07-04T09:53:10.482+0000] {processor.py:183} INFO - Processing /home/airflow/.local/lib/python3.12/site-packages/airflow/example_dags/example_nested_branch_dag.py took 0.101 seconds
[2024-07-04T09:53:42.763+0000] {processor.py:161} INFO - Started process (PID=2232) to work on /home/airflow/.local/lib/python3.12/site-packages/airflow/example_dags/example_nested_branch_dag.py
[2024-07-04T09:53:42.764+0000] {processor.py:830} INFO - Processing file /home/airflow/.local/lib/python3.12/site-packages/airflow/example_dags/example_nested_branch_dag.py for tasks to queue
[2024-07-04T09:53:42.767+0000] {logging_mixin.py:188} INFO - [2024-07-04T09:53:42.766+0000] {dagbag.py:545} INFO - Filling up the DagBag from /home/airflow/.local/lib/python3.12/site-packages/airflow/example_dags/example_nested_branch_dag.py
[2024-07-04T09:53:42.803+0000] {processor.py:840} INFO - DAG(s) 'example_nested_branch_dag' retrieved from /home/airflow/.local/lib/python3.12/site-packages/airflow/example_dags/example_nested_branch_dag.py
[2024-07-04T09:53:42.879+0000] {logging_mixin.py:188} INFO - [2024-07-04T09:53:42.877+0000] {dag.py:3096} INFO - Sync 1 DAGs
[2024-07-04T09:53:42.945+0000] {logging_mixin.py:188} INFO - [2024-07-04T09:53:42.944+0000] {dag.py:3954} INFO - Setting next_dagrun for example_nested_branch_dag to 2024-07-03 00:00:00+00:00, run_after=2024-07-04 00:00:00+00:00
[2024-07-04T09:53:42.995+0000] {processor.py:183} INFO - Processing /home/airflow/.local/lib/python3.12/site-packages/airflow/example_dags/example_nested_branch_dag.py took 0.256 seconds
[2024-07-04T09:54:16.089+0000] {processor.py:161} INFO - Started process (PID=2277) to work on /home/airflow/.local/lib/python3.12/site-packages/airflow/example_dags/example_nested_branch_dag.py
[2024-07-04T09:54:16.092+0000] {processor.py:830} INFO - Processing file /home/airflow/.local/lib/python3.12/site-packages/airflow/example_dags/example_nested_branch_dag.py for tasks to queue
[2024-07-04T09:54:16.099+0000] {logging_mixin.py:188} INFO - [2024-07-04T09:54:16.099+0000] {dagbag.py:545} INFO - Filling up the DagBag from /home/airflow/.local/lib/python3.12/site-packages/airflow/example_dags/example_nested_branch_dag.py
[2024-07-04T09:54:16.145+0000] {processor.py:840} INFO - DAG(s) 'example_nested_branch_dag' retrieved from /home/airflow/.local/lib/python3.12/site-packages/airflow/example_dags/example_nested_branch_dag.py
[2024-07-04T09:54:16.291+0000] {logging_mixin.py:188} INFO - [2024-07-04T09:54:16.290+0000] {dag.py:3096} INFO - Sync 1 DAGs
[2024-07-04T09:54:16.408+0000] {logging_mixin.py:188} INFO - [2024-07-04T09:54:16.408+0000] {dag.py:3954} INFO - Setting next_dagrun for example_nested_branch_dag to 2024-07-03 00:00:00+00:00, run_after=2024-07-04 00:00:00+00:00
[2024-07-04T09:54:16.492+0000] {processor.py:183} INFO - Processing /home/airflow/.local/lib/python3.12/site-packages/airflow/example_dags/example_nested_branch_dag.py took 0.431 seconds
[2024-07-04T09:54:47.086+0000] {processor.py:161} INFO - Started process (PID=2335) to work on /home/airflow/.local/lib/python3.12/site-packages/airflow/example_dags/example_nested_branch_dag.py
[2024-07-04T09:54:47.088+0000] {processor.py:830} INFO - Processing file /home/airflow/.local/lib/python3.12/site-packages/airflow/example_dags/example_nested_branch_dag.py for tasks to queue
[2024-07-04T09:54:47.091+0000] {logging_mixin.py:188} INFO - [2024-07-04T09:54:47.090+0000] {dagbag.py:545} INFO - Filling up the DagBag from /home/airflow/.local/lib/python3.12/site-packages/airflow/example_dags/example_nested_branch_dag.py
[2024-07-04T09:54:47.101+0000] {processor.py:840} INFO - DAG(s) 'example_nested_branch_dag' retrieved from /home/airflow/.local/lib/python3.12/site-packages/airflow/example_dags/example_nested_branch_dag.py
[2024-07-04T09:54:47.123+0000] {logging_mixin.py:188} INFO - [2024-07-04T09:54:47.123+0000] {dag.py:3096} INFO - Sync 1 DAGs
[2024-07-04T09:54:47.147+0000] {logging_mixin.py:188} INFO - [2024-07-04T09:54:47.147+0000] {dag.py:3954} INFO - Setting next_dagrun for example_nested_branch_dag to 2024-07-03 00:00:00+00:00, run_after=2024-07-04 00:00:00+00:00
[2024-07-04T09:54:47.169+0000] {processor.py:183} INFO - Processing /home/airflow/.local/lib/python3.12/site-packages/airflow/example_dags/example_nested_branch_dag.py took 0.088 seconds
[2024-07-04T09:55:17.981+0000] {processor.py:161} INFO - Started process (PID=2394) to work on /home/airflow/.local/lib/python3.12/site-packages/airflow/example_dags/example_nested_branch_dag.py
[2024-07-04T09:55:17.983+0000] {processor.py:830} INFO - Processing file /home/airflow/.local/lib/python3.12/site-packages/airflow/example_dags/example_nested_branch_dag.py for tasks to queue
[2024-07-04T09:55:17.987+0000] {logging_mixin.py:188} INFO - [2024-07-04T09:55:17.986+0000] {dagbag.py:545} INFO - Filling up the DagBag from /home/airflow/.local/lib/python3.12/site-packages/airflow/example_dags/example_nested_branch_dag.py
[2024-07-04T09:55:18.000+0000] {processor.py:840} INFO - DAG(s) 'example_nested_branch_dag' retrieved from /home/airflow/.local/lib/python3.12/site-packages/airflow/example_dags/example_nested_branch_dag.py
[2024-07-04T09:55:18.028+0000] {logging_mixin.py:188} INFO - [2024-07-04T09:55:18.028+0000] {dag.py:3096} INFO - Sync 1 DAGs
[2024-07-04T09:55:18.066+0000] {logging_mixin.py:188} INFO - [2024-07-04T09:55:18.066+0000] {dag.py:3954} INFO - Setting next_dagrun for example_nested_branch_dag to 2024-07-03 00:00:00+00:00, run_after=2024-07-04 00:00:00+00:00
[2024-07-04T09:55:18.096+0000] {processor.py:183} INFO - Processing /home/airflow/.local/lib/python3.12/site-packages/airflow/example_dags/example_nested_branch_dag.py took 0.124 seconds
[2024-07-04T09:55:48.989+0000] {processor.py:161} INFO - Started process (PID=2453) to work on /home/airflow/.local/lib/python3.12/site-packages/airflow/example_dags/example_nested_branch_dag.py
[2024-07-04T09:55:48.990+0000] {processor.py:830} INFO - Processing file /home/airflow/.local/lib/python3.12/site-packages/airflow/example_dags/example_nested_branch_dag.py for tasks to queue
[2024-07-04T09:55:48.994+0000] {logging_mixin.py:188} INFO - [2024-07-04T09:55:48.993+0000] {dagbag.py:545} INFO - Filling up the DagBag from /home/airflow/.local/lib/python3.12/site-packages/airflow/example_dags/example_nested_branch_dag.py
[2024-07-04T09:55:49.004+0000] {processor.py:840} INFO - DAG(s) 'example_nested_branch_dag' retrieved from /home/airflow/.local/lib/python3.12/site-packages/airflow/example_dags/example_nested_branch_dag.py
[2024-07-04T09:55:49.030+0000] {logging_mixin.py:188} INFO - [2024-07-04T09:55:49.030+0000] {dag.py:3096} INFO - Sync 1 DAGs
[2024-07-04T09:55:49.054+0000] {logging_mixin.py:188} INFO - [2024-07-04T09:55:49.054+0000] {dag.py:3954} INFO - Setting next_dagrun for example_nested_branch_dag to 2024-07-03 00:00:00+00:00, run_after=2024-07-04 00:00:00+00:00
[2024-07-04T09:55:49.075+0000] {processor.py:183} INFO - Processing /home/airflow/.local/lib/python3.12/site-packages/airflow/example_dags/example_nested_branch_dag.py took 0.096 seconds
[2024-07-04T09:56:20.026+0000] {processor.py:161} INFO - Started process (PID=2512) to work on /home/airflow/.local/lib/python3.12/site-packages/airflow/example_dags/example_nested_branch_dag.py
[2024-07-04T09:56:20.032+0000] {processor.py:830} INFO - Processing file /home/airflow/.local/lib/python3.12/site-packages/airflow/example_dags/example_nested_branch_dag.py for tasks to queue
[2024-07-04T09:56:20.036+0000] {logging_mixin.py:188} INFO - [2024-07-04T09:56:20.035+0000] {dagbag.py:545} INFO - Filling up the DagBag from /home/airflow/.local/lib/python3.12/site-packages/airflow/example_dags/example_nested_branch_dag.py
[2024-07-04T09:56:20.111+0000] {processor.py:840} INFO - DAG(s) 'example_nested_branch_dag' retrieved from /home/airflow/.local/lib/python3.12/site-packages/airflow/example_dags/example_nested_branch_dag.py
[2024-07-04T09:56:20.334+0000] {logging_mixin.py:188} INFO - [2024-07-04T09:56:20.333+0000] {dag.py:3096} INFO - Sync 1 DAGs
[2024-07-04T09:56:20.631+0000] {logging_mixin.py:188} INFO - [2024-07-04T09:56:20.630+0000] {dag.py:3954} INFO - Setting next_dagrun for example_nested_branch_dag to 2024-07-03 00:00:00+00:00, run_after=2024-07-04 00:00:00+00:00
[2024-07-04T09:56:20.666+0000] {processor.py:183} INFO - Processing /home/airflow/.local/lib/python3.12/site-packages/airflow/example_dags/example_nested_branch_dag.py took 0.663 seconds
[2024-07-04T09:56:51.024+0000] {processor.py:161} INFO - Started process (PID=2571) to work on /home/airflow/.local/lib/python3.12/site-packages/airflow/example_dags/example_nested_branch_dag.py
[2024-07-04T09:56:51.026+0000] {processor.py:830} INFO - Processing file /home/airflow/.local/lib/python3.12/site-packages/airflow/example_dags/example_nested_branch_dag.py for tasks to queue
[2024-07-04T09:56:51.029+0000] {logging_mixin.py:188} INFO - [2024-07-04T09:56:51.028+0000] {dagbag.py:545} INFO - Filling up the DagBag from /home/airflow/.local/lib/python3.12/site-packages/airflow/example_dags/example_nested_branch_dag.py
[2024-07-04T09:56:51.044+0000] {processor.py:840} INFO - DAG(s) 'example_nested_branch_dag' retrieved from /home/airflow/.local/lib/python3.12/site-packages/airflow/example_dags/example_nested_branch_dag.py
[2024-07-04T09:56:51.095+0000] {logging_mixin.py:188} INFO - [2024-07-04T09:56:51.094+0000] {dag.py:3096} INFO - Sync 1 DAGs
[2024-07-04T09:56:51.165+0000] {logging_mixin.py:188} INFO - [2024-07-04T09:56:51.165+0000] {dag.py:3954} INFO - Setting next_dagrun for example_nested_branch_dag to 2024-07-03 00:00:00+00:00, run_after=2024-07-04 00:00:00+00:00
[2024-07-04T09:56:51.207+0000] {processor.py:183} INFO - Processing /home/airflow/.local/lib/python3.12/site-packages/airflow/example_dags/example_nested_branch_dag.py took 0.192 seconds
[2024-07-04T09:57:21.671+0000] {processor.py:161} INFO - Started process (PID=2630) to work on /home/airflow/.local/lib/python3.12/site-packages/airflow/example_dags/example_nested_branch_dag.py
[2024-07-04T09:57:21.672+0000] {processor.py:830} INFO - Processing file /home/airflow/.local/lib/python3.12/site-packages/airflow/example_dags/example_nested_branch_dag.py for tasks to queue
[2024-07-04T09:57:21.674+0000] {logging_mixin.py:188} INFO - [2024-07-04T09:57:21.673+0000] {dagbag.py:545} INFO - Filling up the DagBag from /home/airflow/.local/lib/python3.12/site-packages/airflow/example_dags/example_nested_branch_dag.py
[2024-07-04T09:57:21.683+0000] {processor.py:840} INFO - DAG(s) 'example_nested_branch_dag' retrieved from /home/airflow/.local/lib/python3.12/site-packages/airflow/example_dags/example_nested_branch_dag.py
[2024-07-04T09:57:21.710+0000] {logging_mixin.py:188} INFO - [2024-07-04T09:57:21.710+0000] {dag.py:3096} INFO - Sync 1 DAGs
[2024-07-04T09:57:21.734+0000] {logging_mixin.py:188} INFO - [2024-07-04T09:57:21.734+0000] {dag.py:3954} INFO - Setting next_dagrun for example_nested_branch_dag to 2024-07-03 00:00:00+00:00, run_after=2024-07-04 00:00:00+00:00
[2024-07-04T09:57:21.759+0000] {processor.py:183} INFO - Processing /home/airflow/.local/lib/python3.12/site-packages/airflow/example_dags/example_nested_branch_dag.py took 0.094 seconds
[2024-07-04T09:57:52.586+0000] {processor.py:161} INFO - Started process (PID=2690) to work on /home/airflow/.local/lib/python3.12/site-packages/airflow/example_dags/example_nested_branch_dag.py
[2024-07-04T09:57:52.592+0000] {processor.py:830} INFO - Processing file /home/airflow/.local/lib/python3.12/site-packages/airflow/example_dags/example_nested_branch_dag.py for tasks to queue
[2024-07-04T09:57:52.602+0000] {logging_mixin.py:188} INFO - [2024-07-04T09:57:52.601+0000] {dagbag.py:545} INFO - Filling up the DagBag from /home/airflow/.local/lib/python3.12/site-packages/airflow/example_dags/example_nested_branch_dag.py
[2024-07-04T09:57:52.616+0000] {processor.py:840} INFO - DAG(s) 'example_nested_branch_dag' retrieved from /home/airflow/.local/lib/python3.12/site-packages/airflow/example_dags/example_nested_branch_dag.py
[2024-07-04T09:57:52.676+0000] {logging_mixin.py:188} INFO - [2024-07-04T09:57:52.675+0000] {dag.py:3096} INFO - Sync 1 DAGs
[2024-07-04T09:57:52.741+0000] {logging_mixin.py:188} INFO - [2024-07-04T09:57:52.741+0000] {dag.py:3954} INFO - Setting next_dagrun for example_nested_branch_dag to 2024-07-03 00:00:00+00:00, run_after=2024-07-04 00:00:00+00:00
[2024-07-04T09:57:52.821+0000] {processor.py:183} INFO - Processing /home/airflow/.local/lib/python3.12/site-packages/airflow/example_dags/example_nested_branch_dag.py took 0.242 seconds
[2024-07-04T09:58:23.336+0000] {processor.py:161} INFO - Started process (PID=2749) to work on /home/airflow/.local/lib/python3.12/site-packages/airflow/example_dags/example_nested_branch_dag.py
[2024-07-04T09:58:23.339+0000] {processor.py:830} INFO - Processing file /home/airflow/.local/lib/python3.12/site-packages/airflow/example_dags/example_nested_branch_dag.py for tasks to queue
[2024-07-04T09:58:23.341+0000] {logging_mixin.py:188} INFO - [2024-07-04T09:58:23.341+0000] {dagbag.py:545} INFO - Filling up the DagBag from /home/airflow/.local/lib/python3.12/site-packages/airflow/example_dags/example_nested_branch_dag.py
[2024-07-04T09:58:23.365+0000] {processor.py:840} INFO - DAG(s) 'example_nested_branch_dag' retrieved from /home/airflow/.local/lib/python3.12/site-packages/airflow/example_dags/example_nested_branch_dag.py
[2024-07-04T09:58:23.420+0000] {logging_mixin.py:188} INFO - [2024-07-04T09:58:23.420+0000] {dag.py:3096} INFO - Sync 1 DAGs
[2024-07-04T09:58:23.475+0000] {logging_mixin.py:188} INFO - [2024-07-04T09:58:23.468+0000] {dag.py:3954} INFO - Setting next_dagrun for example_nested_branch_dag to 2024-07-03 00:00:00+00:00, run_after=2024-07-04 00:00:00+00:00
[2024-07-04T09:58:23.505+0000] {processor.py:183} INFO - Processing /home/airflow/.local/lib/python3.12/site-packages/airflow/example_dags/example_nested_branch_dag.py took 0.190 seconds
[2024-07-04T09:58:53.614+0000] {processor.py:161} INFO - Started process (PID=2809) to work on /home/airflow/.local/lib/python3.12/site-packages/airflow/example_dags/example_nested_branch_dag.py
[2024-07-04T09:58:53.615+0000] {processor.py:830} INFO - Processing file /home/airflow/.local/lib/python3.12/site-packages/airflow/example_dags/example_nested_branch_dag.py for tasks to queue
[2024-07-04T09:58:53.618+0000] {logging_mixin.py:188} INFO - [2024-07-04T09:58:53.617+0000] {dagbag.py:545} INFO - Filling up the DagBag from /home/airflow/.local/lib/python3.12/site-packages/airflow/example_dags/example_nested_branch_dag.py
[2024-07-04T09:58:53.631+0000] {processor.py:840} INFO - DAG(s) 'example_nested_branch_dag' retrieved from /home/airflow/.local/lib/python3.12/site-packages/airflow/example_dags/example_nested_branch_dag.py
[2024-07-04T09:58:53.652+0000] {logging_mixin.py:188} INFO - [2024-07-04T09:58:53.651+0000] {dag.py:3096} INFO - Sync 1 DAGs
[2024-07-04T09:58:53.679+0000] {logging_mixin.py:188} INFO - [2024-07-04T09:58:53.679+0000] {dag.py:3954} INFO - Setting next_dagrun for example_nested_branch_dag to 2024-07-03 00:00:00+00:00, run_after=2024-07-04 00:00:00+00:00
[2024-07-04T09:58:53.696+0000] {processor.py:183} INFO - Processing /home/airflow/.local/lib/python3.12/site-packages/airflow/example_dags/example_nested_branch_dag.py took 0.090 seconds
[2024-07-04T09:59:23.766+0000] {processor.py:161} INFO - Started process (PID=2868) to work on /home/airflow/.local/lib/python3.12/site-packages/airflow/example_dags/example_nested_branch_dag.py
[2024-07-04T09:59:23.768+0000] {processor.py:830} INFO - Processing file /home/airflow/.local/lib/python3.12/site-packages/airflow/example_dags/example_nested_branch_dag.py for tasks to queue
[2024-07-04T09:59:23.771+0000] {logging_mixin.py:188} INFO - [2024-07-04T09:59:23.771+0000] {dagbag.py:545} INFO - Filling up the DagBag from /home/airflow/.local/lib/python3.12/site-packages/airflow/example_dags/example_nested_branch_dag.py
[2024-07-04T09:59:23.795+0000] {processor.py:840} INFO - DAG(s) 'example_nested_branch_dag' retrieved from /home/airflow/.local/lib/python3.12/site-packages/airflow/example_dags/example_nested_branch_dag.py
[2024-07-04T09:59:23.837+0000] {logging_mixin.py:188} INFO - [2024-07-04T09:59:23.836+0000] {dag.py:3096} INFO - Sync 1 DAGs
[2024-07-04T09:59:23.899+0000] {logging_mixin.py:188} INFO - [2024-07-04T09:59:23.899+0000] {dag.py:3954} INFO - Setting next_dagrun for example_nested_branch_dag to 2024-07-03 00:00:00+00:00, run_after=2024-07-04 00:00:00+00:00
[2024-07-04T09:59:23.949+0000] {processor.py:183} INFO - Processing /home/airflow/.local/lib/python3.12/site-packages/airflow/example_dags/example_nested_branch_dag.py took 0.192 seconds
[2024-07-04T09:59:54.292+0000] {processor.py:161} INFO - Started process (PID=2927) to work on /home/airflow/.local/lib/python3.12/site-packages/airflow/example_dags/example_nested_branch_dag.py
[2024-07-04T09:59:54.294+0000] {processor.py:830} INFO - Processing file /home/airflow/.local/lib/python3.12/site-packages/airflow/example_dags/example_nested_branch_dag.py for tasks to queue
[2024-07-04T09:59:54.297+0000] {logging_mixin.py:188} INFO - [2024-07-04T09:59:54.297+0000] {dagbag.py:545} INFO - Filling up the DagBag from /home/airflow/.local/lib/python3.12/site-packages/airflow/example_dags/example_nested_branch_dag.py
[2024-07-04T09:59:54.319+0000] {processor.py:840} INFO - DAG(s) 'example_nested_branch_dag' retrieved from /home/airflow/.local/lib/python3.12/site-packages/airflow/example_dags/example_nested_branch_dag.py
[2024-07-04T09:59:54.357+0000] {logging_mixin.py:188} INFO - [2024-07-04T09:59:54.357+0000] {dag.py:3096} INFO - Sync 1 DAGs
[2024-07-04T09:59:54.393+0000] {logging_mixin.py:188} INFO - [2024-07-04T09:59:54.392+0000] {dag.py:3954} INFO - Setting next_dagrun for example_nested_branch_dag to 2024-07-03 00:00:00+00:00, run_after=2024-07-04 00:00:00+00:00
[2024-07-04T09:59:54.432+0000] {processor.py:183} INFO - Processing /home/airflow/.local/lib/python3.12/site-packages/airflow/example_dags/example_nested_branch_dag.py took 0.147 seconds
[2024-07-04T10:00:24.539+0000] {processor.py:161} INFO - Started process (PID=2986) to work on /home/airflow/.local/lib/python3.12/site-packages/airflow/example_dags/example_nested_branch_dag.py
[2024-07-04T10:00:24.540+0000] {processor.py:830} INFO - Processing file /home/airflow/.local/lib/python3.12/site-packages/airflow/example_dags/example_nested_branch_dag.py for tasks to queue
[2024-07-04T10:00:24.543+0000] {logging_mixin.py:188} INFO - [2024-07-04T10:00:24.542+0000] {dagbag.py:545} INFO - Filling up the DagBag from /home/airflow/.local/lib/python3.12/site-packages/airflow/example_dags/example_nested_branch_dag.py
[2024-07-04T10:00:24.553+0000] {processor.py:840} INFO - DAG(s) 'example_nested_branch_dag' retrieved from /home/airflow/.local/lib/python3.12/site-packages/airflow/example_dags/example_nested_branch_dag.py
[2024-07-04T10:00:24.577+0000] {logging_mixin.py:188} INFO - [2024-07-04T10:00:24.576+0000] {dag.py:3096} INFO - Sync 1 DAGs
[2024-07-04T10:00:24.599+0000] {logging_mixin.py:188} INFO - [2024-07-04T10:00:24.598+0000] {dag.py:3954} INFO - Setting next_dagrun for example_nested_branch_dag to 2024-07-03 00:00:00+00:00, run_after=2024-07-04 00:00:00+00:00
[2024-07-04T10:00:24.620+0000] {processor.py:183} INFO - Processing /home/airflow/.local/lib/python3.12/site-packages/airflow/example_dags/example_nested_branch_dag.py took 0.087 seconds
[2024-07-04T10:00:54.892+0000] {processor.py:161} INFO - Started process (PID=3047) to work on /home/airflow/.local/lib/python3.12/site-packages/airflow/example_dags/example_nested_branch_dag.py
[2024-07-04T10:00:54.895+0000] {processor.py:830} INFO - Processing file /home/airflow/.local/lib/python3.12/site-packages/airflow/example_dags/example_nested_branch_dag.py for tasks to queue
[2024-07-04T10:00:54.899+0000] {logging_mixin.py:188} INFO - [2024-07-04T10:00:54.898+0000] {dagbag.py:545} INFO - Filling up the DagBag from /home/airflow/.local/lib/python3.12/site-packages/airflow/example_dags/example_nested_branch_dag.py
[2024-07-04T10:00:54.918+0000] {processor.py:840} INFO - DAG(s) 'example_nested_branch_dag' retrieved from /home/airflow/.local/lib/python3.12/site-packages/airflow/example_dags/example_nested_branch_dag.py
[2024-07-04T10:00:54.945+0000] {logging_mixin.py:188} INFO - [2024-07-04T10:00:54.945+0000] {dag.py:3096} INFO - Sync 1 DAGs
[2024-07-04T10:00:54.977+0000] {logging_mixin.py:188} INFO - [2024-07-04T10:00:54.976+0000] {dag.py:3954} INFO - Setting next_dagrun for example_nested_branch_dag to 2024-07-03 00:00:00+00:00, run_after=2024-07-04 00:00:00+00:00
[2024-07-04T10:00:55.006+0000] {processor.py:183} INFO - Processing /home/airflow/.local/lib/python3.12/site-packages/airflow/example_dags/example_nested_branch_dag.py took 0.122 seconds
[2024-07-04T10:01:25.227+0000] {processor.py:161} INFO - Started process (PID=3105) to work on /home/airflow/.local/lib/python3.12/site-packages/airflow/example_dags/example_nested_branch_dag.py
[2024-07-04T10:01:25.231+0000] {processor.py:830} INFO - Processing file /home/airflow/.local/lib/python3.12/site-packages/airflow/example_dags/example_nested_branch_dag.py for tasks to queue
[2024-07-04T10:01:25.241+0000] {logging_mixin.py:188} INFO - [2024-07-04T10:01:25.241+0000] {dagbag.py:545} INFO - Filling up the DagBag from /home/airflow/.local/lib/python3.12/site-packages/airflow/example_dags/example_nested_branch_dag.py
[2024-07-04T10:01:25.267+0000] {processor.py:840} INFO - DAG(s) 'example_nested_branch_dag' retrieved from /home/airflow/.local/lib/python3.12/site-packages/airflow/example_dags/example_nested_branch_dag.py
[2024-07-04T10:01:25.352+0000] {logging_mixin.py:188} INFO - [2024-07-04T10:01:25.351+0000] {dag.py:3096} INFO - Sync 1 DAGs
[2024-07-04T10:01:25.434+0000] {logging_mixin.py:188} INFO - [2024-07-04T10:01:25.433+0000] {dag.py:3954} INFO - Setting next_dagrun for example_nested_branch_dag to 2024-07-03 00:00:00+00:00, run_after=2024-07-04 00:00:00+00:00
[2024-07-04T10:01:25.530+0000] {processor.py:183} INFO - Processing /home/airflow/.local/lib/python3.12/site-packages/airflow/example_dags/example_nested_branch_dag.py took 0.312 seconds
[2024-07-04T10:01:56.196+0000] {processor.py:161} INFO - Started process (PID=3166) to work on /home/airflow/.local/lib/python3.12/site-packages/airflow/example_dags/example_nested_branch_dag.py
[2024-07-04T10:01:56.203+0000] {processor.py:830} INFO - Processing file /home/airflow/.local/lib/python3.12/site-packages/airflow/example_dags/example_nested_branch_dag.py for tasks to queue
[2024-07-04T10:01:56.206+0000] {logging_mixin.py:188} INFO - [2024-07-04T10:01:56.205+0000] {dagbag.py:545} INFO - Filling up the DagBag from /home/airflow/.local/lib/python3.12/site-packages/airflow/example_dags/example_nested_branch_dag.py
[2024-07-04T10:01:56.215+0000] {processor.py:840} INFO - DAG(s) 'example_nested_branch_dag' retrieved from /home/airflow/.local/lib/python3.12/site-packages/airflow/example_dags/example_nested_branch_dag.py
[2024-07-04T10:01:56.248+0000] {logging_mixin.py:188} INFO - [2024-07-04T10:01:56.248+0000] {dag.py:3096} INFO - Sync 1 DAGs
[2024-07-04T10:01:56.309+0000] {logging_mixin.py:188} INFO - [2024-07-04T10:01:56.309+0000] {dag.py:3954} INFO - Setting next_dagrun for example_nested_branch_dag to 2024-07-03 00:00:00+00:00, run_after=2024-07-04 00:00:00+00:00
[2024-07-04T10:01:56.388+0000] {processor.py:183} INFO - Processing /home/airflow/.local/lib/python3.12/site-packages/airflow/example_dags/example_nested_branch_dag.py took 0.197 seconds
[2024-07-04T10:02:27.367+0000] {processor.py:161} INFO - Started process (PID=3225) to work on /home/airflow/.local/lib/python3.12/site-packages/airflow/example_dags/example_nested_branch_dag.py
[2024-07-04T10:02:27.369+0000] {processor.py:830} INFO - Processing file /home/airflow/.local/lib/python3.12/site-packages/airflow/example_dags/example_nested_branch_dag.py for tasks to queue
[2024-07-04T10:02:27.379+0000] {logging_mixin.py:188} INFO - [2024-07-04T10:02:27.378+0000] {dagbag.py:545} INFO - Filling up the DagBag from /home/airflow/.local/lib/python3.12/site-packages/airflow/example_dags/example_nested_branch_dag.py
[2024-07-04T10:02:27.392+0000] {processor.py:840} INFO - DAG(s) 'example_nested_branch_dag' retrieved from /home/airflow/.local/lib/python3.12/site-packages/airflow/example_dags/example_nested_branch_dag.py
[2024-07-04T10:02:27.448+0000] {logging_mixin.py:188} INFO - [2024-07-04T10:02:27.447+0000] {dag.py:3096} INFO - Sync 1 DAGs
[2024-07-04T10:02:27.489+0000] {logging_mixin.py:188} INFO - [2024-07-04T10:02:27.489+0000] {dag.py:3954} INFO - Setting next_dagrun for example_nested_branch_dag to 2024-07-03 00:00:00+00:00, run_after=2024-07-04 00:00:00+00:00
[2024-07-04T10:02:27.541+0000] {processor.py:183} INFO - Processing /home/airflow/.local/lib/python3.12/site-packages/airflow/example_dags/example_nested_branch_dag.py took 0.188 seconds
[2024-07-04T10:02:57.960+0000] {processor.py:161} INFO - Started process (PID=3285) to work on /home/airflow/.local/lib/python3.12/site-packages/airflow/example_dags/example_nested_branch_dag.py
[2024-07-04T10:02:57.961+0000] {processor.py:830} INFO - Processing file /home/airflow/.local/lib/python3.12/site-packages/airflow/example_dags/example_nested_branch_dag.py for tasks to queue
[2024-07-04T10:02:57.964+0000] {logging_mixin.py:188} INFO - [2024-07-04T10:02:57.963+0000] {dagbag.py:545} INFO - Filling up the DagBag from /home/airflow/.local/lib/python3.12/site-packages/airflow/example_dags/example_nested_branch_dag.py
[2024-07-04T10:02:57.975+0000] {processor.py:840} INFO - DAG(s) 'example_nested_branch_dag' retrieved from /home/airflow/.local/lib/python3.12/site-packages/airflow/example_dags/example_nested_branch_dag.py
[2024-07-04T10:02:58.007+0000] {logging_mixin.py:188} INFO - [2024-07-04T10:02:58.007+0000] {dag.py:3096} INFO - Sync 1 DAGs
[2024-07-04T10:02:58.034+0000] {logging_mixin.py:188} INFO - [2024-07-04T10:02:58.034+0000] {dag.py:3954} INFO - Setting next_dagrun for example_nested_branch_dag to 2024-07-03 00:00:00+00:00, run_after=2024-07-04 00:00:00+00:00
[2024-07-04T10:02:58.062+0000] {processor.py:183} INFO - Processing /home/airflow/.local/lib/python3.12/site-packages/airflow/example_dags/example_nested_branch_dag.py took 0.109 seconds
[2024-07-04T10:03:28.976+0000] {processor.py:161} INFO - Started process (PID=3344) to work on /home/airflow/.local/lib/python3.12/site-packages/airflow/example_dags/example_nested_branch_dag.py
[2024-07-04T10:03:28.979+0000] {processor.py:830} INFO - Processing file /home/airflow/.local/lib/python3.12/site-packages/airflow/example_dags/example_nested_branch_dag.py for tasks to queue
[2024-07-04T10:03:28.982+0000] {logging_mixin.py:188} INFO - [2024-07-04T10:03:28.982+0000] {dagbag.py:545} INFO - Filling up the DagBag from /home/airflow/.local/lib/python3.12/site-packages/airflow/example_dags/example_nested_branch_dag.py
[2024-07-04T10:03:29.000+0000] {processor.py:840} INFO - DAG(s) 'example_nested_branch_dag' retrieved from /home/airflow/.local/lib/python3.12/site-packages/airflow/example_dags/example_nested_branch_dag.py
[2024-07-04T10:03:29.052+0000] {logging_mixin.py:188} INFO - [2024-07-04T10:03:29.051+0000] {dag.py:3096} INFO - Sync 1 DAGs
[2024-07-04T10:03:29.101+0000] {logging_mixin.py:188} INFO - [2024-07-04T10:03:29.100+0000] {dag.py:3954} INFO - Setting next_dagrun for example_nested_branch_dag to 2024-07-03 00:00:00+00:00, run_after=2024-07-04 00:00:00+00:00
[2024-07-04T10:03:29.137+0000] {processor.py:183} INFO - Processing /home/airflow/.local/lib/python3.12/site-packages/airflow/example_dags/example_nested_branch_dag.py took 0.171 seconds
