[2024-07-04T09:34:53.439+0000] {processor.py:161} INFO - Started process (PID=55) to work on /home/airflow/.local/lib/python3.12/site-packages/airflow/example_dags/example_complex.py
[2024-07-04T09:34:53.457+0000] {processor.py:830} INFO - Processing file /home/airflow/.local/lib/python3.12/site-packages/airflow/example_dags/example_complex.py for tasks to queue
[2024-07-04T09:34:53.485+0000] {logging_mixin.py:188} INFO - [2024-07-04T09:34:53.485+0000] {dagbag.py:545} INFO - Filling up the DagBag from /home/airflow/.local/lib/python3.12/site-packages/airflow/example_dags/example_complex.py
[2024-07-04T09:34:53.579+0000] {processor.py:840} INFO - DAG(s) 'example_complex' retrieved from /home/airflow/.local/lib/python3.12/site-packages/airflow/example_dags/example_complex.py
[2024-07-04T09:34:55.369+0000] {logging_mixin.py:188} INFO - [2024-07-04T09:34:55.368+0000] {dag.py:3096} INFO - Sync 1 DAGs
[2024-07-04T09:34:55.422+0000] {logging_mixin.py:188} INFO - [2024-07-04T09:34:55.422+0000] {dag.py:3954} INFO - Setting next_dagrun for example_complex to None, run_after=None
[2024-07-04T09:34:55.579+0000] {processor.py:183} INFO - Processing /home/airflow/.local/lib/python3.12/site-packages/airflow/example_dags/example_complex.py took 2.157 seconds
[2024-07-04T09:35:26.393+0000] {processor.py:161} INFO - Started process (PID=113) to work on /home/airflow/.local/lib/python3.12/site-packages/airflow/example_dags/example_complex.py
[2024-07-04T09:35:26.394+0000] {processor.py:830} INFO - Processing file /home/airflow/.local/lib/python3.12/site-packages/airflow/example_dags/example_complex.py for tasks to queue
[2024-07-04T09:35:26.396+0000] {logging_mixin.py:188} INFO - [2024-07-04T09:35:26.396+0000] {dagbag.py:545} INFO - Filling up the DagBag from /home/airflow/.local/lib/python3.12/site-packages/airflow/example_dags/example_complex.py
[2024-07-04T09:35:26.405+0000] {processor.py:840} INFO - DAG(s) 'example_complex' retrieved from /home/airflow/.local/lib/python3.12/site-packages/airflow/example_dags/example_complex.py
[2024-07-04T09:35:26.439+0000] {logging_mixin.py:188} INFO - [2024-07-04T09:35:26.438+0000] {dag.py:3096} INFO - Sync 1 DAGs
[2024-07-04T09:35:26.451+0000] {logging_mixin.py:188} INFO - [2024-07-04T09:35:26.450+0000] {dag.py:3954} INFO - Setting next_dagrun for example_complex to None, run_after=None
[2024-07-04T09:35:26.470+0000] {processor.py:183} INFO - Processing /home/airflow/.local/lib/python3.12/site-packages/airflow/example_dags/example_complex.py took 0.081 seconds
[2024-07-04T09:35:56.775+0000] {processor.py:161} INFO - Started process (PID=172) to work on /home/airflow/.local/lib/python3.12/site-packages/airflow/example_dags/example_complex.py
[2024-07-04T09:35:56.779+0000] {processor.py:830} INFO - Processing file /home/airflow/.local/lib/python3.12/site-packages/airflow/example_dags/example_complex.py for tasks to queue
[2024-07-04T09:35:56.781+0000] {logging_mixin.py:188} INFO - [2024-07-04T09:35:56.781+0000] {dagbag.py:545} INFO - Filling up the DagBag from /home/airflow/.local/lib/python3.12/site-packages/airflow/example_dags/example_complex.py
[2024-07-04T09:35:56.791+0000] {processor.py:840} INFO - DAG(s) 'example_complex' retrieved from /home/airflow/.local/lib/python3.12/site-packages/airflow/example_dags/example_complex.py
[2024-07-04T09:35:56.827+0000] {logging_mixin.py:188} INFO - [2024-07-04T09:35:56.827+0000] {dag.py:3096} INFO - Sync 1 DAGs
[2024-07-04T09:35:56.840+0000] {logging_mixin.py:188} INFO - [2024-07-04T09:35:56.839+0000] {dag.py:3954} INFO - Setting next_dagrun for example_complex to None, run_after=None
[2024-07-04T09:35:56.860+0000] {processor.py:183} INFO - Processing /home/airflow/.local/lib/python3.12/site-packages/airflow/example_dags/example_complex.py took 0.103 seconds
[2024-07-04T09:36:30.924+0000] {processor.py:161} INFO - Started process (PID=237) to work on /home/airflow/.local/lib/python3.12/site-packages/airflow/example_dags/example_complex.py
[2024-07-04T09:36:30.966+0000] {processor.py:830} INFO - Processing file /home/airflow/.local/lib/python3.12/site-packages/airflow/example_dags/example_complex.py for tasks to queue
[2024-07-04T09:36:31.030+0000] {logging_mixin.py:188} INFO - [2024-07-04T09:36:31.030+0000] {dagbag.py:545} INFO - Filling up the DagBag from /home/airflow/.local/lib/python3.12/site-packages/airflow/example_dags/example_complex.py
[2024-07-04T09:36:31.068+0000] {processor.py:840} INFO - DAG(s) 'example_complex' retrieved from /home/airflow/.local/lib/python3.12/site-packages/airflow/example_dags/example_complex.py
[2024-07-04T09:36:31.113+0000] {logging_mixin.py:188} INFO - [2024-07-04T09:36:31.113+0000] {dag.py:3096} INFO - Sync 1 DAGs
[2024-07-04T09:36:31.151+0000] {logging_mixin.py:188} INFO - [2024-07-04T09:36:31.151+0000] {dag.py:3954} INFO - Setting next_dagrun for example_complex to None, run_after=None
[2024-07-04T09:36:31.194+0000] {processor.py:183} INFO - Processing /home/airflow/.local/lib/python3.12/site-packages/airflow/example_dags/example_complex.py took 0.536 seconds
[2024-07-04T09:37:01.296+0000] {processor.py:161} INFO - Started process (PID=294) to work on /home/airflow/.local/lib/python3.12/site-packages/airflow/example_dags/example_complex.py
[2024-07-04T09:37:01.297+0000] {processor.py:830} INFO - Processing file /home/airflow/.local/lib/python3.12/site-packages/airflow/example_dags/example_complex.py for tasks to queue
[2024-07-04T09:37:01.299+0000] {logging_mixin.py:188} INFO - [2024-07-04T09:37:01.299+0000] {dagbag.py:545} INFO - Filling up the DagBag from /home/airflow/.local/lib/python3.12/site-packages/airflow/example_dags/example_complex.py
[2024-07-04T09:37:01.330+0000] {processor.py:840} INFO - DAG(s) 'example_complex' retrieved from /home/airflow/.local/lib/python3.12/site-packages/airflow/example_dags/example_complex.py
[2024-07-04T09:37:01.459+0000] {logging_mixin.py:188} INFO - [2024-07-04T09:37:01.459+0000] {dag.py:3096} INFO - Sync 1 DAGs
[2024-07-04T09:37:01.492+0000] {logging_mixin.py:188} INFO - [2024-07-04T09:37:01.492+0000] {dag.py:3954} INFO - Setting next_dagrun for example_complex to None, run_after=None
[2024-07-04T09:37:01.629+0000] {processor.py:183} INFO - Processing /home/airflow/.local/lib/python3.12/site-packages/airflow/example_dags/example_complex.py took 0.341 seconds
[2024-07-04T09:37:32.189+0000] {processor.py:161} INFO - Started process (PID=353) to work on /home/airflow/.local/lib/python3.12/site-packages/airflow/example_dags/example_complex.py
[2024-07-04T09:37:32.191+0000] {processor.py:830} INFO - Processing file /home/airflow/.local/lib/python3.12/site-packages/airflow/example_dags/example_complex.py for tasks to queue
[2024-07-04T09:37:32.194+0000] {logging_mixin.py:188} INFO - [2024-07-04T09:37:32.193+0000] {dagbag.py:545} INFO - Filling up the DagBag from /home/airflow/.local/lib/python3.12/site-packages/airflow/example_dags/example_complex.py
[2024-07-04T09:37:32.203+0000] {processor.py:840} INFO - DAG(s) 'example_complex' retrieved from /home/airflow/.local/lib/python3.12/site-packages/airflow/example_dags/example_complex.py
[2024-07-04T09:37:32.233+0000] {logging_mixin.py:188} INFO - [2024-07-04T09:37:32.232+0000] {dag.py:3096} INFO - Sync 1 DAGs
[2024-07-04T09:37:32.245+0000] {logging_mixin.py:188} INFO - [2024-07-04T09:37:32.245+0000] {dag.py:3954} INFO - Setting next_dagrun for example_complex to None, run_after=None
[2024-07-04T09:37:32.271+0000] {processor.py:183} INFO - Processing /home/airflow/.local/lib/python3.12/site-packages/airflow/example_dags/example_complex.py took 0.086 seconds
[2024-07-04T09:38:02.637+0000] {processor.py:161} INFO - Started process (PID=412) to work on /home/airflow/.local/lib/python3.12/site-packages/airflow/example_dags/example_complex.py
[2024-07-04T09:38:02.639+0000] {processor.py:830} INFO - Processing file /home/airflow/.local/lib/python3.12/site-packages/airflow/example_dags/example_complex.py for tasks to queue
[2024-07-04T09:38:02.641+0000] {logging_mixin.py:188} INFO - [2024-07-04T09:38:02.641+0000] {dagbag.py:545} INFO - Filling up the DagBag from /home/airflow/.local/lib/python3.12/site-packages/airflow/example_dags/example_complex.py
[2024-07-04T09:38:02.653+0000] {processor.py:840} INFO - DAG(s) 'example_complex' retrieved from /home/airflow/.local/lib/python3.12/site-packages/airflow/example_dags/example_complex.py
[2024-07-04T09:38:02.687+0000] {logging_mixin.py:188} INFO - [2024-07-04T09:38:02.686+0000] {dag.py:3096} INFO - Sync 1 DAGs
[2024-07-04T09:38:02.700+0000] {logging_mixin.py:188} INFO - [2024-07-04T09:38:02.699+0000] {dag.py:3954} INFO - Setting next_dagrun for example_complex to None, run_after=None
[2024-07-04T09:38:02.717+0000] {processor.py:183} INFO - Processing /home/airflow/.local/lib/python3.12/site-packages/airflow/example_dags/example_complex.py took 0.086 seconds
[2024-07-04T09:38:33.014+0000] {processor.py:161} INFO - Started process (PID=472) to work on /home/airflow/.local/lib/python3.12/site-packages/airflow/example_dags/example_complex.py
[2024-07-04T09:38:33.016+0000] {processor.py:830} INFO - Processing file /home/airflow/.local/lib/python3.12/site-packages/airflow/example_dags/example_complex.py for tasks to queue
[2024-07-04T09:38:33.018+0000] {logging_mixin.py:188} INFO - [2024-07-04T09:38:33.017+0000] {dagbag.py:545} INFO - Filling up the DagBag from /home/airflow/.local/lib/python3.12/site-packages/airflow/example_dags/example_complex.py
[2024-07-04T09:38:33.029+0000] {processor.py:840} INFO - DAG(s) 'example_complex' retrieved from /home/airflow/.local/lib/python3.12/site-packages/airflow/example_dags/example_complex.py
[2024-07-04T09:38:33.062+0000] {logging_mixin.py:188} INFO - [2024-07-04T09:38:33.062+0000] {dag.py:3096} INFO - Sync 1 DAGs
[2024-07-04T09:38:33.076+0000] {logging_mixin.py:188} INFO - [2024-07-04T09:38:33.075+0000] {dag.py:3954} INFO - Setting next_dagrun for example_complex to None, run_after=None
[2024-07-04T09:38:33.095+0000] {processor.py:183} INFO - Processing /home/airflow/.local/lib/python3.12/site-packages/airflow/example_dags/example_complex.py took 0.086 seconds
[2024-07-04T09:39:03.341+0000] {processor.py:161} INFO - Started process (PID=531) to work on /home/airflow/.local/lib/python3.12/site-packages/airflow/example_dags/example_complex.py
[2024-07-04T09:39:03.343+0000] {processor.py:830} INFO - Processing file /home/airflow/.local/lib/python3.12/site-packages/airflow/example_dags/example_complex.py for tasks to queue
[2024-07-04T09:39:03.345+0000] {logging_mixin.py:188} INFO - [2024-07-04T09:39:03.345+0000] {dagbag.py:545} INFO - Filling up the DagBag from /home/airflow/.local/lib/python3.12/site-packages/airflow/example_dags/example_complex.py
[2024-07-04T09:39:03.357+0000] {processor.py:840} INFO - DAG(s) 'example_complex' retrieved from /home/airflow/.local/lib/python3.12/site-packages/airflow/example_dags/example_complex.py
[2024-07-04T09:39:03.406+0000] {logging_mixin.py:188} INFO - [2024-07-04T09:39:03.406+0000] {dag.py:3096} INFO - Sync 1 DAGs
[2024-07-04T09:39:03.419+0000] {logging_mixin.py:188} INFO - [2024-07-04T09:39:03.419+0000] {dag.py:3954} INFO - Setting next_dagrun for example_complex to None, run_after=None
[2024-07-04T09:39:03.441+0000] {processor.py:183} INFO - Processing /home/airflow/.local/lib/python3.12/site-packages/airflow/example_dags/example_complex.py took 0.106 seconds
[2024-07-04T09:39:33.706+0000] {processor.py:161} INFO - Started process (PID=590) to work on /home/airflow/.local/lib/python3.12/site-packages/airflow/example_dags/example_complex.py
[2024-07-04T09:39:33.708+0000] {processor.py:830} INFO - Processing file /home/airflow/.local/lib/python3.12/site-packages/airflow/example_dags/example_complex.py for tasks to queue
[2024-07-04T09:39:33.710+0000] {logging_mixin.py:188} INFO - [2024-07-04T09:39:33.710+0000] {dagbag.py:545} INFO - Filling up the DagBag from /home/airflow/.local/lib/python3.12/site-packages/airflow/example_dags/example_complex.py
[2024-07-04T09:39:33.720+0000] {processor.py:840} INFO - DAG(s) 'example_complex' retrieved from /home/airflow/.local/lib/python3.12/site-packages/airflow/example_dags/example_complex.py
[2024-07-04T09:39:33.758+0000] {logging_mixin.py:188} INFO - [2024-07-04T09:39:33.758+0000] {dag.py:3096} INFO - Sync 1 DAGs
[2024-07-04T09:39:33.769+0000] {logging_mixin.py:188} INFO - [2024-07-04T09:39:33.769+0000] {dag.py:3954} INFO - Setting next_dagrun for example_complex to None, run_after=None
[2024-07-04T09:39:33.787+0000] {processor.py:183} INFO - Processing /home/airflow/.local/lib/python3.12/site-packages/airflow/example_dags/example_complex.py took 0.085 seconds
[2024-07-04T09:40:03.843+0000] {processor.py:161} INFO - Started process (PID=649) to work on /home/airflow/.local/lib/python3.12/site-packages/airflow/example_dags/example_complex.py
[2024-07-04T09:40:03.844+0000] {processor.py:830} INFO - Processing file /home/airflow/.local/lib/python3.12/site-packages/airflow/example_dags/example_complex.py for tasks to queue
[2024-07-04T09:40:03.846+0000] {logging_mixin.py:188} INFO - [2024-07-04T09:40:03.846+0000] {dagbag.py:545} INFO - Filling up the DagBag from /home/airflow/.local/lib/python3.12/site-packages/airflow/example_dags/example_complex.py
[2024-07-04T09:40:03.855+0000] {processor.py:840} INFO - DAG(s) 'example_complex' retrieved from /home/airflow/.local/lib/python3.12/site-packages/airflow/example_dags/example_complex.py
[2024-07-04T09:40:03.884+0000] {logging_mixin.py:188} INFO - [2024-07-04T09:40:03.883+0000] {dag.py:3096} INFO - Sync 1 DAGs
[2024-07-04T09:40:03.895+0000] {logging_mixin.py:188} INFO - [2024-07-04T09:40:03.895+0000] {dag.py:3954} INFO - Setting next_dagrun for example_complex to None, run_after=None
[2024-07-04T09:40:03.917+0000] {processor.py:183} INFO - Processing /home/airflow/.local/lib/python3.12/site-packages/airflow/example_dags/example_complex.py took 0.078 seconds
[2024-07-04T09:40:34.281+0000] {processor.py:161} INFO - Started process (PID=708) to work on /home/airflow/.local/lib/python3.12/site-packages/airflow/example_dags/example_complex.py
[2024-07-04T09:40:34.283+0000] {processor.py:830} INFO - Processing file /home/airflow/.local/lib/python3.12/site-packages/airflow/example_dags/example_complex.py for tasks to queue
[2024-07-04T09:40:34.285+0000] {logging_mixin.py:188} INFO - [2024-07-04T09:40:34.284+0000] {dagbag.py:545} INFO - Filling up the DagBag from /home/airflow/.local/lib/python3.12/site-packages/airflow/example_dags/example_complex.py
[2024-07-04T09:40:34.297+0000] {processor.py:840} INFO - DAG(s) 'example_complex' retrieved from /home/airflow/.local/lib/python3.12/site-packages/airflow/example_dags/example_complex.py
[2024-07-04T09:40:34.337+0000] {logging_mixin.py:188} INFO - [2024-07-04T09:40:34.336+0000] {dag.py:3096} INFO - Sync 1 DAGs
[2024-07-04T09:40:34.351+0000] {logging_mixin.py:188} INFO - [2024-07-04T09:40:34.351+0000] {dag.py:3954} INFO - Setting next_dagrun for example_complex to None, run_after=None
[2024-07-04T09:40:34.375+0000] {processor.py:183} INFO - Processing /home/airflow/.local/lib/python3.12/site-packages/airflow/example_dags/example_complex.py took 0.099 seconds
[2024-07-04T09:41:04.584+0000] {processor.py:161} INFO - Started process (PID=768) to work on /home/airflow/.local/lib/python3.12/site-packages/airflow/example_dags/example_complex.py
[2024-07-04T09:41:04.586+0000] {processor.py:830} INFO - Processing file /home/airflow/.local/lib/python3.12/site-packages/airflow/example_dags/example_complex.py for tasks to queue
[2024-07-04T09:41:04.589+0000] {logging_mixin.py:188} INFO - [2024-07-04T09:41:04.589+0000] {dagbag.py:545} INFO - Filling up the DagBag from /home/airflow/.local/lib/python3.12/site-packages/airflow/example_dags/example_complex.py
[2024-07-04T09:41:04.603+0000] {processor.py:840} INFO - DAG(s) 'example_complex' retrieved from /home/airflow/.local/lib/python3.12/site-packages/airflow/example_dags/example_complex.py
[2024-07-04T09:41:04.656+0000] {logging_mixin.py:188} INFO - [2024-07-04T09:41:04.656+0000] {dag.py:3096} INFO - Sync 1 DAGs
[2024-07-04T09:41:04.670+0000] {logging_mixin.py:188} INFO - [2024-07-04T09:41:04.670+0000] {dag.py:3954} INFO - Setting next_dagrun for example_complex to None, run_after=None
[2024-07-04T09:41:04.748+0000] {processor.py:183} INFO - Processing /home/airflow/.local/lib/python3.12/site-packages/airflow/example_dags/example_complex.py took 0.173 seconds
[2024-07-04T09:41:34.994+0000] {processor.py:161} INFO - Started process (PID=827) to work on /home/airflow/.local/lib/python3.12/site-packages/airflow/example_dags/example_complex.py
[2024-07-04T09:41:34.995+0000] {processor.py:830} INFO - Processing file /home/airflow/.local/lib/python3.12/site-packages/airflow/example_dags/example_complex.py for tasks to queue
[2024-07-04T09:41:34.997+0000] {logging_mixin.py:188} INFO - [2024-07-04T09:41:34.997+0000] {dagbag.py:545} INFO - Filling up the DagBag from /home/airflow/.local/lib/python3.12/site-packages/airflow/example_dags/example_complex.py
[2024-07-04T09:41:35.007+0000] {processor.py:840} INFO - DAG(s) 'example_complex' retrieved from /home/airflow/.local/lib/python3.12/site-packages/airflow/example_dags/example_complex.py
[2024-07-04T09:41:35.039+0000] {logging_mixin.py:188} INFO - [2024-07-04T09:41:35.039+0000] {dag.py:3096} INFO - Sync 1 DAGs
[2024-07-04T09:41:35.050+0000] {logging_mixin.py:188} INFO - [2024-07-04T09:41:35.050+0000] {dag.py:3954} INFO - Setting next_dagrun for example_complex to None, run_after=None
[2024-07-04T09:41:35.068+0000] {processor.py:183} INFO - Processing /home/airflow/.local/lib/python3.12/site-packages/airflow/example_dags/example_complex.py took 0.079 seconds
[2024-07-04T09:42:06.118+0000] {processor.py:161} INFO - Started process (PID=885) to work on /home/airflow/.local/lib/python3.12/site-packages/airflow/example_dags/example_complex.py
[2024-07-04T09:42:06.121+0000] {processor.py:830} INFO - Processing file /home/airflow/.local/lib/python3.12/site-packages/airflow/example_dags/example_complex.py for tasks to queue
[2024-07-04T09:42:06.124+0000] {logging_mixin.py:188} INFO - [2024-07-04T09:42:06.124+0000] {dagbag.py:545} INFO - Filling up the DagBag from /home/airflow/.local/lib/python3.12/site-packages/airflow/example_dags/example_complex.py
[2024-07-04T09:42:06.142+0000] {processor.py:840} INFO - DAG(s) 'example_complex' retrieved from /home/airflow/.local/lib/python3.12/site-packages/airflow/example_dags/example_complex.py
[2024-07-04T09:42:06.206+0000] {logging_mixin.py:188} INFO - [2024-07-04T09:42:06.205+0000] {dag.py:3096} INFO - Sync 1 DAGs
[2024-07-04T09:42:06.226+0000] {logging_mixin.py:188} INFO - [2024-07-04T09:42:06.226+0000] {dag.py:3954} INFO - Setting next_dagrun for example_complex to None, run_after=None
[2024-07-04T09:42:06.256+0000] {processor.py:183} INFO - Processing /home/airflow/.local/lib/python3.12/site-packages/airflow/example_dags/example_complex.py took 0.146 seconds
[2024-07-04T09:42:37.277+0000] {processor.py:161} INFO - Started process (PID=945) to work on /home/airflow/.local/lib/python3.12/site-packages/airflow/example_dags/example_complex.py
[2024-07-04T09:42:37.282+0000] {processor.py:830} INFO - Processing file /home/airflow/.local/lib/python3.12/site-packages/airflow/example_dags/example_complex.py for tasks to queue
[2024-07-04T09:42:37.292+0000] {logging_mixin.py:188} INFO - [2024-07-04T09:42:37.292+0000] {dagbag.py:545} INFO - Filling up the DagBag from /home/airflow/.local/lib/python3.12/site-packages/airflow/example_dags/example_complex.py
[2024-07-04T09:42:37.310+0000] {processor.py:840} INFO - DAG(s) 'example_complex' retrieved from /home/airflow/.local/lib/python3.12/site-packages/airflow/example_dags/example_complex.py
[2024-07-04T09:42:37.418+0000] {logging_mixin.py:188} INFO - [2024-07-04T09:42:37.418+0000] {dag.py:3096} INFO - Sync 1 DAGs
[2024-07-04T09:42:37.495+0000] {logging_mixin.py:188} INFO - [2024-07-04T09:42:37.495+0000] {dag.py:3954} INFO - Setting next_dagrun for example_complex to None, run_after=None
[2024-07-04T09:42:37.558+0000] {processor.py:183} INFO - Processing /home/airflow/.local/lib/python3.12/site-packages/airflow/example_dags/example_complex.py took 0.287 seconds
[2024-07-04T09:43:08.281+0000] {processor.py:161} INFO - Started process (PID=1005) to work on /home/airflow/.local/lib/python3.12/site-packages/airflow/example_dags/example_complex.py
[2024-07-04T09:43:08.283+0000] {processor.py:830} INFO - Processing file /home/airflow/.local/lib/python3.12/site-packages/airflow/example_dags/example_complex.py for tasks to queue
[2024-07-04T09:43:08.286+0000] {logging_mixin.py:188} INFO - [2024-07-04T09:43:08.285+0000] {dagbag.py:545} INFO - Filling up the DagBag from /home/airflow/.local/lib/python3.12/site-packages/airflow/example_dags/example_complex.py
[2024-07-04T09:43:08.301+0000] {processor.py:840} INFO - DAG(s) 'example_complex' retrieved from /home/airflow/.local/lib/python3.12/site-packages/airflow/example_dags/example_complex.py
[2024-07-04T09:43:08.339+0000] {logging_mixin.py:188} INFO - [2024-07-04T09:43:08.339+0000] {dag.py:3096} INFO - Sync 1 DAGs
[2024-07-04T09:43:08.355+0000] {logging_mixin.py:188} INFO - [2024-07-04T09:43:08.355+0000] {dag.py:3954} INFO - Setting next_dagrun for example_complex to None, run_after=None
[2024-07-04T09:43:08.384+0000] {processor.py:183} INFO - Processing /home/airflow/.local/lib/python3.12/site-packages/airflow/example_dags/example_complex.py took 0.107 seconds
[2024-07-04T09:43:38.699+0000] {processor.py:161} INFO - Started process (PID=1064) to work on /home/airflow/.local/lib/python3.12/site-packages/airflow/example_dags/example_complex.py
[2024-07-04T09:43:38.700+0000] {processor.py:830} INFO - Processing file /home/airflow/.local/lib/python3.12/site-packages/airflow/example_dags/example_complex.py for tasks to queue
[2024-07-04T09:43:38.703+0000] {logging_mixin.py:188} INFO - [2024-07-04T09:43:38.703+0000] {dagbag.py:545} INFO - Filling up the DagBag from /home/airflow/.local/lib/python3.12/site-packages/airflow/example_dags/example_complex.py
[2024-07-04T09:43:38.714+0000] {processor.py:840} INFO - DAG(s) 'example_complex' retrieved from /home/airflow/.local/lib/python3.12/site-packages/airflow/example_dags/example_complex.py
[2024-07-04T09:43:38.754+0000] {logging_mixin.py:188} INFO - [2024-07-04T09:43:38.754+0000] {dag.py:3096} INFO - Sync 1 DAGs
[2024-07-04T09:43:38.766+0000] {logging_mixin.py:188} INFO - [2024-07-04T09:43:38.766+0000] {dag.py:3954} INFO - Setting next_dagrun for example_complex to None, run_after=None
[2024-07-04T09:43:38.787+0000] {processor.py:183} INFO - Processing /home/airflow/.local/lib/python3.12/site-packages/airflow/example_dags/example_complex.py took 0.097 seconds
[2024-07-04T09:44:09.070+0000] {processor.py:161} INFO - Started process (PID=1123) to work on /home/airflow/.local/lib/python3.12/site-packages/airflow/example_dags/example_complex.py
[2024-07-04T09:44:09.071+0000] {processor.py:830} INFO - Processing file /home/airflow/.local/lib/python3.12/site-packages/airflow/example_dags/example_complex.py for tasks to queue
[2024-07-04T09:44:09.073+0000] {logging_mixin.py:188} INFO - [2024-07-04T09:44:09.072+0000] {dagbag.py:545} INFO - Filling up the DagBag from /home/airflow/.local/lib/python3.12/site-packages/airflow/example_dags/example_complex.py
[2024-07-04T09:44:09.082+0000] {processor.py:840} INFO - DAG(s) 'example_complex' retrieved from /home/airflow/.local/lib/python3.12/site-packages/airflow/example_dags/example_complex.py
[2024-07-04T09:44:09.121+0000] {logging_mixin.py:188} INFO - [2024-07-04T09:44:09.121+0000] {dag.py:3096} INFO - Sync 1 DAGs
[2024-07-04T09:44:09.134+0000] {logging_mixin.py:188} INFO - [2024-07-04T09:44:09.134+0000] {dag.py:3954} INFO - Setting next_dagrun for example_complex to None, run_after=None
[2024-07-04T09:44:09.157+0000] {processor.py:183} INFO - Processing /home/airflow/.local/lib/python3.12/site-packages/airflow/example_dags/example_complex.py took 0.093 seconds
[2024-07-04T09:44:39.234+0000] {processor.py:161} INFO - Started process (PID=1182) to work on /home/airflow/.local/lib/python3.12/site-packages/airflow/example_dags/example_complex.py
[2024-07-04T09:44:39.235+0000] {processor.py:830} INFO - Processing file /home/airflow/.local/lib/python3.12/site-packages/airflow/example_dags/example_complex.py for tasks to queue
[2024-07-04T09:44:39.238+0000] {logging_mixin.py:188} INFO - [2024-07-04T09:44:39.238+0000] {dagbag.py:545} INFO - Filling up the DagBag from /home/airflow/.local/lib/python3.12/site-packages/airflow/example_dags/example_complex.py
[2024-07-04T09:44:39.252+0000] {processor.py:840} INFO - DAG(s) 'example_complex' retrieved from /home/airflow/.local/lib/python3.12/site-packages/airflow/example_dags/example_complex.py
[2024-07-04T09:44:39.300+0000] {logging_mixin.py:188} INFO - [2024-07-04T09:44:39.299+0000] {dag.py:3096} INFO - Sync 1 DAGs
[2024-07-04T09:44:39.321+0000] {logging_mixin.py:188} INFO - [2024-07-04T09:44:39.320+0000] {dag.py:3954} INFO - Setting next_dagrun for example_complex to None, run_after=None
[2024-07-04T09:44:39.351+0000] {processor.py:183} INFO - Processing /home/airflow/.local/lib/python3.12/site-packages/airflow/example_dags/example_complex.py took 0.124 seconds
[2024-07-04T09:45:09.417+0000] {processor.py:161} INFO - Started process (PID=1241) to work on /home/airflow/.local/lib/python3.12/site-packages/airflow/example_dags/example_complex.py
[2024-07-04T09:45:09.418+0000] {processor.py:830} INFO - Processing file /home/airflow/.local/lib/python3.12/site-packages/airflow/example_dags/example_complex.py for tasks to queue
[2024-07-04T09:45:09.420+0000] {logging_mixin.py:188} INFO - [2024-07-04T09:45:09.420+0000] {dagbag.py:545} INFO - Filling up the DagBag from /home/airflow/.local/lib/python3.12/site-packages/airflow/example_dags/example_complex.py
[2024-07-04T09:45:09.430+0000] {processor.py:840} INFO - DAG(s) 'example_complex' retrieved from /home/airflow/.local/lib/python3.12/site-packages/airflow/example_dags/example_complex.py
[2024-07-04T09:45:09.462+0000] {logging_mixin.py:188} INFO - [2024-07-04T09:45:09.462+0000] {dag.py:3096} INFO - Sync 1 DAGs
[2024-07-04T09:45:09.476+0000] {logging_mixin.py:188} INFO - [2024-07-04T09:45:09.476+0000] {dag.py:3954} INFO - Setting next_dagrun for example_complex to None, run_after=None
[2024-07-04T09:45:09.499+0000] {processor.py:183} INFO - Processing /home/airflow/.local/lib/python3.12/site-packages/airflow/example_dags/example_complex.py took 0.089 seconds
[2024-07-04T09:45:39.938+0000] {processor.py:161} INFO - Started process (PID=1300) to work on /home/airflow/.local/lib/python3.12/site-packages/airflow/example_dags/example_complex.py
[2024-07-04T09:45:39.942+0000] {processor.py:830} INFO - Processing file /home/airflow/.local/lib/python3.12/site-packages/airflow/example_dags/example_complex.py for tasks to queue
[2024-07-04T09:45:39.945+0000] {logging_mixin.py:188} INFO - [2024-07-04T09:45:39.944+0000] {dagbag.py:545} INFO - Filling up the DagBag from /home/airflow/.local/lib/python3.12/site-packages/airflow/example_dags/example_complex.py
[2024-07-04T09:45:39.986+0000] {processor.py:840} INFO - DAG(s) 'example_complex' retrieved from /home/airflow/.local/lib/python3.12/site-packages/airflow/example_dags/example_complex.py
[2024-07-04T09:45:40.077+0000] {logging_mixin.py:188} INFO - [2024-07-04T09:45:40.077+0000] {dag.py:3096} INFO - Sync 1 DAGs
[2024-07-04T09:45:40.109+0000] {logging_mixin.py:188} INFO - [2024-07-04T09:45:40.109+0000] {dag.py:3954} INFO - Setting next_dagrun for example_complex to None, run_after=None
[2024-07-04T09:45:40.159+0000] {processor.py:183} INFO - Processing /home/airflow/.local/lib/python3.12/site-packages/airflow/example_dags/example_complex.py took 0.244 seconds
[2024-07-04T09:46:10.382+0000] {processor.py:161} INFO - Started process (PID=1359) to work on /home/airflow/.local/lib/python3.12/site-packages/airflow/example_dags/example_complex.py
[2024-07-04T09:46:10.384+0000] {processor.py:830} INFO - Processing file /home/airflow/.local/lib/python3.12/site-packages/airflow/example_dags/example_complex.py for tasks to queue
[2024-07-04T09:46:10.386+0000] {logging_mixin.py:188} INFO - [2024-07-04T09:46:10.385+0000] {dagbag.py:545} INFO - Filling up the DagBag from /home/airflow/.local/lib/python3.12/site-packages/airflow/example_dags/example_complex.py
[2024-07-04T09:46:10.395+0000] {processor.py:840} INFO - DAG(s) 'example_complex' retrieved from /home/airflow/.local/lib/python3.12/site-packages/airflow/example_dags/example_complex.py
[2024-07-04T09:46:10.427+0000] {logging_mixin.py:188} INFO - [2024-07-04T09:46:10.426+0000] {dag.py:3096} INFO - Sync 1 DAGs
[2024-07-04T09:46:10.438+0000] {logging_mixin.py:188} INFO - [2024-07-04T09:46:10.438+0000] {dag.py:3954} INFO - Setting next_dagrun for example_complex to None, run_after=None
[2024-07-04T09:46:10.459+0000] {processor.py:183} INFO - Processing /home/airflow/.local/lib/python3.12/site-packages/airflow/example_dags/example_complex.py took 0.082 seconds
[2024-07-04T09:46:40.796+0000] {processor.py:161} INFO - Started process (PID=1419) to work on /home/airflow/.local/lib/python3.12/site-packages/airflow/example_dags/example_complex.py
[2024-07-04T09:46:40.797+0000] {processor.py:830} INFO - Processing file /home/airflow/.local/lib/python3.12/site-packages/airflow/example_dags/example_complex.py for tasks to queue
[2024-07-04T09:46:40.799+0000] {logging_mixin.py:188} INFO - [2024-07-04T09:46:40.799+0000] {dagbag.py:545} INFO - Filling up the DagBag from /home/airflow/.local/lib/python3.12/site-packages/airflow/example_dags/example_complex.py
[2024-07-04T09:46:40.808+0000] {processor.py:840} INFO - DAG(s) 'example_complex' retrieved from /home/airflow/.local/lib/python3.12/site-packages/airflow/example_dags/example_complex.py
[2024-07-04T09:46:40.841+0000] {logging_mixin.py:188} INFO - [2024-07-04T09:46:40.841+0000] {dag.py:3096} INFO - Sync 1 DAGs
[2024-07-04T09:46:40.852+0000] {logging_mixin.py:188} INFO - [2024-07-04T09:46:40.852+0000] {dag.py:3954} INFO - Setting next_dagrun for example_complex to None, run_after=None
[2024-07-04T09:46:40.873+0000] {processor.py:183} INFO - Processing /home/airflow/.local/lib/python3.12/site-packages/airflow/example_dags/example_complex.py took 0.081 seconds
[2024-07-04T09:47:13.697+0000] {processor.py:161} INFO - Started process (PID=1479) to work on /home/airflow/.local/lib/python3.12/site-packages/airflow/example_dags/example_complex.py
[2024-07-04T09:47:13.711+0000] {processor.py:830} INFO - Processing file /home/airflow/.local/lib/python3.12/site-packages/airflow/example_dags/example_complex.py for tasks to queue
[2024-07-04T09:47:13.721+0000] {logging_mixin.py:188} INFO - [2024-07-04T09:47:13.720+0000] {dagbag.py:545} INFO - Filling up the DagBag from /home/airflow/.local/lib/python3.12/site-packages/airflow/example_dags/example_complex.py
[2024-07-04T09:47:13.738+0000] {processor.py:840} INFO - DAG(s) 'example_complex' retrieved from /home/airflow/.local/lib/python3.12/site-packages/airflow/example_dags/example_complex.py
[2024-07-04T09:47:13.810+0000] {logging_mixin.py:188} INFO - [2024-07-04T09:47:13.810+0000] {dag.py:3096} INFO - Sync 1 DAGs
[2024-07-04T09:47:13.837+0000] {logging_mixin.py:188} INFO - [2024-07-04T09:47:13.836+0000] {dag.py:3954} INFO - Setting next_dagrun for example_complex to None, run_after=None
[2024-07-04T09:47:14.027+0000] {processor.py:183} INFO - Processing /home/airflow/.local/lib/python3.12/site-packages/airflow/example_dags/example_complex.py took 0.336 seconds
[2024-07-04T09:47:44.410+0000] {processor.py:161} INFO - Started process (PID=1536) to work on /home/airflow/.local/lib/python3.12/site-packages/airflow/example_dags/example_complex.py
[2024-07-04T09:47:44.411+0000] {processor.py:830} INFO - Processing file /home/airflow/.local/lib/python3.12/site-packages/airflow/example_dags/example_complex.py for tasks to queue
[2024-07-04T09:47:44.413+0000] {logging_mixin.py:188} INFO - [2024-07-04T09:47:44.413+0000] {dagbag.py:545} INFO - Filling up the DagBag from /home/airflow/.local/lib/python3.12/site-packages/airflow/example_dags/example_complex.py
[2024-07-04T09:47:44.424+0000] {processor.py:840} INFO - DAG(s) 'example_complex' retrieved from /home/airflow/.local/lib/python3.12/site-packages/airflow/example_dags/example_complex.py
[2024-07-04T09:47:44.453+0000] {logging_mixin.py:188} INFO - [2024-07-04T09:47:44.453+0000] {dag.py:3096} INFO - Sync 1 DAGs
[2024-07-04T09:47:44.467+0000] {logging_mixin.py:188} INFO - [2024-07-04T09:47:44.467+0000] {dag.py:3954} INFO - Setting next_dagrun for example_complex to None, run_after=None
[2024-07-04T09:47:44.496+0000] {processor.py:183} INFO - Processing /home/airflow/.local/lib/python3.12/site-packages/airflow/example_dags/example_complex.py took 0.092 seconds
[2024-07-04T09:48:14.686+0000] {processor.py:161} INFO - Started process (PID=1596) to work on /home/airflow/.local/lib/python3.12/site-packages/airflow/example_dags/example_complex.py
[2024-07-04T09:48:14.689+0000] {processor.py:830} INFO - Processing file /home/airflow/.local/lib/python3.12/site-packages/airflow/example_dags/example_complex.py for tasks to queue
[2024-07-04T09:48:14.691+0000] {logging_mixin.py:188} INFO - [2024-07-04T09:48:14.691+0000] {dagbag.py:545} INFO - Filling up the DagBag from /home/airflow/.local/lib/python3.12/site-packages/airflow/example_dags/example_complex.py
[2024-07-04T09:48:14.704+0000] {processor.py:840} INFO - DAG(s) 'example_complex' retrieved from /home/airflow/.local/lib/python3.12/site-packages/airflow/example_dags/example_complex.py
[2024-07-04T09:48:14.809+0000] {logging_mixin.py:188} INFO - [2024-07-04T09:48:14.808+0000] {dag.py:3096} INFO - Sync 1 DAGs
[2024-07-04T09:48:14.836+0000] {logging_mixin.py:188} INFO - [2024-07-04T09:48:14.836+0000] {dag.py:3954} INFO - Setting next_dagrun for example_complex to None, run_after=None
[2024-07-04T09:48:14.883+0000] {processor.py:183} INFO - Processing /home/airflow/.local/lib/python3.12/site-packages/airflow/example_dags/example_complex.py took 0.221 seconds
[2024-07-04T09:48:45.116+0000] {processor.py:161} INFO - Started process (PID=1655) to work on /home/airflow/.local/lib/python3.12/site-packages/airflow/example_dags/example_complex.py
[2024-07-04T09:48:45.118+0000] {processor.py:830} INFO - Processing file /home/airflow/.local/lib/python3.12/site-packages/airflow/example_dags/example_complex.py for tasks to queue
[2024-07-04T09:48:45.120+0000] {logging_mixin.py:188} INFO - [2024-07-04T09:48:45.120+0000] {dagbag.py:545} INFO - Filling up the DagBag from /home/airflow/.local/lib/python3.12/site-packages/airflow/example_dags/example_complex.py
[2024-07-04T09:48:45.131+0000] {processor.py:840} INFO - DAG(s) 'example_complex' retrieved from /home/airflow/.local/lib/python3.12/site-packages/airflow/example_dags/example_complex.py
[2024-07-04T09:48:45.161+0000] {logging_mixin.py:188} INFO - [2024-07-04T09:48:45.160+0000] {dag.py:3096} INFO - Sync 1 DAGs
[2024-07-04T09:48:45.175+0000] {logging_mixin.py:188} INFO - [2024-07-04T09:48:45.174+0000] {dag.py:3954} INFO - Setting next_dagrun for example_complex to None, run_after=None
[2024-07-04T09:48:45.197+0000] {processor.py:183} INFO - Processing /home/airflow/.local/lib/python3.12/site-packages/airflow/example_dags/example_complex.py took 0.087 seconds
[2024-07-04T09:49:15.495+0000] {processor.py:161} INFO - Started process (PID=1714) to work on /home/airflow/.local/lib/python3.12/site-packages/airflow/example_dags/example_complex.py
[2024-07-04T09:49:15.497+0000] {processor.py:830} INFO - Processing file /home/airflow/.local/lib/python3.12/site-packages/airflow/example_dags/example_complex.py for tasks to queue
[2024-07-04T09:49:15.499+0000] {logging_mixin.py:188} INFO - [2024-07-04T09:49:15.498+0000] {dagbag.py:545} INFO - Filling up the DagBag from /home/airflow/.local/lib/python3.12/site-packages/airflow/example_dags/example_complex.py
[2024-07-04T09:49:15.508+0000] {processor.py:840} INFO - DAG(s) 'example_complex' retrieved from /home/airflow/.local/lib/python3.12/site-packages/airflow/example_dags/example_complex.py
[2024-07-04T09:49:15.537+0000] {logging_mixin.py:188} INFO - [2024-07-04T09:49:15.536+0000] {dag.py:3096} INFO - Sync 1 DAGs
[2024-07-04T09:49:15.550+0000] {logging_mixin.py:188} INFO - [2024-07-04T09:49:15.550+0000] {dag.py:3954} INFO - Setting next_dagrun for example_complex to None, run_after=None
[2024-07-04T09:49:15.572+0000] {processor.py:183} INFO - Processing /home/airflow/.local/lib/python3.12/site-packages/airflow/example_dags/example_complex.py took 0.082 seconds
[2024-07-04T09:49:46.439+0000] {processor.py:161} INFO - Started process (PID=1774) to work on /home/airflow/.local/lib/python3.12/site-packages/airflow/example_dags/example_complex.py
[2024-07-04T09:49:46.440+0000] {processor.py:830} INFO - Processing file /home/airflow/.local/lib/python3.12/site-packages/airflow/example_dags/example_complex.py for tasks to queue
[2024-07-04T09:49:46.442+0000] {logging_mixin.py:188} INFO - [2024-07-04T09:49:46.441+0000] {dagbag.py:545} INFO - Filling up the DagBag from /home/airflow/.local/lib/python3.12/site-packages/airflow/example_dags/example_complex.py
[2024-07-04T09:49:46.451+0000] {processor.py:840} INFO - DAG(s) 'example_complex' retrieved from /home/airflow/.local/lib/python3.12/site-packages/airflow/example_dags/example_complex.py
[2024-07-04T09:49:46.480+0000] {logging_mixin.py:188} INFO - [2024-07-04T09:49:46.480+0000] {dag.py:3096} INFO - Sync 1 DAGs
[2024-07-04T09:49:46.491+0000] {logging_mixin.py:188} INFO - [2024-07-04T09:49:46.491+0000] {dag.py:3954} INFO - Setting next_dagrun for example_complex to None, run_after=None
[2024-07-04T09:49:46.515+0000] {processor.py:183} INFO - Processing /home/airflow/.local/lib/python3.12/site-packages/airflow/example_dags/example_complex.py took 0.087 seconds
[2024-07-04T09:50:17.471+0000] {processor.py:161} INFO - Started process (PID=1833) to work on /home/airflow/.local/lib/python3.12/site-packages/airflow/example_dags/example_complex.py
[2024-07-04T09:50:17.473+0000] {processor.py:830} INFO - Processing file /home/airflow/.local/lib/python3.12/site-packages/airflow/example_dags/example_complex.py for tasks to queue
[2024-07-04T09:50:17.474+0000] {logging_mixin.py:188} INFO - [2024-07-04T09:50:17.474+0000] {dagbag.py:545} INFO - Filling up the DagBag from /home/airflow/.local/lib/python3.12/site-packages/airflow/example_dags/example_complex.py
[2024-07-04T09:50:17.484+0000] {processor.py:840} INFO - DAG(s) 'example_complex' retrieved from /home/airflow/.local/lib/python3.12/site-packages/airflow/example_dags/example_complex.py
[2024-07-04T09:50:17.515+0000] {logging_mixin.py:188} INFO - [2024-07-04T09:50:17.515+0000] {dag.py:3096} INFO - Sync 1 DAGs
[2024-07-04T09:50:17.665+0000] {logging_mixin.py:188} INFO - [2024-07-04T09:50:17.665+0000] {dag.py:3954} INFO - Setting next_dagrun for example_complex to None, run_after=None
[2024-07-04T09:50:17.684+0000] {processor.py:183} INFO - Processing /home/airflow/.local/lib/python3.12/site-packages/airflow/example_dags/example_complex.py took 0.218 seconds
[2024-07-04T09:50:48.273+0000] {processor.py:161} INFO - Started process (PID=1892) to work on /home/airflow/.local/lib/python3.12/site-packages/airflow/example_dags/example_complex.py
[2024-07-04T09:50:48.275+0000] {processor.py:830} INFO - Processing file /home/airflow/.local/lib/python3.12/site-packages/airflow/example_dags/example_complex.py for tasks to queue
[2024-07-04T09:50:48.277+0000] {logging_mixin.py:188} INFO - [2024-07-04T09:50:48.277+0000] {dagbag.py:545} INFO - Filling up the DagBag from /home/airflow/.local/lib/python3.12/site-packages/airflow/example_dags/example_complex.py
[2024-07-04T09:50:48.289+0000] {processor.py:840} INFO - DAG(s) 'example_complex' retrieved from /home/airflow/.local/lib/python3.12/site-packages/airflow/example_dags/example_complex.py
[2024-07-04T09:50:48.328+0000] {logging_mixin.py:188} INFO - [2024-07-04T09:50:48.328+0000] {dag.py:3096} INFO - Sync 1 DAGs
[2024-07-04T09:50:48.340+0000] {logging_mixin.py:188} INFO - [2024-07-04T09:50:48.340+0000] {dag.py:3954} INFO - Setting next_dagrun for example_complex to None, run_after=None
[2024-07-04T09:50:48.498+0000] {processor.py:183} INFO - Processing /home/airflow/.local/lib/python3.12/site-packages/airflow/example_dags/example_complex.py took 0.229 seconds
[2024-07-04T09:51:18.599+0000] {processor.py:161} INFO - Started process (PID=1951) to work on /home/airflow/.local/lib/python3.12/site-packages/airflow/example_dags/example_complex.py
[2024-07-04T09:51:18.600+0000] {processor.py:830} INFO - Processing file /home/airflow/.local/lib/python3.12/site-packages/airflow/example_dags/example_complex.py for tasks to queue
[2024-07-04T09:51:18.602+0000] {logging_mixin.py:188} INFO - [2024-07-04T09:51:18.602+0000] {dagbag.py:545} INFO - Filling up the DagBag from /home/airflow/.local/lib/python3.12/site-packages/airflow/example_dags/example_complex.py
[2024-07-04T09:51:18.611+0000] {processor.py:840} INFO - DAG(s) 'example_complex' retrieved from /home/airflow/.local/lib/python3.12/site-packages/airflow/example_dags/example_complex.py
[2024-07-04T09:51:18.641+0000] {logging_mixin.py:188} INFO - [2024-07-04T09:51:18.641+0000] {dag.py:3096} INFO - Sync 1 DAGs
[2024-07-04T09:51:18.654+0000] {logging_mixin.py:188} INFO - [2024-07-04T09:51:18.653+0000] {dag.py:3954} INFO - Setting next_dagrun for example_complex to None, run_after=None
[2024-07-04T09:51:18.679+0000] {processor.py:183} INFO - Processing /home/airflow/.local/lib/python3.12/site-packages/airflow/example_dags/example_complex.py took 0.085 seconds
[2024-07-04T09:51:49.564+0000] {processor.py:161} INFO - Started process (PID=2010) to work on /home/airflow/.local/lib/python3.12/site-packages/airflow/example_dags/example_complex.py
[2024-07-04T09:51:49.566+0000] {processor.py:830} INFO - Processing file /home/airflow/.local/lib/python3.12/site-packages/airflow/example_dags/example_complex.py for tasks to queue
[2024-07-04T09:51:49.570+0000] {logging_mixin.py:188} INFO - [2024-07-04T09:51:49.570+0000] {dagbag.py:545} INFO - Filling up the DagBag from /home/airflow/.local/lib/python3.12/site-packages/airflow/example_dags/example_complex.py
[2024-07-04T09:51:49.589+0000] {processor.py:840} INFO - DAG(s) 'example_complex' retrieved from /home/airflow/.local/lib/python3.12/site-packages/airflow/example_dags/example_complex.py
[2024-07-04T09:51:49.656+0000] {logging_mixin.py:188} INFO - [2024-07-04T09:51:49.656+0000] {dag.py:3096} INFO - Sync 1 DAGs
[2024-07-04T09:51:49.684+0000] {logging_mixin.py:188} INFO - [2024-07-04T09:51:49.684+0000] {dag.py:3954} INFO - Setting next_dagrun for example_complex to None, run_after=None
[2024-07-04T09:51:49.714+0000] {processor.py:183} INFO - Processing /home/airflow/.local/lib/python3.12/site-packages/airflow/example_dags/example_complex.py took 0.156 seconds
[2024-07-04T09:52:20.223+0000] {processor.py:161} INFO - Started process (PID=2070) to work on /home/airflow/.local/lib/python3.12/site-packages/airflow/example_dags/example_complex.py
[2024-07-04T09:52:20.225+0000] {processor.py:830} INFO - Processing file /home/airflow/.local/lib/python3.12/site-packages/airflow/example_dags/example_complex.py for tasks to queue
[2024-07-04T09:52:20.227+0000] {logging_mixin.py:188} INFO - [2024-07-04T09:52:20.226+0000] {dagbag.py:545} INFO - Filling up the DagBag from /home/airflow/.local/lib/python3.12/site-packages/airflow/example_dags/example_complex.py
[2024-07-04T09:52:20.235+0000] {processor.py:840} INFO - DAG(s) 'example_complex' retrieved from /home/airflow/.local/lib/python3.12/site-packages/airflow/example_dags/example_complex.py
[2024-07-04T09:52:20.279+0000] {logging_mixin.py:188} INFO - [2024-07-04T09:52:20.279+0000] {dag.py:3096} INFO - Sync 1 DAGs
[2024-07-04T09:52:20.294+0000] {logging_mixin.py:188} INFO - [2024-07-04T09:52:20.294+0000] {dag.py:3954} INFO - Setting next_dagrun for example_complex to None, run_after=None
[2024-07-04T09:52:20.314+0000] {processor.py:183} INFO - Processing /home/airflow/.local/lib/python3.12/site-packages/airflow/example_dags/example_complex.py took 0.096 seconds
[2024-07-04T09:52:50.744+0000] {processor.py:161} INFO - Started process (PID=2129) to work on /home/airflow/.local/lib/python3.12/site-packages/airflow/example_dags/example_complex.py
[2024-07-04T09:52:50.746+0000] {processor.py:830} INFO - Processing file /home/airflow/.local/lib/python3.12/site-packages/airflow/example_dags/example_complex.py for tasks to queue
[2024-07-04T09:52:50.748+0000] {logging_mixin.py:188} INFO - [2024-07-04T09:52:50.748+0000] {dagbag.py:545} INFO - Filling up the DagBag from /home/airflow/.local/lib/python3.12/site-packages/airflow/example_dags/example_complex.py
[2024-07-04T09:52:50.764+0000] {processor.py:840} INFO - DAG(s) 'example_complex' retrieved from /home/airflow/.local/lib/python3.12/site-packages/airflow/example_dags/example_complex.py
[2024-07-04T09:52:50.802+0000] {logging_mixin.py:188} INFO - [2024-07-04T09:52:50.802+0000] {dag.py:3096} INFO - Sync 1 DAGs
[2024-07-04T09:52:50.825+0000] {logging_mixin.py:188} INFO - [2024-07-04T09:52:50.825+0000] {dag.py:3954} INFO - Setting next_dagrun for example_complex to None, run_after=None
[2024-07-04T09:52:50.858+0000] {processor.py:183} INFO - Processing /home/airflow/.local/lib/python3.12/site-packages/airflow/example_dags/example_complex.py took 0.120 seconds
[2024-07-04T09:53:21.550+0000] {processor.py:161} INFO - Started process (PID=2187) to work on /home/airflow/.local/lib/python3.12/site-packages/airflow/example_dags/example_complex.py
[2024-07-04T09:53:21.551+0000] {processor.py:830} INFO - Processing file /home/airflow/.local/lib/python3.12/site-packages/airflow/example_dags/example_complex.py for tasks to queue
[2024-07-04T09:53:21.553+0000] {logging_mixin.py:188} INFO - [2024-07-04T09:53:21.553+0000] {dagbag.py:545} INFO - Filling up the DagBag from /home/airflow/.local/lib/python3.12/site-packages/airflow/example_dags/example_complex.py
[2024-07-04T09:53:21.563+0000] {processor.py:840} INFO - DAG(s) 'example_complex' retrieved from /home/airflow/.local/lib/python3.12/site-packages/airflow/example_dags/example_complex.py
[2024-07-04T09:53:21.593+0000] {logging_mixin.py:188} INFO - [2024-07-04T09:53:21.593+0000] {dag.py:3096} INFO - Sync 1 DAGs
[2024-07-04T09:53:21.605+0000] {logging_mixin.py:188} INFO - [2024-07-04T09:53:21.604+0000] {dag.py:3954} INFO - Setting next_dagrun for example_complex to None, run_after=None
[2024-07-04T09:53:21.628+0000] {processor.py:183} INFO - Processing /home/airflow/.local/lib/python3.12/site-packages/airflow/example_dags/example_complex.py took 0.084 seconds
[2024-07-04T09:53:54.152+0000] {processor.py:161} INFO - Started process (PID=2246) to work on /home/airflow/.local/lib/python3.12/site-packages/airflow/example_dags/example_complex.py
[2024-07-04T09:53:54.161+0000] {processor.py:830} INFO - Processing file /home/airflow/.local/lib/python3.12/site-packages/airflow/example_dags/example_complex.py for tasks to queue
[2024-07-04T09:53:54.164+0000] {logging_mixin.py:188} INFO - [2024-07-04T09:53:54.164+0000] {dagbag.py:545} INFO - Filling up the DagBag from /home/airflow/.local/lib/python3.12/site-packages/airflow/example_dags/example_complex.py
[2024-07-04T09:53:54.197+0000] {processor.py:840} INFO - DAG(s) 'example_complex' retrieved from /home/airflow/.local/lib/python3.12/site-packages/airflow/example_dags/example_complex.py
[2024-07-04T09:53:54.276+0000] {logging_mixin.py:188} INFO - [2024-07-04T09:53:54.276+0000] {dag.py:3096} INFO - Sync 1 DAGs
[2024-07-04T09:53:54.297+0000] {logging_mixin.py:188} INFO - [2024-07-04T09:53:54.297+0000] {dag.py:3954} INFO - Setting next_dagrun for example_complex to None, run_after=None
[2024-07-04T09:53:54.330+0000] {processor.py:183} INFO - Processing /home/airflow/.local/lib/python3.12/site-packages/airflow/example_dags/example_complex.py took 0.197 seconds
[2024-07-04T09:54:24.496+0000] {processor.py:161} INFO - Started process (PID=2304) to work on /home/airflow/.local/lib/python3.12/site-packages/airflow/example_dags/example_complex.py
[2024-07-04T09:54:24.499+0000] {processor.py:830} INFO - Processing file /home/airflow/.local/lib/python3.12/site-packages/airflow/example_dags/example_complex.py for tasks to queue
[2024-07-04T09:54:24.507+0000] {logging_mixin.py:188} INFO - [2024-07-04T09:54:24.507+0000] {dagbag.py:545} INFO - Filling up the DagBag from /home/airflow/.local/lib/python3.12/site-packages/airflow/example_dags/example_complex.py
[2024-07-04T09:54:24.518+0000] {processor.py:840} INFO - DAG(s) 'example_complex' retrieved from /home/airflow/.local/lib/python3.12/site-packages/airflow/example_dags/example_complex.py
[2024-07-04T09:54:24.562+0000] {logging_mixin.py:188} INFO - [2024-07-04T09:54:24.562+0000] {dag.py:3096} INFO - Sync 1 DAGs
[2024-07-04T09:54:24.580+0000] {logging_mixin.py:188} INFO - [2024-07-04T09:54:24.580+0000] {dag.py:3954} INFO - Setting next_dagrun for example_complex to None, run_after=None
[2024-07-04T09:54:24.607+0000] {processor.py:183} INFO - Processing /home/airflow/.local/lib/python3.12/site-packages/airflow/example_dags/example_complex.py took 0.151 seconds
[2024-07-04T09:54:55.274+0000] {processor.py:161} INFO - Started process (PID=2362) to work on /home/airflow/.local/lib/python3.12/site-packages/airflow/example_dags/example_complex.py
[2024-07-04T09:54:55.275+0000] {processor.py:830} INFO - Processing file /home/airflow/.local/lib/python3.12/site-packages/airflow/example_dags/example_complex.py for tasks to queue
[2024-07-04T09:54:55.277+0000] {logging_mixin.py:188} INFO - [2024-07-04T09:54:55.277+0000] {dagbag.py:545} INFO - Filling up the DagBag from /home/airflow/.local/lib/python3.12/site-packages/airflow/example_dags/example_complex.py
[2024-07-04T09:54:55.288+0000] {processor.py:840} INFO - DAG(s) 'example_complex' retrieved from /home/airflow/.local/lib/python3.12/site-packages/airflow/example_dags/example_complex.py
[2024-07-04T09:54:55.331+0000] {logging_mixin.py:188} INFO - [2024-07-04T09:54:55.331+0000] {dag.py:3096} INFO - Sync 1 DAGs
[2024-07-04T09:54:55.344+0000] {logging_mixin.py:188} INFO - [2024-07-04T09:54:55.344+0000] {dag.py:3954} INFO - Setting next_dagrun for example_complex to None, run_after=None
[2024-07-04T09:54:55.368+0000] {processor.py:183} INFO - Processing /home/airflow/.local/lib/python3.12/site-packages/airflow/example_dags/example_complex.py took 0.100 seconds
[2024-07-04T09:55:25.922+0000] {processor.py:161} INFO - Started process (PID=2421) to work on /home/airflow/.local/lib/python3.12/site-packages/airflow/example_dags/example_complex.py
[2024-07-04T09:55:25.924+0000] {processor.py:830} INFO - Processing file /home/airflow/.local/lib/python3.12/site-packages/airflow/example_dags/example_complex.py for tasks to queue
[2024-07-04T09:55:25.930+0000] {logging_mixin.py:188} INFO - [2024-07-04T09:55:25.928+0000] {dagbag.py:545} INFO - Filling up the DagBag from /home/airflow/.local/lib/python3.12/site-packages/airflow/example_dags/example_complex.py
[2024-07-04T09:55:25.956+0000] {processor.py:840} INFO - DAG(s) 'example_complex' retrieved from /home/airflow/.local/lib/python3.12/site-packages/airflow/example_dags/example_complex.py
[2024-07-04T09:55:26.058+0000] {logging_mixin.py:188} INFO - [2024-07-04T09:55:26.057+0000] {dag.py:3096} INFO - Sync 1 DAGs
[2024-07-04T09:55:26.097+0000] {logging_mixin.py:188} INFO - [2024-07-04T09:55:26.096+0000] {dag.py:3954} INFO - Setting next_dagrun for example_complex to None, run_after=None
[2024-07-04T09:55:26.145+0000] {processor.py:183} INFO - Processing /home/airflow/.local/lib/python3.12/site-packages/airflow/example_dags/example_complex.py took 0.252 seconds
[2024-07-04T09:55:57.094+0000] {processor.py:161} INFO - Started process (PID=2480) to work on /home/airflow/.local/lib/python3.12/site-packages/airflow/example_dags/example_complex.py
[2024-07-04T09:55:57.096+0000] {processor.py:830} INFO - Processing file /home/airflow/.local/lib/python3.12/site-packages/airflow/example_dags/example_complex.py for tasks to queue
[2024-07-04T09:55:57.098+0000] {logging_mixin.py:188} INFO - [2024-07-04T09:55:57.097+0000] {dagbag.py:545} INFO - Filling up the DagBag from /home/airflow/.local/lib/python3.12/site-packages/airflow/example_dags/example_complex.py
[2024-07-04T09:55:57.114+0000] {processor.py:840} INFO - DAG(s) 'example_complex' retrieved from /home/airflow/.local/lib/python3.12/site-packages/airflow/example_dags/example_complex.py
[2024-07-04T09:55:57.167+0000] {logging_mixin.py:188} INFO - [2024-07-04T09:55:57.166+0000] {dag.py:3096} INFO - Sync 1 DAGs
[2024-07-04T09:55:57.187+0000] {logging_mixin.py:188} INFO - [2024-07-04T09:55:57.186+0000] {dag.py:3954} INFO - Setting next_dagrun for example_complex to None, run_after=None
[2024-07-04T09:55:57.215+0000] {processor.py:183} INFO - Processing /home/airflow/.local/lib/python3.12/site-packages/airflow/example_dags/example_complex.py took 0.129 seconds
[2024-07-04T09:56:28.043+0000] {processor.py:161} INFO - Started process (PID=2539) to work on /home/airflow/.local/lib/python3.12/site-packages/airflow/example_dags/example_complex.py
[2024-07-04T09:56:28.044+0000] {processor.py:830} INFO - Processing file /home/airflow/.local/lib/python3.12/site-packages/airflow/example_dags/example_complex.py for tasks to queue
[2024-07-04T09:56:28.046+0000] {logging_mixin.py:188} INFO - [2024-07-04T09:56:28.046+0000] {dagbag.py:545} INFO - Filling up the DagBag from /home/airflow/.local/lib/python3.12/site-packages/airflow/example_dags/example_complex.py
[2024-07-04T09:56:28.060+0000] {processor.py:840} INFO - DAG(s) 'example_complex' retrieved from /home/airflow/.local/lib/python3.12/site-packages/airflow/example_dags/example_complex.py
[2024-07-04T09:56:28.102+0000] {logging_mixin.py:188} INFO - [2024-07-04T09:56:28.102+0000] {dag.py:3096} INFO - Sync 1 DAGs
[2024-07-04T09:56:28.122+0000] {logging_mixin.py:188} INFO - [2024-07-04T09:56:28.122+0000] {dag.py:3954} INFO - Setting next_dagrun for example_complex to None, run_after=None
[2024-07-04T09:56:28.153+0000] {processor.py:183} INFO - Processing /home/airflow/.local/lib/python3.12/site-packages/airflow/example_dags/example_complex.py took 0.117 seconds
[2024-07-04T09:56:58.240+0000] {processor.py:161} INFO - Started process (PID=2598) to work on /home/airflow/.local/lib/python3.12/site-packages/airflow/example_dags/example_complex.py
[2024-07-04T09:56:58.241+0000] {processor.py:830} INFO - Processing file /home/airflow/.local/lib/python3.12/site-packages/airflow/example_dags/example_complex.py for tasks to queue
[2024-07-04T09:56:58.243+0000] {logging_mixin.py:188} INFO - [2024-07-04T09:56:58.243+0000] {dagbag.py:545} INFO - Filling up the DagBag from /home/airflow/.local/lib/python3.12/site-packages/airflow/example_dags/example_complex.py
[2024-07-04T09:56:58.254+0000] {processor.py:840} INFO - DAG(s) 'example_complex' retrieved from /home/airflow/.local/lib/python3.12/site-packages/airflow/example_dags/example_complex.py
[2024-07-04T09:56:58.291+0000] {logging_mixin.py:188} INFO - [2024-07-04T09:56:58.290+0000] {dag.py:3096} INFO - Sync 1 DAGs
[2024-07-04T09:56:58.305+0000] {logging_mixin.py:188} INFO - [2024-07-04T09:56:58.304+0000] {dag.py:3954} INFO - Setting next_dagrun for example_complex to None, run_after=None
[2024-07-04T09:56:58.326+0000] {processor.py:183} INFO - Processing /home/airflow/.local/lib/python3.12/site-packages/airflow/example_dags/example_complex.py took 0.091 seconds
[2024-07-04T09:57:28.886+0000] {processor.py:161} INFO - Started process (PID=2657) to work on /home/airflow/.local/lib/python3.12/site-packages/airflow/example_dags/example_complex.py
[2024-07-04T09:57:28.888+0000] {processor.py:830} INFO - Processing file /home/airflow/.local/lib/python3.12/site-packages/airflow/example_dags/example_complex.py for tasks to queue
[2024-07-04T09:57:28.889+0000] {logging_mixin.py:188} INFO - [2024-07-04T09:57:28.889+0000] {dagbag.py:545} INFO - Filling up the DagBag from /home/airflow/.local/lib/python3.12/site-packages/airflow/example_dags/example_complex.py
[2024-07-04T09:57:28.898+0000] {processor.py:840} INFO - DAG(s) 'example_complex' retrieved from /home/airflow/.local/lib/python3.12/site-packages/airflow/example_dags/example_complex.py
[2024-07-04T09:57:28.933+0000] {logging_mixin.py:188} INFO - [2024-07-04T09:57:28.933+0000] {dag.py:3096} INFO - Sync 1 DAGs
[2024-07-04T09:57:28.946+0000] {logging_mixin.py:188} INFO - [2024-07-04T09:57:28.946+0000] {dag.py:3954} INFO - Setting next_dagrun for example_complex to None, run_after=None
[2024-07-04T09:57:28.965+0000] {processor.py:183} INFO - Processing /home/airflow/.local/lib/python3.12/site-packages/airflow/example_dags/example_complex.py took 0.084 seconds
[2024-07-04T09:57:59.500+0000] {processor.py:161} INFO - Started process (PID=2715) to work on /home/airflow/.local/lib/python3.12/site-packages/airflow/example_dags/example_complex.py
[2024-07-04T09:57:59.502+0000] {processor.py:830} INFO - Processing file /home/airflow/.local/lib/python3.12/site-packages/airflow/example_dags/example_complex.py for tasks to queue
[2024-07-04T09:57:59.504+0000] {logging_mixin.py:188} INFO - [2024-07-04T09:57:59.504+0000] {dagbag.py:545} INFO - Filling up the DagBag from /home/airflow/.local/lib/python3.12/site-packages/airflow/example_dags/example_complex.py
[2024-07-04T09:57:59.518+0000] {processor.py:840} INFO - DAG(s) 'example_complex' retrieved from /home/airflow/.local/lib/python3.12/site-packages/airflow/example_dags/example_complex.py
[2024-07-04T09:57:59.560+0000] {logging_mixin.py:188} INFO - [2024-07-04T09:57:59.559+0000] {dag.py:3096} INFO - Sync 1 DAGs
[2024-07-04T09:57:59.576+0000] {logging_mixin.py:188} INFO - [2024-07-04T09:57:59.575+0000] {dag.py:3954} INFO - Setting next_dagrun for example_complex to None, run_after=None
[2024-07-04T09:57:59.604+0000] {processor.py:183} INFO - Processing /home/airflow/.local/lib/python3.12/site-packages/airflow/example_dags/example_complex.py took 0.111 seconds
[2024-07-04T09:58:29.679+0000] {processor.py:161} INFO - Started process (PID=2774) to work on /home/airflow/.local/lib/python3.12/site-packages/airflow/example_dags/example_complex.py
[2024-07-04T09:58:29.680+0000] {processor.py:830} INFO - Processing file /home/airflow/.local/lib/python3.12/site-packages/airflow/example_dags/example_complex.py for tasks to queue
[2024-07-04T09:58:29.683+0000] {logging_mixin.py:188} INFO - [2024-07-04T09:58:29.682+0000] {dagbag.py:545} INFO - Filling up the DagBag from /home/airflow/.local/lib/python3.12/site-packages/airflow/example_dags/example_complex.py
[2024-07-04T09:58:29.692+0000] {processor.py:840} INFO - DAG(s) 'example_complex' retrieved from /home/airflow/.local/lib/python3.12/site-packages/airflow/example_dags/example_complex.py
[2024-07-04T09:58:29.721+0000] {logging_mixin.py:188} INFO - [2024-07-04T09:58:29.721+0000] {dag.py:3096} INFO - Sync 1 DAGs
[2024-07-04T09:58:29.733+0000] {logging_mixin.py:188} INFO - [2024-07-04T09:58:29.733+0000] {dag.py:3954} INFO - Setting next_dagrun for example_complex to None, run_after=None
[2024-07-04T09:58:29.756+0000] {processor.py:183} INFO - Processing /home/airflow/.local/lib/python3.12/site-packages/airflow/example_dags/example_complex.py took 0.083 seconds
[2024-07-04T09:58:59.863+0000] {processor.py:161} INFO - Started process (PID=2834) to work on /home/airflow/.local/lib/python3.12/site-packages/airflow/example_dags/example_complex.py
[2024-07-04T09:58:59.865+0000] {processor.py:830} INFO - Processing file /home/airflow/.local/lib/python3.12/site-packages/airflow/example_dags/example_complex.py for tasks to queue
[2024-07-04T09:58:59.870+0000] {logging_mixin.py:188} INFO - [2024-07-04T09:58:59.870+0000] {dagbag.py:545} INFO - Filling up the DagBag from /home/airflow/.local/lib/python3.12/site-packages/airflow/example_dags/example_complex.py
[2024-07-04T09:58:59.883+0000] {processor.py:840} INFO - DAG(s) 'example_complex' retrieved from /home/airflow/.local/lib/python3.12/site-packages/airflow/example_dags/example_complex.py
[2024-07-04T09:58:59.917+0000] {logging_mixin.py:188} INFO - [2024-07-04T09:58:59.917+0000] {dag.py:3096} INFO - Sync 1 DAGs
[2024-07-04T09:58:59.931+0000] {logging_mixin.py:188} INFO - [2024-07-04T09:58:59.930+0000] {dag.py:3954} INFO - Setting next_dagrun for example_complex to None, run_after=None
[2024-07-04T09:58:59.953+0000] {processor.py:183} INFO - Processing /home/airflow/.local/lib/python3.12/site-packages/airflow/example_dags/example_complex.py took 0.096 seconds
[2024-07-04T09:59:38.185+0000] {processor.py:161} INFO - Started process (PID=2893) to work on /home/airflow/.local/lib/python3.12/site-packages/airflow/example_dags/example_complex.py
[2024-07-04T09:59:38.191+0000] {processor.py:830} INFO - Processing file /home/airflow/.local/lib/python3.12/site-packages/airflow/example_dags/example_complex.py for tasks to queue
[2024-07-04T09:59:38.210+0000] {logging_mixin.py:188} INFO - [2024-07-04T09:59:38.208+0000] {dagbag.py:545} INFO - Filling up the DagBag from /home/airflow/.local/lib/python3.12/site-packages/airflow/example_dags/example_complex.py
[2024-07-04T09:59:38.323+0000] {processor.py:840} INFO - DAG(s) 'example_complex' retrieved from /home/airflow/.local/lib/python3.12/site-packages/airflow/example_dags/example_complex.py
[2024-07-04T09:59:39.518+0000] {logging_mixin.py:188} INFO - [2024-07-04T09:59:39.518+0000] {dag.py:3096} INFO - Sync 1 DAGs
[2024-07-04T09:59:39.566+0000] {logging_mixin.py:188} INFO - [2024-07-04T09:59:39.566+0000] {dag.py:3954} INFO - Setting next_dagrun for example_complex to None, run_after=None
[2024-07-04T09:59:39.758+0000] {processor.py:183} INFO - Processing /home/airflow/.local/lib/python3.12/site-packages/airflow/example_dags/example_complex.py took 1.626 seconds
[2024-07-04T10:00:10.647+0000] {processor.py:161} INFO - Started process (PID=2952) to work on /home/airflow/.local/lib/python3.12/site-packages/airflow/example_dags/example_complex.py
[2024-07-04T10:00:10.649+0000] {processor.py:830} INFO - Processing file /home/airflow/.local/lib/python3.12/site-packages/airflow/example_dags/example_complex.py for tasks to queue
[2024-07-04T10:00:10.653+0000] {logging_mixin.py:188} INFO - [2024-07-04T10:00:10.652+0000] {dagbag.py:545} INFO - Filling up the DagBag from /home/airflow/.local/lib/python3.12/site-packages/airflow/example_dags/example_complex.py
[2024-07-04T10:00:10.711+0000] {processor.py:840} INFO - DAG(s) 'example_complex' retrieved from /home/airflow/.local/lib/python3.12/site-packages/airflow/example_dags/example_complex.py
[2024-07-04T10:00:10.846+0000] {logging_mixin.py:188} INFO - [2024-07-04T10:00:10.844+0000] {dag.py:3096} INFO - Sync 1 DAGs
[2024-07-04T10:00:10.890+0000] {logging_mixin.py:188} INFO - [2024-07-04T10:00:10.890+0000] {dag.py:3954} INFO - Setting next_dagrun for example_complex to None, run_after=None
[2024-07-04T10:00:10.992+0000] {processor.py:183} INFO - Processing /home/airflow/.local/lib/python3.12/site-packages/airflow/example_dags/example_complex.py took 0.352 seconds
[2024-07-04T10:00:41.295+0000] {processor.py:161} INFO - Started process (PID=3011) to work on /home/airflow/.local/lib/python3.12/site-packages/airflow/example_dags/example_complex.py
[2024-07-04T10:00:41.297+0000] {processor.py:830} INFO - Processing file /home/airflow/.local/lib/python3.12/site-packages/airflow/example_dags/example_complex.py for tasks to queue
[2024-07-04T10:00:41.298+0000] {logging_mixin.py:188} INFO - [2024-07-04T10:00:41.298+0000] {dagbag.py:545} INFO - Filling up the DagBag from /home/airflow/.local/lib/python3.12/site-packages/airflow/example_dags/example_complex.py
[2024-07-04T10:00:41.314+0000] {processor.py:840} INFO - DAG(s) 'example_complex' retrieved from /home/airflow/.local/lib/python3.12/site-packages/airflow/example_dags/example_complex.py
[2024-07-04T10:00:41.355+0000] {logging_mixin.py:188} INFO - [2024-07-04T10:00:41.355+0000] {dag.py:3096} INFO - Sync 1 DAGs
[2024-07-04T10:00:41.371+0000] {logging_mixin.py:188} INFO - [2024-07-04T10:00:41.370+0000] {dag.py:3954} INFO - Setting next_dagrun for example_complex to None, run_after=None
[2024-07-04T10:00:41.395+0000] {processor.py:183} INFO - Processing /home/airflow/.local/lib/python3.12/site-packages/airflow/example_dags/example_complex.py took 0.105 seconds
[2024-07-04T10:01:11.737+0000] {processor.py:161} INFO - Started process (PID=3072) to work on /home/airflow/.local/lib/python3.12/site-packages/airflow/example_dags/example_complex.py
[2024-07-04T10:01:11.739+0000] {processor.py:830} INFO - Processing file /home/airflow/.local/lib/python3.12/site-packages/airflow/example_dags/example_complex.py for tasks to queue
[2024-07-04T10:01:11.742+0000] {logging_mixin.py:188} INFO - [2024-07-04T10:01:11.742+0000] {dagbag.py:545} INFO - Filling up the DagBag from /home/airflow/.local/lib/python3.12/site-packages/airflow/example_dags/example_complex.py
[2024-07-04T10:01:11.756+0000] {processor.py:840} INFO - DAG(s) 'example_complex' retrieved from /home/airflow/.local/lib/python3.12/site-packages/airflow/example_dags/example_complex.py
[2024-07-04T10:01:11.797+0000] {logging_mixin.py:188} INFO - [2024-07-04T10:01:11.796+0000] {dag.py:3096} INFO - Sync 1 DAGs
[2024-07-04T10:01:11.811+0000] {logging_mixin.py:188} INFO - [2024-07-04T10:01:11.811+0000] {dag.py:3954} INFO - Setting next_dagrun for example_complex to None, run_after=None
[2024-07-04T10:01:11.837+0000] {processor.py:183} INFO - Processing /home/airflow/.local/lib/python3.12/site-packages/airflow/example_dags/example_complex.py took 0.106 seconds
[2024-07-04T10:01:42.055+0000] {processor.py:161} INFO - Started process (PID=3131) to work on /home/airflow/.local/lib/python3.12/site-packages/airflow/example_dags/example_complex.py
[2024-07-04T10:01:42.056+0000] {processor.py:830} INFO - Processing file /home/airflow/.local/lib/python3.12/site-packages/airflow/example_dags/example_complex.py for tasks to queue
[2024-07-04T10:01:42.059+0000] {logging_mixin.py:188} INFO - [2024-07-04T10:01:42.058+0000] {dagbag.py:545} INFO - Filling up the DagBag from /home/airflow/.local/lib/python3.12/site-packages/airflow/example_dags/example_complex.py
[2024-07-04T10:01:42.073+0000] {processor.py:840} INFO - DAG(s) 'example_complex' retrieved from /home/airflow/.local/lib/python3.12/site-packages/airflow/example_dags/example_complex.py
[2024-07-04T10:01:42.140+0000] {logging_mixin.py:188} INFO - [2024-07-04T10:01:42.140+0000] {dag.py:3096} INFO - Sync 1 DAGs
[2024-07-04T10:01:42.160+0000] {logging_mixin.py:188} INFO - [2024-07-04T10:01:42.159+0000] {dag.py:3954} INFO - Setting next_dagrun for example_complex to None, run_after=None
[2024-07-04T10:01:42.190+0000] {processor.py:183} INFO - Processing /home/airflow/.local/lib/python3.12/site-packages/airflow/example_dags/example_complex.py took 0.143 seconds
[2024-07-04T10:02:12.413+0000] {processor.py:161} INFO - Started process (PID=3191) to work on /home/airflow/.local/lib/python3.12/site-packages/airflow/example_dags/example_complex.py
[2024-07-04T10:02:12.414+0000] {processor.py:830} INFO - Processing file /home/airflow/.local/lib/python3.12/site-packages/airflow/example_dags/example_complex.py for tasks to queue
[2024-07-04T10:02:12.417+0000] {logging_mixin.py:188} INFO - [2024-07-04T10:02:12.417+0000] {dagbag.py:545} INFO - Filling up the DagBag from /home/airflow/.local/lib/python3.12/site-packages/airflow/example_dags/example_complex.py
[2024-07-04T10:02:12.430+0000] {processor.py:840} INFO - DAG(s) 'example_complex' retrieved from /home/airflow/.local/lib/python3.12/site-packages/airflow/example_dags/example_complex.py
[2024-07-04T10:02:12.483+0000] {logging_mixin.py:188} INFO - [2024-07-04T10:02:12.482+0000] {dag.py:3096} INFO - Sync 1 DAGs
[2024-07-04T10:02:12.507+0000] {logging_mixin.py:188} INFO - [2024-07-04T10:02:12.507+0000] {dag.py:3954} INFO - Setting next_dagrun for example_complex to None, run_after=None
[2024-07-04T10:02:12.561+0000] {processor.py:183} INFO - Processing /home/airflow/.local/lib/python3.12/site-packages/airflow/example_dags/example_complex.py took 0.155 seconds
[2024-07-04T10:02:42.703+0000] {processor.py:161} INFO - Started process (PID=3250) to work on /home/airflow/.local/lib/python3.12/site-packages/airflow/example_dags/example_complex.py
[2024-07-04T10:02:42.704+0000] {processor.py:830} INFO - Processing file /home/airflow/.local/lib/python3.12/site-packages/airflow/example_dags/example_complex.py for tasks to queue
[2024-07-04T10:02:42.706+0000] {logging_mixin.py:188} INFO - [2024-07-04T10:02:42.706+0000] {dagbag.py:545} INFO - Filling up the DagBag from /home/airflow/.local/lib/python3.12/site-packages/airflow/example_dags/example_complex.py
[2024-07-04T10:02:42.716+0000] {processor.py:840} INFO - DAG(s) 'example_complex' retrieved from /home/airflow/.local/lib/python3.12/site-packages/airflow/example_dags/example_complex.py
[2024-07-04T10:02:42.752+0000] {logging_mixin.py:188} INFO - [2024-07-04T10:02:42.752+0000] {dag.py:3096} INFO - Sync 1 DAGs
[2024-07-04T10:02:42.765+0000] {logging_mixin.py:188} INFO - [2024-07-04T10:02:42.764+0000] {dag.py:3954} INFO - Setting next_dagrun for example_complex to None, run_after=None
[2024-07-04T10:02:42.785+0000] {processor.py:183} INFO - Processing /home/airflow/.local/lib/python3.12/site-packages/airflow/example_dags/example_complex.py took 0.091 seconds
[2024-07-04T10:03:13.558+0000] {processor.py:161} INFO - Started process (PID=3310) to work on /home/airflow/.local/lib/python3.12/site-packages/airflow/example_dags/example_complex.py
[2024-07-04T10:03:13.560+0000] {processor.py:830} INFO - Processing file /home/airflow/.local/lib/python3.12/site-packages/airflow/example_dags/example_complex.py for tasks to queue
[2024-07-04T10:03:13.562+0000] {logging_mixin.py:188} INFO - [2024-07-04T10:03:13.561+0000] {dagbag.py:545} INFO - Filling up the DagBag from /home/airflow/.local/lib/python3.12/site-packages/airflow/example_dags/example_complex.py
[2024-07-04T10:03:13.574+0000] {processor.py:840} INFO - DAG(s) 'example_complex' retrieved from /home/airflow/.local/lib/python3.12/site-packages/airflow/example_dags/example_complex.py
[2024-07-04T10:03:13.619+0000] {logging_mixin.py:188} INFO - [2024-07-04T10:03:13.619+0000] {dag.py:3096} INFO - Sync 1 DAGs
[2024-07-04T10:03:13.636+0000] {logging_mixin.py:188} INFO - [2024-07-04T10:03:13.636+0000] {dag.py:3954} INFO - Setting next_dagrun for example_complex to None, run_after=None
[2024-07-04T10:03:13.658+0000] {processor.py:183} INFO - Processing /home/airflow/.local/lib/python3.12/site-packages/airflow/example_dags/example_complex.py took 0.106 seconds
[2024-07-04T10:03:44.183+0000] {processor.py:161} INFO - Started process (PID=3369) to work on /home/airflow/.local/lib/python3.12/site-packages/airflow/example_dags/example_complex.py
[2024-07-04T10:03:44.185+0000] {processor.py:830} INFO - Processing file /home/airflow/.local/lib/python3.12/site-packages/airflow/example_dags/example_complex.py for tasks to queue
[2024-07-04T10:03:44.187+0000] {logging_mixin.py:188} INFO - [2024-07-04T10:03:44.187+0000] {dagbag.py:545} INFO - Filling up the DagBag from /home/airflow/.local/lib/python3.12/site-packages/airflow/example_dags/example_complex.py
[2024-07-04T10:03:44.202+0000] {processor.py:840} INFO - DAG(s) 'example_complex' retrieved from /home/airflow/.local/lib/python3.12/site-packages/airflow/example_dags/example_complex.py
[2024-07-04T10:03:44.248+0000] {logging_mixin.py:188} INFO - [2024-07-04T10:03:44.247+0000] {dag.py:3096} INFO - Sync 1 DAGs
[2024-07-04T10:03:44.272+0000] {logging_mixin.py:188} INFO - [2024-07-04T10:03:44.271+0000] {dag.py:3954} INFO - Setting next_dagrun for example_complex to None, run_after=None
[2024-07-04T10:03:44.304+0000] {processor.py:183} INFO - Processing /home/airflow/.local/lib/python3.12/site-packages/airflow/example_dags/example_complex.py took 0.131 seconds
